#
# A fatal error has been detected by the Java Runtime Environment:
#
#  EXCEPTION_ACCESS_VIOLATION (0xc0000005) at pc=0x00007ffda8bf68a7, pid=17420, tid=20792
#
# JRE version: OpenJDK Runtime Environment Temurin-17.0.15+6 (17.0.15+6) (build 17.0.15+6)
# Java VM: OpenJDK 64-Bit Server VM Temurin-17.0.15+6 (17.0.15+6, mixed mode, sharing, tiered, compressed oops, compressed class ptrs, g1 gc, windows-amd64)
# Problematic frame:
# C  [glass.dll+0x268a7]
#
# No core dump will be written. Minidumps are not enabled by default on client versions of Windows
#
# If you would like to submit a bug report, please visit:
#   https://github.com/adoptium/adoptium-support/issues
#

---------------  S U M M A R Y ------------

Command Line: --module-path=C:\Program Files\JavaFX\javafx-sdk-17.0.15\lib --add-modules=javafx.controls,javafx.fxml,javafx.graphics,javafx.base -javaagent:C:\Program Files\JetBrains\IntelliJ IDEA 2024.2.0.2\lib\idea_rt.jar=63317:C:\Program Files\JetBrains\IntelliJ IDEA 2024.2.0.2\bin -Dfile.encoding=UTF-8 professionalpractice.ProfessionalPractices

Host: 11th Gen Intel(R) Core(TM) i5-1135G7 @ 2.40GHz, 8 cores, 7G,  Windows 11 , 64 bit Build 26100 (10.0.26100.4202)
Time: Thu Jun 19 14:57:29 2025 Hora estándar central (México) elapsed time: 92.816831 seconds (0d 0h 1m 32s)

---------------  T H R E A D  ---------------

Current thread (0x00000130ecca9ff0):  VMThread "VM Thread" [stack: 0x0000001bacd00000,0x0000001bace00000] [id=20792]

Stack: [0x0000001bacd00000,0x0000001bace00000],  sp=0x0000001bacdff130,  free space=1020k
Native frames: (J=compiled Java code, j=interpreted, Vv=VM code, C=native code)
C  [glass.dll+0x268a7]


siginfo: EXCEPTION_ACCESS_VIOLATION (0xc0000005), reading address 0x0000000000000000


Registers:
RAX=0x0000000000000000, RBX=0x00000130eccc1018, RCX=0x00000130ecca9ff0, RDX=0x0000001bacdff130
RSP=0x0000001bacdff130, RBP=0x0000b2763a859edb, RSI=0x00000130f1ab55d8, RDI=0x00000130f1ab55b0
R8 =0x0000000000010002, R9 =0x0000b2763a859edb, R10=0x00000130cc630000, R11=0x0000001bacdfefe0
R12=0x00007ffda8bd0000, R13=0x000000007ffe0385, R14=0x0000001bacdff238, R15=0x00000130f1ab55b0
RIP=0x00007ffda8bf68a7, EFLAGS=0x0000000000010206

XMM[0]=0x0000000000000000 0x0000000000000000
XMM[1]=0x0000000000000000 0x0000001bacdfdd90
XMM[2]=0x0000000000000000 0x0000000000000000
XMM[3]=0x0000000000000000 0x0000000000000000
XMM[4]=0x0000000000000000 0x0000000000000000
XMM[5]=0x0000000000000000 0x0000000000000000
XMM[6]=0x0000000000000000 0x404e000000000000
XMM[7]=0x0000000000000000 0x0000000000000000
XMM[8]=0x0000000000000000 0x0000000000000000
XMM[9]=0x0000000000000000 0x0000000000000000
XMM[10]=0x0000000000000000 0x0000000000000000
XMM[11]=0x0000000000000000 0x0000000000000000
XMM[12]=0x0000000000000000 0x0000000000000000
XMM[13]=0x0000000000000000 0x0000000000000000
XMM[14]=0x0000000000000000 0x0000000000000000
XMM[15]=0x0000000000000000 0x0000000000000000
  MXCSR=0x00001fa3


Register to memory mapping:

RIP=0x00007ffda8bf68a7 glass.dll
RAX=0x0 is NULL
RBX=0x00000130eccc1018 is a global jni handle
RCX=0x00000130ecca9ff0 points into unknown readable memory: 0x00007ffd52de2bb8 | b8 2b de 52 fd 7f 00 00
RDX=0x0000001bacdff130 points into unknown readable memory: 0x0000000000000000 | 00 00 00 00 00 00 00 00
RSP=0x0000001bacdff130 points into unknown readable memory: 0x0000000000000000 | 00 00 00 00 00 00 00 00
RBP=0x0000b2763a859edb is an unknown value
RSI=0x00000130f1ab55d8 points into unknown readable memory: 0x0000b2763a859edb | db 9e 85 3a 76 b2 00 00
RDI=0x00000130f1ab55b0 points into unknown readable memory: 0xed454b9e7a859d24 | 24 9d 85 7a 9e 4b 45 ed
R8 =0x0000000000010002 is an unknown value
R9 =0x0000b2763a859edb is an unknown value
R10=0x00000130cc630000 points into unknown readable memory: 0x0000000000000000 | 00 00 00 00 00 00 00 00
R11=0x0000001bacdfefe0 points into unknown readable memory: 0x0000000000000000 | 00 00 00 00 00 00 00 00
R12=0x00007ffda8bd0000 glass.dll
R13=0x000000007ffe0385 points into unknown readable memory: 00 00 00
R14=0x0000001bacdff238 points into unknown readable memory: 0x0000001bacdff220 | 20 f2 df ac 1b 00 00 00
R15=0x00000130f1ab55b0 points into unknown readable memory: 0xed454b9e7a859d24 | 24 9d 85 7a 9e 4b 45 ed


Top of Stack: (sp=0x0000001bacdff130)
0x0000001bacdff130:   0000000000000000 0000013000000000
0x0000001bacdff140:   00000130f1e547f0 00007ffda8bd0000
0x0000001bacdff150:   00000130f1ab55b8 00007ffde00abc75
0x0000001bacdff160:   00000130f1ab55b0 0000013000000000
0x0000001bacdff170:   00000130f1ab55d0 0000b2763a859edb
0x0000001bacdff180:   fffffffffffffffe 00007ffddfcc96ab
0x0000001bacdff190:   0000000000000000 00007ffda8bd0000
0x0000001bacdff1a0:   0000001bacdff228 00007ffde00ab897
0x0000001bacdff1b0:   0000001bacdff200 0000001bacdff238
0x0000001bacdff1c0:   0000001bacdff760 00007ffde01988c0
0x0000001bacdff1d0:   0000000000000001 00007ffde00ab84d
0x0000001bacdff1e0:   0000000000000000 0000000000000001
0x0000001bacdff1f0:   0000000000000000 0000001bacdff228
0x0000001bacdff200:   fffffffffffffffe 0000001bacdff700
0x0000001bacdff210:   0000000000000000 00007ffda8bf407d
0x0000001bacdff220:   00007ffda8c0a008 00007ffd00000002
0x0000001bacdff230:   0000000000000002 0000001bacdff220
0x0000001bacdff240:   0000000000000000 00007ffdde2e908d
0x0000001bacdff250:   0000000000000000 00007ffda8bf41a2
0x0000001bacdff260:   0000000000000001 000000007ffe0384
0x0000001bacdff270:   0000000000000001 0000000000000001
0x0000001bacdff280:   000000007ffe0384 00007ffddf0f277e
0x0000001bacdff290:   0000000000000001 000000000000008d
0x0000001bacdff2a0:   00007ffda8bf41f0 0000000000000001
0x0000001bacdff2b0:   0000000000000001 00007ffde2a12983
0x0000001bacdff2c0:   00007ffda8bd0000 0000000000000000
0x0000001bacdff2d0:   0000000000000001 000000007ffe0384
0x0000001bacdff2e0:   000000000000005e 0000000000000000
0x0000001bacdff2f0:   0000000000000000 0000000000000000
0x0000001bacdff300:   00007ffda8bd0000 fffffd8500000000
0x0000001bacdff310:   000000000000008b 0000000000000000
0x0000001bacdff320:   0000000000000000 00000130cca067b0 

Instructions: (pc=0x00007ffda8bf68a7)
0x00007ffda8bf67a7:   8b 4d 58 e8 8d cf ff ff 48 8b 4d 60 e8 84 cf ff
0x00007ffda8bf67b7:   ff 48 8b 95 80 00 00 00 48 8b 8d 18 01 00 00 e8
0x00007ffda8bf67c7:   76 c4 ff ff 33 d2 33 c9 e8 cc e1 ff ff 90 48 89
0x00007ffda8bf67d7:   54 24 10 55 48 83 ec 20 48 8b ea 48 b8 00 00 00
0x00007ffda8bf67e7:   00 00 00 00 00 48 83 c4 20 5d c3 cc 40 55 48 8b
0x00007ffda8bf67f7:   ea 48 8b 01 33 c9 81 38 05 00 00 c0 0f 94 c1 8b
0x00007ffda8bf6807:   c1 5d c3 cc 40 55 48 83 ec 20 48 8b ea 8a 4d 40
0x00007ffda8bf6817:   48 83 c4 20 5d e9 73 d3 ff ff cc 40 55 48 83 ec
0x00007ffda8bf6827:   20 48 8b ea 8a 4d 20 e8 61 d3 ff ff 90 48 83 c4
0x00007ffda8bf6837:   20 5d c3 cc 40 55 48 83 ec 20 48 8b ea 48 83 c4
0x00007ffda8bf6847:   20 5d e9 c2 d1 ff ff cc 40 55 48 83 ec 30 48 8b
0x00007ffda8bf6857:   ea 48 8b 01 8b 10 48 89 4c 24 28 89 54 24 20 4c
0x00007ffda8bf6867:   8d 0d 63 d6 ff ff 4c 8b 45 70 8b 55 68 48 8b 4d
0x00007ffda8bf6877:   60 e8 03 d1 ff ff 90 48 83 c4 30 5d c3 cc cc cc
0x00007ffda8bf6887:   cc cc cc cc cc cc cc cc cc 40 53 48 83 ec 20 48
0x00007ffda8bf6897:   8b 1d 6b 31 01 00 48 85 db 74 16 e8 89 8b ff ff
0x00007ffda8bf68a7:   4c 8b 00 48 8b d3 48 8b c8 41 ff 90 b0 00 00 00
0x00007ffda8bf68b7:   90 48 83 c4 20 5b c3 cc cc 40 53 48 83 ec 20 48
0x00007ffda8bf68c7:   8b 1d db 32 01 00 48 85 db 74 57 b8 ff ff ff ff
0x00007ffda8bf68d7:   f0 0f c1 43 10 83 f8 01 75 3d 48 85 db 74 38 48
0x00007ffda8bf68e7:   8b 0b 48 85 c9 74 0d ff 15 b4 09 00 00 48 c7 03
0x00007ffda8bf68f7:   00 00 00 00 48 8b 4b 08 48 85 c9 74 0d e8 33 ce
0x00007ffda8bf6907:   ff ff 48 c7 43 08 00 00 00 00 ba 18 00 00 00 48
0x00007ffda8bf6917:   8b cb e8 1e ce ff ff 48 c7 05 7f 32 01 00 00 00
0x00007ffda8bf6927:   00 00 48 83 c4 20 5b c3 cc 40 53 48 83 ec 20 48
0x00007ffda8bf6937:   8b 1d 4b 32 01 00 48 85 db 74 57 b8 ff ff ff ff
0x00007ffda8bf6947:   f0 0f c1 43 10 83 f8 01 75 3d 48 85 db 74 38 48
0x00007ffda8bf6957:   8b 0b 48 85 c9 74 0d ff 15 44 09 00 00 48 c7 03
0x00007ffda8bf6967:   00 00 00 00 48 8b 4b 08 48 85 c9 74 0d e8 c3 cd
0x00007ffda8bf6977:   ff ff 48 c7 43 08 00 00 00 00 ba 18 00 00 00 48
0x00007ffda8bf6987:   8b cb e8 ae cd ff ff 48 c7 05 ef 31 01 00 00 00
0x00007ffda8bf6997:   00 00 48 83 c4 20 5b c3 cc 40 53 48 83 ec 20 48 


Stack slot to memory mapping:
stack at sp + 0 slots: 0x0 is NULL
stack at sp + 1 slots: 0x0000013000000000 is an unknown value
stack at sp + 2 slots: 0x00000130f1e547f0 points into unknown readable memory: 0x00000130f23f23e0 | e0 23 3f f2 30 01 00 00
stack at sp + 3 slots: 0x00007ffda8bd0000 glass.dll
stack at sp + 4 slots: 0x00000130f1ab55b8 points into unknown readable memory: 0x0000b2763a859edb | db 9e 85 3a 76 b2 00 00
stack at sp + 5 slots: 0x00007ffde00abc75 ucrtbase.dll
stack at sp + 6 slots: 0x00000130f1ab55b0 points into unknown readable memory: 0xed454b9e7a859d24 | 24 9d 85 7a 9e 4b 45 ed
stack at sp + 7 slots: 0x0000013000000000 is an unknown value

VM_Operation (0x0000001bac4ff510): Exit, mode: safepoint, requested by thread 0x00000130f1629610


---------------  P R O C E S S  ---------------

Threads class SMR info:
_java_thread_list=0x00000130f26ffd20, length=22, elements={
0x00000130ce1f8240, 0x00000130eccb24b0, 0x00000130eccb3be0, 0x00000130eccc8e80,
0x00000130ecccb950, 0x00000130ecccce80, 0x00000130eccce3b0, 0x00000130eccd0830,
0x00000130eccd9e60, 0x00000130ecce0170, 0x00000130f10c2280, 0x00000130f157ea90,
0x00000130f160fff0, 0x00000130f1c86610, 0x00000130f27349e0, 0x00000130f16b32e0,
0x00000130f24af850, 0x00000130f162b980, 0x00000130f1629b20, 0x00000130f162af60,
0x00000130f162b470, 0x00000130f1629610
}

Java Threads: ( => current thread )
  0x00000130ce1f8240 JavaThread "main" [_thread_blocked, id=2968, stack(0x0000001bac700000,0x0000001bac800000)]
  0x00000130eccb24b0 JavaThread "Reference Handler" daemon [_thread_blocked, id=5564, stack(0x0000001bace00000,0x0000001bacf00000)]
  0x00000130eccb3be0 JavaThread "Finalizer" daemon [_thread_blocked, id=13112, stack(0x0000001bacf00000,0x0000001bad000000)]
  0x00000130eccc8e80 JavaThread "Signal Dispatcher" daemon [_thread_blocked, id=26700, stack(0x0000001bad000000,0x0000001bad100000)]
  0x00000130ecccb950 JavaThread "Attach Listener" daemon [_thread_blocked, id=10704, stack(0x0000001bad100000,0x0000001bad200000)]
  0x00000130ecccce80 JavaThread "Service Thread" daemon [_thread_blocked, id=24864, stack(0x0000001bad200000,0x0000001bad300000)]
  0x00000130eccce3b0 JavaThread "Monitor Deflation Thread" daemon [_thread_blocked, id=23804, stack(0x0000001bad300000,0x0000001bad400000)]
  0x00000130eccd0830 JavaThread "C2 CompilerThread0" daemon [_thread_blocked, id=14448, stack(0x0000001bad400000,0x0000001bad500000)]
  0x00000130eccd9e60 JavaThread "C1 CompilerThread0" daemon [_thread_blocked, id=25944, stack(0x0000001bad500000,0x0000001bad600000)]
  0x00000130ecce0170 JavaThread "Sweeper thread" daemon [_thread_blocked, id=21164, stack(0x0000001bad600000,0x0000001bad700000)]
  0x00000130f10c2280 JavaThread "Common-Cleaner" daemon [_thread_blocked, id=18100, stack(0x0000001bad700000,0x0000001bad800000)]
  0x00000130f157ea90 JavaThread "Monitor Ctrl-Break" daemon [_thread_in_native, id=27264, stack(0x0000001bada00000,0x0000001badb00000)]
  0x00000130f160fff0 JavaThread "Notification Thread" daemon [_thread_blocked, id=18760, stack(0x0000001badb00000,0x0000001badc00000)]
  0x00000130f1c86610 JavaThread "QuantumRenderer-0" daemon [_thread_blocked, id=4144, stack(0x0000001badd00000,0x0000001bade00000)]
  0x00000130f27349e0 JavaThread "InvokeLaterDispatcher" daemon [_thread_blocked, id=5920, stack(0x0000001bade00000,0x0000001badf00000)]
  0x00000130f16b32e0 JavaThread "JavaFX Application Thread" [_thread_in_native, id=13848, stack(0x0000001badf00000,0x0000001bae000000)]
  0x00000130f24af850 JavaThread "JavaFX-Launcher" [_thread_blocked, id=11848, stack(0x0000001bae400000,0x0000001bae500000)]
  0x00000130f162b980 JavaThread "Thread-2" daemon [_thread_in_native, id=4584, stack(0x0000001bae300000,0x0000001bae400000)]
  0x00000130f1629b20 JavaThread "Prism Font Disposer" daemon [_thread_blocked, id=4320, stack(0x0000001baed00000,0x0000001baee00000)]
  0x00000130f162af60 JavaThread "Cleaner-0" daemon [_thread_blocked, id=4040, stack(0x0000001baef00000,0x0000001baf000000)]
  0x00000130f162b470 JavaThread "mysql-cj-abandoned-connection-cleanup" daemon [_thread_blocked, id=23084, stack(0x0000001baf000000,0x0000001baf100000)]
  0x00000130f1629610 JavaThread "SIGINT handler" daemon [_thread_blocked, id=9352, stack(0x0000001bac400000,0x0000001bac500000)]

Other Threads:
=>0x00000130ecca9ff0 VMThread "VM Thread" [stack: 0x0000001bacd00000,0x0000001bace00000] [id=20792]
  0x00000130ce255930 GCTaskThread "GC Thread#0" [stack: 0x0000001bac800000,0x0000001bac900000] [id=10928]
  0x00000130f206e400 GCTaskThread "GC Thread#1" [stack: 0x0000001bae500000,0x0000001bae600000] [id=24584]
  0x00000130f1c3b8d0 GCTaskThread "GC Thread#2" [stack: 0x0000001bae600000,0x0000001bae700000] [id=17312]
  0x00000130f2719b00 GCTaskThread "GC Thread#3" [stack: 0x0000001bae700000,0x0000001bae800000] [id=21212]
  0x00000130f27a3630 GCTaskThread "GC Thread#4" [stack: 0x0000001bae800000,0x0000001bae900000] [id=516]
  0x00000130f27a4900 GCTaskThread "GC Thread#5" [stack: 0x0000001bae900000,0x0000001baea00000] [id=5072]
  0x00000130f22744e0 GCTaskThread "GC Thread#6" [stack: 0x0000001bad800000,0x0000001bad900000] [id=6704]
  0x00000130f2275ae0 GCTaskThread "GC Thread#7" [stack: 0x0000001bad900000,0x0000001bada00000] [id=23072]
  0x00000130ce266140 ConcurrentGCThread "G1 Main Marker" terminated
  0x00000130ce267830 ConcurrentGCThread "G1 Conc#0" [stack: 0x0000001baca00000,0x0000001bacb00000] [id=17164]
  0x00000130f2275da0 ConcurrentGCThread "G1 Conc#1" [stack: 0x0000001baf200000,0x0000001baf300000] [id=16124]
  0x00000130ecb640e0 ConcurrentGCThread "G1 Refine#0" terminated
  0x00000130ecb64b10 ConcurrentGCThread "G1 Service" terminated

Threads with active compile tasks:

VM state: at safepoint (shutting down)

VM Mutex/Monitor currently owned by a thread:  ([mutex/lock_event])
[0x00000130ce1f3e90] Threads_lock - owner thread: 0x00000130ecca9ff0
[0x00000130ce1f2d20] Heap_lock - owner thread: 0x00000130f1629610

Heap address: 0x0000000083a00000, size: 1990 MB, Compressed Oops mode: 32-bit

CDS archive(s) mapped at: [0x0000013080000000-0x0000013080bb0000-0x0000013080bb0000), size 12255232, SharedBaseAddress: 0x0000013080000000, ArchiveRelocationMode: 1.
Compressed class space mapped at: 0x0000013081000000-0x00000130c1000000, reserved size: 1073741824
Narrow klass base: 0x0000013080000000, Narrow klass shift: 0, Narrow klass range: 0x100000000

GC Precious Log:
 CPUs: 8 total, 8 available
 Memory: 7957M
 Large Page Support: Disabled
 NUMA Support: Disabled
 Compressed Oops: Enabled (32-bit)
 Heap Region Size: 1M
 Heap Min Capacity: 8M
 Heap Initial Capacity: 126M
 Heap Max Capacity: 1990M
 Pre-touch: Disabled
 Parallel Workers: 8
 Concurrent Workers: 2
 Concurrent Refinement Workers: 8
 Periodic GC: Disabled

Heap:
 garbage-first heap   total 129024K, used 45760K [0x0000000083a00000, 0x0000000100000000)
  region size 1024K, 13 young (13312K), 8 survivors (8192K)
 Metaspace       used 21575K, committed 21824K, reserved 1114112K
  class space    used 3004K, committed 3136K, reserved 1048576K

Heap Regions: E=young(eden), S=young(survivor), O=old, HS=humongous(starts), HC=humongous(continues), CS=collection set, F=free, OA=open archive, CA=closed archive, TAMS=top-at-mark-start (previous, next)
|   0|0x0000000083a00000, 0x0000000083b00000, 0x0000000083b00000|100%| O|  |TAMS 0x0000000083b00000, 0x0000000083a00000| Complete 
|   1|0x0000000083b00000, 0x0000000083c00000, 0x0000000083c00000|100%|HS|  |TAMS 0x0000000083c00000, 0x0000000083b00000| Complete 
|   2|0x0000000083c00000, 0x0000000083d00000, 0x0000000083d00000|100%|HC|  |TAMS 0x0000000083d00000, 0x0000000083c00000| Complete 
|   3|0x0000000083d00000, 0x0000000083e00000, 0x0000000083e00000|100%|HC|  |TAMS 0x0000000083e00000, 0x0000000083d00000| Complete 
|   4|0x0000000083e00000, 0x0000000083f00000, 0x0000000083f00000|100%|HC|  |TAMS 0x0000000083f00000, 0x0000000083e00000| Complete 
|   5|0x0000000083f00000, 0x0000000084000000, 0x0000000084000000|100%|HC|  |TAMS 0x0000000084000000, 0x0000000083f00000| Complete 
|   6|0x0000000084000000, 0x0000000084100000, 0x0000000084100000|100%|HS|  |TAMS 0x0000000084100000, 0x0000000084000000| Complete 
|   7|0x0000000084100000, 0x0000000084200000, 0x0000000084200000|100%|HC|  |TAMS 0x0000000084200000, 0x0000000084100000| Complete 
|   8|0x0000000084200000, 0x0000000084300000, 0x0000000084300000|100%| O|  |TAMS 0x0000000084300000, 0x0000000084200000| Untracked 
|   9|0x0000000084300000, 0x0000000084400000, 0x0000000084400000|100%| O|  |TAMS 0x0000000084400000, 0x0000000084300000| Untracked 
|  10|0x0000000084400000, 0x0000000084448800, 0x0000000084500000| 28%| O|  |TAMS 0x0000000084448800, 0x0000000084400000| Untracked 
|  11|0x0000000084500000, 0x0000000084600000, 0x0000000084600000|100%|HS|  |TAMS 0x0000000084600000, 0x0000000084500000| Complete 
|  12|0x0000000084600000, 0x0000000084700000, 0x0000000084700000|100%|HC|  |TAMS 0x0000000084700000, 0x0000000084600000| Complete 
|  13|0x0000000084700000, 0x0000000084800000, 0x0000000084800000|100%|HC|  |TAMS 0x0000000084800000, 0x0000000084700000| Complete 
|  14|0x0000000084800000, 0x0000000084900000, 0x0000000084900000|100%|HC|  |TAMS 0x0000000084900000, 0x0000000084800000| Complete 
|  15|0x0000000084900000, 0x0000000084a00000, 0x0000000084a00000|100%|HC|  |TAMS 0x0000000084a00000, 0x0000000084900000| Complete 
|  16|0x0000000084a00000, 0x0000000084b00000, 0x0000000084b00000|100%|HC|  |TAMS 0x0000000084b00000, 0x0000000084a00000| Complete 
|  17|0x0000000084b00000, 0x0000000084c00000, 0x0000000084c00000|100%|HC|  |TAMS 0x0000000084c00000, 0x0000000084b00000| Complete 
|  18|0x0000000084c00000, 0x0000000084d00000, 0x0000000084d00000|100%|HC|  |TAMS 0x0000000084d00000, 0x0000000084c00000| Complete 
|  19|0x0000000084d00000, 0x0000000084e00000, 0x0000000084e00000|100%|HC|  |TAMS 0x0000000084e00000, 0x0000000084d00000| Complete 
|  20|0x0000000084e00000, 0x0000000084f00000, 0x0000000084f00000|100%|HC|  |TAMS 0x0000000084f00000, 0x0000000084e00000| Complete 
|  21|0x0000000084f00000, 0x0000000085000000, 0x0000000085000000|100%|HC|  |TAMS 0x0000000085000000, 0x0000000084f00000| Complete 
|  22|0x0000000085000000, 0x0000000085100000, 0x0000000085100000|100%|HC|  |TAMS 0x0000000085100000, 0x0000000085000000| Complete 
|  23|0x0000000085100000, 0x0000000085200000, 0x0000000085200000|100%|HC|  |TAMS 0x0000000085200000, 0x0000000085100000| Complete 
|  24|0x0000000085200000, 0x0000000085300000, 0x0000000085300000|100%|HS|  |TAMS 0x0000000085300000, 0x0000000085200000| Complete 
|  25|0x0000000085300000, 0x0000000085400000, 0x0000000085400000|100%|HC|  |TAMS 0x0000000085400000, 0x0000000085300000| Complete 
|  26|0x0000000085400000, 0x0000000085500000, 0x0000000085500000|100%|HS|  |TAMS 0x0000000085500000, 0x0000000085400000| Complete 
|  27|0x0000000085500000, 0x0000000085600000, 0x0000000085600000|100%|HC|  |TAMS 0x0000000085600000, 0x0000000085500000| Complete 
|  28|0x0000000085600000, 0x0000000085700000, 0x0000000085700000|100%|HS|  |TAMS 0x0000000085700000, 0x0000000085600000| Complete 
|  29|0x0000000085700000, 0x0000000085800000, 0x0000000085800000|100%|HC|  |TAMS 0x0000000085800000, 0x0000000085700000| Complete 
|  30|0x0000000085800000, 0x0000000085900000, 0x0000000085900000|100%|HS|  |TAMS 0x0000000085900000, 0x0000000085800000| Complete 
|  31|0x0000000085900000, 0x0000000085a00000, 0x0000000085a00000|100%|HC|  |TAMS 0x0000000085a00000, 0x0000000085900000| Complete 
|  32|0x0000000085a00000, 0x0000000085b00000, 0x0000000085b00000|100%|HS|  |TAMS 0x0000000085b00000, 0x0000000085a00000| Complete 
|  33|0x0000000085b00000, 0x0000000085c00000, 0x0000000085c00000|100%|HC|  |TAMS 0x0000000085c00000, 0x0000000085b00000| Complete 
|  34|0x0000000085c00000, 0x0000000085c00000, 0x0000000085d00000|  0%| F|  |TAMS 0x0000000085c00000, 0x0000000085c00000| Untracked 
|  35|0x0000000085d00000, 0x0000000085d00000, 0x0000000085e00000|  0%| F|  |TAMS 0x0000000085d00000, 0x0000000085d00000| Untracked 
|  36|0x0000000085e00000, 0x0000000085e00000, 0x0000000085f00000|  0%| F|  |TAMS 0x0000000085e00000, 0x0000000085e00000| Untracked 
|  37|0x0000000085f00000, 0x0000000085f00000, 0x0000000086000000|  0%| F|  |TAMS 0x0000000085f00000, 0x0000000085f00000| Untracked 
|  38|0x0000000086000000, 0x0000000086000000, 0x0000000086100000|  0%| F|  |TAMS 0x0000000086000000, 0x0000000086000000| Untracked 
|  39|0x0000000086100000, 0x0000000086100000, 0x0000000086200000|  0%| F|  |TAMS 0x0000000086100000, 0x0000000086100000| Untracked 
|  40|0x0000000086200000, 0x0000000086200000, 0x0000000086300000|  0%| F|  |TAMS 0x0000000086200000, 0x0000000086200000| Untracked 
|  41|0x0000000086300000, 0x0000000086300000, 0x0000000086400000|  0%| F|  |TAMS 0x0000000086300000, 0x0000000086300000| Untracked 
|  42|0x0000000086400000, 0x0000000086400000, 0x0000000086500000|  0%| F|  |TAMS 0x0000000086400000, 0x0000000086400000| Untracked 
|  43|0x0000000086500000, 0x0000000086500000, 0x0000000086600000|  0%| F|  |TAMS 0x0000000086500000, 0x0000000086500000| Untracked 
|  44|0x0000000086600000, 0x0000000086600000, 0x0000000086700000|  0%| F|  |TAMS 0x0000000086600000, 0x0000000086600000| Untracked 
|  45|0x0000000086700000, 0x0000000086700000, 0x0000000086800000|  0%| F|  |TAMS 0x0000000086700000, 0x0000000086700000| Untracked 
|  46|0x0000000086800000, 0x0000000086800000, 0x0000000086900000|  0%| F|  |TAMS 0x0000000086800000, 0x0000000086800000| Untracked 
|  47|0x0000000086900000, 0x0000000086900000, 0x0000000086a00000|  0%| F|  |TAMS 0x0000000086900000, 0x0000000086900000| Untracked 
|  48|0x0000000086a00000, 0x0000000086a00000, 0x0000000086b00000|  0%| F|  |TAMS 0x0000000086a00000, 0x0000000086a00000| Untracked 
|  49|0x0000000086b00000, 0x0000000086b00000, 0x0000000086c00000|  0%| F|  |TAMS 0x0000000086b00000, 0x0000000086b00000| Untracked 
|  50|0x0000000086c00000, 0x0000000086c00000, 0x0000000086d00000|  0%| F|  |TAMS 0x0000000086c00000, 0x0000000086c00000| Untracked 
|  51|0x0000000086d00000, 0x0000000086d00000, 0x0000000086e00000|  0%| F|  |TAMS 0x0000000086d00000, 0x0000000086d00000| Untracked 
|  52|0x0000000086e00000, 0x0000000086e00000, 0x0000000086f00000|  0%| F|  |TAMS 0x0000000086e00000, 0x0000000086e00000| Untracked 
|  53|0x0000000086f00000, 0x0000000086f00000, 0x0000000087000000|  0%| F|  |TAMS 0x0000000086f00000, 0x0000000086f00000| Untracked 
|  54|0x0000000087000000, 0x0000000087000000, 0x0000000087100000|  0%| F|  |TAMS 0x0000000087000000, 0x0000000087000000| Untracked 
|  55|0x0000000087100000, 0x0000000087100000, 0x0000000087200000|  0%| F|  |TAMS 0x0000000087100000, 0x0000000087100000| Untracked 
|  56|0x0000000087200000, 0x0000000087200000, 0x0000000087300000|  0%| F|  |TAMS 0x0000000087200000, 0x0000000087200000| Untracked 
|  57|0x0000000087300000, 0x0000000087300000, 0x0000000087400000|  0%| F|  |TAMS 0x0000000087300000, 0x0000000087300000| Untracked 
|  58|0x0000000087400000, 0x0000000087400000, 0x0000000087500000|  0%| F|  |TAMS 0x0000000087400000, 0x0000000087400000| Untracked 
|  59|0x0000000087500000, 0x0000000087500000, 0x0000000087600000|  0%| F|  |TAMS 0x0000000087500000, 0x0000000087500000| Untracked 
|  60|0x0000000087600000, 0x0000000087600000, 0x0000000087700000|  0%| F|  |TAMS 0x0000000087600000, 0x0000000087600000| Untracked 
|  61|0x0000000087700000, 0x0000000087700000, 0x0000000087800000|  0%| F|  |TAMS 0x0000000087700000, 0x0000000087700000| Untracked 
|  62|0x0000000087800000, 0x0000000087800000, 0x0000000087900000|  0%| F|  |TAMS 0x0000000087800000, 0x0000000087800000| Untracked 
|  63|0x0000000087900000, 0x0000000087900000, 0x0000000087a00000|  0%| F|  |TAMS 0x0000000087900000, 0x0000000087900000| Untracked 
|  64|0x0000000087a00000, 0x0000000087a00000, 0x0000000087b00000|  0%| F|  |TAMS 0x0000000087a00000, 0x0000000087a00000| Untracked 
|  65|0x0000000087b00000, 0x0000000087b00000, 0x0000000087c00000|  0%| F|  |TAMS 0x0000000087b00000, 0x0000000087b00000| Untracked 
|  66|0x0000000087c00000, 0x0000000087c00000, 0x0000000087d00000|  0%| F|  |TAMS 0x0000000087c00000, 0x0000000087c00000| Untracked 
|  67|0x0000000087d00000, 0x0000000087d00000, 0x0000000087e00000|  0%| F|  |TAMS 0x0000000087d00000, 0x0000000087d00000| Untracked 
|  68|0x0000000087e00000, 0x0000000087e00000, 0x0000000087f00000|  0%| F|  |TAMS 0x0000000087e00000, 0x0000000087e00000| Untracked 
|  69|0x0000000087f00000, 0x0000000087f00000, 0x0000000088000000|  0%| F|  |TAMS 0x0000000087f00000, 0x0000000087f00000| Untracked 
|  70|0x0000000088000000, 0x0000000088000000, 0x0000000088100000|  0%| F|  |TAMS 0x0000000088000000, 0x0000000088000000| Untracked 
|  71|0x0000000088100000, 0x0000000088100000, 0x0000000088200000|  0%| F|  |TAMS 0x0000000088100000, 0x0000000088100000| Untracked 
|  72|0x0000000088200000, 0x0000000088200000, 0x0000000088300000|  0%| F|  |TAMS 0x0000000088200000, 0x0000000088200000| Untracked 
|  73|0x0000000088300000, 0x0000000088300000, 0x0000000088400000|  0%| F|  |TAMS 0x0000000088300000, 0x0000000088300000| Untracked 
|  74|0x0000000088400000, 0x0000000088400000, 0x0000000088500000|  0%| F|  |TAMS 0x0000000088400000, 0x0000000088400000| Untracked 
|  75|0x0000000088500000, 0x0000000088500000, 0x0000000088600000|  0%| F|  |TAMS 0x0000000088500000, 0x0000000088500000| Untracked 
|  76|0x0000000088600000, 0x0000000088600000, 0x0000000088700000|  0%| F|  |TAMS 0x0000000088600000, 0x0000000088600000| Untracked 
|  77|0x0000000088700000, 0x0000000088700000, 0x0000000088800000|  0%| F|  |TAMS 0x0000000088700000, 0x0000000088700000| Untracked 
|  78|0x0000000088800000, 0x0000000088800000, 0x0000000088900000|  0%| F|  |TAMS 0x0000000088800000, 0x0000000088800000| Untracked 
|  79|0x0000000088900000, 0x0000000088900000, 0x0000000088a00000|  0%| F|  |TAMS 0x0000000088900000, 0x0000000088900000| Untracked 
|  80|0x0000000088a00000, 0x0000000088a00000, 0x0000000088b00000|  0%| F|  |TAMS 0x0000000088a00000, 0x0000000088a00000| Untracked 
|  81|0x0000000088b00000, 0x0000000088b00000, 0x0000000088c00000|  0%| F|  |TAMS 0x0000000088b00000, 0x0000000088b00000| Untracked 
|  82|0x0000000088c00000, 0x0000000088c00000, 0x0000000088d00000|  0%| F|  |TAMS 0x0000000088c00000, 0x0000000088c00000| Untracked 
|  83|0x0000000088d00000, 0x0000000088d00000, 0x0000000088e00000|  0%| F|  |TAMS 0x0000000088d00000, 0x0000000088d00000| Untracked 
|  84|0x0000000088e00000, 0x0000000088e00000, 0x0000000088f00000|  0%| F|  |TAMS 0x0000000088e00000, 0x0000000088e00000| Untracked 
|  85|0x0000000088f00000, 0x0000000088f00000, 0x0000000089000000|  0%| F|  |TAMS 0x0000000088f00000, 0x0000000088f00000| Untracked 
|  86|0x0000000089000000, 0x0000000089000000, 0x0000000089100000|  0%| F|  |TAMS 0x0000000089000000, 0x0000000089000000| Untracked 
|  87|0x0000000089100000, 0x0000000089100000, 0x0000000089200000|  0%| F|  |TAMS 0x0000000089100000, 0x0000000089100000| Untracked 
|  88|0x0000000089200000, 0x0000000089200000, 0x0000000089300000|  0%| F|  |TAMS 0x0000000089200000, 0x0000000089200000| Untracked 
|  89|0x0000000089300000, 0x0000000089300000, 0x0000000089400000|  0%| F|  |TAMS 0x0000000089300000, 0x0000000089300000| Untracked 
|  90|0x0000000089400000, 0x0000000089400000, 0x0000000089500000|  0%| F|  |TAMS 0x0000000089400000, 0x0000000089400000| Untracked 
|  91|0x0000000089500000, 0x0000000089500000, 0x0000000089600000|  0%| F|  |TAMS 0x0000000089500000, 0x0000000089500000| Untracked 
|  92|0x0000000089600000, 0x0000000089667980, 0x0000000089700000| 40%| S|CS|TAMS 0x0000000089600000, 0x0000000089600000| Complete 
|  93|0x0000000089700000, 0x0000000089800000, 0x0000000089800000|100%| S|CS|TAMS 0x0000000089700000, 0x0000000089700000| Complete 
|  94|0x0000000089800000, 0x0000000089900000, 0x0000000089900000|100%| S|CS|TAMS 0x0000000089800000, 0x0000000089800000| Complete 
|  95|0x0000000089900000, 0x0000000089a00000, 0x0000000089a00000|100%| S|CS|TAMS 0x0000000089900000, 0x0000000089900000| Complete 
|  96|0x0000000089a00000, 0x0000000089b00000, 0x0000000089b00000|100%| S|CS|TAMS 0x0000000089a00000, 0x0000000089a00000| Complete 
|  97|0x0000000089b00000, 0x0000000089c00000, 0x0000000089c00000|100%| S|CS|TAMS 0x0000000089b00000, 0x0000000089b00000| Complete 
|  98|0x0000000089c00000, 0x0000000089d00000, 0x0000000089d00000|100%| S|CS|TAMS 0x0000000089c00000, 0x0000000089c00000| Complete 
|  99|0x0000000089d00000, 0x0000000089e00000, 0x0000000089e00000|100%| S|CS|TAMS 0x0000000089d00000, 0x0000000089d00000| Complete 
| 100|0x0000000089e00000, 0x0000000089e00000, 0x0000000089f00000|  0%| F|  |TAMS 0x0000000089e00000, 0x0000000089e00000| Untracked 
| 101|0x0000000089f00000, 0x0000000089f00000, 0x000000008a000000|  0%| F|  |TAMS 0x0000000089f00000, 0x0000000089f00000| Untracked 
| 102|0x000000008a000000, 0x000000008a000000, 0x000000008a100000|  0%| F|  |TAMS 0x000000008a000000, 0x000000008a000000| Untracked 
| 103|0x000000008a100000, 0x000000008a100000, 0x000000008a200000|  0%| F|  |TAMS 0x000000008a100000, 0x000000008a100000| Untracked 
| 104|0x000000008a200000, 0x000000008a200000, 0x000000008a300000|  0%| F|  |TAMS 0x000000008a200000, 0x000000008a200000| Untracked 
| 105|0x000000008a300000, 0x000000008a300000, 0x000000008a400000|  0%| F|  |TAMS 0x000000008a300000, 0x000000008a300000| Untracked 
| 106|0x000000008a400000, 0x000000008a400000, 0x000000008a500000|  0%| F|  |TAMS 0x000000008a400000, 0x000000008a400000| Untracked 
| 107|0x000000008a500000, 0x000000008a500000, 0x000000008a600000|  0%| F|  |TAMS 0x000000008a500000, 0x000000008a500000| Untracked 
| 108|0x000000008a600000, 0x000000008a600000, 0x000000008a700000|  0%| F|  |TAMS 0x000000008a600000, 0x000000008a600000| Untracked 
| 109|0x000000008a700000, 0x000000008a700000, 0x000000008a800000|  0%| F|  |TAMS 0x000000008a700000, 0x000000008a700000| Untracked 
| 110|0x000000008a800000, 0x000000008a800000, 0x000000008a900000|  0%| F|  |TAMS 0x000000008a800000, 0x000000008a800000| Untracked 
| 111|0x000000008a900000, 0x000000008a900000, 0x000000008aa00000|  0%| F|  |TAMS 0x000000008a900000, 0x000000008a900000| Untracked 
| 112|0x000000008aa00000, 0x000000008aa00000, 0x000000008ab00000|  0%| F|  |TAMS 0x000000008aa00000, 0x000000008aa00000| Untracked 
| 113|0x000000008ab00000, 0x000000008ab00000, 0x000000008ac00000|  0%| F|  |TAMS 0x000000008ab00000, 0x000000008ab00000| Untracked 
| 114|0x000000008ac00000, 0x000000008ac00000, 0x000000008ad00000|  0%| F|  |TAMS 0x000000008ac00000, 0x000000008ac00000| Untracked 
| 115|0x000000008ad00000, 0x000000008ad00000, 0x000000008ae00000|  0%| F|  |TAMS 0x000000008ad00000, 0x000000008ad00000| Untracked 
| 116|0x000000008ae00000, 0x000000008ae00000, 0x000000008af00000|  0%| F|  |TAMS 0x000000008ae00000, 0x000000008ae00000| Untracked 
| 117|0x000000008af00000, 0x000000008af00000, 0x000000008b000000|  0%| F|  |TAMS 0x000000008af00000, 0x000000008af00000| Untracked 
| 118|0x000000008b000000, 0x000000008b000000, 0x000000008b100000|  0%| F|  |TAMS 0x000000008b000000, 0x000000008b000000| Untracked 
| 119|0x000000008b100000, 0x000000008b100000, 0x000000008b200000|  0%| F|  |TAMS 0x000000008b100000, 0x000000008b100000| Untracked 
| 120|0x000000008b200000, 0x000000008b200000, 0x000000008b300000|  0%| F|  |TAMS 0x000000008b200000, 0x000000008b200000| Untracked 
| 121|0x000000008b300000, 0x000000008b3bf8b8, 0x000000008b400000| 74%| E|  |TAMS 0x000000008b300000, 0x000000008b300000| Complete 
| 122|0x000000008b400000, 0x000000008b500000, 0x000000008b500000|100%| E|CS|TAMS 0x000000008b400000, 0x000000008b400000| Complete 
| 123|0x000000008b500000, 0x000000008b600000, 0x000000008b600000|100%| E|CS|TAMS 0x000000008b500000, 0x000000008b500000| Complete 
| 124|0x000000008b600000, 0x000000008b700000, 0x000000008b700000|100%| E|CS|TAMS 0x000000008b600000, 0x000000008b600000| Complete 
| 125|0x000000008b700000, 0x000000008b800000, 0x000000008b800000|100%| E|CS|TAMS 0x000000008b700000, 0x000000008b700000| Complete 

Card table byte_map: [0x00000130e5c80000,0x00000130e6070000] _byte_map_base: 0x00000130e5863000

Marking Bits (Prev, Next): (CMBitMap*) 0x00000130ce255f90, (CMBitMap*) 0x00000130ce255f50
 Prev Bits: [0x00000130e8380000, 0x00000130ea298000)
 Next Bits: [0x00000130e6460000, 0x00000130e8378000)

Polling page: 0x00000130cc910000

Metaspace:

Usage:
  Non-class:     18.14 MB used.
      Class:      2.93 MB used.
       Both:     21.07 MB used.

Virtual space:
  Non-class space:       64.00 MB reserved,      18.25 MB ( 29%) committed,  1 nodes.
      Class space:        1.00 GB reserved,       3.06 MB ( <1%) committed,  1 nodes.
             Both:        1.06 GB reserved,      21.31 MB (  2%) committed. 

Chunk freelists:
   Non-Class:  13.52 MB
       Class:  12.97 MB
        Both:  26.48 MB

MaxMetaspaceSize: unlimited
CompressedClassSpaceSize: 1.00 GB
Initial GC threshold: 21.00 MB
Current GC threshold: 35.12 MB
CDS: on
MetaspaceReclaimPolicy: balanced
 - commit_granule_bytes: 65536.
 - commit_granule_words: 8192.
 - virtual_space_node_default_size: 8388608.
 - enlarge_chunks_in_place: 1.
 - new_chunks_are_fully_committed: 0.
 - uncommit_free_chunks: 1.
 - use_allocation_guard: 0.
 - handle_deallocations: 1.


Internal statistics:

num_allocs_failed_limit: 3.
num_arena_births: 224.
num_arena_deaths: 0.
num_vsnodes_births: 2.
num_vsnodes_deaths: 0.
num_space_committed: 341.
num_space_uncommitted: 0.
num_chunks_returned_to_freelist: 3.
num_chunks_taken_from_freelist: 964.
num_chunk_merges: 3.
num_chunk_splits: 670.
num_chunks_enlarged: 523.
num_inconsistent_stats: 0.

CodeHeap 'non-profiled nmethods': size=120000Kb used=1757Kb max_used=1757Kb free=118242Kb
 bounds [0x00000130dd900000, 0x00000130ddb70000, 0x00000130e4e30000]
CodeHeap 'profiled nmethods': size=120000Kb used=7840Kb max_used=7840Kb free=112159Kb
 bounds [0x00000130d5e30000, 0x00000130d65e0000, 0x00000130dd360000]
CodeHeap 'non-nmethods': size=5760Kb used=1485Kb max_used=1523Kb free=4274Kb
 bounds [0x00000130dd360000, 0x00000130dd5d0000, 0x00000130dd900000]
 total_blobs=4761 nmethods=3917 adapters=756
 compilation: enabled
              stopped_count=0, restarted_count=0
 full_count=0

Compilation events (20 events):
Event: 22.570 Thread 0x00000130eccd9e60 3910       3       com.sun.glass.ui.View::notifyMouse (221 bytes)
Event: 22.571 Thread 0x00000130eccd9e60 nmethod 3910 0x00000130d65d0190 code [0x00000130d65d0480, 0x00000130d65d1878]
Event: 22.571 Thread 0x00000130eccd9e60 3911       3       com.sun.glass.ui.View::handleMouseEvent (34 bytes)
Event: 22.571 Thread 0x00000130eccd9e60 nmethod 3911 0x00000130d65d1e90 code [0x00000130d65d2040, 0x00000130d65d22e8]
Event: 22.571 Thread 0x00000130eccd9e60 3912       3       com.sun.javafx.tk.quantum.GlassViewEventHandler::handleMouseEvent (108 bytes)
Event: 22.571 Thread 0x00000130eccd9e60 nmethod 3912 0x00000130d65d2410 code [0x00000130d65d2620, 0x00000130d65d2cd8]
Event: 22.650 Thread 0x00000130eccd9e60 3913   !   3       javafx.scene.Node::sceneToLocal (13 bytes)
Event: 22.650 Thread 0x00000130eccd9e60 nmethod 3913 0x00000130d65d2f90 code [0x00000130d65d3140, 0x00000130d65d32c8]
Event: 22.650 Thread 0x00000130eccd9e60 3914       3       javafx.scene.Node::sceneToLocal0 (46 bytes)
Event: 22.651 Thread 0x00000130eccd9e60 nmethod 3914 0x00000130d65d3390 code [0x00000130d65d3680, 0x00000130d65d4db8]
Event: 22.683 Thread 0x00000130eccd9e60 3915       3       com.sun.javafx.tk.quantum.QuantumToolkit::isSupported (142 bytes)
Event: 22.683 Thread 0x00000130eccd9e60 nmethod 3915 0x00000130d65d5390 code [0x00000130d65d56a0, 0x00000130d65d67f8]
Event: 22.723 Thread 0x00000130eccd9e60 3916       3       javafx.scene.Parent::computeViewOrderChildren (93 bytes)
Event: 22.724 Thread 0x00000130eccd9e60 nmethod 3916 0x00000130d65d6d90 code [0x00000130d65d7020, 0x00000130d65d7bd8]
Event: 22.738 Thread 0x00000130eccd9e60 3917       3       javafx.event.Event::consume (6 bytes)
Event: 22.738 Thread 0x00000130eccd9e60 nmethod 3917 0x00000130d65d7f90 code [0x00000130d65d8120, 0x00000130d65d8238]
Event: 85.470 Thread 0x00000130eccd0830 3918       4       com.sun.javafx.tk.quantum.QuantumToolkit::postPulse (133 bytes)
Event: 85.476 Thread 0x00000130eccd0830 nmethod 3918 0x00000130ddab6510 code [0x00000130ddab66e0, 0x00000130ddab6988]
Event: 86.406 Thread 0x00000130eccd0830 3919       4       com.sun.javafx.tk.quantum.QuantumToolkit$$Lambda$92/0x0000013081032cb0::run (8 bytes)
Event: 86.410 Thread 0x00000130eccd0830 nmethod 3919 0x00000130ddab6d10 code [0x00000130ddab6ee0, 0x00000130ddab71d0]

GC Heap History (6 events):
Event: 0.463 GC heap before
{Heap before GC invocations=0 (full 0):
 garbage-first heap   total 129024K, used 23552K [0x0000000083a00000, 0x0000000100000000)
  region size 1024K, 23 young (23552K), 0 survivors (0K)
 Metaspace       used 6018K, committed 6272K, reserved 1114112K
  class space    used 707K, committed 832K, reserved 1048576K
}
Event: 0.466 GC heap after
{Heap after GC invocations=1 (full 0):
 garbage-first heap   total 129024K, used 3194K [0x0000000083a00000, 0x0000000100000000)
  region size 1024K, 3 young (3072K), 3 survivors (3072K)
 Metaspace       used 6018K, committed 6272K, reserved 1114112K
  class space    used 707K, committed 832K, reserved 1048576K
}
Event: 9.108 GC heap before
{Heap before GC invocations=1 (full 0):
 garbage-first heap   total 129024K, used 44154K [0x0000000083a00000, 0x0000000100000000)
  region size 1024K, 36 young (36864K), 3 survivors (3072K)
 Metaspace       used 14977K, committed 15232K, reserved 1114112K
  class space    used 2151K, committed 2304K, reserved 1048576K
}
Event: 9.113 GC heap after
{Heap after GC invocations=2 (full 0):
 garbage-first heap   total 129024K, used 14682K [0x0000000083a00000, 0x0000000100000000)
  region size 1024K, 5 young (5120K), 5 survivors (5120K)
 Metaspace       used 14977K, committed 15232K, reserved 1114112K
  class space    used 2151K, committed 2304K, reserved 1048576K
}
Event: 13.723 GC heap before
{Heap before GC invocations=2 (full 0):
 garbage-first heap   total 129024K, used 63834K [0x0000000083a00000, 0x0000000100000000)
  region size 1024K, 31 young (31744K), 5 survivors (5120K)
 Metaspace       used 21282K, committed 21504K, reserved 1114112K
  class space    used 2941K, committed 3072K, reserved 1048576K
}
Event: 13.729 GC heap after
{Heap after GC invocations=3 (full 0):
 garbage-first heap   total 129024K, used 41664K [0x0000000083a00000, 0x0000000100000000)
  region size 1024K, 8 young (8192K), 8 survivors (8192K)
 Metaspace       used 21282K, committed 21504K, reserved 1114112K
  class space    used 2941K, committed 3072K, reserved 1048576K
}

Dll operation events (20 events):
Event: 0.241 Loaded shared library C:\Program Files\JavaFX\javafx-sdk-17.0.15\bin\api-ms-win-crt-multibyte-l1-1-0.dll
Event: 0.242 Loaded shared library C:\Program Files\JavaFX\javafx-sdk-17.0.15\bin\api-ms-win-crt-private-l1-1-0.dll
Event: 0.243 Loaded shared library C:\Program Files\JavaFX\javafx-sdk-17.0.15\bin\api-ms-win-crt-process-l1-1-0.dll
Event: 0.244 Loaded shared library C:\Program Files\JavaFX\javafx-sdk-17.0.15\bin\api-ms-win-crt-runtime-l1-1-0.dll
Event: 0.245 Loaded shared library C:\Program Files\JavaFX\javafx-sdk-17.0.15\bin\api-ms-win-crt-stdio-l1-1-0.dll
Event: 0.247 Loaded shared library C:\Program Files\JavaFX\javafx-sdk-17.0.15\bin\api-ms-win-crt-string-l1-1-0.dll
Event: 0.248 Loaded shared library C:\Program Files\JavaFX\javafx-sdk-17.0.15\bin\api-ms-win-crt-time-l1-1-0.dll
Event: 0.250 Loaded shared library C:\Program Files\JavaFX\javafx-sdk-17.0.15\bin\api-ms-win-crt-utility-l1-1-0.dll
Event: 0.252 Loaded shared library C:\Program Files\JavaFX\javafx-sdk-17.0.15\bin\ucrtbase.dll
Event: 0.254 Loaded shared library C:\Program Files\JavaFX\javafx-sdk-17.0.15\bin\vcruntime140.dll
Event: 0.255 Loaded shared library C:\Program Files\JavaFX\javafx-sdk-17.0.15\bin\vcruntime140_1.dll
Event: 0.256 Loaded shared library C:\Program Files\JavaFX\javafx-sdk-17.0.15\bin\msvcp140.dll
Event: 0.257 Loaded shared library C:\Program Files\JavaFX\javafx-sdk-17.0.15\bin\msvcp140_1.dll
Event: 0.259 Loaded shared library C:\Program Files\JavaFX\javafx-sdk-17.0.15\bin\msvcp140_2.dll
Event: 0.292 Loaded shared library C:\Program Files\JavaFX\javafx-sdk-17.0.15\bin\prism_d3d.dll
Event: 0.325 Loaded shared library C:\Program Files\JavaFX\javafx-sdk-17.0.15\bin\glass.dll
Event: 0.403 Loaded shared library C:\Users\jccas\.jdks\temurin-17.0.15\bin\jimage.dll
Event: 0.479 Loaded shared library C:\Program Files\JavaFX\javafx-sdk-17.0.15\bin\javafx_iio.dll
Event: 0.520 Loaded shared library C:\Program Files\JavaFX\javafx-sdk-17.0.15\bin\javafx_font.dll
Event: 9.322 Loaded shared library C:\Users\jccas\.jdks\temurin-17.0.15\bin\verify.dll

Deoptimization events (20 events):
Event: 13.705 Thread 0x00000130f16b32e0 Uncommon trap: trap_request=0xffffffbe fr.pc=0x00000130dda84b08 relative=0x0000000000000d88
Event: 13.705 Thread 0x00000130f16b32e0 Uncommon trap: reason=profile_predicate action=maybe_recompile pc=0x00000130dda84b08 method=javafx.css.CompoundSelector.applies(Ljavafx/css/Styleable;I[Ljava/util/Set;I)Z @ 103 c2
Event: 13.705 Thread 0x00000130f16b32e0 DEOPT PACKING pc=0x00000130dda84b08 sp=0x0000001badff8850
Event: 13.705 Thread 0x00000130f16b32e0 DEOPT UNPACKING pc=0x00000130dd3ba1a3 sp=0x0000001badff87f0 mode 2
Event: 13.730 Thread 0x00000130f16b32e0 Uncommon trap: trap_request=0xffffffc6 fr.pc=0x00000130dd9e80c4 relative=0x0000000000000104
Event: 13.730 Thread 0x00000130f16b32e0 Uncommon trap: reason=bimorphic_or_optimized_type_check action=maybe_recompile pc=0x00000130dd9e80c4 method=javafx.beans.property.BooleanPropertyBase.get()Z @ 23 c2
Event: 13.730 Thread 0x00000130f16b32e0 DEOPT PACKING pc=0x00000130dd9e80c4 sp=0x0000001badff8990
Event: 13.730 Thread 0x00000130f16b32e0 DEOPT UNPACKING pc=0x00000130dd3ba1a3 sp=0x0000001badff8930 mode 2
Event: 13.730 Thread 0x00000130f16b32e0 Uncommon trap: trap_request=0xffffffc6 fr.pc=0x00000130dd9e80c4 relative=0x0000000000000104
Event: 13.730 Thread 0x00000130f16b32e0 Uncommon trap: reason=bimorphic_or_optimized_type_check action=maybe_recompile pc=0x00000130dd9e80c4 method=javafx.beans.property.BooleanPropertyBase.get()Z @ 23 c2
Event: 13.730 Thread 0x00000130f16b32e0 DEOPT PACKING pc=0x00000130dd9e80c4 sp=0x0000001badff8990
Event: 13.730 Thread 0x00000130f16b32e0 DEOPT UNPACKING pc=0x00000130dd3ba1a3 sp=0x0000001badff8930 mode 2
Event: 13.730 Thread 0x00000130f16b32e0 Uncommon trap: trap_request=0xffffffc6 fr.pc=0x00000130dd9e80c4 relative=0x0000000000000104
Event: 13.730 Thread 0x00000130f16b32e0 Uncommon trap: reason=bimorphic_or_optimized_type_check action=maybe_recompile pc=0x00000130dd9e80c4 method=javafx.beans.property.BooleanPropertyBase.get()Z @ 23 c2
Event: 13.730 Thread 0x00000130f16b32e0 DEOPT PACKING pc=0x00000130dd9e80c4 sp=0x0000001badff89c0
Event: 13.730 Thread 0x00000130f16b32e0 DEOPT UNPACKING pc=0x00000130dd3ba1a3 sp=0x0000001badff8958 mode 2
Event: 13.754 Thread 0x00000130f16b32e0 Uncommon trap: trap_request=0xffffff45 fr.pc=0x00000130ddaab178 relative=0x0000000000001578
Event: 13.754 Thread 0x00000130f16b32e0 Uncommon trap: reason=unstable_if action=reinterpret pc=0x00000130ddaab178 method=javafx.css.CompoundSelector.applies(Ljavafx/css/Styleable;I[Ljava/util/Set;I)Z @ 125 c2
Event: 13.754 Thread 0x00000130f16b32e0 DEOPT PACKING pc=0x00000130ddaab178 sp=0x0000001badff83f0
Event: 13.754 Thread 0x00000130f16b32e0 DEOPT UNPACKING pc=0x00000130dd3ba1a3 sp=0x0000001badff8400 mode 2

Classes loaded (20 events):
Event: 9.708 Loading class jdk/internal/reflect/BootstrapConstructorAccessorImpl
Event: 9.708 Loading class jdk/internal/reflect/BootstrapConstructorAccessorImpl done
Event: 11.126 Loading class java/util/BitSet$1BitSetSpliterator
Event: 11.126 Loading class java/util/BitSet$1BitSetSpliterator done
Event: 11.126 Loading class java/util/stream/IntPipeline$1
Event: 11.126 Loading class java/util/stream/IntPipeline$1 done
Event: 11.126 Loading class java/util/stream/IntPipeline$1$1
Event: 11.126 Loading class java/util/stream/IntPipeline$1$1 done
Event: 13.688 Loading class sun/reflect/generics/tree/BottomSignature
Event: 13.688 Loading class sun/reflect/generics/tree/BottomSignature done
Event: 13.688 Loading class sun/reflect/generics/tree/Wildcard
Event: 13.688 Loading class sun/reflect/generics/tree/Wildcard done
Event: 13.688 Loading class sun/reflect/generics/reflectiveObjects/WildcardTypeImpl
Event: 13.688 Loading class java/lang/reflect/WildcardType
Event: 13.688 Loading class java/lang/reflect/WildcardType done
Event: 13.688 Loading class sun/reflect/generics/reflectiveObjects/WildcardTypeImpl done
Event: 13.713 Loading class sun/invoke/util/VerifyAccess$1
Event: 13.713 Loading class sun/invoke/util/VerifyAccess$1 done
Event: 92.275 Loading class jdk/internal/misc/Signal$1
Event: 92.275 Loading class jdk/internal/misc/Signal$1 done

Classes unloaded (0 events):
No events

Classes redefined (0 events):
No events

Internal exceptions (20 events):
Event: 0.671 Thread 0x00000130f16b32e0 Implicit null exception at 0x00000130dd95fe0d to 0x00000130dd96020c
Event: 0.678 Thread 0x00000130f16b32e0 Implicit null exception at 0x00000130dd95b38a to 0x00000130dd95b790
Event: 0.679 Thread 0x00000130f16b32e0 Implicit null exception at 0x00000130dd927c0f to 0x00000130dd927c89
Event: 0.828 Thread 0x00000130f16b32e0 Exception <a 'java/lang/NoSuchMethodError'{0x000000008a544578}: 'java.lang.Object java.lang.invoke.DirectMethodHandle$Holder.invokeInterface(java.lang.Object, java.lang.Object, java.lang.Object)'> (0x000000008a544578) 
thrown [s\src\hotspot\share\interpreter\linkResolver.cpp, line 759]
Event: 0.828 Thread 0x00000130f16b32e0 Exception <a 'java/lang/IncompatibleClassChangeError'{0x000000008a547f00}: Found class java.lang.Object, but interface was expected> (0x000000008a547f00) 
thrown [s\src\hotspot\share\interpreter\linkResolver.cpp, line 826]
Event: 0.858 Thread 0x00000130f16b32e0 Exception <a 'java/lang/ClassNotFoundException'{0x000000008a33c8d0}: com/sun/javafx/scene/control/skin/resources/controls> (0x000000008a33c8d0) 
thrown [s\src\hotspot\share\prims\jni.cpp, line 535]
Event: 0.858 Thread 0x00000130f16b32e0 Exception <a 'java/lang/ClassNotFoundException'{0x000000008a34a870}: com/sun/javafx/scene/control/skin/resources/controls_es> (0x000000008a34a870) 
thrown [s\src\hotspot\share\prims\jni.cpp, line 535]
Event: 0.859 Thread 0x00000130f16b32e0 Exception <a 'java/lang/ClassNotFoundException'{0x000000008a3584d0}: com/sun/javafx/scene/control/skin/resources/controls_es_MX> (0x000000008a3584d0) 
thrown [s\src\hotspot\share\prims\jni.cpp, line 535]
Event: 0.886 Thread 0x00000130f16b32e0 Exception <a 'java/lang/NoSuchMethodError'{0x000000008a112f38}: 'void java.lang.invoke.DirectMethodHandle$Holder.invokeSpecial(java.lang.Object, java.lang.Object, java.lang.Object, java.lang.Object, java.lang.Object, java.lang.Object)'> (0x000000008a112f38) 
thrown [s\src\hotspot\share\interpreter\linkResolver.cpp, line 759]
Event: 0.940 Thread 0x00000130f16b32e0 Exception <a 'java/lang/NoSuchMethodError'{0x0000000089bc1bb0}: 'java.lang.Object java.lang.invoke.DirectMethodHandle$Holder.newInvokeSpecial(java.lang.Object, java.lang.Object, int)'> (0x0000000089bc1bb0) 
thrown [s\src\hotspot\share\interpreter\linkResolver.cpp, line 759]
Event: 0.961 Thread 0x00000130f1c86610 Exception <a 'java/lang/NoSuchMethodError'{0x0000000089adc890}: 'int java.lang.invoke.DirectMethodHandle$Holder.invokeStaticInit(java.lang.Object, java.lang.Object)'> (0x0000000089adc890) 
thrown [s\src\hotspot\share\interpreter\linkResolver.cpp, line 759]
Event: 0.967 Thread 0x00000130f16b32e0 Exception <a 'java/lang/NoSuchMethodError'{0x000000008993bb60}: 'long java.lang.invoke.DirectMethodHandle$Holder.invokeStatic(java.lang.Object, java.lang.Object, java.lang.Object)'> (0x000000008993bb60) 
thrown [s\src\hotspot\share\interpreter\linkResolver.cpp, line 759]
Event: 0.967 Thread 0x00000130f16b32e0 Exception <a 'java/lang/NoSuchMethodError'{0x000000008993f308}: 'long java.lang.invoke.DirectMethodHandle$Holder.invokeStaticInit(java.lang.Object, java.lang.Object, java.lang.Object)'> (0x000000008993f308) 
thrown [s\src\hotspot\share\interpreter\linkResolver.cpp, line 759]
Event: 0.969 Thread 0x00000130f16b32e0 Exception <a 'java/lang/NoSuchMethodError'{0x00000000899571d0}: 'java.lang.Object java.lang.invoke.DirectMethodHandle$Holder.newInvokeSpecial(java.lang.Object, java.lang.Object, long)'> (0x00000000899571d0) 
thrown [s\src\hotspot\share\interpreter\linkResolver.cpp, line 759]
Event: 0.970 Thread 0x00000130f16b32e0 Exception <a 'java/lang/NoSuchMethodError'{0x000000008995ad40}: 'java.lang.Object java.lang.invoke.Invokers$Holder.linkToTargetMethod(java.lang.Object, long, java.lang.Object)'> (0x000000008995ad40) 
thrown [s\src\hotspot\share\interpreter\linkResolver.cpp, line 759]
Event: 0.980 Thread 0x00000130f1c86610 Exception <a 'java/lang/NoSuchMethodError'{0x0000000089802e48}: 'java.lang.Object java.lang.invoke.DirectMethodHandle$Holder.invokeStaticInit(java.lang.Object, int)'> (0x0000000089802e48) 
thrown [s\src\hotspot\share\interpreter\linkResolver.cpp, line 759]
Event: 9.139 Thread 0x00000130f16b32e0 Exception <a 'java/lang/NoSuchMethodError'{0x000000008b50ecd0}: 'java.lang.Object java.lang.invoke.DirectMethodHandle$Holder.invokeInterface(java.lang.Object, java.lang.Object)'> (0x000000008b50ecd0) 
thrown [s\src\hotspot\share\interpreter\linkResolver.cpp, line 759]
Event: 9.152 Thread 0x00000130f16b32e0 Exception <a 'java/lang/NoSuchMethodError'{0x000000008b588838}: 'java.lang.Object java.lang.invoke.DirectMethodHandle$Holder.invokeVirtual(java.lang.Object, java.lang.Object, java.lang.Object)'> (0x000000008b588838) 
thrown [s\src\hotspot\share\interpreter\linkResolver.cpp, line 759]
Event: 11.135 Thread 0x00000130f16b32e0 Exception <a 'java/lang/NoSuchMethodError'{0x000000008a7242a0}: 'void java.lang.invoke.DirectMethodHandle$Holder.invokeSpecialIFC(java.lang.Object, java.lang.Object, java.lang.Object, java.lang.Object)'> (0x000000008a7242a0) 
thrown [s\src\hotspot\share\interpreter\linkResolver.cpp, line 759]
Event: 11.161 Thread 0x00000130f16b32e0 Exception <a 'java/lang/NoSuchMethodError'{0x000000008a562318}: 'int java.lang.invoke.DirectMethodHandle$Holder.invokeSpecial(java.lang.Object, java.lang.Object, int)'> (0x000000008a562318) 
thrown [s\src\hotspot\share\interpreter\linkResolver.cpp, line 759]

VM Operations (20 events):
Event: 12.143 Executing VM operation: Cleanup done
Event: 13.507 Executing VM operation: ICBufferFull
Event: 13.507 Executing VM operation: ICBufferFull done
Event: 13.723 Executing VM operation: CollectForMetadataAllocation
Event: 13.729 Executing VM operation: CollectForMetadataAllocation done
Event: 13.734 Executing VM operation: G1PauseRemark
Event: 13.739 Executing VM operation: G1PauseRemark done
Event: 13.740 Executing VM operation: G1PauseCleanup
Event: 13.741 Executing VM operation: G1PauseCleanup done
Event: 15.741 Executing VM operation: Cleanup
Event: 15.741 Executing VM operation: Cleanup done
Event: 16.741 Executing VM operation: Cleanup
Event: 16.741 Executing VM operation: Cleanup done
Event: 22.743 Executing VM operation: Cleanup
Event: 22.743 Executing VM operation: Cleanup done
Event: 23.744 Executing VM operation: Cleanup
Event: 23.744 Executing VM operation: Cleanup done
Event: 60.172 Executing VM operation: HandshakeAllThreads
Event: 60.172 Executing VM operation: HandshakeAllThreads done
Event: 92.277 Executing VM operation: Exit

Memory protections (0 events):
No events

Nmethod flushes (0 events):
No events

Events (20 events):
Event: 11.174 Thread 0x00000130eccd9e60 Thread added: 0x00000130f1164720
Event: 11.805 Thread 0x00000130f1164720 Thread exited: 0x00000130f1164720
Event: 11.987 Thread 0x00000130eccd9e60 Thread added: 0x00000130f1163c80
Event: 12.110 Thread 0x00000130f1163c80 Thread exited: 0x00000130f1163c80
Event: 12.323 Thread 0x00000130eccd9e60 Thread added: 0x00000130f1163c80
Event: 12.345 Thread 0x00000130eccd9e60 Thread added: 0x00000130f1164c70
Event: 12.507 Thread 0x00000130f1164c70 Thread exited: 0x00000130f1164c70
Event: 12.755 Thread 0x00000130f1163c80 Thread exited: 0x00000130f1163c80
Event: 13.696 Thread 0x00000130eccd9e60 Thread added: 0x00000130f1162740
Event: 13.703 Thread 0x00000130f16b32e0 Thread added: 0x00000130f162c3a0
Event: 13.714 Thread 0x00000130f162c3a0 Thread exited: 0x00000130f162c3a0
Event: 13.757 Thread 0x00000130eccd9e60 Thread added: 0x00000130f1163c80
Event: 15.877 Thread 0x00000130f1163c80 Thread exited: 0x00000130f1163c80
Event: 15.883 Thread 0x00000130f1162740 Thread exited: 0x00000130f1162740
Event: 92.275 Thread 0x00000130eccc8e80 Thread added: 0x00000130f1629610
Event: 92.275 Thread 0x00000130f1629610 Thread added: 0x00000130f162a030
Event: 92.275 Thread 0x00000130f1629610 Thread added: 0x00000130f162a540
Event: 92.276 Thread 0x00000130f162a540 Thread exited: 0x00000130f162a540
Event: 92.276 Thread 0x00000130f162a030 Thread exited: 0x00000130f162a030
Event: 92.277 Thread 0x00000130f1629610 Before exit entered


Dynamic libraries:
0x00007ff64f1f0000 - 0x00007ff64f1fe000 	C:\Users\jccas\.jdks\temurin-17.0.15\bin\java.exe
0x00007ffde29a0000 - 0x00007ffde2c05000 	C:\WINDOWS\SYSTEM32\ntdll.dll
0x00007ffde1640000 - 0x00007ffde1709000 	C:\WINDOWS\System32\KERNEL32.DLL
0x00007ffddfbc0000 - 0x00007ffddffa8000 	C:\WINDOWS\System32\KERNELBASE.dll
0x00007ffde0060000 - 0x00007ffde01ab000 	C:\WINDOWS\System32\ucrtbase.dll
0x00007ffdc7450000 - 0x00007ffdc746e000 	C:\Users\jccas\.jdks\temurin-17.0.15\bin\VCRUNTIME140.dll
0x00007ffdc3280000 - 0x00007ffdc3297000 	C:\Users\jccas\.jdks\temurin-17.0.15\bin\jli.dll
0x00007ffde1300000 - 0x00007ffde14ca000 	C:\WINDOWS\System32\USER32.dll
0x00007ffdb95f0000 - 0x00007ffdb988a000 	C:\WINDOWS\WinSxS\amd64_microsoft.windows.common-controls_6595b64144ccf1df_6.0.26100.4202_none_3e0698d4e335f517\COMCTL32.dll
0x00007ffddfb90000 - 0x00007ffddfbb7000 	C:\WINDOWS\System32\win32u.dll
0x00007ffde1d00000 - 0x00007ffde1da9000 	C:\WINDOWS\System32\msvcrt.dll
0x00007ffde1fb0000 - 0x00007ffde1fdb000 	C:\WINDOWS\System32\GDI32.dll
0x00007ffde0600000 - 0x00007ffde0737000 	C:\WINDOWS\System32\gdi32full.dll
0x00007ffddffb0000 - 0x00007ffde0053000 	C:\WINDOWS\System32\msvcp_win.dll
0x00007ffde0ae0000 - 0x00007ffde0b10000 	C:\WINDOWS\System32\IMM32.DLL
0x00007ffdc73e0000 - 0x00007ffdc73ec000 	C:\Users\jccas\.jdks\temurin-17.0.15\bin\vcruntime140_1.dll
0x00007ffda4790000 - 0x00007ffda481d000 	C:\Users\jccas\.jdks\temurin-17.0.15\bin\msvcp140.dll
0x00007ffd523f0000 - 0x00007ffd5305b000 	C:\Users\jccas\.jdks\temurin-17.0.15\bin\server\jvm.dll
0x00007ffde14d0000 - 0x00007ffde1583000 	C:\WINDOWS\System32\ADVAPI32.dll
0x00007ffde1590000 - 0x00007ffde1636000 	C:\WINDOWS\System32\sechost.dll
0x00007ffde1fe0000 - 0x00007ffde20f5000 	C:\WINDOWS\System32\RPCRT4.dll
0x00007ffde27f0000 - 0x00007ffde2864000 	C:\WINDOWS\System32\WS2_32.dll
0x00007ffddf940000 - 0x00007ffddf99e000 	C:\WINDOWS\SYSTEM32\POWRPROF.dll
0x00007ffdd4980000 - 0x00007ffdd49b5000 	C:\WINDOWS\SYSTEM32\WINMM.dll
0x00007ffdcf770000 - 0x00007ffdcf77b000 	C:\WINDOWS\SYSTEM32\VERSION.dll
0x00007ffddf920000 - 0x00007ffddf934000 	C:\WINDOWS\SYSTEM32\UMPDC.dll
0x00007ffdde890000 - 0x00007ffdde8ab000 	C:\WINDOWS\SYSTEM32\kernel.appcore.dll
0x00007ffdc3930000 - 0x00007ffdc393a000 	C:\Users\jccas\.jdks\temurin-17.0.15\bin\jimage.dll
0x00007ffddd210000 - 0x00007ffddd451000 	C:\WINDOWS\SYSTEM32\DBGHELP.DLL
0x00007ffde0740000 - 0x00007ffde0ac5000 	C:\WINDOWS\System32\combase.dll
0x00007ffde2870000 - 0x00007ffde2951000 	C:\WINDOWS\System32\OLEAUT32.dll
0x00007ffdbb030000 - 0x00007ffdbb069000 	C:\WINDOWS\SYSTEM32\dbgcore.DLL
0x00007ffddfaf0000 - 0x00007ffddfb89000 	C:\WINDOWS\System32\bcryptPrimitives.dll
0x00007ffdc3610000 - 0x00007ffdc361e000 	C:\Users\jccas\.jdks\temurin-17.0.15\bin\instrument.dll
0x00007ffdb36f0000 - 0x00007ffdb3715000 	C:\Users\jccas\.jdks\temurin-17.0.15\bin\java.dll
0x00007ffd9d890000 - 0x00007ffd9d967000 	C:\Users\jccas\.jdks\temurin-17.0.15\bin\jsvml.dll
0x00007ffde0b40000 - 0x00007ffde1282000 	C:\WINDOWS\System32\SHELL32.dll
0x00007ffde0240000 - 0x00007ffde03b4000 	C:\WINDOWS\System32\wintypes.dll
0x00007ffddd720000 - 0x00007ffdddf78000 	C:\WINDOWS\SYSTEM32\windows.storage.dll
0x00007ffde1c00000 - 0x00007ffde1cf1000 	C:\WINDOWS\System32\SHCORE.dll
0x00007ffde1290000 - 0x00007ffde12fa000 	C:\WINDOWS\System32\shlwapi.dll
0x00007ffddfa00000 - 0x00007ffddfa2f000 	C:\WINDOWS\SYSTEM32\profapi.dll
0x00007ffdbe100000 - 0x00007ffdbe119000 	C:\Users\jccas\.jdks\temurin-17.0.15\bin\net.dll
0x00007ffdd47f0000 - 0x00007ffdd490e000 	C:\WINDOWS\SYSTEM32\WINHTTP.dll
0x00007ffddee20000 - 0x00007ffddee8a000 	C:\WINDOWS\system32\mswsock.dll
0x00007ffdbdec0000 - 0x00007ffdbded6000 	C:\Users\jccas\.jdks\temurin-17.0.15\bin\nio.dll
0x00007ffdba060000 - 0x00007ffdba078000 	C:\Users\jccas\.jdks\temurin-17.0.15\bin\zip.dll
0x00007ffdb8cb0000 - 0x00007ffdb8cca000 	C:\Program Files\JetBrains\IntelliJ IDEA 2024.2.0.2\bin\breakgen64.dll
0x00007ffdc33f0000 - 0x00007ffdc33f9000 	C:\Users\jccas\.jdks\temurin-17.0.15\bin\extnet.dll
0x00000130cc9f0000 - 0x00000130cc9f3000 	C:\Program Files\JavaFX\javafx-sdk-17.0.15\bin\api-ms-win-core-console-l1-1-0.dll
0x00000130ce2b0000 - 0x00000130ce2b3000 	C:\Program Files\JavaFX\javafx-sdk-17.0.15\bin\api-ms-win-core-console-l1-2-0.dll
0x00000130ce2c0000 - 0x00000130ce2c3000 	C:\Program Files\JavaFX\javafx-sdk-17.0.15\bin\api-ms-win-core-datetime-l1-1-0.dll
0x00000130ce2d0000 - 0x00000130ce2d3000 	C:\Program Files\JavaFX\javafx-sdk-17.0.15\bin\api-ms-win-core-debug-l1-1-0.dll
0x00000130ce2e0000 - 0x00000130ce2e3000 	C:\Program Files\JavaFX\javafx-sdk-17.0.15\bin\api-ms-win-core-errorhandling-l1-1-0.dll
0x00000130ce2f0000 - 0x00000130ce2f4000 	C:\Program Files\JavaFX\javafx-sdk-17.0.15\bin\api-ms-win-core-file-l1-1-0.dll
0x00000130ce300000 - 0x00000130ce303000 	C:\Program Files\JavaFX\javafx-sdk-17.0.15\bin\api-ms-win-core-file-l1-2-0.dll
0x00000130ce310000 - 0x00000130ce313000 	C:\Program Files\JavaFX\javafx-sdk-17.0.15\bin\api-ms-win-core-file-l2-1-0.dll
0x00000130ce320000 - 0x00000130ce323000 	C:\Program Files\JavaFX\javafx-sdk-17.0.15\bin\api-ms-win-core-handle-l1-1-0.dll
0x00000130ce330000 - 0x00000130ce333000 	C:\Program Files\JavaFX\javafx-sdk-17.0.15\bin\api-ms-win-core-heap-l1-1-0.dll
0x00000130ce340000 - 0x00000130ce343000 	C:\Program Files\JavaFX\javafx-sdk-17.0.15\bin\api-ms-win-core-interlocked-l1-1-0.dll
0x00000130ce350000 - 0x00000130ce353000 	C:\Program Files\JavaFX\javafx-sdk-17.0.15\bin\api-ms-win-core-libraryloader-l1-1-0.dll
0x00000130ce360000 - 0x00000130ce363000 	C:\Program Files\JavaFX\javafx-sdk-17.0.15\bin\api-ms-win-core-localization-l1-2-0.dll
0x00000130ce370000 - 0x00000130ce373000 	C:\Program Files\JavaFX\javafx-sdk-17.0.15\bin\api-ms-win-core-memory-l1-1-0.dll
0x00000130ece50000 - 0x00000130ece53000 	C:\Program Files\JavaFX\javafx-sdk-17.0.15\bin\api-ms-win-core-namedpipe-l1-1-0.dll
0x00000130ece60000 - 0x00000130ece63000 	C:\Program Files\JavaFX\javafx-sdk-17.0.15\bin\api-ms-win-core-processenvironment-l1-1-0.dll
0x00000130ece70000 - 0x00000130ece73000 	C:\Program Files\JavaFX\javafx-sdk-17.0.15\bin\api-ms-win-core-processthreads-l1-1-0.dll
0x00000130ece80000 - 0x00000130ece83000 	C:\Program Files\JavaFX\javafx-sdk-17.0.15\bin\api-ms-win-core-processthreads-l1-1-1.dll
0x00000130ecfb0000 - 0x00000130ecfb3000 	C:\Program Files\JavaFX\javafx-sdk-17.0.15\bin\api-ms-win-core-profile-l1-1-0.dll
0x00000130ece90000 - 0x00000130ece93000 	C:\Program Files\JavaFX\javafx-sdk-17.0.15\bin\api-ms-win-core-rtlsupport-l1-1-0.dll
0x00000130ecea0000 - 0x00000130ecea3000 	C:\Program Files\JavaFX\javafx-sdk-17.0.15\bin\api-ms-win-core-string-l1-1-0.dll
0x00000130eceb0000 - 0x00000130eceb3000 	C:\Program Files\JavaFX\javafx-sdk-17.0.15\bin\api-ms-win-core-synch-l1-1-0.dll
0x00000130ecec0000 - 0x00000130ecec3000 	C:\Program Files\JavaFX\javafx-sdk-17.0.15\bin\api-ms-win-core-synch-l1-2-0.dll
0x00000130eced0000 - 0x00000130eced3000 	C:\Program Files\JavaFX\javafx-sdk-17.0.15\bin\api-ms-win-core-sysinfo-l1-1-0.dll
0x00000130ecee0000 - 0x00000130ecee3000 	C:\Program Files\JavaFX\javafx-sdk-17.0.15\bin\api-ms-win-core-timezone-l1-1-0.dll
0x00000130ecef0000 - 0x00000130ecef3000 	C:\Program Files\JavaFX\javafx-sdk-17.0.15\bin\api-ms-win-core-util-l1-1-0.dll
0x00000130ecf00000 - 0x00000130ecf03000 	C:\Program Files\JavaFX\javafx-sdk-17.0.15\bin\api-ms-win-crt-conio-l1-1-0.dll
0x00000130ecf10000 - 0x00000130ecf14000 	C:\Program Files\JavaFX\javafx-sdk-17.0.15\bin\api-ms-win-crt-convert-l1-1-0.dll
0x00000130ecf20000 - 0x00000130ecf23000 	C:\Program Files\JavaFX\javafx-sdk-17.0.15\bin\api-ms-win-crt-environment-l1-1-0.dll
0x00000130ecf30000 - 0x00000130ecf33000 	C:\Program Files\JavaFX\javafx-sdk-17.0.15\bin\api-ms-win-crt-filesystem-l1-1-0.dll
0x00000130ecf40000 - 0x00000130ecf43000 	C:\Program Files\JavaFX\javafx-sdk-17.0.15\bin\api-ms-win-crt-heap-l1-1-0.dll
0x00000130ecf50000 - 0x00000130ecf53000 	C:\Program Files\JavaFX\javafx-sdk-17.0.15\bin\api-ms-win-crt-locale-l1-1-0.dll
0x00000130ecf60000 - 0x00000130ecf65000 	C:\Program Files\JavaFX\javafx-sdk-17.0.15\bin\api-ms-win-crt-math-l1-1-0.dll
0x00000130ecf70000 - 0x00000130ecf75000 	C:\Program Files\JavaFX\javafx-sdk-17.0.15\bin\api-ms-win-crt-multibyte-l1-1-0.dll
0x00000130ecf80000 - 0x00000130ecf90000 	C:\Program Files\JavaFX\javafx-sdk-17.0.15\bin\api-ms-win-crt-private-l1-1-0.dll
0x00000130ecf90000 - 0x00000130ecf93000 	C:\Program Files\JavaFX\javafx-sdk-17.0.15\bin\api-ms-win-crt-process-l1-1-0.dll
0x00000130ecfa0000 - 0x00000130ecfa4000 	C:\Program Files\JavaFX\javafx-sdk-17.0.15\bin\api-ms-win-crt-runtime-l1-1-0.dll
0x00000130ecfc0000 - 0x00000130ecfc4000 	C:\Program Files\JavaFX\javafx-sdk-17.0.15\bin\api-ms-win-crt-stdio-l1-1-0.dll
0x00000130ecfd0000 - 0x00000130ecfd4000 	C:\Program Files\JavaFX\javafx-sdk-17.0.15\bin\api-ms-win-crt-string-l1-1-0.dll
0x00000130ecfe0000 - 0x00000130ecfe3000 	C:\Program Files\JavaFX\javafx-sdk-17.0.15\bin\api-ms-win-crt-time-l1-1-0.dll
0x00000130ecff0000 - 0x00000130ecff3000 	C:\Program Files\JavaFX\javafx-sdk-17.0.15\bin\api-ms-win-crt-utility-l1-1-0.dll
0x00007ffd941f0000 - 0x00007ffd942ec000 	C:\Program Files\JavaFX\javafx-sdk-17.0.15\bin\ucrtbase.dll
0x00007ffdb8c40000 - 0x00007ffdb8c5b000 	C:\Program Files\JavaFX\javafx-sdk-17.0.15\bin\vcruntime140.dll
0x00007ffdc3390000 - 0x00007ffdc339c000 	C:\Program Files\JavaFX\javafx-sdk-17.0.15\bin\vcruntime140_1.dll
0x00007ffd96080000 - 0x00007ffd9610e000 	C:\Program Files\JavaFX\javafx-sdk-17.0.15\bin\msvcp140.dll
0x00007ffdc2e30000 - 0x00007ffdc2e39000 	C:\Program Files\JavaFX\javafx-sdk-17.0.15\bin\msvcp140_1.dll
0x00007ffdaaac0000 - 0x00007ffdaab01000 	C:\Program Files\JavaFX\javafx-sdk-17.0.15\bin\msvcp140_2.dll
0x00007ffdac170000 - 0x00007ffdac19a000 	C:\Program Files\JavaFX\javafx-sdk-17.0.15\bin\prism_d3d.dll
0x00007ffda1c70000 - 0x00007ffda1e27000 	C:\WINDOWS\system32\d3d9.dll
0x00007ffddca30000 - 0x00007ffddca66000 	C:\WINDOWS\SYSTEM32\dwmapi.dll
0x00007ffddc9c0000 - 0x00007ffddca0d000 	C:\WINDOWS\SYSTEM32\dxcore.dll
0x00007ffddc6e0000 - 0x00007ffddc78f000 	C:\WINDOWS\system32\uxtheme.dll
0x00007ffd61920000 - 0x00007ffd61b58000 	C:\WINDOWS\System32\DriverStore\FileRepository\iigd_dch.inf_amd64_0fdf6ce291234272\igdumdim64.dll
0x00007ffde2100000 - 0x00007ffde229e000 	C:\WINDOWS\System32\ole32.dll
0x00007ffd29b30000 - 0x00007ffd2aea0000 	C:\WINDOWS\System32\DriverStore\FileRepository\iigd_dch.inf_amd64_0fdf6ce291234272\igd9dxva64.dll
0x00007ffde22e0000 - 0x00007ffde2766000 	C:\WINDOWS\System32\SETUPAPI.dll
0x00007ffddf660000 - 0x00007ffddf6b7000 	C:\WINDOWS\SYSTEM32\cfgmgr32.dll
0x00007ffd838e0000 - 0x00007ffd85601000 	C:\WINDOWS\System32\DriverStore\FileRepository\iigd_dch.inf_amd64_0fdf6ce291234272\media_bin_64.dll
0x00007ffdd3bb0000 - 0x00007ffdd3fe8000 	C:\WINDOWS\System32\DriverStore\FileRepository\iigd_dch.inf_amd64_0fdf6ce291234272\igdgmm64.dll
0x00007ffddc810000 - 0x00007ffddc871000 	C:\WINDOWS\SYSTEM32\directxdatabasehelper.dll
0x00007ffda8bd0000 - 0x00007ffda8c12000 	C:\Program Files\JavaFX\javafx-sdk-17.0.15\bin\glass.dll
0x00007ffde1710000 - 0x00007ffde1806000 	C:\WINDOWS\System32\COMDLG32.dll
0x00007ffde1e40000 - 0x00007ffde1fa0000 	C:\WINDOWS\System32\MSCTF.dll
0x00007ffd87fe0000 - 0x00007ffd88007000 	C:\WINDOWS\System32\DriverStore\FileRepository\iigd_dch.inf_amd64_0fdf6ce291234272\igdinfo64.dll
0x00007ffdcfd00000 - 0x00007ffdd3bad000 	C:\WINDOWS\System32\DriverStore\FileRepository\iigd_dch.inf_amd64_0fdf6ce291234272\igc64.dll
0x00007ffdab290000 - 0x00007ffdab2bd000 	C:\Program Files\JavaFX\javafx-sdk-17.0.15\bin\javafx_iio.dll
0x00007ffdb36d0000 - 0x00007ffdb36e5000 	C:\Program Files\JavaFX\javafx-sdk-17.0.15\bin\javafx_font.dll
0x00007ffddaf50000 - 0x00007ffddb1bb000 	C:\WINDOWS\SYSTEM32\dwrite.dll
0x00007ffde1860000 - 0x00007ffde1908000 	C:\WINDOWS\System32\clbcatq.dll
0x00007ffddacd0000 - 0x00007ffddaf09000 	C:\WINDOWS\SYSTEM32\WindowsCodecs.dll
0x00007ffdaa4f0000 - 0x00007ffdaa54a000 	C:\WINDOWS\system32\dataexchange.dll
0x00007ffdcdbe0000 - 0x00007ffdcde1a000 	C:\WINDOWS\system32\twinapi.appcore.dll
0x00007ffd8f100000 - 0x00007ffd8f12c000 	C:\Program Files\Common Files\Microsoft Shared\Ink\rtscom.dll
0x00007ffdc75b0000 - 0x00007ffdc7700000 	C:\WINDOWS\SYSTEM32\textinputframework.dll
0x00007ffddc1f0000 - 0x00007ffddc315000 	C:\WINDOWS\SYSTEM32\CoreMessaging.dll
0x00007ffdd71b0000 - 0x00007ffdd7493000 	C:\WINDOWS\SYSTEM32\CoreUIComponents.dll
0x00007ffddf0f0000 - 0x00007ffddf0fc000 	C:\WINDOWS\SYSTEM32\CRYPTBASE.DLL
0x00007ffdde370000 - 0x00007ffdde497000 	C:\WINDOWS\SYSTEM32\DNSAPI.dll
0x00007ffdde2d0000 - 0x00007ffdde303000 	C:\WINDOWS\SYSTEM32\IPHLPAPI.DLL

dbghelp: loaded successfully - version: 4.0.5 - missing functions: none
symbol engine: initialized successfully - sym options: 0x614 - pdb path: .;C:\Users\jccas\.jdks\temurin-17.0.15\bin;C:\WINDOWS\SYSTEM32;C:\WINDOWS\WinSxS\amd64_microsoft.windows.common-controls_6595b64144ccf1df_6.0.26100.4202_none_3e0698d4e335f517;C:\Users\jccas\.jdks\temurin-17.0.15\bin\server;C:\Program Files\JetBrains\IntelliJ IDEA 2024.2.0.2\bin;C:\Program Files\JavaFX\javafx-sdk-17.0.15\bin;C:\WINDOWS\System32\DriverStore\FileRepository\iigd_dch.inf_amd64_0fdf6ce291234272;C:\Program Files\Common Files\Microsoft Shared\Ink

VM Arguments:
jvm_args: --module-path=C:\Program Files\JavaFX\javafx-sdk-17.0.15\lib --add-modules=javafx.controls,javafx.fxml,javafx.graphics,javafx.base -javaagent:C:\Program Files\JetBrains\IntelliJ IDEA 2024.2.0.2\lib\idea_rt.jar=63317:C:\Program Files\JetBrains\IntelliJ IDEA 2024.2.0.2\bin -Dfile.encoding=UTF-8 
java_command: professionalpractice.ProfessionalPractices
java_class_path (initial): C:\TrabajosProgramacion\PC\ProyectoModificado\Professional-Practices-software\out\production\Professional-Practices-software;C:\TrabajosProgramacion\PC\ProyectoModificado\Professional-Practices-software\dependencies\jbcrypt-0.4.jar;C:\TrabajosProgramacion\PC\ProyectoModificado\Professional-Practices-software\dependencies\mysql-connector-java-8.0.20.jar;C:\Program Files\JavaFX\javafx-sdk-17.0.15\lib\javafx-swt.jar;C:\Program Files\JavaFX\javafx-sdk-17.0.15\lib\javafx.web.jar;C:\Program Files\JavaFX\javafx-sdk-17.0.15\lib\javafx.base.jar;C:\Program Files\JavaFX\javafx-sdk-17.0.15\lib\javafx.fxml.jar;C:\Program Files\JavaFX\javafx-sdk-17.0.15\lib\javafx.media.jar;C:\Program Files\JavaFX\javafx-sdk-17.0.15\lib\javafx.swing.jar;C:\Program Files\JavaFX\javafx-sdk-17.0.15\lib\javafx.controls.jar;C:\Program Files\JavaFX\javafx-sdk-17.0.15\lib\javafx.graphics.jar
Launcher Type: SUN_STANDARD

[Global flags]
     intx CICompilerCount                          = 4                                         {product} {ergonomic}
     uint ConcGCThreads                            = 2                                         {product} {ergonomic}
     uint G1ConcRefinementThreads                  = 8                                         {product} {ergonomic}
   size_t G1HeapRegionSize                         = 1048576                                   {product} {ergonomic}
    uintx GCDrainStackTargetSize                   = 64                                        {product} {ergonomic}
   size_t InitialHeapSize                          = 132120576                                 {product} {ergonomic}
   size_t MarkStackSize                            = 4194304                                   {product} {ergonomic}
   size_t MaxHeapSize                              = 2086666240                                {product} {ergonomic}
   size_t MaxNewSize                               = 1251999744                                {product} {ergonomic}
   size_t MinHeapDeltaBytes                        = 1048576                                   {product} {ergonomic}
   size_t MinHeapSize                              = 8388608                                   {product} {ergonomic}
    uintx NonNMethodCodeHeapSize                   = 5839372                                {pd product} {ergonomic}
    uintx NonProfiledCodeHeapSize                  = 122909434                              {pd product} {ergonomic}
    uintx ProfiledCodeHeapSize                     = 122909434                              {pd product} {ergonomic}
    uintx ReservedCodeCacheSize                    = 251658240                              {pd product} {ergonomic}
     bool SegmentedCodeCache                       = true                                      {product} {ergonomic}
   size_t SoftMaxHeapSize                          = 2086666240                             {manageable} {ergonomic}
     bool UseCompressedClassPointers               = true                           {product lp64_product} {ergonomic}
     bool UseCompressedOops                        = true                           {product lp64_product} {ergonomic}
     bool UseG1GC                                  = true                                      {product} {ergonomic}
     bool UseLargePagesIndividualAllocation        = false                                  {pd product} {ergonomic}

Logging:
Log output configuration:
 #0: stdout all=off uptime,level,tags
 #1: stderr all=off uptime,level,tags

Environment Variables:
PATH=C:\Program Files\Eclipse Adoptium\jdk-21.0.7.6-hotspot\bin;C:\Program Files\MySQL\MySQL Server 8.0\bin;C:\Program Files (x86)\Common Files\Oracle\Java\java8path;C:\Program Files\Common Files\Oracle\Java\javapath;C:\Program Files (x86)\Common Files\Oracle\Java\javapath;C:\WINDOWS\system32;C:\WINDOWS;C:\WINDOWS\System32\Wbem;C:\WINDOWS\System32\WindowsPowerShell\v1.0\;C:\WINDOWS\System32\OpenSSH\;C:\Program Files (x86)\Common Files\i2 Shared\Geotrans\;C:\Program Files (x86)\Common Files\i2 Shared\i2 Online iLink 8\Components\;C:\Program Files\HP\HP One Agent;C:\Users\jccas\AppData\Local\Programs\Python\Python313;C:\WINDOWS\system32;C:\WINDOWS;C:\WINDOWS\System32\Wbem;C:\WINDOWS\System32\WindowsPowerShell\v1.0\;C:\WINDOWS\System32\OpenSSH\;C:\Program Files\dotnet\;C:\Program Files\Git\cmd;C:\Program Files\MySQL\MySQL Server 8.0\bin;C:\Users\jccas\AppData\Local\Programs\Python\Launcher\;C:\xampp\htdocs\UAI\vistas\index.ine_nacional.vista.php;C:\Users\jccas\AppData\Local\Microsoft\WindowsApps;C:\Users\jccas\AppData\Local\JetBrains\Toolbox\scripts;C:\Users\jccas\AppData\Local\Programs\Microsoft VS Code\bin;C:\Users\jccas\.dotnet\tools;
USERNAME=jccas
OS=Windows_NT
PROCESSOR_IDENTIFIER=Intel64 Family 6 Model 140 Stepping 1, GenuineIntel
TMP=C:\Users\jccas\AppData\Local\Temp
TEMP=C:\Users\jccas\AppData\Local\Temp



Periodic native trim disabled


---------------  S Y S T E M  ---------------

OS:
 Windows 11 , 64 bit Build 26100 (10.0.26100.4202)
OS uptime: 5 days 1:19 hours
Hyper-V role detected

CPU: total 8 (initial active 8) (4 cores per cpu, 2 threads per core) family 6 model 140 stepping 1 microcode 0x86, cx8, cmov, fxsr, ht, mmx, 3dnowpref, sse, sse2, sse3, ssse3, sse4.1, sse4.2, popcnt, lzcnt, tsc, tscinvbit, avx, avx2, aes, erms, clmul, bmi1, bmi2, adx, avx512f, avx512dq, avx512cd, avx512bw, avx512vl, sha, fma, vzeroupper, avx512_vpopcntdq, avx512_vpclmulqdq, avx512_vaes, avx512_vnni, clflush, clflushopt, clwb, avx512_vbmi2, avx512_vbmi, hv
Processor Information for all 8 processors :
  Max Mhz: 2419, Current Mhz: 2419, Mhz Limit: 2419

Memory: 4k page, system-wide physical 7957M (1577M free)
TotalPageFile size 16838M (AvailPageFile size 1834M)
current process WorkingSet (physical memory assigned to process): 238M, peak: 298M
current process commit charge ("private bytes"): 370M, peak: 396M

vm_info: OpenJDK 64-Bit Server VM (17.0.15+6) for windows-amd64 JRE (17.0.15+6), built on Apr 15 2025 21:25:47 by "admin" with MS VC++ 17.7 (VS2022)

END.
