#
# A fatal error has been detected by the Java Runtime Environment:
#
#  EXCEPTION_ACCESS_VIOLATION (0xc0000005) at pc=0x00007ffda8bf68a7, pid=17880, tid=3600
#
# JRE version: OpenJDK Runtime Environment Temurin-17.0.15+6 (17.0.15+6) (build 17.0.15+6)
# Java VM: OpenJDK 64-Bit Server VM Temurin-17.0.15+6 (17.0.15+6, mixed mode, sharing, tiered, compressed oops, compressed class ptrs, g1 gc, windows-amd64)
# Problematic frame:
# C  [glass.dll+0x268a7]
#
# No core dump will be written. Minidumps are not enabled by default on client versions of Windows
#
# If you would like to submit a bug report, please visit:
#   https://github.com/adoptium/adoptium-support/issues
#

---------------  S U M M A R Y ------------

Command Line: --module-path=C:\Program Files\JavaFX\javafx-sdk-17.0.15\lib --add-modules=javafx.controls,javafx.fxml,javafx.graphics,javafx.base -javaagent:C:\Program Files\JetBrains\IntelliJ IDEA 2024.2.0.2\lib\idea_rt.jar=63909:C:\Program Files\JetBrains\IntelliJ IDEA 2024.2.0.2\bin -Dfile.encoding=UTF-8 professionalpractice.ProfessionalPractices

Host: 11th Gen Intel(R) Core(TM) i5-1135G7 @ 2.40GHz, 8 cores, 7G,  Windows 11 , 64 bit Build 26100 (10.0.26100.4202)
Time: Thu Jun 19 16:09:16 2025 Hora estándar central (México) elapsed time: 273.662834 seconds (0d 0h 4m 33s)

---------------  T H R E A D  ---------------

Current thread (0x00000225b7a4e970):  VMThread "VM Thread" [stack: 0x00000079a4800000,0x00000079a4900000] [id=3600]

Stack: [0x00000079a4800000,0x00000079a4900000],  sp=0x00000079a48feb50,  free space=1018k
Native frames: (J=compiled Java code, j=interpreted, Vv=VM code, C=native code)
C  [glass.dll+0x268a7]


siginfo: EXCEPTION_ACCESS_VIOLATION (0xc0000005), reading address 0x0000000000000000


Registers:
RAX=0x0000000000000000, RBX=0x00000225b7a64450, RCX=0x00000225b7a4e970, RDX=0x00000079a48feb50
RSP=0x00000079a48feb50, RBP=0x0000df2addd91802, RSI=0x00000225fd82ff78, RDI=0x00000225fd82ff50
R8 =0x0000000000010002, R9 =0x0000df2addd91802, R10=0x00000225974b0000, R11=0x00000079a48fea00
R12=0x00007ffda8bd0000, R13=0x000000007ffe0385, R14=0x00000079a48fec58, R15=0x00000225fd82ff50
RIP=0x00007ffda8bf68a7, EFLAGS=0x0000000000010206

XMM[0]=0x0000000000000000 0x0000000000000000
XMM[1]=0x0000000000000000 0x00000079a48fd7b0
XMM[2]=0x0000000000000000 0x0000000000000000
XMM[3]=0x0000000000000000 0x0000000000000000
XMM[4]=0x0000000000000000 0x0000000000000000
XMM[5]=0x0000000000000000 0x0000000000000000
XMM[6]=0x0000000000000000 0x404e000000000000
XMM[7]=0x0000000000000000 0x0000000000000000
XMM[8]=0x0000000000000000 0x0000000000000000
XMM[9]=0x0000000000000000 0x0000000000000000
XMM[10]=0x0000000000000000 0x0000000000000000
XMM[11]=0x0000000000000000 0x0000000000000000
XMM[12]=0x0000000000000000 0x0000000000000000
XMM[13]=0x0000000000000000 0x0000000000000000
XMM[14]=0x0000000000000000 0x0000000000000000
XMM[15]=0x0000000000000000 0x0000000000000000
  MXCSR=0x00001fa1


Register to memory mapping:

RIP=0x00007ffda8bf68a7 glass.dll
RAX=0x0 is NULL
RBX=0x00000225b7a64450 is a global jni handle
RCX=0x00000225b7a4e970 points into unknown readable memory: 0x00007ffd52de2bb8 | b8 2b de 52 fd 7f 00 00
RDX=0x00000079a48feb50 points into unknown readable memory: 0x0000000000000000 | 00 00 00 00 00 00 00 00
RSP=0x00000079a48feb50 points into unknown readable memory: 0x0000000000000000 | 00 00 00 00 00 00 00 00
RBP=0x0000df2addd91802 is an unknown value
RSI=0x00000225fd82ff78 points into unknown readable memory: 0x0000df2addd91802 | 02 18 d9 dd 2a df 00 00
RDI=0x00000225fd82ff50 points into unknown readable memory: 0x000120dc7f25ec22 | 22 ec 25 7f dc 20 01 00
R8 =0x0000000000010002 is an unknown value
R9 =0x0000df2addd91802 is an unknown value
R10=0x00000225974b0000 points into unknown readable memory: 0x0000000000000000 | 00 00 00 00 00 00 00 00
R11=0x00000079a48fea00 points into unknown readable memory: 0x0000000000000000 | 00 00 00 00 00 00 00 00
R12=0x00007ffda8bd0000 glass.dll
R13=0x000000007ffe0385 points into unknown readable memory: 00 00 00
R14=0x00000079a48fec58 points into unknown readable memory: 0x00000079a48fec40 | 40 ec 8f a4 79 00 00 00
R15=0x00000225fd82ff50 points into unknown readable memory: 0x000120dc7f25ec22 | 22 ec 25 7f dc 20 01 00


Top of Stack: (sp=0x00000079a48feb50)
0x00000079a48feb50:   0000000000000000 0000022500000000
0x00000079a48feb60:   00000225fd68af00 00007ffda8bd0000
0x00000079a48feb70:   00000225fd82ff58 00007ffde00abc75
0x00000079a48feb80:   00000225fd82ff50 0000022500000000
0x00000079a48feb90:   00000225fd82ff70 0000df2addd91802
0x00000079a48feba0:   fffffffffffffffe 00007ffddfcc96ab
0x00000079a48febb0:   0000000000000000 00007ffda8bd0000
0x00000079a48febc0:   00000079a48fec48 00007ffde00ab897
0x00000079a48febd0:   00000079a48fec00 00000079a48fec58
0x00000079a48febe0:   00000079a48ff180 00007ffde01988c0
0x00000079a48febf0:   0000000000000001 00007ffde00ab84d
0x00000079a48fec00:   0000000000000000 0000000000000001
0x00000079a48fec10:   0000000000000000 00000079a48fec48
0x00000079a48fec20:   fffffffffffffffe 00000079a48ff100
0x00000079a48fec30:   0000000000000000 00007ffda8bf407d
0x00000079a48fec40:   00007ffda8c0a008 00007ffd00000002
0x00000079a48fec50:   0000000000000002 00000079a48fec40
0x00000079a48fec60:   0000000000000000 00007ffdde2e908d
0x00000079a48fec70:   0000000000000000 00007ffda8bf41a2
0x00000079a48fec80:   0000000000000001 000000007ffe0384
0x00000079a48fec90:   0000000000000001 0000000000000001
0x00000079a48feca0:   000000007ffe0384 00007ffddf0f277e
0x00000079a48fecb0:   0000000000000001 000000000000008d
0x00000079a48fecc0:   00007ffda8bf41f0 0000000000000001
0x00000079a48fecd0:   0000000000000001 00007ffde2a12983
0x00000079a48fece0:   00007ffda8bd0000 0000000000000000
0x00000079a48fecf0:   0000000000000001 000000007ffe0384
0x00000079a48fed00:   000000000000005e 0000000000000000
0x00000079a48fed10:   0000000000000000 0000000000000000
0x00000079a48fed20:   00007ffda8bd0000 fffffaec00000000
0x00000079a48fed30:   000000000000008b 0000000000000000
0x00000079a48fed40:   0000000000000000 00000225977d67b0 

Instructions: (pc=0x00007ffda8bf68a7)
0x00007ffda8bf67a7:   8b 4d 58 e8 8d cf ff ff 48 8b 4d 60 e8 84 cf ff
0x00007ffda8bf67b7:   ff 48 8b 95 80 00 00 00 48 8b 8d 18 01 00 00 e8
0x00007ffda8bf67c7:   76 c4 ff ff 33 d2 33 c9 e8 cc e1 ff ff 90 48 89
0x00007ffda8bf67d7:   54 24 10 55 48 83 ec 20 48 8b ea 48 b8 00 00 00
0x00007ffda8bf67e7:   00 00 00 00 00 48 83 c4 20 5d c3 cc 40 55 48 8b
0x00007ffda8bf67f7:   ea 48 8b 01 33 c9 81 38 05 00 00 c0 0f 94 c1 8b
0x00007ffda8bf6807:   c1 5d c3 cc 40 55 48 83 ec 20 48 8b ea 8a 4d 40
0x00007ffda8bf6817:   48 83 c4 20 5d e9 73 d3 ff ff cc 40 55 48 83 ec
0x00007ffda8bf6827:   20 48 8b ea 8a 4d 20 e8 61 d3 ff ff 90 48 83 c4
0x00007ffda8bf6837:   20 5d c3 cc 40 55 48 83 ec 20 48 8b ea 48 83 c4
0x00007ffda8bf6847:   20 5d e9 c2 d1 ff ff cc 40 55 48 83 ec 30 48 8b
0x00007ffda8bf6857:   ea 48 8b 01 8b 10 48 89 4c 24 28 89 54 24 20 4c
0x00007ffda8bf6867:   8d 0d 63 d6 ff ff 4c 8b 45 70 8b 55 68 48 8b 4d
0x00007ffda8bf6877:   60 e8 03 d1 ff ff 90 48 83 c4 30 5d c3 cc cc cc
0x00007ffda8bf6887:   cc cc cc cc cc cc cc cc cc 40 53 48 83 ec 20 48
0x00007ffda8bf6897:   8b 1d 6b 31 01 00 48 85 db 74 16 e8 89 8b ff ff
0x00007ffda8bf68a7:   4c 8b 00 48 8b d3 48 8b c8 41 ff 90 b0 00 00 00
0x00007ffda8bf68b7:   90 48 83 c4 20 5b c3 cc cc 40 53 48 83 ec 20 48
0x00007ffda8bf68c7:   8b 1d db 32 01 00 48 85 db 74 57 b8 ff ff ff ff
0x00007ffda8bf68d7:   f0 0f c1 43 10 83 f8 01 75 3d 48 85 db 74 38 48
0x00007ffda8bf68e7:   8b 0b 48 85 c9 74 0d ff 15 b4 09 00 00 48 c7 03
0x00007ffda8bf68f7:   00 00 00 00 48 8b 4b 08 48 85 c9 74 0d e8 33 ce
0x00007ffda8bf6907:   ff ff 48 c7 43 08 00 00 00 00 ba 18 00 00 00 48
0x00007ffda8bf6917:   8b cb e8 1e ce ff ff 48 c7 05 7f 32 01 00 00 00
0x00007ffda8bf6927:   00 00 48 83 c4 20 5b c3 cc 40 53 48 83 ec 20 48
0x00007ffda8bf6937:   8b 1d 4b 32 01 00 48 85 db 74 57 b8 ff ff ff ff
0x00007ffda8bf6947:   f0 0f c1 43 10 83 f8 01 75 3d 48 85 db 74 38 48
0x00007ffda8bf6957:   8b 0b 48 85 c9 74 0d ff 15 44 09 00 00 48 c7 03
0x00007ffda8bf6967:   00 00 00 00 48 8b 4b 08 48 85 c9 74 0d e8 c3 cd
0x00007ffda8bf6977:   ff ff 48 c7 43 08 00 00 00 00 ba 18 00 00 00 48
0x00007ffda8bf6987:   8b cb e8 ae cd ff ff 48 c7 05 ef 31 01 00 00 00
0x00007ffda8bf6997:   00 00 48 83 c4 20 5b c3 cc 40 53 48 83 ec 20 48 


Stack slot to memory mapping:
stack at sp + 0 slots: 0x0 is NULL
stack at sp + 1 slots: 0x0000022500000000 is an unknown value
stack at sp + 2 slots: 0x00000225fd68af00 points into unknown readable memory: 0x00000225fd68b320 | 20 b3 68 fd 25 02 00 00
stack at sp + 3 slots: 0x00007ffda8bd0000 glass.dll
stack at sp + 4 slots: 0x00000225fd82ff58 points into unknown readable memory: 0x0000df2addd91802 | 02 18 d9 dd 2a df 00 00
stack at sp + 5 slots: 0x00007ffde00abc75 ucrtbase.dll
stack at sp + 6 slots: 0x00000225fd82ff50 points into unknown readable memory: 0x000120dc7f25ec22 | 22 ec 25 7f dc 20 01 00
stack at sp + 7 slots: 0x0000022500000000 is an unknown value

VM_Operation (0x00000079a40fee30): Exit, mode: safepoint, requested by thread 0x00000225fe091000


---------------  P R O C E S S  ---------------

Threads class SMR info:
_java_thread_list=0x00000225fd90b410, length=21, elements={
0x0000022598fc9050, 0x00000225b7a56a30, 0x00000225b7a58160, 0x00000225b7a6f280,
0x00000225b7a707b0, 0x00000225b7a71ce0, 0x00000225b7a73c00, 0x00000225b7a80730,
0x00000225b7a83cb0, 0x00000225b7cbcfd0, 0x00000225fd711320, 0x00000225fd711800,
0x00000225fdcd3320, 0x00000225fd894d70, 0x00000225fd12a9b0, 0x00000225fdd8b8f0,
0x00000225fddd5970, 0x00000225fe091a20, 0x00000225fe092440, 0x00000225fe091f30,
0x00000225fe091000
}

Java Threads: ( => current thread )
  0x0000022598fc9050 JavaThread "main" [_thread_blocked, id=17752, stack(0x00000079a4200000,0x00000079a4300000)]
  0x00000225b7a56a30 JavaThread "Reference Handler" daemon [_thread_blocked, id=7384, stack(0x00000079a4900000,0x00000079a4a00000)]
  0x00000225b7a58160 JavaThread "Finalizer" daemon [_thread_blocked, id=9492, stack(0x00000079a4a00000,0x00000079a4b00000)]
  0x00000225b7a6f280 JavaThread "Attach Listener" daemon [_thread_blocked, id=24864, stack(0x00000079a4c00000,0x00000079a4d00000)]
  0x00000225b7a707b0 JavaThread "Service Thread" daemon [_thread_blocked, id=10848, stack(0x00000079a4d00000,0x00000079a4e00000)]
  0x00000225b7a71ce0 JavaThread "Monitor Deflation Thread" daemon [_thread_blocked, id=18024, stack(0x00000079a4e00000,0x00000079a4f00000)]
  0x00000225b7a73c00 JavaThread "C2 CompilerThread0" daemon [_thread_blocked, id=27156, stack(0x00000079a4f00000,0x00000079a5000000)]
  0x00000225b7a80730 JavaThread "C1 CompilerThread0" daemon [_thread_blocked, id=26536, stack(0x00000079a5000000,0x00000079a5100000)]
  0x00000225b7a83cb0 JavaThread "Sweeper thread" daemon [_thread_blocked, id=13008, stack(0x00000079a5100000,0x00000079a5200000)]
  0x00000225b7cbcfd0 JavaThread "Common-Cleaner" daemon [_thread_blocked, id=26272, stack(0x00000079a5200000,0x00000079a5300000)]
  0x00000225fd711320 JavaThread "Monitor Ctrl-Break" daemon [_thread_in_native, id=25004, stack(0x00000079a5500000,0x00000079a5600000)]
  0x00000225fd711800 JavaThread "Notification Thread" daemon [_thread_blocked, id=10504, stack(0x00000079a5600000,0x00000079a5700000)]
  0x00000225fdcd3320 JavaThread "QuantumRenderer-0" daemon [_thread_blocked, id=744, stack(0x00000079a5300000,0x00000079a5400000)]
  0x00000225fd894d70 JavaThread "InvokeLaterDispatcher" daemon [_thread_blocked, id=1408, stack(0x00000079a5400000,0x00000079a5500000)]
  0x00000225fd12a9b0 JavaThread "JavaFX Application Thread" [_thread_in_native, id=6332, stack(0x00000079a5800000,0x00000079a5900000)]
  0x00000225fdd8b8f0 JavaThread "JavaFX-Launcher" [_thread_blocked, id=5732, stack(0x00000079a5d00000,0x00000079a5e00000)]
  0x00000225fddd5970 JavaThread "Thread-2" daemon [_thread_in_native, id=25428, stack(0x00000079a5c00000,0x00000079a5d00000)]
  0x00000225fe091a20 JavaThread "Prism Font Disposer" daemon [_thread_blocked, id=20496, stack(0x00000079a6700000,0x00000079a6800000)]
  0x00000225fe092440 JavaThread "Cleaner-0" daemon [_thread_blocked, id=10032, stack(0x00000079a6a00000,0x00000079a6b00000)]
  0x00000225fe091f30 JavaThread "mysql-cj-abandoned-connection-cleanup" daemon [_thread_blocked, id=17464, stack(0x00000079a6b00000,0x00000079a6c00000)]
  0x00000225fe091000 JavaThread "SIGINT handler" daemon [_thread_blocked, id=25988, stack(0x00000079a4000000,0x00000079a4100000)]

Other Threads:
=>0x00000225b7a4e970 VMThread "VM Thread" [stack: 0x00000079a4800000,0x00000079a4900000] [id=3600]
  0x0000022599026120 GCTaskThread "GC Thread#0" [stack: 0x00000079a4300000,0x00000079a4400000] [id=11088]
  0x00000225b7cd2de0 GCTaskThread "GC Thread#1" [stack: 0x00000079a5e00000,0x00000079a5f00000] [id=17908]
  0x00000225b7cd30a0 GCTaskThread "GC Thread#2" [stack: 0x00000079a5f00000,0x00000079a6000000] [id=21224]
  0x00000225b7cd38e0 GCTaskThread "GC Thread#3" [stack: 0x00000079a6000000,0x00000079a6100000] [id=10004]
  0x00000225b7cd2860 GCTaskThread "GC Thread#4" [stack: 0x00000079a6100000,0x00000079a6200000] [id=11496]
  0x00000225b7cd22e0 GCTaskThread "GC Thread#5" [stack: 0x00000079a6200000,0x00000079a6300000] [id=11012]
  0x00000225b7cd3360 GCTaskThread "GC Thread#6" [stack: 0x00000079a6300000,0x00000079a6400000] [id=4396]
  0x00000225b7cd3620 GCTaskThread "GC Thread#7" [stack: 0x00000079a6800000,0x00000079a6900000] [id=18168]
  0x0000022599037600 ConcurrentGCThread "G1 Main Marker" terminated
  0x00000225990387c0 ConcurrentGCThread "G1 Conc#0" [stack: 0x00000079a4500000,0x00000079a4600000] [id=22984]
  0x00000225841b3e30 ConcurrentGCThread "G1 Conc#1" [stack: 0x00000079a6c00000,0x00000079a6d00000] [id=18308]
  0x000002259907e820 ConcurrentGCThread "G1 Refine#0" terminated
  0x00000225b7906440 ConcurrentGCThread "G1 Service" terminated

Threads with active compile tasks:

VM state: at safepoint (shutting down)

VM Mutex/Monitor currently owned by a thread:  ([mutex/lock_event])
[0x0000022598fc3d70] Threads_lock - owner thread: 0x00000225b7a4e970
[0x0000022598fc4940] Heap_lock - owner thread: 0x00000225fe091000

Heap address: 0x0000000083a00000, size: 1990 MB, Compressed Oops mode: 32-bit

CDS archive(s) mapped at: [0x00000225b8000000-0x00000225b8bb0000-0x00000225b8bb0000), size 12255232, SharedBaseAddress: 0x00000225b8000000, ArchiveRelocationMode: 1.
Compressed class space mapped at: 0x00000225b9000000-0x00000225f9000000, reserved size: 1073741824
Narrow klass base: 0x00000225b8000000, Narrow klass shift: 0, Narrow klass range: 0x100000000

GC Precious Log:
 CPUs: 8 total, 8 available
 Memory: 7957M
 Large Page Support: Disabled
 NUMA Support: Disabled
 Compressed Oops: Enabled (32-bit)
 Heap Region Size: 1M
 Heap Min Capacity: 8M
 Heap Initial Capacity: 126M
 Heap Max Capacity: 1990M
 Pre-touch: Disabled
 Parallel Workers: 8
 Concurrent Workers: 2
 Concurrent Refinement Workers: 8
 Periodic GC: Disabled

Heap:
 garbage-first heap   total 129024K, used 65929K [0x0000000083a00000, 0x0000000100000000)
  region size 1024K, 33 young (33792K), 8 survivors (8192K)
 Metaspace       used 23806K, committed 24128K, reserved 1114112K
  class space    used 3307K, committed 3456K, reserved 1048576K

Heap Regions: E=young(eden), S=young(survivor), O=old, HS=humongous(starts), HC=humongous(continues), CS=collection set, F=free, OA=open archive, CA=closed archive, TAMS=top-at-mark-start (previous, next)
|   0|0x0000000083a00000, 0x0000000083b00000, 0x0000000083b00000|100%| O|  |TAMS 0x0000000083b00000, 0x0000000083a00000| Complete 
|   1|0x0000000083b00000, 0x0000000083c00000, 0x0000000083c00000|100%|HS|  |TAMS 0x0000000083c00000, 0x0000000083b00000| Complete 
|   2|0x0000000083c00000, 0x0000000083d00000, 0x0000000083d00000|100%|HC|  |TAMS 0x0000000083d00000, 0x0000000083c00000| Complete 
|   3|0x0000000083d00000, 0x0000000083e00000, 0x0000000083e00000|100%|HC|  |TAMS 0x0000000083e00000, 0x0000000083d00000| Complete 
|   4|0x0000000083e00000, 0x0000000083f00000, 0x0000000083f00000|100%|HC|  |TAMS 0x0000000083f00000, 0x0000000083e00000| Complete 
|   5|0x0000000083f00000, 0x0000000084000000, 0x0000000084000000|100%|HC|  |TAMS 0x0000000084000000, 0x0000000083f00000| Complete 
|   6|0x0000000084000000, 0x0000000084100000, 0x0000000084100000|100%|HS|  |TAMS 0x0000000084100000, 0x0000000084000000| Complete 
|   7|0x0000000084100000, 0x0000000084200000, 0x0000000084200000|100%|HC|  |TAMS 0x0000000084200000, 0x0000000084100000| Complete 
|   8|0x0000000084200000, 0x0000000084300000, 0x0000000084300000|100%| O|  |TAMS 0x0000000084300000, 0x0000000084200000| Untracked 
|   9|0x0000000084300000, 0x0000000084400000, 0x0000000084400000|100%| O|  |TAMS 0x0000000084400000, 0x0000000084300000| Untracked 
|  10|0x0000000084400000, 0x000000008442f400, 0x0000000084500000| 18%| O|  |TAMS 0x000000008442f400, 0x0000000084400000| Untracked 
|  11|0x0000000084500000, 0x0000000084600000, 0x0000000084600000|100%|HS|  |TAMS 0x0000000084600000, 0x0000000084500000| Complete 
|  12|0x0000000084600000, 0x0000000084700000, 0x0000000084700000|100%|HC|  |TAMS 0x0000000084700000, 0x0000000084600000| Complete 
|  13|0x0000000084700000, 0x0000000084800000, 0x0000000084800000|100%|HC|  |TAMS 0x0000000084800000, 0x0000000084700000| Complete 
|  14|0x0000000084800000, 0x0000000084900000, 0x0000000084900000|100%|HC|  |TAMS 0x0000000084900000, 0x0000000084800000| Complete 
|  15|0x0000000084900000, 0x0000000084a00000, 0x0000000084a00000|100%|HC|  |TAMS 0x0000000084a00000, 0x0000000084900000| Complete 
|  16|0x0000000084a00000, 0x0000000084b00000, 0x0000000084b00000|100%|HC|  |TAMS 0x0000000084b00000, 0x0000000084a00000| Complete 
|  17|0x0000000084b00000, 0x0000000084c00000, 0x0000000084c00000|100%|HC|  |TAMS 0x0000000084c00000, 0x0000000084b00000| Complete 
|  18|0x0000000084c00000, 0x0000000084d00000, 0x0000000084d00000|100%|HC|  |TAMS 0x0000000084d00000, 0x0000000084c00000| Complete 
|  19|0x0000000084d00000, 0x0000000084e00000, 0x0000000084e00000|100%|HC|  |TAMS 0x0000000084e00000, 0x0000000084d00000| Complete 
|  20|0x0000000084e00000, 0x0000000084f00000, 0x0000000084f00000|100%|HC|  |TAMS 0x0000000084f00000, 0x0000000084e00000| Complete 
|  21|0x0000000084f00000, 0x0000000085000000, 0x0000000085000000|100%|HC|  |TAMS 0x0000000085000000, 0x0000000084f00000| Complete 
|  22|0x0000000085000000, 0x0000000085100000, 0x0000000085100000|100%|HC|  |TAMS 0x0000000085100000, 0x0000000085000000| Complete 
|  23|0x0000000085100000, 0x0000000085200000, 0x0000000085200000|100%|HC|  |TAMS 0x0000000085200000, 0x0000000085100000| Complete 
|  24|0x0000000085200000, 0x0000000085300000, 0x0000000085300000|100%|HS|  |TAMS 0x0000000085300000, 0x0000000085200000| Complete 
|  25|0x0000000085300000, 0x0000000085400000, 0x0000000085400000|100%|HC|  |TAMS 0x0000000085400000, 0x0000000085300000| Complete 
|  26|0x0000000085400000, 0x0000000085500000, 0x0000000085500000|100%|HS|  |TAMS 0x0000000085500000, 0x0000000085400000| Complete 
|  27|0x0000000085500000, 0x0000000085600000, 0x0000000085600000|100%|HC|  |TAMS 0x0000000085600000, 0x0000000085500000| Complete 
|  28|0x0000000085600000, 0x0000000085700000, 0x0000000085700000|100%|HS|  |TAMS 0x0000000085700000, 0x0000000085600000| Complete 
|  29|0x0000000085700000, 0x0000000085800000, 0x0000000085800000|100%|HC|  |TAMS 0x0000000085800000, 0x0000000085700000| Complete 
|  30|0x0000000085800000, 0x0000000085900000, 0x0000000085900000|100%|HS|  |TAMS 0x0000000085900000, 0x0000000085800000| Complete 
|  31|0x0000000085900000, 0x0000000085a00000, 0x0000000085a00000|100%|HC|  |TAMS 0x0000000085a00000, 0x0000000085900000| Complete 
|  32|0x0000000085a00000, 0x0000000085b00000, 0x0000000085b00000|100%|HS|  |TAMS 0x0000000085b00000, 0x0000000085a00000| Complete 
|  33|0x0000000085b00000, 0x0000000085c00000, 0x0000000085c00000|100%|HC|  |TAMS 0x0000000085c00000, 0x0000000085b00000| Complete 
|  34|0x0000000085c00000, 0x0000000085c00000, 0x0000000085d00000|  0%| F|  |TAMS 0x0000000085c00000, 0x0000000085c00000| Untracked 
|  35|0x0000000085d00000, 0x0000000085d00000, 0x0000000085e00000|  0%| F|  |TAMS 0x0000000085d00000, 0x0000000085d00000| Untracked 
|  36|0x0000000085e00000, 0x0000000085e00000, 0x0000000085f00000|  0%| F|  |TAMS 0x0000000085e00000, 0x0000000085e00000| Untracked 
|  37|0x0000000085f00000, 0x0000000085f00000, 0x0000000086000000|  0%| F|  |TAMS 0x0000000085f00000, 0x0000000085f00000| Untracked 
|  38|0x0000000086000000, 0x0000000086000000, 0x0000000086100000|  0%| F|  |TAMS 0x0000000086000000, 0x0000000086000000| Untracked 
|  39|0x0000000086100000, 0x0000000086100000, 0x0000000086200000|  0%| F|  |TAMS 0x0000000086100000, 0x0000000086100000| Untracked 
|  40|0x0000000086200000, 0x0000000086200000, 0x0000000086300000|  0%| F|  |TAMS 0x0000000086200000, 0x0000000086200000| Untracked 
|  41|0x0000000086300000, 0x0000000086300000, 0x0000000086400000|  0%| F|  |TAMS 0x0000000086300000, 0x0000000086300000| Untracked 
|  42|0x0000000086400000, 0x0000000086400000, 0x0000000086500000|  0%| F|  |TAMS 0x0000000086400000, 0x0000000086400000| Untracked 
|  43|0x0000000086500000, 0x0000000086500000, 0x0000000086600000|  0%| F|  |TAMS 0x0000000086500000, 0x0000000086500000| Untracked 
|  44|0x0000000086600000, 0x0000000086600000, 0x0000000086700000|  0%| F|  |TAMS 0x0000000086600000, 0x0000000086600000| Untracked 
|  45|0x0000000086700000, 0x0000000086700000, 0x0000000086800000|  0%| F|  |TAMS 0x0000000086700000, 0x0000000086700000| Untracked 
|  46|0x0000000086800000, 0x0000000086800000, 0x0000000086900000|  0%| F|  |TAMS 0x0000000086800000, 0x0000000086800000| Untracked 
|  47|0x0000000086900000, 0x0000000086900000, 0x0000000086a00000|  0%| F|  |TAMS 0x0000000086900000, 0x0000000086900000| Untracked 
|  48|0x0000000086a00000, 0x0000000086a00000, 0x0000000086b00000|  0%| F|  |TAMS 0x0000000086a00000, 0x0000000086a00000| Untracked 
|  49|0x0000000086b00000, 0x0000000086b00000, 0x0000000086c00000|  0%| F|  |TAMS 0x0000000086b00000, 0x0000000086b00000| Untracked 
|  50|0x0000000086c00000, 0x0000000086c00000, 0x0000000086d00000|  0%| F|  |TAMS 0x0000000086c00000, 0x0000000086c00000| Untracked 
|  51|0x0000000086d00000, 0x0000000086d00000, 0x0000000086e00000|  0%| F|  |TAMS 0x0000000086d00000, 0x0000000086d00000| Untracked 
|  52|0x0000000086e00000, 0x0000000086e00000, 0x0000000086f00000|  0%| F|  |TAMS 0x0000000086e00000, 0x0000000086e00000| Untracked 
|  53|0x0000000086f00000, 0x0000000086f00000, 0x0000000087000000|  0%| F|  |TAMS 0x0000000086f00000, 0x0000000086f00000| Untracked 
|  54|0x0000000087000000, 0x0000000087000000, 0x0000000087100000|  0%| F|  |TAMS 0x0000000087000000, 0x0000000087000000| Untracked 
|  55|0x0000000087100000, 0x0000000087100000, 0x0000000087200000|  0%| F|  |TAMS 0x0000000087100000, 0x0000000087100000| Untracked 
|  56|0x0000000087200000, 0x0000000087200000, 0x0000000087300000|  0%| F|  |TAMS 0x0000000087200000, 0x0000000087200000| Untracked 
|  57|0x0000000087300000, 0x0000000087300000, 0x0000000087400000|  0%| F|  |TAMS 0x0000000087300000, 0x0000000087300000| Untracked 
|  58|0x0000000087400000, 0x0000000087400000, 0x0000000087500000|  0%| F|  |TAMS 0x0000000087400000, 0x0000000087400000| Untracked 
|  59|0x0000000087500000, 0x0000000087500000, 0x0000000087600000|  0%| F|  |TAMS 0x0000000087500000, 0x0000000087500000| Untracked 
|  60|0x0000000087600000, 0x0000000087600000, 0x0000000087700000|  0%| F|  |TAMS 0x0000000087600000, 0x0000000087600000| Untracked 
|  61|0x0000000087700000, 0x0000000087700000, 0x0000000087800000|  0%| F|  |TAMS 0x0000000087700000, 0x0000000087700000| Untracked 
|  62|0x0000000087800000, 0x0000000087800000, 0x0000000087900000|  0%| F|  |TAMS 0x0000000087800000, 0x0000000087800000| Untracked 
|  63|0x0000000087900000, 0x0000000087900000, 0x0000000087a00000|  0%| F|  |TAMS 0x0000000087900000, 0x0000000087900000| Untracked 
|  64|0x0000000087a00000, 0x0000000087a00000, 0x0000000087b00000|  0%| F|  |TAMS 0x0000000087a00000, 0x0000000087a00000| Untracked 
|  65|0x0000000087b00000, 0x0000000087b00000, 0x0000000087c00000|  0%| F|  |TAMS 0x0000000087b00000, 0x0000000087b00000| Untracked 
|  66|0x0000000087c00000, 0x0000000087c00000, 0x0000000087d00000|  0%| F|  |TAMS 0x0000000087c00000, 0x0000000087c00000| Untracked 
|  67|0x0000000087d00000, 0x0000000087d00000, 0x0000000087e00000|  0%| F|  |TAMS 0x0000000087d00000, 0x0000000087d00000| Untracked 
|  68|0x0000000087e00000, 0x0000000087e00000, 0x0000000087f00000|  0%| F|  |TAMS 0x0000000087e00000, 0x0000000087e00000| Untracked 
|  69|0x0000000087f00000, 0x0000000087f00000, 0x0000000088000000|  0%| F|  |TAMS 0x0000000087f00000, 0x0000000087f00000| Untracked 
|  70|0x0000000088000000, 0x0000000088000000, 0x0000000088100000|  0%| F|  |TAMS 0x0000000088000000, 0x0000000088000000| Untracked 
|  71|0x0000000088100000, 0x0000000088100000, 0x0000000088200000|  0%| F|  |TAMS 0x0000000088100000, 0x0000000088100000| Untracked 
|  72|0x0000000088200000, 0x0000000088200000, 0x0000000088300000|  0%| F|  |TAMS 0x0000000088200000, 0x0000000088200000| Untracked 
|  73|0x0000000088300000, 0x0000000088300000, 0x0000000088400000|  0%| F|  |TAMS 0x0000000088300000, 0x0000000088300000| Untracked 
|  74|0x0000000088400000, 0x0000000088400000, 0x0000000088500000|  0%| F|  |TAMS 0x0000000088400000, 0x0000000088400000| Untracked 
|  75|0x0000000088500000, 0x0000000088500000, 0x0000000088600000|  0%| F|  |TAMS 0x0000000088500000, 0x0000000088500000| Untracked 
|  76|0x0000000088600000, 0x0000000088600000, 0x0000000088700000|  0%| F|  |TAMS 0x0000000088600000, 0x0000000088600000| Untracked 
|  77|0x0000000088700000, 0x0000000088700000, 0x0000000088800000|  0%| F|  |TAMS 0x0000000088700000, 0x0000000088700000| Untracked 
|  78|0x0000000088800000, 0x0000000088800000, 0x0000000088900000|  0%| F|  |TAMS 0x0000000088800000, 0x0000000088800000| Untracked 
|  79|0x0000000088900000, 0x0000000088900000, 0x0000000088a00000|  0%| F|  |TAMS 0x0000000088900000, 0x0000000088900000| Untracked 
|  80|0x0000000088a00000, 0x0000000088a00000, 0x0000000088b00000|  0%| F|  |TAMS 0x0000000088a00000, 0x0000000088a00000| Untracked 
|  81|0x0000000088b00000, 0x0000000088b00000, 0x0000000088c00000|  0%| F|  |TAMS 0x0000000088b00000, 0x0000000088b00000| Untracked 
|  82|0x0000000088c00000, 0x0000000088c00000, 0x0000000088d00000|  0%| F|  |TAMS 0x0000000088c00000, 0x0000000088c00000| Untracked 
|  83|0x0000000088d00000, 0x0000000088d00000, 0x0000000088e00000|  0%| F|  |TAMS 0x0000000088d00000, 0x0000000088d00000| Untracked 
|  84|0x0000000088e00000, 0x0000000088e00000, 0x0000000088f00000|  0%| F|  |TAMS 0x0000000088e00000, 0x0000000088e00000| Untracked 
|  85|0x0000000088f00000, 0x0000000088f00000, 0x0000000089000000|  0%| F|  |TAMS 0x0000000088f00000, 0x0000000088f00000| Untracked 
|  86|0x0000000089000000, 0x0000000089033210, 0x0000000089100000| 19%| S|CS|TAMS 0x0000000089000000, 0x0000000089000000| Complete 
|  87|0x0000000089100000, 0x0000000089100000, 0x0000000089200000|  0%| F|  |TAMS 0x0000000089100000, 0x0000000089100000| Untracked 
|  88|0x0000000089200000, 0x0000000089200000, 0x0000000089300000|  0%| F|  |TAMS 0x0000000089200000, 0x0000000089200000| Untracked 
|  89|0x0000000089300000, 0x0000000089300000, 0x0000000089400000|  0%| F|  |TAMS 0x0000000089300000, 0x0000000089300000| Untracked 
|  90|0x0000000089400000, 0x0000000089400000, 0x0000000089500000|  0%| F|  |TAMS 0x0000000089400000, 0x0000000089400000| Untracked 
|  91|0x0000000089500000, 0x0000000089600000, 0x0000000089600000|100%| S|CS|TAMS 0x0000000089500000, 0x0000000089500000| Complete 
|  92|0x0000000089600000, 0x0000000089700000, 0x0000000089700000|100%| S|CS|TAMS 0x0000000089600000, 0x0000000089600000| Complete 
|  93|0x0000000089700000, 0x0000000089800000, 0x0000000089800000|100%| S|CS|TAMS 0x0000000089700000, 0x0000000089700000| Complete 
|  94|0x0000000089800000, 0x0000000089900000, 0x0000000089900000|100%| S|CS|TAMS 0x0000000089800000, 0x0000000089800000| Complete 
|  95|0x0000000089900000, 0x0000000089a00000, 0x0000000089a00000|100%| S|CS|TAMS 0x0000000089900000, 0x0000000089900000| Complete 
|  96|0x0000000089a00000, 0x0000000089b00000, 0x0000000089b00000|100%| S|CS|TAMS 0x0000000089a00000, 0x0000000089a00000| Complete 
|  97|0x0000000089b00000, 0x0000000089c00000, 0x0000000089c00000|100%| S|CS|TAMS 0x0000000089b00000, 0x0000000089b00000| Complete 
|  98|0x0000000089c00000, 0x0000000089c00000, 0x0000000089d00000|  0%| F|  |TAMS 0x0000000089c00000, 0x0000000089c00000| Untracked 
|  99|0x0000000089d00000, 0x0000000089d00000, 0x0000000089e00000|  0%| F|  |TAMS 0x0000000089d00000, 0x0000000089d00000| Untracked 
| 100|0x0000000089e00000, 0x0000000089e00000, 0x0000000089f00000|  0%| F|  |TAMS 0x0000000089e00000, 0x0000000089e00000| Untracked 
| 101|0x0000000089f00000, 0x0000000089f85248, 0x000000008a000000| 52%| E|  |TAMS 0x0000000089f00000, 0x0000000089f00000| Complete 
| 102|0x000000008a000000, 0x000000008a100000, 0x000000008a100000|100%| E|CS|TAMS 0x000000008a000000, 0x000000008a000000| Complete 
| 103|0x000000008a100000, 0x000000008a200000, 0x000000008a200000|100%| E|CS|TAMS 0x000000008a100000, 0x000000008a100000| Complete 
| 104|0x000000008a200000, 0x000000008a300000, 0x000000008a300000|100%| E|CS|TAMS 0x000000008a200000, 0x000000008a200000| Complete 
| 105|0x000000008a300000, 0x000000008a400000, 0x000000008a400000|100%| E|CS|TAMS 0x000000008a300000, 0x000000008a300000| Complete 
| 106|0x000000008a400000, 0x000000008a500000, 0x000000008a500000|100%| E|CS|TAMS 0x000000008a400000, 0x000000008a400000| Complete 
| 107|0x000000008a500000, 0x000000008a600000, 0x000000008a600000|100%| E|CS|TAMS 0x000000008a500000, 0x000000008a500000| Complete 
| 108|0x000000008a600000, 0x000000008a700000, 0x000000008a700000|100%| E|CS|TAMS 0x000000008a600000, 0x000000008a600000| Complete 
| 109|0x000000008a700000, 0x000000008a800000, 0x000000008a800000|100%| E|CS|TAMS 0x000000008a700000, 0x000000008a700000| Complete 
| 110|0x000000008a800000, 0x000000008a900000, 0x000000008a900000|100%| E|CS|TAMS 0x000000008a800000, 0x000000008a800000| Complete 
| 111|0x000000008a900000, 0x000000008aa00000, 0x000000008aa00000|100%| E|CS|TAMS 0x000000008a900000, 0x000000008a900000| Complete 
| 112|0x000000008aa00000, 0x000000008ab00000, 0x000000008ab00000|100%| E|CS|TAMS 0x000000008aa00000, 0x000000008aa00000| Complete 
| 113|0x000000008ab00000, 0x000000008ac00000, 0x000000008ac00000|100%| E|CS|TAMS 0x000000008ab00000, 0x000000008ab00000| Complete 
| 114|0x000000008ac00000, 0x000000008ad00000, 0x000000008ad00000|100%| E|CS|TAMS 0x000000008ac00000, 0x000000008ac00000| Complete 
| 115|0x000000008ad00000, 0x000000008ae00000, 0x000000008ae00000|100%| E|CS|TAMS 0x000000008ad00000, 0x000000008ad00000| Complete 
| 116|0x000000008ae00000, 0x000000008af00000, 0x000000008af00000|100%| E|CS|TAMS 0x000000008ae00000, 0x000000008ae00000| Complete 
| 117|0x000000008af00000, 0x000000008b000000, 0x000000008b000000|100%| E|CS|TAMS 0x000000008af00000, 0x000000008af00000| Complete 
| 118|0x000000008b000000, 0x000000008b100000, 0x000000008b100000|100%| E|CS|TAMS 0x000000008b000000, 0x000000008b000000| Complete 
| 119|0x000000008b100000, 0x000000008b200000, 0x000000008b200000|100%| E|CS|TAMS 0x000000008b100000, 0x000000008b100000| Complete 
| 120|0x000000008b200000, 0x000000008b300000, 0x000000008b300000|100%| E|CS|TAMS 0x000000008b200000, 0x000000008b200000| Complete 
| 121|0x000000008b300000, 0x000000008b400000, 0x000000008b400000|100%| E|CS|TAMS 0x000000008b300000, 0x000000008b300000| Complete 
| 122|0x000000008b400000, 0x000000008b500000, 0x000000008b500000|100%| E|CS|TAMS 0x000000008b400000, 0x000000008b400000| Complete 
| 123|0x000000008b500000, 0x000000008b600000, 0x000000008b600000|100%| E|CS|TAMS 0x000000008b500000, 0x000000008b500000| Complete 
| 124|0x000000008b600000, 0x000000008b700000, 0x000000008b700000|100%| E|CS|TAMS 0x000000008b600000, 0x000000008b600000| Complete 
| 125|0x000000008b700000, 0x000000008b800000, 0x000000008b800000|100%| E|CS|TAMS 0x000000008b700000, 0x000000008b700000| Complete 

Card table byte_map: [0x00000225b0990000,0x00000225b0d80000] _byte_map_base: 0x00000225b0573000

Marking Bits (Prev, Next): (CMBitMap*) 0x0000022599026780, (CMBitMap*) 0x0000022599026740
 Prev Bits: [0x00000225b3090000, 0x00000225b4fa8000)
 Next Bits: [0x00000225b1170000, 0x00000225b3088000)

Polling page: 0x0000022597790000

Metaspace:

Usage:
  Non-class:     20.02 MB used.
      Class:      3.23 MB used.
       Both:     23.25 MB used.

Virtual space:
  Non-class space:       64.00 MB reserved,      20.19 MB ( 32%) committed,  1 nodes.
      Class space:        1.00 GB reserved,       3.38 MB ( <1%) committed,  1 nodes.
             Both:        1.06 GB reserved,      23.56 MB (  2%) committed. 

Chunk freelists:
   Non-Class:  11.10 MB
       Class:  12.65 MB
        Both:  23.75 MB

MaxMetaspaceSize: unlimited
CompressedClassSpaceSize: 1.00 GB
Initial GC threshold: 21.00 MB
Current GC threshold: 35.12 MB
CDS: on
MetaspaceReclaimPolicy: balanced
 - commit_granule_bytes: 65536.
 - commit_granule_words: 8192.
 - virtual_space_node_default_size: 8388608.
 - enlarge_chunks_in_place: 1.
 - new_chunks_are_fully_committed: 0.
 - uncommit_free_chunks: 1.
 - use_allocation_guard: 0.
 - handle_deallocations: 1.


Internal statistics:

num_allocs_failed_limit: 3.
num_arena_births: 264.
num_arena_deaths: 0.
num_vsnodes_births: 2.
num_vsnodes_deaths: 0.
num_space_committed: 377.
num_space_uncommitted: 0.
num_chunks_returned_to_freelist: 3.
num_chunks_taken_from_freelist: 1079.
num_chunk_merges: 3.
num_chunk_splits: 751.
num_chunks_enlarged: 581.
num_inconsistent_stats: 0.

CodeHeap 'non-profiled nmethods': size=120000Kb used=2538Kb max_used=2538Kb free=117461Kb
 bounds [0x00000225a86f0000, 0x00000225a8970000, 0x00000225afc20000]
CodeHeap 'profiled nmethods': size=120000Kb used=10344Kb max_used=10344Kb free=109655Kb
 bounds [0x00000225a0c20000, 0x00000225a1640000, 0x00000225a8150000]
CodeHeap 'non-nmethods': size=5760Kb used=1494Kb max_used=1550Kb free=4266Kb
 bounds [0x00000225a8150000, 0x00000225a83c0000, 0x00000225a86f0000]
 total_blobs=5890 nmethods=5032 adapters=770
 compilation: enabled
              stopped_count=0, restarted_count=0
 full_count=0

Compilation events (20 events):
Event: 35.497 Thread 0x00000225b7a80730 5023       3       javafx.animation.Animation::isStopped (16 bytes)
Event: 35.498 Thread 0x00000225b7a80730 nmethod 5023 0x00000225a1637590 code [0x00000225a1637760, 0x00000225a1637b48]
Event: 35.689 Thread 0x00000225b7a80730 5024       3       com.sun.scenario.animation.shared.ClipEnvelope::updateCycleTicks (9 bytes)
Event: 35.689 Thread 0x00000225b7a80730 nmethod 5024 0x00000225a1637c90 code [0x00000225a1637e60, 0x00000225a1638088]
Event: 35.689 Thread 0x00000225b7a80730 5025       3       java.util.ArrayList::spliterator (12 bytes)
Event: 35.690 Thread 0x00000225b7a80730 nmethod 5025 0x00000225a1638190 code [0x00000225a1638340, 0x00000225a16385d8]
Event: 35.690 Thread 0x00000225b7a80730 5027       3       javafx.scene.control.FocusModel::isFocused (28 bytes)
Event: 35.690 Thread 0x00000225b7a73c00 5028       4       com.sun.javafx.css.PseudoClassState::getIndex (9 bytes)
Event: 35.690 Thread 0x00000225b7a80730 nmethod 5027 0x00000225a1638710 code [0x00000225a16388e0, 0x00000225a1638e18]
Event: 35.690 Thread 0x00000225b7a80730 5026       3       java.util.ArrayList$ArrayListSpliterator::<init> (26 bytes)
Event: 35.690 Thread 0x00000225b7a80730 nmethod 5026 0x00000225a1638f90 code [0x00000225a1639120, 0x00000225a16392f8]
Event: 35.690 Thread 0x00000225b7a80730 5029       3       com.sun.javafx.collections.ObservableMapWrapper::get (11 bytes)
Event: 35.691 Thread 0x00000225b7a80730 nmethod 5029 0x00000225a1639410 code [0x00000225a16395c0, 0x00000225a1639788]
Event: 35.691 Thread 0x00000225b7a73c00 nmethod 5028 0x00000225a8968490 code [0x00000225a8968600, 0x00000225a89686b8]
Event: 84.936 Thread 0x00000225b7a73c00 5030       4       com.sun.javafx.tk.quantum.QuantumToolkit::postPulse (133 bytes)
Event: 84.979 Thread 0x00000225b7a73c00 nmethod 5030 0x00000225a8968790 code [0x00000225a89689c0, 0x00000225a8969d80]
Event: 86.726 Thread 0x00000225b7a73c00 5031       4       com.sun.javafx.tk.quantum.QuantumToolkit$$Lambda$92/0x00000225b90330a8::run (8 bytes)
Event: 86.727 Thread 0x00000225b7a73c00 nmethod 5031 0x00000225a896a790 code [0x00000225a896a920, 0x00000225a896aa18]
Event: 202.970 Thread 0x00000225b7a80730 5032       3       jdk.internal.module.Resources::toPackageName (39 bytes)
Event: 202.971 Thread 0x00000225b7a80730 nmethod 5032 0x00000225a1639890 code [0x00000225a1639ac0, 0x00000225a163a138]

GC Heap History (6 events):
Event: 0.802 GC heap before
{Heap before GC invocations=0 (full 0):
 garbage-first heap   total 129024K, used 22528K [0x0000000083a00000, 0x0000000100000000)
  region size 1024K, 23 young (23552K), 0 survivors (0K)
 Metaspace       used 6023K, committed 6208K, reserved 1114112K
  class space    used 710K, committed 832K, reserved 1048576K
}
Event: 0.804 GC heap after
{Heap after GC invocations=1 (full 0):
 garbage-first heap   total 129024K, used 3225K [0x0000000083a00000, 0x0000000100000000)
  region size 1024K, 3 young (3072K), 3 survivors (3072K)
 Metaspace       used 6023K, committed 6208K, reserved 1114112K
  class space    used 710K, committed 832K, reserved 1048576K
}
Event: 2.836 GC heap before
{Heap before GC invocations=1 (full 0):
 garbage-first heap   total 129024K, used 43161K [0x0000000083a00000, 0x0000000100000000)
  region size 1024K, 35 young (35840K), 3 survivors (3072K)
 Metaspace       used 14442K, committed 14656K, reserved 1114112K
  class space    used 2141K, committed 2240K, reserved 1048576K
}
Event: 2.841 GC heap after
{Heap after GC invocations=2 (full 0):
 garbage-first heap   total 129024K, used 14450K [0x0000000083a00000, 0x0000000100000000)
  region size 1024K, 4 young (4096K), 4 survivors (4096K)
 Metaspace       used 14442K, committed 14656K, reserved 1114112K
  class space    used 2141K, committed 2240K, reserved 1048576K
}
Event: 22.723 GC heap before
{Heap before GC invocations=2 (full 0):
 garbage-first heap   total 129024K, used 65650K [0x0000000083a00000, 0x0000000100000000)
  region size 1024K, 32 young (32768K), 4 survivors (4096K)
 Metaspace       used 21314K, committed 21504K, reserved 1114112K
  class space    used 2914K, committed 3008K, reserved 1048576K
}
Event: 22.728 GC heap after
{Heap after GC invocations=3 (full 0):
 garbage-first heap   total 129024K, used 41353K [0x0000000083a00000, 0x0000000100000000)
  region size 1024K, 8 young (8192K), 8 survivors (8192K)
 Metaspace       used 21314K, committed 21504K, reserved 1114112K
  class space    used 2914K, committed 3008K, reserved 1048576K
}

Dll operation events (20 events):
Event: 0.398 Loaded shared library C:\Program Files\JavaFX\javafx-sdk-17.0.15\bin\api-ms-win-crt-multibyte-l1-1-0.dll
Event: 0.400 Loaded shared library C:\Program Files\JavaFX\javafx-sdk-17.0.15\bin\api-ms-win-crt-private-l1-1-0.dll
Event: 0.420 Loaded shared library C:\Program Files\JavaFX\javafx-sdk-17.0.15\bin\api-ms-win-crt-process-l1-1-0.dll
Event: 0.427 Loaded shared library C:\Program Files\JavaFX\javafx-sdk-17.0.15\bin\api-ms-win-crt-runtime-l1-1-0.dll
Event: 0.438 Loaded shared library C:\Program Files\JavaFX\javafx-sdk-17.0.15\bin\api-ms-win-crt-stdio-l1-1-0.dll
Event: 0.447 Loaded shared library C:\Program Files\JavaFX\javafx-sdk-17.0.15\bin\api-ms-win-crt-string-l1-1-0.dll
Event: 0.451 Loaded shared library C:\Program Files\JavaFX\javafx-sdk-17.0.15\bin\api-ms-win-crt-time-l1-1-0.dll
Event: 0.454 Loaded shared library C:\Program Files\JavaFX\javafx-sdk-17.0.15\bin\api-ms-win-crt-utility-l1-1-0.dll
Event: 0.482 Loaded shared library C:\Program Files\JavaFX\javafx-sdk-17.0.15\bin\ucrtbase.dll
Event: 0.502 Loaded shared library C:\Program Files\JavaFX\javafx-sdk-17.0.15\bin\vcruntime140.dll
Event: 0.505 Loaded shared library C:\Program Files\JavaFX\javafx-sdk-17.0.15\bin\vcruntime140_1.dll
Event: 0.524 Loaded shared library C:\Program Files\JavaFX\javafx-sdk-17.0.15\bin\msvcp140.dll
Event: 0.527 Loaded shared library C:\Program Files\JavaFX\javafx-sdk-17.0.15\bin\msvcp140_1.dll
Event: 0.529 Loaded shared library C:\Program Files\JavaFX\javafx-sdk-17.0.15\bin\msvcp140_2.dll
Event: 0.566 Loaded shared library C:\Program Files\JavaFX\javafx-sdk-17.0.15\bin\prism_d3d.dll
Event: 0.624 Loaded shared library C:\Program Files\JavaFX\javafx-sdk-17.0.15\bin\glass.dll
Event: 0.721 Loaded shared library C:\Users\jccas\.jdks\temurin-17.0.15\bin\jimage.dll
Event: 0.817 Loaded shared library C:\Program Files\JavaFX\javafx-sdk-17.0.15\bin\javafx_iio.dll
Event: 0.865 Loaded shared library C:\Program Files\JavaFX\javafx-sdk-17.0.15\bin\javafx_font.dll
Event: 11.086 Loaded shared library C:\Users\jccas\.jdks\temurin-17.0.15\bin\verify.dll

Deoptimization events (20 events):
Event: 29.386 Thread 0x00000225fd12a9b0 DEOPT PACKING pc=0x00000225a890f8dc sp=0x00000079a58faf90
Event: 29.386 Thread 0x00000225fd12a9b0 DEOPT UNPACKING pc=0x00000225a81aa1a3 sp=0x00000079a58faf18 mode 2
Event: 31.529 Thread 0x00000225fd12a9b0 Uncommon trap: trap_request=0xffffffc6 fr.pc=0x00000225a87ddfc4 relative=0x0000000000000104
Event: 31.529 Thread 0x00000225fd12a9b0 Uncommon trap: reason=bimorphic_or_optimized_type_check action=maybe_recompile pc=0x00000225a87ddfc4 method=javafx.beans.property.BooleanPropertyBase.get()Z @ 23 c2
Event: 31.529 Thread 0x00000225fd12a9b0 DEOPT PACKING pc=0x00000225a87ddfc4 sp=0x00000079a58f8f60
Event: 31.529 Thread 0x00000225fd12a9b0 DEOPT UNPACKING pc=0x00000225a81aa1a3 sp=0x00000079a58f8f00 mode 2
Event: 31.532 Thread 0x00000225fd12a9b0 DEOPT PACKING pc=0x00000225a13e26f8 sp=0x00000079a58f89d0
Event: 31.532 Thread 0x00000225fd12a9b0 DEOPT UNPACKING pc=0x00000225a81aace3 sp=0x00000079a58f7ec0 mode 0
Event: 31.696 Thread 0x00000225fd12a9b0 Uncommon trap: trap_request=0xffffff6e fr.pc=0x00000225a8958b94 relative=0x0000000000000234
Event: 31.696 Thread 0x00000225fd12a9b0 Uncommon trap: reason=loop_limit_check action=maybe_recompile pc=0x00000225a8958b94 method=javafx.scene.Parent.pickChildrenNode(Lcom/sun/javafx/geom/PickRay;Lcom/sun/javafx/scene/input/PickResultChooser;)Z @ 17 c2
Event: 31.696 Thread 0x00000225fd12a9b0 DEOPT PACKING pc=0x00000225a8958b94 sp=0x00000079a58f81d0
Event: 31.696 Thread 0x00000225fd12a9b0 DEOPT UNPACKING pc=0x00000225a81aa1a3 sp=0x00000079a58f7f80 mode 2
Event: 31.696 Thread 0x00000225fd12a9b0 Uncommon trap: trap_request=0xffffff6e fr.pc=0x00000225a89567cc relative=0x00000000000001ec
Event: 31.696 Thread 0x00000225fd12a9b0 Uncommon trap: reason=loop_limit_check action=maybe_recompile pc=0x00000225a89567cc method=javafx.scene.Parent.pickChildrenNode(Lcom/sun/javafx/geom/PickRay;Lcom/sun/javafx/scene/input/PickResultChooser;)Z @ 17 c2
Event: 31.696 Thread 0x00000225fd12a9b0 DEOPT PACKING pc=0x00000225a89567cc sp=0x00000079a58f7a00
Event: 31.696 Thread 0x00000225fd12a9b0 DEOPT UNPACKING pc=0x00000225a81aa1a3 sp=0x00000079a58f78a0 mode 2
Event: 34.163 Thread 0x00000225fd12a9b0 Uncommon trap: trap_request=0xffffff45 fr.pc=0x00000225a88dac34 relative=0x00000000000007f4
Event: 34.163 Thread 0x00000225fd12a9b0 Uncommon trap: reason=unstable_if action=reinterpret pc=0x00000225a88dac34 method=jdk.internal.org.objectweb.asm.ClassReader.<init>([BIZ)V @ 135 c2
Event: 34.163 Thread 0x00000225fd12a9b0 DEOPT PACKING pc=0x00000225a88dac34 sp=0x00000079a58f63b0
Event: 34.163 Thread 0x00000225fd12a9b0 DEOPT UNPACKING pc=0x00000225a81aa1a3 sp=0x00000079a58f6338 mode 2

Classes loaded (20 events):
Event: 24.574 Loading class java/util/stream/ReferencePipeline$15$1
Event: 24.574 Loading class java/util/stream/ReferencePipeline$15$1 done
Event: 24.574 Loading class java/util/stream/ReferencePipeline$4$1
Event: 24.574 Loading class java/util/stream/ReferencePipeline$4$1 done
Event: 24.575 Loading class java/util/stream/IntPipeline$11
Event: 24.575 Loading class java/util/stream/IntPipeline$11 done
Event: 24.575 Loading class java/util/stream/ReduceOps$9
Event: 24.575 Loading class java/util/stream/ReduceOps$9 done
Event: 24.575 Loading class java/util/stream/ReduceOps$CountingSink$OfInt
Event: 24.575 Loading class java/util/stream/ReduceOps$CountingSink
Event: 24.575 Loading class java/util/stream/ReduceOps$CountingSink done
Event: 24.575 Loading class java/util/stream/ReduceOps$CountingSink$OfInt done
Event: 24.575 Loading class java/util/stream/IntPipeline$11$1
Event: 24.575 Loading class java/util/stream/IntPipeline$11$1 done
Event: 26.255 Loading class java/time/format/FormatStyle
Event: 26.255 Loading class java/time/format/FormatStyle done
Event: 34.163 Loading class java/util/ArrayList$SubList$2
Event: 34.189 Loading class java/util/ArrayList$SubList$2 done
Event: 273.110 Loading class jdk/internal/misc/Signal$1
Event: 273.111 Loading class jdk/internal/misc/Signal$1 done

Classes unloaded (0 events):
No events

Classes redefined (0 events):
No events

Internal exceptions (20 events):
Event: 1.275 Thread 0x00000225fd12a9b0 Exception <a 'java/lang/NoSuchMethodError'{0x0000000089aa67b8}: 'java.lang.Object java.lang.invoke.DirectMethodHandle$Holder.newInvokeSpecial(java.lang.Object, java.lang.Object, int)'> (0x0000000089aa67b8) 
thrown [s\src\hotspot\share\interpreter\linkResolver.cpp, line 759]
Event: 1.300 Thread 0x00000225fdcd3320 Exception <a 'java/lang/NoSuchMethodError'{0x00000000899d6d70}: 'int java.lang.invoke.DirectMethodHandle$Holder.invokeStaticInit(java.lang.Object, java.lang.Object)'> (0x00000000899d6d70) 
thrown [s\src\hotspot\share\interpreter\linkResolver.cpp, line 759]
Event: 1.306 Thread 0x00000225fd12a9b0 Exception <a 'java/lang/NoSuchMethodError'{0x0000000089829888}: 'long java.lang.invoke.DirectMethodHandle$Holder.invokeStatic(java.lang.Object, java.lang.Object, java.lang.Object)'> (0x0000000089829888) 
thrown [s\src\hotspot\share\interpreter\linkResolver.cpp, line 759]
Event: 1.306 Thread 0x00000225fd12a9b0 Exception <a 'java/lang/NoSuchMethodError'{0x000000008982d030}: 'long java.lang.invoke.DirectMethodHandle$Holder.invokeStaticInit(java.lang.Object, java.lang.Object, java.lang.Object)'> (0x000000008982d030) 
thrown [s\src\hotspot\share\interpreter\linkResolver.cpp, line 759]
Event: 1.308 Thread 0x00000225fd12a9b0 Exception <a 'java/lang/NoSuchMethodError'{0x0000000089844bb8}: 'java.lang.Object java.lang.invoke.DirectMethodHandle$Holder.newInvokeSpecial(java.lang.Object, java.lang.Object, long)'> (0x0000000089844bb8) 
thrown [s\src\hotspot\share\interpreter\linkResolver.cpp, line 759]
Event: 1.308 Thread 0x00000225fd12a9b0 Exception <a 'java/lang/NoSuchMethodError'{0x0000000089848728}: 'java.lang.Object java.lang.invoke.Invokers$Holder.linkToTargetMethod(java.lang.Object, long, java.lang.Object)'> (0x0000000089848728) 
thrown [s\src\hotspot\share\interpreter\linkResolver.cpp, line 759]
Event: 1.321 Thread 0x00000225fdcd3320 Exception <a 'java/lang/NoSuchMethodError'{0x00000000898fba90}: 'java.lang.Object java.lang.invoke.DirectMethodHandle$Holder.invokeStaticInit(java.lang.Object, int)'> (0x00000000898fba90) 
thrown [s\src\hotspot\share\interpreter\linkResolver.cpp, line 759]
Event: 10.890 Thread 0x00000225fd12a9b0 Exception <a 'java/lang/NoSuchMethodError'{0x000000008b3272f8}: 'java.lang.Object java.lang.invoke.DirectMethodHandle$Holder.invokeInterface(java.lang.Object, java.lang.Object)'> (0x000000008b3272f8) 
thrown [s\src\hotspot\share\interpreter\linkResolver.cpp, line 759]
Event: 10.906 Thread 0x00000225fd12a9b0 Exception <a 'java/lang/NoSuchMethodError'{0x000000008b3a10b0}: 'java.lang.Object java.lang.invoke.DirectMethodHandle$Holder.invokeVirtual(java.lang.Object, java.lang.Object, java.lang.Object)'> (0x000000008b3a10b0) 
thrown [s\src\hotspot\share\interpreter\linkResolver.cpp, line 759]
Event: 11.380 Thread 0x00000225fd12a9b0 Implicit null exception at 0x00000225a87e85d0 to 0x00000225a87e8634
Event: 19.604 Thread 0x00000225fd12a9b0 Exception <a 'java/lang/NoSuchMethodError'{0x000000008a22b1c0}: 'void java.lang.invoke.DirectMethodHandle$Holder.invokeSpecialIFC(java.lang.Object, java.lang.Object, java.lang.Object, java.lang.Object)'> (0x000000008a22b1c0) 
thrown [s\src\hotspot\share\interpreter\linkResolver.cpp, line 759]
Event: 19.629 Thread 0x00000225fd12a9b0 Exception <a 'java/lang/NoSuchMethodError'{0x000000008a0601f8}: 'int java.lang.invoke.DirectMethodHandle$Holder.invokeSpecial(java.lang.Object, java.lang.Object, int)'> (0x000000008a0601f8) 
thrown [s\src\hotspot\share\interpreter\linkResolver.cpp, line 759]
Event: 22.744 Thread 0x00000225fd12a9b0 Exception <a 'java/lang/ClassNotFoundException'{0x000000008b79aa50}: sun/util/logging/resources/spi/loggingProvider> (0x000000008b79aa50) 
thrown [s\src\hotspot\share\classfile\systemDictionary.cpp, line 256]
Event: 24.573 Thread 0x00000225fd12a9b0 Exception <a 'java/lang/NoSuchMethodError'{0x000000008ae63b68}: 'int java.lang.invoke.DirectMethodHandle$Holder.invokeVirtual(java.lang.Object, java.lang.Object)'> (0x000000008ae63b68) 
thrown [s\src\hotspot\share\interpreter\linkResolver.cpp, line 759]
Event: 24.574 Thread 0x00000225fd12a9b0 Exception <a 'java/lang/NoSuchMethodError'{0x000000008ae6cd30}: 'void java.lang.invoke.DirectMethodHandle$Holder.invokeVirtual(java.lang.Object, java.lang.Object, int)'> (0x000000008ae6cd30) 
thrown [s\src\hotspot\share\interpreter\linkResolver.cpp, line 759]
Event: 26.268 Thread 0x00000225fd12a9b0 Exception <a 'java/lang/ClassNotFoundException'{0x000000008ac7eee8}: com/sun/javafx/scene/control/skin/resources/controls-nt> (0x000000008ac7eee8) 
thrown [s\src\hotspot\share\prims\jni.cpp, line 535]
Event: 26.269 Thread 0x00000225fd12a9b0 Exception <a 'java/lang/ClassNotFoundException'{0x000000008ac884d0}: com/sun/javafx/scene/control/skin/resources/controls-nt_es> (0x000000008ac884d0) 
thrown [s\src\hotspot\share\prims\jni.cpp, line 535]
Event: 26.269 Thread 0x00000225fd12a9b0 Exception <a 'java/lang/ClassNotFoundException'{0x000000008ac8aca8}: com/sun/javafx/scene/control/skin/resources/controls-nt_es_MX> (0x000000008ac8aca8) 
thrown [s\src\hotspot\share\prims\jni.cpp, line 535]
Event: 26.325 Thread 0x00000225fd12a9b0 Exception <a 'java/lang/NoSuchMethodError'{0x000000008a9fd9e8}: 'java.lang.Object java.lang.invoke.DirectMethodHandle$Holder.newInvokeSpecial(java.lang.Object, java.lang.Object, int, int)'> (0x000000008a9fd9e8) 
thrown [s\src\hotspot\share\interpreter\linkResolver.cpp, line 759]
Event: 34.162 Thread 0x00000225fd12a9b0 Exception <a 'java/lang/NoSuchMethodError'{0x000000008a1acb98}: 'java.lang.Object java.lang.invoke.Invokers$Holder.invokeExact_MT(java.lang.Object, java.lang.Object, java.lang.Object, java.lang.Object, java.lang.Object, java.lang.Object)'> (0x000000008a1acb98) 
thrown [s\src\hotspot\share\interpreter\linkResolver.cpp, line 759]

VM Operations (20 events):
Event: 26.282 Executing VM operation: HandshakeAllThreads done
Event: 27.283 Executing VM operation: Cleanup
Event: 27.283 Executing VM operation: Cleanup done
Event: 28.283 Executing VM operation: Cleanup
Event: 28.283 Executing VM operation: Cleanup done
Event: 29.284 Executing VM operation: Cleanup
Event: 29.284 Executing VM operation: Cleanup done
Event: 30.285 Executing VM operation: Cleanup
Event: 30.285 Executing VM operation: Cleanup done
Event: 32.285 Executing VM operation: Cleanup
Event: 32.285 Executing VM operation: Cleanup done
Event: 34.285 Executing VM operation: Cleanup
Event: 34.285 Executing VM operation: Cleanup done
Event: 35.286 Executing VM operation: Cleanup
Event: 35.286 Executing VM operation: Cleanup done
Event: 36.286 Executing VM operation: Cleanup
Event: 36.286 Executing VM operation: Cleanup done
Event: 60.214 Executing VM operation: HandshakeAllThreads
Event: 60.215 Executing VM operation: HandshakeAllThreads done
Event: 273.127 Executing VM operation: Exit

Memory protections (0 events):
No events

Nmethod flushes (0 events):
No events

Events (20 events):
Event: 21.073 Thread 0x000002258449b310 Thread exited: 0x000002258449b310
Event: 22.834 Thread 0x00000225b7a80730 Thread added: 0x0000022584498de0
Event: 22.877 Thread 0x00000225b7a80730 Thread added: 0x000002258449b310
Event: 23.490 Thread 0x000002258449b310 Thread exited: 0x000002258449b310
Event: 23.561 Thread 0x0000022584498de0 Thread exited: 0x0000022584498de0
Event: 28.629 Thread 0x00000225b7a80730 Thread added: 0x000002258449b310
Event: 29.384 Thread 0x000002258449b310 Thread exited: 0x000002258449b310
Event: 29.613 Thread 0x00000225b7a80730 Thread added: 0x000002258449b310
Event: 29.621 Thread 0x00000225b7a80730 Thread added: 0x0000022584498890
Event: 29.818 Thread 0x0000022584498890 Thread exited: 0x0000022584498890
Event: 29.833 Thread 0x000002258449b310 Thread exited: 0x000002258449b310
Event: 31.511 Thread 0x00000225b7a80730 Thread added: 0x000002258449b310
Event: 31.937 Thread 0x000002258449b310 Thread exited: 0x000002258449b310
Event: 273.112 Thread 0x00000225b7a687a0 Thread added: 0x00000225fe091000
Event: 273.115 Thread 0x00000225fe091000 Thread added: 0x00000225fe091510
Event: 273.115 Thread 0x00000225fe091000 Thread added: 0x00000225fe092950
Event: 273.119 Thread 0x00000225fe092950 Thread exited: 0x00000225fe092950
Event: 273.126 Thread 0x00000225fe091510 Thread exited: 0x00000225fe091510
Event: 273.126 Thread 0x00000225fe091000 Before exit entered
Event: 273.127 Thread 0x00000225b7a687a0 Thread exited: 0x00000225b7a687a0


Dynamic libraries:
0x00007ff64f1f0000 - 0x00007ff64f1fe000 	C:\Users\jccas\.jdks\temurin-17.0.15\bin\java.exe
0x00007ffde29a0000 - 0x00007ffde2c05000 	C:\WINDOWS\SYSTEM32\ntdll.dll
0x00007ffde1640000 - 0x00007ffde1709000 	C:\WINDOWS\System32\KERNEL32.DLL
0x00007ffddfbc0000 - 0x00007ffddffa8000 	C:\WINDOWS\System32\KERNELBASE.dll
0x00007ffde0060000 - 0x00007ffde01ab000 	C:\WINDOWS\System32\ucrtbase.dll
0x00007ffdc3280000 - 0x00007ffdc3297000 	C:\Users\jccas\.jdks\temurin-17.0.15\bin\jli.dll
0x00007ffdc7450000 - 0x00007ffdc746e000 	C:\Users\jccas\.jdks\temurin-17.0.15\bin\VCRUNTIME140.dll
0x00007ffde1300000 - 0x00007ffde14ca000 	C:\WINDOWS\System32\USER32.dll
0x00007ffddfb90000 - 0x00007ffddfbb7000 	C:\WINDOWS\System32\win32u.dll
0x00007ffdb95f0000 - 0x00007ffdb988a000 	C:\WINDOWS\WinSxS\amd64_microsoft.windows.common-controls_6595b64144ccf1df_6.0.26100.4202_none_3e0698d4e335f517\COMCTL32.dll
0x00007ffde1fb0000 - 0x00007ffde1fdb000 	C:\WINDOWS\System32\GDI32.dll
0x00007ffde1d00000 - 0x00007ffde1da9000 	C:\WINDOWS\System32\msvcrt.dll
0x00007ffde0600000 - 0x00007ffde0737000 	C:\WINDOWS\System32\gdi32full.dll
0x00007ffddffb0000 - 0x00007ffde0053000 	C:\WINDOWS\System32\msvcp_win.dll
0x00007ffde0ae0000 - 0x00007ffde0b10000 	C:\WINDOWS\System32\IMM32.DLL
0x00007ffdc73e0000 - 0x00007ffdc73ec000 	C:\Users\jccas\.jdks\temurin-17.0.15\bin\vcruntime140_1.dll
0x00007ffda4790000 - 0x00007ffda481d000 	C:\Users\jccas\.jdks\temurin-17.0.15\bin\msvcp140.dll
0x00007ffd523f0000 - 0x00007ffd5305b000 	C:\Users\jccas\.jdks\temurin-17.0.15\bin\server\jvm.dll
0x00007ffde14d0000 - 0x00007ffde1583000 	C:\WINDOWS\System32\ADVAPI32.dll
0x00007ffde1590000 - 0x00007ffde1636000 	C:\WINDOWS\System32\sechost.dll
0x00007ffde1fe0000 - 0x00007ffde20f5000 	C:\WINDOWS\System32\RPCRT4.dll
0x00007ffde27f0000 - 0x00007ffde2864000 	C:\WINDOWS\System32\WS2_32.dll
0x00007ffddf940000 - 0x00007ffddf99e000 	C:\WINDOWS\SYSTEM32\POWRPROF.dll
0x00007ffdcf770000 - 0x00007ffdcf77b000 	C:\WINDOWS\SYSTEM32\VERSION.dll
0x00007ffdd4980000 - 0x00007ffdd49b5000 	C:\WINDOWS\SYSTEM32\WINMM.dll
0x00007ffddf920000 - 0x00007ffddf934000 	C:\WINDOWS\SYSTEM32\UMPDC.dll
0x00007ffdde890000 - 0x00007ffdde8ab000 	C:\WINDOWS\SYSTEM32\kernel.appcore.dll
0x00007ffdc3930000 - 0x00007ffdc393a000 	C:\Users\jccas\.jdks\temurin-17.0.15\bin\jimage.dll
0x00007ffddd210000 - 0x00007ffddd451000 	C:\WINDOWS\SYSTEM32\DBGHELP.DLL
0x00007ffde0740000 - 0x00007ffde0ac5000 	C:\WINDOWS\System32\combase.dll
0x00007ffde2870000 - 0x00007ffde2951000 	C:\WINDOWS\System32\OLEAUT32.dll
0x00007ffdbb030000 - 0x00007ffdbb069000 	C:\WINDOWS\SYSTEM32\dbgcore.DLL
0x00007ffddfaf0000 - 0x00007ffddfb89000 	C:\WINDOWS\System32\bcryptPrimitives.dll
0x00007ffdc33f0000 - 0x00007ffdc33fe000 	C:\Users\jccas\.jdks\temurin-17.0.15\bin\instrument.dll
0x00007ffdb36f0000 - 0x00007ffdb3715000 	C:\Users\jccas\.jdks\temurin-17.0.15\bin\java.dll
0x00007ffd9d890000 - 0x00007ffd9d967000 	C:\Users\jccas\.jdks\temurin-17.0.15\bin\jsvml.dll
0x00007ffde0b40000 - 0x00007ffde1282000 	C:\WINDOWS\System32\SHELL32.dll
0x00007ffde0240000 - 0x00007ffde03b4000 	C:\WINDOWS\System32\wintypes.dll
0x00007ffddd720000 - 0x00007ffdddf78000 	C:\WINDOWS\SYSTEM32\windows.storage.dll
0x00007ffde1c00000 - 0x00007ffde1cf1000 	C:\WINDOWS\System32\SHCORE.dll
0x00007ffde1290000 - 0x00007ffde12fa000 	C:\WINDOWS\System32\shlwapi.dll
0x00007ffddfa00000 - 0x00007ffddfa2f000 	C:\WINDOWS\SYSTEM32\profapi.dll
0x00007ffdbe100000 - 0x00007ffdbe119000 	C:\Users\jccas\.jdks\temurin-17.0.15\bin\net.dll
0x00007ffdd47f0000 - 0x00007ffdd490e000 	C:\WINDOWS\SYSTEM32\WINHTTP.dll
0x00007ffddee20000 - 0x00007ffddee8a000 	C:\WINDOWS\system32\mswsock.dll
0x00007ffdbdec0000 - 0x00007ffdbded6000 	C:\Users\jccas\.jdks\temurin-17.0.15\bin\nio.dll
0x00007ffdba060000 - 0x00007ffdba078000 	C:\Users\jccas\.jdks\temurin-17.0.15\bin\zip.dll
0x00007ffdb8cb0000 - 0x00007ffdb8cca000 	C:\Program Files\JetBrains\IntelliJ IDEA 2024.2.0.2\bin\breakgen64.dll
0x00007ffdc3390000 - 0x00007ffdc3399000 	C:\Users\jccas\.jdks\temurin-17.0.15\bin\extnet.dll
0x00000225fe7d0000 - 0x00000225fe7d3000 	C:\Program Files\JavaFX\javafx-sdk-17.0.15\bin\api-ms-win-core-console-l1-1-0.dll
0x00000225fe7e0000 - 0x00000225fe7e3000 	C:\Program Files\JavaFX\javafx-sdk-17.0.15\bin\api-ms-win-core-console-l1-2-0.dll
0x00000225fe7f0000 - 0x00000225fe7f3000 	C:\Program Files\JavaFX\javafx-sdk-17.0.15\bin\api-ms-win-core-datetime-l1-1-0.dll
0x00000225fe800000 - 0x00000225fe803000 	C:\Program Files\JavaFX\javafx-sdk-17.0.15\bin\api-ms-win-core-debug-l1-1-0.dll
0x00000225fe810000 - 0x00000225fe813000 	C:\Program Files\JavaFX\javafx-sdk-17.0.15\bin\api-ms-win-core-errorhandling-l1-1-0.dll
0x00000225fe820000 - 0x00000225fe824000 	C:\Program Files\JavaFX\javafx-sdk-17.0.15\bin\api-ms-win-core-file-l1-1-0.dll
0x00000225fe830000 - 0x00000225fe833000 	C:\Program Files\JavaFX\javafx-sdk-17.0.15\bin\api-ms-win-core-file-l1-2-0.dll
0x00000225fe840000 - 0x00000225fe843000 	C:\Program Files\JavaFX\javafx-sdk-17.0.15\bin\api-ms-win-core-file-l2-1-0.dll
0x00000225fe980000 - 0x00000225fe983000 	C:\Program Files\JavaFX\javafx-sdk-17.0.15\bin\api-ms-win-core-handle-l1-1-0.dll
0x00000225fe850000 - 0x00000225fe853000 	C:\Program Files\JavaFX\javafx-sdk-17.0.15\bin\api-ms-win-core-heap-l1-1-0.dll
0x00000225fe860000 - 0x00000225fe863000 	C:\Program Files\JavaFX\javafx-sdk-17.0.15\bin\api-ms-win-core-interlocked-l1-1-0.dll
0x00000225fe870000 - 0x00000225fe873000 	C:\Program Files\JavaFX\javafx-sdk-17.0.15\bin\api-ms-win-core-libraryloader-l1-1-0.dll
0x00000225fe880000 - 0x00000225fe883000 	C:\Program Files\JavaFX\javafx-sdk-17.0.15\bin\api-ms-win-core-localization-l1-2-0.dll
0x00000225fe890000 - 0x00000225fe893000 	C:\Program Files\JavaFX\javafx-sdk-17.0.15\bin\api-ms-win-core-memory-l1-1-0.dll
0x00000225fe8a0000 - 0x00000225fe8a3000 	C:\Program Files\JavaFX\javafx-sdk-17.0.15\bin\api-ms-win-core-namedpipe-l1-1-0.dll
0x00000225fe8b0000 - 0x00000225fe8b3000 	C:\Program Files\JavaFX\javafx-sdk-17.0.15\bin\api-ms-win-core-processenvironment-l1-1-0.dll
0x00000225fe8c0000 - 0x00000225fe8c3000 	C:\Program Files\JavaFX\javafx-sdk-17.0.15\bin\api-ms-win-core-processthreads-l1-1-0.dll
0x00000225fe8d0000 - 0x00000225fe8d3000 	C:\Program Files\JavaFX\javafx-sdk-17.0.15\bin\api-ms-win-core-processthreads-l1-1-1.dll
0x00000225fe8e0000 - 0x00000225fe8e3000 	C:\Program Files\JavaFX\javafx-sdk-17.0.15\bin\api-ms-win-core-profile-l1-1-0.dll
0x00000225fe8f0000 - 0x00000225fe8f3000 	C:\Program Files\JavaFX\javafx-sdk-17.0.15\bin\api-ms-win-core-rtlsupport-l1-1-0.dll
0x00000225fe900000 - 0x00000225fe903000 	C:\Program Files\JavaFX\javafx-sdk-17.0.15\bin\api-ms-win-core-string-l1-1-0.dll
0x00000225fe910000 - 0x00000225fe913000 	C:\Program Files\JavaFX\javafx-sdk-17.0.15\bin\api-ms-win-core-synch-l1-1-0.dll
0x00000225fe920000 - 0x00000225fe923000 	C:\Program Files\JavaFX\javafx-sdk-17.0.15\bin\api-ms-win-core-synch-l1-2-0.dll
0x00000225fe930000 - 0x00000225fe933000 	C:\Program Files\JavaFX\javafx-sdk-17.0.15\bin\api-ms-win-core-sysinfo-l1-1-0.dll
0x00000225fe940000 - 0x00000225fe943000 	C:\Program Files\JavaFX\javafx-sdk-17.0.15\bin\api-ms-win-core-timezone-l1-1-0.dll
0x00000225fe950000 - 0x00000225fe953000 	C:\Program Files\JavaFX\javafx-sdk-17.0.15\bin\api-ms-win-core-util-l1-1-0.dll
0x00000225fe960000 - 0x00000225fe963000 	C:\Program Files\JavaFX\javafx-sdk-17.0.15\bin\api-ms-win-crt-conio-l1-1-0.dll
0x00000225fe970000 - 0x00000225fe974000 	C:\Program Files\JavaFX\javafx-sdk-17.0.15\bin\api-ms-win-crt-convert-l1-1-0.dll
0x00000225fe990000 - 0x00000225fe993000 	C:\Program Files\JavaFX\javafx-sdk-17.0.15\bin\api-ms-win-crt-environment-l1-1-0.dll
0x00000225fe9a0000 - 0x00000225fe9a3000 	C:\Program Files\JavaFX\javafx-sdk-17.0.15\bin\api-ms-win-crt-filesystem-l1-1-0.dll
0x00000225fe9b0000 - 0x00000225fe9b3000 	C:\Program Files\JavaFX\javafx-sdk-17.0.15\bin\api-ms-win-crt-heap-l1-1-0.dll
0x00000225fe9c0000 - 0x00000225fe9c3000 	C:\Program Files\JavaFX\javafx-sdk-17.0.15\bin\api-ms-win-crt-locale-l1-1-0.dll
0x00000225fe9d0000 - 0x00000225fe9d5000 	C:\Program Files\JavaFX\javafx-sdk-17.0.15\bin\api-ms-win-crt-math-l1-1-0.dll
0x00000225fe9e0000 - 0x00000225fe9e5000 	C:\Program Files\JavaFX\javafx-sdk-17.0.15\bin\api-ms-win-crt-multibyte-l1-1-0.dll
0x00000225fe9f0000 - 0x00000225fea00000 	C:\Program Files\JavaFX\javafx-sdk-17.0.15\bin\api-ms-win-crt-private-l1-1-0.dll
0x00000225fea00000 - 0x00000225fea03000 	C:\Program Files\JavaFX\javafx-sdk-17.0.15\bin\api-ms-win-crt-process-l1-1-0.dll
0x00000225fea10000 - 0x00000225fea14000 	C:\Program Files\JavaFX\javafx-sdk-17.0.15\bin\api-ms-win-crt-runtime-l1-1-0.dll
0x00000225fea20000 - 0x00000225fea24000 	C:\Program Files\JavaFX\javafx-sdk-17.0.15\bin\api-ms-win-crt-stdio-l1-1-0.dll
0x00000225fea30000 - 0x00000225fea34000 	C:\Program Files\JavaFX\javafx-sdk-17.0.15\bin\api-ms-win-crt-string-l1-1-0.dll
0x00000225fea40000 - 0x00000225fea43000 	C:\Program Files\JavaFX\javafx-sdk-17.0.15\bin\api-ms-win-crt-time-l1-1-0.dll
0x00000225fea50000 - 0x00000225fea53000 	C:\Program Files\JavaFX\javafx-sdk-17.0.15\bin\api-ms-win-crt-utility-l1-1-0.dll
0x00007ffd941f0000 - 0x00007ffd942ec000 	C:\Program Files\JavaFX\javafx-sdk-17.0.15\bin\ucrtbase.dll
0x00007ffdb8c40000 - 0x00007ffdb8c5b000 	C:\Program Files\JavaFX\javafx-sdk-17.0.15\bin\vcruntime140.dll
0x00007ffdb8dc0000 - 0x00007ffdb8dcc000 	C:\Program Files\JavaFX\javafx-sdk-17.0.15\bin\vcruntime140_1.dll
0x00007ffd96080000 - 0x00007ffd9610e000 	C:\Program Files\JavaFX\javafx-sdk-17.0.15\bin\msvcp140.dll
0x00007ffdb5b10000 - 0x00007ffdb5b19000 	C:\Program Files\JavaFX\javafx-sdk-17.0.15\bin\msvcp140_1.dll
0x00007ffdaaac0000 - 0x00007ffdaab01000 	C:\Program Files\JavaFX\javafx-sdk-17.0.15\bin\msvcp140_2.dll
0x00007ffdab290000 - 0x00007ffdab2ba000 	C:\Program Files\JavaFX\javafx-sdk-17.0.15\bin\prism_d3d.dll
0x00007ffda1c70000 - 0x00007ffda1e27000 	C:\WINDOWS\system32\d3d9.dll
0x00007ffddca30000 - 0x00007ffddca66000 	C:\WINDOWS\SYSTEM32\dwmapi.dll
0x00007ffddc9c0000 - 0x00007ffddca0d000 	C:\WINDOWS\SYSTEM32\dxcore.dll
0x00007ffddc6e0000 - 0x00007ffddc78f000 	C:\WINDOWS\system32\uxtheme.dll
0x00007ffd61920000 - 0x00007ffd61b58000 	C:\WINDOWS\System32\DriverStore\FileRepository\iigd_dch.inf_amd64_0fdf6ce291234272\igdumdim64.dll
0x00007ffde2100000 - 0x00007ffde229e000 	C:\WINDOWS\System32\ole32.dll
0x00007ffd29b30000 - 0x00007ffd2aea0000 	C:\WINDOWS\System32\DriverStore\FileRepository\iigd_dch.inf_amd64_0fdf6ce291234272\igd9dxva64.dll
0x00007ffde22e0000 - 0x00007ffde2766000 	C:\WINDOWS\System32\SETUPAPI.dll
0x00007ffddf660000 - 0x00007ffddf6b7000 	C:\WINDOWS\SYSTEM32\cfgmgr32.dll
0x00007ffd838e0000 - 0x00007ffd85601000 	C:\WINDOWS\System32\DriverStore\FileRepository\iigd_dch.inf_amd64_0fdf6ce291234272\media_bin_64.dll
0x00007ffdd3bb0000 - 0x00007ffdd3fe8000 	C:\WINDOWS\System32\DriverStore\FileRepository\iigd_dch.inf_amd64_0fdf6ce291234272\igdgmm64.dll
0x00007ffddc810000 - 0x00007ffddc871000 	C:\WINDOWS\SYSTEM32\directxdatabasehelper.dll
0x00007ffda8bd0000 - 0x00007ffda8c12000 	C:\Program Files\JavaFX\javafx-sdk-17.0.15\bin\glass.dll
0x00007ffde1710000 - 0x00007ffde1806000 	C:\WINDOWS\System32\COMDLG32.dll
0x00007ffde1e40000 - 0x00007ffde1fa0000 	C:\WINDOWS\System32\MSCTF.dll
0x00007ffd87fe0000 - 0x00007ffd88007000 	C:\WINDOWS\System32\DriverStore\FileRepository\iigd_dch.inf_amd64_0fdf6ce291234272\igdinfo64.dll
0x00007ffdcfd00000 - 0x00007ffdd3bad000 	C:\WINDOWS\System32\DriverStore\FileRepository\iigd_dch.inf_amd64_0fdf6ce291234272\igc64.dll
0x00007ffdaad90000 - 0x00007ffdaadbd000 	C:\Program Files\JavaFX\javafx-sdk-17.0.15\bin\javafx_iio.dll
0x00007ffdb36d0000 - 0x00007ffdb36e5000 	C:\Program Files\JavaFX\javafx-sdk-17.0.15\bin\javafx_font.dll
0x00007ffddaf50000 - 0x00007ffddb1bb000 	C:\WINDOWS\SYSTEM32\dwrite.dll
0x00007ffde1860000 - 0x00007ffde1908000 	C:\WINDOWS\System32\clbcatq.dll
0x00007ffddacd0000 - 0x00007ffddaf09000 	C:\WINDOWS\SYSTEM32\WindowsCodecs.dll
0x00007ffdaa4f0000 - 0x00007ffdaa54a000 	C:\WINDOWS\system32\dataexchange.dll
0x00007ffdcdbe0000 - 0x00007ffdcde1a000 	C:\WINDOWS\system32\twinapi.appcore.dll
0x00007ffd8f100000 - 0x00007ffd8f12c000 	C:\Program Files\Common Files\Microsoft Shared\Ink\rtscom.dll
0x00007ffdc75b0000 - 0x00007ffdc7700000 	C:\WINDOWS\SYSTEM32\textinputframework.dll
0x00007ffddc1f0000 - 0x00007ffddc315000 	C:\WINDOWS\SYSTEM32\CoreMessaging.dll
0x00007ffdd71b0000 - 0x00007ffdd7493000 	C:\WINDOWS\SYSTEM32\CoreUIComponents.dll
0x00007ffddf0f0000 - 0x00007ffddf0fc000 	C:\WINDOWS\SYSTEM32\CRYPTBASE.DLL
0x00007ffdde370000 - 0x00007ffdde497000 	C:\WINDOWS\SYSTEM32\DNSAPI.dll
0x00007ffdde2d0000 - 0x00007ffdde303000 	C:\WINDOWS\SYSTEM32\IPHLPAPI.DLL

dbghelp: loaded successfully - version: 4.0.5 - missing functions: none
symbol engine: initialized successfully - sym options: 0x614 - pdb path: .;C:\Users\jccas\.jdks\temurin-17.0.15\bin;C:\WINDOWS\SYSTEM32;C:\WINDOWS\WinSxS\amd64_microsoft.windows.common-controls_6595b64144ccf1df_6.0.26100.4202_none_3e0698d4e335f517;C:\Users\jccas\.jdks\temurin-17.0.15\bin\server;C:\Program Files\JetBrains\IntelliJ IDEA 2024.2.0.2\bin;C:\Program Files\JavaFX\javafx-sdk-17.0.15\bin;C:\WINDOWS\System32\DriverStore\FileRepository\iigd_dch.inf_amd64_0fdf6ce291234272;C:\Program Files\Common Files\Microsoft Shared\Ink

VM Arguments:
jvm_args: --module-path=C:\Program Files\JavaFX\javafx-sdk-17.0.15\lib --add-modules=javafx.controls,javafx.fxml,javafx.graphics,javafx.base -javaagent:C:\Program Files\JetBrains\IntelliJ IDEA 2024.2.0.2\lib\idea_rt.jar=63909:C:\Program Files\JetBrains\IntelliJ IDEA 2024.2.0.2\bin -Dfile.encoding=UTF-8 
java_command: professionalpractice.ProfessionalPractices
java_class_path (initial): C:\TrabajosProgramacion\PC\ProyectoModificado\Professional-Practices-software\out\production\Professional-Practices-software;C:\TrabajosProgramacion\PC\ProyectoModificado\Professional-Practices-software\dependencies\jbcrypt-0.4.jar;C:\TrabajosProgramacion\PC\ProyectoModificado\Professional-Practices-software\dependencies\mysql-connector-java-8.0.20.jar;C:\Program Files\JavaFX\javafx-sdk-17.0.15\lib\javafx-swt.jar;C:\Program Files\JavaFX\javafx-sdk-17.0.15\lib\javafx.web.jar;C:\Program Files\JavaFX\javafx-sdk-17.0.15\lib\javafx.base.jar;C:\Program Files\JavaFX\javafx-sdk-17.0.15\lib\javafx.fxml.jar;C:\Program Files\JavaFX\javafx-sdk-17.0.15\lib\javafx.media.jar;C:\Program Files\JavaFX\javafx-sdk-17.0.15\lib\javafx.swing.jar;C:\Program Files\JavaFX\javafx-sdk-17.0.15\lib\javafx.controls.jar;C:\Program Files\JavaFX\javafx-sdk-17.0.15\lib\javafx.graphics.jar
Launcher Type: SUN_STANDARD

[Global flags]
     intx CICompilerCount                          = 4                                         {product} {ergonomic}
     uint ConcGCThreads                            = 2                                         {product} {ergonomic}
     uint G1ConcRefinementThreads                  = 8                                         {product} {ergonomic}
   size_t G1HeapRegionSize                         = 1048576                                   {product} {ergonomic}
    uintx GCDrainStackTargetSize                   = 64                                        {product} {ergonomic}
   size_t InitialHeapSize                          = 132120576                                 {product} {ergonomic}
   size_t MarkStackSize                            = 4194304                                   {product} {ergonomic}
   size_t MaxHeapSize                              = 2086666240                                {product} {ergonomic}
   size_t MaxNewSize                               = 1251999744                                {product} {ergonomic}
   size_t MinHeapDeltaBytes                        = 1048576                                   {product} {ergonomic}
   size_t MinHeapSize                              = 8388608                                   {product} {ergonomic}
    uintx NonNMethodCodeHeapSize                   = 5839372                                {pd product} {ergonomic}
    uintx NonProfiledCodeHeapSize                  = 122909434                              {pd product} {ergonomic}
    uintx ProfiledCodeHeapSize                     = 122909434                              {pd product} {ergonomic}
    uintx ReservedCodeCacheSize                    = 251658240                              {pd product} {ergonomic}
     bool SegmentedCodeCache                       = true                                      {product} {ergonomic}
   size_t SoftMaxHeapSize                          = 2086666240                             {manageable} {ergonomic}
     bool UseCompressedClassPointers               = true                           {product lp64_product} {ergonomic}
     bool UseCompressedOops                        = true                           {product lp64_product} {ergonomic}
     bool UseG1GC                                  = true                                      {product} {ergonomic}
     bool UseLargePagesIndividualAllocation        = false                                  {pd product} {ergonomic}

Logging:
Log output configuration:
 #0: stdout all=off uptime,level,tags
 #1: stderr all=off uptime,level,tags

Environment Variables:
PATH=C:\Program Files\Eclipse Adoptium\jdk-21.0.7.6-hotspot\bin;C:\Program Files\MySQL\MySQL Server 8.0\bin;C:\Program Files (x86)\Common Files\Oracle\Java\java8path;C:\Program Files\Common Files\Oracle\Java\javapath;C:\Program Files (x86)\Common Files\Oracle\Java\javapath;C:\WINDOWS\system32;C:\WINDOWS;C:\WINDOWS\System32\Wbem;C:\WINDOWS\System32\WindowsPowerShell\v1.0\;C:\WINDOWS\System32\OpenSSH\;C:\Program Files (x86)\Common Files\i2 Shared\Geotrans\;C:\Program Files (x86)\Common Files\i2 Shared\i2 Online iLink 8\Components\;C:\Program Files\HP\HP One Agent;C:\Users\jccas\AppData\Local\Programs\Python\Python313;C:\WINDOWS\system32;C:\WINDOWS;C:\WINDOWS\System32\Wbem;C:\WINDOWS\System32\WindowsPowerShell\v1.0\;C:\WINDOWS\System32\OpenSSH\;C:\Program Files\dotnet\;C:\Program Files\Git\cmd;C:\Program Files\MySQL\MySQL Server 8.0\bin;C:\Users\jccas\AppData\Local\Programs\Python\Launcher\;C:\xampp\htdocs\UAI\vistas\index.ine_nacional.vista.php;C:\Users\jccas\AppData\Local\Microsoft\WindowsApps;C:\Users\jccas\AppData\Local\JetBrains\Toolbox\scripts;C:\Users\jccas\AppData\Local\Programs\Microsoft VS Code\bin;C:\Users\jccas\.dotnet\tools;
USERNAME=jccas
OS=Windows_NT
PROCESSOR_IDENTIFIER=Intel64 Family 6 Model 140 Stepping 1, GenuineIntel
TMP=C:\Users\jccas\AppData\Local\Temp
TEMP=C:\Users\jccas\AppData\Local\Temp



Periodic native trim disabled


---------------  S Y S T E M  ---------------

OS:
 Windows 11 , 64 bit Build 26100 (10.0.26100.4202)
OS uptime: 5 days 2:31 hours
Hyper-V role detected

CPU: total 8 (initial active 8) (4 cores per cpu, 2 threads per core) family 6 model 140 stepping 1 microcode 0x86, cx8, cmov, fxsr, ht, mmx, 3dnowpref, sse, sse2, sse3, ssse3, sse4.1, sse4.2, popcnt, lzcnt, tsc, tscinvbit, avx, avx2, aes, erms, clmul, bmi1, bmi2, adx, avx512f, avx512dq, avx512cd, avx512bw, avx512vl, sha, fma, vzeroupper, avx512_vpopcntdq, avx512_vpclmulqdq, avx512_vaes, avx512_vnni, clflush, clflushopt, clwb, avx512_vbmi2, avx512_vbmi, hv
Processor Information for all 8 processors :
  Max Mhz: 2419, Current Mhz: 2419, Mhz Limit: 2419

Memory: 4k page, system-wide physical 7957M (909M free)
TotalPageFile size 16838M (AvailPageFile size 846M)
current process WorkingSet (physical memory assigned to process): 49M, peak: 328M
current process commit charge ("private bytes"): 380M, peak: 423M

vm_info: OpenJDK 64-Bit Server VM (17.0.15+6) for windows-amd64 JRE (17.0.15+6), built on Apr 15 2025 21:25:47 by "admin" with MS VC++ 17.7 (VS2022)

END.
