#
# A fatal error has been detected by the Java Runtime Environment:
#
#  EXCEPTION_ACCESS_VIOLATION (0xc0000005) at pc=0x00007ffda8c268a7, pid=18388, tid=25612
#
# JRE version: OpenJDK Runtime Environment Temurin-17.0.15+6 (17.0.15+6) (build 17.0.15+6)
# Java VM: OpenJDK 64-Bit Server VM Temurin-17.0.15+6 (17.0.15+6, mixed mode, sharing, tiered, compressed oops, compressed class ptrs, g1 gc, windows-amd64)
# Problematic frame:
# C  [glass.dll+0x268a7]
#
# No core dump will be written. Minidumps are not enabled by default on client versions of Windows
#
# If you would like to submit a bug report, please visit:
#   https://github.com/adoptium/adoptium-support/issues
#

---------------  S U M M A R Y ------------

Command Line: --module-path=C:\Program Files\JavaFX\javafx-sdk-17.0.15\lib --add-modules=javafx.controls,javafx.fxml,javafx.graphics,javafx.base -javaagent:C:\Program Files\JetBrains\IntelliJ IDEA 2024.2.0.2\lib\idea_rt.jar=61690:C:\Program Files\JetBrains\IntelliJ IDEA 2024.2.0.2\bin -Dfile.encoding=UTF-8 professionalpractice.ProfessionalPractices

Host: 11th Gen Intel(R) Core(TM) i5-1135G7 @ 2.40GHz, 8 cores, 7G,  Windows 11 , 64 bit Build 26100 (10.0.26100.4202)
Time: Fri Jun 20 20:33:24 2025 Hora estándar central (México) elapsed time: 270.146082 seconds (0d 0h 4m 30s)

---------------  T H R E A D  ---------------

Current thread (0x00000197ffdeaca0):  VMThread "VM Thread" [stack: 0x0000005d90800000,0x0000005d90900000] [id=25612]

Stack: [0x0000005d90800000,0x0000005d90900000],  sp=0x0000005d908ff130,  free space=1020k
Native frames: (J=compiled Java code, j=interpreted, Vv=VM code, C=native code)
C  [glass.dll+0x268a7]


siginfo: EXCEPTION_ACCESS_VIOLATION (0xc0000005), reading address 0x0000000000000000


Registers:
RAX=0x0000000000000000, RBX=0x00000197ffe00f90, RCX=0x00000197ffdeaca0, RDX=0x0000005d908ff130
RSP=0x0000005d908ff130, RBP=0x000064fb019b0a95, RSI=0x00000197d74a7e58, RDI=0x00000197d74a7e30
R8 =0x0000000000010002, R9 =0x000064fb019b0a95, R10=0x00000197f0710000, R11=0x0000005d908fefe0
R12=0x00007ffda8c00000, R13=0x000000007ffe0385, R14=0x0000005d908ff238, R15=0x00000197d74a7e30
RIP=0x00007ffda8c268a7, EFLAGS=0x0000000000010206

XMM[0]=0x0000000000000000 0x0000000000000000
XMM[1]=0x0000000000000000 0x0000005d908fdd90
XMM[2]=0x0000000000000000 0x0000000000000000
XMM[3]=0x0000000000000000 0x0000000000000000
XMM[4]=0x0000000000000000 0x0000000000000000
XMM[5]=0x0000000000000000 0x0000000000000000
XMM[6]=0x0000000000000000 0x404e000000000000
XMM[7]=0x0000000000000000 0x0000000000000000
XMM[8]=0x0000000000000000 0x0000000000000000
XMM[9]=0x0000000000000000 0x0000000000000000
XMM[10]=0x0000000000000000 0x0000000000000000
XMM[11]=0x0000000000000000 0x0000000000000000
XMM[12]=0x0000000000000000 0x0000000000000000
XMM[13]=0x0000000000000000 0x0000000000000000
XMM[14]=0x0000000000000000 0x0000000000000000
XMM[15]=0x0000000000000000 0x0000000000000000
  MXCSR=0x00001fa3


Register to memory mapping:

RIP=0x00007ffda8c268a7 glass.dll
RAX=0x0 is NULL
RBX=0x00000197ffe00f90 is a global jni handle
RCX=0x00000197ffdeaca0 points into unknown readable memory: 0x00007ffd60002bb8 | b8 2b 00 60 fd 7f 00 00
RDX=0x0000005d908ff130 points into unknown readable memory: 0x0000000000000000 | 00 00 00 00 00 00 00 00
RSP=0x0000005d908ff130 points into unknown readable memory: 0x0000000000000000 | 00 00 00 00 00 00 00 00
RBP=0x000064fb019b0a95 is an unknown value
RSI=0x00000197d74a7e58 points into unknown readable memory: 0x000064fb019b0a95 | 95 0a 9b 01 fb 64 00 00
RDI=0x00000197d74a7e30 points into unknown readable memory: 0xffb57cbca09b0a9a | 9a 0a 9b a0 bc 7c b5 ff
R8 =0x0000000000010002 is an unknown value
R9 =0x000064fb019b0a95 is an unknown value
R10=0x00000197f0710000 points into unknown readable memory: 0x0000000000000000 | 00 00 00 00 00 00 00 00
R11=0x0000005d908fefe0 points into unknown readable memory: 0x0000000000000000 | 00 00 00 00 00 00 00 00
R12=0x00007ffda8c00000 glass.dll
R13=0x000000007ffe0385 points into unknown readable memory: 00 00 00
R14=0x0000005d908ff238 points into unknown readable memory: 0x0000005d908ff220 | 20 f2 8f 90 5d 00 00 00
R15=0x00000197d74a7e30 points into unknown readable memory: 0xffb57cbca09b0a9a | 9a 0a 9b a0 bc 7c b5 ff


Top of Stack: (sp=0x0000005d908ff130)
0x0000005d908ff130:   0000000000000000 0000019700000000
0x0000005d908ff140:   00000197d714fc10 00007ffda8c00000
0x0000005d908ff150:   00000197d74a7e38 00007ffde00abc75
0x0000005d908ff160:   00000197d74a7e30 0000019700000000
0x0000005d908ff170:   00000197d74a7e50 000064fb019b0a95
0x0000005d908ff180:   fffffffffffffffe 00007ffddfcc96ab
0x0000005d908ff190:   0000000000000000 00007ffda8c00000
0x0000005d908ff1a0:   0000005d908ff228 00007ffde00ab897
0x0000005d908ff1b0:   0000005d908ff200 0000005d908ff238
0x0000005d908ff1c0:   0000005d908ff760 00007ffde01988c0
0x0000005d908ff1d0:   0000000000000001 00007ffde00ab84d
0x0000005d908ff1e0:   0000000000000000 0000000000000001
0x0000005d908ff1f0:   0000000000000000 0000005d908ff228
0x0000005d908ff200:   fffffffffffffffe 0000005d908ff700
0x0000005d908ff210:   0000000000000000 00007ffda8c2407d
0x0000005d908ff220:   00007ffda8c3a008 00007ffd00000002
0x0000005d908ff230:   0000000000000002 0000005d908ff220
0x0000005d908ff240:   0000000000000000 00007ffdde2e908d
0x0000005d908ff250:   0000000000000000 00007ffda8c241a2
0x0000005d908ff260:   0000000000000001 000000007ffe0384
0x0000005d908ff270:   0000000000000001 0000000000000001
0x0000005d908ff280:   000000007ffe0384 00007ffddf0f277e
0x0000005d908ff290:   0000000000000001 000000000000007a
0x0000005d908ff2a0:   00007ffda8c241f0 0000000000000001
0x0000005d908ff2b0:   0000000000000001 00007ffde2a12983
0x0000005d908ff2c0:   00007ffda8c00000 0000000000000000
0x0000005d908ff2d0:   0000000000000001 000000007ffe0384
0x0000005d908ff2e0:   000000000000005e 0000000000000000
0x0000005d908ff2f0:   0000000000000000 0000000000000000
0x0000005d908ff300:   00007ffda8c00000 ffff052c00000000
0x0000005d908ff310:   0000000000000078 0000000000000000
0x0000005d908ff320:   0000000000000000 00000197ffdebca0 

Instructions: (pc=0x00007ffda8c268a7)
0x00007ffda8c267a7:   8b 4d 58 e8 8d cf ff ff 48 8b 4d 60 e8 84 cf ff
0x00007ffda8c267b7:   ff 48 8b 95 80 00 00 00 48 8b 8d 18 01 00 00 e8
0x00007ffda8c267c7:   76 c4 ff ff 33 d2 33 c9 e8 cc e1 ff ff 90 48 89
0x00007ffda8c267d7:   54 24 10 55 48 83 ec 20 48 8b ea 48 b8 00 00 00
0x00007ffda8c267e7:   00 00 00 00 00 48 83 c4 20 5d c3 cc 40 55 48 8b
0x00007ffda8c267f7:   ea 48 8b 01 33 c9 81 38 05 00 00 c0 0f 94 c1 8b
0x00007ffda8c26807:   c1 5d c3 cc 40 55 48 83 ec 20 48 8b ea 8a 4d 40
0x00007ffda8c26817:   48 83 c4 20 5d e9 73 d3 ff ff cc 40 55 48 83 ec
0x00007ffda8c26827:   20 48 8b ea 8a 4d 20 e8 61 d3 ff ff 90 48 83 c4
0x00007ffda8c26837:   20 5d c3 cc 40 55 48 83 ec 20 48 8b ea 48 83 c4
0x00007ffda8c26847:   20 5d e9 c2 d1 ff ff cc 40 55 48 83 ec 30 48 8b
0x00007ffda8c26857:   ea 48 8b 01 8b 10 48 89 4c 24 28 89 54 24 20 4c
0x00007ffda8c26867:   8d 0d 63 d6 ff ff 4c 8b 45 70 8b 55 68 48 8b 4d
0x00007ffda8c26877:   60 e8 03 d1 ff ff 90 48 83 c4 30 5d c3 cc cc cc
0x00007ffda8c26887:   cc cc cc cc cc cc cc cc cc 40 53 48 83 ec 20 48
0x00007ffda8c26897:   8b 1d 6b 31 01 00 48 85 db 74 16 e8 89 8b ff ff
0x00007ffda8c268a7:   4c 8b 00 48 8b d3 48 8b c8 41 ff 90 b0 00 00 00
0x00007ffda8c268b7:   90 48 83 c4 20 5b c3 cc cc 40 53 48 83 ec 20 48
0x00007ffda8c268c7:   8b 1d db 32 01 00 48 85 db 74 57 b8 ff ff ff ff
0x00007ffda8c268d7:   f0 0f c1 43 10 83 f8 01 75 3d 48 85 db 74 38 48
0x00007ffda8c268e7:   8b 0b 48 85 c9 74 0d ff 15 b4 09 00 00 48 c7 03
0x00007ffda8c268f7:   00 00 00 00 48 8b 4b 08 48 85 c9 74 0d e8 33 ce
0x00007ffda8c26907:   ff ff 48 c7 43 08 00 00 00 00 ba 18 00 00 00 48
0x00007ffda8c26917:   8b cb e8 1e ce ff ff 48 c7 05 7f 32 01 00 00 00
0x00007ffda8c26927:   00 00 48 83 c4 20 5b c3 cc 40 53 48 83 ec 20 48
0x00007ffda8c26937:   8b 1d 4b 32 01 00 48 85 db 74 57 b8 ff ff ff ff
0x00007ffda8c26947:   f0 0f c1 43 10 83 f8 01 75 3d 48 85 db 74 38 48
0x00007ffda8c26957:   8b 0b 48 85 c9 74 0d ff 15 44 09 00 00 48 c7 03
0x00007ffda8c26967:   00 00 00 00 48 8b 4b 08 48 85 c9 74 0d e8 c3 cd
0x00007ffda8c26977:   ff ff 48 c7 43 08 00 00 00 00 ba 18 00 00 00 48
0x00007ffda8c26987:   8b cb e8 ae cd ff ff 48 c7 05 ef 31 01 00 00 00
0x00007ffda8c26997:   00 00 48 83 c4 20 5b c3 cc 40 53 48 83 ec 20 48 


Stack slot to memory mapping:
stack at sp + 0 slots: 0x0 is NULL
stack at sp + 1 slots: 0x0000019700000000 is an unknown value
stack at sp + 2 slots: 0x00000197d714fc10 points into unknown readable memory: 0x00000197d714f340 | 40 f3 14 d7 97 01 00 00
stack at sp + 3 slots: 0x00007ffda8c00000 glass.dll
stack at sp + 4 slots: 0x00000197d74a7e38 points into unknown readable memory: 0x000064fb019b0a95 | 95 0a 9b 01 fb 64 00 00
stack at sp + 5 slots: 0x00007ffde00abc75 ucrtbase.dll
stack at sp + 6 slots: 0x00000197d74a7e30 points into unknown readable memory: 0xffb57cbca09b0a9a | 9a 0a 9b a0 bc 7c b5 ff
stack at sp + 7 slots: 0x0000019700000000 is an unknown value

VM_Operation (0x0000005d8fffeed0): Exit, mode: safepoint, requested by thread 0x00000197d7977730


---------------  P R O C E S S  ---------------

Threads class SMR info:
_java_thread_list=0x00000197d7833070, length=21, elements={
0x00000197f2b40c80, 0x00000197ffdf14f0, 0x00000197ffdf2c20, 0x00000197ffe0bc60,
0x00000197ffe0d190, 0x00000197ffe0ee60, 0x00000197ffe112e0, 0x00000197ffe12530,
0x00000197ffe21790, 0x00000197ffdddde0, 0x00000197d6306dc0, 0x00000197d69b9f30,
0x00000197d6db04c0, 0x00000197d6c70290, 0x00000197d681c840, 0x00000197d73e11d0,
0x00000197d7977220, 0x00000197d7976800, 0x00000197d79758d0, 0x00000197d7976d10,
0x00000197d7977730
}

Java Threads: ( => current thread )
  0x00000197f2b40c80 JavaThread "main" [_thread_blocked, id=25636, stack(0x0000005d90200000,0x0000005d90300000)]
  0x00000197ffdf14f0 JavaThread "Reference Handler" daemon [_thread_blocked, id=11716, stack(0x0000005d90900000,0x0000005d90a00000)]
  0x00000197ffdf2c20 JavaThread "Finalizer" daemon [_thread_blocked, id=29092, stack(0x0000005d90a00000,0x0000005d90b00000)]
  0x00000197ffe0bc60 JavaThread "Attach Listener" daemon [_thread_blocked, id=31588, stack(0x0000005d90c00000,0x0000005d90d00000)]
  0x00000197ffe0d190 JavaThread "Service Thread" daemon [_thread_blocked, id=24984, stack(0x0000005d90d00000,0x0000005d90e00000)]
  0x00000197ffe0ee60 JavaThread "Monitor Deflation Thread" daemon [_thread_blocked, id=14700, stack(0x0000005d90e00000,0x0000005d90f00000)]
  0x00000197ffe112e0 JavaThread "C2 CompilerThread0" daemon [_thread_blocked, id=22312, stack(0x0000005d90f00000,0x0000005d91000000)]
  0x00000197ffe12530 JavaThread "C1 CompilerThread0" daemon [_thread_blocked, id=11408, stack(0x0000005d91000000,0x0000005d91100000)]
  0x00000197ffe21790 JavaThread "Sweeper thread" daemon [_thread_blocked, id=23976, stack(0x0000005d91100000,0x0000005d91200000)]
  0x00000197ffdddde0 JavaThread "Common-Cleaner" daemon [_thread_blocked, id=28628, stack(0x0000005d91200000,0x0000005d91300000)]
  0x00000197d6306dc0 JavaThread "Monitor Ctrl-Break" daemon [_thread_in_native, id=21624, stack(0x0000005d91500000,0x0000005d91600000)]
  0x00000197d69b9f30 JavaThread "Notification Thread" daemon [_thread_blocked, id=24468, stack(0x0000005d91600000,0x0000005d91700000)]
  0x00000197d6db04c0 JavaThread "QuantumRenderer-0" daemon [_thread_blocked, id=17484, stack(0x0000005d91800000,0x0000005d91900000)]
  0x00000197d6c70290 JavaThread "InvokeLaterDispatcher" daemon [_thread_blocked, id=25988, stack(0x0000005d91900000,0x0000005d91a00000)]
  0x00000197d681c840 JavaThread "JavaFX Application Thread" [_thread_in_native, id=28116, stack(0x0000005d91a00000,0x0000005d91b00000)]
  0x00000197d73e11d0 JavaThread "JavaFX-Launcher" [_thread_blocked, id=1408, stack(0x0000005d91f00000,0x0000005d92000000)]
  0x00000197d7977220 JavaThread "Thread-2" daemon [_thread_in_native, id=22008, stack(0x0000005d91e00000,0x0000005d91f00000)]
  0x00000197d7976800 JavaThread "Prism Font Disposer" daemon [_thread_blocked, id=25104, stack(0x0000005d92800000,0x0000005d92900000)]
  0x00000197d79758d0 JavaThread "Cleaner-0" daemon [_thread_blocked, id=28488, stack(0x0000005d92900000,0x0000005d92a00000)]
  0x00000197d7976d10 JavaThread "mysql-cj-abandoned-connection-cleanup" daemon [_thread_blocked, id=28136, stack(0x0000005d92a00000,0x0000005d92b00000)]
  0x00000197d7977730 JavaThread "SIGINT handler" daemon [_thread_blocked, id=32128, stack(0x0000005d8ff00000,0x0000005d90000000)]

Other Threads:
=>0x00000197ffdeaca0 VMThread "VM Thread" [stack: 0x0000005d90800000,0x0000005d90900000] [id=25612]
  0x00000197f08eaf90 GCTaskThread "GC Thread#0" [stack: 0x0000005d90300000,0x0000005d90400000] [id=20524]
  0x00000197d6ec9100 GCTaskThread "GC Thread#1" [stack: 0x0000005d92000000,0x0000005d92100000] [id=30904]
  0x00000197d636d6a0 GCTaskThread "GC Thread#2" [stack: 0x0000005d92100000,0x0000005d92200000] [id=4412]
  0x00000197d635ef70 GCTaskThread "GC Thread#3" [stack: 0x0000005d92200000,0x0000005d92300000] [id=15880]
  0x00000197d635f230 GCTaskThread "GC Thread#4" [stack: 0x0000005d92300000,0x0000005d92400000] [id=4448]
  0x00000197d635f4f0 GCTaskThread "GC Thread#5" [stack: 0x0000005d92400000,0x0000005d92500000] [id=20236]
  0x00000197d710c830 GCTaskThread "GC Thread#6" [stack: 0x0000005d91300000,0x0000005d91400000] [id=18744]
  0x00000197d710d5f0 GCTaskThread "GC Thread#7" [stack: 0x0000005d91400000,0x0000005d91500000] [id=24636]
  0x00000197f2baaa40 ConcurrentGCThread "G1 Main Marker" terminated
  0x00000197f08ecca0 ConcurrentGCThread "G1 Conc#0" [stack: 0x0000005d90500000,0x0000005d90600000] [id=28320]
  0x00000197d710bd30 ConcurrentGCThread "G1 Conc#1" [stack: 0x0000005d92b00000,0x0000005d92c00000] [id=25932]
  0x00000197f2bed850 ConcurrentGCThread "G1 Refine#0" terminated
  0x00000197f2bee120 ConcurrentGCThread "G1 Service" terminated

Threads with active compile tasks:

VM state: at safepoint (shutting down)

VM Mutex/Monitor currently owned by a thread:  ([mutex/lock_event])
[0x00000197f2b3c840] Threads_lock - owner thread: 0x00000197ffdeaca0
[0x00000197f2b3c600] Heap_lock - owner thread: 0x00000197d7977730

Heap address: 0x0000000083a00000, size: 1990 MB, Compressed Oops mode: 32-bit

CDS archive(s) mapped at: [0x0000019791000000-0x0000019791bb0000-0x0000019791bb0000), size 12255232, SharedBaseAddress: 0x0000019791000000, ArchiveRelocationMode: 1.
Compressed class space mapped at: 0x0000019792000000-0x00000197d2000000, reserved size: 1073741824
Narrow klass base: 0x0000019791000000, Narrow klass shift: 0, Narrow klass range: 0x100000000

GC Precious Log:
 CPUs: 8 total, 8 available
 Memory: 7957M
 Large Page Support: Disabled
 NUMA Support: Disabled
 Compressed Oops: Enabled (32-bit)
 Heap Region Size: 1M
 Heap Min Capacity: 8M
 Heap Initial Capacity: 126M
 Heap Max Capacity: 1990M
 Pre-touch: Disabled
 Parallel Workers: 8
 Concurrent Workers: 2
 Concurrent Refinement Workers: 8
 Periodic GC: Disabled

Heap:
 garbage-first heap   total 129024K, used 56109K [0x0000000083a00000, 0x0000000100000000)
  region size 1024K, 23 young (23552K), 8 survivors (8192K)
 Metaspace       used 22770K, committed 22976K, reserved 1114112K
  class space    used 3167K, committed 3264K, reserved 1048576K

Heap Regions: E=young(eden), S=young(survivor), O=old, HS=humongous(starts), HC=humongous(continues), CS=collection set, F=free, OA=open archive, CA=closed archive, TAMS=top-at-mark-start (previous, next)
|   0|0x0000000083a00000, 0x0000000083b00000, 0x0000000083b00000|100%| O|  |TAMS 0x0000000083b00000, 0x0000000083a00000| Complete 
|   1|0x0000000083b00000, 0x0000000083c00000, 0x0000000083c00000|100%|HS|  |TAMS 0x0000000083c00000, 0x0000000083b00000| Complete 
|   2|0x0000000083c00000, 0x0000000083d00000, 0x0000000083d00000|100%|HC|  |TAMS 0x0000000083d00000, 0x0000000083c00000| Complete 
|   3|0x0000000083d00000, 0x0000000083e00000, 0x0000000083e00000|100%|HC|  |TAMS 0x0000000083e00000, 0x0000000083d00000| Complete 
|   4|0x0000000083e00000, 0x0000000083f00000, 0x0000000083f00000|100%|HC|  |TAMS 0x0000000083f00000, 0x0000000083e00000| Complete 
|   5|0x0000000083f00000, 0x0000000084000000, 0x0000000084000000|100%|HC|  |TAMS 0x0000000084000000, 0x0000000083f00000| Complete 
|   6|0x0000000084000000, 0x0000000084100000, 0x0000000084100000|100%|HS|  |TAMS 0x0000000084100000, 0x0000000084000000| Complete 
|   7|0x0000000084100000, 0x0000000084200000, 0x0000000084200000|100%|HC|  |TAMS 0x0000000084200000, 0x0000000084100000| Complete 
|   8|0x0000000084200000, 0x0000000084300000, 0x0000000084300000|100%| O|  |TAMS 0x0000000084300000, 0x0000000084200000| Untracked 
|   9|0x0000000084300000, 0x0000000084400000, 0x0000000084400000|100%| O|  |TAMS 0x0000000084400000, 0x0000000084300000| Untracked 
|  10|0x0000000084400000, 0x000000008445bc00, 0x0000000084500000| 35%| O|  |TAMS 0x000000008445bc00, 0x0000000084400000| Untracked 
|  11|0x0000000084500000, 0x0000000084600000, 0x0000000084600000|100%|HS|  |TAMS 0x0000000084600000, 0x0000000084500000| Complete 
|  12|0x0000000084600000, 0x0000000084700000, 0x0000000084700000|100%|HC|  |TAMS 0x0000000084700000, 0x0000000084600000| Complete 
|  13|0x0000000084700000, 0x0000000084800000, 0x0000000084800000|100%|HC|  |TAMS 0x0000000084800000, 0x0000000084700000| Complete 
|  14|0x0000000084800000, 0x0000000084900000, 0x0000000084900000|100%|HC|  |TAMS 0x0000000084900000, 0x0000000084800000| Complete 
|  15|0x0000000084900000, 0x0000000084a00000, 0x0000000084a00000|100%|HC|  |TAMS 0x0000000084a00000, 0x0000000084900000| Complete 
|  16|0x0000000084a00000, 0x0000000084b00000, 0x0000000084b00000|100%|HC|  |TAMS 0x0000000084b00000, 0x0000000084a00000| Complete 
|  17|0x0000000084b00000, 0x0000000084c00000, 0x0000000084c00000|100%|HC|  |TAMS 0x0000000084c00000, 0x0000000084b00000| Complete 
|  18|0x0000000084c00000, 0x0000000084d00000, 0x0000000084d00000|100%|HC|  |TAMS 0x0000000084d00000, 0x0000000084c00000| Complete 
|  19|0x0000000084d00000, 0x0000000084e00000, 0x0000000084e00000|100%|HC|  |TAMS 0x0000000084e00000, 0x0000000084d00000| Complete 
|  20|0x0000000084e00000, 0x0000000084f00000, 0x0000000084f00000|100%|HC|  |TAMS 0x0000000084f00000, 0x0000000084e00000| Complete 
|  21|0x0000000084f00000, 0x0000000085000000, 0x0000000085000000|100%|HC|  |TAMS 0x0000000085000000, 0x0000000084f00000| Complete 
|  22|0x0000000085000000, 0x0000000085100000, 0x0000000085100000|100%|HC|  |TAMS 0x0000000085100000, 0x0000000085000000| Complete 
|  23|0x0000000085100000, 0x0000000085200000, 0x0000000085200000|100%|HC|  |TAMS 0x0000000085200000, 0x0000000085100000| Complete 
|  24|0x0000000085200000, 0x0000000085300000, 0x0000000085300000|100%|HS|  |TAMS 0x0000000085300000, 0x0000000085200000| Complete 
|  25|0x0000000085300000, 0x0000000085400000, 0x0000000085400000|100%|HC|  |TAMS 0x0000000085400000, 0x0000000085300000| Complete 
|  26|0x0000000085400000, 0x0000000085500000, 0x0000000085500000|100%|HS|  |TAMS 0x0000000085500000, 0x0000000085400000| Complete 
|  27|0x0000000085500000, 0x0000000085600000, 0x0000000085600000|100%|HC|  |TAMS 0x0000000085600000, 0x0000000085500000| Complete 
|  28|0x0000000085600000, 0x0000000085700000, 0x0000000085700000|100%|HS|  |TAMS 0x0000000085700000, 0x0000000085600000| Complete 
|  29|0x0000000085700000, 0x0000000085800000, 0x0000000085800000|100%|HC|  |TAMS 0x0000000085800000, 0x0000000085700000| Complete 
|  30|0x0000000085800000, 0x0000000085900000, 0x0000000085900000|100%|HS|  |TAMS 0x0000000085900000, 0x0000000085800000| Complete 
|  31|0x0000000085900000, 0x0000000085a00000, 0x0000000085a00000|100%|HC|  |TAMS 0x0000000085a00000, 0x0000000085900000| Complete 
|  32|0x0000000085a00000, 0x0000000085b00000, 0x0000000085b00000|100%|HS|  |TAMS 0x0000000085b00000, 0x0000000085a00000| Complete 
|  33|0x0000000085b00000, 0x0000000085c00000, 0x0000000085c00000|100%|HC|  |TAMS 0x0000000085c00000, 0x0000000085b00000| Complete 
|  34|0x0000000085c00000, 0x0000000085c00000, 0x0000000085d00000|  0%| F|  |TAMS 0x0000000085c00000, 0x0000000085c00000| Untracked 
|  35|0x0000000085d00000, 0x0000000085d00000, 0x0000000085e00000|  0%| F|  |TAMS 0x0000000085d00000, 0x0000000085d00000| Untracked 
|  36|0x0000000085e00000, 0x0000000085e00000, 0x0000000085f00000|  0%| F|  |TAMS 0x0000000085e00000, 0x0000000085e00000| Untracked 
|  37|0x0000000085f00000, 0x0000000085f00000, 0x0000000086000000|  0%| F|  |TAMS 0x0000000085f00000, 0x0000000085f00000| Untracked 
|  38|0x0000000086000000, 0x0000000086000000, 0x0000000086100000|  0%| F|  |TAMS 0x0000000086000000, 0x0000000086000000| Untracked 
|  39|0x0000000086100000, 0x0000000086100000, 0x0000000086200000|  0%| F|  |TAMS 0x0000000086100000, 0x0000000086100000| Untracked 
|  40|0x0000000086200000, 0x0000000086200000, 0x0000000086300000|  0%| F|  |TAMS 0x0000000086200000, 0x0000000086200000| Untracked 
|  41|0x0000000086300000, 0x0000000086300000, 0x0000000086400000|  0%| F|  |TAMS 0x0000000086300000, 0x0000000086300000| Untracked 
|  42|0x0000000086400000, 0x0000000086400000, 0x0000000086500000|  0%| F|  |TAMS 0x0000000086400000, 0x0000000086400000| Untracked 
|  43|0x0000000086500000, 0x0000000086500000, 0x0000000086600000|  0%| F|  |TAMS 0x0000000086500000, 0x0000000086500000| Untracked 
|  44|0x0000000086600000, 0x0000000086600000, 0x0000000086700000|  0%| F|  |TAMS 0x0000000086600000, 0x0000000086600000| Untracked 
|  45|0x0000000086700000, 0x0000000086700000, 0x0000000086800000|  0%| F|  |TAMS 0x0000000086700000, 0x0000000086700000| Untracked 
|  46|0x0000000086800000, 0x0000000086800000, 0x0000000086900000|  0%| F|  |TAMS 0x0000000086800000, 0x0000000086800000| Untracked 
|  47|0x0000000086900000, 0x0000000086900000, 0x0000000086a00000|  0%| F|  |TAMS 0x0000000086900000, 0x0000000086900000| Untracked 
|  48|0x0000000086a00000, 0x0000000086a00000, 0x0000000086b00000|  0%| F|  |TAMS 0x0000000086a00000, 0x0000000086a00000| Untracked 
|  49|0x0000000086b00000, 0x0000000086b00000, 0x0000000086c00000|  0%| F|  |TAMS 0x0000000086b00000, 0x0000000086b00000| Untracked 
|  50|0x0000000086c00000, 0x0000000086c00000, 0x0000000086d00000|  0%| F|  |TAMS 0x0000000086c00000, 0x0000000086c00000| Untracked 
|  51|0x0000000086d00000, 0x0000000086d00000, 0x0000000086e00000|  0%| F|  |TAMS 0x0000000086d00000, 0x0000000086d00000| Untracked 
|  52|0x0000000086e00000, 0x0000000086e00000, 0x0000000086f00000|  0%| F|  |TAMS 0x0000000086e00000, 0x0000000086e00000| Untracked 
|  53|0x0000000086f00000, 0x0000000086f00000, 0x0000000087000000|  0%| F|  |TAMS 0x0000000086f00000, 0x0000000086f00000| Untracked 
|  54|0x0000000087000000, 0x0000000087000000, 0x0000000087100000|  0%| F|  |TAMS 0x0000000087000000, 0x0000000087000000| Untracked 
|  55|0x0000000087100000, 0x0000000087100000, 0x0000000087200000|  0%| F|  |TAMS 0x0000000087100000, 0x0000000087100000| Untracked 
|  56|0x0000000087200000, 0x0000000087200000, 0x0000000087300000|  0%| F|  |TAMS 0x0000000087200000, 0x0000000087200000| Untracked 
|  57|0x0000000087300000, 0x0000000087300000, 0x0000000087400000|  0%| F|  |TAMS 0x0000000087300000, 0x0000000087300000| Untracked 
|  58|0x0000000087400000, 0x0000000087400000, 0x0000000087500000|  0%| F|  |TAMS 0x0000000087400000, 0x0000000087400000| Untracked 
|  59|0x0000000087500000, 0x0000000087500000, 0x0000000087600000|  0%| F|  |TAMS 0x0000000087500000, 0x0000000087500000| Untracked 
|  60|0x0000000087600000, 0x0000000087600000, 0x0000000087700000|  0%| F|  |TAMS 0x0000000087600000, 0x0000000087600000| Untracked 
|  61|0x0000000087700000, 0x0000000087700000, 0x0000000087800000|  0%| F|  |TAMS 0x0000000087700000, 0x0000000087700000| Untracked 
|  62|0x0000000087800000, 0x0000000087800000, 0x0000000087900000|  0%| F|  |TAMS 0x0000000087800000, 0x0000000087800000| Untracked 
|  63|0x0000000087900000, 0x0000000087900000, 0x0000000087a00000|  0%| F|  |TAMS 0x0000000087900000, 0x0000000087900000| Untracked 
|  64|0x0000000087a00000, 0x0000000087a00000, 0x0000000087b00000|  0%| F|  |TAMS 0x0000000087a00000, 0x0000000087a00000| Untracked 
|  65|0x0000000087b00000, 0x0000000087b00000, 0x0000000087c00000|  0%| F|  |TAMS 0x0000000087b00000, 0x0000000087b00000| Untracked 
|  66|0x0000000087c00000, 0x0000000087c00000, 0x0000000087d00000|  0%| F|  |TAMS 0x0000000087c00000, 0x0000000087c00000| Untracked 
|  67|0x0000000087d00000, 0x0000000087d00000, 0x0000000087e00000|  0%| F|  |TAMS 0x0000000087d00000, 0x0000000087d00000| Untracked 
|  68|0x0000000087e00000, 0x0000000087e00000, 0x0000000087f00000|  0%| F|  |TAMS 0x0000000087e00000, 0x0000000087e00000| Untracked 
|  69|0x0000000087f00000, 0x0000000087f00000, 0x0000000088000000|  0%| F|  |TAMS 0x0000000087f00000, 0x0000000087f00000| Untracked 
|  70|0x0000000088000000, 0x0000000088000000, 0x0000000088100000|  0%| F|  |TAMS 0x0000000088000000, 0x0000000088000000| Untracked 
|  71|0x0000000088100000, 0x0000000088100000, 0x0000000088200000|  0%| F|  |TAMS 0x0000000088100000, 0x0000000088100000| Untracked 
|  72|0x0000000088200000, 0x0000000088200000, 0x0000000088300000|  0%| F|  |TAMS 0x0000000088200000, 0x0000000088200000| Untracked 
|  73|0x0000000088300000, 0x0000000088300000, 0x0000000088400000|  0%| F|  |TAMS 0x0000000088300000, 0x0000000088300000| Untracked 
|  74|0x0000000088400000, 0x0000000088400000, 0x0000000088500000|  0%| F|  |TAMS 0x0000000088400000, 0x0000000088400000| Untracked 
|  75|0x0000000088500000, 0x0000000088500000, 0x0000000088600000|  0%| F|  |TAMS 0x0000000088500000, 0x0000000088500000| Untracked 
|  76|0x0000000088600000, 0x0000000088600000, 0x0000000088700000|  0%| F|  |TAMS 0x0000000088600000, 0x0000000088600000| Untracked 
|  77|0x0000000088700000, 0x0000000088700000, 0x0000000088800000|  0%| F|  |TAMS 0x0000000088700000, 0x0000000088700000| Untracked 
|  78|0x0000000088800000, 0x0000000088800000, 0x0000000088900000|  0%| F|  |TAMS 0x0000000088800000, 0x0000000088800000| Untracked 
|  79|0x0000000088900000, 0x0000000088900000, 0x0000000088a00000|  0%| F|  |TAMS 0x0000000088900000, 0x0000000088900000| Untracked 
|  80|0x0000000088a00000, 0x0000000088a00000, 0x0000000088b00000|  0%| F|  |TAMS 0x0000000088a00000, 0x0000000088a00000| Untracked 
|  81|0x0000000088b00000, 0x0000000088b00000, 0x0000000088c00000|  0%| F|  |TAMS 0x0000000088b00000, 0x0000000088b00000| Untracked 
|  82|0x0000000088c00000, 0x0000000088c00000, 0x0000000088d00000|  0%| F|  |TAMS 0x0000000088c00000, 0x0000000088c00000| Untracked 
|  83|0x0000000088d00000, 0x0000000088d00000, 0x0000000088e00000|  0%| F|  |TAMS 0x0000000088d00000, 0x0000000088d00000| Untracked 
|  84|0x0000000088e00000, 0x0000000088e00000, 0x0000000088f00000|  0%| F|  |TAMS 0x0000000088e00000, 0x0000000088e00000| Untracked 
|  85|0x0000000088f00000, 0x0000000088f00000, 0x0000000089000000|  0%| F|  |TAMS 0x0000000088f00000, 0x0000000088f00000| Untracked 
|  86|0x0000000089000000, 0x0000000089000000, 0x0000000089100000|  0%| F|  |TAMS 0x0000000089000000, 0x0000000089000000| Untracked 
|  87|0x0000000089100000, 0x0000000089100000, 0x0000000089200000|  0%| F|  |TAMS 0x0000000089100000, 0x0000000089100000| Untracked 
|  88|0x0000000089200000, 0x0000000089200000, 0x0000000089300000|  0%| F|  |TAMS 0x0000000089200000, 0x0000000089200000| Untracked 
|  89|0x0000000089300000, 0x0000000089300000, 0x0000000089400000|  0%| F|  |TAMS 0x0000000089300000, 0x0000000089300000| Untracked 
|  90|0x0000000089400000, 0x0000000089400000, 0x0000000089500000|  0%| F|  |TAMS 0x0000000089400000, 0x0000000089400000| Untracked 
|  91|0x0000000089500000, 0x000000008956f8c0, 0x0000000089600000| 43%| S|CS|TAMS 0x0000000089500000, 0x0000000089500000| Complete 
|  92|0x0000000089600000, 0x0000000089700000, 0x0000000089700000|100%| S|CS|TAMS 0x0000000089600000, 0x0000000089600000| Complete 
|  93|0x0000000089700000, 0x0000000089800000, 0x0000000089800000|100%| S|CS|TAMS 0x0000000089700000, 0x0000000089700000| Complete 
|  94|0x0000000089800000, 0x0000000089900000, 0x0000000089900000|100%| S|CS|TAMS 0x0000000089800000, 0x0000000089800000| Complete 
|  95|0x0000000089900000, 0x0000000089a00000, 0x0000000089a00000|100%| S|CS|TAMS 0x0000000089900000, 0x0000000089900000| Complete 
|  96|0x0000000089a00000, 0x0000000089b00000, 0x0000000089b00000|100%| S|CS|TAMS 0x0000000089a00000, 0x0000000089a00000| Complete 
|  97|0x0000000089b00000, 0x0000000089c00000, 0x0000000089c00000|100%| S|CS|TAMS 0x0000000089b00000, 0x0000000089b00000| Complete 
|  98|0x0000000089c00000, 0x0000000089d00000, 0x0000000089d00000|100%| S|CS|TAMS 0x0000000089c00000, 0x0000000089c00000| Complete 
|  99|0x0000000089d00000, 0x0000000089d00000, 0x0000000089e00000|  0%| F|  |TAMS 0x0000000089d00000, 0x0000000089d00000| Untracked 
| 100|0x0000000089e00000, 0x0000000089e00000, 0x0000000089f00000|  0%| F|  |TAMS 0x0000000089e00000, 0x0000000089e00000| Untracked 
| 101|0x0000000089f00000, 0x0000000089f00000, 0x000000008a000000|  0%| F|  |TAMS 0x0000000089f00000, 0x0000000089f00000| Untracked 
| 102|0x000000008a000000, 0x000000008a000000, 0x000000008a100000|  0%| F|  |TAMS 0x000000008a000000, 0x000000008a000000| Untracked 
| 103|0x000000008a100000, 0x000000008a100000, 0x000000008a200000|  0%| F|  |TAMS 0x000000008a100000, 0x000000008a100000| Untracked 
| 104|0x000000008a200000, 0x000000008a200000, 0x000000008a300000|  0%| F|  |TAMS 0x000000008a200000, 0x000000008a200000| Untracked 
| 105|0x000000008a300000, 0x000000008a300000, 0x000000008a400000|  0%| F|  |TAMS 0x000000008a300000, 0x000000008a300000| Untracked 
| 106|0x000000008a400000, 0x000000008a400000, 0x000000008a500000|  0%| F|  |TAMS 0x000000008a400000, 0x000000008a400000| Untracked 
| 107|0x000000008a500000, 0x000000008a500000, 0x000000008a600000|  0%| F|  |TAMS 0x000000008a500000, 0x000000008a500000| Untracked 
| 108|0x000000008a600000, 0x000000008a600000, 0x000000008a700000|  0%| F|  |TAMS 0x000000008a600000, 0x000000008a600000| Untracked 
| 109|0x000000008a700000, 0x000000008a700000, 0x000000008a800000|  0%| F|  |TAMS 0x000000008a700000, 0x000000008a700000| Untracked 
| 110|0x000000008a800000, 0x000000008a800000, 0x000000008a900000|  0%| F|  |TAMS 0x000000008a800000, 0x000000008a800000| Untracked 
| 111|0x000000008a900000, 0x000000008a9fd760, 0x000000008aa00000| 99%| E|  |TAMS 0x000000008a900000, 0x000000008a900000| Complete 
| 112|0x000000008aa00000, 0x000000008ab00000, 0x000000008ab00000|100%| E|CS|TAMS 0x000000008aa00000, 0x000000008aa00000| Complete 
| 113|0x000000008ab00000, 0x000000008ac00000, 0x000000008ac00000|100%| E|CS|TAMS 0x000000008ab00000, 0x000000008ab00000| Complete 
| 114|0x000000008ac00000, 0x000000008ad00000, 0x000000008ad00000|100%| E|CS|TAMS 0x000000008ac00000, 0x000000008ac00000| Complete 
| 115|0x000000008ad00000, 0x000000008ae00000, 0x000000008ae00000|100%| E|CS|TAMS 0x000000008ad00000, 0x000000008ad00000| Complete 
| 116|0x000000008ae00000, 0x000000008af00000, 0x000000008af00000|100%| E|CS|TAMS 0x000000008ae00000, 0x000000008ae00000| Complete 
| 117|0x000000008af00000, 0x000000008b000000, 0x000000008b000000|100%| E|CS|TAMS 0x000000008af00000, 0x000000008af00000| Complete 
| 118|0x000000008b000000, 0x000000008b100000, 0x000000008b100000|100%| E|CS|TAMS 0x000000008b000000, 0x000000008b000000| Complete 
| 119|0x000000008b100000, 0x000000008b200000, 0x000000008b200000|100%| E|CS|TAMS 0x000000008b100000, 0x000000008b100000| Complete 
| 120|0x000000008b200000, 0x000000008b300000, 0x000000008b300000|100%| E|CS|TAMS 0x000000008b200000, 0x000000008b200000| Complete 
| 121|0x000000008b300000, 0x000000008b400000, 0x000000008b400000|100%| E|CS|TAMS 0x000000008b300000, 0x000000008b300000| Complete 
| 122|0x000000008b400000, 0x000000008b500000, 0x000000008b500000|100%| E|CS|TAMS 0x000000008b400000, 0x000000008b400000| Complete 
| 123|0x000000008b500000, 0x000000008b600000, 0x000000008b600000|100%| E|CS|TAMS 0x000000008b500000, 0x000000008b500000| Complete 
| 124|0x000000008b600000, 0x000000008b700000, 0x000000008b700000|100%| E|CS|TAMS 0x000000008b600000, 0x000000008b600000| Complete 
| 125|0x000000008b700000, 0x000000008b800000, 0x000000008b800000|100%| E|CS|TAMS 0x000000008b700000, 0x000000008b700000| Complete 

Card table byte_map: [0x00000197fadb0000,0x00000197fb1a0000] _byte_map_base: 0x00000197fa993000

Marking Bits (Prev, Next): (CMBitMap*) 0x00000197f08eb400, (CMBitMap*) 0x00000197f08eb3c0
 Prev Bits: [0x00000197fd4b0000, 0x00000197ff3c8000)
 Next Bits: [0x00000197fb590000, 0x00000197fd4a8000)

Polling page: 0x00000197f09f0000

Metaspace:

Usage:
  Non-class:     19.14 MB used.
      Class:      3.09 MB used.
       Both:     22.24 MB used.

Virtual space:
  Non-class space:       64.00 MB reserved,      19.25 MB ( 30%) committed,  1 nodes.
      Class space:        1.00 GB reserved,       3.19 MB ( <1%) committed,  1 nodes.
             Both:        1.06 GB reserved,      22.44 MB (  2%) committed. 

Chunk freelists:
   Non-Class:  12.69 MB
       Class:  12.82 MB
        Both:  25.51 MB

MaxMetaspaceSize: unlimited
CompressedClassSpaceSize: 1.00 GB
Initial GC threshold: 21.00 MB
Current GC threshold: 35.12 MB
CDS: on
MetaspaceReclaimPolicy: balanced
 - commit_granule_bytes: 65536.
 - commit_granule_words: 8192.
 - virtual_space_node_default_size: 8388608.
 - enlarge_chunks_in_place: 1.
 - new_chunks_are_fully_committed: 0.
 - uncommit_free_chunks: 1.
 - use_allocation_guard: 0.
 - handle_deallocations: 1.


Internal statistics:

num_allocs_failed_limit: 3.
num_arena_births: 244.
num_arena_deaths: 0.
num_vsnodes_births: 2.
num_vsnodes_deaths: 0.
num_space_committed: 359.
num_space_uncommitted: 0.
num_chunks_returned_to_freelist: 3.
num_chunks_taken_from_freelist: 1029.
num_chunk_merges: 3.
num_chunk_splits: 716.
num_chunks_enlarged: 555.
num_inconsistent_stats: 0.

CodeHeap 'non-profiled nmethods': size=120000Kb used=2003Kb max_used=2003Kb free=117996Kb
 bounds [0x0000019787ad0000, 0x0000019787d40000, 0x000001978f000000]
CodeHeap 'profiled nmethods': size=120000Kb used=9134Kb max_used=9134Kb free=110865Kb
 bounds [0x0000019780000000, 0x00000197808f0000, 0x0000019787530000]
CodeHeap 'non-nmethods': size=5760Kb used=1486Kb max_used=1522Kb free=4273Kb
 bounds [0x0000019787530000, 0x00000197877a0000, 0x0000019787ad0000]
 total_blobs=5304 nmethods=4458 adapters=758
 compilation: enabled
              stopped_count=0, restarted_count=0
 full_count=0

Compilation events (20 events):
Event: 21.112 Thread 0x00000197ffe12530 nmethod 4449 0x00000197808e8210 code [0x00000197808e83e0, 0x00000197808e8858]
Event: 21.113 Thread 0x00000197ffe12530 4451       3       jdk.internal.misc.Unsafe::getIntUnaligned (12 bytes)
Event: 21.113 Thread 0x00000197ffe12530 nmethod 4451 0x00000197808e8a90 code [0x00000197808e8c40, 0x00000197808e8e98]
Event: 21.113 Thread 0x00000197ffe12530 4452       3       java.nio.HeapByteBuffer::getInt (29 bytes)
Event: 21.114 Thread 0x00000197ffe12530 nmethod 4452 0x00000197808e8f90 code [0x00000197808e91e0, 0x00000197808e9bc8]
Event: 21.114 Thread 0x00000197ffe12530 4453   !   3       jdk.internal.misc.ScopedMemoryAccess::getIntUnaligned (22 bytes)
Event: 21.114 Thread 0x00000197ffe12530 nmethod 4453 0x00000197808ea010 code [0x00000197808ea200, 0x00000197808ea808]
Event: 21.114 Thread 0x00000197ffe12530 4454       1       javafx.scene.control.TextInputControl::getContent (5 bytes)
Event: 21.114 Thread 0x00000197ffe12530 nmethod 4454 0x0000019787cc1210 code [0x0000019787cc13a0, 0x0000019787cc1478]
Event: 21.134 Thread 0x00000197ffe112e0 nmethod 4450 0x0000019787cc1510 code [0x0000019787cc1720, 0x0000019787cc2950]
Event: 23.878 Thread 0x00000197ffe112e0 4455       4       com.sun.javafx.geom.transform.Identity::transform (20 bytes)
Event: 23.880 Thread 0x00000197ffe112e0 nmethod 4455 0x0000019787cc3190 code [0x0000019787cc3300, 0x0000019787cc33d8]
Event: 85.359 Thread 0x00000197ffe112e0 4456       4       com.sun.javafx.tk.quantum.QuantumToolkit::postPulse (133 bytes)
Event: 85.363 Thread 0x00000197ffe112e0 nmethod 4456 0x0000019787cc3490 code [0x0000019787cc3680, 0x0000019787cc3c80]
Event: 86.409 Thread 0x00000197ffe112e0 4457       4       com.sun.javafx.tk.quantum.QuantumToolkit$$Lambda$92/0x0000019792035e98::run (8 bytes)
Event: 86.417 Thread 0x00000197ffe112e0 nmethod 4457 0x0000019787cc4110 code [0x0000019787cc4300, 0x0000019787cc4950]
Event: 232.390 Thread 0x00000197ffe12530 4458       3       jdk.internal.module.Resources::toPackageName (39 bytes)
Event: 232.391 Thread 0x00000197ffe12530 nmethod 4458 0x00000197808eab10 code [0x00000197808ead40, 0x00000197808eb3b8]
Event: 269.616 Thread 0x00000197ffe12530 4459       3       java.util.concurrent.ThreadPoolExecutor::workerCountOf (5 bytes)
Event: 269.616 Thread 0x00000197ffe12530 nmethod 4459 0x00000197808eb610 code [0x00000197808eb7a0, 0x00000197808eb898]

GC Heap History (6 events):
Event: 0.456 GC heap before
{Heap before GC invocations=0 (full 0):
 garbage-first heap   total 129024K, used 22528K [0x0000000083a00000, 0x0000000100000000)
  region size 1024K, 23 young (23552K), 0 survivors (0K)
 Metaspace       used 5953K, committed 6144K, reserved 1114112K
  class space    used 702K, committed 832K, reserved 1048576K
}
Event: 0.458 GC heap after
{Heap after GC invocations=1 (full 0):
 garbage-first heap   total 129024K, used 3125K [0x0000000083a00000, 0x0000000100000000)
  region size 1024K, 3 young (3072K), 3 survivors (3072K)
 Metaspace       used 5953K, committed 6144K, reserved 1114112K
  class space    used 702K, committed 832K, reserved 1048576K
}
Event: 4.436 GC heap before
{Heap before GC invocations=1 (full 0):
 garbage-first heap   total 129024K, used 43061K [0x0000000083a00000, 0x0000000100000000)
  region size 1024K, 36 young (36864K), 3 survivors (3072K)
 Metaspace       used 14649K, committed 14848K, reserved 1114112K
  class space    used 2143K, committed 2240K, reserved 1048576K
}
Event: 4.443 GC heap after
{Heap after GC invocations=2 (full 0):
 garbage-first heap   total 129024K, used 14758K [0x0000000083a00000, 0x0000000100000000)
  region size 1024K, 5 young (5120K), 5 survivors (5120K)
 Metaspace       used 14649K, committed 14848K, reserved 1114112K
  class space    used 2143K, committed 2240K, reserved 1048576K
}
Event: 12.036 GC heap before
{Heap before GC invocations=2 (full 0):
 garbage-first heap   total 129024K, used 64934K [0x0000000083a00000, 0x0000000100000000)
  region size 1024K, 32 young (32768K), 5 survivors (5120K)
 Metaspace       used 21266K, committed 21504K, reserved 1114112K
  class space    used 2926K, committed 3072K, reserved 1048576K
}
Event: 12.042 GC heap after
{Heap after GC invocations=3 (full 0):
 garbage-first heap   total 129024K, used 41773K [0x0000000083a00000, 0x0000000100000000)
  region size 1024K, 8 young (8192K), 8 survivors (8192K)
 Metaspace       used 21266K, committed 21504K, reserved 1114112K
  class space    used 2926K, committed 3072K, reserved 1048576K
}

Dll operation events (20 events):
Event: 0.229 Loaded shared library C:\Program Files\JavaFX\javafx-sdk-17.0.15\bin\api-ms-win-crt-multibyte-l1-1-0.dll
Event: 0.230 Loaded shared library C:\Program Files\JavaFX\javafx-sdk-17.0.15\bin\api-ms-win-crt-private-l1-1-0.dll
Event: 0.231 Loaded shared library C:\Program Files\JavaFX\javafx-sdk-17.0.15\bin\api-ms-win-crt-process-l1-1-0.dll
Event: 0.232 Loaded shared library C:\Program Files\JavaFX\javafx-sdk-17.0.15\bin\api-ms-win-crt-runtime-l1-1-0.dll
Event: 0.233 Loaded shared library C:\Program Files\JavaFX\javafx-sdk-17.0.15\bin\api-ms-win-crt-stdio-l1-1-0.dll
Event: 0.234 Loaded shared library C:\Program Files\JavaFX\javafx-sdk-17.0.15\bin\api-ms-win-crt-string-l1-1-0.dll
Event: 0.234 Loaded shared library C:\Program Files\JavaFX\javafx-sdk-17.0.15\bin\api-ms-win-crt-time-l1-1-0.dll
Event: 0.235 Loaded shared library C:\Program Files\JavaFX\javafx-sdk-17.0.15\bin\api-ms-win-crt-utility-l1-1-0.dll
Event: 0.237 Loaded shared library C:\Program Files\JavaFX\javafx-sdk-17.0.15\bin\ucrtbase.dll
Event: 0.238 Loaded shared library C:\Program Files\JavaFX\javafx-sdk-17.0.15\bin\vcruntime140.dll
Event: 0.239 Loaded shared library C:\Program Files\JavaFX\javafx-sdk-17.0.15\bin\vcruntime140_1.dll
Event: 0.241 Loaded shared library C:\Program Files\JavaFX\javafx-sdk-17.0.15\bin\msvcp140.dll
Event: 0.241 Loaded shared library C:\Program Files\JavaFX\javafx-sdk-17.0.15\bin\msvcp140_1.dll
Event: 0.242 Loaded shared library C:\Program Files\JavaFX\javafx-sdk-17.0.15\bin\msvcp140_2.dll
Event: 0.282 Loaded shared library C:\Program Files\JavaFX\javafx-sdk-17.0.15\bin\prism_d3d.dll
Event: 0.319 Loaded shared library C:\Program Files\JavaFX\javafx-sdk-17.0.15\bin\glass.dll
Event: 0.396 Loaded shared library C:\Users\jccas\.jdks\temurin-17.0.15\bin\jimage.dll
Event: 0.472 Loaded shared library C:\Program Files\JavaFX\javafx-sdk-17.0.15\bin\javafx_iio.dll
Event: 0.514 Loaded shared library C:\Program Files\JavaFX\javafx-sdk-17.0.15\bin\javafx_font.dll
Event: 7.993 Loaded shared library C:\Users\jccas\.jdks\temurin-17.0.15\bin\verify.dll

Deoptimization events (20 events):
Event: 19.479 Thread 0x00000197d681c840 Uncommon trap: trap_request=0xffffffc6 fr.pc=0x0000019787c9ae74 relative=0x0000000000002674
Event: 19.479 Thread 0x00000197d681c840 Uncommon trap: reason=bimorphic_or_optimized_type_check action=maybe_recompile pc=0x0000019787c9ae74 method=javafx.css.CompoundSelector.stateMatches(Ljavafx/css/Styleable;Ljava/util/Set;I)Z @ 160 c2
Event: 19.479 Thread 0x00000197d681c840 DEOPT PACKING pc=0x0000019787c9ae74 sp=0x0000005d91af84c0
Event: 19.479 Thread 0x00000197d681c840 DEOPT UNPACKING pc=0x000001978758a1a3 sp=0x0000005d91af8468 mode 2
Event: 19.518 Thread 0x00000197d6db04c0 Uncommon trap: trap_request=0xffffff45 fr.pc=0x0000019787c6f478 relative=0x0000000000000198
Event: 19.518 Thread 0x00000197d6db04c0 Uncommon trap: reason=unstable_if action=reinterpret pc=0x0000019787c6f478 method=com.sun.javafx.geom.transform.AffineBase.updateState2D()V @ 33 c2
Event: 19.518 Thread 0x00000197d6db04c0 DEOPT PACKING pc=0x0000019787c6f478 sp=0x0000005d918fd960
Event: 19.518 Thread 0x00000197d6db04c0 DEOPT UNPACKING pc=0x000001978758a1a3 sp=0x0000005d918fd8f8 mode 2
Event: 19.518 Thread 0x00000197d6db04c0 Uncommon trap: trap_request=0xffffff45 fr.pc=0x0000019787c09728 relative=0x0000000000002e08
Event: 19.518 Thread 0x00000197d6db04c0 Uncommon trap: reason=unstable_if action=reinterpret pc=0x0000019787c09728 method=com.sun.marlin.Renderer._endRendering(IILcom/sun/marlin/MarlinAlphaConsumer;)V @ 1092 c2
Event: 19.518 Thread 0x00000197d6db04c0 DEOPT PACKING pc=0x0000019787c09728 sp=0x0000005d918fd5a0
Event: 19.518 Thread 0x00000197d6db04c0 DEOPT UNPACKING pc=0x000001978758a1a3 sp=0x0000005d918fd420 mode 2
Event: 19.518 Thread 0x00000197d6db04c0 Uncommon trap: trap_request=0xffffff45 fr.pc=0x0000019787bb9b90 relative=0x00000000000027b0
Event: 19.518 Thread 0x00000197d6db04c0 Uncommon trap: reason=unstable_if action=reinterpret pc=0x0000019787bb9b90 method=com.sun.marlin.Renderer._endRendering(IILcom/sun/marlin/MarlinAlphaConsumer;)V @ 2015 c2
Event: 19.518 Thread 0x00000197d6db04c0 DEOPT PACKING pc=0x0000019787bb9b90 sp=0x0000005d918fd4d0
Event: 19.518 Thread 0x00000197d6db04c0 DEOPT UNPACKING pc=0x000001978758a1a3 sp=0x0000005d918fd418 mode 2
Event: 20.173 Thread 0x00000197d681c840 Uncommon trap: trap_request=0xffffff6e fr.pc=0x0000019787cbd5f8 relative=0x00000000000001f8
Event: 20.173 Thread 0x00000197d681c840 Uncommon trap: reason=loop_limit_check action=maybe_recompile pc=0x0000019787cbd5f8 method=javafx.scene.Parent.pickChildrenNode(Lcom/sun/javafx/geom/PickRay;Lcom/sun/javafx/scene/input/PickResultChooser;)Z @ 17 c2
Event: 20.173 Thread 0x00000197d681c840 DEOPT PACKING pc=0x0000019787cbd5f8 sp=0x0000005d91af7e70
Event: 20.173 Thread 0x00000197d681c840 DEOPT UNPACKING pc=0x000001978758a1a3 sp=0x0000005d91af7c20 mode 2

Classes loaded (20 events):
Event: 21.111 Loading class sun/text/resources/BreakIteratorInfo
Event: 21.111 Loading class sun/text/resources/BreakIteratorInfo done
Event: 21.111 Loading class sun/text/resources/BreakIteratorResources
Event: 21.111 Loading class sun/util/resources/BreakIteratorResourceBundle
Event: 21.112 Loading class sun/util/resources/BreakIteratorResourceBundle done
Event: 21.112 Loading class sun/text/resources/BreakIteratorResources done
Event: 21.112 Loading class sun/util/resources/Bundles$2
Event: 21.112 Loading class sun/util/resources/Bundles$2 done
Event: 21.113 Loading class sun/text/RuleBasedBreakIterator
Event: 21.113 Loading class sun/text/RuleBasedBreakIterator done
Event: 21.113 Loading class sun/text/CompactByteArray
Event: 21.113 Loading class sun/text/CompactByteArray done
Event: 21.113 Loading class sun/text/SupplementaryCharacterData
Event: 21.113 Loading class sun/text/SupplementaryCharacterData done
Event: 21.113 Loading class java/text/BreakIterator$BreakIteratorCache
Event: 21.113 Loading class java/text/BreakIterator$BreakIteratorCache done
Event: 21.113 Loading class java/text/StringCharacterIterator
Event: 21.113 Loading class java/text/StringCharacterIterator done
Event: 269.613 Loading class jdk/internal/misc/Signal$1
Event: 269.614 Loading class jdk/internal/misc/Signal$1 done

Classes unloaded (0 events):
No events

Classes redefined (0 events):
No events

Internal exceptions (20 events):
Event: 0.851 Thread 0x00000197d681c840 Exception <a 'java/lang/ClassNotFoundException'{0x000000008a3ca0f0}: com/sun/javafx/scene/control/skin/resources/controls_es> (0x000000008a3ca0f0) 
thrown [s\src\hotspot\share\prims\jni.cpp, line 535]
Event: 0.852 Thread 0x00000197d681c840 Exception <a 'java/lang/ClassNotFoundException'{0x000000008a3d7d50}: com/sun/javafx/scene/control/skin/resources/controls_es_MX> (0x000000008a3d7d50) 
thrown [s\src\hotspot\share\prims\jni.cpp, line 535]
Event: 0.877 Thread 0x00000197d681c840 Exception <a 'java/lang/NoSuchMethodError'{0x000000008a192798}: 'void java.lang.invoke.DirectMethodHandle$Holder.invokeSpecial(java.lang.Object, java.lang.Object, java.lang.Object, java.lang.Object, java.lang.Object, java.lang.Object)'> (0x000000008a192798) 
thrown [s\src\hotspot\share\interpreter\linkResolver.cpp, line 759]
Event: 0.929 Thread 0x00000197d681c840 Exception <a 'java/lang/NoSuchMethodError'{0x0000000089a426d0}: 'java.lang.Object java.lang.invoke.DirectMethodHandle$Holder.newInvokeSpecial(java.lang.Object, java.lang.Object, int)'> (0x0000000089a426d0) 
thrown [s\src\hotspot\share\interpreter\linkResolver.cpp, line 759]
Event: 0.949 Thread 0x00000197d6db04c0 Exception <a 'java/lang/NoSuchMethodError'{0x0000000089987018}: 'int java.lang.invoke.DirectMethodHandle$Holder.invokeStaticInit(java.lang.Object, java.lang.Object)'> (0x0000000089987018) 
thrown [s\src\hotspot\share\interpreter\linkResolver.cpp, line 759]
Event: 0.956 Thread 0x00000197d681c840 Exception <a 'java/lang/NoSuchMethodError'{0x00000000899f24c8}: 'long java.lang.invoke.DirectMethodHandle$Holder.invokeStatic(java.lang.Object, java.lang.Object, java.lang.Object)'> (0x00000000899f24c8) 
thrown [s\src\hotspot\share\interpreter\linkResolver.cpp, line 759]
Event: 0.956 Thread 0x00000197d681c840 Exception <a 'java/lang/NoSuchMethodError'{0x00000000899f5c70}: 'long java.lang.invoke.DirectMethodHandle$Holder.invokeStaticInit(java.lang.Object, java.lang.Object, java.lang.Object)'> (0x00000000899f5c70) 
thrown [s\src\hotspot\share\interpreter\linkResolver.cpp, line 759]
Event: 0.958 Thread 0x00000197d681c840 Exception <a 'java/lang/NoSuchMethodError'{0x00000000898699b0}: 'java.lang.Object java.lang.invoke.DirectMethodHandle$Holder.newInvokeSpecial(java.lang.Object, java.lang.Object, long)'> (0x00000000898699b0) 
thrown [s\src\hotspot\share\interpreter\linkResolver.cpp, line 759]
Event: 0.958 Thread 0x00000197d681c840 Exception <a 'java/lang/NoSuchMethodError'{0x000000008986d520}: 'java.lang.Object java.lang.invoke.Invokers$Holder.linkToTargetMethod(java.lang.Object, long, java.lang.Object)'> (0x000000008986d520) 
thrown [s\src\hotspot\share\interpreter\linkResolver.cpp, line 759]
Event: 0.969 Thread 0x00000197d6db04c0 Exception <a 'java/lang/NoSuchMethodError'{0x00000000898e61b0}: 'java.lang.Object java.lang.invoke.DirectMethodHandle$Holder.invokeStaticInit(java.lang.Object, int)'> (0x00000000898e61b0) 
thrown [s\src\hotspot\share\interpreter\linkResolver.cpp, line 759]
Event: 7.790 Thread 0x00000197d681c840 Exception <a 'java/lang/NoSuchMethodError'{0x000000008b432f08}: 'java.lang.Object java.lang.invoke.DirectMethodHandle$Holder.invokeInterface(java.lang.Object, java.lang.Object)'> (0x000000008b432f08) 
thrown [s\src\hotspot\share\interpreter\linkResolver.cpp, line 759]
Event: 7.804 Thread 0x00000197d681c840 Exception <a 'java/lang/NoSuchMethodError'{0x000000008b4acbb0}: 'java.lang.Object java.lang.invoke.DirectMethodHandle$Holder.invokeVirtual(java.lang.Object, java.lang.Object, java.lang.Object)'> (0x000000008b4acbb0) 
thrown [s\src\hotspot\share\interpreter\linkResolver.cpp, line 759]
Event: 9.916 Thread 0x00000197d681c840 Exception <a 'java/lang/NoSuchMethodError'{0x000000008a65a4d8}: 'void java.lang.invoke.DirectMethodHandle$Holder.invokeSpecialIFC(java.lang.Object, java.lang.Object, java.lang.Object, java.lang.Object)'> (0x000000008a65a4d8) 
thrown [s\src\hotspot\share\interpreter\linkResolver.cpp, line 759]
Event: 9.940 Thread 0x00000197d681c840 Exception <a 'java/lang/NoSuchMethodError'{0x000000008a44dda0}: 'int java.lang.invoke.DirectMethodHandle$Holder.invokeSpecial(java.lang.Object, java.lang.Object, int)'> (0x000000008a44dda0) 
thrown [s\src\hotspot\share\interpreter\linkResolver.cpp, line 759]
Event: 17.194 Thread 0x00000197d681c840 Exception <a 'java/lang/NoSuchMethodError'{0x000000008af046c8}: 'int java.lang.invoke.DirectMethodHandle$Holder.invokeVirtual(java.lang.Object, java.lang.Object)'> (0x000000008af046c8) 
thrown [s\src\hotspot\share\interpreter\linkResolver.cpp, line 759]
Event: 17.195 Thread 0x00000197d681c840 Exception <a 'java/lang/NoSuchMethodError'{0x000000008af0d448}: 'void java.lang.invoke.DirectMethodHandle$Holder.invokeVirtual(java.lang.Object, java.lang.Object, int)'> (0x000000008af0d448) 
thrown [s\src\hotspot\share\interpreter\linkResolver.cpp, line 759]
Event: 19.444 Thread 0x00000197d681c840 Exception <a 'java/lang/ClassNotFoundException'{0x000000008aed9d40}: com/sun/javafx/scene/control/skin/resources/controls-nt> (0x000000008aed9d40) 
thrown [s\src\hotspot\share\prims\jni.cpp, line 535]
Event: 19.444 Thread 0x00000197d681c840 Exception <a 'java/lang/ClassNotFoundException'{0x000000008aee2b38}: com/sun/javafx/scene/control/skin/resources/controls-nt_es> (0x000000008aee2b38) 
thrown [s\src\hotspot\share\prims\jni.cpp, line 535]
Event: 19.445 Thread 0x00000197d681c840 Exception <a 'java/lang/ClassNotFoundException'{0x000000008aee4dc0}: com/sun/javafx/scene/control/skin/resources/controls-nt_es_MX> (0x000000008aee4dc0) 
thrown [s\src\hotspot\share\prims\jni.cpp, line 535]
Event: 19.498 Thread 0x00000197d681c840 Exception <a 'java/lang/NoSuchMethodError'{0x000000008aa22658}: 'java.lang.Object java.lang.invoke.DirectMethodHandle$Holder.newInvokeSpecial(java.lang.Object, java.lang.Object, int, int)'> (0x000000008aa22658) 
thrown [s\src\hotspot\share\interpreter\linkResolver.cpp, line 759]

VM Operations (20 events):
Event: 15.051 Executing VM operation: Cleanup done
Event: 17.051 Executing VM operation: Cleanup
Event: 17.051 Executing VM operation: Cleanup done
Event: 17.199 Executing VM operation: HandshakeAllThreads
Event: 17.199 Executing VM operation: HandshakeAllThreads done
Event: 18.199 Executing VM operation: Cleanup
Event: 18.199 Executing VM operation: Cleanup done
Event: 19.484 Executing VM operation: HandshakeAllThreads
Event: 19.484 Executing VM operation: HandshakeAllThreads done
Event: 19.484 Executing VM operation: Cleanup
Event: 19.484 Executing VM operation: Cleanup done
Event: 19.484 Executing VM operation: HandshakeAllThreads
Event: 19.484 Executing VM operation: HandshakeAllThreads done
Event: 21.485 Executing VM operation: Cleanup
Event: 21.485 Executing VM operation: Cleanup done
Event: 22.485 Executing VM operation: Cleanup
Event: 22.485 Executing VM operation: Cleanup done
Event: 60.044 Executing VM operation: HandshakeAllThreads
Event: 60.044 Executing VM operation: HandshakeAllThreads done
Event: 269.616 Executing VM operation: Exit

Memory protections (0 events):
No events

Nmethod flushes (0 events):
No events

Events (20 events):
Event: 9.963 Thread 0x00000197ffe12530 Thread added: 0x00000197d636ae80
Event: 10.282 Thread 0x00000197d636ae80 Thread exited: 0x00000197d636ae80
Event: 10.282 Thread 0x00000197d636a930 Thread exited: 0x00000197d636a930
Event: 10.702 Thread 0x00000197ffe12530 Thread added: 0x00000197d7284530
Event: 10.830 Thread 0x00000197d7284530 Thread exited: 0x00000197d7284530
Event: 10.896 Thread 0x00000197ffe12530 Thread added: 0x00000197d7285520
Event: 10.922 Thread 0x00000197ffe112e0 Thread added: 0x00000197d7284530
Event: 11.174 Thread 0x00000197d7284530 Thread exited: 0x00000197d7284530
Event: 11.302 Thread 0x00000197d7285520 Thread exited: 0x00000197d7285520
Event: 12.068 Thread 0x00000197ffe12530 Thread added: 0x00000197d636a930
Event: 12.927 Thread 0x00000197d636a930 Thread exited: 0x00000197d636a930
Event: 19.460 Thread 0x00000197ffe12530 Thread added: 0x00000197d6ab4970
Event: 19.942 Thread 0x00000197d6ab4970 Thread exited: 0x00000197d6ab4970
Event: 269.614 Thread 0x00000197ffe05180 Thread added: 0x00000197d7977730
Event: 269.614 Thread 0x00000197d7977730 Thread added: 0x00000197d7978660
Event: 269.614 Thread 0x00000197d7977730 Thread added: 0x00000197d7978b70
Event: 269.615 Thread 0x00000197d7978b70 Thread exited: 0x00000197d7978b70
Event: 269.616 Thread 0x00000197d7978660 Thread exited: 0x00000197d7978660
Event: 269.616 Thread 0x00000197d7977730 Before exit entered
Event: 269.616 Thread 0x00000197ffe05180 Thread exited: 0x00000197ffe05180


Dynamic libraries:
0x00007ff64f1f0000 - 0x00007ff64f1fe000 	C:\Users\jccas\.jdks\temurin-17.0.15\bin\java.exe
0x00007ffde29a0000 - 0x00007ffde2c05000 	C:\WINDOWS\SYSTEM32\ntdll.dll
0x00007ffde1640000 - 0x00007ffde1709000 	C:\WINDOWS\System32\KERNEL32.DLL
0x00007ffddfbc0000 - 0x00007ffddffa8000 	C:\WINDOWS\System32\KERNELBASE.dll
0x00007ffde0060000 - 0x00007ffde01ab000 	C:\WINDOWS\System32\ucrtbase.dll
0x00007ffdc0810000 - 0x00007ffdc0827000 	C:\Users\jccas\.jdks\temurin-17.0.15\bin\jli.dll
0x00007ffdc3280000 - 0x00007ffdc329e000 	C:\Users\jccas\.jdks\temurin-17.0.15\bin\VCRUNTIME140.dll
0x00007ffde1300000 - 0x00007ffde14ca000 	C:\WINDOWS\System32\USER32.dll
0x00007ffdb95f0000 - 0x00007ffdb988a000 	C:\WINDOWS\WinSxS\amd64_microsoft.windows.common-controls_6595b64144ccf1df_6.0.26100.4202_none_3e0698d4e335f517\COMCTL32.dll
0x00007ffddfb90000 - 0x00007ffddfbb7000 	C:\WINDOWS\System32\win32u.dll
0x00007ffde1d00000 - 0x00007ffde1da9000 	C:\WINDOWS\System32\msvcrt.dll
0x00007ffde1fb0000 - 0x00007ffde1fdb000 	C:\WINDOWS\System32\GDI32.dll
0x00007ffde0600000 - 0x00007ffde0737000 	C:\WINDOWS\System32\gdi32full.dll
0x00007ffddffb0000 - 0x00007ffde0053000 	C:\WINDOWS\System32\msvcp_win.dll
0x00007ffde0ae0000 - 0x00007ffde0b10000 	C:\WINDOWS\System32\IMM32.DLL
0x00007ffdc9130000 - 0x00007ffdc913c000 	C:\Users\jccas\.jdks\temurin-17.0.15\bin\vcruntime140_1.dll
0x00007ffd9d9b0000 - 0x00007ffd9da3d000 	C:\Users\jccas\.jdks\temurin-17.0.15\bin\msvcp140.dll
0x00007ffd5f610000 - 0x00007ffd6027b000 	C:\Users\jccas\.jdks\temurin-17.0.15\bin\server\jvm.dll
0x00007ffde14d0000 - 0x00007ffde1583000 	C:\WINDOWS\System32\ADVAPI32.dll
0x00007ffde1590000 - 0x00007ffde1636000 	C:\WINDOWS\System32\sechost.dll
0x00007ffde1fe0000 - 0x00007ffde20f5000 	C:\WINDOWS\System32\RPCRT4.dll
0x00007ffde27f0000 - 0x00007ffde2864000 	C:\WINDOWS\System32\WS2_32.dll
0x00007ffddf940000 - 0x00007ffddf99e000 	C:\WINDOWS\SYSTEM32\POWRPROF.dll
0x00007ffdd4980000 - 0x00007ffdd49b5000 	C:\WINDOWS\SYSTEM32\WINMM.dll
0x00007ffdcf770000 - 0x00007ffdcf77b000 	C:\WINDOWS\SYSTEM32\VERSION.dll
0x00007ffddf920000 - 0x00007ffddf934000 	C:\WINDOWS\SYSTEM32\UMPDC.dll
0x00007ffdde890000 - 0x00007ffdde8ab000 	C:\WINDOWS\SYSTEM32\kernel.appcore.dll
0x00007ffdc3930000 - 0x00007ffdc393a000 	C:\Users\jccas\.jdks\temurin-17.0.15\bin\jimage.dll
0x00007ffddd210000 - 0x00007ffddd451000 	C:\WINDOWS\SYSTEM32\DBGHELP.DLL
0x00007ffde0740000 - 0x00007ffde0ac5000 	C:\WINDOWS\System32\combase.dll
0x00007ffde2870000 - 0x00007ffde2951000 	C:\WINDOWS\System32\OLEAUT32.dll
0x00007ffdbb030000 - 0x00007ffdbb069000 	C:\WINDOWS\SYSTEM32\dbgcore.DLL
0x00007ffddfaf0000 - 0x00007ffddfb89000 	C:\WINDOWS\System32\bcryptPrimitives.dll
0x00007ffdc3680000 - 0x00007ffdc368e000 	C:\Users\jccas\.jdks\temurin-17.0.15\bin\instrument.dll
0x00007ffdbfe70000 - 0x00007ffdbfe95000 	C:\Users\jccas\.jdks\temurin-17.0.15\bin\java.dll
0x00007ffd99c40000 - 0x00007ffd99d17000 	C:\Users\jccas\.jdks\temurin-17.0.15\bin\jsvml.dll
0x00007ffde0b40000 - 0x00007ffde1282000 	C:\WINDOWS\System32\SHELL32.dll
0x00007ffde0240000 - 0x00007ffde03b4000 	C:\WINDOWS\System32\wintypes.dll
0x00007ffddd720000 - 0x00007ffdddf78000 	C:\WINDOWS\SYSTEM32\windows.storage.dll
0x00007ffde1c00000 - 0x00007ffde1cf1000 	C:\WINDOWS\System32\SHCORE.dll
0x00007ffde1290000 - 0x00007ffde12fa000 	C:\WINDOWS\System32\shlwapi.dll
0x00007ffddfa00000 - 0x00007ffddfa2f000 	C:\WINDOWS\SYSTEM32\profapi.dll
0x00007ffdbfd20000 - 0x00007ffdbfd39000 	C:\Users\jccas\.jdks\temurin-17.0.15\bin\net.dll
0x00007ffdd47f0000 - 0x00007ffdd490e000 	C:\WINDOWS\SYSTEM32\WINHTTP.dll
0x00007ffddee20000 - 0x00007ffddee8a000 	C:\WINDOWS\system32\mswsock.dll
0x00007ffdbdec0000 - 0x00007ffdbded6000 	C:\Users\jccas\.jdks\temurin-17.0.15\bin\nio.dll
0x00007ffdbaab0000 - 0x00007ffdbaac8000 	C:\Users\jccas\.jdks\temurin-17.0.15\bin\zip.dll
0x00007ffdba0b0000 - 0x00007ffdba0ca000 	C:\Program Files\JetBrains\IntelliJ IDEA 2024.2.0.2\bin\breakgen64.dll
0x00007ffdc3390000 - 0x00007ffdc3399000 	C:\Users\jccas\.jdks\temurin-17.0.15\bin\extnet.dll
0x00000197f0ae0000 - 0x00000197f0ae3000 	C:\Program Files\JavaFX\javafx-sdk-17.0.15\bin\api-ms-win-core-console-l1-1-0.dll
0x00000197f0af0000 - 0x00000197f0af3000 	C:\Program Files\JavaFX\javafx-sdk-17.0.15\bin\api-ms-win-core-console-l1-2-0.dll
0x00000197f0b00000 - 0x00000197f0b03000 	C:\Program Files\JavaFX\javafx-sdk-17.0.15\bin\api-ms-win-core-datetime-l1-1-0.dll
0x00000197f0b10000 - 0x00000197f0b13000 	C:\Program Files\JavaFX\javafx-sdk-17.0.15\bin\api-ms-win-core-debug-l1-1-0.dll
0x00000197f0b20000 - 0x00000197f0b23000 	C:\Program Files\JavaFX\javafx-sdk-17.0.15\bin\api-ms-win-core-errorhandling-l1-1-0.dll
0x00000197f0b30000 - 0x00000197f0b34000 	C:\Program Files\JavaFX\javafx-sdk-17.0.15\bin\api-ms-win-core-file-l1-1-0.dll
0x00000197f2a20000 - 0x00000197f2a23000 	C:\Program Files\JavaFX\javafx-sdk-17.0.15\bin\api-ms-win-core-file-l1-2-0.dll
0x00000197f2a30000 - 0x00000197f2a33000 	C:\Program Files\JavaFX\javafx-sdk-17.0.15\bin\api-ms-win-core-file-l2-1-0.dll
0x00000197f2a40000 - 0x00000197f2a43000 	C:\Program Files\JavaFX\javafx-sdk-17.0.15\bin\api-ms-win-core-handle-l1-1-0.dll
0x00000197f2a50000 - 0x00000197f2a53000 	C:\Program Files\JavaFX\javafx-sdk-17.0.15\bin\api-ms-win-core-heap-l1-1-0.dll
0x00000197f2a60000 - 0x00000197f2a63000 	C:\Program Files\JavaFX\javafx-sdk-17.0.15\bin\api-ms-win-core-interlocked-l1-1-0.dll
0x00000197f2a70000 - 0x00000197f2a73000 	C:\Program Files\JavaFX\javafx-sdk-17.0.15\bin\api-ms-win-core-libraryloader-l1-1-0.dll
0x00000197f2a80000 - 0x00000197f2a83000 	C:\Program Files\JavaFX\javafx-sdk-17.0.15\bin\api-ms-win-core-localization-l1-2-0.dll
0x00000197f2a90000 - 0x00000197f2a93000 	C:\Program Files\JavaFX\javafx-sdk-17.0.15\bin\api-ms-win-core-memory-l1-1-0.dll
0x00000197f2aa0000 - 0x00000197f2aa3000 	C:\Program Files\JavaFX\javafx-sdk-17.0.15\bin\api-ms-win-core-namedpipe-l1-1-0.dll
0x00000197f2ab0000 - 0x00000197f2ab3000 	C:\Program Files\JavaFX\javafx-sdk-17.0.15\bin\api-ms-win-core-processenvironment-l1-1-0.dll
0x00000197f2ac0000 - 0x00000197f2ac3000 	C:\Program Files\JavaFX\javafx-sdk-17.0.15\bin\api-ms-win-core-processthreads-l1-1-0.dll
0x00000197f2ad0000 - 0x00000197f2ad3000 	C:\Program Files\JavaFX\javafx-sdk-17.0.15\bin\api-ms-win-core-processthreads-l1-1-1.dll
0x00000197f2ae0000 - 0x00000197f2ae3000 	C:\Program Files\JavaFX\javafx-sdk-17.0.15\bin\api-ms-win-core-profile-l1-1-0.dll
0x00000197fff90000 - 0x00000197fff93000 	C:\Program Files\JavaFX\javafx-sdk-17.0.15\bin\api-ms-win-core-rtlsupport-l1-1-0.dll
0x00000197fffa0000 - 0x00000197fffa3000 	C:\Program Files\JavaFX\javafx-sdk-17.0.15\bin\api-ms-win-core-string-l1-1-0.dll
0x00000197fffb0000 - 0x00000197fffb3000 	C:\Program Files\JavaFX\javafx-sdk-17.0.15\bin\api-ms-win-core-synch-l1-1-0.dll
0x00000197fffc0000 - 0x00000197fffc3000 	C:\Program Files\JavaFX\javafx-sdk-17.0.15\bin\api-ms-win-core-synch-l1-2-0.dll
0x00000197d7bd0000 - 0x00000197d7bd3000 	C:\Program Files\JavaFX\javafx-sdk-17.0.15\bin\api-ms-win-core-sysinfo-l1-1-0.dll
0x00000197d7be0000 - 0x00000197d7be3000 	C:\Program Files\JavaFX\javafx-sdk-17.0.15\bin\api-ms-win-core-timezone-l1-1-0.dll
0x00000197d7bf0000 - 0x00000197d7bf3000 	C:\Program Files\JavaFX\javafx-sdk-17.0.15\bin\api-ms-win-core-util-l1-1-0.dll
0x00000197d7c00000 - 0x00000197d7c03000 	C:\Program Files\JavaFX\javafx-sdk-17.0.15\bin\api-ms-win-crt-conio-l1-1-0.dll
0x00000197d7c10000 - 0x00000197d7c14000 	C:\Program Files\JavaFX\javafx-sdk-17.0.15\bin\api-ms-win-crt-convert-l1-1-0.dll
0x00000197d7c20000 - 0x00000197d7c23000 	C:\Program Files\JavaFX\javafx-sdk-17.0.15\bin\api-ms-win-crt-environment-l1-1-0.dll
0x00000197d7c30000 - 0x00000197d7c33000 	C:\Program Files\JavaFX\javafx-sdk-17.0.15\bin\api-ms-win-crt-filesystem-l1-1-0.dll
0x00000197d7c40000 - 0x00000197d7c43000 	C:\Program Files\JavaFX\javafx-sdk-17.0.15\bin\api-ms-win-crt-heap-l1-1-0.dll
0x00000197d7c50000 - 0x00000197d7c53000 	C:\Program Files\JavaFX\javafx-sdk-17.0.15\bin\api-ms-win-crt-locale-l1-1-0.dll
0x00000197d7d90000 - 0x00000197d7d95000 	C:\Program Files\JavaFX\javafx-sdk-17.0.15\bin\api-ms-win-crt-math-l1-1-0.dll
0x00000197d7c60000 - 0x00000197d7c65000 	C:\Program Files\JavaFX\javafx-sdk-17.0.15\bin\api-ms-win-crt-multibyte-l1-1-0.dll
0x00000197d7c70000 - 0x00000197d7c80000 	C:\Program Files\JavaFX\javafx-sdk-17.0.15\bin\api-ms-win-crt-private-l1-1-0.dll
0x00000197d7c80000 - 0x00000197d7c83000 	C:\Program Files\JavaFX\javafx-sdk-17.0.15\bin\api-ms-win-crt-process-l1-1-0.dll
0x00000197d7c90000 - 0x00000197d7c94000 	C:\Program Files\JavaFX\javafx-sdk-17.0.15\bin\api-ms-win-crt-runtime-l1-1-0.dll
0x00000197d7ca0000 - 0x00000197d7ca4000 	C:\Program Files\JavaFX\javafx-sdk-17.0.15\bin\api-ms-win-crt-stdio-l1-1-0.dll
0x00000197d7cb0000 - 0x00000197d7cb4000 	C:\Program Files\JavaFX\javafx-sdk-17.0.15\bin\api-ms-win-crt-string-l1-1-0.dll
0x00000197d7cc0000 - 0x00000197d7cc3000 	C:\Program Files\JavaFX\javafx-sdk-17.0.15\bin\api-ms-win-crt-time-l1-1-0.dll
0x00000197d7cd0000 - 0x00000197d7cd3000 	C:\Program Files\JavaFX\javafx-sdk-17.0.15\bin\api-ms-win-crt-utility-l1-1-0.dll
0x00007ffd96080000 - 0x00007ffd9617c000 	C:\Program Files\JavaFX\javafx-sdk-17.0.15\bin\ucrtbase.dll
0x00007ffdba090000 - 0x00007ffdba0ab000 	C:\Program Files\JavaFX\javafx-sdk-17.0.15\bin\vcruntime140.dll
0x00007ffdc2e30000 - 0x00007ffdc2e3c000 	C:\Program Files\JavaFX\javafx-sdk-17.0.15\bin\vcruntime140_1.dll
0x00007ffd94260000 - 0x00007ffd942ee000 	C:\Program Files\JavaFX\javafx-sdk-17.0.15\bin\msvcp140.dll
0x00007ffdc2d20000 - 0x00007ffdc2d29000 	C:\Program Files\JavaFX\javafx-sdk-17.0.15\bin\msvcp140_1.dll
0x00007ffdaaac0000 - 0x00007ffdaab01000 	C:\Program Files\JavaFX\javafx-sdk-17.0.15\bin\msvcp140_2.dll
0x00007ffdba060000 - 0x00007ffdba08a000 	C:\Program Files\JavaFX\javafx-sdk-17.0.15\bin\prism_d3d.dll
0x00007ffda1c70000 - 0x00007ffda1e27000 	C:\WINDOWS\system32\d3d9.dll
0x00007ffddca30000 - 0x00007ffddca66000 	C:\WINDOWS\SYSTEM32\dwmapi.dll
0x00007ffddc9c0000 - 0x00007ffddca0d000 	C:\WINDOWS\SYSTEM32\dxcore.dll
0x00007ffddc6e0000 - 0x00007ffddc78f000 	C:\WINDOWS\system32\uxtheme.dll
0x00007ffd61920000 - 0x00007ffd61b58000 	C:\WINDOWS\System32\DriverStore\FileRepository\iigd_dch.inf_amd64_0fdf6ce291234272\igdumdim64.dll
0x00007ffde2100000 - 0x00007ffde229e000 	C:\WINDOWS\System32\ole32.dll
0x00007ffd29b30000 - 0x00007ffd2aea0000 	C:\WINDOWS\System32\DriverStore\FileRepository\iigd_dch.inf_amd64_0fdf6ce291234272\igd9dxva64.dll
0x00007ffde22e0000 - 0x00007ffde2766000 	C:\WINDOWS\System32\SETUPAPI.dll
0x00007ffddf660000 - 0x00007ffddf6b7000 	C:\WINDOWS\SYSTEM32\cfgmgr32.dll
0x00007ffd838e0000 - 0x00007ffd85601000 	C:\WINDOWS\System32\DriverStore\FileRepository\iigd_dch.inf_amd64_0fdf6ce291234272\media_bin_64.dll
0x00007ffdd3bb0000 - 0x00007ffdd3fe8000 	C:\WINDOWS\System32\DriverStore\FileRepository\iigd_dch.inf_amd64_0fdf6ce291234272\igdgmm64.dll
0x00007ffddc810000 - 0x00007ffddc871000 	C:\WINDOWS\SYSTEM32\directxdatabasehelper.dll
0x00007ffda8c00000 - 0x00007ffda8c42000 	C:\Program Files\JavaFX\javafx-sdk-17.0.15\bin\glass.dll
0x00007ffde1710000 - 0x00007ffde1806000 	C:\WINDOWS\System32\COMDLG32.dll
0x00007ffde1e40000 - 0x00007ffde1fa0000 	C:\WINDOWS\System32\MSCTF.dll
0x00007ffd87fe0000 - 0x00007ffd88007000 	C:\WINDOWS\System32\DriverStore\FileRepository\iigd_dch.inf_amd64_0fdf6ce291234272\igdinfo64.dll
0x00007ffdcfd00000 - 0x00007ffdd3bad000 	C:\WINDOWS\System32\DriverStore\FileRepository\iigd_dch.inf_amd64_0fdf6ce291234272\igc64.dll
0x00007ffdb88b0000 - 0x00007ffdb88dd000 	C:\Program Files\JavaFX\javafx-sdk-17.0.15\bin\javafx_iio.dll
0x00007ffdb8cb0000 - 0x00007ffdb8cc5000 	C:\Program Files\JavaFX\javafx-sdk-17.0.15\bin\javafx_font.dll
0x00007ffddaf50000 - 0x00007ffddb1bb000 	C:\WINDOWS\SYSTEM32\dwrite.dll
0x00007ffde1860000 - 0x00007ffde1908000 	C:\WINDOWS\System32\clbcatq.dll
0x00007ffddacd0000 - 0x00007ffddaf09000 	C:\WINDOWS\SYSTEM32\WindowsCodecs.dll
0x00007ffdaa4f0000 - 0x00007ffdaa54a000 	C:\WINDOWS\system32\dataexchange.dll
0x00007ffdcdbe0000 - 0x00007ffdcde1a000 	C:\WINDOWS\system32\twinapi.appcore.dll
0x00007ffd8f100000 - 0x00007ffd8f12c000 	C:\Program Files\Common Files\Microsoft Shared\Ink\rtscom.dll
0x00007ffdc75b0000 - 0x00007ffdc7700000 	C:\WINDOWS\SYSTEM32\textinputframework.dll
0x00007ffddc1f0000 - 0x00007ffddc315000 	C:\WINDOWS\SYSTEM32\CoreMessaging.dll
0x00007ffdd71b0000 - 0x00007ffdd7493000 	C:\WINDOWS\SYSTEM32\CoreUIComponents.dll
0x00007ffddf0f0000 - 0x00007ffddf0fc000 	C:\WINDOWS\SYSTEM32\CRYPTBASE.DLL
0x00007ffdde370000 - 0x00007ffdde497000 	C:\WINDOWS\SYSTEM32\DNSAPI.dll
0x00007ffdde2d0000 - 0x00007ffdde303000 	C:\WINDOWS\SYSTEM32\IPHLPAPI.DLL

dbghelp: loaded successfully - version: 4.0.5 - missing functions: none
symbol engine: initialized successfully - sym options: 0x614 - pdb path: .;C:\Users\jccas\.jdks\temurin-17.0.15\bin;C:\WINDOWS\SYSTEM32;C:\WINDOWS\WinSxS\amd64_microsoft.windows.common-controls_6595b64144ccf1df_6.0.26100.4202_none_3e0698d4e335f517;C:\Users\jccas\.jdks\temurin-17.0.15\bin\server;C:\Program Files\JetBrains\IntelliJ IDEA 2024.2.0.2\bin;C:\Program Files\JavaFX\javafx-sdk-17.0.15\bin;C:\WINDOWS\System32\DriverStore\FileRepository\iigd_dch.inf_amd64_0fdf6ce291234272;C:\Program Files\Common Files\Microsoft Shared\Ink

VM Arguments:
jvm_args: --module-path=C:\Program Files\JavaFX\javafx-sdk-17.0.15\lib --add-modules=javafx.controls,javafx.fxml,javafx.graphics,javafx.base -javaagent:C:\Program Files\JetBrains\IntelliJ IDEA 2024.2.0.2\lib\idea_rt.jar=61690:C:\Program Files\JetBrains\IntelliJ IDEA 2024.2.0.2\bin -Dfile.encoding=UTF-8 
java_command: professionalpractice.ProfessionalPractices
java_class_path (initial): C:\TrabajosProgramacion\PC\ProyectoModificado\Professional-Practices-software\out\production\Professional-Practices-software;C:\TrabajosProgramacion\PC\ProyectoModificado\Professional-Practices-software\dependencies\jbcrypt-0.4.jar;C:\TrabajosProgramacion\PC\ProyectoModificado\Professional-Practices-software\dependencies\mysql-connector-java-8.0.20.jar;C:\Program Files\JavaFX\javafx-sdk-17.0.15\lib\javafx-swt.jar;C:\Program Files\JavaFX\javafx-sdk-17.0.15\lib\javafx.web.jar;C:\Program Files\JavaFX\javafx-sdk-17.0.15\lib\javafx.base.jar;C:\Program Files\JavaFX\javafx-sdk-17.0.15\lib\javafx.fxml.jar;C:\Program Files\JavaFX\javafx-sdk-17.0.15\lib\javafx.media.jar;C:\Program Files\JavaFX\javafx-sdk-17.0.15\lib\javafx.swing.jar;C:\Program Files\JavaFX\javafx-sdk-17.0.15\lib\javafx.controls.jar;C:\Program Files\JavaFX\javafx-sdk-17.0.15\lib\javafx.graphics.jar
Launcher Type: SUN_STANDARD

[Global flags]
     intx CICompilerCount                          = 4                                         {product} {ergonomic}
     uint ConcGCThreads                            = 2                                         {product} {ergonomic}
     uint G1ConcRefinementThreads                  = 8                                         {product} {ergonomic}
   size_t G1HeapRegionSize                         = 1048576                                   {product} {ergonomic}
    uintx GCDrainStackTargetSize                   = 64                                        {product} {ergonomic}
   size_t InitialHeapSize                          = 132120576                                 {product} {ergonomic}
   size_t MarkStackSize                            = 4194304                                   {product} {ergonomic}
   size_t MaxHeapSize                              = 2086666240                                {product} {ergonomic}
   size_t MaxNewSize                               = 1251999744                                {product} {ergonomic}
   size_t MinHeapDeltaBytes                        = 1048576                                   {product} {ergonomic}
   size_t MinHeapSize                              = 8388608                                   {product} {ergonomic}
    uintx NonNMethodCodeHeapSize                   = 5839372                                {pd product} {ergonomic}
    uintx NonProfiledCodeHeapSize                  = 122909434                              {pd product} {ergonomic}
    uintx ProfiledCodeHeapSize                     = 122909434                              {pd product} {ergonomic}
    uintx ReservedCodeCacheSize                    = 251658240                              {pd product} {ergonomic}
     bool SegmentedCodeCache                       = true                                      {product} {ergonomic}
   size_t SoftMaxHeapSize                          = 2086666240                             {manageable} {ergonomic}
     bool UseCompressedClassPointers               = true                           {product lp64_product} {ergonomic}
     bool UseCompressedOops                        = true                           {product lp64_product} {ergonomic}
     bool UseG1GC                                  = true                                      {product} {ergonomic}
     bool UseLargePagesIndividualAllocation        = false                                  {pd product} {ergonomic}

Logging:
Log output configuration:
 #0: stdout all=off uptime,level,tags
 #1: stderr all=off uptime,level,tags

Environment Variables:
PATH=C:\Program Files\Eclipse Adoptium\jdk-21.0.7.6-hotspot\bin;C:\Program Files\MySQL\MySQL Server 8.0\bin;C:\Program Files (x86)\Common Files\Oracle\Java\java8path;C:\Program Files\Common Files\Oracle\Java\javapath;C:\Program Files (x86)\Common Files\Oracle\Java\javapath;C:\WINDOWS\system32;C:\WINDOWS;C:\WINDOWS\System32\Wbem;C:\WINDOWS\System32\WindowsPowerShell\v1.0\;C:\WINDOWS\System32\OpenSSH\;C:\Program Files (x86)\Common Files\i2 Shared\Geotrans\;C:\Program Files (x86)\Common Files\i2 Shared\i2 Online iLink 8\Components\;C:\Program Files\HP\HP One Agent;C:\Users\jccas\AppData\Local\Programs\Python\Python313;C:\WINDOWS\system32;C:\WINDOWS;C:\WINDOWS\System32\Wbem;C:\WINDOWS\System32\WindowsPowerShell\v1.0\;C:\WINDOWS\System32\OpenSSH\;C:\Program Files\dotnet\;C:\Program Files\Git\cmd;C:\Program Files\MySQL\MySQL Server 8.0\bin;C:\Users\jccas\AppData\Local\Programs\Python\Launcher\;C:\xampp\htdocs\UAI\vistas\index.ine_nacional.vista.php;C:\Users\jccas\AppData\Local\Microsoft\WindowsApps;C:\Users\jccas\AppData\Local\JetBrains\Toolbox\scripts;C:\Users\jccas\AppData\Local\Programs\Microsoft VS Code\bin;C:\Users\jccas\.dotnet\tools;
USERNAME=jccas
OS=Windows_NT
PROCESSOR_IDENTIFIER=Intel64 Family 6 Model 140 Stepping 1, GenuineIntel
TMP=C:\Users\jccas\AppData\Local\Temp
TEMP=C:\Users\jccas\AppData\Local\Temp



Periodic native trim disabled


---------------  S Y S T E M  ---------------

OS:
 Windows 11 , 64 bit Build 26100 (10.0.26100.4202)
OS uptime: 6 days 6:55 hours
Hyper-V role detected

CPU: total 8 (initial active 8) (4 cores per cpu, 2 threads per core) family 6 model 140 stepping 1 microcode 0x86, cx8, cmov, fxsr, ht, mmx, 3dnowpref, sse, sse2, sse3, ssse3, sse4.1, sse4.2, popcnt, lzcnt, tsc, tscinvbit, avx, avx2, aes, erms, clmul, bmi1, bmi2, adx, avx512f, avx512dq, avx512cd, avx512bw, avx512vl, sha, fma, vzeroupper, avx512_vpopcntdq, avx512_vpclmulqdq, avx512_vaes, avx512_vnni, clflush, clflushopt, clwb, avx512_vbmi2, avx512_vbmi, hv
Processor Information for all 8 processors :
  Max Mhz: 2419, Current Mhz: 2419, Mhz Limit: 2419

Memory: 4k page, system-wide physical 7957M (707M free)
TotalPageFile size 17867M (AvailPageFile size 2059M)
current process WorkingSet (physical memory assigned to process): 282M, peak: 302M
current process commit charge ("private bytes"): 374M, peak: 400M

vm_info: OpenJDK 64-Bit Server VM (17.0.15+6) for windows-amd64 JRE (17.0.15+6), built on Apr 15 2025 21:25:47 by "admin" with MS VC++ 17.7 (VS2022)

END.
