#
# A fatal error has been detected by the Java Runtime Environment:
#
#  EXCEPTION_ACCESS_VIOLATION (0xc0000005) at pc=0x00007ffda45d68a7, pid=19864, tid=22384
#
# JRE version: OpenJDK Runtime Environment Temurin-17.0.15+6 (17.0.15+6) (build 17.0.15+6)
# Java VM: OpenJDK 64-Bit Server VM Temurin-17.0.15+6 (17.0.15+6, mixed mode, sharing, tiered, compressed oops, compressed class ptrs, g1 gc, windows-amd64)
# Problematic frame:
# C  [glass.dll+0x268a7]
#
# No core dump will be written. Minidumps are not enabled by default on client versions of Windows
#
# If you would like to submit a bug report, please visit:
#   https://github.com/adoptium/adoptium-support/issues
#

---------------  S U M M A R Y ------------

Command Line: --module-path=C:\Program Files\JavaFX\javafx-sdk-17.0.15\lib --add-modules=javafx.controls,javafx.fxml,javafx.graphics,javafx.base -javaagent:C:\Program Files\JetBrains\IntelliJ IDEA 2024.2.0.2\lib\idea_rt.jar=54717:C:\Program Files\JetBrains\IntelliJ IDEA 2024.2.0.2\bin -Dfile.encoding=UTF-8 professionalpractice.ProfessionalPractices

Host: 11th Gen Intel(R) Core(TM) i5-1135G7 @ 2.40GHz, 8 cores, 7G,  Windows 11 , 64 bit Build 26100 (10.0.26100.4202)
Time: Fri Jun 20 18:24:27 2025 Hora estándar central (México) elapsed time: 200.882836 seconds (0d 0h 3m 20s)

---------------  T H R E A D  ---------------

Current thread (0x000001f3588bf850):  VMThread "VM Thread" [stack: 0x000000051b200000,0x000000051b300000] [id=22384]

Stack: [0x000000051b200000,0x000000051b300000],  sp=0x000000051b2ff110,  free space=1020k
Native frames: (J=compiled Java code, j=interpreted, Vv=VM code, C=native code)
C  [glass.dll+0x268a7]


siginfo: EXCEPTION_ACCESS_VIOLATION (0xc0000005), reading address 0x0000000000000000


Registers:
RAX=0x0000000000000000, RBX=0x000001f3588d2f90, RCX=0x000001f3588bf850, RDX=0x000000051b2ff110
RSP=0x000000051b2ff110, RBP=0x0000ef9e0d2bc1a2, RSI=0x000001f39f0a7498, RDI=0x000001f39f0a7470
R8 =0x0000000000010002, R9 =0x0000ef9e0d2bc1a2, R10=0x000001f338300000, R11=0x000000051b2fefc0
R12=0x00007ffda45b0000, R13=0x000000007ffe0385, R14=0x000000051b2ff218, R15=0x000001f39f0a7470
RIP=0x00007ffda45d68a7, EFLAGS=0x0000000000010202

XMM[0]=0x0000000000000000 0x0000000000000000
XMM[1]=0x0000000000000000 0x000000051b2fdd70
XMM[2]=0x0000000000000000 0x0000000000000000
XMM[3]=0x0000000000000000 0x0000000000000000
XMM[4]=0x0000000000000000 0x0000000000000000
XMM[5]=0x0000000000000000 0x0000000000000000
XMM[6]=0x0000000000000000 0x404e000000000000
XMM[7]=0x0000000000000000 0x0000000000000000
XMM[8]=0x0000000000000000 0x0000000000000000
XMM[9]=0x0000000000000000 0x0000000000000000
XMM[10]=0x0000000000000000 0x0000000000000000
XMM[11]=0x0000000000000000 0x0000000000000000
XMM[12]=0x0000000000000000 0x0000000000000000
XMM[13]=0x0000000000000000 0x0000000000000000
XMM[14]=0x0000000000000000 0x0000000000000000
XMM[15]=0x0000000000000000 0x0000000000000000
  MXCSR=0x00001fa1


Register to memory mapping:

RIP=0x00007ffda45d68a7 glass.dll
RAX=0x0 is NULL
RBX=0x000001f3588d2f90 is a global jni handle
RCX=0x000001f3588bf850 points into unknown readable memory: 0x00007ffd60002bb8 | b8 2b 00 60 fd 7f 00 00
RDX=0x000000051b2ff110 points into unknown readable memory: 0x0000000000000000 | 00 00 00 00 00 00 00 00
RSP=0x000000051b2ff110 points into unknown readable memory: 0x0000000000000000 | 00 00 00 00 00 00 00 00
RBP=0x0000ef9e0d2bc1a2 is an unknown value
RSI=0x000001f39f0a7498 points into unknown readable memory: 0x0000ef9e0d2bc1a2 | a2 c1 2b 0d 9e ef 00 00
RDI=0x000001f39f0a7470 points into unknown readable memory: 0x91741bbe0d2a3e54 | 54 3e 2a 0d be 1b 74 91
R8 =0x0000000000010002 is an unknown value
R9 =0x0000ef9e0d2bc1a2 is an unknown value
R10=0x000001f338300000 points into unknown readable memory: 0x0000000000000000 | 00 00 00 00 00 00 00 00
R11=0x000000051b2fefc0 points into unknown readable memory: 0x0000000000000000 | 00 00 00 00 00 00 00 00
R12=0x00007ffda45b0000 glass.dll
R13=0x000000007ffe0385 points into unknown readable memory: 00 00 00
R14=0x000000051b2ff218 points into unknown readable memory: 0x000000051b2ff200 | 00 f2 2f 1b 05 00 00 00
R15=0x000001f39f0a7470 points into unknown readable memory: 0x91741bbe0d2a3e54 | 54 3e 2a 0d be 1b 74 91


Top of Stack: (sp=0x000000051b2ff110)
0x000000051b2ff110:   0000000000000000 000001f300000000
0x000000051b2ff120:   000001f39e174500 00007ffda45b0000
0x000000051b2ff130:   000001f39f0a7478 00007ffde00abc75
0x000000051b2ff140:   000001f39f0a7470 000001f300000000
0x000000051b2ff150:   000001f39f0a7490 0000ef9e0d2bc1a2
0x000000051b2ff160:   fffffffffffffffe 00007ffddfcc96ab
0x000000051b2ff170:   0000000000000000 00007ffda45b0000
0x000000051b2ff180:   000000051b2ff208 00007ffde00ab897
0x000000051b2ff190:   000000051b2ff200 000000051b2ff218
0x000000051b2ff1a0:   000000051b2ff740 00007ffde01988c0
0x000000051b2ff1b0:   0000000000000001 00007ffde00ab84d
0x000000051b2ff1c0:   0000000000000000 0000000000000001
0x000000051b2ff1d0:   0000000000000000 000000051b2ff208
0x000000051b2ff1e0:   fffffffffffffffe 000000051b2ff700
0x000000051b2ff1f0:   0000000000000000 00007ffda45d407d
0x000000051b2ff200:   00007ffda45ea008 00007ffd00000002
0x000000051b2ff210:   0000000000000002 000000051b2ff200
0x000000051b2ff220:   0000000000000000 00007ffdde2e908d
0x000000051b2ff230:   0000000000000000 00007ffda45d41a2
0x000000051b2ff240:   0000000000000001 000000007ffe0384
0x000000051b2ff250:   0000000000000001 0000000000000001
0x000000051b2ff260:   000000007ffe0384 00007ffddf0f277e
0x000000051b2ff270:   0000000000000001 000000000000008d
0x000000051b2ff280:   00007ffda45d41f0 0000000000000001
0x000000051b2ff290:   0000000000000001 00007ffde2a12983
0x000000051b2ff2a0:   00007ffda45b0000 0000000000000000
0x000000051b2ff2b0:   0000000000000001 000000007ffe0384
0x000000051b2ff2c0:   000000000000005e 0000000000000000
0x000000051b2ff2d0:   0000000000000000 0000000000000000
0x000000051b2ff2e0:   00007ffda45b0000 fffffd8500000000
0x000000051b2ff2f0:   000000000000008b 0000000000000000
0x000000051b2ff300:   0000000000000000 000001f3385a67b0 

Instructions: (pc=0x00007ffda45d68a7)
0x00007ffda45d67a7:   8b 4d 58 e8 8d cf ff ff 48 8b 4d 60 e8 84 cf ff
0x00007ffda45d67b7:   ff 48 8b 95 80 00 00 00 48 8b 8d 18 01 00 00 e8
0x00007ffda45d67c7:   76 c4 ff ff 33 d2 33 c9 e8 cc e1 ff ff 90 48 89
0x00007ffda45d67d7:   54 24 10 55 48 83 ec 20 48 8b ea 48 b8 00 00 00
0x00007ffda45d67e7:   00 00 00 00 00 48 83 c4 20 5d c3 cc 40 55 48 8b
0x00007ffda45d67f7:   ea 48 8b 01 33 c9 81 38 05 00 00 c0 0f 94 c1 8b
0x00007ffda45d6807:   c1 5d c3 cc 40 55 48 83 ec 20 48 8b ea 8a 4d 40
0x00007ffda45d6817:   48 83 c4 20 5d e9 73 d3 ff ff cc 40 55 48 83 ec
0x00007ffda45d6827:   20 48 8b ea 8a 4d 20 e8 61 d3 ff ff 90 48 83 c4
0x00007ffda45d6837:   20 5d c3 cc 40 55 48 83 ec 20 48 8b ea 48 83 c4
0x00007ffda45d6847:   20 5d e9 c2 d1 ff ff cc 40 55 48 83 ec 30 48 8b
0x00007ffda45d6857:   ea 48 8b 01 8b 10 48 89 4c 24 28 89 54 24 20 4c
0x00007ffda45d6867:   8d 0d 63 d6 ff ff 4c 8b 45 70 8b 55 68 48 8b 4d
0x00007ffda45d6877:   60 e8 03 d1 ff ff 90 48 83 c4 30 5d c3 cc cc cc
0x00007ffda45d6887:   cc cc cc cc cc cc cc cc cc 40 53 48 83 ec 20 48
0x00007ffda45d6897:   8b 1d 6b 31 01 00 48 85 db 74 16 e8 89 8b ff ff
0x00007ffda45d68a7:   4c 8b 00 48 8b d3 48 8b c8 41 ff 90 b0 00 00 00
0x00007ffda45d68b7:   90 48 83 c4 20 5b c3 cc cc 40 53 48 83 ec 20 48
0x00007ffda45d68c7:   8b 1d db 32 01 00 48 85 db 74 57 b8 ff ff ff ff
0x00007ffda45d68d7:   f0 0f c1 43 10 83 f8 01 75 3d 48 85 db 74 38 48
0x00007ffda45d68e7:   8b 0b 48 85 c9 74 0d ff 15 b4 09 00 00 48 c7 03
0x00007ffda45d68f7:   00 00 00 00 48 8b 4b 08 48 85 c9 74 0d e8 33 ce
0x00007ffda45d6907:   ff ff 48 c7 43 08 00 00 00 00 ba 18 00 00 00 48
0x00007ffda45d6917:   8b cb e8 1e ce ff ff 48 c7 05 7f 32 01 00 00 00
0x00007ffda45d6927:   00 00 48 83 c4 20 5b c3 cc 40 53 48 83 ec 20 48
0x00007ffda45d6937:   8b 1d 4b 32 01 00 48 85 db 74 57 b8 ff ff ff ff
0x00007ffda45d6947:   f0 0f c1 43 10 83 f8 01 75 3d 48 85 db 74 38 48
0x00007ffda45d6957:   8b 0b 48 85 c9 74 0d ff 15 44 09 00 00 48 c7 03
0x00007ffda45d6967:   00 00 00 00 48 8b 4b 08 48 85 c9 74 0d e8 c3 cd
0x00007ffda45d6977:   ff ff 48 c7 43 08 00 00 00 00 ba 18 00 00 00 48
0x00007ffda45d6987:   8b cb e8 ae cd ff ff 48 c7 05 ef 31 01 00 00 00
0x00007ffda45d6997:   00 00 48 83 c4 20 5b c3 cc 40 53 48 83 ec 20 48 


Stack slot to memory mapping:
stack at sp + 0 slots: 0x0 is NULL
stack at sp + 1 slots: 0x000001f300000000 is an unknown value
stack at sp + 2 slots: 0x000001f39e174500 points into unknown readable memory: 0x000001f39e1741d0 | d0 41 17 9e f3 01 00 00
stack at sp + 3 slots: 0x00007ffda45b0000 glass.dll
stack at sp + 4 slots: 0x000001f39f0a7478 points into unknown readable memory: 0x0000ef9e0d2bc1a2 | a2 c1 2b 0d 9e ef 00 00
stack at sp + 5 slots: 0x00007ffde00abc75 ucrtbase.dll
stack at sp + 6 slots: 0x000001f39f0a7470 points into unknown readable memory: 0x91741bbe0d2a3e54 | 54 3e 2a 0d be 1b 74 91
stack at sp + 7 slots: 0x000001f300000000 is an unknown value

VM_Operation (0x000000051a9ff470): Exit, mode: safepoint, requested by thread 0x000001f39ed79e20


---------------  P R O C E S S  ---------------

Threads class SMR info:
_java_thread_list=0x000001f358d84b10, length=22, elements={
0x000001f339de15d0, 0x000001f3588c5dc0, 0x000001f3588c6980, 0x000001f3588d6600,
0x000001f3588db1e0, 0x000001f3588ddfb0, 0x000001f3588deb80, 0x000001f3588df920,
0x000001f3588e9360, 0x000001f3588fecd0, 0x000001f358b36be0, 0x000001f39e7242a0,
0x000001f39e984920, 0x000001f39ebe43d0, 0x000001f39e177300, 0x000001f39e2670f0,
0x000001f39eac6380, 0x000001f39ed7b260, 0x000001f39ed7a330, 0x000001f39ed7a840,
0x000001f39ed79400, 0x000001f39ed79e20
}

Java Threads: ( => current thread )
  0x000001f339de15d0 JavaThread "main" [_thread_blocked, id=27084, stack(0x000000051ac00000,0x000000051ad00000)]
  0x000001f3588c5dc0 JavaThread "Reference Handler" daemon [_thread_blocked, id=23716, stack(0x000000051b300000,0x000000051b400000)]
  0x000001f3588c6980 JavaThread "Finalizer" daemon [_thread_blocked, id=12044, stack(0x000000051b400000,0x000000051b500000)]
  0x000001f3588d6600 JavaThread "Signal Dispatcher" daemon [_thread_blocked, id=10372, stack(0x000000051b500000,0x000000051b600000)]
  0x000001f3588db1e0 JavaThread "Attach Listener" daemon [_thread_blocked, id=31924, stack(0x000000051b600000,0x000000051b700000)]
  0x000001f3588ddfb0 JavaThread "Service Thread" daemon [_thread_blocked, id=31352, stack(0x000000051b700000,0x000000051b800000)]
  0x000001f3588deb80 JavaThread "Monitor Deflation Thread" daemon [_thread_blocked, id=28424, stack(0x000000051b800000,0x000000051b900000)]
  0x000001f3588df920 JavaThread "C2 CompilerThread0" daemon [_thread_blocked, id=29988, stack(0x000000051b900000,0x000000051ba00000)]
  0x000001f3588e9360 JavaThread "C1 CompilerThread0" daemon [_thread_blocked, id=17780, stack(0x000000051ba00000,0x000000051bb00000)]
  0x000001f3588fecd0 JavaThread "Sweeper thread" daemon [_thread_blocked, id=1088, stack(0x000000051bb00000,0x000000051bc00000)]
  0x000001f358b36be0 JavaThread "Common-Cleaner" daemon [_thread_blocked, id=19428, stack(0x000000051bc00000,0x000000051bd00000)]
  0x000001f39e7242a0 JavaThread "Monitor Ctrl-Break" daemon [_thread_in_native, id=19484, stack(0x000000051bf00000,0x000000051c000000)]
  0x000001f39e984920 JavaThread "Notification Thread" daemon [_thread_blocked, id=29248, stack(0x000000051c000000,0x000000051c100000)]
  0x000001f39ebe43d0 JavaThread "QuantumRenderer-0" daemon [_thread_blocked, id=14756, stack(0x000000051c200000,0x000000051c300000)]
  0x000001f39e177300 JavaThread "InvokeLaterDispatcher" daemon [_thread_blocked, id=12516, stack(0x000000051c300000,0x000000051c400000)]
  0x000001f39e2670f0 JavaThread "JavaFX Application Thread" [_thread_in_native, id=30424, stack(0x000000051c400000,0x000000051c500000)]
  0x000001f39eac6380 JavaThread "JavaFX-Launcher" [_thread_blocked, id=29104, stack(0x000000051c900000,0x000000051ca00000)]
  0x000001f39ed7b260 JavaThread "Thread-2" daemon [_thread_in_native, id=25756, stack(0x000000051c800000,0x000000051c900000)]
  0x000001f39ed7a330 JavaThread "Prism Font Disposer" daemon [_thread_blocked, id=8368, stack(0x000000051d200000,0x000000051d300000)]
  0x000001f39ed7a840 JavaThread "Cleaner-0" daemon [_thread_blocked, id=15424, stack(0x000000051d300000,0x000000051d400000)]
  0x000001f39ed79400 JavaThread "mysql-cj-abandoned-connection-cleanup" daemon [_thread_blocked, id=25164, stack(0x000000051bd00000,0x000000051be00000)]
  0x000001f39ed79e20 JavaThread "SIGINT handler" daemon [_thread_blocked, id=11380, stack(0x000000051a900000,0x000000051aa00000)]

Other Threads:
=>0x000001f3588bf850 VMThread "VM Thread" [stack: 0x000000051b200000,0x000000051b300000] [id=22384]
  0x000001f339e3ecc0 GCTaskThread "GC Thread#0" [stack: 0x000000051ad00000,0x000000051ae00000] [id=28604]
  0x000001f39eb44840 GCTaskThread "GC Thread#1" [stack: 0x000000051ca00000,0x000000051cb00000] [id=10148]
  0x000001f39ed605d0 GCTaskThread "GC Thread#2" [stack: 0x000000051cb00000,0x000000051cc00000] [id=22772]
  0x000001f39ed60890 GCTaskThread "GC Thread#3" [stack: 0x000000051cc00000,0x000000051cd00000] [id=16256]
  0x000001f39eda0cc0 GCTaskThread "GC Thread#4" [stack: 0x000000051cd00000,0x000000051ce00000] [id=31212]
  0x000001f39eda0f80 GCTaskThread "GC Thread#5" [stack: 0x000000051ce00000,0x000000051cf00000] [id=23744]
  0x000001f3a5640420 GCTaskThread "GC Thread#6" [stack: 0x000000051d400000,0x000000051d500000] [id=32620]
  0x000001f39f4376d0 GCTaskThread "GC Thread#7" [stack: 0x000000051d500000,0x000000051d600000] [id=30056]
  0x000001f339e507b0 ConcurrentGCThread "G1 Main Marker" terminated
  0x000001f339e51970 ConcurrentGCThread "G1 Conc#0" [stack: 0x000000051af00000,0x000000051b000000] [id=23780]
  0x000001f39f436910 ConcurrentGCThread "G1 Conc#1" [stack: 0x000000051d600000,0x000000051d700000] [id=6072]
  0x000001f339e8e490 ConcurrentGCThread "G1 Refine#0" terminated
  0x000001f35876d130 ConcurrentGCThread "G1 Service" terminated

Threads with active compile tasks:

VM state: at safepoint (shutting down)

VM Mutex/Monitor currently owned by a thread:  ([mutex/lock_event])
[0x000001f33849caa0] Threads_lock - owner thread: 0x000001f3588bf850
[0x000001f339ddeff0] Heap_lock - owner thread: 0x000001f39ed79e20

Heap address: 0x0000000083a00000, size: 1990 MB, Compressed Oops mode: 32-bit

CDS archive(s) mapped at: [0x000001f359000000-0x000001f359bb0000-0x000001f359bb0000), size 12255232, SharedBaseAddress: 0x000001f359000000, ArchiveRelocationMode: 1.
Compressed class space mapped at: 0x000001f35a000000-0x000001f39a000000, reserved size: 1073741824
Narrow klass base: 0x000001f359000000, Narrow klass shift: 0, Narrow klass range: 0x100000000

GC Precious Log:
 CPUs: 8 total, 8 available
 Memory: 7957M
 Large Page Support: Disabled
 NUMA Support: Disabled
 Compressed Oops: Enabled (32-bit)
 Heap Region Size: 1M
 Heap Min Capacity: 8M
 Heap Initial Capacity: 126M
 Heap Max Capacity: 1990M
 Pre-touch: Disabled
 Parallel Workers: 8
 Concurrent Workers: 2
 Concurrent Refinement Workers: 8
 Periodic GC: Disabled

Heap:
 garbage-first heap   total 129024K, used 54755K [0x0000000083a00000, 0x0000000100000000)
  region size 1024K, 22 young (22528K), 8 survivors (8192K)
 Metaspace       used 22767K, committed 23040K, reserved 1114112K
  class space    used 3185K, committed 3328K, reserved 1048576K

Heap Regions: E=young(eden), S=young(survivor), O=old, HS=humongous(starts), HC=humongous(continues), CS=collection set, F=free, OA=open archive, CA=closed archive, TAMS=top-at-mark-start (previous, next)
|   0|0x0000000083a00000, 0x0000000083b00000, 0x0000000083b00000|100%| O|  |TAMS 0x0000000083b00000, 0x0000000083a00000| Untracked 
|   1|0x0000000083b00000, 0x0000000083c00000, 0x0000000083c00000|100%|HS|  |TAMS 0x0000000083c00000, 0x0000000083b00000| Complete 
|   2|0x0000000083c00000, 0x0000000083d00000, 0x0000000083d00000|100%|HC|  |TAMS 0x0000000083d00000, 0x0000000083c00000| Complete 
|   3|0x0000000083d00000, 0x0000000083e00000, 0x0000000083e00000|100%|HC|  |TAMS 0x0000000083e00000, 0x0000000083d00000| Complete 
|   4|0x0000000083e00000, 0x0000000083f00000, 0x0000000083f00000|100%|HC|  |TAMS 0x0000000083f00000, 0x0000000083e00000| Complete 
|   5|0x0000000083f00000, 0x0000000084000000, 0x0000000084000000|100%|HC|  |TAMS 0x0000000084000000, 0x0000000083f00000| Complete 
|   6|0x0000000084000000, 0x0000000084100000, 0x0000000084100000|100%|HS|  |TAMS 0x0000000084100000, 0x0000000084000000| Complete 
|   7|0x0000000084100000, 0x0000000084200000, 0x0000000084200000|100%|HC|  |TAMS 0x0000000084200000, 0x0000000084100000| Complete 
|   8|0x0000000084200000, 0x0000000084300000, 0x0000000084300000|100%| O|  |TAMS 0x0000000084300000, 0x0000000084200000| Untracked 
|   9|0x0000000084300000, 0x0000000084400000, 0x0000000084400000|100%| O|  |TAMS 0x0000000084400000, 0x0000000084300000| Untracked 
|  10|0x0000000084400000, 0x0000000084412e00, 0x0000000084500000|  7%| O|  |TAMS 0x0000000084412e00, 0x0000000084400000| Untracked 
|  11|0x0000000084500000, 0x0000000084600000, 0x0000000084600000|100%|HS|  |TAMS 0x0000000084600000, 0x0000000084500000| Complete 
|  12|0x0000000084600000, 0x0000000084700000, 0x0000000084700000|100%|HC|  |TAMS 0x0000000084700000, 0x0000000084600000| Complete 
|  13|0x0000000084700000, 0x0000000084800000, 0x0000000084800000|100%|HC|  |TAMS 0x0000000084800000, 0x0000000084700000| Complete 
|  14|0x0000000084800000, 0x0000000084900000, 0x0000000084900000|100%|HC|  |TAMS 0x0000000084900000, 0x0000000084800000| Complete 
|  15|0x0000000084900000, 0x0000000084a00000, 0x0000000084a00000|100%|HC|  |TAMS 0x0000000084a00000, 0x0000000084900000| Complete 
|  16|0x0000000084a00000, 0x0000000084b00000, 0x0000000084b00000|100%|HC|  |TAMS 0x0000000084b00000, 0x0000000084a00000| Complete 
|  17|0x0000000084b00000, 0x0000000084c00000, 0x0000000084c00000|100%|HC|  |TAMS 0x0000000084c00000, 0x0000000084b00000| Complete 
|  18|0x0000000084c00000, 0x0000000084d00000, 0x0000000084d00000|100%|HC|  |TAMS 0x0000000084d00000, 0x0000000084c00000| Complete 
|  19|0x0000000084d00000, 0x0000000084e00000, 0x0000000084e00000|100%|HC|  |TAMS 0x0000000084e00000, 0x0000000084d00000| Complete 
|  20|0x0000000084e00000, 0x0000000084f00000, 0x0000000084f00000|100%|HC|  |TAMS 0x0000000084f00000, 0x0000000084e00000| Complete 
|  21|0x0000000084f00000, 0x0000000085000000, 0x0000000085000000|100%|HC|  |TAMS 0x0000000085000000, 0x0000000084f00000| Complete 
|  22|0x0000000085000000, 0x0000000085100000, 0x0000000085100000|100%|HC|  |TAMS 0x0000000085100000, 0x0000000085000000| Complete 
|  23|0x0000000085100000, 0x0000000085200000, 0x0000000085200000|100%|HC|  |TAMS 0x0000000085200000, 0x0000000085100000| Complete 
|  24|0x0000000085200000, 0x0000000085300000, 0x0000000085300000|100%|HS|  |TAMS 0x0000000085300000, 0x0000000085200000| Complete 
|  25|0x0000000085300000, 0x0000000085400000, 0x0000000085400000|100%|HC|  |TAMS 0x0000000085400000, 0x0000000085300000| Complete 
|  26|0x0000000085400000, 0x0000000085500000, 0x0000000085500000|100%|HS|  |TAMS 0x0000000085500000, 0x0000000085400000| Complete 
|  27|0x0000000085500000, 0x0000000085600000, 0x0000000085600000|100%|HC|  |TAMS 0x0000000085600000, 0x0000000085500000| Complete 
|  28|0x0000000085600000, 0x0000000085700000, 0x0000000085700000|100%|HS|  |TAMS 0x0000000085700000, 0x0000000085600000| Complete 
|  29|0x0000000085700000, 0x0000000085800000, 0x0000000085800000|100%|HC|  |TAMS 0x0000000085800000, 0x0000000085700000| Complete 
|  30|0x0000000085800000, 0x0000000085900000, 0x0000000085900000|100%|HS|  |TAMS 0x0000000085900000, 0x0000000085800000| Complete 
|  31|0x0000000085900000, 0x0000000085a00000, 0x0000000085a00000|100%|HC|  |TAMS 0x0000000085a00000, 0x0000000085900000| Complete 
|  32|0x0000000085a00000, 0x0000000085b00000, 0x0000000085b00000|100%|HS|  |TAMS 0x0000000085b00000, 0x0000000085a00000| Complete 
|  33|0x0000000085b00000, 0x0000000085c00000, 0x0000000085c00000|100%|HC|  |TAMS 0x0000000085c00000, 0x0000000085b00000| Complete 
|  34|0x0000000085c00000, 0x0000000085c00000, 0x0000000085d00000|  0%| F|  |TAMS 0x0000000085c00000, 0x0000000085c00000| Untracked 
|  35|0x0000000085d00000, 0x0000000085d00000, 0x0000000085e00000|  0%| F|  |TAMS 0x0000000085d00000, 0x0000000085d00000| Untracked 
|  36|0x0000000085e00000, 0x0000000085e00000, 0x0000000085f00000|  0%| F|  |TAMS 0x0000000085e00000, 0x0000000085e00000| Untracked 
|  37|0x0000000085f00000, 0x0000000085f00000, 0x0000000086000000|  0%| F|  |TAMS 0x0000000085f00000, 0x0000000085f00000| Untracked 
|  38|0x0000000086000000, 0x0000000086000000, 0x0000000086100000|  0%| F|  |TAMS 0x0000000086000000, 0x0000000086000000| Untracked 
|  39|0x0000000086100000, 0x0000000086100000, 0x0000000086200000|  0%| F|  |TAMS 0x0000000086100000, 0x0000000086100000| Untracked 
|  40|0x0000000086200000, 0x0000000086200000, 0x0000000086300000|  0%| F|  |TAMS 0x0000000086200000, 0x0000000086200000| Untracked 
|  41|0x0000000086300000, 0x0000000086300000, 0x0000000086400000|  0%| F|  |TAMS 0x0000000086300000, 0x0000000086300000| Untracked 
|  42|0x0000000086400000, 0x0000000086400000, 0x0000000086500000|  0%| F|  |TAMS 0x0000000086400000, 0x0000000086400000| Untracked 
|  43|0x0000000086500000, 0x0000000086500000, 0x0000000086600000|  0%| F|  |TAMS 0x0000000086500000, 0x0000000086500000| Untracked 
|  44|0x0000000086600000, 0x0000000086600000, 0x0000000086700000|  0%| F|  |TAMS 0x0000000086600000, 0x0000000086600000| Untracked 
|  45|0x0000000086700000, 0x0000000086700000, 0x0000000086800000|  0%| F|  |TAMS 0x0000000086700000, 0x0000000086700000| Untracked 
|  46|0x0000000086800000, 0x0000000086800000, 0x0000000086900000|  0%| F|  |TAMS 0x0000000086800000, 0x0000000086800000| Untracked 
|  47|0x0000000086900000, 0x0000000086900000, 0x0000000086a00000|  0%| F|  |TAMS 0x0000000086900000, 0x0000000086900000| Untracked 
|  48|0x0000000086a00000, 0x0000000086a00000, 0x0000000086b00000|  0%| F|  |TAMS 0x0000000086a00000, 0x0000000086a00000| Untracked 
|  49|0x0000000086b00000, 0x0000000086b00000, 0x0000000086c00000|  0%| F|  |TAMS 0x0000000086b00000, 0x0000000086b00000| Untracked 
|  50|0x0000000086c00000, 0x0000000086c00000, 0x0000000086d00000|  0%| F|  |TAMS 0x0000000086c00000, 0x0000000086c00000| Untracked 
|  51|0x0000000086d00000, 0x0000000086d00000, 0x0000000086e00000|  0%| F|  |TAMS 0x0000000086d00000, 0x0000000086d00000| Untracked 
|  52|0x0000000086e00000, 0x0000000086e00000, 0x0000000086f00000|  0%| F|  |TAMS 0x0000000086e00000, 0x0000000086e00000| Untracked 
|  53|0x0000000086f00000, 0x0000000086f00000, 0x0000000087000000|  0%| F|  |TAMS 0x0000000086f00000, 0x0000000086f00000| Untracked 
|  54|0x0000000087000000, 0x0000000087000000, 0x0000000087100000|  0%| F|  |TAMS 0x0000000087000000, 0x0000000087000000| Untracked 
|  55|0x0000000087100000, 0x0000000087100000, 0x0000000087200000|  0%| F|  |TAMS 0x0000000087100000, 0x0000000087100000| Untracked 
|  56|0x0000000087200000, 0x0000000087200000, 0x0000000087300000|  0%| F|  |TAMS 0x0000000087200000, 0x0000000087200000| Untracked 
|  57|0x0000000087300000, 0x0000000087300000, 0x0000000087400000|  0%| F|  |TAMS 0x0000000087300000, 0x0000000087300000| Untracked 
|  58|0x0000000087400000, 0x0000000087400000, 0x0000000087500000|  0%| F|  |TAMS 0x0000000087400000, 0x0000000087400000| Untracked 
|  59|0x0000000087500000, 0x0000000087500000, 0x0000000087600000|  0%| F|  |TAMS 0x0000000087500000, 0x0000000087500000| Untracked 
|  60|0x0000000087600000, 0x0000000087600000, 0x0000000087700000|  0%| F|  |TAMS 0x0000000087600000, 0x0000000087600000| Untracked 
|  61|0x0000000087700000, 0x0000000087700000, 0x0000000087800000|  0%| F|  |TAMS 0x0000000087700000, 0x0000000087700000| Untracked 
|  62|0x0000000087800000, 0x0000000087800000, 0x0000000087900000|  0%| F|  |TAMS 0x0000000087800000, 0x0000000087800000| Untracked 
|  63|0x0000000087900000, 0x0000000087900000, 0x0000000087a00000|  0%| F|  |TAMS 0x0000000087900000, 0x0000000087900000| Untracked 
|  64|0x0000000087a00000, 0x0000000087a00000, 0x0000000087b00000|  0%| F|  |TAMS 0x0000000087a00000, 0x0000000087a00000| Untracked 
|  65|0x0000000087b00000, 0x0000000087b00000, 0x0000000087c00000|  0%| F|  |TAMS 0x0000000087b00000, 0x0000000087b00000| Untracked 
|  66|0x0000000087c00000, 0x0000000087c00000, 0x0000000087d00000|  0%| F|  |TAMS 0x0000000087c00000, 0x0000000087c00000| Untracked 
|  67|0x0000000087d00000, 0x0000000087d00000, 0x0000000087e00000|  0%| F|  |TAMS 0x0000000087d00000, 0x0000000087d00000| Untracked 
|  68|0x0000000087e00000, 0x0000000087e00000, 0x0000000087f00000|  0%| F|  |TAMS 0x0000000087e00000, 0x0000000087e00000| Untracked 
|  69|0x0000000087f00000, 0x0000000087f00000, 0x0000000088000000|  0%| F|  |TAMS 0x0000000087f00000, 0x0000000087f00000| Untracked 
|  70|0x0000000088000000, 0x0000000088000000, 0x0000000088100000|  0%| F|  |TAMS 0x0000000088000000, 0x0000000088000000| Untracked 
|  71|0x0000000088100000, 0x0000000088100000, 0x0000000088200000|  0%| F|  |TAMS 0x0000000088100000, 0x0000000088100000| Untracked 
|  72|0x0000000088200000, 0x0000000088200000, 0x0000000088300000|  0%| F|  |TAMS 0x0000000088200000, 0x0000000088200000| Untracked 
|  73|0x0000000088300000, 0x0000000088300000, 0x0000000088400000|  0%| F|  |TAMS 0x0000000088300000, 0x0000000088300000| Untracked 
|  74|0x0000000088400000, 0x0000000088400000, 0x0000000088500000|  0%| F|  |TAMS 0x0000000088400000, 0x0000000088400000| Untracked 
|  75|0x0000000088500000, 0x0000000088500000, 0x0000000088600000|  0%| F|  |TAMS 0x0000000088500000, 0x0000000088500000| Untracked 
|  76|0x0000000088600000, 0x0000000088600000, 0x0000000088700000|  0%| F|  |TAMS 0x0000000088600000, 0x0000000088600000| Untracked 
|  77|0x0000000088700000, 0x0000000088700000, 0x0000000088800000|  0%| F|  |TAMS 0x0000000088700000, 0x0000000088700000| Untracked 
|  78|0x0000000088800000, 0x0000000088800000, 0x0000000088900000|  0%| F|  |TAMS 0x0000000088800000, 0x0000000088800000| Untracked 
|  79|0x0000000088900000, 0x0000000088900000, 0x0000000088a00000|  0%| F|  |TAMS 0x0000000088900000, 0x0000000088900000| Untracked 
|  80|0x0000000088a00000, 0x0000000088a00000, 0x0000000088b00000|  0%| F|  |TAMS 0x0000000088a00000, 0x0000000088a00000| Untracked 
|  81|0x0000000088b00000, 0x0000000088b00000, 0x0000000088c00000|  0%| F|  |TAMS 0x0000000088b00000, 0x0000000088b00000| Untracked 
|  82|0x0000000088c00000, 0x0000000088c00000, 0x0000000088d00000|  0%| F|  |TAMS 0x0000000088c00000, 0x0000000088c00000| Untracked 
|  83|0x0000000088d00000, 0x0000000088d00000, 0x0000000088e00000|  0%| F|  |TAMS 0x0000000088d00000, 0x0000000088d00000| Untracked 
|  84|0x0000000088e00000, 0x0000000088e00000, 0x0000000088f00000|  0%| F|  |TAMS 0x0000000088e00000, 0x0000000088e00000| Untracked 
|  85|0x0000000088f00000, 0x0000000088f00000, 0x0000000089000000|  0%| F|  |TAMS 0x0000000088f00000, 0x0000000088f00000| Untracked 
|  86|0x0000000089000000, 0x00000000890660a0, 0x0000000089100000| 39%| S|CS|TAMS 0x0000000089000000, 0x0000000089000000| Complete 
|  87|0x0000000089100000, 0x0000000089100000, 0x0000000089200000|  0%| F|  |TAMS 0x0000000089100000, 0x0000000089100000| Untracked 
|  88|0x0000000089200000, 0x0000000089200000, 0x0000000089300000|  0%| F|  |TAMS 0x0000000089200000, 0x0000000089200000| Untracked 
|  89|0x0000000089300000, 0x0000000089300000, 0x0000000089400000|  0%| F|  |TAMS 0x0000000089300000, 0x0000000089300000| Untracked 
|  90|0x0000000089400000, 0x0000000089400000, 0x0000000089500000|  0%| F|  |TAMS 0x0000000089400000, 0x0000000089400000| Untracked 
|  91|0x0000000089500000, 0x0000000089600000, 0x0000000089600000|100%| S|CS|TAMS 0x0000000089500000, 0x0000000089500000| Complete 
|  92|0x0000000089600000, 0x0000000089700000, 0x0000000089700000|100%| S|CS|TAMS 0x0000000089600000, 0x0000000089600000| Complete 
|  93|0x0000000089700000, 0x0000000089800000, 0x0000000089800000|100%| S|CS|TAMS 0x0000000089700000, 0x0000000089700000| Complete 
|  94|0x0000000089800000, 0x0000000089900000, 0x0000000089900000|100%| S|CS|TAMS 0x0000000089800000, 0x0000000089800000| Complete 
|  95|0x0000000089900000, 0x0000000089a00000, 0x0000000089a00000|100%| S|CS|TAMS 0x0000000089900000, 0x0000000089900000| Complete 
|  96|0x0000000089a00000, 0x0000000089b00000, 0x0000000089b00000|100%| S|CS|TAMS 0x0000000089a00000, 0x0000000089a00000| Complete 
|  97|0x0000000089b00000, 0x0000000089c00000, 0x0000000089c00000|100%| S|CS|TAMS 0x0000000089b00000, 0x0000000089b00000| Complete 
|  98|0x0000000089c00000, 0x0000000089c00000, 0x0000000089d00000|  0%| F|  |TAMS 0x0000000089c00000, 0x0000000089c00000| Untracked 
|  99|0x0000000089d00000, 0x0000000089d00000, 0x0000000089e00000|  0%| F|  |TAMS 0x0000000089d00000, 0x0000000089d00000| Untracked 
| 100|0x0000000089e00000, 0x0000000089e00000, 0x0000000089f00000|  0%| F|  |TAMS 0x0000000089e00000, 0x0000000089e00000| Untracked 
| 101|0x0000000089f00000, 0x0000000089f00000, 0x000000008a000000|  0%| F|  |TAMS 0x0000000089f00000, 0x0000000089f00000| Untracked 
| 102|0x000000008a000000, 0x000000008a000000, 0x000000008a100000|  0%| F|  |TAMS 0x000000008a000000, 0x000000008a000000| Untracked 
| 103|0x000000008a100000, 0x000000008a100000, 0x000000008a200000|  0%| F|  |TAMS 0x000000008a100000, 0x000000008a100000| Untracked 
| 104|0x000000008a200000, 0x000000008a200000, 0x000000008a300000|  0%| F|  |TAMS 0x000000008a200000, 0x000000008a200000| Untracked 
| 105|0x000000008a300000, 0x000000008a300000, 0x000000008a400000|  0%| F|  |TAMS 0x000000008a300000, 0x000000008a300000| Untracked 
| 106|0x000000008a400000, 0x000000008a400000, 0x000000008a500000|  0%| F|  |TAMS 0x000000008a400000, 0x000000008a400000| Untracked 
| 107|0x000000008a500000, 0x000000008a500000, 0x000000008a600000|  0%| F|  |TAMS 0x000000008a500000, 0x000000008a500000| Untracked 
| 108|0x000000008a600000, 0x000000008a600000, 0x000000008a700000|  0%| F|  |TAMS 0x000000008a600000, 0x000000008a600000| Untracked 
| 109|0x000000008a700000, 0x000000008a700000, 0x000000008a800000|  0%| F|  |TAMS 0x000000008a700000, 0x000000008a700000| Untracked 
| 110|0x000000008a800000, 0x000000008a800000, 0x000000008a900000|  0%| F|  |TAMS 0x000000008a800000, 0x000000008a800000| Untracked 
| 111|0x000000008a900000, 0x000000008a900000, 0x000000008aa00000|  0%| F|  |TAMS 0x000000008a900000, 0x000000008a900000| Untracked 
| 112|0x000000008aa00000, 0x000000008ab00000, 0x000000008ab00000|100%| E|  |TAMS 0x000000008aa00000, 0x000000008aa00000| Complete 
| 113|0x000000008ab00000, 0x000000008ac00000, 0x000000008ac00000|100%| E|CS|TAMS 0x000000008ab00000, 0x000000008ab00000| Complete 
| 114|0x000000008ac00000, 0x000000008ad00000, 0x000000008ad00000|100%| E|CS|TAMS 0x000000008ac00000, 0x000000008ac00000| Complete 
| 115|0x000000008ad00000, 0x000000008ae00000, 0x000000008ae00000|100%| E|CS|TAMS 0x000000008ad00000, 0x000000008ad00000| Complete 
| 116|0x000000008ae00000, 0x000000008af00000, 0x000000008af00000|100%| E|CS|TAMS 0x000000008ae00000, 0x000000008ae00000| Complete 
| 117|0x000000008af00000, 0x000000008b000000, 0x000000008b000000|100%| E|CS|TAMS 0x000000008af00000, 0x000000008af00000| Complete 
| 118|0x000000008b000000, 0x000000008b100000, 0x000000008b100000|100%| E|CS|TAMS 0x000000008b000000, 0x000000008b000000| Complete 
| 119|0x000000008b100000, 0x000000008b200000, 0x000000008b200000|100%| E|CS|TAMS 0x000000008b100000, 0x000000008b100000| Complete 
| 120|0x000000008b200000, 0x000000008b300000, 0x000000008b300000|100%| E|CS|TAMS 0x000000008b200000, 0x000000008b200000| Complete 
| 121|0x000000008b300000, 0x000000008b400000, 0x000000008b400000|100%| E|CS|TAMS 0x000000008b300000, 0x000000008b300000| Complete 
| 122|0x000000008b400000, 0x000000008b500000, 0x000000008b500000|100%| E|CS|TAMS 0x000000008b400000, 0x000000008b400000| Complete 
| 123|0x000000008b500000, 0x000000008b600000, 0x000000008b600000|100%| E|CS|TAMS 0x000000008b500000, 0x000000008b500000| Complete 
| 124|0x000000008b600000, 0x000000008b700000, 0x000000008b700000|100%| E|CS|TAMS 0x000000008b600000, 0x000000008b600000| Complete 
| 125|0x000000008b700000, 0x000000008b800000, 0x000000008b800000|100%| E|CS|TAMS 0x000000008b700000, 0x000000008b700000| Complete 

Card table byte_map: [0x000001f351870000,0x000001f351c60000] _byte_map_base: 0x000001f351453000

Marking Bits (Prev, Next): (CMBitMap*) 0x000001f339e3f320, (CMBitMap*) 0x000001f339e3f2e0
 Prev Bits: [0x000001f353f70000, 0x000001f355e88000)
 Next Bits: [0x000001f352050000, 0x000001f353f68000)

Polling page: 0x000001f339e90000

Metaspace:

Usage:
  Non-class:     19.12 MB used.
      Class:      3.11 MB used.
       Both:     22.23 MB used.

Virtual space:
  Non-class space:       64.00 MB reserved,      19.25 MB ( 30%) committed,  1 nodes.
      Class space:        1.00 GB reserved,       3.25 MB ( <1%) committed,  1 nodes.
             Both:        1.06 GB reserved,      22.50 MB (  2%) committed. 

Chunk freelists:
   Non-Class:  12.63 MB
       Class:  12.79 MB
        Both:  25.43 MB

MaxMetaspaceSize: unlimited
CompressedClassSpaceSize: 1.00 GB
Initial GC threshold: 21.00 MB
Current GC threshold: 35.25 MB
CDS: on
MetaspaceReclaimPolicy: balanced
 - commit_granule_bytes: 65536.
 - commit_granule_words: 8192.
 - virtual_space_node_default_size: 8388608.
 - enlarge_chunks_in_place: 1.
 - new_chunks_are_fully_committed: 0.
 - uncommit_free_chunks: 1.
 - use_allocation_guard: 0.
 - handle_deallocations: 1.


Internal statistics:

num_allocs_failed_limit: 3.
num_arena_births: 254.
num_arena_deaths: 0.
num_vsnodes_births: 2.
num_vsnodes_deaths: 0.
num_space_committed: 360.
num_space_uncommitted: 0.
num_chunks_returned_to_freelist: 3.
num_chunks_taken_from_freelist: 1036.
num_chunk_merges: 3.
num_chunk_splits: 722.
num_chunks_enlarged: 564.
num_inconsistent_stats: 0.

CodeHeap 'non-profiled nmethods': size=120000Kb used=2063Kb max_used=2063Kb free=117936Kb
 bounds [0x000001f3494f0000, 0x000001f349760000, 0x000001f350a20000]
CodeHeap 'profiled nmethods': size=120000Kb used=8933Kb max_used=8933Kb free=111067Kb
 bounds [0x000001f341a20000, 0x000001f3422e0000, 0x000001f348f50000]
CodeHeap 'non-nmethods': size=5760Kb used=1484Kb max_used=1520Kb free=4275Kb
 bounds [0x000001f348f50000, 0x000001f3491c0000, 0x000001f3494f0000]
 total_blobs=5292 nmethods=4446 adapters=758
 compilation: enabled
              stopped_count=0, restarted_count=0
 full_count=0

Compilation events (20 events):
Event: 32.251 Thread 0x000001f3588e9360 4437       3       com.sun.javafx.scene.control.inputmap.InputMap$$Lambda$315/0x000001f35a1e0ee8::handle (9 bytes)
Event: 32.251 Thread 0x000001f3588e9360 nmethod 4437 0x000001f3422d6190 code [0x000001f3422d6340, 0x000001f3422d64a8]
Event: 32.258 Thread 0x000001f3588e9360 4439       3       com.sun.javafx.scene.layout.RegionHelper::pickNodeLocalImpl (12 bytes)
Event: 32.258 Thread 0x000001f3588e9360 nmethod 4439 0x000001f3422d6590 code [0x000001f3422d6740, 0x000001f3422d6a28]
Event: 32.322 Thread 0x000001f3588e9360 4440       3       javafx.scene.Parent::computeViewOrderChildren (93 bytes)
Event: 32.323 Thread 0x000001f3588e9360 nmethod 4440 0x000001f3422d6b90 code [0x000001f3422d6e20, 0x000001f3422d79d8]
Event: 32.442 Thread 0x000001f3588e9360 4441       3       com.sun.javafx.scene.KeyboardShortcutsHandler::dispatchBubblingEvent (60 bytes)
Event: 32.443 Thread 0x000001f3588e9360 nmethod 4441 0x000001f3422d7d90 code [0x000001f3422d7f80, 0x000001f3422d8688]
Event: 32.474 Thread 0x000001f3588df920 4442       4       java.util.AbstractList$Itr::hasNext (20 bytes)
Event: 32.475 Thread 0x000001f3588df920 nmethod 4442 0x000001f3496f2610 code [0x000001f3496f2780, 0x000001f3496f2838]
Event: 32.506 Thread 0x000001f3588df920 4443   !   4       java.util.AbstractList$Itr::next (46 bytes)
Event: 32.508 Thread 0x000001f3588df920 nmethod 4443 0x000001f3496f2910 code [0x000001f3496f2aa0, 0x000001f3496f2bc8]
Event: 32.547 Thread 0x000001f3588e9360 4444       3       com.sun.javafx.collections.VetoableListDecorator::iterator (27 bytes)
Event: 32.548 Thread 0x000001f3588e9360 nmethod 4444 0x000001f3422d8810 code [0x000001f3422d89e0, 0x000001f3422d8df8]
Event: 32.548 Thread 0x000001f3588e9360 4445       3       com.sun.javafx.collections.VetoableListDecorator$ModCountAccessorImpl::<init> (10 bytes)
Event: 32.548 Thread 0x000001f3588e9360 nmethod 4445 0x000001f3422d8f90 code [0x000001f3422d9120, 0x000001f3422d92f8]
Event: 85.467 Thread 0x000001f3588df920 4446       4       com.sun.javafx.tk.quantum.QuantumToolkit::postPulse (133 bytes)
Event: 85.474 Thread 0x000001f3588df920 nmethod 4446 0x000001f3496f2d10 code [0x000001f3496f2ee0, 0x000001f3496f3188]
Event: 86.516 Thread 0x000001f3588df920 4447       4       com.sun.javafx.tk.quantum.QuantumToolkit$$Lambda$92/0x000001f35a032a70::run (8 bytes)
Event: 86.520 Thread 0x000001f3588df920 nmethod 4447 0x000001f3496f3510 code [0x000001f3496f36e0, 0x000001f3496f39d0]

GC Heap History (6 events):
Event: 0.590 GC heap before
{Heap before GC invocations=0 (full 0):
 garbage-first heap   total 129024K, used 22528K [0x0000000083a00000, 0x0000000100000000)
  region size 1024K, 23 young (23552K), 0 survivors (0K)
 Metaspace       used 6032K, committed 6272K, reserved 1114112K
  class space    used 709K, committed 832K, reserved 1048576K
}
Event: 0.593 GC heap after
{Heap after GC invocations=1 (full 0):
 garbage-first heap   total 129024K, used 3189K [0x0000000083a00000, 0x0000000100000000)
  region size 1024K, 3 young (3072K), 3 survivors (3072K)
 Metaspace       used 6032K, committed 6272K, reserved 1114112K
  class space    used 709K, committed 832K, reserved 1048576K
}
Event: 1.255 GC heap before
{Heap before GC invocations=1 (full 0):
 garbage-first heap   total 129024K, used 43125K [0x0000000083a00000, 0x0000000100000000)
  region size 1024K, 35 young (35840K), 3 survivors (3072K)
 Metaspace       used 14177K, committed 14400K, reserved 1114112K
  class space    used 2127K, committed 2240K, reserved 1048576K
}
Event: 1.260 GC heap after
{Heap after GC invocations=2 (full 0):
 garbage-first heap   total 129024K, used 14273K [0x0000000083a00000, 0x0000000100000000)
  region size 1024K, 4 young (4096K), 4 survivors (4096K)
 Metaspace       used 14177K, committed 14400K, reserved 1114112K
  class space    used 2127K, committed 2240K, reserved 1048576K
}
Event: 14.803 GC heap before
{Heap before GC invocations=2 (full 0):
 garbage-first heap   total 129024K, used 65473K [0x0000000083a00000, 0x0000000100000000)
  region size 1024K, 32 young (32768K), 4 survivors (4096K)
 Metaspace       used 21287K, committed 21504K, reserved 1114112K
  class space    used 2929K, committed 3072K, reserved 1048576K
}
Event: 14.809 GC heap after
{Heap after GC invocations=3 (full 0):
 garbage-first heap   total 129024K, used 41443K [0x0000000083a00000, 0x0000000100000000)
  region size 1024K, 8 young (8192K), 8 survivors (8192K)
 Metaspace       used 21287K, committed 21504K, reserved 1114112K
  class space    used 2929K, committed 3072K, reserved 1048576K
}

Dll operation events (20 events):
Event: 0.274 Loaded shared library C:\Program Files\JavaFX\javafx-sdk-17.0.15\bin\api-ms-win-crt-multibyte-l1-1-0.dll
Event: 0.276 Loaded shared library C:\Program Files\JavaFX\javafx-sdk-17.0.15\bin\api-ms-win-crt-private-l1-1-0.dll
Event: 0.277 Loaded shared library C:\Program Files\JavaFX\javafx-sdk-17.0.15\bin\api-ms-win-crt-process-l1-1-0.dll
Event: 0.279 Loaded shared library C:\Program Files\JavaFX\javafx-sdk-17.0.15\bin\api-ms-win-crt-runtime-l1-1-0.dll
Event: 0.280 Loaded shared library C:\Program Files\JavaFX\javafx-sdk-17.0.15\bin\api-ms-win-crt-stdio-l1-1-0.dll
Event: 0.282 Loaded shared library C:\Program Files\JavaFX\javafx-sdk-17.0.15\bin\api-ms-win-crt-string-l1-1-0.dll
Event: 0.283 Loaded shared library C:\Program Files\JavaFX\javafx-sdk-17.0.15\bin\api-ms-win-crt-time-l1-1-0.dll
Event: 0.285 Loaded shared library C:\Program Files\JavaFX\javafx-sdk-17.0.15\bin\api-ms-win-crt-utility-l1-1-0.dll
Event: 0.289 Loaded shared library C:\Program Files\JavaFX\javafx-sdk-17.0.15\bin\ucrtbase.dll
Event: 0.293 Loaded shared library C:\Program Files\JavaFX\javafx-sdk-17.0.15\bin\vcruntime140.dll
Event: 0.295 Loaded shared library C:\Program Files\JavaFX\javafx-sdk-17.0.15\bin\vcruntime140_1.dll
Event: 0.298 Loaded shared library C:\Program Files\JavaFX\javafx-sdk-17.0.15\bin\msvcp140.dll
Event: 0.300 Loaded shared library C:\Program Files\JavaFX\javafx-sdk-17.0.15\bin\msvcp140_1.dll
Event: 0.303 Loaded shared library C:\Program Files\JavaFX\javafx-sdk-17.0.15\bin\msvcp140_2.dll
Event: 0.353 Loaded shared library C:\Program Files\JavaFX\javafx-sdk-17.0.15\bin\prism_d3d.dll
Event: 0.414 Loaded shared library C:\Program Files\JavaFX\javafx-sdk-17.0.15\bin\glass.dll
Event: 0.512 Loaded shared library C:\Users\jccas\.jdks\temurin-17.0.15\bin\jimage.dll
Event: 0.608 Loaded shared library C:\Program Files\JavaFX\javafx-sdk-17.0.15\bin\javafx_iio.dll
Event: 0.660 Loaded shared library C:\Program Files\JavaFX\javafx-sdk-17.0.15\bin\javafx_font.dll
Event: 11.378 Loaded shared library C:\Users\jccas\.jdks\temurin-17.0.15\bin\verify.dll

Deoptimization events (20 events):
Event: 31.475 Thread 0x000001f39e2670f0 Uncommon trap: trap_request=0xffffffbe fr.pc=0x000001f3496ea6ac relative=0x00000000000003cc
Event: 31.475 Thread 0x000001f39e2670f0 Uncommon trap: reason=profile_predicate action=maybe_recompile pc=0x000001f3496ea6ac method=javafx.css.CompoundSelector.applies(Ljavafx/css/Styleable;[Ljava/util/Set;I)Z @ 89 c2
Event: 31.475 Thread 0x000001f39e2670f0 DEOPT PACKING pc=0x000001f3496ea6ac sp=0x000000051c4f58b0
Event: 31.476 Thread 0x000001f39e2670f0 DEOPT UNPACKING pc=0x000001f348faa1a3 sp=0x000000051c4f5840 mode 2
Event: 31.476 Thread 0x000001f39e2670f0 Uncommon trap: trap_request=0xffffffbe fr.pc=0x000001f3496ea6ac relative=0x00000000000003cc
Event: 31.476 Thread 0x000001f39e2670f0 Uncommon trap: reason=profile_predicate action=maybe_recompile pc=0x000001f3496ea6ac method=javafx.css.CompoundSelector.applies(Ljavafx/css/Styleable;[Ljava/util/Set;I)Z @ 89 c2
Event: 31.476 Thread 0x000001f39e2670f0 DEOPT PACKING pc=0x000001f3496ea6ac sp=0x000000051c4f58b0
Event: 31.476 Thread 0x000001f39e2670f0 DEOPT UNPACKING pc=0x000001f348faa1a3 sp=0x000000051c4f5840 mode 2
Event: 31.476 Thread 0x000001f39e2670f0 Uncommon trap: trap_request=0xffffffbe fr.pc=0x000001f3496ea6ac relative=0x00000000000003cc
Event: 31.476 Thread 0x000001f39e2670f0 Uncommon trap: reason=profile_predicate action=maybe_recompile pc=0x000001f3496ea6ac method=javafx.css.CompoundSelector.applies(Ljavafx/css/Styleable;[Ljava/util/Set;I)Z @ 89 c2
Event: 31.476 Thread 0x000001f39e2670f0 DEOPT PACKING pc=0x000001f3496ea6ac sp=0x000000051c4f58b0
Event: 31.476 Thread 0x000001f39e2670f0 DEOPT UNPACKING pc=0x000001f348faa1a3 sp=0x000000051c4f5840 mode 2
Event: 31.476 Thread 0x000001f39e2670f0 Uncommon trap: trap_request=0xffffffbe fr.pc=0x000001f3496ea6ac relative=0x00000000000003cc
Event: 31.476 Thread 0x000001f39e2670f0 Uncommon trap: reason=profile_predicate action=maybe_recompile pc=0x000001f3496ea6ac method=javafx.css.CompoundSelector.applies(Ljavafx/css/Styleable;[Ljava/util/Set;I)Z @ 89 c2
Event: 31.476 Thread 0x000001f39e2670f0 DEOPT PACKING pc=0x000001f3496ea6ac sp=0x000000051c4f58b0
Event: 31.476 Thread 0x000001f39e2670f0 DEOPT UNPACKING pc=0x000001f348faa1a3 sp=0x000000051c4f5840 mode 2
Event: 32.186 Thread 0x000001f39e2670f0 Uncommon trap: trap_request=0xffffff45 fr.pc=0x000001f3496d781c relative=0x000000000000081c
Event: 32.187 Thread 0x000001f39e2670f0 Uncommon trap: reason=unstable_if action=reinterpret pc=0x000001f3496d781c method=javafx.scene.Parent.getOrderedChildren()Ljava/util/List; @ 7 c2
Event: 32.187 Thread 0x000001f39e2670f0 DEOPT PACKING pc=0x000001f3496d781c sp=0x000000051c4f50f0
Event: 32.187 Thread 0x000001f39e2670f0 DEOPT UNPACKING pc=0x000001f348faa1a3 sp=0x000000051c4f4e40 mode 2

Classes loaded (20 events):
Event: 16.164 Loading class java/util/stream/ReferencePipeline$15
Event: 16.165 Loading class java/util/stream/ReferencePipeline$15 done
Event: 16.165 Loading class java/util/stream/ReferencePipeline$15$1
Event: 16.165 Loading class java/util/stream/ReferencePipeline$15$1 done
Event: 16.165 Loading class java/util/stream/ReferencePipeline$4$1
Event: 16.165 Loading class java/util/stream/ReferencePipeline$4$1 done
Event: 16.165 Loading class java/util/stream/IntPipeline$11
Event: 16.165 Loading class java/util/stream/IntPipeline$11 done
Event: 16.166 Loading class java/util/stream/ReduceOps$9
Event: 16.166 Loading class java/util/stream/ReduceOps$9 done
Event: 16.166 Loading class java/util/stream/ReduceOps$CountingSink$OfInt
Event: 16.166 Loading class java/util/stream/ReduceOps$CountingSink
Event: 16.166 Loading class java/util/stream/ReduceOps$CountingSink done
Event: 16.166 Loading class java/util/stream/ReduceOps$CountingSink$OfInt done
Event: 16.166 Loading class java/util/stream/IntPipeline$11$1
Event: 16.166 Loading class java/util/stream/IntPipeline$11$1 done
Event: 31.378 Loading class java/time/format/FormatStyle
Event: 31.379 Loading class java/time/format/FormatStyle done
Event: 200.329 Loading class jdk/internal/misc/Signal$1
Event: 200.329 Loading class jdk/internal/misc/Signal$1 done

Classes unloaded (0 events):
No events

Classes redefined (0 events):
No events

Internal exceptions (20 events):
Event: 1.065 Thread 0x000001f39e2670f0 Exception <a 'java/lang/NoSuchMethodError'{0x000000008a1fd558}: 'void java.lang.invoke.DirectMethodHandle$Holder.invokeSpecial(java.lang.Object, java.lang.Object, java.lang.Object, java.lang.Object, java.lang.Object, java.lang.Object)'> (0x000000008a1fd558) 
thrown [s\src\hotspot\share\interpreter\linkResolver.cpp, line 759]
Event: 1.141 Thread 0x000001f39e2670f0 Exception <a 'java/lang/NoSuchMethodError'{0x000000008992d200}: 'java.lang.Object java.lang.invoke.DirectMethodHandle$Holder.newInvokeSpecial(java.lang.Object, java.lang.Object, int)'> (0x000000008992d200) 
thrown [s\src\hotspot\share\interpreter\linkResolver.cpp, line 759]
Event: 1.165 Thread 0x000001f39ebe43d0 Exception <a 'java/lang/NoSuchMethodError'{0x0000000089887108}: 'int java.lang.invoke.DirectMethodHandle$Holder.invokeStaticInit(java.lang.Object, java.lang.Object)'> (0x0000000089887108) 
thrown [s\src\hotspot\share\interpreter\linkResolver.cpp, line 759]
Event: 1.170 Thread 0x000001f39e2670f0 Exception <a 'java/lang/NoSuchMethodError'{0x00000000898d5548}: 'long java.lang.invoke.DirectMethodHandle$Holder.invokeStatic(java.lang.Object, java.lang.Object, java.lang.Object)'> (0x00000000898d5548) 
thrown [s\src\hotspot\share\interpreter\linkResolver.cpp, line 759]
Event: 1.170 Thread 0x000001f39e2670f0 Exception <a 'java/lang/NoSuchMethodError'{0x00000000898d8cf0}: 'long java.lang.invoke.DirectMethodHandle$Holder.invokeStaticInit(java.lang.Object, java.lang.Object, java.lang.Object)'> (0x00000000898d8cf0) 
thrown [s\src\hotspot\share\interpreter\linkResolver.cpp, line 759]
Event: 1.172 Thread 0x000001f39e2670f0 Exception <a 'java/lang/NoSuchMethodError'{0x00000000898f0878}: 'java.lang.Object java.lang.invoke.DirectMethodHandle$Holder.newInvokeSpecial(java.lang.Object, java.lang.Object, long)'> (0x00000000898f0878) 
thrown [s\src\hotspot\share\interpreter\linkResolver.cpp, line 759]
Event: 1.172 Thread 0x000001f39e2670f0 Exception <a 'java/lang/NoSuchMethodError'{0x00000000898f43e8}: 'java.lang.Object java.lang.invoke.Invokers$Holder.linkToTargetMethod(java.lang.Object, long, java.lang.Object)'> (0x00000000898f43e8) 
thrown [s\src\hotspot\share\interpreter\linkResolver.cpp, line 759]
Event: 1.187 Thread 0x000001f39ebe43d0 Exception <a 'java/lang/NoSuchMethodError'{0x000000008977b4c0}: 'java.lang.Object java.lang.invoke.DirectMethodHandle$Holder.invokeStaticInit(java.lang.Object, int)'> (0x000000008977b4c0) 
thrown [s\src\hotspot\share\interpreter\linkResolver.cpp, line 759]
Event: 11.183 Thread 0x000001f39e2670f0 Exception <a 'java/lang/NoSuchMethodError'{0x000000008b3bd360}: 'java.lang.Object java.lang.invoke.DirectMethodHandle$Holder.invokeInterface(java.lang.Object, java.lang.Object)'> (0x000000008b3bd360) 
thrown [s\src\hotspot\share\interpreter\linkResolver.cpp, line 759]
Event: 11.197 Thread 0x000001f39e2670f0 Exception <a 'java/lang/NoSuchMethodError'{0x000000008b236eb8}: 'java.lang.Object java.lang.invoke.DirectMethodHandle$Holder.invokeVirtual(java.lang.Object, java.lang.Object, java.lang.Object)'> (0x000000008b236eb8) 
thrown [s\src\hotspot\share\interpreter\linkResolver.cpp, line 759]
Event: 11.831 Thread 0x000001f39e2670f0 Implicit null exception at 0x000001f3495f8350 to 0x000001f3495f83b4
Event: 12.646 Thread 0x000001f39e2670f0 Exception <a 'java/lang/NoSuchMethodError'{0x000000008a5cf758}: 'void java.lang.invoke.DirectMethodHandle$Holder.invokeSpecialIFC(java.lang.Object, java.lang.Object, java.lang.Object, java.lang.Object)'> (0x000000008a5cf758) 
thrown [s\src\hotspot\share\interpreter\linkResolver.cpp, line 759]
Event: 12.677 Thread 0x000001f39e2670f0 Exception <a 'java/lang/NoSuchMethodError'{0x000000008a3c8b88}: 'int java.lang.invoke.DirectMethodHandle$Holder.invokeSpecial(java.lang.Object, java.lang.Object, int)'> (0x000000008a3c8b88) 
thrown [s\src\hotspot\share\interpreter\linkResolver.cpp, line 759]
Event: 13.466 Thread 0x000001f39e2670f0 Implicit null exception at 0x000001f3496485e9 to 0x000001f349648720
Event: 16.158 Thread 0x000001f39e2670f0 Exception <a 'java/lang/NoSuchMethodError'{0x000000008b1cfbd0}: 'int java.lang.invoke.DirectMethodHandle$Holder.invokeVirtual(java.lang.Object, java.lang.Object)'> (0x000000008b1cfbd0) 
thrown [s\src\hotspot\share\interpreter\linkResolver.cpp, line 759]
Event: 16.163 Thread 0x000001f39e2670f0 Exception <a 'java/lang/NoSuchMethodError'{0x000000008b1d8ea0}: 'void java.lang.invoke.DirectMethodHandle$Holder.invokeVirtual(java.lang.Object, java.lang.Object, int)'> (0x000000008b1d8ea0) 
thrown [s\src\hotspot\share\interpreter\linkResolver.cpp, line 759]
Event: 31.422 Thread 0x000001f39e2670f0 Exception <a 'java/lang/ClassNotFoundException'{0x000000008aff95b8}: com/sun/javafx/scene/control/skin/resources/controls-nt> (0x000000008aff95b8) 
thrown [s\src\hotspot\share\prims\jni.cpp, line 535]
Event: 31.423 Thread 0x000001f39e2670f0 Exception <a 'java/lang/ClassNotFoundException'{0x000000008ae04760}: com/sun/javafx/scene/control/skin/resources/controls-nt_es> (0x000000008ae04760) 
thrown [s\src\hotspot\share\prims\jni.cpp, line 535]
Event: 31.423 Thread 0x000001f39e2670f0 Exception <a 'java/lang/ClassNotFoundException'{0x000000008ae06f38}: com/sun/javafx/scene/control/skin/resources/controls-nt_es_MX> (0x000000008ae06f38) 
thrown [s\src\hotspot\share\prims\jni.cpp, line 535]
Event: 31.479 Thread 0x000001f39e2670f0 Exception <a 'java/lang/NoSuchMethodError'{0x000000008ab71620}: 'java.lang.Object java.lang.invoke.DirectMethodHandle$Holder.newInvokeSpecial(java.lang.Object, java.lang.Object, int, int)'> (0x000000008ab71620) 
thrown [s\src\hotspot\share\interpreter\linkResolver.cpp, line 759]

VM Operations (20 events):
Event: 21.171 Executing VM operation: Cleanup done
Event: 23.172 Executing VM operation: Cleanup
Event: 23.172 Executing VM operation: Cleanup done
Event: 28.174 Executing VM operation: Cleanup
Event: 28.174 Executing VM operation: Cleanup done
Event: 31.382 Executing VM operation: HandshakeAllThreads
Event: 31.382 Executing VM operation: HandshakeAllThreads done
Event: 31.382 Executing VM operation: Cleanup
Event: 31.382 Executing VM operation: Cleanup done
Event: 31.437 Executing VM operation: HandshakeAllThreads
Event: 31.437 Executing VM operation: HandshakeAllThreads done
Event: 32.437 Executing VM operation: Cleanup
Event: 32.438 Executing VM operation: Cleanup done
Event: 33.438 Executing VM operation: Cleanup
Event: 33.438 Executing VM operation: Cleanup done
Event: 34.439 Executing VM operation: Cleanup
Event: 34.439 Executing VM operation: Cleanup done
Event: 60.167 Executing VM operation: HandshakeAllThreads
Event: 60.167 Executing VM operation: HandshakeAllThreads done
Event: 200.331 Executing VM operation: Exit

Memory protections (0 events):
No events

Nmethod flushes (0 events):
No events

Events (20 events):
Event: 12.882 Thread 0x000001f39eb5ced0 Thread exited: 0x000001f39eb5ced0
Event: 12.914 Thread 0x000001f39f204ee0 Thread exited: 0x000001f39f204ee0
Event: 13.473 Thread 0x000001f3588e9360 Thread added: 0x000001f39f204ee0
Event: 13.496 Thread 0x000001f3588e9360 Thread added: 0x000001f39eb5ced0
Event: 13.658 Thread 0x000001f39eb5ced0 Thread exited: 0x000001f39eb5ced0
Event: 13.903 Thread 0x000001f39f204ee0 Thread exited: 0x000001f39f204ee0
Event: 13.915 Thread 0x000001f3588df920 Thread added: 0x000001f39f204ee0
Event: 13.915 Thread 0x000001f3588df920 Thread added: 0x000001f3a562e340
Event: 14.114 Thread 0x000001f3a562e340 Thread exited: 0x000001f3a562e340
Event: 14.114 Thread 0x000001f39f204ee0 Thread exited: 0x000001f39f204ee0
Event: 14.796 Thread 0x000001f3588e9360 Thread added: 0x000001f39eb5ced0
Event: 15.202 Thread 0x000001f39eb5ced0 Thread exited: 0x000001f39eb5ced0
Event: 31.387 Thread 0x000001f3588e9360 Thread added: 0x000001f39eb5ced0
Event: 32.187 Thread 0x000001f39eb5ced0 Thread exited: 0x000001f39eb5ced0
Event: 200.329 Thread 0x000001f3588d6600 Thread added: 0x000001f39ed79e20
Event: 200.329 Thread 0x000001f39ed79e20 Thread added: 0x000001f39ed78ef0
Event: 200.330 Thread 0x000001f39ed79e20 Thread added: 0x000001f39ed7bc80
Event: 200.330 Thread 0x000001f39ed7bc80 Thread exited: 0x000001f39ed7bc80
Event: 200.331 Thread 0x000001f39ed78ef0 Thread exited: 0x000001f39ed78ef0
Event: 200.331 Thread 0x000001f39ed79e20 Before exit entered


Dynamic libraries:
0x00007ff64f1f0000 - 0x00007ff64f1fe000 	C:\Users\jccas\.jdks\temurin-17.0.15\bin\java.exe
0x00007ffde29a0000 - 0x00007ffde2c05000 	C:\WINDOWS\SYSTEM32\ntdll.dll
0x00007ffde1640000 - 0x00007ffde1709000 	C:\WINDOWS\System32\KERNEL32.DLL
0x00007ffddfbc0000 - 0x00007ffddffa8000 	C:\WINDOWS\System32\KERNELBASE.dll
0x00007ffde0060000 - 0x00007ffde01ab000 	C:\WINDOWS\System32\ucrtbase.dll
0x00007ffdc3280000 - 0x00007ffdc3297000 	C:\Users\jccas\.jdks\temurin-17.0.15\bin\jli.dll
0x00007ffdc7450000 - 0x00007ffdc746e000 	C:\Users\jccas\.jdks\temurin-17.0.15\bin\VCRUNTIME140.dll
0x00007ffde1300000 - 0x00007ffde14ca000 	C:\WINDOWS\System32\USER32.dll
0x00007ffdb95f0000 - 0x00007ffdb988a000 	C:\WINDOWS\WinSxS\amd64_microsoft.windows.common-controls_6595b64144ccf1df_6.0.26100.4202_none_3e0698d4e335f517\COMCTL32.dll
0x00007ffddfb90000 - 0x00007ffddfbb7000 	C:\WINDOWS\System32\win32u.dll
0x00007ffde1d00000 - 0x00007ffde1da9000 	C:\WINDOWS\System32\msvcrt.dll
0x00007ffde1fb0000 - 0x00007ffde1fdb000 	C:\WINDOWS\System32\GDI32.dll
0x00007ffde0600000 - 0x00007ffde0737000 	C:\WINDOWS\System32\gdi32full.dll
0x00007ffddffb0000 - 0x00007ffde0053000 	C:\WINDOWS\System32\msvcp_win.dll
0x00007ffde0ae0000 - 0x00007ffde0b10000 	C:\WINDOWS\System32\IMM32.DLL
0x00007ffdc97b0000 - 0x00007ffdc97bc000 	C:\Users\jccas\.jdks\temurin-17.0.15\bin\vcruntime140_1.dll
0x00007ffdac110000 - 0x00007ffdac19d000 	C:\Users\jccas\.jdks\temurin-17.0.15\bin\msvcp140.dll
0x00007ffd5f610000 - 0x00007ffd6027b000 	C:\Users\jccas\.jdks\temurin-17.0.15\bin\server\jvm.dll
0x00007ffde14d0000 - 0x00007ffde1583000 	C:\WINDOWS\System32\ADVAPI32.dll
0x00007ffde1590000 - 0x00007ffde1636000 	C:\WINDOWS\System32\sechost.dll
0x00007ffde1fe0000 - 0x00007ffde20f5000 	C:\WINDOWS\System32\RPCRT4.dll
0x00007ffde27f0000 - 0x00007ffde2864000 	C:\WINDOWS\System32\WS2_32.dll
0x00007ffddf940000 - 0x00007ffddf99e000 	C:\WINDOWS\SYSTEM32\POWRPROF.dll
0x00007ffdcf770000 - 0x00007ffdcf77b000 	C:\WINDOWS\SYSTEM32\VERSION.dll
0x00007ffdd4980000 - 0x00007ffdd49b5000 	C:\WINDOWS\SYSTEM32\WINMM.dll
0x00007ffddf920000 - 0x00007ffddf934000 	C:\WINDOWS\SYSTEM32\UMPDC.dll
0x00007ffdde890000 - 0x00007ffdde8ab000 	C:\WINDOWS\SYSTEM32\kernel.appcore.dll
0x00007ffdc73e0000 - 0x00007ffdc73ea000 	C:\Users\jccas\.jdks\temurin-17.0.15\bin\jimage.dll
0x00007ffddd210000 - 0x00007ffddd451000 	C:\WINDOWS\SYSTEM32\DBGHELP.DLL
0x00007ffde0740000 - 0x00007ffde0ac5000 	C:\WINDOWS\System32\combase.dll
0x00007ffde2870000 - 0x00007ffde2951000 	C:\WINDOWS\System32\OLEAUT32.dll
0x00007ffdbb030000 - 0x00007ffdbb069000 	C:\WINDOWS\SYSTEM32\dbgcore.DLL
0x00007ffddfaf0000 - 0x00007ffddfb89000 	C:\WINDOWS\System32\bcryptPrimitives.dll
0x00007ffdc3930000 - 0x00007ffdc393e000 	C:\Users\jccas\.jdks\temurin-17.0.15\bin\instrument.dll
0x00007ffdc2e60000 - 0x00007ffdc2e85000 	C:\Users\jccas\.jdks\temurin-17.0.15\bin\java.dll
0x00007ffd9d960000 - 0x00007ffd9da37000 	C:\Users\jccas\.jdks\temurin-17.0.15\bin\jsvml.dll
0x00007ffde0b40000 - 0x00007ffde1282000 	C:\WINDOWS\System32\SHELL32.dll
0x00007ffde0240000 - 0x00007ffde03b4000 	C:\WINDOWS\System32\wintypes.dll
0x00007ffddd720000 - 0x00007ffdddf78000 	C:\WINDOWS\SYSTEM32\windows.storage.dll
0x00007ffde1c00000 - 0x00007ffde1cf1000 	C:\WINDOWS\System32\SHCORE.dll
0x00007ffde1290000 - 0x00007ffde12fa000 	C:\WINDOWS\System32\shlwapi.dll
0x00007ffddfa00000 - 0x00007ffddfa2f000 	C:\WINDOWS\SYSTEM32\profapi.dll
0x00007ffdc2e40000 - 0x00007ffdc2e59000 	C:\Users\jccas\.jdks\temurin-17.0.15\bin\net.dll
0x00007ffdd47f0000 - 0x00007ffdd490e000 	C:\WINDOWS\SYSTEM32\WINHTTP.dll
0x00007ffddee20000 - 0x00007ffddee8a000 	C:\WINDOWS\system32\mswsock.dll
0x00007ffdbfe80000 - 0x00007ffdbfe96000 	C:\Users\jccas\.jdks\temurin-17.0.15\bin\nio.dll
0x00007ffdbfd20000 - 0x00007ffdbfd38000 	C:\Users\jccas\.jdks\temurin-17.0.15\bin\zip.dll
0x00007ffdb8c40000 - 0x00007ffdb8c5a000 	C:\Program Files\JetBrains\IntelliJ IDEA 2024.2.0.2\bin\breakgen64.dll
0x00007ffdc33f0000 - 0x00007ffdc33f9000 	C:\Users\jccas\.jdks\temurin-17.0.15\bin\extnet.dll
0x000001f358e50000 - 0x000001f358e53000 	C:\Program Files\JavaFX\javafx-sdk-17.0.15\bin\api-ms-win-core-console-l1-1-0.dll
0x000001f358e60000 - 0x000001f358e63000 	C:\Program Files\JavaFX\javafx-sdk-17.0.15\bin\api-ms-win-core-console-l1-2-0.dll
0x000001f358e70000 - 0x000001f358e73000 	C:\Program Files\JavaFX\javafx-sdk-17.0.15\bin\api-ms-win-core-datetime-l1-1-0.dll
0x000001f358e80000 - 0x000001f358e83000 	C:\Program Files\JavaFX\javafx-sdk-17.0.15\bin\api-ms-win-core-debug-l1-1-0.dll
0x000001f358e90000 - 0x000001f358e93000 	C:\Program Files\JavaFX\javafx-sdk-17.0.15\bin\api-ms-win-core-errorhandling-l1-1-0.dll
0x000001f358ea0000 - 0x000001f358ea4000 	C:\Program Files\JavaFX\javafx-sdk-17.0.15\bin\api-ms-win-core-file-l1-1-0.dll
0x000001f358eb0000 - 0x000001f358eb3000 	C:\Program Files\JavaFX\javafx-sdk-17.0.15\bin\api-ms-win-core-file-l1-2-0.dll
0x000001f358fe0000 - 0x000001f358fe3000 	C:\Program Files\JavaFX\javafx-sdk-17.0.15\bin\api-ms-win-core-file-l2-1-0.dll
0x000001f358ec0000 - 0x000001f358ec3000 	C:\Program Files\JavaFX\javafx-sdk-17.0.15\bin\api-ms-win-core-handle-l1-1-0.dll
0x000001f358ed0000 - 0x000001f358ed3000 	C:\Program Files\JavaFX\javafx-sdk-17.0.15\bin\api-ms-win-core-heap-l1-1-0.dll
0x000001f358ee0000 - 0x000001f358ee3000 	C:\Program Files\JavaFX\javafx-sdk-17.0.15\bin\api-ms-win-core-interlocked-l1-1-0.dll
0x000001f358ef0000 - 0x000001f358ef3000 	C:\Program Files\JavaFX\javafx-sdk-17.0.15\bin\api-ms-win-core-libraryloader-l1-1-0.dll
0x000001f358f00000 - 0x000001f358f03000 	C:\Program Files\JavaFX\javafx-sdk-17.0.15\bin\api-ms-win-core-localization-l1-2-0.dll
0x000001f358f10000 - 0x000001f358f13000 	C:\Program Files\JavaFX\javafx-sdk-17.0.15\bin\api-ms-win-core-memory-l1-1-0.dll
0x000001f358f20000 - 0x000001f358f23000 	C:\Program Files\JavaFX\javafx-sdk-17.0.15\bin\api-ms-win-core-namedpipe-l1-1-0.dll
0x000001f358f30000 - 0x000001f358f33000 	C:\Program Files\JavaFX\javafx-sdk-17.0.15\bin\api-ms-win-core-processenvironment-l1-1-0.dll
0x000001f358f40000 - 0x000001f358f43000 	C:\Program Files\JavaFX\javafx-sdk-17.0.15\bin\api-ms-win-core-processthreads-l1-1-0.dll
0x000001f358f50000 - 0x000001f358f53000 	C:\Program Files\JavaFX\javafx-sdk-17.0.15\bin\api-ms-win-core-processthreads-l1-1-1.dll
0x000001f358f60000 - 0x000001f358f63000 	C:\Program Files\JavaFX\javafx-sdk-17.0.15\bin\api-ms-win-core-profile-l1-1-0.dll
0x000001f358f70000 - 0x000001f358f73000 	C:\Program Files\JavaFX\javafx-sdk-17.0.15\bin\api-ms-win-core-rtlsupport-l1-1-0.dll
0x000001f358f80000 - 0x000001f358f83000 	C:\Program Files\JavaFX\javafx-sdk-17.0.15\bin\api-ms-win-core-string-l1-1-0.dll
0x000001f358f90000 - 0x000001f358f93000 	C:\Program Files\JavaFX\javafx-sdk-17.0.15\bin\api-ms-win-core-synch-l1-1-0.dll
0x000001f358fa0000 - 0x000001f358fa3000 	C:\Program Files\JavaFX\javafx-sdk-17.0.15\bin\api-ms-win-core-synch-l1-2-0.dll
0x000001f358fb0000 - 0x000001f358fb3000 	C:\Program Files\JavaFX\javafx-sdk-17.0.15\bin\api-ms-win-core-sysinfo-l1-1-0.dll
0x000001f358fc0000 - 0x000001f358fc3000 	C:\Program Files\JavaFX\javafx-sdk-17.0.15\bin\api-ms-win-core-timezone-l1-1-0.dll
0x000001f358fd0000 - 0x000001f358fd3000 	C:\Program Files\JavaFX\javafx-sdk-17.0.15\bin\api-ms-win-core-util-l1-1-0.dll
0x000001f358ff0000 - 0x000001f358ff3000 	C:\Program Files\JavaFX\javafx-sdk-17.0.15\bin\api-ms-win-crt-conio-l1-1-0.dll
0x000001f39f7d0000 - 0x000001f39f7d4000 	C:\Program Files\JavaFX\javafx-sdk-17.0.15\bin\api-ms-win-crt-convert-l1-1-0.dll
0x000001f39f7e0000 - 0x000001f39f7e3000 	C:\Program Files\JavaFX\javafx-sdk-17.0.15\bin\api-ms-win-crt-environment-l1-1-0.dll
0x000001f39f7f0000 - 0x000001f39f7f3000 	C:\Program Files\JavaFX\javafx-sdk-17.0.15\bin\api-ms-win-crt-filesystem-l1-1-0.dll
0x000001f39f800000 - 0x000001f39f803000 	C:\Program Files\JavaFX\javafx-sdk-17.0.15\bin\api-ms-win-crt-heap-l1-1-0.dll
0x000001f39f810000 - 0x000001f39f813000 	C:\Program Files\JavaFX\javafx-sdk-17.0.15\bin\api-ms-win-crt-locale-l1-1-0.dll
0x000001f39f820000 - 0x000001f39f825000 	C:\Program Files\JavaFX\javafx-sdk-17.0.15\bin\api-ms-win-crt-math-l1-1-0.dll
0x000001f39f830000 - 0x000001f39f835000 	C:\Program Files\JavaFX\javafx-sdk-17.0.15\bin\api-ms-win-crt-multibyte-l1-1-0.dll
0x000001f39f840000 - 0x000001f39f850000 	C:\Program Files\JavaFX\javafx-sdk-17.0.15\bin\api-ms-win-crt-private-l1-1-0.dll
0x000001f39f850000 - 0x000001f39f853000 	C:\Program Files\JavaFX\javafx-sdk-17.0.15\bin\api-ms-win-crt-process-l1-1-0.dll
0x000001f39f860000 - 0x000001f39f864000 	C:\Program Files\JavaFX\javafx-sdk-17.0.15\bin\api-ms-win-crt-runtime-l1-1-0.dll
0x000001f39f870000 - 0x000001f39f874000 	C:\Program Files\JavaFX\javafx-sdk-17.0.15\bin\api-ms-win-crt-stdio-l1-1-0.dll
0x000001f39f880000 - 0x000001f39f884000 	C:\Program Files\JavaFX\javafx-sdk-17.0.15\bin\api-ms-win-crt-string-l1-1-0.dll
0x000001f39f890000 - 0x000001f39f893000 	C:\Program Files\JavaFX\javafx-sdk-17.0.15\bin\api-ms-win-crt-time-l1-1-0.dll
0x000001f39f8a0000 - 0x000001f39f8a3000 	C:\Program Files\JavaFX\javafx-sdk-17.0.15\bin\api-ms-win-crt-utility-l1-1-0.dll
0x00007ffd96080000 - 0x00007ffd9617c000 	C:\Program Files\JavaFX\javafx-sdk-17.0.15\bin\ucrtbase.dll
0x00007ffdb0030000 - 0x00007ffdb004b000 	C:\Program Files\JavaFX\javafx-sdk-17.0.15\bin\vcruntime140.dll
0x00007ffdc3390000 - 0x00007ffdc339c000 	C:\Program Files\JavaFX\javafx-sdk-17.0.15\bin\vcruntime140_1.dll
0x00007ffdaad80000 - 0x00007ffdaae0e000 	C:\Program Files\JavaFX\javafx-sdk-17.0.15\bin\msvcp140.dll
0x00007ffdc2e30000 - 0x00007ffdc2e39000 	C:\Program Files\JavaFX\javafx-sdk-17.0.15\bin\msvcp140_1.dll
0x00007ffda8c00000 - 0x00007ffda8c41000 	C:\Program Files\JavaFX\javafx-sdk-17.0.15\bin\msvcp140_2.dll
0x00007ffdab290000 - 0x00007ffdab2ba000 	C:\Program Files\JavaFX\javafx-sdk-17.0.15\bin\prism_d3d.dll
0x00007ffda1c70000 - 0x00007ffda1e27000 	C:\WINDOWS\system32\d3d9.dll
0x00007ffddca30000 - 0x00007ffddca66000 	C:\WINDOWS\SYSTEM32\dwmapi.dll
0x00007ffddc9c0000 - 0x00007ffddca0d000 	C:\WINDOWS\SYSTEM32\dxcore.dll
0x00007ffddc6e0000 - 0x00007ffddc78f000 	C:\WINDOWS\system32\uxtheme.dll
0x00007ffd61920000 - 0x00007ffd61b58000 	C:\WINDOWS\System32\DriverStore\FileRepository\iigd_dch.inf_amd64_0fdf6ce291234272\igdumdim64.dll
0x00007ffde2100000 - 0x00007ffde229e000 	C:\WINDOWS\System32\ole32.dll
0x00007ffd29b30000 - 0x00007ffd2aea0000 	C:\WINDOWS\System32\DriverStore\FileRepository\iigd_dch.inf_amd64_0fdf6ce291234272\igd9dxva64.dll
0x00007ffde22e0000 - 0x00007ffde2766000 	C:\WINDOWS\System32\SETUPAPI.dll
0x00007ffddf660000 - 0x00007ffddf6b7000 	C:\WINDOWS\SYSTEM32\cfgmgr32.dll
0x00007ffd838e0000 - 0x00007ffd85601000 	C:\WINDOWS\System32\DriverStore\FileRepository\iigd_dch.inf_amd64_0fdf6ce291234272\media_bin_64.dll
0x00007ffdd3bb0000 - 0x00007ffdd3fe8000 	C:\WINDOWS\System32\DriverStore\FileRepository\iigd_dch.inf_amd64_0fdf6ce291234272\igdgmm64.dll
0x00007ffddc810000 - 0x00007ffddc871000 	C:\WINDOWS\SYSTEM32\directxdatabasehelper.dll
0x00007ffda45b0000 - 0x00007ffda45f2000 	C:\Program Files\JavaFX\javafx-sdk-17.0.15\bin\glass.dll
0x00007ffde1710000 - 0x00007ffde1806000 	C:\WINDOWS\System32\COMDLG32.dll
0x00007ffde1e40000 - 0x00007ffde1fa0000 	C:\WINDOWS\System32\MSCTF.dll
0x00007ffd87fe0000 - 0x00007ffd88007000 	C:\WINDOWS\System32\DriverStore\FileRepository\iigd_dch.inf_amd64_0fdf6ce291234272\igdinfo64.dll
0x00007ffdcfd00000 - 0x00007ffdd3bad000 	C:\WINDOWS\System32\DriverStore\FileRepository\iigd_dch.inf_amd64_0fdf6ce291234272\igc64.dll
0x00007ffdaa470000 - 0x00007ffdaa49d000 	C:\Program Files\JavaFX\javafx-sdk-17.0.15\bin\javafx_iio.dll
0x00007ffdac070000 - 0x00007ffdac085000 	C:\Program Files\JavaFX\javafx-sdk-17.0.15\bin\javafx_font.dll
0x00007ffddaf50000 - 0x00007ffddb1bb000 	C:\WINDOWS\SYSTEM32\dwrite.dll
0x00007ffde1860000 - 0x00007ffde1908000 	C:\WINDOWS\System32\clbcatq.dll
0x00007ffddacd0000 - 0x00007ffddaf09000 	C:\WINDOWS\SYSTEM32\WindowsCodecs.dll
0x00007ffdaa4f0000 - 0x00007ffdaa54a000 	C:\WINDOWS\system32\dataexchange.dll
0x00007ffdcdbe0000 - 0x00007ffdcde1a000 	C:\WINDOWS\system32\twinapi.appcore.dll
0x00007ffd8f100000 - 0x00007ffd8f12c000 	C:\Program Files\Common Files\Microsoft Shared\Ink\rtscom.dll
0x00007ffdc75b0000 - 0x00007ffdc7700000 	C:\WINDOWS\SYSTEM32\textinputframework.dll
0x00007ffddc1f0000 - 0x00007ffddc315000 	C:\WINDOWS\SYSTEM32\CoreMessaging.dll
0x00007ffdd71b0000 - 0x00007ffdd7493000 	C:\WINDOWS\SYSTEM32\CoreUIComponents.dll
0x00007ffddf0f0000 - 0x00007ffddf0fc000 	C:\WINDOWS\SYSTEM32\CRYPTBASE.DLL
0x00007ffdde370000 - 0x00007ffdde497000 	C:\WINDOWS\SYSTEM32\DNSAPI.dll
0x00007ffdde2d0000 - 0x00007ffdde303000 	C:\WINDOWS\SYSTEM32\IPHLPAPI.DLL

dbghelp: loaded successfully - version: 4.0.5 - missing functions: none
symbol engine: initialized successfully - sym options: 0x614 - pdb path: .;C:\Users\jccas\.jdks\temurin-17.0.15\bin;C:\WINDOWS\SYSTEM32;C:\WINDOWS\WinSxS\amd64_microsoft.windows.common-controls_6595b64144ccf1df_6.0.26100.4202_none_3e0698d4e335f517;C:\Users\jccas\.jdks\temurin-17.0.15\bin\server;C:\Program Files\JetBrains\IntelliJ IDEA 2024.2.0.2\bin;C:\Program Files\JavaFX\javafx-sdk-17.0.15\bin;C:\WINDOWS\System32\DriverStore\FileRepository\iigd_dch.inf_amd64_0fdf6ce291234272;C:\Program Files\Common Files\Microsoft Shared\Ink

VM Arguments:
jvm_args: --module-path=C:\Program Files\JavaFX\javafx-sdk-17.0.15\lib --add-modules=javafx.controls,javafx.fxml,javafx.graphics,javafx.base -javaagent:C:\Program Files\JetBrains\IntelliJ IDEA 2024.2.0.2\lib\idea_rt.jar=54717:C:\Program Files\JetBrains\IntelliJ IDEA 2024.2.0.2\bin -Dfile.encoding=UTF-8 
java_command: professionalpractice.ProfessionalPractices
java_class_path (initial): C:\TrabajosProgramacion\PC\ProyectoModificado\Professional-Practices-software\out\production\Professional-Practices-software;C:\TrabajosProgramacion\PC\ProyectoModificado\Professional-Practices-software\dependencies\jbcrypt-0.4.jar;C:\TrabajosProgramacion\PC\ProyectoModificado\Professional-Practices-software\dependencies\mysql-connector-java-8.0.20.jar;C:\Program Files\JavaFX\javafx-sdk-17.0.15\lib\javafx-swt.jar;C:\Program Files\JavaFX\javafx-sdk-17.0.15\lib\javafx.web.jar;C:\Program Files\JavaFX\javafx-sdk-17.0.15\lib\javafx.base.jar;C:\Program Files\JavaFX\javafx-sdk-17.0.15\lib\javafx.fxml.jar;C:\Program Files\JavaFX\javafx-sdk-17.0.15\lib\javafx.media.jar;C:\Program Files\JavaFX\javafx-sdk-17.0.15\lib\javafx.swing.jar;C:\Program Files\JavaFX\javafx-sdk-17.0.15\lib\javafx.controls.jar;C:\Program Files\JavaFX\javafx-sdk-17.0.15\lib\javafx.graphics.jar
Launcher Type: SUN_STANDARD

[Global flags]
     intx CICompilerCount                          = 4                                         {product} {ergonomic}
     uint ConcGCThreads                            = 2                                         {product} {ergonomic}
     uint G1ConcRefinementThreads                  = 8                                         {product} {ergonomic}
   size_t G1HeapRegionSize                         = 1048576                                   {product} {ergonomic}
    uintx GCDrainStackTargetSize                   = 64                                        {product} {ergonomic}
   size_t InitialHeapSize                          = 132120576                                 {product} {ergonomic}
   size_t MarkStackSize                            = 4194304                                   {product} {ergonomic}
   size_t MaxHeapSize                              = 2086666240                                {product} {ergonomic}
   size_t MaxNewSize                               = 1251999744                                {product} {ergonomic}
   size_t MinHeapDeltaBytes                        = 1048576                                   {product} {ergonomic}
   size_t MinHeapSize                              = 8388608                                   {product} {ergonomic}
    uintx NonNMethodCodeHeapSize                   = 5839372                                {pd product} {ergonomic}
    uintx NonProfiledCodeHeapSize                  = 122909434                              {pd product} {ergonomic}
    uintx ProfiledCodeHeapSize                     = 122909434                              {pd product} {ergonomic}
    uintx ReservedCodeCacheSize                    = 251658240                              {pd product} {ergonomic}
     bool SegmentedCodeCache                       = true                                      {product} {ergonomic}
   size_t SoftMaxHeapSize                          = 2086666240                             {manageable} {ergonomic}
     bool UseCompressedClassPointers               = true                           {product lp64_product} {ergonomic}
     bool UseCompressedOops                        = true                           {product lp64_product} {ergonomic}
     bool UseG1GC                                  = true                                      {product} {ergonomic}
     bool UseLargePagesIndividualAllocation        = false                                  {pd product} {ergonomic}

Logging:
Log output configuration:
 #0: stdout all=off uptime,level,tags
 #1: stderr all=off uptime,level,tags

Environment Variables:
PATH=C:\Program Files\Eclipse Adoptium\jdk-21.0.7.6-hotspot\bin;C:\Program Files\MySQL\MySQL Server 8.0\bin;C:\Program Files (x86)\Common Files\Oracle\Java\java8path;C:\Program Files\Common Files\Oracle\Java\javapath;C:\Program Files (x86)\Common Files\Oracle\Java\javapath;C:\WINDOWS\system32;C:\WINDOWS;C:\WINDOWS\System32\Wbem;C:\WINDOWS\System32\WindowsPowerShell\v1.0\;C:\WINDOWS\System32\OpenSSH\;C:\Program Files (x86)\Common Files\i2 Shared\Geotrans\;C:\Program Files (x86)\Common Files\i2 Shared\i2 Online iLink 8\Components\;C:\Program Files\HP\HP One Agent;C:\Users\jccas\AppData\Local\Programs\Python\Python313;C:\WINDOWS\system32;C:\WINDOWS;C:\WINDOWS\System32\Wbem;C:\WINDOWS\System32\WindowsPowerShell\v1.0\;C:\WINDOWS\System32\OpenSSH\;C:\Program Files\dotnet\;C:\Program Files\Git\cmd;C:\Program Files\MySQL\MySQL Server 8.0\bin;C:\Users\jccas\AppData\Local\Programs\Python\Launcher\;C:\xampp\htdocs\UAI\vistas\index.ine_nacional.vista.php;C:\Users\jccas\AppData\Local\Microsoft\WindowsApps;C:\Users\jccas\AppData\Local\JetBrains\Toolbox\scripts;C:\Users\jccas\AppData\Local\Programs\Microsoft VS Code\bin;C:\Users\jccas\.dotnet\tools;
USERNAME=jccas
OS=Windows_NT
PROCESSOR_IDENTIFIER=Intel64 Family 6 Model 140 Stepping 1, GenuineIntel
TMP=C:\Users\jccas\AppData\Local\Temp
TEMP=C:\Users\jccas\AppData\Local\Temp



Periodic native trim disabled


---------------  S Y S T E M  ---------------

OS:
 Windows 11 , 64 bit Build 26100 (10.0.26100.4202)
OS uptime: 6 days 4:46 hours
Hyper-V role detected

CPU: total 8 (initial active 8) (4 cores per cpu, 2 threads per core) family 6 model 140 stepping 1 microcode 0x86, cx8, cmov, fxsr, ht, mmx, 3dnowpref, sse, sse2, sse3, ssse3, sse4.1, sse4.2, popcnt, lzcnt, tsc, tscinvbit, avx, avx2, aes, erms, clmul, bmi1, bmi2, adx, avx512f, avx512dq, avx512cd, avx512bw, avx512vl, sha, fma, vzeroupper, avx512_vpopcntdq, avx512_vpclmulqdq, avx512_vaes, avx512_vnni, clflush, clflushopt, clwb, avx512_vbmi2, avx512_vbmi, hv
Processor Information for all 8 processors :
  Max Mhz: 2419, Current Mhz: 2419, Mhz Limit: 2419

Memory: 4k page, system-wide physical 7957M (1075M free)
TotalPageFile size 17867M (AvailPageFile size 1536M)
current process WorkingSet (physical memory assigned to process): 154M, peak: 302M
current process commit charge ("private bytes"): 374M, peak: 397M

vm_info: OpenJDK 64-Bit Server VM (17.0.15+6) for windows-amd64 JRE (17.0.15+6), built on Apr 15 2025 21:25:47 by "admin" with MS VC++ 17.7 (VS2022)

END.
