#
# A fatal error has been detected by the Java Runtime Environment:
#
#  EXCEPTION_ACCESS_VIOLATION (0xc0000005) at pc=0x00007ffda45d78b0, pid=23640, tid=0x00000000000043c8
#
# JRE version: Java(TM) SE Runtime Environment (8.0_202-b08) (build 1.8.0_202-b08)
# Java VM: Java HotSpot(TM) 64-Bit Server VM (25.202-b08 mixed mode windows-amd64 compressed oops)
# Problematic frame:
# C  [glass.dll+0x278b0]
#
# Failed to write core dump. Minidumps are not enabled by default on client versions of Windows
#
# If you would like to submit a bug report, please visit:
#   http://bugreport.java.com/bugreport/crash.jsp
#

---------------  T H R E A D  ---------------

Current thread (0x0000000018309800):  VMThread [stack: 0x0000000019fd0000,0x000000001a0d0000] [id=17352]

siginfo: ExceptionCode=0xc0000005, reading address 0x0000000000000000

Registers:
RAX=0x0000000000000000, RBX=0x000000001b219378, RCX=0x0000000018309800, RDX=0x00000000691124e8
RSP=0x000000001a0cf3f0, RBP=0x00000e3dde64a519, RSI=0x000000001c1a22e8, RDI=0x000000001c1a22c0
R8 =0x0000000000010002, R9 =0x00000e3dde64a519, R10=0x00000000013a0000, R11=0x000000001c1ccb80
R12=0x00007ffda45b0000, R13=0x000000007ffe0385, R14=0x000000001a0cf508, R15=0x000000001c1a22c0
RIP=0x00007ffda45d78b0, EFLAGS=0x0000000000010206

Top of Stack: (sp=0x000000001a0cf3f0)
0x000000001a0cf3f0:   0000000000000000 00007ffde007e0fb
0x000000001a0cf400:   0000000001270000 0000000000000000
0x000000001a0cf410:   fffffffffffffffe 00007ffda45b0000
0x000000001a0cf420:   000000001c1a22c8 00007ffde00abc75
0x000000001a0cf430:   000000001c1a22e8 0000000000000000
0x000000001a0cf440:   000000001c1a22e0 00000e3dde64a519
0x000000001a0cf450:   fffffffffffffffe 000000001c1a31a0
0x000000001a0cf460:   0000000000000000 00007ffda45b0000
0x000000001a0cf470:   000000001a0cf4f8 00007ffde00ab897
0x000000001a0cf480:   000000001a0cf500 000000001a0cf508
0x000000001a0cf490:   0000000018195400 00007ffde01988c0
0x000000001a0cf4a0:   0000000000000000 00007ffde00ab84d
0x000000001a0cf4b0:   0000000000000000 0000000000000001
0x000000001a0cf4c0:   00007ffd00000001 000000001a0cf4f8
0x000000001a0cf4d0:   fffffffffffffffe 00007ffd87fe1e1b
0x000000001a0cf4e0:   0000000000000000 00007ffda45d4752 

Instructions: (pc=0x00007ffda45d78b0)
0x00007ffda45d7890:   40 53 48 83 ec 30 48 c7 44 24 20 fe ff ff ff 48
0x00007ffda45d78a0:   8b 1d 7a 72 01 00 48 85 db 74 16 e8 00 81 ff ff
0x00007ffda45d78b0:   4c 8b 00 48 8b d3 48 8b c8 41 ff 90 b0 00 00 00
0x00007ffda45d78c0:   90 48 83 c4 30 5b c3 cc cc cc cc cc cc cc cc cc 


Register to memory mapping:

RAX=0x0000000000000000 is an unknown value
RBX=0x000000001b219378 is a global jni handle
RCX=0x0000000018309800 is an unknown value
RDX=0x00000000691124e8 is an unknown value
RSP=0x000000001a0cf3f0 is an unknown value
RBP=0x00000e3dde64a519 is an unknown value
RSI=0x000000001c1a22e8 is an unknown value
RDI=0x000000001c1a22c0 is an unknown value
R8 =0x0000000000010002 is an unknown value
R9 =0x00000e3dde64a519 is an unknown value
R10=0x00000000013a0000 is an unknown value
R11=0x000000001c1ccb80 is an unknown value
R12=0x00007ffda45b0000 is an unknown value
R13=0x000000007ffe0385 is an unknown value
R14=0x000000001a0cf508 is an unknown value
R15=0x000000001c1a22c0 is an unknown value


Stack: [0x0000000019fd0000,0x000000001a0d0000],  sp=0x000000001a0cf3f0,  free space=1020k
Native frames: (J=compiled Java code, j=interpreted, Vv=VM code, C=native code)
C  [glass.dll+0x278b0]
C  [ucrtbase.dll+0x4bc75]
C  [ucrtbase.dll+0x4b897]
C  [ucrtbase.dll+0x4b84d]
C  [glass.dll+0x24752]
C  [glass.dll+0x24850]
C  [ntdll.dll+0x72983]
C  [ntdll.dll+0x3dc2f]
C  [ntdll.dll+0x3c504]
C  [KERNEL32.DLL+0x418ab]
C  [msvcr100.dll+0x20ccd]
V  [jvm.dll+0x214045]
V  [jvm.dll+0x24d5d7]
V  [jvm.dll+0x24c876]
V  [jvm.dll+0x24cd11]
V  [jvm.dll+0x24cf2e]
V  [jvm.dll+0x29fc6a]
C  [msvcr100.dll+0x21d9f]
C  [msvcr100.dll+0x21e3b]
C  [KERNEL32.DLL+0x2e8d7]
C  [ntdll.dll+0x3c34c]

VM_Operation (0x000000002246f120): Exit, mode: safepoint, requested by thread 0x0000000026d59000


---------------  P R O C E S S  ---------------

Java Threads: ( => current thread )
  0x0000000026d59000 JavaThread "SIGINT handler" daemon [_thread_blocked, id=620, stack(0x0000000022370000,0x0000000022470000)]
  0x000000001a1bb000 JavaThread "RMI TCP Connection(2)-192.168.5.185" daemon [_thread_blocked, id=21316, stack(0x0000000021320000,0x0000000021420000)]
  0x000000001a1b7800 JavaThread "mysql-cj-abandoned-connection-cleanup" daemon [_thread_blocked, id=6392, stack(0x00000000250b0000,0x00000000251b0000)]
  0x000000001a1b5000 JavaThread "JMX server connection timeout 23" daemon [_thread_blocked, id=11048, stack(0x0000000024db0000,0x0000000024eb0000)]
  0x000000001a1b6800 JavaThread "RMI Scheduler(0)" daemon [_thread_blocked, id=2540, stack(0x00000000244b0000,0x00000000245b0000)]
  0x000000001b650800 JavaThread "Prism Font Disposer" daemon [_thread_blocked, id=23276, stack(0x00000000242b0000,0x00000000243b0000)]
  0x000000001b3f8000 JavaThread "RMI TCP Accept-0" daemon [_thread_in_native, id=18144, stack(0x0000000021f20000,0x0000000022020000)]
  0x000000001b335000 JavaThread "Thread-4" daemon [_thread_in_native, id=19300, stack(0x0000000021920000,0x0000000021a20000)]
  0x000000001b2ce000 JavaThread "JavaFX-Launcher" [_thread_blocked, id=10032, stack(0x0000000021a20000,0x0000000021b20000)]
  0x000000001b2b2800 JavaThread "JavaFX Application Thread" [_thread_in_native, id=12240, stack(0x000000001c860000,0x000000001c960000)]
  0x000000001b2a2000 JavaThread "Thread-2" daemon [_thread_blocked, id=26420, stack(0x000000001c760000,0x000000001c860000)]
  0x000000001b253800 JavaThread "QuantumRenderer-0" daemon [_thread_blocked, id=424, stack(0x000000001bf60000,0x000000001c060000)]
  0x000000001a247000 JavaThread "Service Thread" daemon [_thread_blocked, id=25700, stack(0x000000001af00000,0x000000001b000000)]
  0x000000001a1b4800 JavaThread "C1 CompilerThread3" daemon [_thread_blocked, id=24896, stack(0x000000001ae00000,0x000000001af00000)]
  0x000000001a1b6000 JavaThread "C2 CompilerThread2" daemon [_thread_blocked, id=12528, stack(0x000000001ad00000,0x000000001ae00000)]
  0x000000001a1ae000 JavaThread "C2 CompilerThread1" daemon [_thread_blocked, id=9868, stack(0x000000001ac00000,0x000000001ad00000)]
  0x000000001a1ab800 JavaThread "C2 CompilerThread0" daemon [_thread_blocked, id=18084, stack(0x000000001ab00000,0x000000001ac00000)]
  0x000000001a1a8800 JavaThread "Monitor Ctrl-Break" daemon [_thread_in_native, id=11396, stack(0x000000001aa00000,0x000000001ab00000)]
  0x000000001a101800 JavaThread "Attach Listener" daemon [_thread_blocked, id=26224, stack(0x000000001a900000,0x000000001aa00000)]
  0x000000001a100800 JavaThread "Signal Dispatcher" daemon [_thread_blocked, id=18208, stack(0x000000001a800000,0x000000001a900000)]
  0x000000001830e000 JavaThread "Finalizer" daemon [_thread_blocked, id=9352, stack(0x000000001a5d0000,0x000000001a6d0000)]
  0x000000001a0f0800 JavaThread "Reference Handler" daemon [_thread_blocked, id=8456, stack(0x000000001a4d0000,0x000000001a5d0000)]
  0x00000000033b3800 JavaThread "main" [_thread_blocked, id=20860, stack(0x00000000031b0000,0x00000000032b0000)]

Other Threads:
=>0x0000000018309800 VMThread [stack: 0x0000000019fd0000,0x000000001a0d0000] [id=17352]

VM state:at safepoint (shutting down)

VM Mutex/Monitor currently owned by a thread:  ([mutex/lock_event])
[0x00000000033b01d0] Threads_lock - owner thread: 0x0000000018309800

heap address: 0x0000000083a00000, size: 1990 MB, Compressed Oops mode: 32-bit
Narrow klass base: 0x0000000000000000, Narrow klass shift: 3
Compressed class space size: 1073741824 Address: 0x0000000100000000

Heap:
 PSYoungGen      total 37888K, used 19047K [0x00000000d6900000, 0x00000000d9300000, 0x0000000100000000)
  eden space 32768K, 42% used [0x00000000d6900000,0x00000000d769cac8,0x00000000d8900000)
  from space 5120K, 99% used [0x00000000d8e00000,0x00000000d92fd480,0x00000000d9300000)
  to   space 5120K, 0% used [0x00000000d8900000,0x00000000d8900000,0x00000000d8e00000)
 ParOldGen       total 49152K, used 31644K [0x0000000083a00000, 0x0000000086a00000, 0x00000000d6900000)
  object space 49152K, 64% used [0x0000000083a00000,0x00000000858e7320,0x0000000086a00000)
 Metaspace       used 26619K, capacity 28002K, committed 28288K, reserved 1073152K
  class space    used 3582K, capacity 3858K, committed 3968K, reserved 1048576K

Card table byte_map: [0x0000000012870000,0x0000000012c60000] byte_map_base: 0x0000000012453000

Marking Bits: (ParMarkBitMap*) 0x0000000069305ce0
 Begin Bits: [0x0000000013700000, 0x0000000015618000)
 End Bits:   [0x0000000015618000, 0x0000000017530000)

Polling page: 0x00000000030c0000

CodeCache: size=245760Kb used=13173Kb max_used=13211Kb free=232586Kb
 bounds [0x00000000034b0000, 0x00000000041d0000, 0x00000000124b0000]
 total_blobs=4703 nmethods=3944 adapters=670
 compilation: enabled

Compilation events (10 events):
Event: 527.433 Thread 0x000000001a1b4800 4223       3       java.net.URLClassLoader::findResource (37 bytes)
Event: 527.434 Thread 0x000000001a1b4800 nmethod 4223 0x0000000003939950 code [0x0000000003939b00, 0x000000000393a018]
Event: 527.434 Thread 0x000000001a1b4800 4224       3       java.net.URLClassLoader$2::<init> (15 bytes)
Event: 527.435 Thread 0x000000001a1b4800 nmethod 4224 0x0000000003806d10 code [0x0000000003806e60, 0x0000000003807030]
Event: 528.291 Thread 0x000000001a1ab800 4225       4       java.io.ObjectOutputStream::isCustomSubclass (21 bytes)
Event: 528.292 Thread 0x000000001a1ab800 nmethod 4225 0x00000000039bd950 code [0x00000000039bdaa0, 0x00000000039bdb98]
Event: 562.091 Thread 0x000000001a1ab800 4226       4       java.io.ObjectOutputStream::writeClassDesc (60 bytes)
Event: 562.160 Thread 0x000000001a1ab800 nmethod 4226 0x00000000041c1250 code [0x00000000041c15a0, 0x00000000041c39d8]
Event: 570.680 Thread 0x000000001a1b4800 4227       3       java.util.logging.LogManager$LoggerContext::ensureDefaultLogger (70 bytes)
Event: 570.681 Thread 0x000000001a1b4800 nmethod 4227 0x00000000035c0e10 code [0x00000000035c0fc0, 0x00000000035c1848]

GC Heap History (10 events):
Event: 0.689 GC heap before
{Heap before GC invocations=1 (full 0):
 PSYoungGen      total 37888K, used 32768K [0x00000000d6900000, 0x00000000d9300000, 0x0000000100000000)
  eden space 32768K, 100% used [0x00000000d6900000,0x00000000d8900000,0x00000000d8900000)
  from space 5120K, 0% used [0x00000000d8e00000,0x00000000d8e00000,0x00000000d9300000)
  to   space 5120K, 0% used [0x00000000d8900000,0x00000000d8900000,0x00000000d8e00000)
 ParOldGen       total 86016K, used 0K [0x0000000083a00000, 0x0000000088e00000, 0x00000000d6900000)
  object space 86016K, 0% used [0x0000000083a00000,0x0000000083a00000,0x0000000088e00000)
 Metaspace       used 13407K, capacity 13848K, committed 14080K, reserved 1060864K
  class space    used 1685K, capacity 1792K, committed 1792K, reserved 1048576K
Event: 0.692 GC heap after
Heap after GC invocations=1 (full 0):
 PSYoungGen      total 37888K, used 3352K [0x00000000d6900000, 0x00000000d9300000, 0x0000000100000000)
  eden space 32768K, 0% used [0x00000000d6900000,0x00000000d6900000,0x00000000d8900000)
  from space 5120K, 65% used [0x00000000d8900000,0x00000000d8c46040,0x00000000d8e00000)
  to   space 5120K, 0% used [0x00000000d8e00000,0x00000000d8e00000,0x00000000d9300000)
 ParOldGen       total 86016K, used 4321K [0x0000000083a00000, 0x0000000088e00000, 0x00000000d6900000)
  object space 86016K, 5% used [0x0000000083a00000,0x0000000083e38720,0x0000000088e00000)
 Metaspace       used 13407K, capacity 13848K, committed 14080K, reserved 1060864K
  class space    used 1685K, capacity 1792K, committed 1792K, reserved 1048576K
}
Event: 15.156 GC heap before
{Heap before GC invocations=2 (full 0):
 PSYoungGen      total 37888K, used 31773K [0x00000000d6900000, 0x00000000d9300000, 0x0000000100000000)
  eden space 32768K, 86% used [0x00000000d6900000,0x00000000d84c15a0,0x00000000d8900000)
  from space 5120K, 65% used [0x00000000d8900000,0x00000000d8c46040,0x00000000d8e00000)
  to   space 5120K, 0% used [0x00000000d8e00000,0x00000000d8e00000,0x00000000d9300000)
 ParOldGen       total 86016K, used 4321K [0x0000000083a00000, 0x0000000088e00000, 0x00000000d6900000)
  object space 86016K, 5% used [0x0000000083a00000,0x0000000083e38720,0x0000000088e00000)
 Metaspace       used 20414K, capacity 21136K, committed 21248K, reserved 1067008K
  class space    used 2826K, capacity 3013K, committed 3072K, reserved 1048576K
Event: 15.161 GC heap after
Heap after GC invocations=2 (full 0):
 PSYoungGen      total 37888K, used 5088K [0x00000000d6900000, 0x00000000d9300000, 0x0000000100000000)
  eden space 32768K, 0% used [0x00000000d6900000,0x00000000d6900000,0x00000000d8900000)
  from space 5120K, 99% used [0x00000000d8e00000,0x00000000d92f8050,0x00000000d9300000)
  to   space 5120K, 0% used [0x00000000d8900000,0x00000000d8900000,0x00000000d8e00000)
 ParOldGen       total 86016K, used 6537K [0x0000000083a00000, 0x0000000088e00000, 0x00000000d6900000)
  object space 86016K, 7% used [0x0000000083a00000,0x0000000084062500,0x0000000088e00000)
 Metaspace       used 20414K, capacity 21136K, committed 21248K, reserved 1067008K
  class space    used 2826K, capacity 3013K, committed 3072K, reserved 1048576K
}
Event: 15.161 GC heap before
{Heap before GC invocations=3 (full 1):
 PSYoungGen      total 37888K, used 5088K [0x00000000d6900000, 0x00000000d9300000, 0x0000000100000000)
  eden space 32768K, 0% used [0x00000000d6900000,0x00000000d6900000,0x00000000d8900000)
  from space 5120K, 99% used [0x00000000d8e00000,0x00000000d92f8050,0x00000000d9300000)
  to   space 5120K, 0% used [0x00000000d8900000,0x00000000d8900000,0x00000000d8e00000)
 ParOldGen       total 86016K, used 6537K [0x0000000083a00000, 0x0000000088e00000, 0x00000000d6900000)
  object space 86016K, 7% used [0x0000000083a00000,0x0000000084062500,0x0000000088e00000)
 Metaspace       used 20414K, capacity 21136K, committed 21248K, reserved 1067008K
  class space    used 2826K, capacity 3013K, committed 3072K, reserved 1048576K
Event: 15.185 GC heap after
Heap after GC invocations=3 (full 1):
 PSYoungGen      total 37888K, used 0K [0x00000000d6900000, 0x00000000d9300000, 0x0000000100000000)
  eden space 32768K, 0% used [0x00000000d6900000,0x00000000d6900000,0x00000000d8900000)
  from space 5120K, 0% used [0x00000000d8e00000,0x00000000d8e00000,0x00000000d9300000)
  to   space 5120K, 0% used [0x00000000d8900000,0x00000000d8900000,0x00000000d8e00000)
 ParOldGen       total 49152K, used 11206K [0x0000000083a00000, 0x0000000086a00000, 0x00000000d6900000)
  object space 49152K, 22% used [0x0000000083a00000,0x00000000844f1b88,0x0000000086a00000)
 Metaspace       used 20414K, capacity 21136K, committed 21248K, reserved 1067008K
  class space    used 2826K, capacity 3013K, committed 3072K, reserved 1048576K
}
Event: 16.606 GC heap before
{Heap before GC invocations=4 (full 1):
 PSYoungGen      total 37888K, used 32768K [0x00000000d6900000, 0x00000000d9300000, 0x0000000100000000)
  eden space 32768K, 100% used [0x00000000d6900000,0x00000000d8900000,0x00000000d8900000)
  from space 5120K, 0% used [0x00000000d8e00000,0x00000000d8e00000,0x00000000d9300000)
  to   space 5120K, 0% used [0x00000000d8900000,0x00000000d8900000,0x00000000d8e00000)
 ParOldGen       total 49152K, used 11206K [0x0000000083a00000, 0x0000000086a00000, 0x00000000d6900000)
  object space 49152K, 22% used [0x0000000083a00000,0x00000000844f1b88,0x0000000086a00000)
 Metaspace       used 23624K, capacity 24412K, committed 24704K, reserved 1071104K
  class space    used 3175K, capacity 3393K, committed 3456K, reserved 1048576K
Event: 16.612 GC heap after
Heap after GC invocations=4 (full 1):
 PSYoungGen      total 37888K, used 3713K [0x00000000d6900000, 0x00000000d9300000, 0x0000000100000000)
  eden space 32768K, 0% used [0x00000000d6900000,0x00000000d6900000,0x00000000d8900000)
  from space 5120K, 72% used [0x00000000d8900000,0x00000000d8ca0568,0x00000000d8e00000)
  to   space 5120K, 0% used [0x00000000d8e00000,0x00000000d8e00000,0x00000000d9300000)
 ParOldGen       total 49152K, used 23902K [0x0000000083a00000, 0x0000000086a00000, 0x00000000d6900000)
  object space 49152K, 48% used [0x0000000083a00000,0x0000000085157b98,0x0000000086a00000)
 Metaspace       used 23624K, capacity 24412K, committed 24704K, reserved 1071104K
  class space    used 3175K, capacity 3393K, committed 3456K, reserved 1048576K
}
Event: 132.627 GC heap before
{Heap before GC invocations=5 (full 1):
 PSYoungGen      total 37888K, used 36481K [0x00000000d6900000, 0x00000000d9300000, 0x0000000100000000)
  eden space 32768K, 100% used [0x00000000d6900000,0x00000000d8900000,0x00000000d8900000)
  from space 5120K, 72% used [0x00000000d8900000,0x00000000d8ca0568,0x00000000d8e00000)
  to   space 5120K, 0% used [0x00000000d8e00000,0x00000000d8e00000,0x00000000d9300000)
 ParOldGen       total 49152K, used 23902K [0x0000000083a00000, 0x0000000086a00000, 0x00000000d6900000)
  object space 49152K, 48% used [0x0000000083a00000,0x0000000085157b98,0x0000000086a00000)
 Metaspace       used 26541K, capacity 27926K, committed 28288K, reserved 1073152K
  class space    used 3578K, capacity 3856K, committed 3968K, reserved 1048576K
Event: 132.634 GC heap after
Heap after GC invocations=5 (full 1):
 PSYoungGen      total 37888K, used 5109K [0x00000000d6900000, 0x00000000d9300000, 0x0000000100000000)
  eden space 32768K, 0% used [0x00000000d6900000,0x00000000d6900000,0x00000000d8900000)
  from space 5120K, 99% used [0x00000000d8e00000,0x00000000d92fd480,0x00000000d9300000)
  to   space 5120K, 0% used [0x00000000d8900000,0x00000000d8900000,0x00000000d8e00000)
 ParOldGen       total 49152K, used 31644K [0x0000000083a00000, 0x0000000086a00000, 0x00000000d6900000)
  object space 49152K, 64% used [0x0000000083a00000,0x00000000858e7320,0x0000000086a00000)
 Metaspace       used 26541K, capacity 27926K, committed 28288K, reserved 1073152K
  class space    used 3578K, capacity 3856K, committed 3968K, reserved 1048576K
}

Deoptimization events (10 events):
Event: 18.476 Thread 0x000000001b2b2800 Uncommon trap: reason=class_check action=maybe_recompile pc=0x0000000003d03014 method=javafx.scene.Node.updateLocalToParentTransform()V @ 11
Event: 18.476 Thread 0x000000001b2b2800 Uncommon trap: reason=class_check action=maybe_recompile pc=0x0000000003d03014 method=javafx.scene.Node.updateLocalToParentTransform()V @ 11
Event: 20.257 Thread 0x000000001b2b2800 Uncommon trap: reason=range_check action=make_not_entrant pc=0x0000000003c58ea0 method=sun.reflect.generics.parser.SignatureParser.current()C @ 34
Event: 20.281 Thread 0x000000001b2b2800 Uncommon trap: reason=unstable_if action=reinterpret pc=0x0000000003d65e50 method=com.sun.javafx.css.CompoundSelector.applies(Ljavafx/css/Styleable;I[Ljava/util/Set;I)Z @ 125
Event: 41.030 Thread 0x000000001b2b2800 Uncommon trap: reason=array_check action=maybe_recompile pc=0x0000000004054e88 method=com.sun.javafx.css.CompoundSelector.applies(Ljavafx/css/Styleable;[Ljava/util/Set;I)Z @ 128
Event: 41.030 Thread 0x000000001b2b2800 Uncommon trap: reason=array_check action=maybe_recompile pc=0x0000000004054e88 method=com.sun.javafx.css.CompoundSelector.applies(Ljavafx/css/Styleable;[Ljava/util/Set;I)Z @ 128
Event: 41.030 Thread 0x000000001b2b2800 Uncommon trap: reason=array_check action=maybe_recompile pc=0x0000000004054e88 method=com.sun.javafx.css.CompoundSelector.applies(Ljavafx/css/Styleable;[Ljava/util/Set;I)Z @ 128
Event: 41.030 Thread 0x000000001b2b2800 Uncommon trap: reason=array_check action=maybe_recompile pc=0x0000000004054e88 method=com.sun.javafx.css.CompoundSelector.applies(Ljavafx/css/Styleable;[Ljava/util/Set;I)Z @ 128
Event: 301.072 Thread 0x000000001a1bb000 Uncommon trap: reason=unstable_if action=reinterpret pc=0x00000000040d976c method=java.io.ObjectOutputStream.writeObject0(Ljava/lang/Object;Z)V @ 459
Event: 301.072 Thread 0x000000001a1bb000 Uncommon trap: reason=unstable_if action=reinterpret pc=0x000000000414d6b0 method=sun.rmi.server.LoaderHandler.getClassAnnotation(Ljava/lang/Class;)Ljava/lang/String; @ 21

Classes redefined (0 events):
No events

Internal exceptions (10 events):
Event: 0.680 Thread 0x000000001a101800 Exception <a 'java/lang/ClassNotFoundException': javax/management/remote/rmi/RMIJRMPServerImpl$ExportedWrapper_Stub> (0x00000000d875cc30) thrown at [C:\re\workspace\8-2-build-windows-amd64-cygwin\jdk8u202\12323\hotspot\src\share\vm\classfile\systemDiction
Event: 0.798 Thread 0x000000001b2b2800 Implicit null exception at 0x00000000037fcdb5 to 0x00000000037fcfc5
Event: 0.798 Thread 0x000000001b2b2800 Implicit null exception at 0x00000000037e17db to 0x00000000037e1e09
Event: 1.049 Thread 0x000000001b63b000 Exception <a 'java/lang/NoSuchMethodError': <clinit>> (0x00000000d7ac6328) thrown at [C:\re\workspace\8-2-build-windows-amd64-cygwin\jdk8u202\12323\hotspot\src\share\vm\prims\jni.cpp, line 1614]
Event: 1.065 Thread 0x000000001b63b000 Exception <a 'java/lang/ClassNotFoundException': javax/management/remote/rmi/RMIConnectionImpl_Skel> (0x00000000d7b549c8) thrown at [C:\re\workspace\8-2-build-windows-amd64-cygwin\jdk8u202\12323\hotspot\src\share\vm\classfile\systemDictionary.cpp, line 21
Event: 16.060 Thread 0x000000001b2b2800 Implicit null exception at 0x000000000370f716 to 0x000000000370fab1
Event: 20.257 Thread 0x000000001b2b2800 Exception <a 'java/lang/ArrayIndexOutOfBoundsException': 79> (0x00000000d7cacb88) thrown at [C:\re\workspace\8-2-build-windows-amd64-cygwin\jdk8u202\12323\hotspot\src\share\vm\interpreter\interpreterRuntime.cpp, line 368]
Event: 20.257 Thread 0x000000001b2b2800 Exception <a 'java/lang/ArrayIndexOutOfBoundsException': 52> (0x00000000d7cae140) thrown at [C:\re\workspace\8-2-build-windows-amd64-cygwin\jdk8u202\12323\hotspot\src\share\vm\interpreter\interpreterRuntime.cpp, line 368]
Event: 20.257 Thread 0x000000001b2b2800 Exception <a 'java/lang/ArrayIndexOutOfBoundsException': 114> (0x00000000d7cb0e60) thrown at [C:\re\workspace\8-2-build-windows-amd64-cygwin\jdk8u202\12323\hotspot\src\share\vm\interpreter\interpreterRuntime.cpp, line 368]
Event: 570.683 Thread 0x0000000026d56000 Exception <a 'java/lang/IllegalStateException'> (0x00000000d765b538) thrown at [C:\re\workspace\8-2-build-windows-amd64-cygwin\jdk8u202\12323\hotspot\src\share\vm\prims\jvm.cpp, line 1506]

Events (10 events):
Event: 570.682 Thread 0x000000001a1b4800 flushing nmethod 0x00000000035ef1d0
Event: 570.682 Thread 0x000000001a1b4800 flushing nmethod 0x00000000035efa50
Event: 570.682 Thread 0x000000001a1b4800 flushing nmethod 0x00000000035ff390
Event: 570.682 loading class com/sun/javafx/tk/quantum/QuantumRenderer
Event: 570.682 loading class com/sun/javafx/tk/quantum/QuantumRenderer done
Event: 570.682 Thread 0x000000001a1b4800 flushing nmethod 0x0000000003624e50
Event: 570.683 loading class com/sun/javafx/tk/quantum/QuantumToolkit
Event: 570.683 loading class com/sun/javafx/tk/quantum/QuantumToolkit done
Event: 570.683 Thread 0x0000000026d56000 Thread exited: 0x0000000026d56000
Event: 570.683 Executing VM operation: Exit


Dynamic libraries:
0x00007ff778af0000 - 0x00007ff778b27000 	C:\Program Files\Java\jdk1.8.0_202\bin\java.exe
0x00007ffde29a0000 - 0x00007ffde2c05000 	C:\WINDOWS\SYSTEM32\ntdll.dll
0x00007ffde1640000 - 0x00007ffde1709000 	C:\WINDOWS\System32\KERNEL32.DLL
0x00007ffddfbc0000 - 0x00007ffddffa8000 	C:\WINDOWS\System32\KERNELBASE.dll
0x00007ffde14d0000 - 0x00007ffde1583000 	C:\WINDOWS\System32\ADVAPI32.dll
0x00007ffde1d00000 - 0x00007ffde1da9000 	C:\WINDOWS\System32\msvcrt.dll
0x00007ffde1590000 - 0x00007ffde1636000 	C:\WINDOWS\System32\sechost.dll
0x00007ffde1fe0000 - 0x00007ffde20f5000 	C:\WINDOWS\System32\RPCRT4.dll
0x00007ffde1300000 - 0x00007ffde14ca000 	C:\WINDOWS\System32\USER32.dll
0x00007ffddfb90000 - 0x00007ffddfbb7000 	C:\WINDOWS\System32\win32u.dll
0x00007ffde1fb0000 - 0x00007ffde1fdb000 	C:\WINDOWS\System32\GDI32.dll
0x00007ffde0600000 - 0x00007ffde0737000 	C:\WINDOWS\System32\gdi32full.dll
0x00007ffddffb0000 - 0x00007ffde0053000 	C:\WINDOWS\System32\msvcp_win.dll
0x00007ffde0060000 - 0x00007ffde01ab000 	C:\WINDOWS\System32\ucrtbase.dll
0x00007ffdb95f0000 - 0x00007ffdb988a000 	C:\WINDOWS\WinSxS\amd64_microsoft.windows.common-controls_6595b64144ccf1df_6.0.26100.4202_none_3e0698d4e335f517\COMCTL32.dll
0x00007ffde0ae0000 - 0x00007ffde0b10000 	C:\WINDOWS\System32\IMM32.DLL
0x0000000069390000 - 0x0000000069462000 	C:\Program Files\Java\jdk1.8.0_202\jre\bin\msvcr100.dll
0x0000000068ae0000 - 0x0000000069385000 	C:\Program Files\Java\jdk1.8.0_202\jre\bin\server\jvm.dll
0x00007ffde0b20000 - 0x00007ffde0b28000 	C:\WINDOWS\System32\PSAPI.DLL
0x00007ffdbd900000 - 0x00007ffdbd90a000 	C:\WINDOWS\SYSTEM32\WSOCK32.dll
0x00007ffdd4980000 - 0x00007ffdd49b5000 	C:\WINDOWS\SYSTEM32\WINMM.dll
0x00007ffdcf770000 - 0x00007ffdcf77b000 	C:\WINDOWS\SYSTEM32\VERSION.dll
0x00007ffde27f0000 - 0x00007ffde2864000 	C:\WINDOWS\System32\WS2_32.dll
0x00007ffdc33f0000 - 0x00007ffdc33ff000 	C:\Program Files\Java\jdk1.8.0_202\jre\bin\verify.dll
0x00007ffdab290000 - 0x00007ffdab2b9000 	C:\Program Files\Java\jdk1.8.0_202\jre\bin\java.dll
0x00007ffdaad90000 - 0x00007ffdaadb3000 	C:\Program Files\Java\jdk1.8.0_202\jre\bin\instrument.dll
0x00007ffdb8cb0000 - 0x00007ffdb8cc6000 	C:\Program Files\Java\jdk1.8.0_202\jre\bin\zip.dll
0x00007ffde0b40000 - 0x00007ffde1282000 	C:\WINDOWS\System32\SHELL32.dll
0x00007ffde0240000 - 0x00007ffde03b4000 	C:\WINDOWS\System32\wintypes.dll
0x00007ffde0740000 - 0x00007ffde0ac5000 	C:\WINDOWS\System32\combase.dll
0x00007ffddd720000 - 0x00007ffdddf78000 	C:\WINDOWS\SYSTEM32\windows.storage.dll
0x00007ffde1c00000 - 0x00007ffde1cf1000 	C:\WINDOWS\System32\SHCORE.dll
0x00007ffde1290000 - 0x00007ffde12fa000 	C:\WINDOWS\System32\shlwapi.dll
0x00007ffddfa00000 - 0x00007ffddfa2f000 	C:\WINDOWS\SYSTEM32\profapi.dll
0x00007ffdaaaf0000 - 0x00007ffdaab0a000 	C:\Program Files\JetBrains\IntelliJ IDEA 2024.2.0.2\bin\breakgen64.dll
0x00007ffdaaad0000 - 0x00007ffdaaaea000 	C:\Program Files\Java\jdk1.8.0_202\jre\bin\net.dll
0x00007ffdbbe00000 - 0x00007ffdbbfe4000 	C:\WINDOWS\SYSTEM32\urlmon.dll
0x00007ffdbb310000 - 0x00007ffdbb5db000 	C:\WINDOWS\SYSTEM32\iertutil.dll
0x00007ffdde5a0000 - 0x00007ffdde5ad000 	C:\WINDOWS\SYSTEM32\netutils.dll
0x00007ffdbf8f0000 - 0x00007ffdbf919000 	C:\WINDOWS\SYSTEM32\srvcli.dll
0x00007ffddee20000 - 0x00007ffddee8a000 	C:\WINDOWS\system32\mswsock.dll
0x000000001b900000 - 0x000000001b903000 	C:\Program Files\Java\jdk1.8.0_202\jre\bin\api-ms-win-core-console-l1-1-0.dll
0x000000001b910000 - 0x000000001b913000 	C:\Program Files\Java\jdk1.8.0_202\jre\bin\api-ms-win-core-datetime-l1-1-0.dll
0x000000001b920000 - 0x000000001b923000 	C:\Program Files\Java\jdk1.8.0_202\jre\bin\api-ms-win-core-debug-l1-1-0.dll
0x000000001b930000 - 0x000000001b933000 	C:\Program Files\Java\jdk1.8.0_202\jre\bin\api-ms-win-core-errorhandling-l1-1-0.dll
0x000000001b940000 - 0x000000001b944000 	C:\Program Files\Java\jdk1.8.0_202\jre\bin\api-ms-win-core-file-l1-1-0.dll
0x000000001b950000 - 0x000000001b953000 	C:\Program Files\Java\jdk1.8.0_202\jre\bin\api-ms-win-core-file-l1-2-0.dll
0x000000001b960000 - 0x000000001b963000 	C:\Program Files\Java\jdk1.8.0_202\jre\bin\api-ms-win-core-file-l2-1-0.dll
0x000000001b970000 - 0x000000001b973000 	C:\Program Files\Java\jdk1.8.0_202\jre\bin\api-ms-win-core-handle-l1-1-0.dll
0x000000001b980000 - 0x000000001b983000 	C:\Program Files\Java\jdk1.8.0_202\jre\bin\api-ms-win-core-heap-l1-1-0.dll
0x000000001b990000 - 0x000000001b993000 	C:\Program Files\Java\jdk1.8.0_202\jre\bin\api-ms-win-core-interlocked-l1-1-0.dll
0x000000001b9a0000 - 0x000000001b9a3000 	C:\Program Files\Java\jdk1.8.0_202\jre\bin\api-ms-win-core-libraryloader-l1-1-0.dll
0x000000001b9b0000 - 0x000000001b9b3000 	C:\Program Files\Java\jdk1.8.0_202\jre\bin\api-ms-win-core-localization-l1-2-0.dll
0x000000001b9c0000 - 0x000000001b9c3000 	C:\Program Files\Java\jdk1.8.0_202\jre\bin\api-ms-win-core-memory-l1-1-0.dll
0x000000001b9d0000 - 0x000000001b9d3000 	C:\Program Files\Java\jdk1.8.0_202\jre\bin\api-ms-win-core-namedpipe-l1-1-0.dll
0x000000001b9e0000 - 0x000000001b9e3000 	C:\Program Files\Java\jdk1.8.0_202\jre\bin\api-ms-win-core-processenvironment-l1-1-0.dll
0x000000001b9f0000 - 0x000000001b9f3000 	C:\Program Files\Java\jdk1.8.0_202\jre\bin\api-ms-win-core-processthreads-l1-1-0.dll
0x000000001ba00000 - 0x000000001ba03000 	C:\Program Files\Java\jdk1.8.0_202\jre\bin\api-ms-win-core-processthreads-l1-1-1.dll
0x000000001ba10000 - 0x000000001ba13000 	C:\Program Files\Java\jdk1.8.0_202\jre\bin\api-ms-win-core-profile-l1-1-0.dll
0x000000001ba20000 - 0x000000001ba23000 	C:\Program Files\Java\jdk1.8.0_202\jre\bin\api-ms-win-core-rtlsupport-l1-1-0.dll
0x000000001ba30000 - 0x000000001ba33000 	C:\Program Files\Java\jdk1.8.0_202\jre\bin\api-ms-win-core-string-l1-1-0.dll
0x000000001ba40000 - 0x000000001ba43000 	C:\Program Files\Java\jdk1.8.0_202\jre\bin\api-ms-win-core-synch-l1-1-0.dll
0x000000001ba50000 - 0x000000001ba53000 	C:\Program Files\Java\jdk1.8.0_202\jre\bin\api-ms-win-core-synch-l1-2-0.dll
0x000000001ba60000 - 0x000000001ba63000 	C:\Program Files\Java\jdk1.8.0_202\jre\bin\api-ms-win-core-sysinfo-l1-1-0.dll
0x000000001ba70000 - 0x000000001ba73000 	C:\Program Files\Java\jdk1.8.0_202\jre\bin\api-ms-win-core-timezone-l1-1-0.dll
0x000000001ba80000 - 0x000000001ba83000 	C:\Program Files\Java\jdk1.8.0_202\jre\bin\api-ms-win-core-util-l1-1-0.dll
0x000000001ba90000 - 0x000000001ba93000 	C:\Program Files\Java\jdk1.8.0_202\jre\bin\api-ms-win-crt-conio-l1-1-0.dll
0x000000001baa0000 - 0x000000001baa4000 	C:\Program Files\Java\jdk1.8.0_202\jre\bin\api-ms-win-crt-convert-l1-1-0.dll
0x000000001bab0000 - 0x000000001bab3000 	C:\Program Files\Java\jdk1.8.0_202\jre\bin\api-ms-win-crt-environment-l1-1-0.dll
0x000000001bac0000 - 0x000000001bac3000 	C:\Program Files\Java\jdk1.8.0_202\jre\bin\api-ms-win-crt-filesystem-l1-1-0.dll
0x000000001bad0000 - 0x000000001bad3000 	C:\Program Files\Java\jdk1.8.0_202\jre\bin\api-ms-win-crt-heap-l1-1-0.dll
0x000000001bae0000 - 0x000000001bae3000 	C:\Program Files\Java\jdk1.8.0_202\jre\bin\api-ms-win-crt-locale-l1-1-0.dll
0x000000001bc10000 - 0x000000001bc15000 	C:\Program Files\Java\jdk1.8.0_202\jre\bin\api-ms-win-crt-math-l1-1-0.dll
0x000000001baf0000 - 0x000000001baf5000 	C:\Program Files\Java\jdk1.8.0_202\jre\bin\api-ms-win-crt-multibyte-l1-1-0.dll
0x000000001bb00000 - 0x000000001bb10000 	C:\Program Files\Java\jdk1.8.0_202\jre\bin\api-ms-win-crt-private-l1-1-0.dll
0x000000001bb10000 - 0x000000001bb13000 	C:\Program Files\Java\jdk1.8.0_202\jre\bin\api-ms-win-crt-process-l1-1-0.dll
0x000000001bb20000 - 0x000000001bb24000 	C:\Program Files\Java\jdk1.8.0_202\jre\bin\api-ms-win-crt-runtime-l1-1-0.dll
0x000000001bb30000 - 0x000000001bb34000 	C:\Program Files\Java\jdk1.8.0_202\jre\bin\api-ms-win-crt-stdio-l1-1-0.dll
0x000000001bb40000 - 0x000000001bb44000 	C:\Program Files\Java\jdk1.8.0_202\jre\bin\api-ms-win-crt-string-l1-1-0.dll
0x000000001bb50000 - 0x000000001bb53000 	C:\Program Files\Java\jdk1.8.0_202\jre\bin\api-ms-win-crt-time-l1-1-0.dll
0x000000001bb60000 - 0x000000001bb63000 	C:\Program Files\Java\jdk1.8.0_202\jre\bin\api-ms-win-crt-utility-l1-1-0.dll
0x00007ffd941f0000 - 0x00007ffd942e6000 	C:\Program Files\Java\jdk1.8.0_202\jre\bin\ucrtbase.dll
0x00007ffdde370000 - 0x00007ffdde497000 	C:\WINDOWS\SYSTEM32\DNSAPI.dll
0x00007ffdde2d0000 - 0x00007ffdde303000 	C:\WINDOWS\SYSTEM32\IPHLPAPI.DLL
0x00007ffde0ad0000 - 0x00007ffde0ada000 	C:\WINDOWS\System32\NSI.dll
0x00007ffdaa480000 - 0x00007ffdaa496000 	C:\Program Files\Java\jdk1.8.0_202\jre\bin\vcruntime140.dll
0x00007ffdd44d0000 - 0x00007ffdd44db000 	C:\Windows\System32\rasadhlp.dll
0x00007ffd94010000 - 0x00007ffd940ac000 	C:\Program Files\Java\jdk1.8.0_202\jre\bin\msvcp140.dll
0x00007ffdd69f0000 - 0x00007ffdd6a76000 	C:\WINDOWS\System32\fwpuclnt.dll
0x00007ffd95830000 - 0x00007ffd95881000 	C:\Program Files\Java\jdk1.8.0_202\jre\bin\concrt140.dll
0x00007ffdc2e30000 - 0x00007ffdc2e3d000 	C:\Program Files\Java\jdk1.8.0_202\jre\bin\management.dll
0x00007ffda8bf0000 - 0x00007ffda8c13000 	C:\Program Files\Java\jdk1.8.0_202\jre\bin\prism_d3d.dll
0x00007ffda1c70000 - 0x00007ffda1e27000 	C:\WINDOWS\system32\d3d9.dll
0x00007ffddca30000 - 0x00007ffddca66000 	C:\WINDOWS\SYSTEM32\dwmapi.dll
0x00007ffddc9c0000 - 0x00007ffddca0d000 	C:\WINDOWS\SYSTEM32\dxcore.dll
0x00007ffddc6e0000 - 0x00007ffddc78f000 	C:\WINDOWS\system32\uxtheme.dll
0x00007ffda8d90000 - 0x00007ffda8da2000 	C:\Program Files\Java\jdk1.8.0_202\jre\bin\nio.dll
0x00007ffd61920000 - 0x00007ffd61b58000 	C:\WINDOWS\System32\DriverStore\FileRepository\iigd_dch.inf_amd64_0fdf6ce291234272\igdumdim64.dll
0x00007ffde2100000 - 0x00007ffde229e000 	C:\WINDOWS\System32\ole32.dll
0x00007ffddf0d0000 - 0x00007ffddf0eb000 	C:\WINDOWS\SYSTEM32\CRYPTSP.dll
0x00007ffdde7f0000 - 0x00007ffdde82a000 	C:\WINDOWS\system32\rsaenh.dll
0x00007ffddeec0000 - 0x00007ffddeeeb000 	C:\WINDOWS\SYSTEM32\USERENV.dll
0x00007ffddf9d0000 - 0x00007ffddf9f6000 	C:\WINDOWS\SYSTEM32\bcrypt.dll
0x00007ffd29b30000 - 0x00007ffd2aea0000 	C:\WINDOWS\System32\DriverStore\FileRepository\iigd_dch.inf_amd64_0fdf6ce291234272\igd9dxva64.dll
0x00007ffde2870000 - 0x00007ffde2951000 	C:\WINDOWS\System32\OLEAUT32.dll
0x00007ffde22e0000 - 0x00007ffde2766000 	C:\WINDOWS\System32\SETUPAPI.dll
0x00007ffddf660000 - 0x00007ffddf6b7000 	C:\WINDOWS\SYSTEM32\cfgmgr32.dll
0x00007ffddfaf0000 - 0x00007ffddfb89000 	C:\WINDOWS\System32\bcryptprimitives.dll
0x00007ffd838e0000 - 0x00007ffd85601000 	C:\WINDOWS\System32\DriverStore\FileRepository\iigd_dch.inf_amd64_0fdf6ce291234272\media_bin_64.dll
0x00007ffddf0f0000 - 0x00007ffddf0fc000 	C:\WINDOWS\SYSTEM32\CRYPTBASE.dll
0x00007ffdd3bb0000 - 0x00007ffdd3fe8000 	C:\WINDOWS\System32\DriverStore\FileRepository\iigd_dch.inf_amd64_0fdf6ce291234272\igdgmm64.dll
0x00007ffddc810000 - 0x00007ffddc871000 	C:\WINDOWS\SYSTEM32\directxdatabasehelper.dll
0x00007ffdde890000 - 0x00007ffdde8ab000 	C:\WINDOWS\SYSTEM32\kernel.appcore.dll
0x00007ffdd49f0000 - 0x00007ffdd4a0f000 	C:\WINDOWS\SYSTEM32\dhcpcsvc6.DLL
0x00007ffdd49c0000 - 0x00007ffdd49e5000 	C:\WINDOWS\SYSTEM32\dhcpcsvc.DLL
0x00007ffda45b0000 - 0x00007ffda45f9000 	C:\Program Files\Java\jdk1.8.0_202\jre\bin\glass.dll
0x00007ffde1710000 - 0x00007ffde1806000 	C:\WINDOWS\System32\COMDLG32.dll
0x00007ffde1e40000 - 0x00007ffde1fa0000 	C:\WINDOWS\System32\MSCTF.dll
0x00007ffd87fe0000 - 0x00007ffd88007000 	C:\WINDOWS\System32\DriverStore\FileRepository\iigd_dch.inf_amd64_0fdf6ce291234272\igdinfo64.dll
0x00007ffdcfd00000 - 0x00007ffdd3bad000 	C:\WINDOWS\System32\DriverStore\FileRepository\iigd_dch.inf_amd64_0fdf6ce291234272\igc64.dll
0x00007ffda4770000 - 0x00007ffda4796000 	C:\Program Files\Java\jdk1.8.0_202\jre\bin\javafx_iio.dll
0x00007ffdb5b50000 - 0x00007ffdb5b68000 	C:\WINDOWS\system32\napinsp.dll
0x00007ffdb5b30000 - 0x00007ffdb5b42000 	C:\WINDOWS\System32\winrnr.dll
0x00007ffdb0cb0000 - 0x00007ffdb0ce0000 	C:\WINDOWS\system32\nlansp_c.dll
0x00007ffdcd500000 - 0x00007ffdcd520000 	C:\WINDOWS\system32\wshbth.dll
0x00007ffda8d00000 - 0x00007ffda8d14000 	C:\Program Files\Java\jdk1.8.0_202\jre\bin\javafx_font.dll
0x00007ffddaf50000 - 0x00007ffddb1bb000 	C:\WINDOWS\SYSTEM32\dwrite.dll
0x00007ffde1860000 - 0x00007ffde1908000 	C:\WINDOWS\System32\clbcatq.dll

VM Arguments:
jvm_args: -javaagent:C:\Program Files\JetBrains\IntelliJ IDEA 2024.2.0.2\lib\idea_rt.jar=61552:C:\Program Files\JetBrains\IntelliJ IDEA 2024.2.0.2\bin -Dfile.encoding=UTF-8 
java_command: professionalpractice.ProfessionalPractices
java_class_path (initial): C:\Program Files\Java\jdk1.8.0_202\jre\lib\charsets.jar;C:\Program Files\Java\jdk1.8.0_202\jre\lib\deploy.jar;C:\Program Files\Java\jdk1.8.0_202\jre\lib\ext\access-bridge-64.jar;C:\Program Files\Java\jdk1.8.0_202\jre\lib\ext\cldrdata.jar;C:\Program Files\Java\jdk1.8.0_202\jre\lib\ext\dnsns.jar;C:\Program Files\Java\jdk1.8.0_202\jre\lib\ext\jaccess.jar;C:\Program Files\Java\jdk1.8.0_202\jre\lib\ext\jfxrt.jar;C:\Program Files\Java\jdk1.8.0_202\jre\lib\ext\localedata.jar;C:\Program Files\Java\jdk1.8.0_202\jre\lib\ext\nashorn.jar;C:\Program Files\Java\jdk1.8.0_202\jre\lib\ext\sunec.jar;C:\Program Files\Java\jdk1.8.0_202\jre\lib\ext\sunjce_provider.jar;C:\Program Files\Java\jdk1.8.0_202\jre\lib\ext\sunmscapi.jar;C:\Program Files\Java\jdk1.8.0_202\jre\lib\ext\sunpkcs11.jar;C:\Program Files\Java\jdk1.8.0_202\jre\lib\ext\zipfs.jar;C:\Program Files\Java\jdk1.8.0_202\jre\lib\javaws.jar;C:\Program Files\Java\jdk1.8.0_202\jre\lib\jce.jar;C:\Program Files\Java\jdk1.8.0_202\jre\lib\jfr.jar;C:\Program Files\Java\jdk1.8.0_202\jre\lib\jfxswt.jar;C:\Program Files\Java\jdk1.8.0_202\jre\lib\jsse.jar;C:\Program Files\Java\jdk1.8.0_202\jre\lib\management-agent.jar;C:\Program Files\Java\jdk1.8.0_202\jre\lib\plugin.jar;C:\Program Files\Java\jdk1.8.0_202\jre\lib\resources.jar;C:\Program Files\Java\jdk1.8.0_202\jre\lib\rt.jar;C:\TrabajosProgramacion\PC\ProyectoModificado\Professional-Practices-software\out\production\Professional-Practices-software;C:\TrabajosProgramacion\PC\ProyectoModificado\Professional-Practices-software\dependencies\jbcrypt-0.4.jar;C:\TrabajosProgramacion\PC\ProyectoModificado\Professional-Practices-software\dependencies\mysql-connector-java-8.0.20.jar;C:\Program Files\JetBrains\IntelliJ IDEA 2024.2.0.2\lib\idea_rt.jar
Launcher Type: SUN_STANDARD

Environment Variables:
PATH=C:\Program Files\Eclipse Adoptium\jdk-21.0.7.6-hotspot\bin;C:\Program Files\MySQL\MySQL Server 8.0\bin;C:\Program Files (x86)\Common Files\Oracle\Java\java8path;C:\Program Files\Common Files\Oracle\Java\javapath;C:\Program Files (x86)\Common Files\Oracle\Java\javapath;C:\WINDOWS\system32;C:\WINDOWS;C:\WINDOWS\System32\Wbem;C:\WINDOWS\System32\WindowsPowerShell\v1.0\;C:\WINDOWS\System32\OpenSSH\;C:\Program Files (x86)\Common Files\i2 Shared\Geotrans\;C:\Program Files (x86)\Common Files\i2 Shared\i2 Online iLink 8\Components\;C:\Program Files\HP\HP One Agent;C:\Users\jccas\AppData\Local\Programs\Python\Python313;C:\WINDOWS\system32;C:\WINDOWS;C:\WINDOWS\System32\Wbem;C:\WINDOWS\System32\WindowsPowerShell\v1.0\;C:\WINDOWS\System32\OpenSSH\;C:\Program Files\dotnet\;C:\Program Files\Git\cmd;C:\Program Files\MySQL\MySQL Server 8.0\bin;C:\Users\jccas\AppData\Local\Programs\Python\Launcher\;C:\xampp\htdocs\UAI\vistas\index.ine_nacional.vista.php;C:\Users\jccas\AppData\Local\Microsoft\WindowsApps;C:\Users\jccas\AppData\Local\JetBrains\Toolbox\scripts;C:\Users\jccas\AppData\Local\Programs\Microsoft VS Code\bin;C:\Users\jccas\.dotnet\tools;
USERNAME=jccas
OS=Windows_NT
PROCESSOR_IDENTIFIER=Intel64 Family 6 Model 140 Stepping 1, GenuineIntel



---------------  S Y S T E M  ---------------

OS: Windows 10.0 , 64 bit Build 26100 (10.0.26100.4202)

CPU:total 8 (initial active 8) (4 cores per cpu, 2 threads per core) family 6 model 140 stepping 1, cmov, cx8, fxsr, mmx, sse, sse2, sse3, ssse3, sse4.1, sse4.2, popcnt, avx, avx2, aes, clmul, erms, 3dnowpref, lzcnt, ht, tsc, tscinvbit, bmi1, bmi2, adx

Memory: 4k page, physical 8148984k(954300k free), swap 17242192k(2970208k free)

vm_info: Java HotSpot(TM) 64-Bit Server VM (25.202-b08) for windows-amd64 JRE (1.8.0_202-b08), built on Dec 15 2018 19:54:30 by "java_re" with MS VC++ 10.0 (VS2010)

time: Thu Jun 19 13:21:56 2025
timezone: Hora estándar central (México)
elapsed time: 571 seconds (0d 0h 9m 31s)

