#
# A fatal error has been detected by the Java Runtime Environment:
#
#  EXCEPTION_ACCESS_VIOLATION (0xc0000005) at pc=0x00007ffda48478b0, pid=2164, tid=0x000000000000559c
#
# JRE version: Java(TM) SE Runtime Environment (8.0_202-b08) (build 1.8.0_202-b08)
# Java VM: Java HotSpot(TM) 64-Bit Server VM (25.202-b08 mixed mode windows-amd64 compressed oops)
# Problematic frame:
# C  [glass.dll+0x278b0]
#
# Failed to write core dump. Minidumps are not enabled by default on client versions of Windows
#
# If you would like to submit a bug report, please visit:
#   http://bugreport.java.com/bugreport/crash.jsp
#

---------------  T H R E A D  ---------------

Current thread (0x00000000183b9000):  VMThread [stack: 0x000000001a0a0000,0x000000001a1a0000] [id=21916]

siginfo: ExceptionCode=0xc0000005, reading address 0x0000000000000000

Registers:
RAX=0x0000000000000000, RBX=0x000000001b6418f8, RCX=0x00000000183b9000, RDX=0x00000000691124e8
RSP=0x000000001a19ef60, RBP=0x000089c74640fd97, RSI=0x000000001bdd7418, RDI=0x000000001bdd73f0
R8 =0x0000000000010002, R9 =0x000089c74640fd97, R10=0x0000000001360000, R11=0x000000001a19f058
R12=0x00007ffda4820000, R13=0x000000007ffe0385, R14=0x000000001a19f078, R15=0x000000001bdd73f0
RIP=0x00007ffda48478b0, EFLAGS=0x0000000000010202

Top of Stack: (sp=0x000000001a19ef60)
0x000000001a19ef60:   0000000000000000 00007ffde007e0fb
0x000000001a19ef70:   00000000014c0000 0000000000000000
0x000000001a19ef80:   fffffffffffffffe 00007ffda4820000
0x000000001a19ef90:   000000001bdd73f8 00007ffde00abc75
0x000000001a19efa0:   000000001bdd7418 0000000000000000
0x000000001a19efb0:   000000001bdd7410 000089c74640fd97
0x000000001a19efc0:   fffffffffffffffe 0000000000000072
0x000000001a19efd0:   0000000000000000 00007ffda4820000
0x000000001a19efe0:   000000001a19f068 00007ffde00ab897
0x000000001a19eff0:   000000001a19f000 000000001a19f078
0x000000001a19f000:   000000000350abf0 00007ffde01988c0
0x000000001a19f010:   0000000000000000 00007ffde00ab84d
0x000000001a19f020:   0000000000000000 0000000000000001
0x000000001a19f030:   00007ffddfb81000 000000001a19f068
0x000000001a19f040:   fffffffffffffffe 00007ffde2a99185
0x000000001a19f050:   00000000014c0000 00007ffda4844752 

Instructions: (pc=0x00007ffda48478b0)
0x00007ffda4847890:   40 53 48 83 ec 30 48 c7 44 24 20 fe ff ff ff 48
0x00007ffda48478a0:   8b 1d 7a 72 01 00 48 85 db 74 16 e8 00 81 ff ff
0x00007ffda48478b0:   4c 8b 00 48 8b d3 48 8b c8 41 ff 90 b0 00 00 00
0x00007ffda48478c0:   90 48 83 c4 30 5b c3 cc cc cc cc cc cc cc cc cc 


Register to memory mapping:

RAX=0x0000000000000000 is an unknown value
RBX=0x000000001b6418f8 is a global jni handle
RCX=0x00000000183b9000 is an unknown value
RDX=0x00000000691124e8 is an unknown value
RSP=0x000000001a19ef60 is an unknown value
RBP=0x000089c74640fd97 is an unknown value
RSI=0x000000001bdd7418 is an unknown value
RDI=0x000000001bdd73f0 is an unknown value
R8 =0x0000000000010002 is an unknown value
R9 =0x000089c74640fd97 is an unknown value
R10=0x0000000001360000 is an unknown value
R11=0x000000001a19f058 is an unknown value
R12=0x00007ffda4820000 is an unknown value
R13=0x000000007ffe0385 is an unknown value
R14=0x000000001a19f078 is an unknown value
R15=0x000000001bdd73f0 is an unknown value


Stack: [0x000000001a0a0000,0x000000001a1a0000],  sp=0x000000001a19ef60,  free space=1019k
Native frames: (J=compiled Java code, j=interpreted, Vv=VM code, C=native code)
C  [glass.dll+0x278b0]
C  [ucrtbase.dll+0x4bc75]
C  [ucrtbase.dll+0x4b897]
C  [ucrtbase.dll+0x4b84d]
C  [glass.dll+0x24752]
C  [glass.dll+0x24850]
C  [ntdll.dll+0x72983]
C  [ntdll.dll+0x3dc2f]
C  [ntdll.dll+0x3c504]
C  [KERNEL32.DLL+0x418ab]
C  [msvcr100.dll+0x20ccd]
V  [jvm.dll+0x214045]
V  [jvm.dll+0x24d5d7]
V  [jvm.dll+0x24c876]
V  [jvm.dll+0x24cd11]
V  [jvm.dll+0x24cf2e]
V  [jvm.dll+0x29fc6a]
C  [msvcr100.dll+0x21d9f]
C  [msvcr100.dll+0x21e3b]
C  [KERNEL32.DLL+0x2e8d7]
C  [ntdll.dll+0x3c34c]

VM_Operation (0x00000000018df060): Exit, mode: safepoint, requested by thread 0x0000000025713000


---------------  P R O C E S S  ---------------

Java Threads: ( => current thread )
  0x0000000025713000 JavaThread "SIGINT handler" daemon [_thread_blocked, id=13416, stack(0x00000000017e0000,0x00000000018e0000)]
  0x000000001a3b4000 JavaThread "mysql-cj-abandoned-connection-cleanup" daemon [_thread_blocked, id=18144, stack(0x00000000250e0000,0x00000000251e0000)]
  0x000000001b584000 JavaThread "Prism Font Disposer" daemon [_thread_blocked, id=25884, stack(0x0000000024050000,0x0000000024150000)]
  0x000000001b32c800 JavaThread "Thread-3" daemon [_thread_in_native, id=14364, stack(0x0000000021950000,0x0000000021a50000)]
  0x000000001b354000 JavaThread "JavaFX-Launcher" [_thread_blocked, id=17192, stack(0x0000000021a50000,0x0000000021b50000)]
  0x000000001b302800 JavaThread "JavaFX Application Thread" [_thread_in_native, id=26388, stack(0x000000001c540000,0x000000001c640000)]
  0x000000001b2a6000 JavaThread "Thread-1" daemon [_thread_blocked, id=27320, stack(0x000000001c440000,0x000000001c540000)]
  0x000000001b283800 JavaThread "QuantumRenderer-0" daemon [_thread_blocked, id=23396, stack(0x000000001bc60000,0x000000001bd60000)]
  0x000000001a31a800 JavaThread "Service Thread" daemon [_thread_blocked, id=27360, stack(0x000000001afe0000,0x000000001b0e0000)]
  0x000000001a28a000 JavaThread "C1 CompilerThread3" daemon [_thread_blocked, id=15264, stack(0x000000001aee0000,0x000000001afe0000)]
  0x000000001a285000 JavaThread "C2 CompilerThread2" daemon [_thread_blocked, id=19880, stack(0x000000001ade0000,0x000000001aee0000)]
  0x000000001a283000 JavaThread "C2 CompilerThread1" daemon [_thread_blocked, id=25480, stack(0x000000001ace0000,0x000000001ade0000)]
  0x000000001a27f800 JavaThread "C2 CompilerThread0" daemon [_thread_blocked, id=17420, stack(0x000000001abe0000,0x000000001ace0000)]
  0x000000001a27d800 JavaThread "Monitor Ctrl-Break" daemon [_thread_in_native, id=16368, stack(0x000000001aae0000,0x000000001abe0000)]
  0x000000001a1d4000 JavaThread "Attach Listener" daemon [_thread_blocked, id=17976, stack(0x000000001a9d0000,0x000000001aad0000)]
  0x000000001a1d3000 JavaThread "Signal Dispatcher" daemon [_thread_blocked, id=2560, stack(0x000000001a8d0000,0x000000001a9d0000)]
  0x000000001a1c1000 JavaThread "Finalizer" daemon [_thread_blocked, id=15368, stack(0x000000001a6a0000,0x000000001a7a0000)]
  0x000000001a1c0800 JavaThread "Reference Handler" daemon [_thread_blocked, id=17268, stack(0x000000001a5a0000,0x000000001a6a0000)]
  0x0000000003463800 JavaThread "main" [_thread_blocked, id=11732, stack(0x0000000003200000,0x0000000003300000)]

Other Threads:
=>0x00000000183b9000 VMThread [stack: 0x000000001a0a0000,0x000000001a1a0000] [id=21916]

VM state:at safepoint (shutting down)

VM Mutex/Monitor currently owned by a thread:  ([mutex/lock_event])
[0x00000000034600d0] Threads_lock - owner thread: 0x00000000183b9000

heap address: 0x0000000083a00000, size: 1990 MB, Compressed Oops mode: 32-bit
Narrow klass base: 0x0000000000000000, Narrow klass shift: 3
Compressed class space size: 1073741824 Address: 0x0000000100000000

Heap:
 PSYoungGen      total 65536K, used 20192K [0x00000000d6900000, 0x00000000db300000, 0x0000000100000000)
  eden space 60416K, 25% used [0x00000000d6900000,0x00000000d77c0300,0x00000000da400000)
  from space 5120K, 99% used [0x00000000dae00000,0x00000000db2f8050,0x00000000db300000)
  to   space 5120K, 0% used [0x00000000da900000,0x00000000da900000,0x00000000dae00000)
 ParOldGen       total 55808K, used 27501K [0x0000000083a00000, 0x0000000087080000, 0x00000000d6900000)
  object space 55808K, 49% used [0x0000000083a00000,0x00000000854db738,0x0000000087080000)
 Metaspace       used 23234K, capacity 24616K, committed 24704K, reserved 1071104K
  class space    used 3191K, capacity 3451K, committed 3456K, reserved 1048576K

Card table byte_map: [0x0000000012920000,0x0000000012d10000] byte_map_base: 0x0000000012503000

Marking Bits: (ParMarkBitMap*) 0x0000000069305ce0
 Begin Bits: [0x00000000137b0000, 0x00000000156c8000)
 End Bits:   [0x00000000156c8000, 0x00000000175e0000)

Polling page: 0x00000000030f0000

CodeCache: size=245760Kb used=10058Kb max_used=10058Kb free=235701Kb
 bounds [0x0000000003560000, 0x0000000003f40000, 0x0000000012560000]
 total_blobs=3923 nmethods=3198 adapters=637
 compilation: enabled

Compilation events (10 events):
Event: 166.429 Thread 0x000000001a28a000 3234       3       com.sun.javafx.geom.transform.AffineBase::deltaTransform (204 bytes)
Event: 166.429 Thread 0x000000001a28a000 nmethod 3234 0x0000000003f34990 code [0x0000000003f34b20, 0x0000000003f35048]
Event: 166.429 Thread 0x000000001a28a000 3235       3       com.sun.javafx.geom.Vec3d::normalize (38 bytes)
Event: 166.429 Thread 0x000000001a28a000 nmethod 3235 0x0000000003f34510 code [0x0000000003f346a0, 0x0000000003f348b0]
Event: 166.429 Thread 0x000000001a28a000 3236       3       com.sun.javafx.scene.input.PickResultChooser::toPickResult (41 bytes)
Event: 166.429 Thread 0x000000001a28a000 nmethod 3236 0x0000000003f34090 code [0x0000000003f34200, 0x0000000003f34468]
Event: 166.437 Thread 0x000000001a28a000 3237       3       com.sun.javafx.geom.transform.Affine3D::deltaTransform (126 bytes)
Event: 166.437 Thread 0x000000001a28a000 nmethod 3237 0x0000000003f387d0 code [0x0000000003f38960, 0x0000000003f38d48]
Event: 204.563 Thread 0x000000001a28a000 3238       3       sun.misc.URLClassPath::findResource (47 bytes)
Event: 204.563 Thread 0x000000001a28a000 nmethod 3238 0x0000000003f38f50 code [0x0000000003f390e0, 0x0000000003f394a8]

GC Heap History (10 events):
Event: 0.587 GC heap before
{Heap before GC invocations=1 (full 0):
 PSYoungGen      total 37888K, used 32768K [0x00000000d6900000, 0x00000000d9300000, 0x0000000100000000)
  eden space 32768K, 100% used [0x00000000d6900000,0x00000000d8900000,0x00000000d8900000)
  from space 5120K, 0% used [0x00000000d8e00000,0x00000000d8e00000,0x00000000d9300000)
  to   space 5120K, 0% used [0x00000000d8900000,0x00000000d8900000,0x00000000d8e00000)
 ParOldGen       total 86016K, used 0K [0x0000000083a00000, 0x0000000088e00000, 0x00000000d6900000)
  object space 86016K, 0% used [0x0000000083a00000,0x0000000083a00000,0x0000000088e00000)
 Metaspace       used 11737K, capacity 12142K, committed 12416K, reserved 1060864K
  class space    used 1496K, capacity 1605K, committed 1664K, reserved 1048576K
Event: 0.590 GC heap after
Heap after GC invocations=1 (full 0):
 PSYoungGen      total 37888K, used 3552K [0x00000000d6900000, 0x00000000d9300000, 0x0000000100000000)
  eden space 32768K, 0% used [0x00000000d6900000,0x00000000d6900000,0x00000000d8900000)
  from space 5120K, 69% used [0x00000000d8900000,0x00000000d8c78020,0x00000000d8e00000)
  to   space 5120K, 0% used [0x00000000d8e00000,0x00000000d8e00000,0x00000000d9300000)
 ParOldGen       total 86016K, used 4321K [0x0000000083a00000, 0x0000000088e00000, 0x00000000d6900000)
  object space 86016K, 5% used [0x0000000083a00000,0x0000000083e38720,0x0000000088e00000)
 Metaspace       used 11737K, capacity 12142K, committed 12416K, reserved 1060864K
  class space    used 1496K, capacity 1605K, committed 1664K, reserved 1048576K
}
Event: 9.442 GC heap before
{Heap before GC invocations=2 (full 0):
 PSYoungGen      total 37888K, used 36320K [0x00000000d6900000, 0x00000000d9300000, 0x0000000100000000)
  eden space 32768K, 100% used [0x00000000d6900000,0x00000000d8900000,0x00000000d8900000)
  from space 5120K, 69% used [0x00000000d8900000,0x00000000d8c78020,0x00000000d8e00000)
  to   space 5120K, 0% used [0x00000000d8e00000,0x00000000d8e00000,0x00000000d9300000)
 ParOldGen       total 86016K, used 4321K [0x0000000083a00000, 0x0000000088e00000, 0x00000000d6900000)
  object space 86016K, 5% used [0x0000000083a00000,0x0000000083e38720,0x0000000088e00000)
 Metaspace       used 19825K, capacity 20592K, committed 20864K, reserved 1067008K
  class space    used 2703K, capacity 2897K, committed 2944K, reserved 1048576K
Event: 9.447 GC heap after
Heap after GC invocations=2 (full 0):
 PSYoungGen      total 37888K, used 5104K [0x00000000d6900000, 0x00000000d9300000, 0x0000000100000000)
  eden space 32768K, 0% used [0x00000000d6900000,0x00000000d6900000,0x00000000d8900000)
  from space 5120K, 99% used [0x00000000d8e00000,0x00000000d92fc060,0x00000000d9300000)
  to   space 5120K, 0% used [0x00000000d8900000,0x00000000d8900000,0x00000000d8e00000)
 ParOldGen       total 86016K, used 8598K [0x0000000083a00000, 0x0000000088e00000, 0x00000000d6900000)
  object space 86016K, 9% used [0x0000000083a00000,0x0000000084265a60,0x0000000088e00000)
 Metaspace       used 19825K, capacity 20592K, committed 20864K, reserved 1067008K
  class space    used 2703K, capacity 2897K, committed 2944K, reserved 1048576K
}
Event: 9.490 GC heap before
{Heap before GC invocations=3 (full 0):
 PSYoungGen      total 37888K, used 7470K [0x00000000d6900000, 0x00000000d9300000, 0x0000000100000000)
  eden space 32768K, 7% used [0x00000000d6900000,0x00000000d6b4fad8,0x00000000d8900000)
  from space 5120K, 99% used [0x00000000d8e00000,0x00000000d92fc060,0x00000000d9300000)
  to   space 5120K, 0% used [0x00000000d8900000,0x00000000d8900000,0x00000000d8e00000)
 ParOldGen       total 86016K, used 8598K [0x0000000083a00000, 0x0000000088e00000, 0x00000000d6900000)
  object space 86016K, 9% used [0x0000000083a00000,0x0000000084265a60,0x0000000088e00000)
 Metaspace       used 20311K, capacity 21042K, committed 21248K, reserved 1067008K
  class space    used 2761K, capacity 2962K, committed 3072K, reserved 1048576K
Event: 9.492 GC heap after
Heap after GC invocations=3 (full 0):
 PSYoungGen      total 37888K, used 5104K [0x00000000d6900000, 0x00000000db300000, 0x0000000100000000)
  eden space 32768K, 0% used [0x00000000d6900000,0x00000000d6900000,0x00000000d8900000)
  from space 5120K, 99% used [0x00000000d8900000,0x00000000d8dfc060,0x00000000d8e00000)
  to   space 5120K, 0% used [0x00000000dae00000,0x00000000dae00000,0x00000000db300000)
 ParOldGen       total 86016K, used 9048K [0x0000000083a00000, 0x0000000088e00000, 0x00000000d6900000)
  object space 86016K, 10% used [0x0000000083a00000,0x00000000842d6268,0x0000000088e00000)
 Metaspace       used 20311K, capacity 21042K, committed 21248K, reserved 1067008K
  class space    used 2761K, capacity 2962K, committed 3072K, reserved 1048576K
}
Event: 9.492 GC heap before
{Heap before GC invocations=4 (full 1):
 PSYoungGen      total 37888K, used 5104K [0x00000000d6900000, 0x00000000db300000, 0x0000000100000000)
  eden space 32768K, 0% used [0x00000000d6900000,0x00000000d6900000,0x00000000d8900000)
  from space 5120K, 99% used [0x00000000d8900000,0x00000000d8dfc060,0x00000000d8e00000)
  to   space 5120K, 0% used [0x00000000dae00000,0x00000000dae00000,0x00000000db300000)
 ParOldGen       total 86016K, used 9048K [0x0000000083a00000, 0x0000000088e00000, 0x00000000d6900000)
  object space 86016K, 10% used [0x0000000083a00000,0x00000000842d6268,0x0000000088e00000)
 Metaspace       used 20311K, capacity 21042K, committed 21248K, reserved 1067008K
  class space    used 2761K, capacity 2962K, committed 3072K, reserved 1048576K
Event: 9.520 GC heap after
Heap after GC invocations=4 (full 1):
 PSYoungGen      total 37888K, used 0K [0x00000000d6900000, 0x00000000db300000, 0x0000000100000000)
  eden space 32768K, 0% used [0x00000000d6900000,0x00000000d6900000,0x00000000d8900000)
  from space 5120K, 0% used [0x00000000d8900000,0x00000000d8900000,0x00000000d8e00000)
  to   space 5120K, 0% used [0x00000000dae00000,0x00000000dae00000,0x00000000db300000)
 ParOldGen       total 55808K, used 12555K [0x0000000083a00000, 0x0000000087080000, 0x00000000d6900000)
  object space 55808K, 22% used [0x0000000083a00000,0x0000000084642e78,0x0000000087080000)
 Metaspace       used 20311K, capacity 21042K, committed 21248K, reserved 1067008K
  class space    used 2761K, capacity 2962K, committed 3072K, reserved 1048576K
}
Event: 11.054 GC heap before
{Heap before GC invocations=5 (full 1):
 PSYoungGen      total 37888K, used 32768K [0x00000000d6900000, 0x00000000db300000, 0x0000000100000000)
  eden space 32768K, 100% used [0x00000000d6900000,0x00000000d8900000,0x00000000d8900000)
  from space 5120K, 0% used [0x00000000d8900000,0x00000000d8900000,0x00000000d8e00000)
  to   space 5120K, 0% used [0x00000000dae00000,0x00000000dae00000,0x00000000db300000)
 ParOldGen       total 55808K, used 12555K [0x0000000083a00000, 0x0000000087080000, 0x00000000d6900000)
  object space 55808K, 22% used [0x0000000083a00000,0x0000000084642e78,0x0000000087080000)
 Metaspace       used 21914K, capacity 22950K, committed 23040K, reserved 1069056K
  class space    used 3015K, capacity 3242K, committed 3328K, reserved 1048576K
Event: 11.061 GC heap after
Heap after GC invocations=5 (full 1):
 PSYoungGen      total 65536K, used 5088K [0x00000000d6900000, 0x00000000db300000, 0x0000000100000000)
  eden space 60416K, 0% used [0x00000000d6900000,0x00000000d6900000,0x00000000da400000)
  from space 5120K, 99% used [0x00000000dae00000,0x00000000db2f8050,0x00000000db300000)
  to   space 5120K, 0% used [0x00000000da900000,0x00000000da900000,0x00000000dae00000)
 ParOldGen       total 55808K, used 27501K [0x0000000083a00000, 0x0000000087080000, 0x00000000d6900000)
  object space 55808K, 49% used [0x0000000083a00000,0x00000000854db738,0x0000000087080000)
 Metaspace       used 21914K, capacity 22950K, committed 23040K, reserved 1069056K
  class space    used 3015K, capacity 3242K, committed 3328K, reserved 1048576K
}

Deoptimization events (10 events):
Event: 11.012 Thread 0x000000001b302800 Uncommon trap: reason=class_check action=maybe_recompile pc=0x0000000003d2c850 method=javafx.scene.CssStyleHelper.getStyle(Ljavafx/css/Styleable;Ljava/lang/String;Lcom/sun/javafx/css/StyleMap;Ljava/util/Set;)Lcom/sun/javafx/css/CascadingStyle; @ 140
Event: 11.014 Thread 0x000000001b302800 Uncommon trap: reason=bimorphic action=maybe_recompile pc=0x0000000003d24880 method=com.sun.javafx.css.SimpleSelector.applies(Ljavafx/css/Styleable;)Z @ 95
Event: 11.015 Thread 0x000000001b302800 Uncommon trap: reason=class_check action=maybe_recompile pc=0x0000000003d08078 method=com.sun.javafx.css.StyleMap.getCascadingStyles()Ljava/util/Map; @ 77
Event: 11.015 Thread 0x000000001b302800 Uncommon trap: reason=class_check action=maybe_recompile pc=0x0000000003d2c850 method=javafx.scene.CssStyleHelper.getStyle(Ljavafx/css/Styleable;Ljava/lang/String;Lcom/sun/javafx/css/StyleMap;Ljava/util/Set;)Lcom/sun/javafx/css/CascadingStyle; @ 140
Event: 11.015 Thread 0x000000001b302800 Uncommon trap: reason=class_check action=maybe_recompile pc=0x0000000003d08078 method=com.sun.javafx.css.StyleMap.getCascadingStyles()Ljava/util/Map; @ 77
Event: 11.027 Thread 0x000000001b302800 Uncommon trap: reason=bimorphic action=maybe_recompile pc=0x0000000003d24880 method=com.sun.javafx.css.SimpleSelector.applies(Ljavafx/css/Styleable;)Z @ 95
Event: 11.028 Thread 0x000000001b302800 Uncommon trap: reason=bimorphic action=maybe_recompile pc=0x0000000003d24880 method=com.sun.javafx.css.SimpleSelector.applies(Ljavafx/css/Styleable;)Z @ 95
Event: 11.029 Thread 0x000000001b302800 Uncommon trap: reason=class_check action=maybe_recompile pc=0x0000000003d08078 method=com.sun.javafx.css.StyleMap.getCascadingStyles()Ljava/util/Map; @ 77
Event: 13.074 Thread 0x000000001b302800 Uncommon trap: reason=unstable_if action=reinterpret pc=0x0000000003d4753c method=com.sun.javafx.css.CompoundSelector.applies(Ljavafx/css/Styleable;I[Ljava/util/Set;I)Z @ 125
Event: 14.318 Thread 0x000000001a3b4000 Uncommon trap: reason=unstable_if action=reinterpret pc=0x0000000003b3b690 method=java.util.zip.ZipCoder.getBytes(Ljava/lang/String;)[B @ 32

Classes redefined (0 events):
No events

Internal exceptions (10 events):
Event: 0.156 Thread 0x0000000003463800 Exception <a 'java/lang/NullPointerException'> (0x00000000d6da26c8) thrown at [C:\re\workspace\8-2-build-windows-amd64-cygwin\jdk8u202\12323\hotspot\src\share\vm\interpreter\linkResolver.cpp, line 1185]
Event: 0.173 Thread 0x0000000003463800 Implicit null exception at 0x0000000003679995 to 0x0000000003679b59
Event: 0.442 Thread 0x000000001b302800 Exception <a 'java/lang/NullPointerException'> (0x00000000d7ad34d0) thrown at [C:\re\workspace\8-2-build-windows-amd64-cygwin\jdk8u202\12323\hotspot\src\share\vm\interpreter\linkResolver.cpp, line 1185]
Event: 0.442 Thread 0x000000001b302800 Exception <a 'java/lang/NullPointerException'> (0x00000000d7ad34d0) thrown at [C:\re\workspace\8-2-build-windows-amd64-cygwin\jdk8u202\12323\hotspot\src\share\vm\prims\jvm.cpp, line 1506]
Event: 0.508 Thread 0x000000001b302800 Exception <a 'java/lang/ArrayIndexOutOfBoundsException': 58> (0x00000000d7eb62a0) thrown at [C:\re\workspace\8-2-build-windows-amd64-cygwin\jdk8u202\12323\hotspot\src\share\vm\interpreter\interpreterRuntime.cpp, line 368]
Event: 0.508 Thread 0x000000001b302800 Exception <a 'java/lang/ArrayIndexOutOfBoundsException': 18> (0x00000000d7ebb110) thrown at [C:\re\workspace\8-2-build-windows-amd64-cygwin\jdk8u202\12323\hotspot\src\share\vm\interpreter\interpreterRuntime.cpp, line 368]
Event: 0.508 Thread 0x000000001b302800 Exception <a 'java/lang/ArrayIndexOutOfBoundsException': 86> (0x00000000d7ebcfb8) thrown at [C:\re\workspace\8-2-build-windows-amd64-cygwin\jdk8u202\12323\hotspot\src\share\vm\interpreter\interpreterRuntime.cpp, line 368]
Event: 0.637 Thread 0x000000001b302800 Implicit null exception at 0x0000000003844535 to 0x0000000003844751
Event: 9.318 Thread 0x000000001b302800 Implicit null exception at 0x00000000037d5d96 to 0x00000000037d6131
Event: 341.870 Thread 0x0000000025711800 Exception <a 'java/lang/IllegalStateException'> (0x00000000d7794708) thrown at [C:\re\workspace\8-2-build-windows-amd64-cygwin\jdk8u202\12323\hotspot\src\share\vm\prims\jvm.cpp, line 1506]

Events (10 events):
Event: 341.868 loading class java/util/IdentityHashMap$IdentityHashMapIterator
Event: 341.868 loading class java/util/IdentityHashMap$IdentityHashMapIterator done
Event: 341.868 loading class java/util/IdentityHashMap$KeyIterator done
Event: 341.868 Thread 0x0000000025711800 Thread added: 0x0000000025711800
Event: 341.869 loading class com/sun/javafx/tk/quantum/QuantumRenderer
Event: 341.869 loading class com/sun/javafx/tk/quantum/QuantumRenderer done
Event: 341.869 loading class com/sun/javafx/tk/quantum/QuantumToolkit
Event: 341.869 loading class com/sun/javafx/tk/quantum/QuantumToolkit done
Event: 341.870 Thread 0x0000000025711800 Thread exited: 0x0000000025711800
Event: 341.870 Executing VM operation: Exit


Dynamic libraries:
0x00007ff778af0000 - 0x00007ff778b27000 	C:\Program Files\Java\jdk1.8.0_202\bin\java.exe
0x00007ffde29a0000 - 0x00007ffde2c05000 	C:\WINDOWS\SYSTEM32\ntdll.dll
0x00007ffde1640000 - 0x00007ffde1709000 	C:\WINDOWS\System32\KERNEL32.DLL
0x00007ffddfbc0000 - 0x00007ffddffa8000 	C:\WINDOWS\System32\KERNELBASE.dll
0x00007ffde14d0000 - 0x00007ffde1583000 	C:\WINDOWS\System32\ADVAPI32.dll
0x00007ffde1d00000 - 0x00007ffde1da9000 	C:\WINDOWS\System32\msvcrt.dll
0x00007ffde1590000 - 0x00007ffde1636000 	C:\WINDOWS\System32\sechost.dll
0x00007ffde1fe0000 - 0x00007ffde20f5000 	C:\WINDOWS\System32\RPCRT4.dll
0x00007ffde1300000 - 0x00007ffde14ca000 	C:\WINDOWS\System32\USER32.dll
0x00007ffddfb90000 - 0x00007ffddfbb7000 	C:\WINDOWS\System32\win32u.dll
0x00007ffde1fb0000 - 0x00007ffde1fdb000 	C:\WINDOWS\System32\GDI32.dll
0x00007ffde0600000 - 0x00007ffde0737000 	C:\WINDOWS\System32\gdi32full.dll
0x00007ffddffb0000 - 0x00007ffde0053000 	C:\WINDOWS\System32\msvcp_win.dll
0x00007ffde0060000 - 0x00007ffde01ab000 	C:\WINDOWS\System32\ucrtbase.dll
0x00007ffdb95f0000 - 0x00007ffdb988a000 	C:\WINDOWS\WinSxS\amd64_microsoft.windows.common-controls_6595b64144ccf1df_6.0.26100.4202_none_3e0698d4e335f517\COMCTL32.dll
0x00007ffde0ae0000 - 0x00007ffde0b10000 	C:\WINDOWS\System32\IMM32.DLL
0x0000000069390000 - 0x0000000069462000 	C:\Program Files\Java\jdk1.8.0_202\jre\bin\msvcr100.dll
0x0000000068ae0000 - 0x0000000069385000 	C:\Program Files\Java\jdk1.8.0_202\jre\bin\server\jvm.dll
0x00007ffde0b20000 - 0x00007ffde0b28000 	C:\WINDOWS\System32\PSAPI.DLL
0x00007ffdd4980000 - 0x00007ffdd49b5000 	C:\WINDOWS\SYSTEM32\WINMM.dll
0x00007ffdcf770000 - 0x00007ffdcf77b000 	C:\WINDOWS\SYSTEM32\VERSION.dll
0x00007ffdbd900000 - 0x00007ffdbd90a000 	C:\WINDOWS\SYSTEM32\WSOCK32.dll
0x00007ffde27f0000 - 0x00007ffde2864000 	C:\WINDOWS\System32\WS2_32.dll
0x00007ffdd79d0000 - 0x00007ffdd79df000 	C:\Program Files\Java\jdk1.8.0_202\jre\bin\verify.dll
0x00007ffdc0800000 - 0x00007ffdc0829000 	C:\Program Files\Java\jdk1.8.0_202\jre\bin\java.dll
0x00007ffdb36f0000 - 0x00007ffdb3713000 	C:\Program Files\Java\jdk1.8.0_202\jre\bin\instrument.dll
0x00007ffdc95a0000 - 0x00007ffdc95b6000 	C:\Program Files\Java\jdk1.8.0_202\jre\bin\zip.dll
0x00007ffde0b40000 - 0x00007ffde1282000 	C:\WINDOWS\System32\SHELL32.dll
0x00007ffde0240000 - 0x00007ffde03b4000 	C:\WINDOWS\System32\wintypes.dll
0x00007ffde0740000 - 0x00007ffde0ac5000 	C:\WINDOWS\System32\combase.dll
0x00007ffddd720000 - 0x00007ffdddf78000 	C:\WINDOWS\SYSTEM32\windows.storage.dll
0x00007ffde1c00000 - 0x00007ffde1cf1000 	C:\WINDOWS\System32\SHCORE.dll
0x00007ffde1290000 - 0x00007ffde12fa000 	C:\WINDOWS\System32\shlwapi.dll
0x00007ffddfa00000 - 0x00007ffddfa2f000 	C:\WINDOWS\SYSTEM32\profapi.dll
0x00007ffdbfc30000 - 0x00007ffdbfc4a000 	C:\Program Files\JetBrains\IntelliJ IDEA 2024.2.0.2\bin\breakgen64.dll
0x00007ffdbdec0000 - 0x00007ffdbdeda000 	C:\Program Files\Java\jdk1.8.0_202\jre\bin\net.dll
0x00007ffdbbe00000 - 0x00007ffdbbfe4000 	C:\WINDOWS\SYSTEM32\urlmon.dll
0x00007ffdbb310000 - 0x00007ffdbb5db000 	C:\WINDOWS\SYSTEM32\iertutil.dll
0x00007ffdbf8f0000 - 0x00007ffdbf919000 	C:\WINDOWS\SYSTEM32\srvcli.dll
0x00007ffdde5a0000 - 0x00007ffdde5ad000 	C:\WINDOWS\SYSTEM32\netutils.dll
0x00007ffddee20000 - 0x00007ffddee8a000 	C:\WINDOWS\system32\mswsock.dll
0x000000001b9e0000 - 0x000000001b9e3000 	C:\Program Files\Java\jdk1.8.0_202\jre\bin\api-ms-win-core-console-l1-1-0.dll
0x000000001b9f0000 - 0x000000001b9f3000 	C:\Program Files\Java\jdk1.8.0_202\jre\bin\api-ms-win-core-datetime-l1-1-0.dll
0x000000001ba00000 - 0x000000001ba03000 	C:\Program Files\Java\jdk1.8.0_202\jre\bin\api-ms-win-core-debug-l1-1-0.dll
0x000000001ba10000 - 0x000000001ba13000 	C:\Program Files\Java\jdk1.8.0_202\jre\bin\api-ms-win-core-errorhandling-l1-1-0.dll
0x000000001ba20000 - 0x000000001ba24000 	C:\Program Files\Java\jdk1.8.0_202\jre\bin\api-ms-win-core-file-l1-1-0.dll
0x000000001ba30000 - 0x000000001ba33000 	C:\Program Files\Java\jdk1.8.0_202\jre\bin\api-ms-win-core-file-l1-2-0.dll
0x000000001ba40000 - 0x000000001ba43000 	C:\Program Files\Java\jdk1.8.0_202\jre\bin\api-ms-win-core-file-l2-1-0.dll
0x000000001ba50000 - 0x000000001ba53000 	C:\Program Files\Java\jdk1.8.0_202\jre\bin\api-ms-win-core-handle-l1-1-0.dll
0x000000001ba60000 - 0x000000001ba63000 	C:\Program Files\Java\jdk1.8.0_202\jre\bin\api-ms-win-core-heap-l1-1-0.dll
0x000000001ba70000 - 0x000000001ba73000 	C:\Program Files\Java\jdk1.8.0_202\jre\bin\api-ms-win-core-interlocked-l1-1-0.dll
0x000000001ba80000 - 0x000000001ba83000 	C:\Program Files\Java\jdk1.8.0_202\jre\bin\api-ms-win-core-libraryloader-l1-1-0.dll
0x000000001ba90000 - 0x000000001ba93000 	C:\Program Files\Java\jdk1.8.0_202\jre\bin\api-ms-win-core-localization-l1-2-0.dll
0x000000001baa0000 - 0x000000001baa3000 	C:\Program Files\Java\jdk1.8.0_202\jre\bin\api-ms-win-core-memory-l1-1-0.dll
0x000000001bab0000 - 0x000000001bab3000 	C:\Program Files\Java\jdk1.8.0_202\jre\bin\api-ms-win-core-namedpipe-l1-1-0.dll
0x000000001bac0000 - 0x000000001bac3000 	C:\Program Files\Java\jdk1.8.0_202\jre\bin\api-ms-win-core-processenvironment-l1-1-0.dll
0x000000001bad0000 - 0x000000001bad3000 	C:\Program Files\Java\jdk1.8.0_202\jre\bin\api-ms-win-core-processthreads-l1-1-0.dll
0x000000001bae0000 - 0x000000001bae3000 	C:\Program Files\Java\jdk1.8.0_202\jre\bin\api-ms-win-core-processthreads-l1-1-1.dll
0x000000001baf0000 - 0x000000001baf3000 	C:\Program Files\Java\jdk1.8.0_202\jre\bin\api-ms-win-core-profile-l1-1-0.dll
0x000000001bb00000 - 0x000000001bb03000 	C:\Program Files\Java\jdk1.8.0_202\jre\bin\api-ms-win-core-rtlsupport-l1-1-0.dll
0x000000001bb10000 - 0x000000001bb13000 	C:\Program Files\Java\jdk1.8.0_202\jre\bin\api-ms-win-core-string-l1-1-0.dll
0x000000001bb20000 - 0x000000001bb23000 	C:\Program Files\Java\jdk1.8.0_202\jre\bin\api-ms-win-core-synch-l1-1-0.dll
0x000000001bb30000 - 0x000000001bb33000 	C:\Program Files\Java\jdk1.8.0_202\jre\bin\api-ms-win-core-synch-l1-2-0.dll
0x000000001bb40000 - 0x000000001bb43000 	C:\Program Files\Java\jdk1.8.0_202\jre\bin\api-ms-win-core-sysinfo-l1-1-0.dll
0x000000001bb50000 - 0x000000001bb53000 	C:\Program Files\Java\jdk1.8.0_202\jre\bin\api-ms-win-core-timezone-l1-1-0.dll
0x000000001bb60000 - 0x000000001bb63000 	C:\Program Files\Java\jdk1.8.0_202\jre\bin\api-ms-win-core-util-l1-1-0.dll
0x000000001bb70000 - 0x000000001bb73000 	C:\Program Files\Java\jdk1.8.0_202\jre\bin\api-ms-win-crt-conio-l1-1-0.dll
0x000000001bb80000 - 0x000000001bb84000 	C:\Program Files\Java\jdk1.8.0_202\jre\bin\api-ms-win-crt-convert-l1-1-0.dll
0x000000001bb90000 - 0x000000001bb93000 	C:\Program Files\Java\jdk1.8.0_202\jre\bin\api-ms-win-crt-environment-l1-1-0.dll
0x000000001bba0000 - 0x000000001bba3000 	C:\Program Files\Java\jdk1.8.0_202\jre\bin\api-ms-win-crt-filesystem-l1-1-0.dll
0x000000001bbb0000 - 0x000000001bbb3000 	C:\Program Files\Java\jdk1.8.0_202\jre\bin\api-ms-win-crt-heap-l1-1-0.dll
0x000000001bbc0000 - 0x000000001bbc3000 	C:\Program Files\Java\jdk1.8.0_202\jre\bin\api-ms-win-crt-locale-l1-1-0.dll
0x000000001bbd0000 - 0x000000001bbd5000 	C:\Program Files\Java\jdk1.8.0_202\jre\bin\api-ms-win-crt-math-l1-1-0.dll
0x000000001bbe0000 - 0x000000001bbe5000 	C:\Program Files\Java\jdk1.8.0_202\jre\bin\api-ms-win-crt-multibyte-l1-1-0.dll
0x000000001bbf0000 - 0x000000001bc00000 	C:\Program Files\Java\jdk1.8.0_202\jre\bin\api-ms-win-crt-private-l1-1-0.dll
0x000000001bc00000 - 0x000000001bc03000 	C:\Program Files\Java\jdk1.8.0_202\jre\bin\api-ms-win-crt-process-l1-1-0.dll
0x000000001bc10000 - 0x000000001bc14000 	C:\Program Files\Java\jdk1.8.0_202\jre\bin\api-ms-win-crt-runtime-l1-1-0.dll
0x000000001bc20000 - 0x000000001bc24000 	C:\Program Files\Java\jdk1.8.0_202\jre\bin\api-ms-win-crt-stdio-l1-1-0.dll
0x000000001bc30000 - 0x000000001bc34000 	C:\Program Files\Java\jdk1.8.0_202\jre\bin\api-ms-win-crt-string-l1-1-0.dll
0x000000001bc40000 - 0x000000001bc43000 	C:\Program Files\Java\jdk1.8.0_202\jre\bin\api-ms-win-crt-time-l1-1-0.dll
0x000000001bc50000 - 0x000000001bc53000 	C:\Program Files\Java\jdk1.8.0_202\jre\bin\api-ms-win-crt-utility-l1-1-0.dll
0x00007ffdabdc0000 - 0x00007ffdabeb6000 	C:\Program Files\Java\jdk1.8.0_202\jre\bin\ucrtbase.dll
0x00007ffdb36d0000 - 0x00007ffdb36e6000 	C:\Program Files\Java\jdk1.8.0_202\jre\bin\vcruntime140.dll
0x00007ffdac180000 - 0x00007ffdac21c000 	C:\Program Files\Java\jdk1.8.0_202\jre\bin\msvcp140.dll
0x00007ffdac280000 - 0x00007ffdac2d1000 	C:\Program Files\Java\jdk1.8.0_202\jre\bin\concrt140.dll
0x00007ffdaad90000 - 0x00007ffdaadb3000 	C:\Program Files\Java\jdk1.8.0_202\jre\bin\prism_d3d.dll
0x00007ffda1c70000 - 0x00007ffda1e27000 	C:\WINDOWS\system32\d3d9.dll
0x00007ffddca30000 - 0x00007ffddca66000 	C:\WINDOWS\SYSTEM32\dwmapi.dll
0x00007ffddc9c0000 - 0x00007ffddca0d000 	C:\WINDOWS\SYSTEM32\dxcore.dll
0x00007ffddc6e0000 - 0x00007ffddc78f000 	C:\WINDOWS\system32\uxtheme.dll
0x00007ffd61920000 - 0x00007ffd61b58000 	C:\WINDOWS\System32\DriverStore\FileRepository\iigd_dch.inf_amd64_0fdf6ce291234272\igdumdim64.dll
0x00007ffde2100000 - 0x00007ffde229e000 	C:\WINDOWS\System32\ole32.dll
0x00007ffd29b30000 - 0x00007ffd2aea0000 	C:\WINDOWS\System32\DriverStore\FileRepository\iigd_dch.inf_amd64_0fdf6ce291234272\igd9dxva64.dll
0x00007ffde2870000 - 0x00007ffde2951000 	C:\WINDOWS\System32\OLEAUT32.dll
0x00007ffde22e0000 - 0x00007ffde2766000 	C:\WINDOWS\System32\SETUPAPI.dll
0x00007ffddf660000 - 0x00007ffddf6b7000 	C:\WINDOWS\SYSTEM32\cfgmgr32.dll
0x00007ffd838e0000 - 0x00007ffd85601000 	C:\WINDOWS\System32\DriverStore\FileRepository\iigd_dch.inf_amd64_0fdf6ce291234272\media_bin_64.dll
0x00007ffdd3bb0000 - 0x00007ffdd3fe8000 	C:\WINDOWS\System32\DriverStore\FileRepository\iigd_dch.inf_amd64_0fdf6ce291234272\igdgmm64.dll
0x00007ffddc810000 - 0x00007ffddc871000 	C:\WINDOWS\SYSTEM32\directxdatabasehelper.dll
0x00007ffdde890000 - 0x00007ffdde8ab000 	C:\WINDOWS\SYSTEM32\kernel.appcore.dll
0x00007ffda4820000 - 0x00007ffda4869000 	C:\Program Files\Java\jdk1.8.0_202\jre\bin\glass.dll
0x00007ffde1710000 - 0x00007ffde1806000 	C:\WINDOWS\System32\COMDLG32.dll
0x00007ffde1e40000 - 0x00007ffde1fa0000 	C:\WINDOWS\System32\MSCTF.dll
0x00007ffddfaf0000 - 0x00007ffddfb89000 	C:\WINDOWS\System32\bcryptPrimitives.dll
0x00007ffd87fe0000 - 0x00007ffd88007000 	C:\WINDOWS\System32\DriverStore\FileRepository\iigd_dch.inf_amd64_0fdf6ce291234272\igdinfo64.dll
0x00007ffdcfd00000 - 0x00007ffdd3bad000 	C:\WINDOWS\System32\DriverStore\FileRepository\iigd_dch.inf_amd64_0fdf6ce291234272\igc64.dll
0x00007ffdaa470000 - 0x00007ffdaa496000 	C:\Program Files\Java\jdk1.8.0_202\jre\bin\javafx_iio.dll
0x00007ffdb0030000 - 0x00007ffdb0044000 	C:\Program Files\Java\jdk1.8.0_202\jre\bin\javafx_font.dll
0x00007ffddaf50000 - 0x00007ffddb1bb000 	C:\WINDOWS\SYSTEM32\dwrite.dll
0x00007ffde1860000 - 0x00007ffde1908000 	C:\WINDOWS\System32\clbcatq.dll
0x00007ffddacd0000 - 0x00007ffddaf09000 	C:\WINDOWS\SYSTEM32\WindowsCodecs.dll
0x00007ffdaa4f0000 - 0x00007ffdaa54a000 	C:\WINDOWS\system32\dataexchange.dll
0x00007ffdcdbe0000 - 0x00007ffdcde1a000 	C:\WINDOWS\system32\twinapi.appcore.dll
0x00007ffd8f100000 - 0x00007ffd8f12c000 	C:\Program Files\Common Files\Microsoft Shared\Ink\rtscom.dll
0x00007ffdc75b0000 - 0x00007ffdc7700000 	C:\WINDOWS\SYSTEM32\textinputframework.dll
0x00007ffddc1f0000 - 0x00007ffddc315000 	C:\WINDOWS\SYSTEM32\CoreMessaging.dll
0x00007ffdd71b0000 - 0x00007ffdd7493000 	C:\WINDOWS\SYSTEM32\CoreUIComponents.dll
0x00007ffddf0f0000 - 0x00007ffddf0fc000 	C:\WINDOWS\SYSTEM32\CRYPTBASE.DLL
0x00007ffdac160000 - 0x00007ffdac172000 	C:\Program Files\Java\jdk1.8.0_202\jre\bin\prism_common.dll
0x00007ffdde370000 - 0x00007ffdde497000 	C:\WINDOWS\SYSTEM32\DNSAPI.dll
0x00007ffdde2d0000 - 0x00007ffdde303000 	C:\WINDOWS\SYSTEM32\IPHLPAPI.DLL
0x00007ffde0ad0000 - 0x00007ffde0ada000 	C:\WINDOWS\System32\NSI.dll
0x00007ffdd44d0000 - 0x00007ffdd44db000 	C:\Windows\System32\rasadhlp.dll
0x00007ffdd69f0000 - 0x00007ffdd6a76000 	C:\WINDOWS\System32\fwpuclnt.dll
0x00007ffddd210000 - 0x00007ffddd451000 	C:\WINDOWS\SYSTEM32\dbghelp.dll

VM Arguments:
jvm_args: -javaagent:C:\Program Files\JetBrains\IntelliJ IDEA 2024.2.0.2\lib\idea_rt.jar=61328:C:\Program Files\JetBrains\IntelliJ IDEA 2024.2.0.2\bin -Dfile.encoding=UTF-8 
java_command: professionalpractice.ProfessionalPractices
java_class_path (initial): C:\Program Files\Java\jdk1.8.0_202\jre\lib\charsets.jar;C:\Program Files\Java\jdk1.8.0_202\jre\lib\deploy.jar;C:\Program Files\Java\jdk1.8.0_202\jre\lib\ext\access-bridge-64.jar;C:\Program Files\Java\jdk1.8.0_202\jre\lib\ext\cldrdata.jar;C:\Program Files\Java\jdk1.8.0_202\jre\lib\ext\dnsns.jar;C:\Program Files\Java\jdk1.8.0_202\jre\lib\ext\jaccess.jar;C:\Program Files\Java\jdk1.8.0_202\jre\lib\ext\jfxrt.jar;C:\Program Files\Java\jdk1.8.0_202\jre\lib\ext\localedata.jar;C:\Program Files\Java\jdk1.8.0_202\jre\lib\ext\nashorn.jar;C:\Program Files\Java\jdk1.8.0_202\jre\lib\ext\sunec.jar;C:\Program Files\Java\jdk1.8.0_202\jre\lib\ext\sunjce_provider.jar;C:\Program Files\Java\jdk1.8.0_202\jre\lib\ext\sunmscapi.jar;C:\Program Files\Java\jdk1.8.0_202\jre\lib\ext\sunpkcs11.jar;C:\Program Files\Java\jdk1.8.0_202\jre\lib\ext\zipfs.jar;C:\Program Files\Java\jdk1.8.0_202\jre\lib\javaws.jar;C:\Program Files\Java\jdk1.8.0_202\jre\lib\jce.jar;C:\Program Files\Java\jdk1.8.0_202\jre\lib\jfr.jar;C:\Program Files\Java\jdk1.8.0_202\jre\lib\jfxswt.jar;C:\Program Files\Java\jdk1.8.0_202\jre\lib\jsse.jar;C:\Program Files\Java\jdk1.8.0_202\jre\lib\management-agent.jar;C:\Program Files\Java\jdk1.8.0_202\jre\lib\plugin.jar;C:\Program Files\Java\jdk1.8.0_202\jre\lib\resources.jar;C:\Program Files\Java\jdk1.8.0_202\jre\lib\rt.jar;C:\TrabajosProgramacion\PC\ProyectoModificado\Professional-Practices-software\out\production\Professional-Practices-software;C:\TrabajosProgramacion\PC\ProyectoModificado\Professional-Practices-software\dependencies\jbcrypt-0.4.jar;C:\TrabajosProgramacion\PC\ProyectoModificado\Professional-Practices-software\dependencies\mysql-connector-java-8.0.20.jar;C:\Program Files\JetBrains\IntelliJ IDEA 2024.2.0.2\lib\idea_rt.jar
Launcher Type: SUN_STANDARD

Environment Variables:
PATH=C:\Program Files\Eclipse Adoptium\jdk-21.0.7.6-hotspot\bin;C:\Program Files\MySQL\MySQL Server 8.0\bin;C:\Program Files (x86)\Common Files\Oracle\Java\java8path;C:\Program Files\Common Files\Oracle\Java\javapath;C:\Program Files (x86)\Common Files\Oracle\Java\javapath;C:\WINDOWS\system32;C:\WINDOWS;C:\WINDOWS\System32\Wbem;C:\WINDOWS\System32\WindowsPowerShell\v1.0\;C:\WINDOWS\System32\OpenSSH\;C:\Program Files (x86)\Common Files\i2 Shared\Geotrans\;C:\Program Files (x86)\Common Files\i2 Shared\i2 Online iLink 8\Components\;C:\Program Files\HP\HP One Agent;C:\Users\jccas\AppData\Local\Programs\Python\Python313;C:\WINDOWS\system32;C:\WINDOWS;C:\WINDOWS\System32\Wbem;C:\WINDOWS\System32\WindowsPowerShell\v1.0\;C:\WINDOWS\System32\OpenSSH\;C:\Program Files\dotnet\;C:\Program Files\Git\cmd;C:\Program Files\MySQL\MySQL Server 8.0\bin;C:\Users\jccas\AppData\Local\Programs\Python\Launcher\;C:\xampp\htdocs\UAI\vistas\index.ine_nacional.vista.php;C:\Users\jccas\AppData\Local\Microsoft\WindowsApps;C:\Users\jccas\AppData\Local\JetBrains\Toolbox\scripts;C:\Users\jccas\AppData\Local\Programs\Microsoft VS Code\bin;C:\Users\jccas\.dotnet\tools;
USERNAME=jccas
OS=Windows_NT
PROCESSOR_IDENTIFIER=Intel64 Family 6 Model 140 Stepping 1, GenuineIntel



---------------  S Y S T E M  ---------------

OS: Windows 10.0 , 64 bit Build 26100 (10.0.26100.4202)

CPU:total 8 (initial active 8) (4 cores per cpu, 2 threads per core) family 6 model 140 stepping 1, cmov, cx8, fxsr, mmx, sse, sse2, sse3, ssse3, sse4.1, sse4.2, popcnt, avx, avx2, aes, clmul, erms, 3dnowpref, lzcnt, ht, tsc, tscinvbit, bmi1, bmi2, adx

Memory: 4k page, physical 8148984k(887424k free), swap 17242192k(2914172k free)

vm_info: Java HotSpot(TM) 64-Bit Server VM (25.202-b08) for windows-amd64 JRE (1.8.0_202-b08), built on Dec 15 2018 19:54:30 by "java_re" with MS VC++ 10.0 (VS2010)

time: Thu Jun 19 13:05:45 2025
timezone: Hora estándar central (México)
elapsed time: 342 seconds (0d 0h 5m 42s)

