#
# A fatal error has been detected by the Java Runtime Environment:
#
#  EXCEPTION_ACCESS_VIOLATION (0xc0000005) at pc=0x00007ffda8c268a7, pid=16532, tid=16208
#
# JRE version: OpenJDK Runtime Environment Temurin-17.0.15+6 (17.0.15+6) (build 17.0.15+6)
# Java VM: OpenJDK 64-Bit Server VM Temurin-17.0.15+6 (17.0.15+6, mixed mode, sharing, tiered, compressed oops, compressed class ptrs, g1 gc, windows-amd64)
# Problematic frame:
# C  [glass.dll+0x268a7]
#
# No core dump will be written. Minidumps are not enabled by default on client versions of Windows
#
# If you would like to submit a bug report, please visit:
#   https://github.com/adoptium/adoptium-support/issues
#

---------------  S U M M A R Y ------------

Command Line: --module-path=C:\Program Files\JavaFX\javafx-sdk-17.0.15\lib --add-modules=javafx.controls,javafx.fxml,javafx.graphics,javafx.base -javaagent:C:\Program Files\JetBrains\IntelliJ IDEA 2024.2.0.2\lib\idea_rt.jar=54750:C:\Program Files\JetBrains\IntelliJ IDEA 2024.2.0.2\bin -Dfile.encoding=UTF-8 professionalpractice.ProfessionalPractices

Host: 11th Gen Intel(R) Core(TM) i5-1135G7 @ 2.40GHz, 8 cores, 7G,  Windows 11 , 64 bit Build 26100 (10.0.26100.4202)
Time: Fri Jun 20 18:29:48 2025 Hora estándar central (México) elapsed time: 317.652313 seconds (0d 0h 5m 17s)

---------------  T H R E A D  ---------------

Current thread (0x000001be55066070):  VMThread "VM Thread" [stack: 0x00000038a4b00000,0x00000038a4c00000] [id=16208]

Stack: [0x00000038a4b00000,0x00000038a4c00000],  sp=0x00000038a4bff150,  free space=1020k
Native frames: (J=compiled Java code, j=interpreted, Vv=VM code, C=native code)
C  [glass.dll+0x268a7]


siginfo: EXCEPTION_ACCESS_VIOLATION (0xc0000005), reading address 0x0000000000000000


Registers:
RAX=0x0000000000000000, RBX=0x000001be550789d0, RCX=0x000001be55066070, RDX=0x00000038a4bff150
RSP=0x00000038a4bff150, RBP=0x00007c2946167841, RSI=0x000001be9b6315c8, RDI=0x000001be9b6315a0
R8 =0x0000000000010002, R9 =0x00007c2946167841, R10=0x000001be34cc0000, R11=0x00000038a4bff000
R12=0x00007ffda8c00000, R13=0x000000007ffe0385, R14=0x00000038a4bff258, R15=0x000001be9b6315a0
RIP=0x00007ffda8c268a7, EFLAGS=0x0000000000010206

XMM[0]=0x0000000000000000 0x0000000000000000
XMM[1]=0x0000000000000000 0x0000000000000000
XMM[2]=0x0000000000000000 0x0000000000000000
XMM[3]=0x0000000000000000 0x0000000000000000
XMM[4]=0x0000000000000000 0x0000000000000000
XMM[5]=0x0000000000000000 0x0000000000000000
XMM[6]=0x0000000000000000 0x404e000000000000
XMM[7]=0x0000000000000000 0x0000000000000000
XMM[8]=0x0000000000000000 0x0000000000000000
XMM[9]=0x0000000000000000 0x0000000000000000
XMM[10]=0x0000000000000000 0x0000000000000000
XMM[11]=0x0000000000000000 0x0000000000000000
XMM[12]=0x0000000000000000 0x0000000000000000
XMM[13]=0x0000000000000000 0x0000000000000000
XMM[14]=0x0000000000000000 0x0000000000000000
XMM[15]=0x0000000000000000 0x0000000000000000
  MXCSR=0x00001fa3


Register to memory mapping:

RIP=0x00007ffda8c268a7 glass.dll
RAX=0x0 is NULL
RBX=0x000001be550789d0 is a global jni handle
RCX=0x000001be55066070 points into unknown readable memory: 0x00007ffd60002bb8 | b8 2b 00 60 fd 7f 00 00
RDX=0x00000038a4bff150 points into unknown readable memory: 0x0000000000000000 | 00 00 00 00 00 00 00 00
RSP=0x00000038a4bff150 points into unknown readable memory: 0x0000000000000000 | 00 00 00 00 00 00 00 00
RBP=0x00007c2946167841 is an unknown value
RSI=0x000001be9b6315c8 points into unknown readable memory: 0x00007c2946167841 | 41 78 16 46 29 7c 00 00
RDI=0x000001be9b6315a0 points into unknown readable memory: 0x000083d217920251 | 51 02 92 17 d2 83 00 00
R8 =0x0000000000010002 is an unknown value
R9 =0x00007c2946167841 is an unknown value
R10=0x000001be34cc0000 points into unknown readable memory: 0x0000000000000000 | 00 00 00 00 00 00 00 00
R11=0x00000038a4bff000 points into unknown readable memory: 0x0000000000000000 | 00 00 00 00 00 00 00 00
R12=0x00007ffda8c00000 glass.dll
R13=0x000000007ffe0385 points into unknown readable memory: 00 00 00
R14=0x00000038a4bff258 points into unknown readable memory: 0x00000038a4bff240 | 40 f2 bf a4 38 00 00 00
R15=0x000001be9b6315a0 points into unknown readable memory: 0x000083d217920251 | 51 02 92 17 d2 83 00 00


Top of Stack: (sp=0x00000038a4bff150)
0x00000038a4bff150:   0000000000000000 000001be00000000
0x00000038a4bff160:   000001be9b5dd1d0 00007ffda8c00000
0x00000038a4bff170:   000001be9b6315a8 00007ffde00abc75
0x00000038a4bff180:   000001be9b6315a0 000001be00000000
0x00000038a4bff190:   000001be9b6315c0 00007c2946167841
0x00000038a4bff1a0:   fffffffffffffffe 00007ffddfcc96ab
0x00000038a4bff1b0:   0000000000000000 00007ffda8c00000
0x00000038a4bff1c0:   00000038a4bff248 00007ffde00ab897
0x00000038a4bff1d0:   00000038a4bff200 00000038a4bff258
0x00000038a4bff1e0:   00000038a4bff780 00007ffde01988c0
0x00000038a4bff1f0:   0000000000000001 00007ffde00ab84d
0x00000038a4bff200:   0000000000000000 0000000000000001
0x00000038a4bff210:   0000000000000000 00000038a4bff248
0x00000038a4bff220:   fffffffffffffffe 00000038a4bff700
0x00000038a4bff230:   0000000000000000 00007ffda8c2407d
0x00000038a4bff240:   00007ffda8c3a008 00007ffd00000002
0x00000038a4bff250:   0000000000000002 00000038a4bff240
0x00000038a4bff260:   0000000000000000 00007ffdde2e908d
0x00000038a4bff270:   0000000000000000 00007ffda8c241a2
0x00000038a4bff280:   0000000000000001 000000007ffe0384
0x00000038a4bff290:   0000000000000001 0000000000000001
0x00000038a4bff2a0:   000000007ffe0384 00007ffddf0f277e
0x00000038a4bff2b0:   0000000000000001 000000000000008d
0x00000038a4bff2c0:   00007ffda8c241f0 0000000000000001
0x00000038a4bff2d0:   0000000000000001 00007ffde2a12983
0x00000038a4bff2e0:   00007ffda8c00000 0000000000000000
0x00000038a4bff2f0:   0000000000000001 000000007ffe0384
0x00000038a4bff300:   000000000000005e 0000000000000000
0x00000038a4bff310:   0000000000000000 0000000000000000
0x00000038a4bff320:   00007ffda8c00000 fffffd8500000000
0x00000038a4bff330:   000000000000008b 0000000000000000
0x00000038a4bff340:   0000000000000000 000001be350b67b0 

Instructions: (pc=0x00007ffda8c268a7)
0x00007ffda8c267a7:   8b 4d 58 e8 8d cf ff ff 48 8b 4d 60 e8 84 cf ff
0x00007ffda8c267b7:   ff 48 8b 95 80 00 00 00 48 8b 8d 18 01 00 00 e8
0x00007ffda8c267c7:   76 c4 ff ff 33 d2 33 c9 e8 cc e1 ff ff 90 48 89
0x00007ffda8c267d7:   54 24 10 55 48 83 ec 20 48 8b ea 48 b8 00 00 00
0x00007ffda8c267e7:   00 00 00 00 00 48 83 c4 20 5d c3 cc 40 55 48 8b
0x00007ffda8c267f7:   ea 48 8b 01 33 c9 81 38 05 00 00 c0 0f 94 c1 8b
0x00007ffda8c26807:   c1 5d c3 cc 40 55 48 83 ec 20 48 8b ea 8a 4d 40
0x00007ffda8c26817:   48 83 c4 20 5d e9 73 d3 ff ff cc 40 55 48 83 ec
0x00007ffda8c26827:   20 48 8b ea 8a 4d 20 e8 61 d3 ff ff 90 48 83 c4
0x00007ffda8c26837:   20 5d c3 cc 40 55 48 83 ec 20 48 8b ea 48 83 c4
0x00007ffda8c26847:   20 5d e9 c2 d1 ff ff cc 40 55 48 83 ec 30 48 8b
0x00007ffda8c26857:   ea 48 8b 01 8b 10 48 89 4c 24 28 89 54 24 20 4c
0x00007ffda8c26867:   8d 0d 63 d6 ff ff 4c 8b 45 70 8b 55 68 48 8b 4d
0x00007ffda8c26877:   60 e8 03 d1 ff ff 90 48 83 c4 30 5d c3 cc cc cc
0x00007ffda8c26887:   cc cc cc cc cc cc cc cc cc 40 53 48 83 ec 20 48
0x00007ffda8c26897:   8b 1d 6b 31 01 00 48 85 db 74 16 e8 89 8b ff ff
0x00007ffda8c268a7:   4c 8b 00 48 8b d3 48 8b c8 41 ff 90 b0 00 00 00
0x00007ffda8c268b7:   90 48 83 c4 20 5b c3 cc cc 40 53 48 83 ec 20 48
0x00007ffda8c268c7:   8b 1d db 32 01 00 48 85 db 74 57 b8 ff ff ff ff
0x00007ffda8c268d7:   f0 0f c1 43 10 83 f8 01 75 3d 48 85 db 74 38 48
0x00007ffda8c268e7:   8b 0b 48 85 c9 74 0d ff 15 b4 09 00 00 48 c7 03
0x00007ffda8c268f7:   00 00 00 00 48 8b 4b 08 48 85 c9 74 0d e8 33 ce
0x00007ffda8c26907:   ff ff 48 c7 43 08 00 00 00 00 ba 18 00 00 00 48
0x00007ffda8c26917:   8b cb e8 1e ce ff ff 48 c7 05 7f 32 01 00 00 00
0x00007ffda8c26927:   00 00 48 83 c4 20 5b c3 cc 40 53 48 83 ec 20 48
0x00007ffda8c26937:   8b 1d 4b 32 01 00 48 85 db 74 57 b8 ff ff ff ff
0x00007ffda8c26947:   f0 0f c1 43 10 83 f8 01 75 3d 48 85 db 74 38 48
0x00007ffda8c26957:   8b 0b 48 85 c9 74 0d ff 15 44 09 00 00 48 c7 03
0x00007ffda8c26967:   00 00 00 00 48 8b 4b 08 48 85 c9 74 0d e8 c3 cd
0x00007ffda8c26977:   ff ff 48 c7 43 08 00 00 00 00 ba 18 00 00 00 48
0x00007ffda8c26987:   8b cb e8 ae cd ff ff 48 c7 05 ef 31 01 00 00 00
0x00007ffda8c26997:   00 00 48 83 c4 20 5b c3 cc 40 53 48 83 ec 20 48 


Stack slot to memory mapping:
stack at sp + 0 slots: 0x0 is NULL
stack at sp + 1 slots: 0x000001be00000000 is an unknown value
stack at sp + 2 slots: 0x000001be9b5dd1d0 points into unknown readable memory: 0x000001be9b5dd6b0 | b0 d6 5d 9b be 01 00 00
stack at sp + 3 slots: 0x00007ffda8c00000 glass.dll
stack at sp + 4 slots: 0x000001be9b6315a8 points into unknown readable memory: 0x00007c2946167841 | 41 78 16 46 29 7c 00 00
stack at sp + 5 slots: 0x00007ffde00abc75 ucrtbase.dll
stack at sp + 6 slots: 0x000001be9b6315a0 points into unknown readable memory: 0x000083d217920251 | 51 02 92 17 d2 83 00 00
stack at sp + 7 slots: 0x000001be00000000 is an unknown value

VM_Operation (0x00000038a44ff4b0): Exit, mode: safepoint, requested by thread 0x000001bea0297a30


---------------  P R O C E S S  ---------------

Threads class SMR info:
_java_thread_list=0x000001be9b1a7860, length=22, elements={
0x000001be370a81e0, 0x000001be5506b5b0, 0x000001be5506c170, 0x000001be55080c00,
0x000001be550835d0, 0x000001be55083f90, 0x000001be55084950, 0x000001be550856f0,
0x000001be550881b0, 0x000001be55088bb0, 0x000001be55058230, 0x000001be9b20f550,
0x000001be9b42a8a0, 0x000001be558b7b20, 0x000001be9b65d5c0, 0x000001be9b65f260,
0x000001be9b7f04a0, 0x000001bea02960e0, 0x000001bea0298960, 0x000001bea0297520,
0x000001bea0296b00, 0x000001bea0297a30
}

Java Threads: ( => current thread )
  0x000001be370a81e0 JavaThread "main" [_thread_blocked, id=14440, stack(0x00000038a4500000,0x00000038a4600000)]
  0x000001be5506b5b0 JavaThread "Reference Handler" daemon [_thread_blocked, id=29308, stack(0x00000038a4c00000,0x00000038a4d00000)]
  0x000001be5506c170 JavaThread "Finalizer" daemon [_thread_blocked, id=21624, stack(0x00000038a4d00000,0x00000038a4e00000)]
  0x000001be55080c00 JavaThread "Signal Dispatcher" daemon [_thread_blocked, id=18904, stack(0x00000038a4e00000,0x00000038a4f00000)]
  0x000001be550835d0 JavaThread "Attach Listener" daemon [_thread_blocked, id=20360, stack(0x00000038a4f00000,0x00000038a5000000)]
  0x000001be55083f90 JavaThread "Service Thread" daemon [_thread_blocked, id=30528, stack(0x00000038a5000000,0x00000038a5100000)]
  0x000001be55084950 JavaThread "Monitor Deflation Thread" daemon [_thread_blocked, id=31728, stack(0x00000038a5100000,0x00000038a5200000)]
  0x000001be550856f0 JavaThread "C2 CompilerThread0" daemon [_thread_blocked, id=18272, stack(0x00000038a5200000,0x00000038a5300000)]
  0x000001be550881b0 JavaThread "C1 CompilerThread0" daemon [_thread_blocked, id=25160, stack(0x00000038a5300000,0x00000038a5400000)]
  0x000001be55088bb0 JavaThread "Sweeper thread" daemon [_thread_blocked, id=32344, stack(0x00000038a5400000,0x00000038a5500000)]
  0x000001be55058230 JavaThread "Common-Cleaner" daemon [_thread_blocked, id=27976, stack(0x00000038a5500000,0x00000038a5600000)]
  0x000001be9b20f550 JavaThread "Monitor Ctrl-Break" daemon [_thread_in_native, id=28064, stack(0x00000038a5800000,0x00000038a5900000)]
  0x000001be9b42a8a0 JavaThread "Notification Thread" daemon [_thread_blocked, id=15264, stack(0x00000038a5900000,0x00000038a5a00000)]
  0x000001be558b7b20 JavaThread "QuantumRenderer-0" daemon [_thread_blocked, id=12944, stack(0x00000038a5b00000,0x00000038a5c00000)]
  0x000001be9b65d5c0 JavaThread "InvokeLaterDispatcher" daemon [_thread_blocked, id=32460, stack(0x00000038a5c00000,0x00000038a5d00000)]
  0x000001be9b65f260 JavaThread "JavaFX Application Thread" [_thread_in_native, id=27940, stack(0x00000038a5d00000,0x00000038a5e00000)]
  0x000001be9b7f04a0 JavaThread "JavaFX-Launcher" [_thread_blocked, id=28832, stack(0x00000038a6200000,0x00000038a6300000)]
  0x000001bea02960e0 JavaThread "Thread-2" daemon [_thread_in_native, id=28292, stack(0x00000038a6100000,0x00000038a6200000)]
  0x000001bea0298960 JavaThread "Prism Font Disposer" daemon [_thread_blocked, id=24612, stack(0x00000038a6b00000,0x00000038a6c00000)]
  0x000001bea0297520 JavaThread "Cleaner-0" daemon [_thread_blocked, id=12188, stack(0x00000038a6c00000,0x00000038a6d00000)]
  0x000001bea0296b00 JavaThread "mysql-cj-abandoned-connection-cleanup" daemon [_thread_blocked, id=25780, stack(0x00000038a6f00000,0x00000038a7000000)]
  0x000001bea0297a30 JavaThread "SIGINT handler" daemon [_thread_blocked, id=27300, stack(0x00000038a4400000,0x00000038a4500000)]

Other Threads:
=>0x000001be55066070 VMThread "VM Thread" [stack: 0x00000038a4b00000,0x00000038a4c00000] [id=16208]
  0x000001be371058d0 GCTaskThread "GC Thread#0" [stack: 0x00000038a4600000,0x00000038a4700000] [id=22600]
  0x000001bea0351010 GCTaskThread "GC Thread#1" [stack: 0x00000038a6300000,0x00000038a6400000] [id=6708]
  0x000001be9b7ca7d0 GCTaskThread "GC Thread#2" [stack: 0x00000038a6400000,0x00000038a6500000] [id=23504]
  0x000001bea0369570 GCTaskThread "GC Thread#3" [stack: 0x00000038a6500000,0x00000038a6600000] [id=1412]
  0x000001bea02b9d50 GCTaskThread "GC Thread#4" [stack: 0x00000038a6600000,0x00000038a6700000] [id=27848]
  0x000001bea02c4550 GCTaskThread "GC Thread#5" [stack: 0x00000038a6700000,0x00000038a6800000] [id=26860]
  0x000001bea09190a0 GCTaskThread "GC Thread#6" [stack: 0x00000038a5600000,0x00000038a5700000] [id=17828]
  0x000001bea0918860 GCTaskThread "GC Thread#7" [stack: 0x00000038a5700000,0x00000038a5800000] [id=32220]
  0x000001be37116db0 ConcurrentGCThread "G1 Main Marker" terminated
  0x000001be371177d0 ConcurrentGCThread "G1 Conc#0" [stack: 0x00000038a4800000,0x00000038a4900000] [id=20256]
  0x000001bea0919e60 ConcurrentGCThread "G1 Conc#1" [stack: 0x00000038a7000000,0x00000038a7100000] [id=7972]
  0x000001be54f15f80 ConcurrentGCThread "G1 Refine#0" terminated
  0x000001bea047cf80 ConcurrentGCThread "G1 Refine#1" terminated
  0x000001bea047d270 ConcurrentGCThread "G1 Refine#2" terminated
  0x000001be54f16850 ConcurrentGCThread "G1 Service" terminated

Threads with active compile tasks:

VM state: at safepoint (shutting down)

VM Mutex/Monitor currently owned by a thread:  ([mutex/lock_event])
[0x000001be370a3b60] Threads_lock - owner thread: 0x000001be55066070
[0x000001be370a4220] Heap_lock - owner thread: 0x000001bea0297a30

Heap address: 0x0000000083a00000, size: 1990 MB, Compressed Oops mode: 32-bit

CDS archive(s) mapped at: [0x000001be56000000-0x000001be56bb0000-0x000001be56bb0000), size 12255232, SharedBaseAddress: 0x000001be56000000, ArchiveRelocationMode: 1.
Compressed class space mapped at: 0x000001be57000000-0x000001be97000000, reserved size: 1073741824
Narrow klass base: 0x000001be56000000, Narrow klass shift: 0, Narrow klass range: 0x100000000

GC Precious Log:
 CPUs: 8 total, 8 available
 Memory: 7957M
 Large Page Support: Disabled
 NUMA Support: Disabled
 Compressed Oops: Enabled (32-bit)
 Heap Region Size: 1M
 Heap Min Capacity: 8M
 Heap Initial Capacity: 126M
 Heap Max Capacity: 1990M
 Pre-touch: Disabled
 Parallel Workers: 8
 Concurrent Workers: 2
 Concurrent Refinement Workers: 8
 Periodic GC: Disabled

Heap:
 garbage-first heap   total 129024K, used 47539K [0x0000000083a00000, 0x0000000100000000)
  region size 1024K, 16 young (16384K), 9 survivors (9216K)
 Metaspace       used 21877K, committed 22080K, reserved 1114112K
  class space    used 3045K, committed 3136K, reserved 1048576K

Heap Regions: E=young(eden), S=young(survivor), O=old, HS=humongous(starts), HC=humongous(continues), CS=collection set, F=free, OA=open archive, CA=closed archive, TAMS=top-at-mark-start (previous, next)
|   0|0x0000000083a00000, 0x0000000083b00000, 0x0000000083b00000|100%| O|  |TAMS 0x0000000083b00000, 0x0000000083a00000| Untracked 
|   1|0x0000000083b00000, 0x0000000083c00000, 0x0000000083c00000|100%|HS|  |TAMS 0x0000000083c00000, 0x0000000083b00000| Complete 
|   2|0x0000000083c00000, 0x0000000083d00000, 0x0000000083d00000|100%|HC|  |TAMS 0x0000000083d00000, 0x0000000083c00000| Complete 
|   3|0x0000000083d00000, 0x0000000083e00000, 0x0000000083e00000|100%|HC|  |TAMS 0x0000000083e00000, 0x0000000083d00000| Complete 
|   4|0x0000000083e00000, 0x0000000083f00000, 0x0000000083f00000|100%|HC|  |TAMS 0x0000000083f00000, 0x0000000083e00000| Complete 
|   5|0x0000000083f00000, 0x0000000084000000, 0x0000000084000000|100%|HC|  |TAMS 0x0000000084000000, 0x0000000083f00000| Complete 
|   6|0x0000000084000000, 0x0000000084100000, 0x0000000084100000|100%|HS|  |TAMS 0x0000000084100000, 0x0000000084000000| Complete 
|   7|0x0000000084100000, 0x0000000084200000, 0x0000000084200000|100%|HC|  |TAMS 0x0000000084200000, 0x0000000084100000| Complete 
|   8|0x0000000084200000, 0x00000000842faa00, 0x0000000084300000| 97%| O|  |TAMS 0x00000000842faa00, 0x0000000084200000| Untracked 
|   9|0x0000000084300000, 0x0000000084400000, 0x0000000084400000|100%|HS|  |TAMS 0x0000000084400000, 0x0000000084300000| Complete 
|  10|0x0000000084400000, 0x0000000084500000, 0x0000000084500000|100%|HC|  |TAMS 0x0000000084500000, 0x0000000084400000| Complete 
|  11|0x0000000084500000, 0x0000000084600000, 0x0000000084600000|100%|HC|  |TAMS 0x0000000084600000, 0x0000000084500000| Complete 
|  12|0x0000000084600000, 0x0000000084700000, 0x0000000084700000|100%|HC|  |TAMS 0x0000000084700000, 0x0000000084600000| Complete 
|  13|0x0000000084700000, 0x0000000084800000, 0x0000000084800000|100%|HC|  |TAMS 0x0000000084800000, 0x0000000084700000| Complete 
|  14|0x0000000084800000, 0x0000000084900000, 0x0000000084900000|100%|HC|  |TAMS 0x0000000084900000, 0x0000000084800000| Complete 
|  15|0x0000000084900000, 0x0000000084a00000, 0x0000000084a00000|100%|HC|  |TAMS 0x0000000084a00000, 0x0000000084900000| Complete 
|  16|0x0000000084a00000, 0x0000000084b00000, 0x0000000084b00000|100%|HC|  |TAMS 0x0000000084b00000, 0x0000000084a00000| Complete 
|  17|0x0000000084b00000, 0x0000000084c00000, 0x0000000084c00000|100%|HC|  |TAMS 0x0000000084c00000, 0x0000000084b00000| Complete 
|  18|0x0000000084c00000, 0x0000000084d00000, 0x0000000084d00000|100%|HC|  |TAMS 0x0000000084d00000, 0x0000000084c00000| Complete 
|  19|0x0000000084d00000, 0x0000000084e00000, 0x0000000084e00000|100%|HC|  |TAMS 0x0000000084e00000, 0x0000000084d00000| Complete 
|  20|0x0000000084e00000, 0x0000000084f00000, 0x0000000084f00000|100%|HC|  |TAMS 0x0000000084f00000, 0x0000000084e00000| Complete 
|  21|0x0000000084f00000, 0x0000000085000000, 0x0000000085000000|100%|HC|  |TAMS 0x0000000085000000, 0x0000000084f00000| Complete 
|  22|0x0000000085000000, 0x0000000085100000, 0x0000000085100000|100%|HS|  |TAMS 0x0000000085100000, 0x0000000085000000| Complete 
|  23|0x0000000085100000, 0x0000000085200000, 0x0000000085200000|100%|HC|  |TAMS 0x0000000085200000, 0x0000000085100000| Complete 
|  24|0x0000000085200000, 0x0000000085300000, 0x0000000085300000|100%|HS|  |TAMS 0x0000000085300000, 0x0000000085200000| Complete 
|  25|0x0000000085300000, 0x0000000085400000, 0x0000000085400000|100%|HC|  |TAMS 0x0000000085400000, 0x0000000085300000| Complete 
|  26|0x0000000085400000, 0x0000000085500000, 0x0000000085500000|100%|HS|  |TAMS 0x0000000085500000, 0x0000000085400000| Complete 
|  27|0x0000000085500000, 0x0000000085600000, 0x0000000085600000|100%|HC|  |TAMS 0x0000000085600000, 0x0000000085500000| Complete 
|  28|0x0000000085600000, 0x0000000085700000, 0x0000000085700000|100%|HS|  |TAMS 0x0000000085700000, 0x0000000085600000| Complete 
|  29|0x0000000085700000, 0x0000000085800000, 0x0000000085800000|100%|HC|  |TAMS 0x0000000085800000, 0x0000000085700000| Complete 
|  30|0x0000000085800000, 0x0000000085900000, 0x0000000085900000|100%|HS|  |TAMS 0x0000000085900000, 0x0000000085800000| Complete 
|  31|0x0000000085900000, 0x0000000085a00000, 0x0000000085a00000|100%|HC|  |TAMS 0x0000000085a00000, 0x0000000085900000| Complete 
|  32|0x0000000085a00000, 0x0000000085a00000, 0x0000000085b00000|  0%| F|  |TAMS 0x0000000085a00000, 0x0000000085a00000| Untracked 
|  33|0x0000000085b00000, 0x0000000085b00000, 0x0000000085c00000|  0%| F|  |TAMS 0x0000000085b00000, 0x0000000085b00000| Untracked 
|  34|0x0000000085c00000, 0x0000000085c00000, 0x0000000085d00000|  0%| F|  |TAMS 0x0000000085c00000, 0x0000000085c00000| Untracked 
|  35|0x0000000085d00000, 0x0000000085d00000, 0x0000000085e00000|  0%| F|  |TAMS 0x0000000085d00000, 0x0000000085d00000| Untracked 
|  36|0x0000000085e00000, 0x0000000085e00000, 0x0000000085f00000|  0%| F|  |TAMS 0x0000000085e00000, 0x0000000085e00000| Untracked 
|  37|0x0000000085f00000, 0x0000000085f00000, 0x0000000086000000|  0%| F|  |TAMS 0x0000000085f00000, 0x0000000085f00000| Untracked 
|  38|0x0000000086000000, 0x0000000086000000, 0x0000000086100000|  0%| F|  |TAMS 0x0000000086000000, 0x0000000086000000| Untracked 
|  39|0x0000000086100000, 0x0000000086100000, 0x0000000086200000|  0%| F|  |TAMS 0x0000000086100000, 0x0000000086100000| Untracked 
|  40|0x0000000086200000, 0x0000000086200000, 0x0000000086300000|  0%| F|  |TAMS 0x0000000086200000, 0x0000000086200000| Untracked 
|  41|0x0000000086300000, 0x0000000086300000, 0x0000000086400000|  0%| F|  |TAMS 0x0000000086300000, 0x0000000086300000| Untracked 
|  42|0x0000000086400000, 0x0000000086400000, 0x0000000086500000|  0%| F|  |TAMS 0x0000000086400000, 0x0000000086400000| Untracked 
|  43|0x0000000086500000, 0x0000000086500000, 0x0000000086600000|  0%| F|  |TAMS 0x0000000086500000, 0x0000000086500000| Untracked 
|  44|0x0000000086600000, 0x0000000086600000, 0x0000000086700000|  0%| F|  |TAMS 0x0000000086600000, 0x0000000086600000| Untracked 
|  45|0x0000000086700000, 0x0000000086700000, 0x0000000086800000|  0%| F|  |TAMS 0x0000000086700000, 0x0000000086700000| Untracked 
|  46|0x0000000086800000, 0x0000000086800000, 0x0000000086900000|  0%| F|  |TAMS 0x0000000086800000, 0x0000000086800000| Untracked 
|  47|0x0000000086900000, 0x0000000086900000, 0x0000000086a00000|  0%| F|  |TAMS 0x0000000086900000, 0x0000000086900000| Untracked 
|  48|0x0000000086a00000, 0x0000000086a00000, 0x0000000086b00000|  0%| F|  |TAMS 0x0000000086a00000, 0x0000000086a00000| Untracked 
|  49|0x0000000086b00000, 0x0000000086b00000, 0x0000000086c00000|  0%| F|  |TAMS 0x0000000086b00000, 0x0000000086b00000| Untracked 
|  50|0x0000000086c00000, 0x0000000086c00000, 0x0000000086d00000|  0%| F|  |TAMS 0x0000000086c00000, 0x0000000086c00000| Untracked 
|  51|0x0000000086d00000, 0x0000000086d00000, 0x0000000086e00000|  0%| F|  |TAMS 0x0000000086d00000, 0x0000000086d00000| Untracked 
|  52|0x0000000086e00000, 0x0000000086e00000, 0x0000000086f00000|  0%| F|  |TAMS 0x0000000086e00000, 0x0000000086e00000| Untracked 
|  53|0x0000000086f00000, 0x0000000086f00000, 0x0000000087000000|  0%| F|  |TAMS 0x0000000086f00000, 0x0000000086f00000| Untracked 
|  54|0x0000000087000000, 0x0000000087000000, 0x0000000087100000|  0%| F|  |TAMS 0x0000000087000000, 0x0000000087000000| Untracked 
|  55|0x0000000087100000, 0x0000000087100000, 0x0000000087200000|  0%| F|  |TAMS 0x0000000087100000, 0x0000000087100000| Untracked 
|  56|0x0000000087200000, 0x0000000087200000, 0x0000000087300000|  0%| F|  |TAMS 0x0000000087200000, 0x0000000087200000| Untracked 
|  57|0x0000000087300000, 0x0000000087300000, 0x0000000087400000|  0%| F|  |TAMS 0x0000000087300000, 0x0000000087300000| Untracked 
|  58|0x0000000087400000, 0x0000000087400000, 0x0000000087500000|  0%| F|  |TAMS 0x0000000087400000, 0x0000000087400000| Untracked 
|  59|0x0000000087500000, 0x0000000087500000, 0x0000000087600000|  0%| F|  |TAMS 0x0000000087500000, 0x0000000087500000| Untracked 
|  60|0x0000000087600000, 0x0000000087600000, 0x0000000087700000|  0%| F|  |TAMS 0x0000000087600000, 0x0000000087600000| Untracked 
|  61|0x0000000087700000, 0x0000000087700000, 0x0000000087800000|  0%| F|  |TAMS 0x0000000087700000, 0x0000000087700000| Untracked 
|  62|0x0000000087800000, 0x0000000087800000, 0x0000000087900000|  0%| F|  |TAMS 0x0000000087800000, 0x0000000087800000| Untracked 
|  63|0x0000000087900000, 0x0000000087900000, 0x0000000087a00000|  0%| F|  |TAMS 0x0000000087900000, 0x0000000087900000| Untracked 
|  64|0x0000000087a00000, 0x0000000087a00000, 0x0000000087b00000|  0%| F|  |TAMS 0x0000000087a00000, 0x0000000087a00000| Untracked 
|  65|0x0000000087b00000, 0x0000000087b00000, 0x0000000087c00000|  0%| F|  |TAMS 0x0000000087b00000, 0x0000000087b00000| Untracked 
|  66|0x0000000087c00000, 0x0000000087c00000, 0x0000000087d00000|  0%| F|  |TAMS 0x0000000087c00000, 0x0000000087c00000| Untracked 
|  67|0x0000000087d00000, 0x0000000087d00000, 0x0000000087e00000|  0%| F|  |TAMS 0x0000000087d00000, 0x0000000087d00000| Untracked 
|  68|0x0000000087e00000, 0x0000000087e00000, 0x0000000087f00000|  0%| F|  |TAMS 0x0000000087e00000, 0x0000000087e00000| Untracked 
|  69|0x0000000087f00000, 0x0000000087f00000, 0x0000000088000000|  0%| F|  |TAMS 0x0000000087f00000, 0x0000000087f00000| Untracked 
|  70|0x0000000088000000, 0x0000000088000000, 0x0000000088100000|  0%| F|  |TAMS 0x0000000088000000, 0x0000000088000000| Untracked 
|  71|0x0000000088100000, 0x0000000088100000, 0x0000000088200000|  0%| F|  |TAMS 0x0000000088100000, 0x0000000088100000| Untracked 
|  72|0x0000000088200000, 0x0000000088200000, 0x0000000088300000|  0%| F|  |TAMS 0x0000000088200000, 0x0000000088200000| Untracked 
|  73|0x0000000088300000, 0x0000000088300000, 0x0000000088400000|  0%| F|  |TAMS 0x0000000088300000, 0x0000000088300000| Untracked 
|  74|0x0000000088400000, 0x0000000088400000, 0x0000000088500000|  0%| F|  |TAMS 0x0000000088400000, 0x0000000088400000| Untracked 
|  75|0x0000000088500000, 0x0000000088500000, 0x0000000088600000|  0%| F|  |TAMS 0x0000000088500000, 0x0000000088500000| Untracked 
|  76|0x0000000088600000, 0x0000000088600000, 0x0000000088700000|  0%| F|  |TAMS 0x0000000088600000, 0x0000000088600000| Untracked 
|  77|0x0000000088700000, 0x0000000088700000, 0x0000000088800000|  0%| F|  |TAMS 0x0000000088700000, 0x0000000088700000| Untracked 
|  78|0x0000000088800000, 0x0000000088800000, 0x0000000088900000|  0%| F|  |TAMS 0x0000000088800000, 0x0000000088800000| Untracked 
|  79|0x0000000088900000, 0x0000000088900000, 0x0000000088a00000|  0%| F|  |TAMS 0x0000000088900000, 0x0000000088900000| Untracked 
|  80|0x0000000088a00000, 0x0000000088a00000, 0x0000000088b00000|  0%| F|  |TAMS 0x0000000088a00000, 0x0000000088a00000| Untracked 
|  81|0x0000000088b00000, 0x0000000088b00000, 0x0000000088c00000|  0%| F|  |TAMS 0x0000000088b00000, 0x0000000088b00000| Untracked 
|  82|0x0000000088c00000, 0x0000000088c00000, 0x0000000088d00000|  0%| F|  |TAMS 0x0000000088c00000, 0x0000000088c00000| Untracked 
|  83|0x0000000088d00000, 0x0000000088d00000, 0x0000000088e00000|  0%| F|  |TAMS 0x0000000088d00000, 0x0000000088d00000| Untracked 
|  84|0x0000000088e00000, 0x0000000088e00000, 0x0000000088f00000|  0%| F|  |TAMS 0x0000000088e00000, 0x0000000088e00000| Untracked 
|  85|0x0000000088f00000, 0x0000000088f00000, 0x0000000089000000|  0%| F|  |TAMS 0x0000000088f00000, 0x0000000088f00000| Untracked 
|  86|0x0000000089000000, 0x0000000089000000, 0x0000000089100000|  0%| F|  |TAMS 0x0000000089000000, 0x0000000089000000| Untracked 
|  87|0x0000000089100000, 0x0000000089100000, 0x0000000089200000|  0%| F|  |TAMS 0x0000000089100000, 0x0000000089100000| Untracked 
|  88|0x0000000089200000, 0x0000000089200000, 0x0000000089300000|  0%| F|  |TAMS 0x0000000089200000, 0x0000000089200000| Untracked 
|  89|0x0000000089300000, 0x0000000089300000, 0x0000000089400000|  0%| F|  |TAMS 0x0000000089300000, 0x0000000089300000| Untracked 
|  90|0x0000000089400000, 0x0000000089472588, 0x0000000089500000| 44%| S|CS|TAMS 0x0000000089400000, 0x0000000089400000| Complete 
|  91|0x0000000089500000, 0x0000000089600000, 0x0000000089600000|100%| S|CS|TAMS 0x0000000089500000, 0x0000000089500000| Complete 
|  92|0x0000000089600000, 0x0000000089700000, 0x0000000089700000|100%| S|CS|TAMS 0x0000000089600000, 0x0000000089600000| Complete 
|  93|0x0000000089700000, 0x0000000089800000, 0x0000000089800000|100%| S|CS|TAMS 0x0000000089700000, 0x0000000089700000| Complete 
|  94|0x0000000089800000, 0x0000000089900000, 0x0000000089900000|100%| S|CS|TAMS 0x0000000089800000, 0x0000000089800000| Complete 
|  95|0x0000000089900000, 0x0000000089a00000, 0x0000000089a00000|100%| S|CS|TAMS 0x0000000089900000, 0x0000000089900000| Complete 
|  96|0x0000000089a00000, 0x0000000089b00000, 0x0000000089b00000|100%| S|CS|TAMS 0x0000000089a00000, 0x0000000089a00000| Complete 
|  97|0x0000000089b00000, 0x0000000089c00000, 0x0000000089c00000|100%| S|CS|TAMS 0x0000000089b00000, 0x0000000089b00000| Complete 
|  98|0x0000000089c00000, 0x0000000089d00000, 0x0000000089d00000|100%| S|CS|TAMS 0x0000000089c00000, 0x0000000089c00000| Complete 
|  99|0x0000000089d00000, 0x0000000089d00000, 0x0000000089e00000|  0%| F|  |TAMS 0x0000000089d00000, 0x0000000089d00000| Untracked 
| 100|0x0000000089e00000, 0x0000000089e00000, 0x0000000089f00000|  0%| F|  |TAMS 0x0000000089e00000, 0x0000000089e00000| Untracked 
| 101|0x0000000089f00000, 0x0000000089f00000, 0x000000008a000000|  0%| F|  |TAMS 0x0000000089f00000, 0x0000000089f00000| Untracked 
| 102|0x000000008a000000, 0x000000008a000000, 0x000000008a100000|  0%| F|  |TAMS 0x000000008a000000, 0x000000008a000000| Untracked 
| 103|0x000000008a100000, 0x000000008a100000, 0x000000008a200000|  0%| F|  |TAMS 0x000000008a100000, 0x000000008a100000| Untracked 
| 104|0x000000008a200000, 0x000000008a200000, 0x000000008a300000|  0%| F|  |TAMS 0x000000008a200000, 0x000000008a200000| Untracked 
| 105|0x000000008a300000, 0x000000008a300000, 0x000000008a400000|  0%| F|  |TAMS 0x000000008a300000, 0x000000008a300000| Untracked 
| 106|0x000000008a400000, 0x000000008a400000, 0x000000008a500000|  0%| F|  |TAMS 0x000000008a400000, 0x000000008a400000| Untracked 
| 107|0x000000008a500000, 0x000000008a500000, 0x000000008a600000|  0%| F|  |TAMS 0x000000008a500000, 0x000000008a500000| Untracked 
| 108|0x000000008a600000, 0x000000008a600000, 0x000000008a700000|  0%| F|  |TAMS 0x000000008a600000, 0x000000008a600000| Untracked 
| 109|0x000000008a700000, 0x000000008a700000, 0x000000008a800000|  0%| F|  |TAMS 0x000000008a700000, 0x000000008a700000| Untracked 
| 110|0x000000008a800000, 0x000000008a800000, 0x000000008a900000|  0%| F|  |TAMS 0x000000008a800000, 0x000000008a800000| Untracked 
| 111|0x000000008a900000, 0x000000008a900000, 0x000000008aa00000|  0%| F|  |TAMS 0x000000008a900000, 0x000000008a900000| Untracked 
| 112|0x000000008aa00000, 0x000000008aa00000, 0x000000008ab00000|  0%| F|  |TAMS 0x000000008aa00000, 0x000000008aa00000| Untracked 
| 113|0x000000008ab00000, 0x000000008ab00000, 0x000000008ac00000|  0%| F|  |TAMS 0x000000008ab00000, 0x000000008ab00000| Untracked 
| 114|0x000000008ac00000, 0x000000008ac00000, 0x000000008ad00000|  0%| F|  |TAMS 0x000000008ac00000, 0x000000008ac00000| Untracked 
| 115|0x000000008ad00000, 0x000000008ad00000, 0x000000008ae00000|  0%| F|  |TAMS 0x000000008ad00000, 0x000000008ad00000| Untracked 
| 116|0x000000008ae00000, 0x000000008ae00000, 0x000000008af00000|  0%| F|  |TAMS 0x000000008ae00000, 0x000000008ae00000| Untracked 
| 117|0x000000008af00000, 0x000000008af00000, 0x000000008b000000|  0%| F|  |TAMS 0x000000008af00000, 0x000000008af00000| Untracked 
| 118|0x000000008b000000, 0x000000008b000000, 0x000000008b100000|  0%| F|  |TAMS 0x000000008b000000, 0x000000008b000000| Untracked 
| 119|0x000000008b100000, 0x000000008b200000, 0x000000008b200000|100%| E|  |TAMS 0x000000008b100000, 0x000000008b100000| Complete 
| 120|0x000000008b200000, 0x000000008b300000, 0x000000008b300000|100%| E|CS|TAMS 0x000000008b200000, 0x000000008b200000| Complete 
| 121|0x000000008b300000, 0x000000008b400000, 0x000000008b400000|100%| E|CS|TAMS 0x000000008b300000, 0x000000008b300000| Complete 
| 122|0x000000008b400000, 0x000000008b500000, 0x000000008b500000|100%| E|CS|TAMS 0x000000008b400000, 0x000000008b400000| Complete 
| 123|0x000000008b500000, 0x000000008b600000, 0x000000008b600000|100%| E|CS|TAMS 0x000000008b500000, 0x000000008b500000| Complete 
| 124|0x000000008b600000, 0x000000008b700000, 0x000000008b700000|100%| E|CS|TAMS 0x000000008b600000, 0x000000008b600000| Complete 
| 125|0x000000008b700000, 0x000000008b800000, 0x000000008b800000|100%| E|CS|TAMS 0x000000008b700000, 0x000000008b700000| Complete 

Card table byte_map: [0x000001be4e320000,0x000001be4e710000] _byte_map_base: 0x000001be4df03000

Marking Bits (Prev, Next): (CMBitMap*) 0x000001be37105f30, (CMBitMap*) 0x000001be37105ef0
 Prev Bits: [0x000001be50a20000, 0x000001be52938000)
 Next Bits: [0x000001be4eb00000, 0x000001be50a18000)

Polling page: 0x000001be34fa0000

Metaspace:

Usage:
  Non-class:     18.39 MB used.
      Class:      2.97 MB used.
       Both:     21.36 MB used.

Virtual space:
  Non-class space:       64.00 MB reserved,      18.50 MB ( 29%) committed,  1 nodes.
      Class space:        1.00 GB reserved,       3.06 MB ( <1%) committed,  1 nodes.
             Both:        1.06 GB reserved,      21.56 MB (  2%) committed. 

Chunk freelists:
   Non-Class:  13.31 MB
       Class:  12.94 MB
        Both:  26.25 MB

MaxMetaspaceSize: unlimited
CompressedClassSpaceSize: 1.00 GB
Initial GC threshold: 21.00 MB
Current GC threshold: 35.12 MB
CDS: on
MetaspaceReclaimPolicy: balanced
 - commit_granule_bytes: 65536.
 - commit_granule_words: 8192.
 - virtual_space_node_default_size: 8388608.
 - enlarge_chunks_in_place: 1.
 - new_chunks_are_fully_committed: 0.
 - uncommit_free_chunks: 1.
 - use_allocation_guard: 0.
 - handle_deallocations: 1.


Internal statistics:

num_allocs_failed_limit: 3.
num_arena_births: 224.
num_arena_deaths: 0.
num_vsnodes_births: 2.
num_vsnodes_deaths: 0.
num_space_committed: 345.
num_space_uncommitted: 0.
num_chunks_returned_to_freelist: 3.
num_chunks_taken_from_freelist: 954.
num_chunk_merges: 3.
num_chunk_splits: 669.
num_chunks_enlarged: 538.
num_inconsistent_stats: 0.

CodeHeap 'non-profiled nmethods': size=120000Kb used=1923Kb max_used=1923Kb free=118076Kb
 bounds [0x000001be466d0000, 0x000001be46940000, 0x000001be4dc00000]
CodeHeap 'profiled nmethods': size=120000Kb used=8120Kb max_used=8120Kb free=111879Kb
 bounds [0x000001be3ec00000, 0x000001be3f3f0000, 0x000001be46130000]
CodeHeap 'non-nmethods': size=5760Kb used=1488Kb max_used=1525Kb free=4271Kb
 bounds [0x000001be46130000, 0x000001be463a0000, 0x000001be466d0000]
 total_blobs=4932 nmethods=4083 adapters=759
 compilation: enabled
              stopped_count=0, restarted_count=0
 full_count=0

Compilation events (20 events):
Event: 21.439 Thread 0x000001be550856f0 4075       4       com.sun.javafx.scene.layout.RegionHelper::pickNodeLocalImpl (12 bytes)
Event: 21.455 Thread 0x000001be550856f0 nmethod 4075 0x000001be468a9f90 code [0x000001be468aa200, 0x000001be468aae00]
Event: 23.824 Thread 0x000001be550856f0 4076       4       javafx.scene.Node::updateLocalToParentTransform (442 bytes)
Event: 23.830 Thread 0x000001be550881b0 4077       3       com.sun.javafx.util.Logging::getInputLogger (18 bytes)
Event: 23.831 Thread 0x000001be550881b0 nmethod 4077 0x000001be3f3e7c10 code [0x000001be3f3e7dc0, 0x000001be3f3e7f88]
Event: 23.865 Thread 0x000001be550856f0 nmethod 4076 0x000001be468abe10 code [0x000001be468ac1c0, 0x000001be468ad1c0]
Event: 23.895 Thread 0x000001be550881b0 4078       3       javafx.scene.input.MouseEvent::copyFor (17 bytes)
Event: 23.895 Thread 0x000001be550881b0 nmethod 4078 0x000001be3f3e8010 code [0x000001be3f3e81c0, 0x000001be3f3e83e8]
Event: 23.951 Thread 0x000001be550856f0 4079       4       com.sun.javafx.scene.layout.RegionHelper::pickNodeLocalImpl (12 bytes)
Event: 23.959 Thread 0x000001be550881b0 4080       3       com.sun.javafx.scene.KeyboardShortcutsHandler::dispatchBubblingEvent (60 bytes)
Event: 23.959 Thread 0x000001be550881b0 nmethod 4080 0x000001be3f3e8510 code [0x000001be3f3e8700, 0x000001be3f3e8e08]
Event: 23.967 Thread 0x000001be550856f0 nmethod 4079 0x000001be468ade90 code [0x000001be468ae100, 0x000001be468aecc0]
Event: 47.261 Thread 0x000001be550881b0 4081       3       java.io.WinNTFileSystem::resolve (275 bytes)
Event: 47.265 Thread 0x000001be550881b0 nmethod 4081 0x000001be3f3e8f90 code [0x000001be3f3e94e0, 0x000001be3f3ec358]
Event: 85.512 Thread 0x000001be550856f0 4082       4       com.sun.javafx.tk.quantum.QuantumToolkit::postPulse (133 bytes)
Event: 85.519 Thread 0x000001be550856f0 nmethod 4082 0x000001be468afd90 code [0x000001be468aff60, 0x000001be468b0228]
Event: 86.376 Thread 0x000001be550856f0 4083       4       com.sun.javafx.tk.quantum.QuantumToolkit$$Lambda$92/0x000001be570330a8::run (8 bytes)
Event: 86.383 Thread 0x000001be550856f0 nmethod 4083 0x000001be468b0610 code [0x000001be468b07e0, 0x000001be468b0af0]
Event: 267.556 Thread 0x000001be550881b0 4084       3       jdk.internal.module.Resources::toPackageName (39 bytes)
Event: 267.556 Thread 0x000001be550881b0 nmethod 4084 0x000001be3f3ed610 code [0x000001be3f3ed840, 0x000001be3f3edeb8]

GC Heap History (6 events):
Event: 0.436 GC heap before
{Heap before GC invocations=0 (full 0):
 garbage-first heap   total 129024K, used 23552K [0x0000000083a00000, 0x0000000100000000)
  region size 1024K, 23 young (23552K), 0 survivors (0K)
 Metaspace       used 6019K, committed 6272K, reserved 1114112K
  class space    used 709K, committed 832K, reserved 1048576K
}
Event: 0.438 GC heap after
{Heap after GC invocations=1 (full 0):
 garbage-first heap   total 129024K, used 3737K [0x0000000083a00000, 0x0000000100000000)
  region size 1024K, 3 young (3072K), 3 survivors (3072K)
 Metaspace       used 6019K, committed 6272K, reserved 1114112K
  class space    used 709K, committed 832K, reserved 1048576K
}
Event: 7.494 GC heap before
{Heap before GC invocations=1 (full 0):
 garbage-first heap   total 129024K, used 44697K [0x0000000083a00000, 0x0000000100000000)
  region size 1024K, 36 young (36864K), 3 survivors (3072K)
 Metaspace       used 14889K, committed 15168K, reserved 1114112K
  class space    used 2144K, committed 2304K, reserved 1048576K
}
Event: 7.499 GC heap after
{Heap after GC invocations=2 (full 0):
 garbage-first heap   total 129024K, used 14314K [0x0000000083a00000, 0x0000000100000000)
  region size 1024K, 5 young (5120K), 5 survivors (5120K)
 Metaspace       used 14889K, committed 15168K, reserved 1114112K
  class space    used 2144K, committed 2304K, reserved 1048576K
}
Event: 12.228 GC heap before
{Heap before GC invocations=2 (full 0):
 garbage-first heap   total 129024K, used 64490K [0x0000000083a00000, 0x0000000100000000)
  region size 1024K, 32 young (32768K), 5 survivors (5120K)
 Metaspace       used 21284K, committed 21504K, reserved 1114112K
  class space    used 2934K, committed 3072K, reserved 1048576K
}
Event: 12.234 GC heap after
{Heap after GC invocations=3 (full 0):
 garbage-first heap   total 129024K, used 41395K [0x0000000083a00000, 0x0000000100000000)
  region size 1024K, 9 young (9216K), 9 survivors (9216K)
 Metaspace       used 21284K, committed 21504K, reserved 1114112K
  class space    used 2934K, committed 3072K, reserved 1048576K
}

Dll operation events (20 events):
Event: 0.224 Loaded shared library C:\Program Files\JavaFX\javafx-sdk-17.0.15\bin\api-ms-win-crt-multibyte-l1-1-0.dll
Event: 0.225 Loaded shared library C:\Program Files\JavaFX\javafx-sdk-17.0.15\bin\api-ms-win-crt-private-l1-1-0.dll
Event: 0.226 Loaded shared library C:\Program Files\JavaFX\javafx-sdk-17.0.15\bin\api-ms-win-crt-process-l1-1-0.dll
Event: 0.226 Loaded shared library C:\Program Files\JavaFX\javafx-sdk-17.0.15\bin\api-ms-win-crt-runtime-l1-1-0.dll
Event: 0.227 Loaded shared library C:\Program Files\JavaFX\javafx-sdk-17.0.15\bin\api-ms-win-crt-stdio-l1-1-0.dll
Event: 0.228 Loaded shared library C:\Program Files\JavaFX\javafx-sdk-17.0.15\bin\api-ms-win-crt-string-l1-1-0.dll
Event: 0.229 Loaded shared library C:\Program Files\JavaFX\javafx-sdk-17.0.15\bin\api-ms-win-crt-time-l1-1-0.dll
Event: 0.229 Loaded shared library C:\Program Files\JavaFX\javafx-sdk-17.0.15\bin\api-ms-win-crt-utility-l1-1-0.dll
Event: 0.230 Loaded shared library C:\Program Files\JavaFX\javafx-sdk-17.0.15\bin\ucrtbase.dll
Event: 0.231 Loaded shared library C:\Program Files\JavaFX\javafx-sdk-17.0.15\bin\vcruntime140.dll
Event: 0.232 Loaded shared library C:\Program Files\JavaFX\javafx-sdk-17.0.15\bin\vcruntime140_1.dll
Event: 0.233 Loaded shared library C:\Program Files\JavaFX\javafx-sdk-17.0.15\bin\msvcp140.dll
Event: 0.234 Loaded shared library C:\Program Files\JavaFX\javafx-sdk-17.0.15\bin\msvcp140_1.dll
Event: 0.235 Loaded shared library C:\Program Files\JavaFX\javafx-sdk-17.0.15\bin\msvcp140_2.dll
Event: 0.268 Loaded shared library C:\Program Files\JavaFX\javafx-sdk-17.0.15\bin\prism_d3d.dll
Event: 0.305 Loaded shared library C:\Program Files\JavaFX\javafx-sdk-17.0.15\bin\glass.dll
Event: 0.379 Loaded shared library C:\Users\jccas\.jdks\temurin-17.0.15\bin\jimage.dll
Event: 0.449 Loaded shared library C:\Program Files\JavaFX\javafx-sdk-17.0.15\bin\javafx_iio.dll
Event: 0.488 Loaded shared library C:\Program Files\JavaFX\javafx-sdk-17.0.15\bin\javafx_font.dll
Event: 8.471 Loaded shared library C:\Users\jccas\.jdks\temurin-17.0.15\bin\verify.dll

Deoptimization events (20 events):
Event: 12.245 Thread 0x000001be9b65f260 Uncommon trap: trap_request=0xffffff45 fr.pc=0x000001be468940b8 relative=0x0000000000000638
Event: 12.245 Thread 0x000001be9b65f260 Uncommon trap: reason=unstable_if action=reinterpret pc=0x000001be468940b8 method=javafx.css.CompoundSelector.applies(Ljavafx/css/Styleable;I[Ljava/util/Set;I)Z @ 125 c2
Event: 12.245 Thread 0x000001be9b65f260 DEOPT PACKING pc=0x000001be468940b8 sp=0x00000038a5df8030
Event: 12.245 Thread 0x000001be9b65f260 DEOPT UNPACKING pc=0x000001be4618a1a3 sp=0x00000038a5df7fe0 mode 2
Event: 19.291 Thread 0x000001be9b65f260 DEOPT PACKING pc=0x000001be3ef69604 sp=0x00000038a5df7db0
Event: 19.291 Thread 0x000001be9b65f260 DEOPT UNPACKING pc=0x000001be4618ace3 sp=0x00000038a5df7278 mode 0
Event: 19.291 Thread 0x000001be9b65f260 DEOPT PACKING pc=0x000001be3f2f08bc sp=0x00000038a5df8200
Event: 19.291 Thread 0x000001be9b65f260 DEOPT UNPACKING pc=0x000001be4618ace3 sp=0x00000038a5df76e0 mode 0
Event: 19.291 Thread 0x000001be9b65f260 Uncommon trap: trap_request=0xffffff45 fr.pc=0x000001be4688a368 relative=0x0000000000000588
Event: 19.291 Thread 0x000001be9b65f260 Uncommon trap: reason=unstable_if action=reinterpret pc=0x000001be4688a368 method=javafx.scene.Node.updateLocalToParentTransform()V @ 152 c2
Event: 19.291 Thread 0x000001be9b65f260 DEOPT PACKING pc=0x000001be4688a368 sp=0x00000038a5df47a0
Event: 19.291 Thread 0x000001be9b65f260 DEOPT UNPACKING pc=0x000001be4618a1a3 sp=0x00000038a5df4730 mode 2
Event: 19.291 Thread 0x000001be9b65f260 Uncommon trap: trap_request=0xffffffc6 fr.pc=0x000001be468a3c84 relative=0x0000000000000604
Event: 19.291 Thread 0x000001be9b65f260 Uncommon trap: reason=bimorphic_or_optimized_type_check action=maybe_recompile pc=0x000001be468a3c84 method=javafx.scene.Node.getGeomBounds(Lcom/sun/javafx/geom/BaseBounds;Lcom/sun/javafx/geom/transform/BaseTransform;)Lcom/sun/javafx/geom/BaseBounds; @ 1 
Event: 19.291 Thread 0x000001be9b65f260 DEOPT PACKING pc=0x000001be468a3c84 sp=0x00000038a5df47a0
Event: 19.291 Thread 0x000001be9b65f260 DEOPT UNPACKING pc=0x000001be4618a1a3 sp=0x00000038a5df4698 mode 2
Event: 23.807 Thread 0x000001be9b65f260 Uncommon trap: trap_request=0xffffff6e fr.pc=0x000001be468aaa74 relative=0x0000000000000874
Event: 23.807 Thread 0x000001be9b65f260 Uncommon trap: reason=loop_limit_check action=maybe_recompile pc=0x000001be468aaa74 method=javafx.scene.Parent.pickChildrenNode(Lcom/sun/javafx/geom/PickRay;Lcom/sun/javafx/scene/input/PickResultChooser;)Z @ 17 c2
Event: 23.807 Thread 0x000001be9b65f260 DEOPT PACKING pc=0x000001be468aaa74 sp=0x00000038a5df7fe0
Event: 23.807 Thread 0x000001be9b65f260 DEOPT UNPACKING pc=0x000001be4618a1a3 sp=0x00000038a5df7d90 mode 2

Classes loaded (20 events):
Event: 8.859 Loading class jdk/internal/reflect/BootstrapConstructorAccessorImpl
Event: 8.859 Loading class jdk/internal/reflect/BootstrapConstructorAccessorImpl done
Event: 10.302 Loading class java/util/BitSet$1BitSetSpliterator
Event: 10.302 Loading class java/util/BitSet$1BitSetSpliterator done
Event: 10.302 Loading class java/util/stream/IntPipeline$1
Event: 10.302 Loading class java/util/stream/IntPipeline$1 done
Event: 10.302 Loading class java/util/stream/IntPipeline$1$1
Event: 10.302 Loading class java/util/stream/IntPipeline$1$1 done
Event: 12.195 Loading class sun/reflect/generics/tree/BottomSignature
Event: 12.195 Loading class sun/reflect/generics/tree/BottomSignature done
Event: 12.195 Loading class sun/reflect/generics/tree/Wildcard
Event: 12.195 Loading class sun/reflect/generics/tree/Wildcard done
Event: 12.196 Loading class sun/reflect/generics/reflectiveObjects/WildcardTypeImpl
Event: 12.196 Loading class java/lang/reflect/WildcardType
Event: 12.196 Loading class java/lang/reflect/WildcardType done
Event: 12.196 Loading class sun/reflect/generics/reflectiveObjects/WildcardTypeImpl done
Event: 12.223 Loading class sun/invoke/util/VerifyAccess$1
Event: 12.223 Loading class sun/invoke/util/VerifyAccess$1 done
Event: 317.116 Loading class jdk/internal/misc/Signal$1
Event: 317.116 Loading class jdk/internal/misc/Signal$1 done

Classes unloaded (0 events):
No events

Classes redefined (0 events):
No events

Internal exceptions (20 events):
Event: 0.543 Thread 0x000001be9b65f260 Exception <a 'java/lang/NoSuchMethodError'{0x000000008b0a68b8}: 'void java.lang.invoke.DirectMethodHandle$Holder.invokeSpecial(java.lang.Object, java.lang.Object, java.lang.Object, java.lang.Object, java.lang.Object)'> (0x000000008b0a68b8) 
thrown [s\src\hotspot\share\interpreter\linkResolver.cpp, line 759]
Event: 0.629 Thread 0x000001be9b65f260 Implicit null exception at 0x000001be466f3758 to 0x000001be466f37ee
Event: 0.634 Thread 0x000001be9b65f260 Implicit null exception at 0x000001be4672ff0f to 0x000001be46730324
Event: 0.772 Thread 0x000001be9b65f260 Exception <a 'java/lang/NoSuchMethodError'{0x000000008a57a850}: 'java.lang.Object java.lang.invoke.DirectMethodHandle$Holder.invokeInterface(java.lang.Object, java.lang.Object, java.lang.Object)'> (0x000000008a57a850) 
thrown [s\src\hotspot\share\interpreter\linkResolver.cpp, line 759]
Event: 0.773 Thread 0x000001be9b65f260 Exception <a 'java/lang/IncompatibleClassChangeError'{0x000000008a57e1d8}: Found class java.lang.Object, but interface was expected> (0x000000008a57e1d8) 
thrown [s\src\hotspot\share\interpreter\linkResolver.cpp, line 826]
Event: 0.801 Thread 0x000001be9b65f260 Exception <a 'java/lang/ClassNotFoundException'{0x000000008a370a78}: com/sun/javafx/scene/control/skin/resources/controls> (0x000000008a370a78) 
thrown [s\src\hotspot\share\prims\jni.cpp, line 535]
Event: 0.802 Thread 0x000001be9b65f260 Exception <a 'java/lang/ClassNotFoundException'{0x000000008a37ea18}: com/sun/javafx/scene/control/skin/resources/controls_es> (0x000000008a37ea18) 
thrown [s\src\hotspot\share\prims\jni.cpp, line 535]
Event: 0.802 Thread 0x000001be9b65f260 Exception <a 'java/lang/ClassNotFoundException'{0x000000008a38c678}: com/sun/javafx/scene/control/skin/resources/controls_es_MX> (0x000000008a38c678) 
thrown [s\src\hotspot\share\prims\jni.cpp, line 535]
Event: 0.836 Thread 0x000001be9b65f260 Exception <a 'java/lang/NoSuchMethodError'{0x000000008a146a50}: 'void java.lang.invoke.DirectMethodHandle$Holder.invokeSpecial(java.lang.Object, java.lang.Object, java.lang.Object, java.lang.Object, java.lang.Object, java.lang.Object)'> (0x000000008a146a50) 
thrown [s\src\hotspot\share\interpreter\linkResolver.cpp, line 759]
Event: 0.897 Thread 0x000001be9b65f260 Exception <a 'java/lang/NoSuchMethodError'{0x0000000089bf6bc8}: 'java.lang.Object java.lang.invoke.DirectMethodHandle$Holder.newInvokeSpecial(java.lang.Object, java.lang.Object, int)'> (0x0000000089bf6bc8) 
thrown [s\src\hotspot\share\interpreter\linkResolver.cpp, line 759]
Event: 0.919 Thread 0x000001be558b7b20 Exception <a 'java/lang/NoSuchMethodError'{0x0000000089988848}: 'int java.lang.invoke.DirectMethodHandle$Holder.invokeStaticInit(java.lang.Object, java.lang.Object)'> (0x0000000089988848) 
thrown [s\src\hotspot\share\interpreter\linkResolver.cpp, line 759]
Event: 0.926 Thread 0x000001be9b65f260 Exception <a 'java/lang/NoSuchMethodError'{0x0000000089959428}: 'long java.lang.invoke.DirectMethodHandle$Holder.invokeStatic(java.lang.Object, java.lang.Object, java.lang.Object)'> (0x0000000089959428) 
thrown [s\src\hotspot\share\interpreter\linkResolver.cpp, line 759]
Event: 0.926 Thread 0x000001be9b65f260 Exception <a 'java/lang/NoSuchMethodError'{0x000000008995cbd0}: 'long java.lang.invoke.DirectMethodHandle$Holder.invokeStaticInit(java.lang.Object, java.lang.Object, java.lang.Object)'> (0x000000008995cbd0) 
thrown [s\src\hotspot\share\interpreter\linkResolver.cpp, line 759]
Event: 0.928 Thread 0x000001be9b65f260 Exception <a 'java/lang/NoSuchMethodError'{0x0000000089806750}: 'java.lang.Object java.lang.invoke.DirectMethodHandle$Holder.newInvokeSpecial(java.lang.Object, java.lang.Object, long)'> (0x0000000089806750) 
thrown [s\src\hotspot\share\interpreter\linkResolver.cpp, line 759]
Event: 0.929 Thread 0x000001be9b65f260 Exception <a 'java/lang/NoSuchMethodError'{0x000000008980a2c0}: 'java.lang.Object java.lang.invoke.Invokers$Holder.linkToTargetMethod(java.lang.Object, long, java.lang.Object)'> (0x000000008980a2c0) 
thrown [s\src\hotspot\share\interpreter\linkResolver.cpp, line 759]
Event: 0.940 Thread 0x000001be558b7b20 Exception <a 'java/lang/NoSuchMethodError'{0x00000000898abfc0}: 'java.lang.Object java.lang.invoke.DirectMethodHandle$Holder.invokeStaticInit(java.lang.Object, int)'> (0x00000000898abfc0) 
thrown [s\src\hotspot\share\interpreter\linkResolver.cpp, line 759]
Event: 8.281 Thread 0x000001be9b65f260 Exception <a 'java/lang/NoSuchMethodError'{0x000000008b5e75e8}: 'java.lang.Object java.lang.invoke.DirectMethodHandle$Holder.invokeInterface(java.lang.Object, java.lang.Object)'> (0x000000008b5e75e8) 
thrown [s\src\hotspot\share\interpreter\linkResolver.cpp, line 759]
Event: 8.297 Thread 0x000001be9b65f260 Exception <a 'java/lang/NoSuchMethodError'{0x000000008b461380}: 'java.lang.Object java.lang.invoke.DirectMethodHandle$Holder.invokeVirtual(java.lang.Object, java.lang.Object, java.lang.Object)'> (0x000000008b461380) 
thrown [s\src\hotspot\share\interpreter\linkResolver.cpp, line 759]
Event: 10.309 Thread 0x000001be9b65f260 Exception <a 'java/lang/NoSuchMethodError'{0x000000008a7ffd88}: 'void java.lang.invoke.DirectMethodHandle$Holder.invokeSpecialIFC(java.lang.Object, java.lang.Object, java.lang.Object, java.lang.Object)'> (0x000000008a7ffd88) 
thrown [s\src\hotspot\share\interpreter\linkResolver.cpp, line 759]
Event: 10.334 Thread 0x000001be9b65f260 Exception <a 'java/lang/NoSuchMethodError'{0x000000008a5bebe0}: 'int java.lang.invoke.DirectMethodHandle$Holder.invokeSpecial(java.lang.Object, java.lang.Object, int)'> (0x000000008a5bebe0) 
thrown [s\src\hotspot\share\interpreter\linkResolver.cpp, line 759]

VM Operations (20 events):
Event: 16.302 Executing VM operation: Cleanup done
Event: 17.302 Executing VM operation: Cleanup
Event: 17.302 Executing VM operation: Cleanup done
Event: 18.303 Executing VM operation: Cleanup
Event: 18.303 Executing VM operation: Cleanup done
Event: 19.282 Executing VM operation: HandshakeAllThreads
Event: 19.282 Executing VM operation: HandshakeAllThreads done
Event: 20.282 Executing VM operation: Cleanup
Event: 20.282 Executing VM operation: Cleanup done
Event: 21.282 Executing VM operation: Cleanup
Event: 21.282 Executing VM operation: Cleanup done
Event: 22.283 Executing VM operation: Cleanup
Event: 22.283 Executing VM operation: Cleanup done
Event: 24.284 Executing VM operation: Cleanup
Event: 24.284 Executing VM operation: Cleanup done
Event: 30.288 Executing VM operation: Cleanup
Event: 30.288 Executing VM operation: Cleanup done
Event: 60.264 Executing VM operation: HandshakeAllThreads
Event: 60.264 Executing VM operation: HandshakeAllThreads done
Event: 317.119 Executing VM operation: Exit

Memory protections (0 events):
No events

Nmethod flushes (0 events):
No events

Events (20 events):
Event: 10.000 Thread 0x000001be550881b0 Thread added: 0x000001be5570e070
Event: 10.193 Thread 0x000001be5570e070 Thread exited: 0x000001be5570e070
Event: 10.347 Thread 0x000001be550881b0 Thread added: 0x000001bea0f9c310
Event: 10.365 Thread 0x000001bea0f9c310 Thread added: 0x000001bea1a9dbc0
Event: 10.647 Thread 0x000001bea1a9dbc0 Thread exited: 0x000001bea1a9dbc0
Event: 10.679 Thread 0x000001bea0f9c310 Thread exited: 0x000001bea0f9c310
Event: 10.910 Thread 0x000001be550881b0 Thread added: 0x000001bea0532ab0
Event: 11.063 Thread 0x000001bea0532ab0 Thread exited: 0x000001bea0532ab0
Event: 11.172 Thread 0x000001be550881b0 Thread added: 0x000001bea0532ab0
Event: 11.191 Thread 0x000001be550881b0 Thread added: 0x000001bea1df1f40
Event: 11.505 Thread 0x000001bea1df1f40 Thread exited: 0x000001bea1df1f40
Event: 11.505 Thread 0x000001bea0532ab0 Thread exited: 0x000001bea0532ab0
Event: 12.210 Thread 0x000001be9b65f260 Thread added: 0x000001bea02956c0
Event: 12.223 Thread 0x000001bea02956c0 Thread exited: 0x000001bea02956c0
Event: 317.116 Thread 0x000001be55080c00 Thread added: 0x000001bea0297a30
Event: 317.117 Thread 0x000001bea0297a30 Thread added: 0x000001bea02956c0
Event: 317.117 Thread 0x000001bea0297a30 Thread added: 0x000001bea02965f0
Event: 317.117 Thread 0x000001bea02965f0 Thread exited: 0x000001bea02965f0
Event: 317.118 Thread 0x000001bea02956c0 Thread exited: 0x000001bea02956c0
Event: 317.118 Thread 0x000001bea0297a30 Before exit entered


Dynamic libraries:
0x00007ff64f1f0000 - 0x00007ff64f1fe000 	C:\Users\jccas\.jdks\temurin-17.0.15\bin\java.exe
0x00007ffde29a0000 - 0x00007ffde2c05000 	C:\WINDOWS\SYSTEM32\ntdll.dll
0x00007ffde1640000 - 0x00007ffde1709000 	C:\WINDOWS\System32\KERNEL32.DLL
0x00007ffddfbc0000 - 0x00007ffddffa8000 	C:\WINDOWS\System32\KERNELBASE.dll
0x00007ffde0060000 - 0x00007ffde01ab000 	C:\WINDOWS\System32\ucrtbase.dll
0x00007ffdc3280000 - 0x00007ffdc3297000 	C:\Users\jccas\.jdks\temurin-17.0.15\bin\jli.dll
0x00007ffdc7450000 - 0x00007ffdc746e000 	C:\Users\jccas\.jdks\temurin-17.0.15\bin\VCRUNTIME140.dll
0x00007ffde1300000 - 0x00007ffde14ca000 	C:\WINDOWS\System32\USER32.dll
0x00007ffdb95f0000 - 0x00007ffdb988a000 	C:\WINDOWS\WinSxS\amd64_microsoft.windows.common-controls_6595b64144ccf1df_6.0.26100.4202_none_3e0698d4e335f517\COMCTL32.dll
0x00007ffddfb90000 - 0x00007ffddfbb7000 	C:\WINDOWS\System32\win32u.dll
0x00007ffde1d00000 - 0x00007ffde1da9000 	C:\WINDOWS\System32\msvcrt.dll
0x00007ffde1fb0000 - 0x00007ffde1fdb000 	C:\WINDOWS\System32\GDI32.dll
0x00007ffde0600000 - 0x00007ffde0737000 	C:\WINDOWS\System32\gdi32full.dll
0x00007ffddffb0000 - 0x00007ffde0053000 	C:\WINDOWS\System32\msvcp_win.dll
0x00007ffde0ae0000 - 0x00007ffde0b10000 	C:\WINDOWS\System32\IMM32.DLL
0x00007ffdcf2f0000 - 0x00007ffdcf2fc000 	C:\Users\jccas\.jdks\temurin-17.0.15\bin\vcruntime140_1.dll
0x00007ffdac110000 - 0x00007ffdac19d000 	C:\Users\jccas\.jdks\temurin-17.0.15\bin\msvcp140.dll
0x00007ffd5f610000 - 0x00007ffd6027b000 	C:\Users\jccas\.jdks\temurin-17.0.15\bin\server\jvm.dll
0x00007ffde14d0000 - 0x00007ffde1583000 	C:\WINDOWS\System32\ADVAPI32.dll
0x00007ffde1590000 - 0x00007ffde1636000 	C:\WINDOWS\System32\sechost.dll
0x00007ffde1fe0000 - 0x00007ffde20f5000 	C:\WINDOWS\System32\RPCRT4.dll
0x00007ffde27f0000 - 0x00007ffde2864000 	C:\WINDOWS\System32\WS2_32.dll
0x00007ffddf940000 - 0x00007ffddf99e000 	C:\WINDOWS\SYSTEM32\POWRPROF.dll
0x00007ffdd4980000 - 0x00007ffdd49b5000 	C:\WINDOWS\SYSTEM32\WINMM.dll
0x00007ffdcf770000 - 0x00007ffdcf77b000 	C:\WINDOWS\SYSTEM32\VERSION.dll
0x00007ffddf920000 - 0x00007ffddf934000 	C:\WINDOWS\SYSTEM32\UMPDC.dll
0x00007ffdde890000 - 0x00007ffdde8ab000 	C:\WINDOWS\SYSTEM32\kernel.appcore.dll
0x00007ffdc97b0000 - 0x00007ffdc97ba000 	C:\Users\jccas\.jdks\temurin-17.0.15\bin\jimage.dll
0x00007ffddd210000 - 0x00007ffddd451000 	C:\WINDOWS\SYSTEM32\DBGHELP.DLL
0x00007ffde0740000 - 0x00007ffde0ac5000 	C:\WINDOWS\System32\combase.dll
0x00007ffde2870000 - 0x00007ffde2951000 	C:\WINDOWS\System32\OLEAUT32.dll
0x00007ffdbb030000 - 0x00007ffdbb069000 	C:\WINDOWS\SYSTEM32\dbgcore.DLL
0x00007ffddfaf0000 - 0x00007ffddfb89000 	C:\WINDOWS\System32\bcryptPrimitives.dll
0x00007ffdc73e0000 - 0x00007ffdc73ee000 	C:\Users\jccas\.jdks\temurin-17.0.15\bin\instrument.dll
0x00007ffdc2e60000 - 0x00007ffdc2e85000 	C:\Users\jccas\.jdks\temurin-17.0.15\bin\java.dll
0x00007ffd9d960000 - 0x00007ffd9da37000 	C:\Users\jccas\.jdks\temurin-17.0.15\bin\jsvml.dll
0x00007ffde0b40000 - 0x00007ffde1282000 	C:\WINDOWS\System32\SHELL32.dll
0x00007ffde0240000 - 0x00007ffde03b4000 	C:\WINDOWS\System32\wintypes.dll
0x00007ffddd720000 - 0x00007ffdddf78000 	C:\WINDOWS\SYSTEM32\windows.storage.dll
0x00007ffde1c00000 - 0x00007ffde1cf1000 	C:\WINDOWS\System32\SHCORE.dll
0x00007ffde1290000 - 0x00007ffde12fa000 	C:\WINDOWS\System32\shlwapi.dll
0x00007ffddfa00000 - 0x00007ffddfa2f000 	C:\WINDOWS\SYSTEM32\profapi.dll
0x00007ffdc2e40000 - 0x00007ffdc2e59000 	C:\Users\jccas\.jdks\temurin-17.0.15\bin\net.dll
0x00007ffdd47f0000 - 0x00007ffdd490e000 	C:\WINDOWS\SYSTEM32\WINHTTP.dll
0x00007ffddee20000 - 0x00007ffddee8a000 	C:\WINDOWS\system32\mswsock.dll
0x00007ffdbfe80000 - 0x00007ffdbfe96000 	C:\Users\jccas\.jdks\temurin-17.0.15\bin\nio.dll
0x00007ffdbfd20000 - 0x00007ffdbfd38000 	C:\Users\jccas\.jdks\temurin-17.0.15\bin\zip.dll
0x00007ffdbdec0000 - 0x00007ffdbdeda000 	C:\Program Files\JetBrains\IntelliJ IDEA 2024.2.0.2\bin\breakgen64.dll
0x00007ffdc3930000 - 0x00007ffdc3939000 	C:\Users\jccas\.jdks\temurin-17.0.15\bin\extnet.dll
0x000001be34ff0000 - 0x000001be34ff3000 	C:\Program Files\JavaFX\javafx-sdk-17.0.15\bin\api-ms-win-core-console-l1-1-0.dll
0x000001be35000000 - 0x000001be35003000 	C:\Program Files\JavaFX\javafx-sdk-17.0.15\bin\api-ms-win-core-console-l1-2-0.dll
0x000001be35010000 - 0x000001be35013000 	C:\Program Files\JavaFX\javafx-sdk-17.0.15\bin\api-ms-win-core-datetime-l1-1-0.dll
0x000001be35030000 - 0x000001be35033000 	C:\Program Files\JavaFX\javafx-sdk-17.0.15\bin\api-ms-win-core-debug-l1-1-0.dll
0x000001be35040000 - 0x000001be35043000 	C:\Program Files\JavaFX\javafx-sdk-17.0.15\bin\api-ms-win-core-errorhandling-l1-1-0.dll
0x000001be35050000 - 0x000001be35054000 	C:\Program Files\JavaFX\javafx-sdk-17.0.15\bin\api-ms-win-core-file-l1-1-0.dll
0x000001be35060000 - 0x000001be35063000 	C:\Program Files\JavaFX\javafx-sdk-17.0.15\bin\api-ms-win-core-file-l1-2-0.dll
0x000001be35070000 - 0x000001be35073000 	C:\Program Files\JavaFX\javafx-sdk-17.0.15\bin\api-ms-win-core-file-l2-1-0.dll
0x000001be35080000 - 0x000001be35083000 	C:\Program Files\JavaFX\javafx-sdk-17.0.15\bin\api-ms-win-core-handle-l1-1-0.dll
0x000001be35090000 - 0x000001be35093000 	C:\Program Files\JavaFX\javafx-sdk-17.0.15\bin\api-ms-win-core-heap-l1-1-0.dll
0x000001be350a0000 - 0x000001be350a3000 	C:\Program Files\JavaFX\javafx-sdk-17.0.15\bin\api-ms-win-core-interlocked-l1-1-0.dll
0x000001be37020000 - 0x000001be37023000 	C:\Program Files\JavaFX\javafx-sdk-17.0.15\bin\api-ms-win-core-libraryloader-l1-1-0.dll
0x000001be37030000 - 0x000001be37033000 	C:\Program Files\JavaFX\javafx-sdk-17.0.15\bin\api-ms-win-core-localization-l1-2-0.dll
0x000001be37040000 - 0x000001be37043000 	C:\Program Files\JavaFX\javafx-sdk-17.0.15\bin\api-ms-win-core-memory-l1-1-0.dll
0x000001be37050000 - 0x000001be37053000 	C:\Program Files\JavaFX\javafx-sdk-17.0.15\bin\api-ms-win-core-namedpipe-l1-1-0.dll
0x000001be55900000 - 0x000001be55903000 	C:\Program Files\JavaFX\javafx-sdk-17.0.15\bin\api-ms-win-core-processenvironment-l1-1-0.dll
0x000001be55910000 - 0x000001be55913000 	C:\Program Files\JavaFX\javafx-sdk-17.0.15\bin\api-ms-win-core-processthreads-l1-1-0.dll
0x000001be55920000 - 0x000001be55923000 	C:\Program Files\JavaFX\javafx-sdk-17.0.15\bin\api-ms-win-core-processthreads-l1-1-1.dll
0x000001be55930000 - 0x000001be55933000 	C:\Program Files\JavaFX\javafx-sdk-17.0.15\bin\api-ms-win-core-profile-l1-1-0.dll
0x000001be55940000 - 0x000001be55943000 	C:\Program Files\JavaFX\javafx-sdk-17.0.15\bin\api-ms-win-core-rtlsupport-l1-1-0.dll
0x000001be55950000 - 0x000001be55953000 	C:\Program Files\JavaFX\javafx-sdk-17.0.15\bin\api-ms-win-core-string-l1-1-0.dll
0x000001be55960000 - 0x000001be55963000 	C:\Program Files\JavaFX\javafx-sdk-17.0.15\bin\api-ms-win-core-synch-l1-1-0.dll
0x000001be55970000 - 0x000001be55973000 	C:\Program Files\JavaFX\javafx-sdk-17.0.15\bin\api-ms-win-core-synch-l1-2-0.dll
0x000001be55980000 - 0x000001be55983000 	C:\Program Files\JavaFX\javafx-sdk-17.0.15\bin\api-ms-win-core-sysinfo-l1-1-0.dll
0x000001be55990000 - 0x000001be55993000 	C:\Program Files\JavaFX\javafx-sdk-17.0.15\bin\api-ms-win-core-timezone-l1-1-0.dll
0x000001be559a0000 - 0x000001be559a3000 	C:\Program Files\JavaFX\javafx-sdk-17.0.15\bin\api-ms-win-core-util-l1-1-0.dll
0x000001be559b0000 - 0x000001be559b3000 	C:\Program Files\JavaFX\javafx-sdk-17.0.15\bin\api-ms-win-crt-conio-l1-1-0.dll
0x000001be559c0000 - 0x000001be559c4000 	C:\Program Files\JavaFX\javafx-sdk-17.0.15\bin\api-ms-win-crt-convert-l1-1-0.dll
0x000001be559d0000 - 0x000001be559d3000 	C:\Program Files\JavaFX\javafx-sdk-17.0.15\bin\api-ms-win-crt-environment-l1-1-0.dll
0x000001be559e0000 - 0x000001be559e3000 	C:\Program Files\JavaFX\javafx-sdk-17.0.15\bin\api-ms-win-crt-filesystem-l1-1-0.dll
0x000001be559f0000 - 0x000001be559f3000 	C:\Program Files\JavaFX\javafx-sdk-17.0.15\bin\api-ms-win-crt-heap-l1-1-0.dll
0x000001be55a00000 - 0x000001be55a03000 	C:\Program Files\JavaFX\javafx-sdk-17.0.15\bin\api-ms-win-crt-locale-l1-1-0.dll
0x000001be55a10000 - 0x000001be55a15000 	C:\Program Files\JavaFX\javafx-sdk-17.0.15\bin\api-ms-win-crt-math-l1-1-0.dll
0x000001be55a20000 - 0x000001be55a25000 	C:\Program Files\JavaFX\javafx-sdk-17.0.15\bin\api-ms-win-crt-multibyte-l1-1-0.dll
0x000001be55a30000 - 0x000001be55a40000 	C:\Program Files\JavaFX\javafx-sdk-17.0.15\bin\api-ms-win-crt-private-l1-1-0.dll
0x000001be55a40000 - 0x000001be55a43000 	C:\Program Files\JavaFX\javafx-sdk-17.0.15\bin\api-ms-win-crt-process-l1-1-0.dll
0x000001be55a50000 - 0x000001be55a54000 	C:\Program Files\JavaFX\javafx-sdk-17.0.15\bin\api-ms-win-crt-runtime-l1-1-0.dll
0x000001be55a60000 - 0x000001be55a64000 	C:\Program Files\JavaFX\javafx-sdk-17.0.15\bin\api-ms-win-crt-stdio-l1-1-0.dll
0x000001be55a70000 - 0x000001be55a74000 	C:\Program Files\JavaFX\javafx-sdk-17.0.15\bin\api-ms-win-crt-string-l1-1-0.dll
0x000001be55a80000 - 0x000001be55a83000 	C:\Program Files\JavaFX\javafx-sdk-17.0.15\bin\api-ms-win-crt-time-l1-1-0.dll
0x000001be55a90000 - 0x000001be55a93000 	C:\Program Files\JavaFX\javafx-sdk-17.0.15\bin\api-ms-win-crt-utility-l1-1-0.dll
0x00007ffd96080000 - 0x00007ffd9617c000 	C:\Program Files\JavaFX\javafx-sdk-17.0.15\bin\ucrtbase.dll
0x00007ffdba060000 - 0x00007ffdba07b000 	C:\Program Files\JavaFX\javafx-sdk-17.0.15\bin\vcruntime140.dll
0x00007ffdc33f0000 - 0x00007ffdc33fc000 	C:\Program Files\JavaFX\javafx-sdk-17.0.15\bin\vcruntime140_1.dll
0x00007ffdac080000 - 0x00007ffdac10e000 	C:\Program Files\JavaFX\javafx-sdk-17.0.15\bin\msvcp140.dll
0x00007ffdc3390000 - 0x00007ffdc3399000 	C:\Program Files\JavaFX\javafx-sdk-17.0.15\bin\msvcp140_1.dll
0x00007ffdaadc0000 - 0x00007ffdaae01000 	C:\Program Files\JavaFX\javafx-sdk-17.0.15\bin\msvcp140_2.dll
0x00007ffdab290000 - 0x00007ffdab2ba000 	C:\Program Files\JavaFX\javafx-sdk-17.0.15\bin\prism_d3d.dll
0x00007ffda1c70000 - 0x00007ffda1e27000 	C:\WINDOWS\system32\d3d9.dll
0x00007ffddca30000 - 0x00007ffddca66000 	C:\WINDOWS\SYSTEM32\dwmapi.dll
0x00007ffddc9c0000 - 0x00007ffddca0d000 	C:\WINDOWS\SYSTEM32\dxcore.dll
0x00007ffddc6e0000 - 0x00007ffddc78f000 	C:\WINDOWS\system32\uxtheme.dll
0x00007ffd61920000 - 0x00007ffd61b58000 	C:\WINDOWS\System32\DriverStore\FileRepository\iigd_dch.inf_amd64_0fdf6ce291234272\igdumdim64.dll
0x00007ffde2100000 - 0x00007ffde229e000 	C:\WINDOWS\System32\ole32.dll
0x00007ffd29b30000 - 0x00007ffd2aea0000 	C:\WINDOWS\System32\DriverStore\FileRepository\iigd_dch.inf_amd64_0fdf6ce291234272\igd9dxva64.dll
0x00007ffde22e0000 - 0x00007ffde2766000 	C:\WINDOWS\System32\SETUPAPI.dll
0x00007ffddf660000 - 0x00007ffddf6b7000 	C:\WINDOWS\SYSTEM32\cfgmgr32.dll
0x00007ffd838e0000 - 0x00007ffd85601000 	C:\WINDOWS\System32\DriverStore\FileRepository\iigd_dch.inf_amd64_0fdf6ce291234272\media_bin_64.dll
0x00007ffdd3bb0000 - 0x00007ffdd3fe8000 	C:\WINDOWS\System32\DriverStore\FileRepository\iigd_dch.inf_amd64_0fdf6ce291234272\igdgmm64.dll
0x00007ffddc810000 - 0x00007ffddc871000 	C:\WINDOWS\SYSTEM32\directxdatabasehelper.dll
0x00007ffda8c00000 - 0x00007ffda8c42000 	C:\Program Files\JavaFX\javafx-sdk-17.0.15\bin\glass.dll
0x00007ffde1710000 - 0x00007ffde1806000 	C:\WINDOWS\System32\COMDLG32.dll
0x00007ffde1e40000 - 0x00007ffde1fa0000 	C:\WINDOWS\System32\MSCTF.dll
0x00007ffd87fe0000 - 0x00007ffd88007000 	C:\WINDOWS\System32\DriverStore\FileRepository\iigd_dch.inf_amd64_0fdf6ce291234272\igdinfo64.dll
0x00007ffdcfd00000 - 0x00007ffdd3bad000 	C:\WINDOWS\System32\DriverStore\FileRepository\iigd_dch.inf_amd64_0fdf6ce291234272\igc64.dll
0x00007ffdaad90000 - 0x00007ffdaadbd000 	C:\Program Files\JavaFX\javafx-sdk-17.0.15\bin\javafx_iio.dll
0x00007ffdb8cb0000 - 0x00007ffdb8cc5000 	C:\Program Files\JavaFX\javafx-sdk-17.0.15\bin\javafx_font.dll
0x00007ffddaf50000 - 0x00007ffddb1bb000 	C:\WINDOWS\SYSTEM32\dwrite.dll
0x00007ffde1860000 - 0x00007ffde1908000 	C:\WINDOWS\System32\clbcatq.dll
0x00007ffddacd0000 - 0x00007ffddaf09000 	C:\WINDOWS\SYSTEM32\WindowsCodecs.dll
0x00007ffdaa4f0000 - 0x00007ffdaa54a000 	C:\WINDOWS\system32\dataexchange.dll
0x00007ffdcdbe0000 - 0x00007ffdcde1a000 	C:\WINDOWS\system32\twinapi.appcore.dll
0x00007ffd8f100000 - 0x00007ffd8f12c000 	C:\Program Files\Common Files\Microsoft Shared\Ink\rtscom.dll
0x00007ffdc75b0000 - 0x00007ffdc7700000 	C:\WINDOWS\SYSTEM32\textinputframework.dll
0x00007ffddc1f0000 - 0x00007ffddc315000 	C:\WINDOWS\SYSTEM32\CoreMessaging.dll
0x00007ffdd71b0000 - 0x00007ffdd7493000 	C:\WINDOWS\SYSTEM32\CoreUIComponents.dll
0x00007ffddf0f0000 - 0x00007ffddf0fc000 	C:\WINDOWS\SYSTEM32\CRYPTBASE.DLL
0x00007ffdde370000 - 0x00007ffdde497000 	C:\WINDOWS\SYSTEM32\DNSAPI.dll
0x00007ffdde2d0000 - 0x00007ffdde303000 	C:\WINDOWS\SYSTEM32\IPHLPAPI.DLL

dbghelp: loaded successfully - version: 4.0.5 - missing functions: none
symbol engine: initialized successfully - sym options: 0x614 - pdb path: .;C:\Users\jccas\.jdks\temurin-17.0.15\bin;C:\WINDOWS\SYSTEM32;C:\WINDOWS\WinSxS\amd64_microsoft.windows.common-controls_6595b64144ccf1df_6.0.26100.4202_none_3e0698d4e335f517;C:\Users\jccas\.jdks\temurin-17.0.15\bin\server;C:\Program Files\JetBrains\IntelliJ IDEA 2024.2.0.2\bin;C:\Program Files\JavaFX\javafx-sdk-17.0.15\bin;C:\WINDOWS\System32\DriverStore\FileRepository\iigd_dch.inf_amd64_0fdf6ce291234272;C:\Program Files\Common Files\Microsoft Shared\Ink

VM Arguments:
jvm_args: --module-path=C:\Program Files\JavaFX\javafx-sdk-17.0.15\lib --add-modules=javafx.controls,javafx.fxml,javafx.graphics,javafx.base -javaagent:C:\Program Files\JetBrains\IntelliJ IDEA 2024.2.0.2\lib\idea_rt.jar=54750:C:\Program Files\JetBrains\IntelliJ IDEA 2024.2.0.2\bin -Dfile.encoding=UTF-8 
java_command: professionalpractice.ProfessionalPractices
java_class_path (initial): C:\TrabajosProgramacion\PC\ProyectoModificado\Professional-Practices-software\out\production\Professional-Practices-software;C:\TrabajosProgramacion\PC\ProyectoModificado\Professional-Practices-software\dependencies\jbcrypt-0.4.jar;C:\TrabajosProgramacion\PC\ProyectoModificado\Professional-Practices-software\dependencies\mysql-connector-java-8.0.20.jar;C:\Program Files\JavaFX\javafx-sdk-17.0.15\lib\javafx-swt.jar;C:\Program Files\JavaFX\javafx-sdk-17.0.15\lib\javafx.web.jar;C:\Program Files\JavaFX\javafx-sdk-17.0.15\lib\javafx.base.jar;C:\Program Files\JavaFX\javafx-sdk-17.0.15\lib\javafx.fxml.jar;C:\Program Files\JavaFX\javafx-sdk-17.0.15\lib\javafx.media.jar;C:\Program Files\JavaFX\javafx-sdk-17.0.15\lib\javafx.swing.jar;C:\Program Files\JavaFX\javafx-sdk-17.0.15\lib\javafx.controls.jar;C:\Program Files\JavaFX\javafx-sdk-17.0.15\lib\javafx.graphics.jar
Launcher Type: SUN_STANDARD

[Global flags]
     intx CICompilerCount                          = 4                                         {product} {ergonomic}
     uint ConcGCThreads                            = 2                                         {product} {ergonomic}
     uint G1ConcRefinementThreads                  = 8                                         {product} {ergonomic}
   size_t G1HeapRegionSize                         = 1048576                                   {product} {ergonomic}
    uintx GCDrainStackTargetSize                   = 64                                        {product} {ergonomic}
   size_t InitialHeapSize                          = 132120576                                 {product} {ergonomic}
   size_t MarkStackSize                            = 4194304                                   {product} {ergonomic}
   size_t MaxHeapSize                              = 2086666240                                {product} {ergonomic}
   size_t MaxNewSize                               = 1251999744                                {product} {ergonomic}
   size_t MinHeapDeltaBytes                        = 1048576                                   {product} {ergonomic}
   size_t MinHeapSize                              = 8388608                                   {product} {ergonomic}
    uintx NonNMethodCodeHeapSize                   = 5839372                                {pd product} {ergonomic}
    uintx NonProfiledCodeHeapSize                  = 122909434                              {pd product} {ergonomic}
    uintx ProfiledCodeHeapSize                     = 122909434                              {pd product} {ergonomic}
    uintx ReservedCodeCacheSize                    = 251658240                              {pd product} {ergonomic}
     bool SegmentedCodeCache                       = true                                      {product} {ergonomic}
   size_t SoftMaxHeapSize                          = 2086666240                             {manageable} {ergonomic}
     bool UseCompressedClassPointers               = true                           {product lp64_product} {ergonomic}
     bool UseCompressedOops                        = true                           {product lp64_product} {ergonomic}
     bool UseG1GC                                  = true                                      {product} {ergonomic}
     bool UseLargePagesIndividualAllocation        = false                                  {pd product} {ergonomic}

Logging:
Log output configuration:
 #0: stdout all=off uptime,level,tags
 #1: stderr all=off uptime,level,tags

Environment Variables:
PATH=C:\Program Files\Eclipse Adoptium\jdk-21.0.7.6-hotspot\bin;C:\Program Files\MySQL\MySQL Server 8.0\bin;C:\Program Files (x86)\Common Files\Oracle\Java\java8path;C:\Program Files\Common Files\Oracle\Java\javapath;C:\Program Files (x86)\Common Files\Oracle\Java\javapath;C:\WINDOWS\system32;C:\WINDOWS;C:\WINDOWS\System32\Wbem;C:\WINDOWS\System32\WindowsPowerShell\v1.0\;C:\WINDOWS\System32\OpenSSH\;C:\Program Files (x86)\Common Files\i2 Shared\Geotrans\;C:\Program Files (x86)\Common Files\i2 Shared\i2 Online iLink 8\Components\;C:\Program Files\HP\HP One Agent;C:\Users\jccas\AppData\Local\Programs\Python\Python313;C:\WINDOWS\system32;C:\WINDOWS;C:\WINDOWS\System32\Wbem;C:\WINDOWS\System32\WindowsPowerShell\v1.0\;C:\WINDOWS\System32\OpenSSH\;C:\Program Files\dotnet\;C:\Program Files\Git\cmd;C:\Program Files\MySQL\MySQL Server 8.0\bin;C:\Users\jccas\AppData\Local\Programs\Python\Launcher\;C:\xampp\htdocs\UAI\vistas\index.ine_nacional.vista.php;C:\Users\jccas\AppData\Local\Microsoft\WindowsApps;C:\Users\jccas\AppData\Local\JetBrains\Toolbox\scripts;C:\Users\jccas\AppData\Local\Programs\Microsoft VS Code\bin;C:\Users\jccas\.dotnet\tools;
USERNAME=jccas
OS=Windows_NT
PROCESSOR_IDENTIFIER=Intel64 Family 6 Model 140 Stepping 1, GenuineIntel
TMP=C:\Users\jccas\AppData\Local\Temp
TEMP=C:\Users\jccas\AppData\Local\Temp



Periodic native trim disabled


---------------  S Y S T E M  ---------------

OS:
 Windows 11 , 64 bit Build 26100 (10.0.26100.4202)
OS uptime: 6 days 4:51 hours
Hyper-V role detected

CPU: total 8 (initial active 8) (4 cores per cpu, 2 threads per core) family 6 model 140 stepping 1 microcode 0x86, cx8, cmov, fxsr, ht, mmx, 3dnowpref, sse, sse2, sse3, ssse3, sse4.1, sse4.2, popcnt, lzcnt, tsc, tscinvbit, avx, avx2, aes, erms, clmul, bmi1, bmi2, adx, avx512f, avx512dq, avx512cd, avx512bw, avx512vl, sha, fma, vzeroupper, avx512_vpopcntdq, avx512_vpclmulqdq, avx512_vaes, avx512_vnni, clflush, clflushopt, clwb, avx512_vbmi2, avx512_vbmi, hv
Processor Information for all 8 processors :
  Max Mhz: 2419, Current Mhz: 2419, Mhz Limit: 2419

Memory: 4k page, system-wide physical 7957M (1063M free)
TotalPageFile size 17867M (AvailPageFile size 1515M)
current process WorkingSet (physical memory assigned to process): 133M, peak: 297M
current process commit charge ("private bytes"): 374M, peak: 391M

vm_info: OpenJDK 64-Bit Server VM (17.0.15+6) for windows-amd64 JRE (17.0.15+6), built on Apr 15 2025 21:25:47 by "admin" with MS VC++ 17.7 (VS2022)

END.
