#
# A fatal error has been detected by the Java Runtime Environment:
#
#  EXCEPTION_ACCESS_VIOLATION (0xc0000005) at pc=0x00007ffda8bf68a7, pid=5392, tid=20436
#
# JRE version: OpenJDK Runtime Environment Temurin-17.0.15+6 (17.0.15+6) (build 17.0.15+6)
# Java VM: OpenJDK 64-Bit Server VM Temurin-17.0.15+6 (17.0.15+6, mixed mode, sharing, tiered, compressed oops, compressed class ptrs, g1 gc, windows-amd64)
# Problematic frame:
# C  [glass.dll+0x268a7]
#
# No core dump will be written. Minidumps are not enabled by default on client versions of Windows
#
# If you would like to submit a bug report, please visit:
#   https://github.com/adoptium/adoptium-support/issues
#

---------------  S U M M A R Y ------------

Command Line: --module-path=C:\Program Files\JavaFX\javafx-sdk-17.0.15\lib --add-modules=javafx.controls,javafx.fxml,javafx.graphics,javafx.base -javaagent:C:\Program Files\JetBrains\IntelliJ IDEA 2024.2.0.2\lib\idea_rt.jar=63544:C:\Program Files\JetBrains\IntelliJ IDEA 2024.2.0.2\bin -Dfile.encoding=UTF-8 professionalpractice.ProfessionalPractices

Host: 11th Gen Intel(R) Core(TM) i5-1135G7 @ 2.40GHz, 8 cores, 7G,  Windows 11 , 64 bit Build 26100 (10.0.26100.4202)
Time: Thu Jun 19 15:31:42 2025 Hora estándar central (México) elapsed time: 701.981838 seconds (0d 0h 11m 41s)

---------------  T H R E A D  ---------------

Current thread (0x000002c2dcdf3860):  VMThread "VM Thread" [stack: 0x000000f5edb00000,0x000000f5edc00000] [id=20436]

Stack: [0x000000f5edb00000,0x000000f5edc00000],  sp=0x000000f5edbfeae0,  free space=1018k
Native frames: (J=compiled Java code, j=interpreted, Vv=VM code, C=native code)
C  [glass.dll+0x268a7]


siginfo: EXCEPTION_ACCESS_VIOLATION (0xc0000005), reading address 0x0000000000000000


Registers:
RAX=0x0000000000000000, RBX=0x000002c2dce08410, RCX=0x000002c2dcdf3860, RDX=0x000000f5edbfeae0
RSP=0x000000f5edbfeae0, RBP=0x0000df676f87090e, RSI=0x000002c323fe3138, RDI=0x000002c323fe3110
R8 =0x0000000000010002, R9 =0x0000df676f87090e, R10=0x000002c2bce70000, R11=0x000000f5edbfe990
R12=0x00007ffda8bd0000, R13=0x000000007ffe0385, R14=0x000000f5edbfebe8, R15=0x000002c323fe3110
RIP=0x00007ffda8bf68a7, EFLAGS=0x0000000000010206

XMM[0]=0x0000000000000000 0x0000000000000000
XMM[1]=0x0000000000000000 0x0000000000000000
XMM[2]=0x0000000000000000 0x0000000000000000
XMM[3]=0x0000000000000000 0x0000000000000000
XMM[4]=0x0000000000000000 0x0000000000000000
XMM[5]=0x0000000000000000 0x0000000000000000
XMM[6]=0x0000000000000000 0x404e000000000000
XMM[7]=0x0000000000000000 0x0000000000000000
XMM[8]=0x0000000000000000 0x0000000000000000
XMM[9]=0x0000000000000000 0x0000000000000000
XMM[10]=0x0000000000000000 0x0000000000000000
XMM[11]=0x0000000000000000 0x0000000000000000
XMM[12]=0x0000000000000000 0x0000000000000000
XMM[13]=0x0000000000000000 0x0000000000000000
XMM[14]=0x0000000000000000 0x0000000000000000
XMM[15]=0x0000000000000000 0x0000000000000000
  MXCSR=0x00001fa3


Register to memory mapping:

RIP=0x00007ffda8bf68a7 glass.dll
RAX=0x0 is NULL
RBX=0x000002c2dce08410 is a global jni handle
RCX=0x000002c2dcdf3860 points into unknown readable memory: 0x00007ffd52de2bb8 | b8 2b de 52 fd 7f 00 00
RDX=0x000000f5edbfeae0 points into unknown readable memory: 0x0000000000000000 | 00 00 00 00 00 00 00 00
RSP=0x000000f5edbfeae0 points into unknown readable memory: 0x0000000000000000 | 00 00 00 00 00 00 00 00
RBP=0x0000df676f87090e is an unknown value
RSI=0x000002c323fe3138 points into unknown readable memory: 0x0000df676f87090e | 0e 09 87 6f 67 df 00 00
RDI=0x000002c323fe3110 points into unknown readable memory: 0x1fffb548a0c5090e | 0e 09 c5 a0 48 b5 ff 1f
R8 =0x0000000000010002 is an unknown value
R9 =0x0000df676f87090e is an unknown value
R10=0x000002c2bce70000 points into unknown readable memory: 0x0000000000000000 | 00 00 00 00 00 00 00 00
R11=0x000000f5edbfe990 points into unknown readable memory: 0x0000000000000000 | 00 00 00 00 00 00 00 00
R12=0x00007ffda8bd0000 glass.dll
R13=0x000000007ffe0385 points into unknown readable memory: 00 00 00
R14=0x000000f5edbfebe8 points into unknown readable memory: 0x000000f5edbfebd0 | d0 eb bf ed f5 00 00 00
R15=0x000002c323fe3110 points into unknown readable memory: 0x1fffb548a0c5090e | 0e 09 c5 a0 48 b5 ff 1f


Top of Stack: (sp=0x000000f5edbfeae0)
0x000000f5edbfeae0:   0000000000000000 000002c300000000
0x000000f5edbfeaf0:   000002c323ff82b0 00007ffda8bd0000
0x000000f5edbfeb00:   000002c323fe3118 00007ffde00abc75
0x000000f5edbfeb10:   000002c323fe3110 000002c300000000
0x000000f5edbfeb20:   000002c323fe3130 0000df676f87090e
0x000000f5edbfeb30:   fffffffffffffffe 00007ffddfcc96ab
0x000000f5edbfeb40:   0000000000000000 00007ffda8bd0000
0x000000f5edbfeb50:   000000f5edbfebd8 00007ffde00ab897
0x000000f5edbfeb60:   000000f5edbfeb00 000000f5edbfebe8
0x000000f5edbfeb70:   000000f5edbff110 00007ffde01988c0
0x000000f5edbfeb80:   0000000000000001 00007ffde00ab84d
0x000000f5edbfeb90:   0000000000000000 0000000000000001
0x000000f5edbfeba0:   0000000000000000 000000f5edbfebd8
0x000000f5edbfebb0:   fffffffffffffffe 000000f5edbff100
0x000000f5edbfebc0:   0000000000000000 00007ffda8bf407d
0x000000f5edbfebd0:   00007ffda8c0a008 00007ffd00000002
0x000000f5edbfebe0:   0000000000000002 000000f5edbfebd0
0x000000f5edbfebf0:   0000000000000000 00007ffdde2e908d
0x000000f5edbfec00:   0000000000000000 00007ffda8bf41a2
0x000000f5edbfec10:   0000000000000001 000000007ffe0384
0x000000f5edbfec20:   0000000000000001 0000000000000001
0x000000f5edbfec30:   000000007ffe0384 00007ffddf0f277e
0x000000f5edbfec40:   0000000000000001 000000000000008d
0x000000f5edbfec50:   00007ffda8bf41f0 0000000000000001
0x000000f5edbfec60:   0000000000000001 00007ffde2a12983
0x000000f5edbfec70:   00007ffda8bd0000 0000000000000000
0x000000f5edbfec80:   0000000000000001 000000007ffe0384
0x000000f5edbfec90:   000000000000005e 0000000000000000
0x000000f5edbfeca0:   0000000000000000 0000000000000000
0x000000f5edbfecb0:   00007ffda8bd0000 fffffb3a00000000
0x000000f5edbfecc0:   0000000000000079 0000000000000000
0x000000f5edbfecd0:   0000000000000000 000002c2bd1667b0 

Instructions: (pc=0x00007ffda8bf68a7)
0x00007ffda8bf67a7:   8b 4d 58 e8 8d cf ff ff 48 8b 4d 60 e8 84 cf ff
0x00007ffda8bf67b7:   ff 48 8b 95 80 00 00 00 48 8b 8d 18 01 00 00 e8
0x00007ffda8bf67c7:   76 c4 ff ff 33 d2 33 c9 e8 cc e1 ff ff 90 48 89
0x00007ffda8bf67d7:   54 24 10 55 48 83 ec 20 48 8b ea 48 b8 00 00 00
0x00007ffda8bf67e7:   00 00 00 00 00 48 83 c4 20 5d c3 cc 40 55 48 8b
0x00007ffda8bf67f7:   ea 48 8b 01 33 c9 81 38 05 00 00 c0 0f 94 c1 8b
0x00007ffda8bf6807:   c1 5d c3 cc 40 55 48 83 ec 20 48 8b ea 8a 4d 40
0x00007ffda8bf6817:   48 83 c4 20 5d e9 73 d3 ff ff cc 40 55 48 83 ec
0x00007ffda8bf6827:   20 48 8b ea 8a 4d 20 e8 61 d3 ff ff 90 48 83 c4
0x00007ffda8bf6837:   20 5d c3 cc 40 55 48 83 ec 20 48 8b ea 48 83 c4
0x00007ffda8bf6847:   20 5d e9 c2 d1 ff ff cc 40 55 48 83 ec 30 48 8b
0x00007ffda8bf6857:   ea 48 8b 01 8b 10 48 89 4c 24 28 89 54 24 20 4c
0x00007ffda8bf6867:   8d 0d 63 d6 ff ff 4c 8b 45 70 8b 55 68 48 8b 4d
0x00007ffda8bf6877:   60 e8 03 d1 ff ff 90 48 83 c4 30 5d c3 cc cc cc
0x00007ffda8bf6887:   cc cc cc cc cc cc cc cc cc 40 53 48 83 ec 20 48
0x00007ffda8bf6897:   8b 1d 6b 31 01 00 48 85 db 74 16 e8 89 8b ff ff
0x00007ffda8bf68a7:   4c 8b 00 48 8b d3 48 8b c8 41 ff 90 b0 00 00 00
0x00007ffda8bf68b7:   90 48 83 c4 20 5b c3 cc cc 40 53 48 83 ec 20 48
0x00007ffda8bf68c7:   8b 1d db 32 01 00 48 85 db 74 57 b8 ff ff ff ff
0x00007ffda8bf68d7:   f0 0f c1 43 10 83 f8 01 75 3d 48 85 db 74 38 48
0x00007ffda8bf68e7:   8b 0b 48 85 c9 74 0d ff 15 b4 09 00 00 48 c7 03
0x00007ffda8bf68f7:   00 00 00 00 48 8b 4b 08 48 85 c9 74 0d e8 33 ce
0x00007ffda8bf6907:   ff ff 48 c7 43 08 00 00 00 00 ba 18 00 00 00 48
0x00007ffda8bf6917:   8b cb e8 1e ce ff ff 48 c7 05 7f 32 01 00 00 00
0x00007ffda8bf6927:   00 00 48 83 c4 20 5b c3 cc 40 53 48 83 ec 20 48
0x00007ffda8bf6937:   8b 1d 4b 32 01 00 48 85 db 74 57 b8 ff ff ff ff
0x00007ffda8bf6947:   f0 0f c1 43 10 83 f8 01 75 3d 48 85 db 74 38 48
0x00007ffda8bf6957:   8b 0b 48 85 c9 74 0d ff 15 44 09 00 00 48 c7 03
0x00007ffda8bf6967:   00 00 00 00 48 8b 4b 08 48 85 c9 74 0d e8 c3 cd
0x00007ffda8bf6977:   ff ff 48 c7 43 08 00 00 00 00 ba 18 00 00 00 48
0x00007ffda8bf6987:   8b cb e8 ae cd ff ff 48 c7 05 ef 31 01 00 00 00
0x00007ffda8bf6997:   00 00 48 83 c4 20 5b c3 cc 40 53 48 83 ec 20 48 


Stack slot to memory mapping:
stack at sp + 0 slots: 0x0 is NULL
stack at sp + 1 slots: 0x000002c300000000 is an unknown value
stack at sp + 2 slots: 0x000002c323ff82b0 points into unknown readable memory: 0x000002c323ff81c0 | c0 81 ff 23 c3 02 00 00
stack at sp + 3 slots: 0x00007ffda8bd0000 glass.dll
stack at sp + 4 slots: 0x000002c323fe3118 points into unknown readable memory: 0x0000df676f87090e | 0e 09 87 6f 67 df 00 00
stack at sp + 5 slots: 0x00007ffde00abc75 ucrtbase.dll
stack at sp + 6 slots: 0x000002c323fe3110 points into unknown readable memory: 0x1fffb548a0c5090e | 0e 09 c5 a0 48 b5 ff 1f
stack at sp + 7 slots: 0x000002c300000000 is an unknown value

VM_Operation (0x000000f5ed2fee90): Exit, mode: safepoint, requested by thread 0x000002c3231e2c50


---------------  P R O C E S S  ---------------

Threads class SMR info:
_java_thread_list=0x000002c32975ab20, length=22, elements={
0x000002c2be959350, 0x000002c2dcdf9910, 0x000002c2dcdfb040, 0x000002c2dce10520,
0x000002c2dce12ef0, 0x000002c2dce14420, 0x000002c2dce15950, 0x000002c2dce17dd0,
0x000002c2dce23410, 0x000002c2dce24980, 0x000002c2dcde4c90, 0x000002c32360f120,
0x000002c3234c7a20, 0x000002c323a83ff0, 0x000002c2dd704190, 0x000002c323ff5960,
0x000002c324273400, 0x000002c3231e2740, 0x000002c3231e1300, 0x000002c3231e08e0,
0x000002c3231e0df0, 0x000002c3231e2c50
}

Java Threads: ( => current thread )
  0x000002c2be959350 JavaThread "main" [_thread_blocked, id=19644, stack(0x000000f5ed500000,0x000000f5ed600000)]
  0x000002c2dcdf9910 JavaThread "Reference Handler" daemon [_thread_blocked, id=24612, stack(0x000000f5edc00000,0x000000f5edd00000)]
  0x000002c2dcdfb040 JavaThread "Finalizer" daemon [_thread_blocked, id=12484, stack(0x000000f5edd00000,0x000000f5ede00000)]
  0x000002c2dce10520 JavaThread "Signal Dispatcher" daemon [_thread_blocked, id=11876, stack(0x000000f5ede00000,0x000000f5edf00000)]
  0x000002c2dce12ef0 JavaThread "Attach Listener" daemon [_thread_blocked, id=2920, stack(0x000000f5edf00000,0x000000f5ee000000)]
  0x000002c2dce14420 JavaThread "Service Thread" daemon [_thread_blocked, id=14436, stack(0x000000f5ee000000,0x000000f5ee100000)]
  0x000002c2dce15950 JavaThread "Monitor Deflation Thread" daemon [_thread_blocked, id=20752, stack(0x000000f5ee100000,0x000000f5ee200000)]
  0x000002c2dce17dd0 JavaThread "C2 CompilerThread0" daemon [_thread_blocked, id=18464, stack(0x000000f5ee200000,0x000000f5ee300000)]
  0x000002c2dce23410 JavaThread "C1 CompilerThread0" daemon [_thread_blocked, id=23364, stack(0x000000f5ee300000,0x000000f5ee400000)]
  0x000002c2dce24980 JavaThread "Sweeper thread" daemon [_thread_blocked, id=21708, stack(0x000000f5ee400000,0x000000f5ee500000)]
  0x000002c2dcde4c90 JavaThread "Common-Cleaner" daemon [_thread_blocked, id=22112, stack(0x000000f5ee500000,0x000000f5ee600000)]
  0x000002c32360f120 JavaThread "Monitor Ctrl-Break" daemon [_thread_in_native, id=24048, stack(0x000000f5ee800000,0x000000f5ee900000)]
  0x000002c3234c7a20 JavaThread "Notification Thread" daemon [_thread_blocked, id=27256, stack(0x000000f5ee900000,0x000000f5eea00000)]
  0x000002c323a83ff0 JavaThread "QuantumRenderer-0" daemon [_thread_blocked, id=25072, stack(0x000000f5eeb00000,0x000000f5eec00000)]
  0x000002c2dd704190 JavaThread "InvokeLaterDispatcher" daemon [_thread_blocked, id=23756, stack(0x000000f5eec00000,0x000000f5eed00000)]
  0x000002c323ff5960 JavaThread "JavaFX Application Thread" [_thread_in_native, id=21680, stack(0x000000f5eed00000,0x000000f5eee00000)]
  0x000002c324273400 JavaThread "JavaFX-Launcher" [_thread_blocked, id=6704, stack(0x000000f5ef200000,0x000000f5ef300000)]
  0x000002c3231e2740 JavaThread "Thread-2" daemon [_thread_in_native, id=20532, stack(0x000000f5ef100000,0x000000f5ef200000)]
  0x000002c3231e1300 JavaThread "Prism Font Disposer" daemon [_thread_blocked, id=26528, stack(0x000000f5efb00000,0x000000f5efc00000)]
  0x000002c3231e08e0 JavaThread "Cleaner-0" daemon [_thread_blocked, id=21636, stack(0x000000f5efc00000,0x000000f5efd00000)]
  0x000002c3231e0df0 JavaThread "mysql-cj-abandoned-connection-cleanup" daemon [_thread_blocked, id=11956, stack(0x000000f5efd00000,0x000000f5efe00000)]
  0x000002c3231e2c50 JavaThread "SIGINT handler" daemon [_thread_blocked, id=24908, stack(0x000000f5ed200000,0x000000f5ed300000)]

Other Threads:
=>0x000002c2dcdf3860 VMThread "VM Thread" [stack: 0x000000f5edb00000,0x000000f5edc00000] [id=20436]
  0x000002c2be9b6970 GCTaskThread "GC Thread#0" [stack: 0x000000f5ed600000,0x000000f5ed700000] [id=22708]
  0x000002c3235da570 GCTaskThread "GC Thread#1" [stack: 0x000000f5ef300000,0x000000f5ef400000] [id=14900]
  0x000002c32420a4a0 GCTaskThread "GC Thread#2" [stack: 0x000000f5ef400000,0x000000f5ef500000] [id=26012]
  0x000002c323a8be20 GCTaskThread "GC Thread#3" [stack: 0x000000f5ef500000,0x000000f5ef600000] [id=11128]
  0x000002c3242a6680 GCTaskThread "GC Thread#4" [stack: 0x000000f5ef600000,0x000000f5ef700000] [id=24344]
  0x000002c324200b40 GCTaskThread "GC Thread#5" [stack: 0x000000f5ef700000,0x000000f5ef800000] [id=24328]
  0x000002c323d4f350 GCTaskThread "GC Thread#6" [stack: 0x000000f5ee600000,0x000000f5ee700000] [id=22036]
  0x000002c323dcbd00 GCTaskThread "GC Thread#7" [stack: 0x000000f5ee700000,0x000000f5ee800000] [id=18476]
  0x000002c2be9c7180 ConcurrentGCThread "G1 Main Marker" terminated
  0x000002c2be9c8870 ConcurrentGCThread "G1 Conc#0" [stack: 0x000000f5ed800000,0x000000f5ed900000] [id=21792]
  0x000002c3234abdc0 ConcurrentGCThread "G1 Conc#1" [stack: 0x000000f5efe00000,0x000000f5eff00000] [id=13412]
  0x000002c2dccb5f80 ConcurrentGCThread "G1 Refine#0" terminated
  0x000002c2dccb6660 ConcurrentGCThread "G1 Service" terminated

Threads with active compile tasks:

VM state: at safepoint (shutting down)

VM Mutex/Monitor currently owned by a thread:  ([mutex/lock_event])
[0x000002c2be9548e0] Threads_lock - owner thread: 0x000002c2dcdf3860
[0x000002c2be9556f0] Heap_lock - owner thread: 0x000002c3231e2c50

Heap address: 0x0000000083a00000, size: 1990 MB, Compressed Oops mode: 32-bit

CDS archive(s) mapped at: [0x000002c2de000000-0x000002c2debb0000-0x000002c2debb0000), size 12255232, SharedBaseAddress: 0x000002c2de000000, ArchiveRelocationMode: 1.
Compressed class space mapped at: 0x000002c2df000000-0x000002c31f000000, reserved size: 1073741824
Narrow klass base: 0x000002c2de000000, Narrow klass shift: 0, Narrow klass range: 0x100000000

GC Precious Log:
 CPUs: 8 total, 8 available
 Memory: 7957M
 Large Page Support: Disabled
 NUMA Support: Disabled
 Compressed Oops: Enabled (32-bit)
 Heap Region Size: 1M
 Heap Min Capacity: 8M
 Heap Initial Capacity: 126M
 Heap Max Capacity: 1990M
 Pre-touch: Disabled
 Parallel Workers: 8
 Concurrent Workers: 2
 Concurrent Refinement Workers: 8
 Periodic GC: Disabled

Heap:
 garbage-first heap   total 129024K, used 71317K [0x0000000083a00000, 0x0000000100000000)
  region size 1024K, 38 young (38912K), 8 survivors (8192K)
 Metaspace       used 22980K, committed 23296K, reserved 1114112K
  class space    used 3096K, committed 3264K, reserved 1048576K

Heap Regions: E=young(eden), S=young(survivor), O=old, HS=humongous(starts), HC=humongous(continues), CS=collection set, F=free, OA=open archive, CA=closed archive, TAMS=top-at-mark-start (previous, next)
|   0|0x0000000083a00000, 0x0000000083b00000, 0x0000000083b00000|100%| O|  |TAMS 0x0000000083b00000, 0x0000000083a00000| Untracked 
|   1|0x0000000083b00000, 0x0000000083c00000, 0x0000000083c00000|100%|HS|  |TAMS 0x0000000083c00000, 0x0000000083b00000| Complete 
|   2|0x0000000083c00000, 0x0000000083d00000, 0x0000000083d00000|100%|HC|  |TAMS 0x0000000083d00000, 0x0000000083c00000| Complete 
|   3|0x0000000083d00000, 0x0000000083e00000, 0x0000000083e00000|100%|HC|  |TAMS 0x0000000083e00000, 0x0000000083d00000| Complete 
|   4|0x0000000083e00000, 0x0000000083f00000, 0x0000000083f00000|100%|HC|  |TAMS 0x0000000083f00000, 0x0000000083e00000| Complete 
|   5|0x0000000083f00000, 0x0000000084000000, 0x0000000084000000|100%|HC|  |TAMS 0x0000000084000000, 0x0000000083f00000| Complete 
|   6|0x0000000084000000, 0x0000000084100000, 0x0000000084100000|100%|HS|  |TAMS 0x0000000084100000, 0x0000000084000000| Complete 
|   7|0x0000000084100000, 0x0000000084200000, 0x0000000084200000|100%|HC|  |TAMS 0x0000000084200000, 0x0000000084100000| Complete 
|   8|0x0000000084200000, 0x0000000084300000, 0x0000000084300000|100%| O|  |TAMS 0x0000000084300000, 0x0000000084200000| Untracked 
|   9|0x0000000084300000, 0x00000000843ec800, 0x0000000084400000| 92%| O|  |TAMS 0x00000000843ec800, 0x0000000084300000| Untracked 
|  10|0x0000000084400000, 0x0000000084500000, 0x0000000084500000|100%|HS|  |TAMS 0x0000000084500000, 0x0000000084400000| Complete 
|  11|0x0000000084500000, 0x0000000084600000, 0x0000000084600000|100%|HC|  |TAMS 0x0000000084600000, 0x0000000084500000| Complete 
|  12|0x0000000084600000, 0x0000000084700000, 0x0000000084700000|100%|HC|  |TAMS 0x0000000084700000, 0x0000000084600000| Complete 
|  13|0x0000000084700000, 0x0000000084800000, 0x0000000084800000|100%|HC|  |TAMS 0x0000000084800000, 0x0000000084700000| Complete 
|  14|0x0000000084800000, 0x0000000084900000, 0x0000000084900000|100%|HC|  |TAMS 0x0000000084900000, 0x0000000084800000| Complete 
|  15|0x0000000084900000, 0x0000000084a00000, 0x0000000084a00000|100%|HC|  |TAMS 0x0000000084a00000, 0x0000000084900000| Complete 
|  16|0x0000000084a00000, 0x0000000084b00000, 0x0000000084b00000|100%|HC|  |TAMS 0x0000000084b00000, 0x0000000084a00000| Complete 
|  17|0x0000000084b00000, 0x0000000084c00000, 0x0000000084c00000|100%|HC|  |TAMS 0x0000000084c00000, 0x0000000084b00000| Complete 
|  18|0x0000000084c00000, 0x0000000084d00000, 0x0000000084d00000|100%|HC|  |TAMS 0x0000000084d00000, 0x0000000084c00000| Complete 
|  19|0x0000000084d00000, 0x0000000084e00000, 0x0000000084e00000|100%|HC|  |TAMS 0x0000000084e00000, 0x0000000084d00000| Complete 
|  20|0x0000000084e00000, 0x0000000084f00000, 0x0000000084f00000|100%|HC|  |TAMS 0x0000000084f00000, 0x0000000084e00000| Complete 
|  21|0x0000000084f00000, 0x0000000085000000, 0x0000000085000000|100%|HC|  |TAMS 0x0000000085000000, 0x0000000084f00000| Complete 
|  22|0x0000000085000000, 0x0000000085100000, 0x0000000085100000|100%|HC|  |TAMS 0x0000000085100000, 0x0000000085000000| Complete 
|  23|0x0000000085100000, 0x0000000085200000, 0x0000000085200000|100%|HS|  |TAMS 0x0000000085200000, 0x0000000085100000| Complete 
|  24|0x0000000085200000, 0x0000000085300000, 0x0000000085300000|100%|HC|  |TAMS 0x0000000085300000, 0x0000000085200000| Complete 
|  25|0x0000000085300000, 0x0000000085400000, 0x0000000085400000|100%|HS|  |TAMS 0x0000000085400000, 0x0000000085300000| Complete 
|  26|0x0000000085400000, 0x0000000085500000, 0x0000000085500000|100%|HC|  |TAMS 0x0000000085500000, 0x0000000085400000| Complete 
|  27|0x0000000085500000, 0x0000000085600000, 0x0000000085600000|100%|HS|  |TAMS 0x0000000085600000, 0x0000000085500000| Complete 
|  28|0x0000000085600000, 0x0000000085700000, 0x0000000085700000|100%|HC|  |TAMS 0x0000000085700000, 0x0000000085600000| Complete 
|  29|0x0000000085700000, 0x0000000085800000, 0x0000000085800000|100%|HS|  |TAMS 0x0000000085800000, 0x0000000085700000| Complete 
|  30|0x0000000085800000, 0x0000000085900000, 0x0000000085900000|100%|HC|  |TAMS 0x0000000085900000, 0x0000000085800000| Complete 
|  31|0x0000000085900000, 0x0000000085a00000, 0x0000000085a00000|100%|HS|  |TAMS 0x0000000085a00000, 0x0000000085900000| Complete 
|  32|0x0000000085a00000, 0x0000000085b00000, 0x0000000085b00000|100%|HC|  |TAMS 0x0000000085b00000, 0x0000000085a00000| Complete 
|  33|0x0000000085b00000, 0x0000000085b00000, 0x0000000085c00000|  0%| F|  |TAMS 0x0000000085b00000, 0x0000000085b00000| Untracked 
|  34|0x0000000085c00000, 0x0000000085c00000, 0x0000000085d00000|  0%| F|  |TAMS 0x0000000085c00000, 0x0000000085c00000| Untracked 
|  35|0x0000000085d00000, 0x0000000085d00000, 0x0000000085e00000|  0%| F|  |TAMS 0x0000000085d00000, 0x0000000085d00000| Untracked 
|  36|0x0000000085e00000, 0x0000000085e00000, 0x0000000085f00000|  0%| F|  |TAMS 0x0000000085e00000, 0x0000000085e00000| Untracked 
|  37|0x0000000085f00000, 0x0000000085f00000, 0x0000000086000000|  0%| F|  |TAMS 0x0000000085f00000, 0x0000000085f00000| Untracked 
|  38|0x0000000086000000, 0x0000000086000000, 0x0000000086100000|  0%| F|  |TAMS 0x0000000086000000, 0x0000000086000000| Untracked 
|  39|0x0000000086100000, 0x0000000086100000, 0x0000000086200000|  0%| F|  |TAMS 0x0000000086100000, 0x0000000086100000| Untracked 
|  40|0x0000000086200000, 0x0000000086200000, 0x0000000086300000|  0%| F|  |TAMS 0x0000000086200000, 0x0000000086200000| Untracked 
|  41|0x0000000086300000, 0x0000000086300000, 0x0000000086400000|  0%| F|  |TAMS 0x0000000086300000, 0x0000000086300000| Untracked 
|  42|0x0000000086400000, 0x0000000086400000, 0x0000000086500000|  0%| F|  |TAMS 0x0000000086400000, 0x0000000086400000| Untracked 
|  43|0x0000000086500000, 0x0000000086500000, 0x0000000086600000|  0%| F|  |TAMS 0x0000000086500000, 0x0000000086500000| Untracked 
|  44|0x0000000086600000, 0x0000000086600000, 0x0000000086700000|  0%| F|  |TAMS 0x0000000086600000, 0x0000000086600000| Untracked 
|  45|0x0000000086700000, 0x0000000086700000, 0x0000000086800000|  0%| F|  |TAMS 0x0000000086700000, 0x0000000086700000| Untracked 
|  46|0x0000000086800000, 0x0000000086800000, 0x0000000086900000|  0%| F|  |TAMS 0x0000000086800000, 0x0000000086800000| Untracked 
|  47|0x0000000086900000, 0x0000000086900000, 0x0000000086a00000|  0%| F|  |TAMS 0x0000000086900000, 0x0000000086900000| Untracked 
|  48|0x0000000086a00000, 0x0000000086a00000, 0x0000000086b00000|  0%| F|  |TAMS 0x0000000086a00000, 0x0000000086a00000| Untracked 
|  49|0x0000000086b00000, 0x0000000086b00000, 0x0000000086c00000|  0%| F|  |TAMS 0x0000000086b00000, 0x0000000086b00000| Untracked 
|  50|0x0000000086c00000, 0x0000000086c00000, 0x0000000086d00000|  0%| F|  |TAMS 0x0000000086c00000, 0x0000000086c00000| Untracked 
|  51|0x0000000086d00000, 0x0000000086d00000, 0x0000000086e00000|  0%| F|  |TAMS 0x0000000086d00000, 0x0000000086d00000| Untracked 
|  52|0x0000000086e00000, 0x0000000086e00000, 0x0000000086f00000|  0%| F|  |TAMS 0x0000000086e00000, 0x0000000086e00000| Untracked 
|  53|0x0000000086f00000, 0x0000000086f00000, 0x0000000087000000|  0%| F|  |TAMS 0x0000000086f00000, 0x0000000086f00000| Untracked 
|  54|0x0000000087000000, 0x0000000087000000, 0x0000000087100000|  0%| F|  |TAMS 0x0000000087000000, 0x0000000087000000| Untracked 
|  55|0x0000000087100000, 0x0000000087100000, 0x0000000087200000|  0%| F|  |TAMS 0x0000000087100000, 0x0000000087100000| Untracked 
|  56|0x0000000087200000, 0x0000000087200000, 0x0000000087300000|  0%| F|  |TAMS 0x0000000087200000, 0x0000000087200000| Untracked 
|  57|0x0000000087300000, 0x0000000087300000, 0x0000000087400000|  0%| F|  |TAMS 0x0000000087300000, 0x0000000087300000| Untracked 
|  58|0x0000000087400000, 0x0000000087400000, 0x0000000087500000|  0%| F|  |TAMS 0x0000000087400000, 0x0000000087400000| Untracked 
|  59|0x0000000087500000, 0x0000000087500000, 0x0000000087600000|  0%| F|  |TAMS 0x0000000087500000, 0x0000000087500000| Untracked 
|  60|0x0000000087600000, 0x0000000087600000, 0x0000000087700000|  0%| F|  |TAMS 0x0000000087600000, 0x0000000087600000| Untracked 
|  61|0x0000000087700000, 0x0000000087700000, 0x0000000087800000|  0%| F|  |TAMS 0x0000000087700000, 0x0000000087700000| Untracked 
|  62|0x0000000087800000, 0x0000000087800000, 0x0000000087900000|  0%| F|  |TAMS 0x0000000087800000, 0x0000000087800000| Untracked 
|  63|0x0000000087900000, 0x0000000087900000, 0x0000000087a00000|  0%| F|  |TAMS 0x0000000087900000, 0x0000000087900000| Untracked 
|  64|0x0000000087a00000, 0x0000000087a00000, 0x0000000087b00000|  0%| F|  |TAMS 0x0000000087a00000, 0x0000000087a00000| Untracked 
|  65|0x0000000087b00000, 0x0000000087b00000, 0x0000000087c00000|  0%| F|  |TAMS 0x0000000087b00000, 0x0000000087b00000| Untracked 
|  66|0x0000000087c00000, 0x0000000087c00000, 0x0000000087d00000|  0%| F|  |TAMS 0x0000000087c00000, 0x0000000087c00000| Untracked 
|  67|0x0000000087d00000, 0x0000000087d00000, 0x0000000087e00000|  0%| F|  |TAMS 0x0000000087d00000, 0x0000000087d00000| Untracked 
|  68|0x0000000087e00000, 0x0000000087e00000, 0x0000000087f00000|  0%| F|  |TAMS 0x0000000087e00000, 0x0000000087e00000| Untracked 
|  69|0x0000000087f00000, 0x0000000087f00000, 0x0000000088000000|  0%| F|  |TAMS 0x0000000087f00000, 0x0000000087f00000| Untracked 
|  70|0x0000000088000000, 0x0000000088000000, 0x0000000088100000|  0%| F|  |TAMS 0x0000000088000000, 0x0000000088000000| Untracked 
|  71|0x0000000088100000, 0x0000000088100000, 0x0000000088200000|  0%| F|  |TAMS 0x0000000088100000, 0x0000000088100000| Untracked 
|  72|0x0000000088200000, 0x0000000088200000, 0x0000000088300000|  0%| F|  |TAMS 0x0000000088200000, 0x0000000088200000| Untracked 
|  73|0x0000000088300000, 0x0000000088300000, 0x0000000088400000|  0%| F|  |TAMS 0x0000000088300000, 0x0000000088300000| Untracked 
|  74|0x0000000088400000, 0x0000000088400000, 0x0000000088500000|  0%| F|  |TAMS 0x0000000088400000, 0x0000000088400000| Untracked 
|  75|0x0000000088500000, 0x0000000088500000, 0x0000000088600000|  0%| F|  |TAMS 0x0000000088500000, 0x0000000088500000| Untracked 
|  76|0x0000000088600000, 0x0000000088600000, 0x0000000088700000|  0%| F|  |TAMS 0x0000000088600000, 0x0000000088600000| Untracked 
|  77|0x0000000088700000, 0x0000000088700000, 0x0000000088800000|  0%| F|  |TAMS 0x0000000088700000, 0x0000000088700000| Untracked 
|  78|0x0000000088800000, 0x0000000088800000, 0x0000000088900000|  0%| F|  |TAMS 0x0000000088800000, 0x0000000088800000| Untracked 
|  79|0x0000000088900000, 0x0000000088900000, 0x0000000088a00000|  0%| F|  |TAMS 0x0000000088900000, 0x0000000088900000| Untracked 
|  80|0x0000000088a00000, 0x0000000088a00000, 0x0000000088b00000|  0%| F|  |TAMS 0x0000000088a00000, 0x0000000088a00000| Untracked 
|  81|0x0000000088b00000, 0x0000000088b00000, 0x0000000088c00000|  0%| F|  |TAMS 0x0000000088b00000, 0x0000000088b00000| Untracked 
|  82|0x0000000088c00000, 0x0000000088c00000, 0x0000000088d00000|  0%| F|  |TAMS 0x0000000088c00000, 0x0000000088c00000| Untracked 
|  83|0x0000000088d00000, 0x0000000088d00000, 0x0000000088e00000|  0%| F|  |TAMS 0x0000000088d00000, 0x0000000088d00000| Untracked 
|  84|0x0000000088e00000, 0x0000000088e00000, 0x0000000088f00000|  0%| F|  |TAMS 0x0000000088e00000, 0x0000000088e00000| Untracked 
|  85|0x0000000088f00000, 0x0000000088f00000, 0x0000000089000000|  0%| F|  |TAMS 0x0000000088f00000, 0x0000000088f00000| Untracked 
|  86|0x0000000089000000, 0x0000000089000000, 0x0000000089100000|  0%| F|  |TAMS 0x0000000089000000, 0x0000000089000000| Untracked 
|  87|0x0000000089100000, 0x0000000089100000, 0x0000000089200000|  0%| F|  |TAMS 0x0000000089100000, 0x0000000089100000| Untracked 
|  88|0x0000000089200000, 0x00000000892fae68, 0x0000000089300000| 98%| E|  |TAMS 0x0000000089200000, 0x0000000089200000| Complete 
|  89|0x0000000089300000, 0x0000000089400000, 0x0000000089400000|100%| E|CS|TAMS 0x0000000089300000, 0x0000000089300000| Complete 
|  90|0x0000000089400000, 0x0000000089500000, 0x0000000089500000|100%| E|CS|TAMS 0x0000000089400000, 0x0000000089400000| Complete 
|  91|0x0000000089500000, 0x0000000089600000, 0x0000000089600000|100%| E|CS|TAMS 0x0000000089500000, 0x0000000089500000| Complete 
|  92|0x0000000089600000, 0x00000000896b8c68, 0x0000000089700000| 72%| S|CS|TAMS 0x0000000089600000, 0x0000000089600000| Complete 
|  93|0x0000000089700000, 0x0000000089800000, 0x0000000089800000|100%| S|CS|TAMS 0x0000000089700000, 0x0000000089700000| Complete 
|  94|0x0000000089800000, 0x0000000089900000, 0x0000000089900000|100%| S|CS|TAMS 0x0000000089800000, 0x0000000089800000| Complete 
|  95|0x0000000089900000, 0x0000000089a00000, 0x0000000089a00000|100%| S|CS|TAMS 0x0000000089900000, 0x0000000089900000| Complete 
|  96|0x0000000089a00000, 0x0000000089b00000, 0x0000000089b00000|100%| S|CS|TAMS 0x0000000089a00000, 0x0000000089a00000| Complete 
|  97|0x0000000089b00000, 0x0000000089c00000, 0x0000000089c00000|100%| S|CS|TAMS 0x0000000089b00000, 0x0000000089b00000| Complete 
|  98|0x0000000089c00000, 0x0000000089d00000, 0x0000000089d00000|100%| S|CS|TAMS 0x0000000089c00000, 0x0000000089c00000| Complete 
|  99|0x0000000089d00000, 0x0000000089e00000, 0x0000000089e00000|100%| S|CS|TAMS 0x0000000089d00000, 0x0000000089d00000| Complete 
| 100|0x0000000089e00000, 0x0000000089f00000, 0x0000000089f00000|100%| E|CS|TAMS 0x0000000089e00000, 0x0000000089e00000| Complete 
| 101|0x0000000089f00000, 0x000000008a000000, 0x000000008a000000|100%| E|CS|TAMS 0x0000000089f00000, 0x0000000089f00000| Complete 
| 102|0x000000008a000000, 0x000000008a100000, 0x000000008a100000|100%| E|CS|TAMS 0x000000008a000000, 0x000000008a000000| Complete 
| 103|0x000000008a100000, 0x000000008a200000, 0x000000008a200000|100%| E|CS|TAMS 0x000000008a100000, 0x000000008a100000| Complete 
| 104|0x000000008a200000, 0x000000008a300000, 0x000000008a300000|100%| E|CS|TAMS 0x000000008a200000, 0x000000008a200000| Complete 
| 105|0x000000008a300000, 0x000000008a400000, 0x000000008a400000|100%| E|CS|TAMS 0x000000008a300000, 0x000000008a300000| Complete 
| 106|0x000000008a400000, 0x000000008a500000, 0x000000008a500000|100%| E|CS|TAMS 0x000000008a400000, 0x000000008a400000| Complete 
| 107|0x000000008a500000, 0x000000008a600000, 0x000000008a600000|100%| E|CS|TAMS 0x000000008a500000, 0x000000008a500000| Complete 
| 108|0x000000008a600000, 0x000000008a700000, 0x000000008a700000|100%| E|CS|TAMS 0x000000008a600000, 0x000000008a600000| Complete 
| 109|0x000000008a700000, 0x000000008a800000, 0x000000008a800000|100%| E|CS|TAMS 0x000000008a700000, 0x000000008a700000| Complete 
| 110|0x000000008a800000, 0x000000008a900000, 0x000000008a900000|100%| E|CS|TAMS 0x000000008a800000, 0x000000008a800000| Complete 
| 111|0x000000008a900000, 0x000000008aa00000, 0x000000008aa00000|100%| E|CS|TAMS 0x000000008a900000, 0x000000008a900000| Complete 
| 112|0x000000008aa00000, 0x000000008ab00000, 0x000000008ab00000|100%| E|CS|TAMS 0x000000008aa00000, 0x000000008aa00000| Complete 
| 113|0x000000008ab00000, 0x000000008ac00000, 0x000000008ac00000|100%| E|CS|TAMS 0x000000008ab00000, 0x000000008ab00000| Complete 
| 114|0x000000008ac00000, 0x000000008ad00000, 0x000000008ad00000|100%| E|CS|TAMS 0x000000008ac00000, 0x000000008ac00000| Complete 
| 115|0x000000008ad00000, 0x000000008ae00000, 0x000000008ae00000|100%| E|CS|TAMS 0x000000008ad00000, 0x000000008ad00000| Complete 
| 116|0x000000008ae00000, 0x000000008af00000, 0x000000008af00000|100%| E|CS|TAMS 0x000000008ae00000, 0x000000008ae00000| Complete 
| 117|0x000000008af00000, 0x000000008b000000, 0x000000008b000000|100%| E|CS|TAMS 0x000000008af00000, 0x000000008af00000| Complete 
| 118|0x000000008b000000, 0x000000008b100000, 0x000000008b100000|100%| E|CS|TAMS 0x000000008b000000, 0x000000008b000000| Complete 
| 119|0x000000008b100000, 0x000000008b200000, 0x000000008b200000|100%| E|CS|TAMS 0x000000008b100000, 0x000000008b100000| Complete 
| 120|0x000000008b200000, 0x000000008b300000, 0x000000008b300000|100%| E|CS|TAMS 0x000000008b200000, 0x000000008b200000| Complete 
| 121|0x000000008b300000, 0x000000008b400000, 0x000000008b400000|100%| E|CS|TAMS 0x000000008b300000, 0x000000008b300000| Complete 
| 122|0x000000008b400000, 0x000000008b500000, 0x000000008b500000|100%| E|CS|TAMS 0x000000008b400000, 0x000000008b400000| Complete 
| 123|0x000000008b500000, 0x000000008b600000, 0x000000008b600000|100%| E|CS|TAMS 0x000000008b500000, 0x000000008b500000| Complete 
| 124|0x000000008b600000, 0x000000008b700000, 0x000000008b700000|100%| E|CS|TAMS 0x000000008b600000, 0x000000008b600000| Complete 
| 125|0x000000008b700000, 0x000000008b800000, 0x000000008b800000|100%| E|CS|TAMS 0x000000008b700000, 0x000000008b700000| Complete 

Card table byte_map: [0x000002c2d6370000,0x000002c2d6760000] _byte_map_base: 0x000002c2d5f53000

Marking Bits (Prev, Next): (CMBitMap*) 0x000002c2be9b6fd0, (CMBitMap*) 0x000002c2be9b6f90
 Prev Bits: [0x000002c2d8a70000, 0x000002c2da988000)
 Next Bits: [0x000002c2d6b50000, 0x000002c2d8a68000)

Polling page: 0x000002c2bd150000

Metaspace:

Usage:
  Non-class:     19.42 MB used.
      Class:      3.02 MB used.
       Both:     22.44 MB used.

Virtual space:
  Non-class space:       64.00 MB reserved,      19.56 MB ( 31%) committed,  1 nodes.
      Class space:        1.00 GB reserved,       3.19 MB ( <1%) committed,  1 nodes.
             Both:        1.06 GB reserved,      22.75 MB (  2%) committed. 

Chunk freelists:
   Non-Class:  11.64 MB
       Class:  12.78 MB
        Both:  24.42 MB

MaxMetaspaceSize: unlimited
CompressedClassSpaceSize: 1.00 GB
Initial GC threshold: 21.00 MB
Current GC threshold: 35.12 MB
CDS: on
MetaspaceReclaimPolicy: balanced
 - commit_granule_bytes: 65536.
 - commit_granule_words: 8192.
 - virtual_space_node_default_size: 8388608.
 - enlarge_chunks_in_place: 1.
 - new_chunks_are_fully_committed: 0.
 - uncommit_free_chunks: 1.
 - use_allocation_guard: 0.
 - handle_deallocations: 1.


Internal statistics:

num_allocs_failed_limit: 3.
num_arena_births: 262.
num_arena_deaths: 0.
num_vsnodes_births: 2.
num_vsnodes_deaths: 0.
num_space_committed: 364.
num_space_uncommitted: 0.
num_chunks_returned_to_freelist: 3.
num_chunks_taken_from_freelist: 1060.
num_chunk_merges: 3.
num_chunk_splits: 730.
num_chunks_enlarged: 558.
num_inconsistent_stats: 0.

CodeHeap 'non-profiled nmethods': size=120000Kb used=2665Kb max_used=2665Kb free=117334Kb
 bounds [0x000002c2cdff0000, 0x000002c2ce290000, 0x000002c2d5520000]
CodeHeap 'profiled nmethods': size=120000Kb used=10908Kb max_used=10908Kb free=109091Kb
 bounds [0x000002c2c6520000, 0x000002c2c6fd0000, 0x000002c2cda50000]
CodeHeap 'non-nmethods': size=5760Kb used=1500Kb max_used=1550Kb free=4259Kb
 bounds [0x000002c2cda50000, 0x000002c2cdcc0000, 0x000002c2cdff0000]
 total_blobs=6114 nmethods=5254 adapters=771
 compilation: enabled
              stopped_count=0, restarted_count=0
 full_count=0

Compilation events (20 events):
Event: 86.396 Thread 0x000002c2dce17dd0 5248       4       com.sun.javafx.tk.quantum.QuantumToolkit$$Lambda$92/0x000002c2df032cb0::run (8 bytes)
Event: 86.402 Thread 0x000002c2dce17dd0 nmethod 5248 0x000002c2ce289610 code [0x000002c2ce289800, 0x000002c2ce289e90]
Event: 187.305 Thread 0x000002c2dce23410 5249       3       jdk.internal.module.Resources::toPackageName (39 bytes)
Event: 187.306 Thread 0x000002c2dce23410 nmethod 5249 0x000002c2c6fbfc90 code [0x000002c2c6fbfec0, 0x000002c2c6fc0538]
Event: 252.419 Thread 0x000002c2dce23410 5250   !   3       jdk.internal.loader.BuiltinClassLoader::findMiscResource (122 bytes)
Event: 252.421 Thread 0x000002c2dce23410 nmethod 5250 0x000002c2c6fc0790 code [0x000002c2c6fc0a40, 0x000002c2c6fc1c88]
Event: 297.498 Thread 0x000002c2dce23410 5251       3       jdk.internal.loader.BuiltinClassLoader::checkURL (5 bytes)
Event: 297.498 Thread 0x000002c2dce23410 nmethod 5251 0x000002c2c6fc2190 code [0x000002c2c6fc2340, 0x000002c2c6fc2528]
Event: 297.498 Thread 0x000002c2dce23410 5252   !   3       jdk.internal.loader.URLClassPath::checkURL (16 bytes)
Event: 297.499 Thread 0x000002c2dce23410 nmethod 5252 0x000002c2c6fc2610 code [0x000002c2c6fc27c0, 0x000002c2c6fc2988]
Event: 307.516 Thread 0x000002c2dce23410 5253   !   3       jdk.internal.loader.BuiltinClassLoader::findResource (154 bytes)
Event: 307.519 Thread 0x000002c2dce23410 nmethod 5253 0x000002c2c6fc2a90 code [0x000002c2c6fc2e00, 0x000002c2c6fc4268]
Event: 307.519 Thread 0x000002c2dce23410 5254       3       jdk.internal.loader.BuiltinClassLoader::findResourceOnClassPath (41 bytes)
Event: 307.520 Thread 0x000002c2dce23410 nmethod 5254 0x000002c2c6fc4a90 code [0x000002c2c6fc4cc0, 0x000002c2c6fc5578]
Event: 562.945 Thread 0x000002c2dce23410 5255       1       jdk.internal.loader.URLClassPath$FileLoader$1::getURL (5 bytes)
Event: 562.945 Thread 0x000002c2dce23410 nmethod 5255 0x000002c2ce28a410 code [0x000002c2ce28a5a0, 0x000002c2ce28a678]
Event: 648.077 Thread 0x000002c2dce23410 5256       3       java.lang.ClassLoader::getResource (41 bytes)
Event: 648.083 Thread 0x000002c2dce23410 nmethod 5256 0x000002c2c6fc5810 code [0x000002c2c6fc5a00, 0x000002c2c6fc5ff8]
Event: 698.165 Thread 0x000002c2dce23410 5257       3       java.lang.Thread::getContextClassLoader (32 bytes)
Event: 698.166 Thread 0x000002c2dce23410 nmethod 5257 0x000002c2c6fc6210 code [0x000002c2c6fc6440, 0x000002c2c6fc6d98]

GC Heap History (6 events):
Event: 0.449 GC heap before
{Heap before GC invocations=0 (full 0):
 garbage-first heap   total 129024K, used 22528K [0x0000000083a00000, 0x0000000100000000)
  region size 1024K, 23 young (23552K), 0 survivors (0K)
 Metaspace       used 5968K, committed 6144K, reserved 1114112K
  class space    used 701K, committed 832K, reserved 1048576K
}
Event: 0.451 GC heap after
{Heap after GC invocations=1 (full 0):
 garbage-first heap   total 129024K, used 3157K [0x0000000083a00000, 0x0000000100000000)
  region size 1024K, 3 young (3072K), 3 survivors (3072K)
 Metaspace       used 5968K, committed 6144K, reserved 1114112K
  class space    used 701K, committed 832K, reserved 1048576K
}
Event: 6.129 GC heap before
{Heap before GC invocations=1 (full 0):
 garbage-first heap   total 129024K, used 43093K [0x0000000083a00000, 0x0000000100000000)
  region size 1024K, 36 young (36864K), 3 survivors (3072K)
 Metaspace       used 14828K, committed 15104K, reserved 1114112K
  class space    used 2144K, committed 2240K, reserved 1048576K
}
Event: 6.135 GC heap after
{Heap after GC invocations=2 (full 0):
 garbage-first heap   total 129024K, used 14309K [0x0000000083a00000, 0x0000000100000000)
  region size 1024K, 5 young (5120K), 5 survivors (5120K)
 Metaspace       used 14828K, committed 15104K, reserved 1114112K
  class space    used 2144K, committed 2240K, reserved 1048576K
}
Event: 12.089 GC heap before
{Heap before GC invocations=2 (full 0):
 garbage-first heap   total 129024K, used 63461K [0x0000000083a00000, 0x0000000100000000)
  region size 1024K, 31 young (31744K), 5 survivors (5120K)
 Metaspace       used 21271K, committed 21504K, reserved 1114112K
  class space    used 2935K, committed 3072K, reserved 1048576K
}
Event: 12.094 GC heap after
{Heap after GC invocations=3 (full 0):
 garbage-first heap   total 129024K, used 41621K [0x0000000083a00000, 0x0000000100000000)
  region size 1024K, 8 young (8192K), 8 survivors (8192K)
 Metaspace       used 21271K, committed 21504K, reserved 1114112K
  class space    used 2935K, committed 3072K, reserved 1048576K
}

Dll operation events (20 events):
Event: 0.228 Loaded shared library C:\Program Files\JavaFX\javafx-sdk-17.0.15\bin\api-ms-win-crt-multibyte-l1-1-0.dll
Event: 0.229 Loaded shared library C:\Program Files\JavaFX\javafx-sdk-17.0.15\bin\api-ms-win-crt-private-l1-1-0.dll
Event: 0.230 Loaded shared library C:\Program Files\JavaFX\javafx-sdk-17.0.15\bin\api-ms-win-crt-process-l1-1-0.dll
Event: 0.231 Loaded shared library C:\Program Files\JavaFX\javafx-sdk-17.0.15\bin\api-ms-win-crt-runtime-l1-1-0.dll
Event: 0.231 Loaded shared library C:\Program Files\JavaFX\javafx-sdk-17.0.15\bin\api-ms-win-crt-stdio-l1-1-0.dll
Event: 0.233 Loaded shared library C:\Program Files\JavaFX\javafx-sdk-17.0.15\bin\api-ms-win-crt-string-l1-1-0.dll
Event: 0.234 Loaded shared library C:\Program Files\JavaFX\javafx-sdk-17.0.15\bin\api-ms-win-crt-time-l1-1-0.dll
Event: 0.235 Loaded shared library C:\Program Files\JavaFX\javafx-sdk-17.0.15\bin\api-ms-win-crt-utility-l1-1-0.dll
Event: 0.237 Loaded shared library C:\Program Files\JavaFX\javafx-sdk-17.0.15\bin\ucrtbase.dll
Event: 0.238 Loaded shared library C:\Program Files\JavaFX\javafx-sdk-17.0.15\bin\vcruntime140.dll
Event: 0.239 Loaded shared library C:\Program Files\JavaFX\javafx-sdk-17.0.15\bin\vcruntime140_1.dll
Event: 0.241 Loaded shared library C:\Program Files\JavaFX\javafx-sdk-17.0.15\bin\msvcp140.dll
Event: 0.242 Loaded shared library C:\Program Files\JavaFX\javafx-sdk-17.0.15\bin\msvcp140_1.dll
Event: 0.243 Loaded shared library C:\Program Files\JavaFX\javafx-sdk-17.0.15\bin\msvcp140_2.dll
Event: 0.276 Loaded shared library C:\Program Files\JavaFX\javafx-sdk-17.0.15\bin\prism_d3d.dll
Event: 0.310 Loaded shared library C:\Program Files\JavaFX\javafx-sdk-17.0.15\bin\glass.dll
Event: 0.390 Loaded shared library C:\Users\jccas\.jdks\temurin-17.0.15\bin\jimage.dll
Event: 0.470 Loaded shared library C:\Program Files\JavaFX\javafx-sdk-17.0.15\bin\javafx_iio.dll
Event: 0.513 Loaded shared library C:\Program Files\JavaFX\javafx-sdk-17.0.15\bin\javafx_font.dll
Event: 8.035 Loaded shared library C:\Users\jccas\.jdks\temurin-17.0.15\bin\verify.dll

Deoptimization events (20 events):
Event: 24.932 Thread 0x000002c323ff5960 DEOPT PACKING pc=0x000002c2ce235980 sp=0x000000f5eedfbce0
Event: 24.932 Thread 0x000002c323ff5960 DEOPT UNPACKING pc=0x000002c2cdaaa1a3 sp=0x000000f5eedfbcc8 mode 2
Event: 24.932 Thread 0x000002c323ff5960 Uncommon trap: trap_request=0xffffffbe fr.pc=0x000002c2ce235664 relative=0x0000000000005244
Event: 24.932 Thread 0x000002c323ff5960 Uncommon trap: reason=profile_predicate action=maybe_recompile pc=0x000002c2ce235664 method=javafx.scene.CssStyleHelper$CacheContainer.<init>(Ljavafx/scene/Node;Lcom/sun/javafx/css/StyleMap;I)V @ 164 c2
Event: 24.932 Thread 0x000002c323ff5960 DEOPT PACKING pc=0x000002c2ce235664 sp=0x000000f5eedfb300
Event: 24.932 Thread 0x000002c323ff5960 DEOPT UNPACKING pc=0x000002c2cdaaa1a3 sp=0x000000f5eedfb220 mode 2
Event: 24.933 Thread 0x000002c323ff5960 Uncommon trap: trap_request=0xffffffbe fr.pc=0x000002c2ce235664 relative=0x0000000000005244
Event: 24.933 Thread 0x000002c323ff5960 Uncommon trap: reason=profile_predicate action=maybe_recompile pc=0x000002c2ce235664 method=javafx.scene.CssStyleHelper$CacheContainer.<init>(Ljavafx/scene/Node;Lcom/sun/javafx/css/StyleMap;I)V @ 164 c2
Event: 24.933 Thread 0x000002c323ff5960 DEOPT PACKING pc=0x000002c2ce235664 sp=0x000000f5eedfb050
Event: 24.933 Thread 0x000002c323ff5960 DEOPT UNPACKING pc=0x000002c2cdaaa1a3 sp=0x000000f5eedfaf70 mode 2
Event: 24.933 Thread 0x000002c323ff5960 Uncommon trap: trap_request=0xffffffbe fr.pc=0x000002c2ce235664 relative=0x0000000000005244
Event: 24.933 Thread 0x000002c323ff5960 Uncommon trap: reason=profile_predicate action=maybe_recompile pc=0x000002c2ce235664 method=javafx.scene.CssStyleHelper$CacheContainer.<init>(Ljavafx/scene/Node;Lcom/sun/javafx/css/StyleMap;I)V @ 164 c2
Event: 24.933 Thread 0x000002c323ff5960 DEOPT PACKING pc=0x000002c2ce235664 sp=0x000000f5eedfbb40
Event: 24.933 Thread 0x000002c323ff5960 DEOPT UNPACKING pc=0x000002c2cdaaa1a3 sp=0x000000f5eedfba60 mode 2
Event: 26.978 Thread 0x000002c323ff5960 DEOPT PACKING pc=0x000002c2c6d26ff8 sp=0x000000f5eedf7c80
Event: 26.978 Thread 0x000002c323ff5960 DEOPT UNPACKING pc=0x000002c2cdaaace3 sp=0x000000f5eedf7170 mode 0
Event: 36.523 Thread 0x000002c323ff5960 Uncommon trap: trap_request=0xffffff45 fr.pc=0x000002c2ce1f442c relative=0x000000000000096c
Event: 36.523 Thread 0x000002c323ff5960 Uncommon trap: reason=unstable_if action=reinterpret pc=0x000002c2ce1f442c method=javafx.scene.Node.intersectsBounds(Lcom/sun/javafx/geom/PickRay;)D @ 902 c2
Event: 36.523 Thread 0x000002c323ff5960 DEOPT PACKING pc=0x000002c2ce1f442c sp=0x000000f5eedf7a70
Event: 36.523 Thread 0x000002c323ff5960 DEOPT UNPACKING pc=0x000002c2cdaaa1a3 sp=0x000000f5eedf7948 mode 2

Classes loaded (20 events):
Event: 12.064 Loading class sun/util/resources/LocaleData$CommonResourceBundleProvider
Event: 12.064 Loading class sun/util/resources/LocaleData$LocaleDataResourceBundleProvider
Event: 12.064 Loading class java/util/spi/ResourceBundleProvider
Event: 12.064 Loading class java/util/spi/ResourceBundleProvider done
Event: 12.064 Loading class sun/util/resources/LocaleData$LocaleDataResourceBundleProvider done
Event: 12.064 Loading class sun/util/resources/LocaleData$CommonResourceBundleProvider done
Event: 12.065 Loading class java/util/ArrayList$SubList$1
Event: 12.065 Loading class java/util/ArrayList$SubList$1 done
Event: 12.065 Loading class sun/util/resources/Bundles$2
Event: 12.065 Loading class sun/util/resources/Bundles$2 done
Event: 12.096 Loading class sun/reflect/generics/tree/BottomSignature
Event: 12.096 Loading class sun/reflect/generics/tree/BottomSignature done
Event: 12.096 Loading class sun/reflect/generics/tree/Wildcard
Event: 12.096 Loading class sun/reflect/generics/tree/Wildcard done
Event: 12.097 Loading class sun/reflect/generics/reflectiveObjects/WildcardTypeImpl
Event: 12.097 Loading class java/lang/reflect/WildcardType
Event: 12.097 Loading class java/lang/reflect/WildcardType done
Event: 12.097 Loading class sun/reflect/generics/reflectiveObjects/WildcardTypeImpl done
Event: 701.410 Loading class jdk/internal/misc/Signal$1
Event: 701.412 Loading class jdk/internal/misc/Signal$1 done

Classes unloaded (0 events):
No events

Classes redefined (0 events):
No events

Internal exceptions (20 events):
Event: 0.804 Thread 0x000002c323ff5960 Exception <a 'java/lang/NoSuchMethodError'{0x000000008a5a6010}: 'java.lang.Object java.lang.invoke.DirectMethodHandle$Holder.invokeInterface(java.lang.Object, java.lang.Object, java.lang.Object)'> (0x000000008a5a6010) 
thrown [s\src\hotspot\share\interpreter\linkResolver.cpp, line 759]
Event: 0.804 Thread 0x000002c323ff5960 Exception <a 'java/lang/IncompatibleClassChangeError'{0x000000008a5a9998}: Found class java.lang.Object, but interface was expected> (0x000000008a5a9998) 
thrown [s\src\hotspot\share\interpreter\linkResolver.cpp, line 826]
Event: 0.832 Thread 0x000002c323ff5960 Exception <a 'java/lang/ClassNotFoundException'{0x000000008a39bd10}: com/sun/javafx/scene/control/skin/resources/controls> (0x000000008a39bd10) 
thrown [s\src\hotspot\share\prims\jni.cpp, line 535]
Event: 0.832 Thread 0x000002c323ff5960 Exception <a 'java/lang/ClassNotFoundException'{0x000000008a3a9cb0}: com/sun/javafx/scene/control/skin/resources/controls_es> (0x000000008a3a9cb0) 
thrown [s\src\hotspot\share\prims\jni.cpp, line 535]
Event: 0.833 Thread 0x000002c323ff5960 Exception <a 'java/lang/ClassNotFoundException'{0x000000008a3b7910}: com/sun/javafx/scene/control/skin/resources/controls_es_MX> (0x000000008a3b7910) 
thrown [s\src\hotspot\share\prims\jni.cpp, line 535]
Event: 0.860 Thread 0x000002c323ff5960 Exception <a 'java/lang/NoSuchMethodError'{0x000000008a1739a8}: 'void java.lang.invoke.DirectMethodHandle$Holder.invokeSpecial(java.lang.Object, java.lang.Object, java.lang.Object, java.lang.Object, java.lang.Object, java.lang.Object)'> (0x000000008a1739a8) 
thrown [s\src\hotspot\share\interpreter\linkResolver.cpp, line 759]
Event: 0.916 Thread 0x000002c323ff5960 Exception <a 'java/lang/NoSuchMethodError'{0x0000000089a24e48}: 'java.lang.Object java.lang.invoke.DirectMethodHandle$Holder.newInvokeSpecial(java.lang.Object, java.lang.Object, int)'> (0x0000000089a24e48) 
thrown [s\src\hotspot\share\interpreter\linkResolver.cpp, line 759]
Event: 0.936 Thread 0x000002c323a83ff0 Exception <a 'java/lang/NoSuchMethodError'{0x0000000089988d00}: 'int java.lang.invoke.DirectMethodHandle$Holder.invokeStaticInit(java.lang.Object, java.lang.Object)'> (0x0000000089988d00) 
thrown [s\src\hotspot\share\interpreter\linkResolver.cpp, line 759]
Event: 0.946 Thread 0x000002c323ff5960 Exception <a 'java/lang/NoSuchMethodError'{0x000000008980c040}: 'long java.lang.invoke.DirectMethodHandle$Holder.invokeStatic(java.lang.Object, java.lang.Object, java.lang.Object)'> (0x000000008980c040) 
thrown [s\src\hotspot\share\interpreter\linkResolver.cpp, line 759]
Event: 0.947 Thread 0x000002c323ff5960 Exception <a 'java/lang/NoSuchMethodError'{0x000000008980f7e8}: 'long java.lang.invoke.DirectMethodHandle$Holder.invokeStaticInit(java.lang.Object, java.lang.Object, java.lang.Object)'> (0x000000008980f7e8) 
thrown [s\src\hotspot\share\interpreter\linkResolver.cpp, line 759]
Event: 0.949 Thread 0x000002c323ff5960 Exception <a 'java/lang/NoSuchMethodError'{0x0000000089827370}: 'java.lang.Object java.lang.invoke.DirectMethodHandle$Holder.newInvokeSpecial(java.lang.Object, java.lang.Object, long)'> (0x0000000089827370) 
thrown [s\src\hotspot\share\interpreter\linkResolver.cpp, line 759]
Event: 0.949 Thread 0x000002c323ff5960 Exception <a 'java/lang/NoSuchMethodError'{0x000000008982aee0}: 'java.lang.Object java.lang.invoke.Invokers$Holder.linkToTargetMethod(java.lang.Object, long, java.lang.Object)'> (0x000000008982aee0) 
thrown [s\src\hotspot\share\interpreter\linkResolver.cpp, line 759]
Event: 0.958 Thread 0x000002c323a83ff0 Exception <a 'java/lang/NoSuchMethodError'{0x00000000898ae748}: 'java.lang.Object java.lang.invoke.DirectMethodHandle$Holder.invokeStaticInit(java.lang.Object, int)'> (0x00000000898ae748) 
thrown [s\src\hotspot\share\interpreter\linkResolver.cpp, line 759]
Event: 7.838 Thread 0x000002c323ff5960 Exception <a 'java/lang/NoSuchMethodError'{0x000000008b5e90b8}: 'java.lang.Object java.lang.invoke.DirectMethodHandle$Holder.invokeInterface(java.lang.Object, java.lang.Object)'> (0x000000008b5e90b8) 
thrown [s\src\hotspot\share\interpreter\linkResolver.cpp, line 759]
Event: 7.851 Thread 0x000002c323ff5960 Exception <a 'java/lang/NoSuchMethodError'{0x000000008b463e68}: 'java.lang.Object java.lang.invoke.DirectMethodHandle$Holder.invokeVirtual(java.lang.Object, java.lang.Object, java.lang.Object)'> (0x000000008b463e68) 
thrown [s\src\hotspot\share\interpreter\linkResolver.cpp, line 759]
Event: 9.561 Thread 0x000002c323ff5960 Exception <a 'java/lang/NoSuchMethodError'{0x000000008a7ab1c0}: 'void java.lang.invoke.DirectMethodHandle$Holder.invokeSpecialIFC(java.lang.Object, java.lang.Object, java.lang.Object, java.lang.Object)'> (0x000000008a7ab1c0) 
thrown [s\src\hotspot\share\interpreter\linkResolver.cpp, line 759]
Event: 9.582 Thread 0x000002c323ff5960 Exception <a 'java/lang/NoSuchMethodError'{0x000000008a5698b0}: 'int java.lang.invoke.DirectMethodHandle$Holder.invokeSpecial(java.lang.Object, java.lang.Object, int)'> (0x000000008a5698b0) 
thrown [s\src\hotspot\share\interpreter\linkResolver.cpp, line 759]
Event: 11.444 Thread 0x000002c323ff5960 Implicit null exception at 0x000002c2ce17649e to 0x000002c2ce1764ec
Event: 12.062 Thread 0x000002c323ff5960 Exception <a 'java/lang/ClassNotFoundException'{0x000000008a0b3878}: sun/util/logging/resources/spi/loggingProvider> (0x000000008a0b3878) 
thrown [s\src\hotspot\share\classfile\systemDictionary.cpp, line 256]
Event: 31.733 Thread 0x000002c323ff5960 Exception <a 'java/lang/NoSuchMethodError'{0x00000000894d0108}: 'java.lang.Object java.lang.invoke.DirectMethodHandle$Holder.newInvokeSpecial(java.lang.Object, java.lang.Object, java.lang.Object, double, double, double, double, int, int, int, int, int, int, int, int, int)'> (0x00000000894d0108) 
thrown [s\src\hotspot\share\interpreter\linkResolver.cpp, line 759]

VM Operations (20 events):
Event: 25.828 Executing VM operation: Cleanup done
Event: 26.828 Executing VM operation: Cleanup
Event: 26.829 Executing VM operation: Cleanup done
Event: 27.829 Executing VM operation: Cleanup
Event: 27.829 Executing VM operation: Cleanup done
Event: 31.831 Executing VM operation: Cleanup
Event: 31.831 Executing VM operation: Cleanup done
Event: 36.834 Executing VM operation: Cleanup
Event: 36.834 Executing VM operation: Cleanup done
Event: 38.835 Executing VM operation: Cleanup
Event: 38.835 Executing VM operation: Cleanup done
Event: 41.836 Executing VM operation: Cleanup
Event: 41.837 Executing VM operation: Cleanup done
Event: 43.837 Executing VM operation: Cleanup
Event: 43.837 Executing VM operation: Cleanup done
Event: 60.048 Executing VM operation: HandshakeAllThreads
Event: 60.048 Executing VM operation: HandshakeAllThreads done
Event: 653.819 Executing VM operation: Cleanup
Event: 653.820 Executing VM operation: Cleanup done
Event: 701.434 Executing VM operation: Exit

Memory protections (0 events):
No events

Nmethod flushes (0 events):
No events

Events (20 events):
Event: 12.107 Thread 0x000002c2dce23410 Thread added: 0x000002c3296b4780
Event: 13.028 Thread 0x000002c3296b4780 Thread exited: 0x000002c3296b4780
Event: 14.279 Thread 0x000002c2dce23410 Thread added: 0x000002c3296b4780
Event: 14.732 Thread 0x000002c3296b4780 Thread exited: 0x000002c3296b4780
Event: 16.707 Thread 0x000002c2dce23410 Thread added: 0x000002c3296b4780
Event: 17.524 Thread 0x000002c3296b4780 Thread exited: 0x000002c3296b4780
Event: 20.315 Thread 0x000002c2dce23410 Thread added: 0x000002c323d79fc0
Event: 20.851 Thread 0x000002c323d79fc0 Thread exited: 0x000002c323d79fc0
Event: 22.357 Thread 0x000002c2dce23410 Thread added: 0x000002c323312090
Event: 22.756 Thread 0x000002c323312090 Thread exited: 0x000002c323312090
Event: 25.897 Thread 0x000002c2dce23410 Thread added: 0x000002c323311b40
Event: 26.341 Thread 0x000002c323311b40 Thread exited: 0x000002c323311b40
Event: 26.988 Thread 0x000002c2dce23410 Thread added: 0x000002c323313080
Event: 28.300 Thread 0x000002c323313080 Thread exited: 0x000002c323313080
Event: 701.414 Thread 0x000002c2dce10520 Thread added: 0x000002c3231e2c50
Event: 701.417 Thread 0x000002c3231e2c50 Thread added: 0x000002c3231e1d20
Event: 701.418 Thread 0x000002c3231e2c50 Thread added: 0x000002c3231e2230
Event: 701.423 Thread 0x000002c3231e2230 Thread exited: 0x000002c3231e2230
Event: 701.434 Thread 0x000002c3231e2c50 Before exit entered
Event: 701.434 Thread 0x000002c3231e1d20 Thread exited: 0x000002c3231e1d20


Dynamic libraries:
0x00007ff64f1f0000 - 0x00007ff64f1fe000 	C:\Users\jccas\.jdks\temurin-17.0.15\bin\java.exe
0x00007ffde29a0000 - 0x00007ffde2c05000 	C:\WINDOWS\SYSTEM32\ntdll.dll
0x00007ffde1640000 - 0x00007ffde1709000 	C:\WINDOWS\System32\KERNEL32.DLL
0x00007ffddfbc0000 - 0x00007ffddffa8000 	C:\WINDOWS\System32\KERNELBASE.dll
0x00007ffde0060000 - 0x00007ffde01ab000 	C:\WINDOWS\System32\ucrtbase.dll
0x00007ffdc7450000 - 0x00007ffdc746e000 	C:\Users\jccas\.jdks\temurin-17.0.15\bin\VCRUNTIME140.dll
0x00007ffdc3280000 - 0x00007ffdc3297000 	C:\Users\jccas\.jdks\temurin-17.0.15\bin\jli.dll
0x00007ffde1300000 - 0x00007ffde14ca000 	C:\WINDOWS\System32\USER32.dll
0x00007ffdb95f0000 - 0x00007ffdb988a000 	C:\WINDOWS\WinSxS\amd64_microsoft.windows.common-controls_6595b64144ccf1df_6.0.26100.4202_none_3e0698d4e335f517\COMCTL32.dll
0x00007ffddfb90000 - 0x00007ffddfbb7000 	C:\WINDOWS\System32\win32u.dll
0x00007ffde1fb0000 - 0x00007ffde1fdb000 	C:\WINDOWS\System32\GDI32.dll
0x00007ffde1d00000 - 0x00007ffde1da9000 	C:\WINDOWS\System32\msvcrt.dll
0x00007ffde0600000 - 0x00007ffde0737000 	C:\WINDOWS\System32\gdi32full.dll
0x00007ffddffb0000 - 0x00007ffde0053000 	C:\WINDOWS\System32\msvcp_win.dll
0x00007ffde0ae0000 - 0x00007ffde0b10000 	C:\WINDOWS\System32\IMM32.DLL
0x00007ffdc73e0000 - 0x00007ffdc73ec000 	C:\Users\jccas\.jdks\temurin-17.0.15\bin\vcruntime140_1.dll
0x00007ffda4790000 - 0x00007ffda481d000 	C:\Users\jccas\.jdks\temurin-17.0.15\bin\msvcp140.dll
0x00007ffd523f0000 - 0x00007ffd5305b000 	C:\Users\jccas\.jdks\temurin-17.0.15\bin\server\jvm.dll
0x00007ffde14d0000 - 0x00007ffde1583000 	C:\WINDOWS\System32\ADVAPI32.dll
0x00007ffde1590000 - 0x00007ffde1636000 	C:\WINDOWS\System32\sechost.dll
0x00007ffde1fe0000 - 0x00007ffde20f5000 	C:\WINDOWS\System32\RPCRT4.dll
0x00007ffde27f0000 - 0x00007ffde2864000 	C:\WINDOWS\System32\WS2_32.dll
0x00007ffddf940000 - 0x00007ffddf99e000 	C:\WINDOWS\SYSTEM32\POWRPROF.dll
0x00007ffdd4980000 - 0x00007ffdd49b5000 	C:\WINDOWS\SYSTEM32\WINMM.dll
0x00007ffdcf770000 - 0x00007ffdcf77b000 	C:\WINDOWS\SYSTEM32\VERSION.dll
0x00007ffddf920000 - 0x00007ffddf934000 	C:\WINDOWS\SYSTEM32\UMPDC.dll
0x00007ffdde890000 - 0x00007ffdde8ab000 	C:\WINDOWS\SYSTEM32\kernel.appcore.dll
0x00007ffdc3930000 - 0x00007ffdc393a000 	C:\Users\jccas\.jdks\temurin-17.0.15\bin\jimage.dll
0x00007ffddd210000 - 0x00007ffddd451000 	C:\WINDOWS\SYSTEM32\DBGHELP.DLL
0x00007ffde0740000 - 0x00007ffde0ac5000 	C:\WINDOWS\System32\combase.dll
0x00007ffde2870000 - 0x00007ffde2951000 	C:\WINDOWS\System32\OLEAUT32.dll
0x00007ffdbb030000 - 0x00007ffdbb069000 	C:\WINDOWS\SYSTEM32\dbgcore.DLL
0x00007ffddfaf0000 - 0x00007ffddfb89000 	C:\WINDOWS\System32\bcryptPrimitives.dll
0x00007ffdc3610000 - 0x00007ffdc361e000 	C:\Users\jccas\.jdks\temurin-17.0.15\bin\instrument.dll
0x00007ffdb36f0000 - 0x00007ffdb3715000 	C:\Users\jccas\.jdks\temurin-17.0.15\bin\java.dll
0x00007ffd9d890000 - 0x00007ffd9d967000 	C:\Users\jccas\.jdks\temurin-17.0.15\bin\jsvml.dll
0x00007ffde0b40000 - 0x00007ffde1282000 	C:\WINDOWS\System32\SHELL32.dll
0x00007ffde0240000 - 0x00007ffde03b4000 	C:\WINDOWS\System32\wintypes.dll
0x00007ffddd720000 - 0x00007ffdddf78000 	C:\WINDOWS\SYSTEM32\windows.storage.dll
0x00007ffde1c00000 - 0x00007ffde1cf1000 	C:\WINDOWS\System32\SHCORE.dll
0x00007ffde1290000 - 0x00007ffde12fa000 	C:\WINDOWS\System32\shlwapi.dll
0x00007ffddfa00000 - 0x00007ffddfa2f000 	C:\WINDOWS\SYSTEM32\profapi.dll
0x00007ffdbe100000 - 0x00007ffdbe119000 	C:\Users\jccas\.jdks\temurin-17.0.15\bin\net.dll
0x00007ffdd47f0000 - 0x00007ffdd490e000 	C:\WINDOWS\SYSTEM32\WINHTTP.dll
0x00007ffddee20000 - 0x00007ffddee8a000 	C:\WINDOWS\system32\mswsock.dll
0x00007ffdbdec0000 - 0x00007ffdbded6000 	C:\Users\jccas\.jdks\temurin-17.0.15\bin\nio.dll
0x00007ffdba060000 - 0x00007ffdba078000 	C:\Users\jccas\.jdks\temurin-17.0.15\bin\zip.dll
0x00007ffdb8cb0000 - 0x00007ffdb8cca000 	C:\Program Files\JetBrains\IntelliJ IDEA 2024.2.0.2\bin\breakgen64.dll
0x00007ffdc33f0000 - 0x00007ffdc33f9000 	C:\Users\jccas\.jdks\temurin-17.0.15\bin\extnet.dll
0x000002c2bea50000 - 0x000002c2bea53000 	C:\Program Files\JavaFX\javafx-sdk-17.0.15\bin\api-ms-win-core-console-l1-1-0.dll
0x000002c2bea60000 - 0x000002c2bea63000 	C:\Program Files\JavaFX\javafx-sdk-17.0.15\bin\api-ms-win-core-console-l1-2-0.dll
0x000002c2dd9d0000 - 0x000002c2dd9d3000 	C:\Program Files\JavaFX\javafx-sdk-17.0.15\bin\api-ms-win-core-datetime-l1-1-0.dll
0x000002c2dd9e0000 - 0x000002c2dd9e3000 	C:\Program Files\JavaFX\javafx-sdk-17.0.15\bin\api-ms-win-core-debug-l1-1-0.dll
0x000002c2dd9f0000 - 0x000002c2dd9f3000 	C:\Program Files\JavaFX\javafx-sdk-17.0.15\bin\api-ms-win-core-errorhandling-l1-1-0.dll
0x000002c2dda00000 - 0x000002c2dda04000 	C:\Program Files\JavaFX\javafx-sdk-17.0.15\bin\api-ms-win-core-file-l1-1-0.dll
0x000002c2dda10000 - 0x000002c2dda13000 	C:\Program Files\JavaFX\javafx-sdk-17.0.15\bin\api-ms-win-core-file-l1-2-0.dll
0x000002c2dda20000 - 0x000002c2dda23000 	C:\Program Files\JavaFX\javafx-sdk-17.0.15\bin\api-ms-win-core-file-l2-1-0.dll
0x000002c2dda30000 - 0x000002c2dda33000 	C:\Program Files\JavaFX\javafx-sdk-17.0.15\bin\api-ms-win-core-handle-l1-1-0.dll
0x000002c2dda40000 - 0x000002c2dda43000 	C:\Program Files\JavaFX\javafx-sdk-17.0.15\bin\api-ms-win-core-heap-l1-1-0.dll
0x000002c2dda50000 - 0x000002c2dda53000 	C:\Program Files\JavaFX\javafx-sdk-17.0.15\bin\api-ms-win-core-interlocked-l1-1-0.dll
0x000002c2dda60000 - 0x000002c2dda63000 	C:\Program Files\JavaFX\javafx-sdk-17.0.15\bin\api-ms-win-core-libraryloader-l1-1-0.dll
0x000002c2dda70000 - 0x000002c2dda73000 	C:\Program Files\JavaFX\javafx-sdk-17.0.15\bin\api-ms-win-core-localization-l1-2-0.dll
0x000002c2dda80000 - 0x000002c2dda83000 	C:\Program Files\JavaFX\javafx-sdk-17.0.15\bin\api-ms-win-core-memory-l1-1-0.dll
0x000002c2dda90000 - 0x000002c2dda93000 	C:\Program Files\JavaFX\javafx-sdk-17.0.15\bin\api-ms-win-core-namedpipe-l1-1-0.dll
0x000002c2ddaa0000 - 0x000002c2ddaa3000 	C:\Program Files\JavaFX\javafx-sdk-17.0.15\bin\api-ms-win-core-processenvironment-l1-1-0.dll
0x000002c2ddab0000 - 0x000002c2ddab3000 	C:\Program Files\JavaFX\javafx-sdk-17.0.15\bin\api-ms-win-core-processthreads-l1-1-0.dll
0x000002c2ddac0000 - 0x000002c2ddac3000 	C:\Program Files\JavaFX\javafx-sdk-17.0.15\bin\api-ms-win-core-processthreads-l1-1-1.dll
0x000002c2ddad0000 - 0x000002c2ddad3000 	C:\Program Files\JavaFX\javafx-sdk-17.0.15\bin\api-ms-win-core-profile-l1-1-0.dll
0x000002c2ddc00000 - 0x000002c2ddc03000 	C:\Program Files\JavaFX\javafx-sdk-17.0.15\bin\api-ms-win-core-rtlsupport-l1-1-0.dll
0x000002c2ddae0000 - 0x000002c2ddae3000 	C:\Program Files\JavaFX\javafx-sdk-17.0.15\bin\api-ms-win-core-string-l1-1-0.dll
0x000002c2ddaf0000 - 0x000002c2ddaf3000 	C:\Program Files\JavaFX\javafx-sdk-17.0.15\bin\api-ms-win-core-synch-l1-1-0.dll
0x000002c2ddb00000 - 0x000002c2ddb03000 	C:\Program Files\JavaFX\javafx-sdk-17.0.15\bin\api-ms-win-core-synch-l1-2-0.dll
0x000002c2ddb10000 - 0x000002c2ddb13000 	C:\Program Files\JavaFX\javafx-sdk-17.0.15\bin\api-ms-win-core-sysinfo-l1-1-0.dll
0x000002c2ddb20000 - 0x000002c2ddb23000 	C:\Program Files\JavaFX\javafx-sdk-17.0.15\bin\api-ms-win-core-timezone-l1-1-0.dll
0x000002c2ddb30000 - 0x000002c2ddb33000 	C:\Program Files\JavaFX\javafx-sdk-17.0.15\bin\api-ms-win-core-util-l1-1-0.dll
0x000002c2ddb40000 - 0x000002c2ddb43000 	C:\Program Files\JavaFX\javafx-sdk-17.0.15\bin\api-ms-win-crt-conio-l1-1-0.dll
0x000002c2ddb50000 - 0x000002c2ddb54000 	C:\Program Files\JavaFX\javafx-sdk-17.0.15\bin\api-ms-win-crt-convert-l1-1-0.dll
0x000002c2ddb60000 - 0x000002c2ddb63000 	C:\Program Files\JavaFX\javafx-sdk-17.0.15\bin\api-ms-win-crt-environment-l1-1-0.dll
0x000002c2ddb70000 - 0x000002c2ddb73000 	C:\Program Files\JavaFX\javafx-sdk-17.0.15\bin\api-ms-win-crt-filesystem-l1-1-0.dll
0x000002c2ddb80000 - 0x000002c2ddb83000 	C:\Program Files\JavaFX\javafx-sdk-17.0.15\bin\api-ms-win-crt-heap-l1-1-0.dll
0x000002c2ddb90000 - 0x000002c2ddb93000 	C:\Program Files\JavaFX\javafx-sdk-17.0.15\bin\api-ms-win-crt-locale-l1-1-0.dll
0x000002c2ddba0000 - 0x000002c2ddba5000 	C:\Program Files\JavaFX\javafx-sdk-17.0.15\bin\api-ms-win-crt-math-l1-1-0.dll
0x000002c2ddbb0000 - 0x000002c2ddbb5000 	C:\Program Files\JavaFX\javafx-sdk-17.0.15\bin\api-ms-win-crt-multibyte-l1-1-0.dll
0x000002c2ddbc0000 - 0x000002c2ddbd0000 	C:\Program Files\JavaFX\javafx-sdk-17.0.15\bin\api-ms-win-crt-private-l1-1-0.dll
0x000002c2ddbd0000 - 0x000002c2ddbd3000 	C:\Program Files\JavaFX\javafx-sdk-17.0.15\bin\api-ms-win-crt-process-l1-1-0.dll
0x000002c2ddbe0000 - 0x000002c2ddbe4000 	C:\Program Files\JavaFX\javafx-sdk-17.0.15\bin\api-ms-win-crt-runtime-l1-1-0.dll
0x000002c2ddbf0000 - 0x000002c2ddbf4000 	C:\Program Files\JavaFX\javafx-sdk-17.0.15\bin\api-ms-win-crt-stdio-l1-1-0.dll
0x000002c2ddc10000 - 0x000002c2ddc14000 	C:\Program Files\JavaFX\javafx-sdk-17.0.15\bin\api-ms-win-crt-string-l1-1-0.dll
0x000002c2ddd50000 - 0x000002c2ddd53000 	C:\Program Files\JavaFX\javafx-sdk-17.0.15\bin\api-ms-win-crt-time-l1-1-0.dll
0x000002c2ddc20000 - 0x000002c2ddc23000 	C:\Program Files\JavaFX\javafx-sdk-17.0.15\bin\api-ms-win-crt-utility-l1-1-0.dll
0x00007ffd941f0000 - 0x00007ffd942ec000 	C:\Program Files\JavaFX\javafx-sdk-17.0.15\bin\ucrtbase.dll
0x00007ffdb8c40000 - 0x00007ffdb8c5b000 	C:\Program Files\JavaFX\javafx-sdk-17.0.15\bin\vcruntime140.dll
0x00007ffdbdf60000 - 0x00007ffdbdf6c000 	C:\Program Files\JavaFX\javafx-sdk-17.0.15\bin\vcruntime140_1.dll
0x00007ffd96080000 - 0x00007ffd9610e000 	C:\Program Files\JavaFX\javafx-sdk-17.0.15\bin\msvcp140.dll
0x00007ffdbdf40000 - 0x00007ffdbdf49000 	C:\Program Files\JavaFX\javafx-sdk-17.0.15\bin\msvcp140_1.dll
0x00007ffdaaac0000 - 0x00007ffdaab01000 	C:\Program Files\JavaFX\javafx-sdk-17.0.15\bin\msvcp140_2.dll
0x00007ffdac170000 - 0x00007ffdac19a000 	C:\Program Files\JavaFX\javafx-sdk-17.0.15\bin\prism_d3d.dll
0x00007ffda1c70000 - 0x00007ffda1e27000 	C:\WINDOWS\system32\d3d9.dll
0x00007ffddca30000 - 0x00007ffddca66000 	C:\WINDOWS\SYSTEM32\dwmapi.dll
0x00007ffddc9c0000 - 0x00007ffddca0d000 	C:\WINDOWS\SYSTEM32\dxcore.dll
0x00007ffddc6e0000 - 0x00007ffddc78f000 	C:\WINDOWS\system32\uxtheme.dll
0x00007ffd61920000 - 0x00007ffd61b58000 	C:\WINDOWS\System32\DriverStore\FileRepository\iigd_dch.inf_amd64_0fdf6ce291234272\igdumdim64.dll
0x00007ffde2100000 - 0x00007ffde229e000 	C:\WINDOWS\System32\ole32.dll
0x00007ffd29b30000 - 0x00007ffd2aea0000 	C:\WINDOWS\System32\DriverStore\FileRepository\iigd_dch.inf_amd64_0fdf6ce291234272\igd9dxva64.dll
0x00007ffde22e0000 - 0x00007ffde2766000 	C:\WINDOWS\System32\SETUPAPI.dll
0x00007ffddf660000 - 0x00007ffddf6b7000 	C:\WINDOWS\SYSTEM32\cfgmgr32.dll
0x00007ffd838e0000 - 0x00007ffd85601000 	C:\WINDOWS\System32\DriverStore\FileRepository\iigd_dch.inf_amd64_0fdf6ce291234272\media_bin_64.dll
0x00007ffdd3bb0000 - 0x00007ffdd3fe8000 	C:\WINDOWS\System32\DriverStore\FileRepository\iigd_dch.inf_amd64_0fdf6ce291234272\igdgmm64.dll
0x00007ffddc810000 - 0x00007ffddc871000 	C:\WINDOWS\SYSTEM32\directxdatabasehelper.dll
0x00007ffda8bd0000 - 0x00007ffda8c12000 	C:\Program Files\JavaFX\javafx-sdk-17.0.15\bin\glass.dll
0x00007ffde1710000 - 0x00007ffde1806000 	C:\WINDOWS\System32\COMDLG32.dll
0x00007ffde1e40000 - 0x00007ffde1fa0000 	C:\WINDOWS\System32\MSCTF.dll
0x00007ffd87fe0000 - 0x00007ffd88007000 	C:\WINDOWS\System32\DriverStore\FileRepository\iigd_dch.inf_amd64_0fdf6ce291234272\igdinfo64.dll
0x00007ffdcfd00000 - 0x00007ffdd3bad000 	C:\WINDOWS\System32\DriverStore\FileRepository\iigd_dch.inf_amd64_0fdf6ce291234272\igc64.dll
0x00007ffdab290000 - 0x00007ffdab2bd000 	C:\Program Files\JavaFX\javafx-sdk-17.0.15\bin\javafx_iio.dll
0x00007ffdb36d0000 - 0x00007ffdb36e5000 	C:\Program Files\JavaFX\javafx-sdk-17.0.15\bin\javafx_font.dll
0x00007ffddaf50000 - 0x00007ffddb1bb000 	C:\WINDOWS\SYSTEM32\dwrite.dll
0x00007ffde1860000 - 0x00007ffde1908000 	C:\WINDOWS\System32\clbcatq.dll
0x00007ffddacd0000 - 0x00007ffddaf09000 	C:\WINDOWS\SYSTEM32\WindowsCodecs.dll
0x00007ffdaa4f0000 - 0x00007ffdaa54a000 	C:\WINDOWS\system32\dataexchange.dll
0x00007ffdcdbe0000 - 0x00007ffdcde1a000 	C:\WINDOWS\system32\twinapi.appcore.dll
0x00007ffd8f100000 - 0x00007ffd8f12c000 	C:\Program Files\Common Files\Microsoft Shared\Ink\rtscom.dll
0x00007ffdc75b0000 - 0x00007ffdc7700000 	C:\WINDOWS\SYSTEM32\textinputframework.dll
0x00007ffddc1f0000 - 0x00007ffddc315000 	C:\WINDOWS\SYSTEM32\CoreMessaging.dll
0x00007ffdd71b0000 - 0x00007ffdd7493000 	C:\WINDOWS\SYSTEM32\CoreUIComponents.dll
0x00007ffddf0f0000 - 0x00007ffddf0fc000 	C:\WINDOWS\SYSTEM32\CRYPTBASE.DLL
0x00007ffdde370000 - 0x00007ffdde497000 	C:\WINDOWS\SYSTEM32\DNSAPI.dll
0x00007ffdde2d0000 - 0x00007ffdde303000 	C:\WINDOWS\SYSTEM32\IPHLPAPI.DLL

dbghelp: loaded successfully - version: 4.0.5 - missing functions: none
symbol engine: initialized successfully - sym options: 0x614 - pdb path: .;C:\Users\jccas\.jdks\temurin-17.0.15\bin;C:\WINDOWS\SYSTEM32;C:\WINDOWS\WinSxS\amd64_microsoft.windows.common-controls_6595b64144ccf1df_6.0.26100.4202_none_3e0698d4e335f517;C:\Users\jccas\.jdks\temurin-17.0.15\bin\server;C:\Program Files\JetBrains\IntelliJ IDEA 2024.2.0.2\bin;C:\Program Files\JavaFX\javafx-sdk-17.0.15\bin;C:\WINDOWS\System32\DriverStore\FileRepository\iigd_dch.inf_amd64_0fdf6ce291234272;C:\Program Files\Common Files\Microsoft Shared\Ink

VM Arguments:
jvm_args: --module-path=C:\Program Files\JavaFX\javafx-sdk-17.0.15\lib --add-modules=javafx.controls,javafx.fxml,javafx.graphics,javafx.base -javaagent:C:\Program Files\JetBrains\IntelliJ IDEA 2024.2.0.2\lib\idea_rt.jar=63544:C:\Program Files\JetBrains\IntelliJ IDEA 2024.2.0.2\bin -Dfile.encoding=UTF-8 
java_command: professionalpractice.ProfessionalPractices
java_class_path (initial): C:\TrabajosProgramacion\PC\ProyectoModificado\Professional-Practices-software\out\production\Professional-Practices-software;C:\TrabajosProgramacion\PC\ProyectoModificado\Professional-Practices-software\dependencies\jbcrypt-0.4.jar;C:\TrabajosProgramacion\PC\ProyectoModificado\Professional-Practices-software\dependencies\mysql-connector-java-8.0.20.jar;C:\Program Files\JavaFX\javafx-sdk-17.0.15\lib\javafx-swt.jar;C:\Program Files\JavaFX\javafx-sdk-17.0.15\lib\javafx.web.jar;C:\Program Files\JavaFX\javafx-sdk-17.0.15\lib\javafx.base.jar;C:\Program Files\JavaFX\javafx-sdk-17.0.15\lib\javafx.fxml.jar;C:\Program Files\JavaFX\javafx-sdk-17.0.15\lib\javafx.media.jar;C:\Program Files\JavaFX\javafx-sdk-17.0.15\lib\javafx.swing.jar;C:\Program Files\JavaFX\javafx-sdk-17.0.15\lib\javafx.controls.jar;C:\Program Files\JavaFX\javafx-sdk-17.0.15\lib\javafx.graphics.jar
Launcher Type: SUN_STANDARD

[Global flags]
     intx CICompilerCount                          = 4                                         {product} {ergonomic}
     uint ConcGCThreads                            = 2                                         {product} {ergonomic}
     uint G1ConcRefinementThreads                  = 8                                         {product} {ergonomic}
   size_t G1HeapRegionSize                         = 1048576                                   {product} {ergonomic}
    uintx GCDrainStackTargetSize                   = 64                                        {product} {ergonomic}
   size_t InitialHeapSize                          = 132120576                                 {product} {ergonomic}
   size_t MarkStackSize                            = 4194304                                   {product} {ergonomic}
   size_t MaxHeapSize                              = 2086666240                                {product} {ergonomic}
   size_t MaxNewSize                               = 1251999744                                {product} {ergonomic}
   size_t MinHeapDeltaBytes                        = 1048576                                   {product} {ergonomic}
   size_t MinHeapSize                              = 8388608                                   {product} {ergonomic}
    uintx NonNMethodCodeHeapSize                   = 5839372                                {pd product} {ergonomic}
    uintx NonProfiledCodeHeapSize                  = 122909434                              {pd product} {ergonomic}
    uintx ProfiledCodeHeapSize                     = 122909434                              {pd product} {ergonomic}
    uintx ReservedCodeCacheSize                    = 251658240                              {pd product} {ergonomic}
     bool SegmentedCodeCache                       = true                                      {product} {ergonomic}
   size_t SoftMaxHeapSize                          = 2086666240                             {manageable} {ergonomic}
     bool UseCompressedClassPointers               = true                           {product lp64_product} {ergonomic}
     bool UseCompressedOops                        = true                           {product lp64_product} {ergonomic}
     bool UseG1GC                                  = true                                      {product} {ergonomic}
     bool UseLargePagesIndividualAllocation        = false                                  {pd product} {ergonomic}

Logging:
Log output configuration:
 #0: stdout all=off uptime,level,tags
 #1: stderr all=off uptime,level,tags

Environment Variables:
PATH=C:\Program Files\Eclipse Adoptium\jdk-21.0.7.6-hotspot\bin;C:\Program Files\MySQL\MySQL Server 8.0\bin;C:\Program Files (x86)\Common Files\Oracle\Java\java8path;C:\Program Files\Common Files\Oracle\Java\javapath;C:\Program Files (x86)\Common Files\Oracle\Java\javapath;C:\WINDOWS\system32;C:\WINDOWS;C:\WINDOWS\System32\Wbem;C:\WINDOWS\System32\WindowsPowerShell\v1.0\;C:\WINDOWS\System32\OpenSSH\;C:\Program Files (x86)\Common Files\i2 Shared\Geotrans\;C:\Program Files (x86)\Common Files\i2 Shared\i2 Online iLink 8\Components\;C:\Program Files\HP\HP One Agent;C:\Users\jccas\AppData\Local\Programs\Python\Python313;C:\WINDOWS\system32;C:\WINDOWS;C:\WINDOWS\System32\Wbem;C:\WINDOWS\System32\WindowsPowerShell\v1.0\;C:\WINDOWS\System32\OpenSSH\;C:\Program Files\dotnet\;C:\Program Files\Git\cmd;C:\Program Files\MySQL\MySQL Server 8.0\bin;C:\Users\jccas\AppData\Local\Programs\Python\Launcher\;C:\xampp\htdocs\UAI\vistas\index.ine_nacional.vista.php;C:\Users\jccas\AppData\Local\Microsoft\WindowsApps;C:\Users\jccas\AppData\Local\JetBrains\Toolbox\scripts;C:\Users\jccas\AppData\Local\Programs\Microsoft VS Code\bin;C:\Users\jccas\.dotnet\tools;
USERNAME=jccas
OS=Windows_NT
PROCESSOR_IDENTIFIER=Intel64 Family 6 Model 140 Stepping 1, GenuineIntel
TMP=C:\Users\jccas\AppData\Local\Temp
TEMP=C:\Users\jccas\AppData\Local\Temp



Periodic native trim disabled


---------------  S Y S T E M  ---------------

OS:
 Windows 11 , 64 bit Build 26100 (10.0.26100.4202)
OS uptime: 5 days 1:53 hours
Hyper-V role detected

CPU: total 8 (initial active 8) (4 cores per cpu, 2 threads per core) family 6 model 140 stepping 1 microcode 0x86, cx8, cmov, fxsr, ht, mmx, 3dnowpref, sse, sse2, sse3, ssse3, sse4.1, sse4.2, popcnt, lzcnt, tsc, tscinvbit, avx, avx2, aes, erms, clmul, bmi1, bmi2, adx, avx512f, avx512dq, avx512cd, avx512bw, avx512vl, sha, fma, vzeroupper, avx512_vpopcntdq, avx512_vpclmulqdq, avx512_vaes, avx512_vnni, clflush, clflushopt, clwb, avx512_vbmi2, avx512_vbmi, hv
Processor Information for all 8 processors :
  Max Mhz: 2419, Current Mhz: 2419, Mhz Limit: 2419

Memory: 4k page, system-wide physical 7957M (919M free)
TotalPageFile size 16838M (AvailPageFile size 1157M)
current process WorkingSet (physical memory assigned to process): 79M, peak: 317M
current process commit charge ("private bytes"): 382M, peak: 410M

vm_info: OpenJDK 64-Bit Server VM (17.0.15+6) for windows-amd64 JRE (17.0.15+6), built on Apr 15 2025 21:25:47 by "admin" with MS VC++ 17.7 (VS2022)

END.
