#
# A fatal error has been detected by the Java Runtime Environment:
#
#  EXCEPTION_ACCESS_VIOLATION (0xc0000005) at pc=0x00007ffda8bf68a7, pid=17052, tid=22984
#
# JRE version: OpenJDK Runtime Environment Temurin-17.0.15+6 (17.0.15+6) (build 17.0.15+6)
# Java VM: OpenJDK 64-Bit Server VM Temurin-17.0.15+6 (17.0.15+6, mixed mode, sharing, tiered, compressed oops, compressed class ptrs, g1 gc, windows-amd64)
# Problematic frame:
# C  [glass.dll+0x268a7]
#
# No core dump will be written. Minidumps are not enabled by default on client versions of Windows
#
# If you would like to submit a bug report, please visit:
#   https://github.com/adoptium/adoptium-support/issues
#

---------------  S U M M A R Y ------------

Command Line: --module-path=C:\Program Files\JavaFX\javafx-sdk-17.0.15\lib --add-modules=javafx.controls,javafx.fxml,javafx.graphics,javafx.base -javaagent:C:\Program Files\JetBrains\IntelliJ IDEA 2024.2.0.2\lib\idea_rt.jar=63763:C:\Program Files\JetBrains\IntelliJ IDEA 2024.2.0.2\bin -Dfile.encoding=UTF-8 professionalpractice.ProfessionalPractices

Host: 11th Gen Intel(R) Core(TM) i5-1135G7 @ 2.40GHz, 8 cores, 7G,  Windows 11 , 64 bit Build 26100 (10.0.26100.4202)
Time: Thu Jun 19 15:53:03 2025 Hora estándar central (México) elapsed time: 61.172220 seconds (0d 0h 1m 1s)

---------------  T H R E A D  ---------------

Current thread (0x000001fe5a4444f0):  VMThread "VM Thread" [stack: 0x000000fcffc00000,0x000000fcffd00000] [id=22984]

Stack: [0x000000fcffc00000,0x000000fcffd00000],  sp=0x000000fcffcff0e0,  free space=1020k
Native frames: (J=compiled Java code, j=interpreted, Vv=VM code, C=native code)
C  [glass.dll+0x268a7]


siginfo: EXCEPTION_ACCESS_VIOLATION (0xc0000005), reading address 0x0000000000000000


Registers:
RAX=0x0000000000000000, RBX=0x000001fe5a457e50, RCX=0x000001fe5a4444f0, RDX=0x000000fcffcff0e0
RSP=0x000000fcffcff0e0, RBP=0x00008d829581f409, RSI=0x000001fea03ff978, RDI=0x000001fea03ff950
R8 =0x0000000000010002, R9 =0x00008d829581f409, R10=0x000001fe3a5c0000, R11=0x000000fcffcfef90
R12=0x00007ffda8bd0000, R13=0x000000007ffe0385, R14=0x000000fcffcff1e8, R15=0x000001fea03ff950
RIP=0x00007ffda8bf68a7, EFLAGS=0x0000000000010206

XMM[0]=0x0000000000000000 0x0000000000000000
XMM[1]=0x0000000000000000 0x000000fcffcfdd40
XMM[2]=0x0000000000000000 0x0000000000000000
XMM[3]=0x0000000000000000 0x0000000000000000
XMM[4]=0x0000000000000000 0x0000000000000000
XMM[5]=0x0000000000000000 0x0000000000000000
XMM[6]=0x0000000000000000 0x404e000000000000
XMM[7]=0x0000000000000000 0x0000000000000000
XMM[8]=0x0000000000000000 0x0000000000000000
XMM[9]=0x0000000000000000 0x0000000000000000
XMM[10]=0x0000000000000000 0x0000000000000000
XMM[11]=0x0000000000000000 0x0000000000000000
XMM[12]=0x0000000000000000 0x0000000000000000
XMM[13]=0x0000000000000000 0x0000000000000000
XMM[14]=0x0000000000000000 0x0000000000000000
XMM[15]=0x0000000000000000 0x0000000000000000
  MXCSR=0x00001fa1


Register to memory mapping:

RIP=0x00007ffda8bf68a7 glass.dll
RAX=0x0 is NULL
RBX=0x000001fe5a457e50 is a global jni handle
RCX=0x000001fe5a4444f0 points into unknown readable memory: 0x00007ffd52de2bb8 | b8 2b de 52 fd 7f 00 00
RDX=0x000000fcffcff0e0 points into unknown readable memory: 0x0000000000000000 | 00 00 00 00 00 00 00 00
RSP=0x000000fcffcff0e0 points into unknown readable memory: 0x0000000000000000 | 00 00 00 00 00 00 00 00
RBP=0x00008d829581f409 is an unknown value
RSI=0x000001fea03ff978 points into unknown readable memory: 0x00008d829581f409 | 09 f4 81 95 82 8d 00 00
RDI=0x000001fea03ff950 points into unknown readable memory: 0x00ff76d3ebfbe409 | 09 e4 fb eb d3 76 ff 00
R8 =0x0000000000010002 is an unknown value
R9 =0x00008d829581f409 is an unknown value
R10=0x000001fe3a5c0000 points into unknown readable memory: 0x0000000000000000 | 00 00 00 00 00 00 00 00
R11=0x000000fcffcfef90 points into unknown readable memory: 0x0000000000000000 | 00 00 00 00 00 00 00 00
R12=0x00007ffda8bd0000 glass.dll
R13=0x000000007ffe0385 points into unknown readable memory: 00 00 00
R14=0x000000fcffcff1e8 points into unknown readable memory: 0x000000fcffcff1d0 | d0 f1 cf ff fc 00 00 00
R15=0x000001fea03ff950 points into unknown readable memory: 0x00ff76d3ebfbe409 | 09 e4 fb eb d3 76 ff 00


Top of Stack: (sp=0x000000fcffcff0e0)
0x000000fcffcff0e0:   0000000000000000 000001fe00000000
0x000000fcffcff0f0:   000001fea06411b0 00007ffda8bd0000
0x000000fcffcff100:   000001fea03ff958 00007ffde00abc75
0x000000fcffcff110:   000001fea03ff950 000001fe00000000
0x000000fcffcff120:   000001fea03ff970 00008d829581f409
0x000000fcffcff130:   fffffffffffffffe 00007ffddfcc96ab
0x000000fcffcff140:   0000000000000000 00007ffda8bd0000
0x000000fcffcff150:   000000fcffcff1d8 00007ffde00ab897
0x000000fcffcff160:   000000fcffcff100 000000fcffcff1e8
0x000000fcffcff170:   000000fcffcff710 00007ffde01988c0
0x000000fcffcff180:   0000000000000001 00007ffde00ab84d
0x000000fcffcff190:   0000000000000000 0000000000000001
0x000000fcffcff1a0:   0000000000000000 000000fcffcff1d8
0x000000fcffcff1b0:   fffffffffffffffe 000000fcffcff700
0x000000fcffcff1c0:   0000000000000000 00007ffda8bf407d
0x000000fcffcff1d0:   00007ffda8c0a008 00007ffd00000002
0x000000fcffcff1e0:   0000000000000002 000000fcffcff1d0
0x000000fcffcff1f0:   0000000000000000 00007ffdde2e908d
0x000000fcffcff200:   0000000000000000 00007ffda8bf41a2
0x000000fcffcff210:   0000000000000001 000000007ffe0384
0x000000fcffcff220:   0000000000000001 0000000000000001
0x000000fcffcff230:   000000007ffe0384 00007ffddf0f277e
0x000000fcffcff240:   0000000000000001 000000000000008d
0x000000fcffcff250:   00007ffda8bf41f0 0000000000000001
0x000000fcffcff260:   0000000000000001 00007ffde2a12983
0x000000fcffcff270:   00007ffda8bd0000 0000000000000000
0x000000fcffcff280:   0000000000000001 000000007ffe0384
0x000000fcffcff290:   000000000000005e 0000000000000000
0x000000fcffcff2a0:   0000000000000000 0000000000000000
0x000000fcffcff2b0:   00007ffda8bd0000 fffffd8500000000
0x000000fcffcff2c0:   000000000000008b 0000000000000000
0x000000fcffcff2d0:   0000000000000000 000001fe3a7b67b0 

Instructions: (pc=0x00007ffda8bf68a7)
0x00007ffda8bf67a7:   8b 4d 58 e8 8d cf ff ff 48 8b 4d 60 e8 84 cf ff
0x00007ffda8bf67b7:   ff 48 8b 95 80 00 00 00 48 8b 8d 18 01 00 00 e8
0x00007ffda8bf67c7:   76 c4 ff ff 33 d2 33 c9 e8 cc e1 ff ff 90 48 89
0x00007ffda8bf67d7:   54 24 10 55 48 83 ec 20 48 8b ea 48 b8 00 00 00
0x00007ffda8bf67e7:   00 00 00 00 00 48 83 c4 20 5d c3 cc 40 55 48 8b
0x00007ffda8bf67f7:   ea 48 8b 01 33 c9 81 38 05 00 00 c0 0f 94 c1 8b
0x00007ffda8bf6807:   c1 5d c3 cc 40 55 48 83 ec 20 48 8b ea 8a 4d 40
0x00007ffda8bf6817:   48 83 c4 20 5d e9 73 d3 ff ff cc 40 55 48 83 ec
0x00007ffda8bf6827:   20 48 8b ea 8a 4d 20 e8 61 d3 ff ff 90 48 83 c4
0x00007ffda8bf6837:   20 5d c3 cc 40 55 48 83 ec 20 48 8b ea 48 83 c4
0x00007ffda8bf6847:   20 5d e9 c2 d1 ff ff cc 40 55 48 83 ec 30 48 8b
0x00007ffda8bf6857:   ea 48 8b 01 8b 10 48 89 4c 24 28 89 54 24 20 4c
0x00007ffda8bf6867:   8d 0d 63 d6 ff ff 4c 8b 45 70 8b 55 68 48 8b 4d
0x00007ffda8bf6877:   60 e8 03 d1 ff ff 90 48 83 c4 30 5d c3 cc cc cc
0x00007ffda8bf6887:   cc cc cc cc cc cc cc cc cc 40 53 48 83 ec 20 48
0x00007ffda8bf6897:   8b 1d 6b 31 01 00 48 85 db 74 16 e8 89 8b ff ff
0x00007ffda8bf68a7:   4c 8b 00 48 8b d3 48 8b c8 41 ff 90 b0 00 00 00
0x00007ffda8bf68b7:   90 48 83 c4 20 5b c3 cc cc 40 53 48 83 ec 20 48
0x00007ffda8bf68c7:   8b 1d db 32 01 00 48 85 db 74 57 b8 ff ff ff ff
0x00007ffda8bf68d7:   f0 0f c1 43 10 83 f8 01 75 3d 48 85 db 74 38 48
0x00007ffda8bf68e7:   8b 0b 48 85 c9 74 0d ff 15 b4 09 00 00 48 c7 03
0x00007ffda8bf68f7:   00 00 00 00 48 8b 4b 08 48 85 c9 74 0d e8 33 ce
0x00007ffda8bf6907:   ff ff 48 c7 43 08 00 00 00 00 ba 18 00 00 00 48
0x00007ffda8bf6917:   8b cb e8 1e ce ff ff 48 c7 05 7f 32 01 00 00 00
0x00007ffda8bf6927:   00 00 48 83 c4 20 5b c3 cc 40 53 48 83 ec 20 48
0x00007ffda8bf6937:   8b 1d 4b 32 01 00 48 85 db 74 57 b8 ff ff ff ff
0x00007ffda8bf6947:   f0 0f c1 43 10 83 f8 01 75 3d 48 85 db 74 38 48
0x00007ffda8bf6957:   8b 0b 48 85 c9 74 0d ff 15 44 09 00 00 48 c7 03
0x00007ffda8bf6967:   00 00 00 00 48 8b 4b 08 48 85 c9 74 0d e8 c3 cd
0x00007ffda8bf6977:   ff ff 48 c7 43 08 00 00 00 00 ba 18 00 00 00 48
0x00007ffda8bf6987:   8b cb e8 ae cd ff ff 48 c7 05 ef 31 01 00 00 00
0x00007ffda8bf6997:   00 00 48 83 c4 20 5b c3 cc 40 53 48 83 ec 20 48 


Stack slot to memory mapping:
stack at sp + 0 slots: 0x0 is NULL
stack at sp + 1 slots: 0x000001fe00000000 is an unknown value
stack at sp + 2 slots: 0x000001fea06411b0 points into unknown readable memory: 0x000001fea0663310 | 10 33 66 a0 fe 01 00 00
stack at sp + 3 slots: 0x00007ffda8bd0000 glass.dll
stack at sp + 4 slots: 0x000001fea03ff958 points into unknown readable memory: 0x00008d829581f409 | 09 f4 81 95 82 8d 00 00
stack at sp + 5 slots: 0x00007ffde00abc75 ucrtbase.dll
stack at sp + 6 slots: 0x000001fea03ff950 points into unknown readable memory: 0x00ff76d3ebfbe409 | 09 e4 fb eb d3 76 ff 00
stack at sp + 7 slots: 0x000001fe00000000 is an unknown value

VM_Operation (0x000000fc820ff2c0): Exit, mode: safepoint, requested by thread 0x000001fea5158600


---------------  P R O C E S S  ---------------

Threads class SMR info:
_java_thread_list=0x000001fea5f873e0, length=21, elements={
0x000001fe3bfaef20, 0x000001fe5a44aa40, 0x000001fe5a44be20, 0x000001fe5a4600c0,
0x000001fe5a462fa0, 0x000001fe5a463960, 0x000001fe5a464700, 0x000001fe5a46a0f0,
0x000001fe5ac0cde0, 0x000001fe5a4336a0, 0x000001fea037ce40, 0x000001fe5ad7b590,
0x000001fea02dac00, 0x000001fea0664360, 0x000001fea0666000, 0x000001fea50c5db0,
0x000001fea51576d0, 0x000001fea51580f0, 0x000001fea5159020, 0x000001fea5157be0,
0x000001fea5158600
}

Java Threads: ( => current thread )
  0x000001fe3bfaef20 JavaThread "main" [_thread_blocked, id=24528, stack(0x000000fcff600000,0x000000fcff700000)]
  0x000001fe5a44aa40 JavaThread "Reference Handler" daemon [_thread_blocked, id=2328, stack(0x000000fcffd00000,0x000000fcffe00000)]
  0x000001fe5a44be20 JavaThread "Finalizer" daemon [_thread_blocked, id=23276, stack(0x000000fcffe00000,0x000000fcfff00000)]
  0x000001fe5a4600c0 JavaThread "Attach Listener" daemon [_thread_blocked, id=9956, stack(0x000000fc80000000,0x000000fc80100000)]
  0x000001fe5a462fa0 JavaThread "Service Thread" daemon [_thread_blocked, id=8868, stack(0x000000fc80100000,0x000000fc80200000)]
  0x000001fe5a463960 JavaThread "Monitor Deflation Thread" daemon [_thread_blocked, id=24948, stack(0x000000fc80200000,0x000000fc80300000)]
  0x000001fe5a464700 JavaThread "C2 CompilerThread0" daemon [_thread_blocked, id=11644, stack(0x000000fc80300000,0x000000fc80400000)]
  0x000001fe5a46a0f0 JavaThread "C1 CompilerThread0" daemon [_thread_blocked, id=19880, stack(0x000000fc80400000,0x000000fc80500000)]
  0x000001fe5ac0cde0 JavaThread "Sweeper thread" daemon [_thread_blocked, id=20572, stack(0x000000fc80500000,0x000000fc80600000)]
  0x000001fe5a4336a0 JavaThread "Common-Cleaner" daemon [_thread_blocked, id=21180, stack(0x000000fc80600000,0x000000fc80700000)]
  0x000001fea037ce40 JavaThread "Monitor Ctrl-Break" daemon [_thread_in_native, id=26232, stack(0x000000fc80900000,0x000000fc80a00000)]
  0x000001fe5ad7b590 JavaThread "Notification Thread" daemon [_thread_blocked, id=18464, stack(0x000000fc80a00000,0x000000fc80b00000)]
  0x000001fea02dac00 JavaThread "QuantumRenderer-0" daemon [_thread_blocked, id=3256, stack(0x000000fc80c00000,0x000000fc80d00000)]
  0x000001fea0664360 JavaThread "InvokeLaterDispatcher" daemon [_thread_blocked, id=25096, stack(0x000000fc80d00000,0x000000fc80e00000)]
  0x000001fea0666000 JavaThread "JavaFX Application Thread" [_thread_in_native, id=8136, stack(0x000000fc80e00000,0x000000fc80f00000)]
  0x000001fea50c5db0 JavaThread "JavaFX-Launcher" [_thread_blocked, id=19716, stack(0x000000fc81300000,0x000000fc81400000)]
  0x000001fea51576d0 JavaThread "Thread-2" daemon [_thread_in_native, id=5324, stack(0x000000fc81200000,0x000000fc81300000)]
  0x000001fea51580f0 JavaThread "Prism Font Disposer" daemon [_thread_blocked, id=9916, stack(0x000000fc80800000,0x000000fc80900000)]
  0x000001fea5159020 JavaThread "Cleaner-0" daemon [_thread_blocked, id=22888, stack(0x000000fc81c00000,0x000000fc81d00000)]
  0x000001fea5157be0 JavaThread "mysql-cj-abandoned-connection-cleanup" daemon [_thread_blocked, id=11088, stack(0x000000fc81e00000,0x000000fc81f00000)]
  0x000001fea5158600 JavaThread "SIGINT handler" daemon [_thread_blocked, id=25004, stack(0x000000fc82000000,0x000000fc82100000)]

Other Threads:
=>0x000001fe5a4444f0 VMThread "VM Thread" [stack: 0x000000fcffc00000,0x000000fcffd00000] [id=22984]
  0x000001fe3c00ac10 GCTaskThread "GC Thread#0" [stack: 0x000000fcff700000,0x000000fcff800000] [id=17072]
  0x000001fea51d4610 GCTaskThread "GC Thread#1" [stack: 0x000000fc81400000,0x000000fc81500000] [id=6400]
  0x000001fea50cb9d0 GCTaskThread "GC Thread#2" [stack: 0x000000fc81500000,0x000000fc81600000] [id=15352]
  0x000001fea50fdb40 GCTaskThread "GC Thread#3" [stack: 0x000000fc81600000,0x000000fc81700000] [id=16664]
  0x000001fea51a0e20 GCTaskThread "GC Thread#4" [stack: 0x000000fc81700000,0x000000fc81800000] [id=22788]
  0x000001fe5ac2ca00 GCTaskThread "GC Thread#5" [stack: 0x000000fc81800000,0x000000fc81900000] [id=9776]
  0x000001fea5e747e0 GCTaskThread "GC Thread#6" [stack: 0x000000fc80700000,0x000000fc80800000] [id=5852]
  0x000001fea599aba0 GCTaskThread "GC Thread#7" [stack: 0x000000fc81d00000,0x000000fc81e00000] [id=12064]
  0x000001fe3c058010 ConcurrentGCThread "G1 Main Marker" terminated
  0x000001fe3c0591d0 ConcurrentGCThread "G1 Conc#0" [stack: 0x000000fcff900000,0x000000fcffa00000] [id=26668]
  0x000001fe5ae5e4f0 ConcurrentGCThread "G1 Conc#1" [stack: 0x000000fc81f00000,0x000000fc82000000] [id=6956]
  0x000001fe5a2f0b50 ConcurrentGCThread "G1 Refine#0" terminated
  0x000001fe5a2f2430 ConcurrentGCThread "G1 Service" terminated

Threads with active compile tasks:

VM state: at safepoint (shutting down)

VM Mutex/Monitor currently owned by a thread:  ([mutex/lock_event])
[0x000001fe3a508d10] Threads_lock - owner thread: 0x000001fe5a4444f0
[0x000001fe3bfab860] Heap_lock - owner thread: 0x000001fea5158600

Heap address: 0x0000000083a00000, size: 1990 MB, Compressed Oops mode: 32-bit

CDS archive(s) mapped at: [0x000001fe5b000000-0x000001fe5bbb0000-0x000001fe5bbb0000), size 12255232, SharedBaseAddress: 0x000001fe5b000000, ArchiveRelocationMode: 1.
Compressed class space mapped at: 0x000001fe5c000000-0x000001fe9c000000, reserved size: 1073741824
Narrow klass base: 0x000001fe5b000000, Narrow klass shift: 0, Narrow klass range: 0x100000000

GC Precious Log:
 CPUs: 8 total, 8 available
 Memory: 7957M
 Large Page Support: Disabled
 NUMA Support: Disabled
 Compressed Oops: Enabled (32-bit)
 Heap Region Size: 1M
 Heap Min Capacity: 8M
 Heap Initial Capacity: 126M
 Heap Max Capacity: 1990M
 Pre-touch: Disabled
 Parallel Workers: 8
 Concurrent Workers: 2
 Concurrent Refinement Workers: 8
 Periodic GC: Disabled

Heap:
 garbage-first heap   total 129024K, used 49999K [0x0000000083a00000, 0x0000000100000000)
  region size 1024K, 17 young (17408K), 8 survivors (8192K)
 Metaspace       used 22264K, committed 22592K, reserved 1114112K
  class space    used 3074K, committed 3264K, reserved 1048576K

Heap Regions: E=young(eden), S=young(survivor), O=old, HS=humongous(starts), HC=humongous(continues), CS=collection set, F=free, OA=open archive, CA=closed archive, TAMS=top-at-mark-start (previous, next)
|   0|0x0000000083a00000, 0x0000000083b00000, 0x0000000083b00000|100%| O|  |TAMS 0x0000000083b00000, 0x0000000083a00000| Untracked 
|   1|0x0000000083b00000, 0x0000000083c00000, 0x0000000083c00000|100%|HS|  |TAMS 0x0000000083c00000, 0x0000000083b00000| Complete 
|   2|0x0000000083c00000, 0x0000000083d00000, 0x0000000083d00000|100%|HC|  |TAMS 0x0000000083d00000, 0x0000000083c00000| Complete 
|   3|0x0000000083d00000, 0x0000000083e00000, 0x0000000083e00000|100%|HC|  |TAMS 0x0000000083e00000, 0x0000000083d00000| Complete 
|   4|0x0000000083e00000, 0x0000000083f00000, 0x0000000083f00000|100%|HC|  |TAMS 0x0000000083f00000, 0x0000000083e00000| Complete 
|   5|0x0000000083f00000, 0x0000000084000000, 0x0000000084000000|100%|HC|  |TAMS 0x0000000084000000, 0x0000000083f00000| Complete 
|   6|0x0000000084000000, 0x0000000084100000, 0x0000000084100000|100%|HS|  |TAMS 0x0000000084100000, 0x0000000084000000| Complete 
|   7|0x0000000084100000, 0x0000000084200000, 0x0000000084200000|100%|HC|  |TAMS 0x0000000084200000, 0x0000000084100000| Complete 
|   8|0x0000000084200000, 0x0000000084300000, 0x0000000084300000|100%| O|  |TAMS 0x0000000084300000, 0x0000000084200000| Complete 
|   9|0x0000000084300000, 0x0000000084400000, 0x0000000084400000|100%| O|  |TAMS 0x0000000084400000, 0x0000000084300000| Untracked 
|  10|0x0000000084400000, 0x0000000084430600, 0x0000000084500000| 18%| O|  |TAMS 0x0000000084430600, 0x0000000084400000| Untracked 
|  11|0x0000000084500000, 0x0000000084600000, 0x0000000084600000|100%|HS|  |TAMS 0x0000000084600000, 0x0000000084500000| Complete 
|  12|0x0000000084600000, 0x0000000084700000, 0x0000000084700000|100%|HC|  |TAMS 0x0000000084700000, 0x0000000084600000| Complete 
|  13|0x0000000084700000, 0x0000000084800000, 0x0000000084800000|100%|HC|  |TAMS 0x0000000084800000, 0x0000000084700000| Complete 
|  14|0x0000000084800000, 0x0000000084900000, 0x0000000084900000|100%|HC|  |TAMS 0x0000000084900000, 0x0000000084800000| Complete 
|  15|0x0000000084900000, 0x0000000084a00000, 0x0000000084a00000|100%|HC|  |TAMS 0x0000000084a00000, 0x0000000084900000| Complete 
|  16|0x0000000084a00000, 0x0000000084b00000, 0x0000000084b00000|100%|HC|  |TAMS 0x0000000084b00000, 0x0000000084a00000| Complete 
|  17|0x0000000084b00000, 0x0000000084c00000, 0x0000000084c00000|100%|HC|  |TAMS 0x0000000084c00000, 0x0000000084b00000| Complete 
|  18|0x0000000084c00000, 0x0000000084d00000, 0x0000000084d00000|100%|HC|  |TAMS 0x0000000084d00000, 0x0000000084c00000| Complete 
|  19|0x0000000084d00000, 0x0000000084e00000, 0x0000000084e00000|100%|HC|  |TAMS 0x0000000084e00000, 0x0000000084d00000| Complete 
|  20|0x0000000084e00000, 0x0000000084f00000, 0x0000000084f00000|100%|HC|  |TAMS 0x0000000084f00000, 0x0000000084e00000| Complete 
|  21|0x0000000084f00000, 0x0000000085000000, 0x0000000085000000|100%|HC|  |TAMS 0x0000000085000000, 0x0000000084f00000| Complete 
|  22|0x0000000085000000, 0x0000000085100000, 0x0000000085100000|100%|HC|  |TAMS 0x0000000085100000, 0x0000000085000000| Complete 
|  23|0x0000000085100000, 0x0000000085200000, 0x0000000085200000|100%|HC|  |TAMS 0x0000000085200000, 0x0000000085100000| Complete 
|  24|0x0000000085200000, 0x0000000085300000, 0x0000000085300000|100%|HS|  |TAMS 0x0000000085300000, 0x0000000085200000| Complete 
|  25|0x0000000085300000, 0x0000000085400000, 0x0000000085400000|100%|HC|  |TAMS 0x0000000085400000, 0x0000000085300000| Complete 
|  26|0x0000000085400000, 0x0000000085500000, 0x0000000085500000|100%|HS|  |TAMS 0x0000000085500000, 0x0000000085400000| Complete 
|  27|0x0000000085500000, 0x0000000085600000, 0x0000000085600000|100%|HC|  |TAMS 0x0000000085600000, 0x0000000085500000| Complete 
|  28|0x0000000085600000, 0x0000000085700000, 0x0000000085700000|100%|HS|  |TAMS 0x0000000085700000, 0x0000000085600000| Complete 
|  29|0x0000000085700000, 0x0000000085800000, 0x0000000085800000|100%|HC|  |TAMS 0x0000000085800000, 0x0000000085700000| Complete 
|  30|0x0000000085800000, 0x0000000085900000, 0x0000000085900000|100%|HS|  |TAMS 0x0000000085900000, 0x0000000085800000| Complete 
|  31|0x0000000085900000, 0x0000000085a00000, 0x0000000085a00000|100%|HC|  |TAMS 0x0000000085a00000, 0x0000000085900000| Complete 
|  32|0x0000000085a00000, 0x0000000085b00000, 0x0000000085b00000|100%|HS|  |TAMS 0x0000000085b00000, 0x0000000085a00000| Complete 
|  33|0x0000000085b00000, 0x0000000085c00000, 0x0000000085c00000|100%|HC|  |TAMS 0x0000000085c00000, 0x0000000085b00000| Complete 
|  34|0x0000000085c00000, 0x0000000085c00000, 0x0000000085d00000|  0%| F|  |TAMS 0x0000000085c00000, 0x0000000085c00000| Untracked 
|  35|0x0000000085d00000, 0x0000000085d00000, 0x0000000085e00000|  0%| F|  |TAMS 0x0000000085d00000, 0x0000000085d00000| Untracked 
|  36|0x0000000085e00000, 0x0000000085e00000, 0x0000000085f00000|  0%| F|  |TAMS 0x0000000085e00000, 0x0000000085e00000| Untracked 
|  37|0x0000000085f00000, 0x0000000085f00000, 0x0000000086000000|  0%| F|  |TAMS 0x0000000085f00000, 0x0000000085f00000| Untracked 
|  38|0x0000000086000000, 0x0000000086000000, 0x0000000086100000|  0%| F|  |TAMS 0x0000000086000000, 0x0000000086000000| Untracked 
|  39|0x0000000086100000, 0x0000000086100000, 0x0000000086200000|  0%| F|  |TAMS 0x0000000086100000, 0x0000000086100000| Untracked 
|  40|0x0000000086200000, 0x0000000086200000, 0x0000000086300000|  0%| F|  |TAMS 0x0000000086200000, 0x0000000086200000| Untracked 
|  41|0x0000000086300000, 0x0000000086300000, 0x0000000086400000|  0%| F|  |TAMS 0x0000000086300000, 0x0000000086300000| Untracked 
|  42|0x0000000086400000, 0x0000000086400000, 0x0000000086500000|  0%| F|  |TAMS 0x0000000086400000, 0x0000000086400000| Untracked 
|  43|0x0000000086500000, 0x0000000086500000, 0x0000000086600000|  0%| F|  |TAMS 0x0000000086500000, 0x0000000086500000| Untracked 
|  44|0x0000000086600000, 0x0000000086600000, 0x0000000086700000|  0%| F|  |TAMS 0x0000000086600000, 0x0000000086600000| Untracked 
|  45|0x0000000086700000, 0x0000000086700000, 0x0000000086800000|  0%| F|  |TAMS 0x0000000086700000, 0x0000000086700000| Untracked 
|  46|0x0000000086800000, 0x0000000086800000, 0x0000000086900000|  0%| F|  |TAMS 0x0000000086800000, 0x0000000086800000| Untracked 
|  47|0x0000000086900000, 0x0000000086900000, 0x0000000086a00000|  0%| F|  |TAMS 0x0000000086900000, 0x0000000086900000| Untracked 
|  48|0x0000000086a00000, 0x0000000086a00000, 0x0000000086b00000|  0%| F|  |TAMS 0x0000000086a00000, 0x0000000086a00000| Untracked 
|  49|0x0000000086b00000, 0x0000000086b00000, 0x0000000086c00000|  0%| F|  |TAMS 0x0000000086b00000, 0x0000000086b00000| Untracked 
|  50|0x0000000086c00000, 0x0000000086c00000, 0x0000000086d00000|  0%| F|  |TAMS 0x0000000086c00000, 0x0000000086c00000| Untracked 
|  51|0x0000000086d00000, 0x0000000086d00000, 0x0000000086e00000|  0%| F|  |TAMS 0x0000000086d00000, 0x0000000086d00000| Untracked 
|  52|0x0000000086e00000, 0x0000000086e00000, 0x0000000086f00000|  0%| F|  |TAMS 0x0000000086e00000, 0x0000000086e00000| Untracked 
|  53|0x0000000086f00000, 0x0000000086f00000, 0x0000000087000000|  0%| F|  |TAMS 0x0000000086f00000, 0x0000000086f00000| Untracked 
|  54|0x0000000087000000, 0x0000000087000000, 0x0000000087100000|  0%| F|  |TAMS 0x0000000087000000, 0x0000000087000000| Untracked 
|  55|0x0000000087100000, 0x0000000087100000, 0x0000000087200000|  0%| F|  |TAMS 0x0000000087100000, 0x0000000087100000| Untracked 
|  56|0x0000000087200000, 0x0000000087200000, 0x0000000087300000|  0%| F|  |TAMS 0x0000000087200000, 0x0000000087200000| Untracked 
|  57|0x0000000087300000, 0x0000000087300000, 0x0000000087400000|  0%| F|  |TAMS 0x0000000087300000, 0x0000000087300000| Untracked 
|  58|0x0000000087400000, 0x0000000087400000, 0x0000000087500000|  0%| F|  |TAMS 0x0000000087400000, 0x0000000087400000| Untracked 
|  59|0x0000000087500000, 0x0000000087500000, 0x0000000087600000|  0%| F|  |TAMS 0x0000000087500000, 0x0000000087500000| Untracked 
|  60|0x0000000087600000, 0x0000000087600000, 0x0000000087700000|  0%| F|  |TAMS 0x0000000087600000, 0x0000000087600000| Untracked 
|  61|0x0000000087700000, 0x0000000087700000, 0x0000000087800000|  0%| F|  |TAMS 0x0000000087700000, 0x0000000087700000| Untracked 
|  62|0x0000000087800000, 0x0000000087800000, 0x0000000087900000|  0%| F|  |TAMS 0x0000000087800000, 0x0000000087800000| Untracked 
|  63|0x0000000087900000, 0x0000000087900000, 0x0000000087a00000|  0%| F|  |TAMS 0x0000000087900000, 0x0000000087900000| Untracked 
|  64|0x0000000087a00000, 0x0000000087a00000, 0x0000000087b00000|  0%| F|  |TAMS 0x0000000087a00000, 0x0000000087a00000| Untracked 
|  65|0x0000000087b00000, 0x0000000087b00000, 0x0000000087c00000|  0%| F|  |TAMS 0x0000000087b00000, 0x0000000087b00000| Untracked 
|  66|0x0000000087c00000, 0x0000000087c00000, 0x0000000087d00000|  0%| F|  |TAMS 0x0000000087c00000, 0x0000000087c00000| Untracked 
|  67|0x0000000087d00000, 0x0000000087d00000, 0x0000000087e00000|  0%| F|  |TAMS 0x0000000087d00000, 0x0000000087d00000| Untracked 
|  68|0x0000000087e00000, 0x0000000087e00000, 0x0000000087f00000|  0%| F|  |TAMS 0x0000000087e00000, 0x0000000087e00000| Untracked 
|  69|0x0000000087f00000, 0x0000000087f00000, 0x0000000088000000|  0%| F|  |TAMS 0x0000000087f00000, 0x0000000087f00000| Untracked 
|  70|0x0000000088000000, 0x0000000088000000, 0x0000000088100000|  0%| F|  |TAMS 0x0000000088000000, 0x0000000088000000| Untracked 
|  71|0x0000000088100000, 0x0000000088100000, 0x0000000088200000|  0%| F|  |TAMS 0x0000000088100000, 0x0000000088100000| Untracked 
|  72|0x0000000088200000, 0x0000000088200000, 0x0000000088300000|  0%| F|  |TAMS 0x0000000088200000, 0x0000000088200000| Untracked 
|  73|0x0000000088300000, 0x0000000088300000, 0x0000000088400000|  0%| F|  |TAMS 0x0000000088300000, 0x0000000088300000| Untracked 
|  74|0x0000000088400000, 0x0000000088400000, 0x0000000088500000|  0%| F|  |TAMS 0x0000000088400000, 0x0000000088400000| Untracked 
|  75|0x0000000088500000, 0x0000000088500000, 0x0000000088600000|  0%| F|  |TAMS 0x0000000088500000, 0x0000000088500000| Untracked 
|  76|0x0000000088600000, 0x0000000088600000, 0x0000000088700000|  0%| F|  |TAMS 0x0000000088600000, 0x0000000088600000| Untracked 
|  77|0x0000000088700000, 0x0000000088700000, 0x0000000088800000|  0%| F|  |TAMS 0x0000000088700000, 0x0000000088700000| Untracked 
|  78|0x0000000088800000, 0x0000000088800000, 0x0000000088900000|  0%| F|  |TAMS 0x0000000088800000, 0x0000000088800000| Untracked 
|  79|0x0000000088900000, 0x0000000088900000, 0x0000000088a00000|  0%| F|  |TAMS 0x0000000088900000, 0x0000000088900000| Untracked 
|  80|0x0000000088a00000, 0x0000000088a00000, 0x0000000088b00000|  0%| F|  |TAMS 0x0000000088a00000, 0x0000000088a00000| Untracked 
|  81|0x0000000088b00000, 0x0000000088b00000, 0x0000000088c00000|  0%| F|  |TAMS 0x0000000088b00000, 0x0000000088b00000| Untracked 
|  82|0x0000000088c00000, 0x0000000088c00000, 0x0000000088d00000|  0%| F|  |TAMS 0x0000000088c00000, 0x0000000088c00000| Untracked 
|  83|0x0000000088d00000, 0x0000000088d00000, 0x0000000088e00000|  0%| F|  |TAMS 0x0000000088d00000, 0x0000000088d00000| Untracked 
|  84|0x0000000088e00000, 0x0000000088e00000, 0x0000000088f00000|  0%| F|  |TAMS 0x0000000088e00000, 0x0000000088e00000| Untracked 
|  85|0x0000000088f00000, 0x0000000088f00000, 0x0000000089000000|  0%| F|  |TAMS 0x0000000088f00000, 0x0000000088f00000| Untracked 
|  86|0x0000000089000000, 0x0000000089000000, 0x0000000089100000|  0%| F|  |TAMS 0x0000000089000000, 0x0000000089000000| Untracked 
|  87|0x0000000089100000, 0x0000000089100000, 0x0000000089200000|  0%| F|  |TAMS 0x0000000089100000, 0x0000000089100000| Untracked 
|  88|0x0000000089200000, 0x0000000089200000, 0x0000000089300000|  0%| F|  |TAMS 0x0000000089200000, 0x0000000089200000| Untracked 
|  89|0x0000000089300000, 0x0000000089300000, 0x0000000089400000|  0%| F|  |TAMS 0x0000000089300000, 0x0000000089300000| Untracked 
|  90|0x0000000089400000, 0x0000000089400000, 0x0000000089500000|  0%| F|  |TAMS 0x0000000089400000, 0x0000000089400000| Untracked 
|  91|0x0000000089500000, 0x0000000089500000, 0x0000000089600000|  0%| F|  |TAMS 0x0000000089500000, 0x0000000089500000| Untracked 
|  92|0x0000000089600000, 0x0000000089600000, 0x0000000089700000|  0%| F|  |TAMS 0x0000000089600000, 0x0000000089600000| Untracked 
|  93|0x0000000089700000, 0x00000000897a3610, 0x0000000089800000| 63%| S|CS|TAMS 0x0000000089700000, 0x0000000089700000| Complete 
|  94|0x0000000089800000, 0x0000000089900000, 0x0000000089900000|100%| S|CS|TAMS 0x0000000089800000, 0x0000000089800000| Complete 
|  95|0x0000000089900000, 0x0000000089a00000, 0x0000000089a00000|100%| S|CS|TAMS 0x0000000089900000, 0x0000000089900000| Complete 
|  96|0x0000000089a00000, 0x0000000089b00000, 0x0000000089b00000|100%| S|CS|TAMS 0x0000000089a00000, 0x0000000089a00000| Complete 
|  97|0x0000000089b00000, 0x0000000089c00000, 0x0000000089c00000|100%| S|CS|TAMS 0x0000000089b00000, 0x0000000089b00000| Complete 
|  98|0x0000000089c00000, 0x0000000089d00000, 0x0000000089d00000|100%| S|CS|TAMS 0x0000000089c00000, 0x0000000089c00000| Complete 
|  99|0x0000000089d00000, 0x0000000089e00000, 0x0000000089e00000|100%| S|CS|TAMS 0x0000000089d00000, 0x0000000089d00000| Complete 
| 100|0x0000000089e00000, 0x0000000089f00000, 0x0000000089f00000|100%| S|CS|TAMS 0x0000000089e00000, 0x0000000089e00000| Complete 
| 101|0x0000000089f00000, 0x0000000089f00000, 0x000000008a000000|  0%| F|  |TAMS 0x0000000089f00000, 0x0000000089f00000| Untracked 
| 102|0x000000008a000000, 0x000000008a000000, 0x000000008a100000|  0%| F|  |TAMS 0x000000008a000000, 0x000000008a000000| Untracked 
| 103|0x000000008a100000, 0x000000008a100000, 0x000000008a200000|  0%| F|  |TAMS 0x000000008a100000, 0x000000008a100000| Untracked 
| 104|0x000000008a200000, 0x000000008a200000, 0x000000008a300000|  0%| F|  |TAMS 0x000000008a200000, 0x000000008a200000| Untracked 
| 105|0x000000008a300000, 0x000000008a300000, 0x000000008a400000|  0%| F|  |TAMS 0x000000008a300000, 0x000000008a300000| Untracked 
| 106|0x000000008a400000, 0x000000008a400000, 0x000000008a500000|  0%| F|  |TAMS 0x000000008a400000, 0x000000008a400000| Untracked 
| 107|0x000000008a500000, 0x000000008a500000, 0x000000008a600000|  0%| F|  |TAMS 0x000000008a500000, 0x000000008a500000| Untracked 
| 108|0x000000008a600000, 0x000000008a600000, 0x000000008a700000|  0%| F|  |TAMS 0x000000008a600000, 0x000000008a600000| Untracked 
| 109|0x000000008a700000, 0x000000008a700000, 0x000000008a800000|  0%| F|  |TAMS 0x000000008a700000, 0x000000008a700000| Untracked 
| 110|0x000000008a800000, 0x000000008a800000, 0x000000008a900000|  0%| F|  |TAMS 0x000000008a800000, 0x000000008a800000| Untracked 
| 111|0x000000008a900000, 0x000000008a900000, 0x000000008aa00000|  0%| F|  |TAMS 0x000000008a900000, 0x000000008a900000| Untracked 
| 112|0x000000008aa00000, 0x000000008aa00000, 0x000000008ab00000|  0%| F|  |TAMS 0x000000008aa00000, 0x000000008aa00000| Untracked 
| 113|0x000000008ab00000, 0x000000008ab00000, 0x000000008ac00000|  0%| F|  |TAMS 0x000000008ab00000, 0x000000008ab00000| Untracked 
| 114|0x000000008ac00000, 0x000000008ac00000, 0x000000008ad00000|  0%| F|  |TAMS 0x000000008ac00000, 0x000000008ac00000| Untracked 
| 115|0x000000008ad00000, 0x000000008ad00000, 0x000000008ae00000|  0%| F|  |TAMS 0x000000008ad00000, 0x000000008ad00000| Untracked 
| 116|0x000000008ae00000, 0x000000008ae00000, 0x000000008af00000|  0%| F|  |TAMS 0x000000008ae00000, 0x000000008ae00000| Untracked 
| 117|0x000000008af00000, 0x000000008afdd5a8, 0x000000008b000000| 86%| E|  |TAMS 0x000000008af00000, 0x000000008af00000| Complete 
| 118|0x000000008b000000, 0x000000008b100000, 0x000000008b100000|100%| E|CS|TAMS 0x000000008b000000, 0x000000008b000000| Complete 
| 119|0x000000008b100000, 0x000000008b200000, 0x000000008b200000|100%| E|CS|TAMS 0x000000008b100000, 0x000000008b100000| Complete 
| 120|0x000000008b200000, 0x000000008b300000, 0x000000008b300000|100%| E|CS|TAMS 0x000000008b200000, 0x000000008b200000| Complete 
| 121|0x000000008b300000, 0x000000008b400000, 0x000000008b400000|100%| E|CS|TAMS 0x000000008b300000, 0x000000008b300000| Complete 
| 122|0x000000008b400000, 0x000000008b500000, 0x000000008b500000|100%| E|CS|TAMS 0x000000008b400000, 0x000000008b400000| Complete 
| 123|0x000000008b500000, 0x000000008b600000, 0x000000008b600000|100%| E|CS|TAMS 0x000000008b500000, 0x000000008b500000| Complete 
| 124|0x000000008b600000, 0x000000008b700000, 0x000000008b700000|100%| E|CS|TAMS 0x000000008b600000, 0x000000008b600000| Complete 
| 125|0x000000008b700000, 0x000000008b800000, 0x000000008b800000|100%| E|CS|TAMS 0x000000008b700000, 0x000000008b700000| Complete 

Card table byte_map: [0x000001fe539a0000,0x000001fe53d90000] _byte_map_base: 0x000001fe53583000

Marking Bits (Prev, Next): (CMBitMap*) 0x000001fe3a5bbaf0, (CMBitMap*) 0x000001fe3a5bbab0
 Prev Bits: [0x000001fe560a0000, 0x000001fe57fb8000)
 Next Bits: [0x000001fe54180000, 0x000001fe56098000)

Polling page: 0x000001fe3a770000

Metaspace:

Usage:
  Non-class:     18.74 MB used.
      Class:      3.00 MB used.
       Both:     21.74 MB used.

Virtual space:
  Non-class space:       64.00 MB reserved,      18.88 MB ( 29%) committed,  1 nodes.
      Class space:        1.00 GB reserved,       3.19 MB ( <1%) committed,  1 nodes.
             Both:        1.06 GB reserved,      22.06 MB (  2%) committed. 

Chunk freelists:
   Non-Class:  13.17 MB
       Class:  12.80 MB
        Both:  25.97 MB

MaxMetaspaceSize: unlimited
CompressedClassSpaceSize: 1.00 GB
Initial GC threshold: 21.00 MB
Current GC threshold: 35.12 MB
CDS: on
MetaspaceReclaimPolicy: balanced
 - commit_granule_bytes: 65536.
 - commit_granule_words: 8192.
 - virtual_space_node_default_size: 8388608.
 - enlarge_chunks_in_place: 1.
 - new_chunks_are_fully_committed: 0.
 - uncommit_free_chunks: 1.
 - use_allocation_guard: 0.
 - handle_deallocations: 1.


Internal statistics:

num_allocs_failed_limit: 3.
num_arena_births: 224.
num_arena_deaths: 0.
num_vsnodes_births: 2.
num_vsnodes_deaths: 0.
num_space_committed: 353.
num_space_uncommitted: 0.
num_chunks_returned_to_freelist: 3.
num_chunks_taken_from_freelist: 964.
num_chunk_merges: 3.
num_chunk_splits: 674.
num_chunks_enlarged: 540.
num_inconsistent_stats: 0.

CodeHeap 'non-profiled nmethods': size=120000Kb used=1866Kb max_used=1866Kb free=118133Kb
 bounds [0x000001fe4b620000, 0x000001fe4b890000, 0x000001fe52b50000]
CodeHeap 'profiled nmethods': size=120000Kb used=8357Kb max_used=8357Kb free=111642Kb
 bounds [0x000001fe43b50000, 0x000001fe44380000, 0x000001fe4b080000]
CodeHeap 'non-nmethods': size=5760Kb used=1489Kb max_used=1520Kb free=4270Kb
 bounds [0x000001fe4b080000, 0x000001fe4b2f0000, 0x000001fe4b620000]
 total_blobs=4997 nmethods=4145 adapters=764
 compilation: enabled
              stopped_count=0, restarted_count=0
 full_count=0

Compilation events (20 events):
Event: 21.781 Thread 0x000001fe5a46a0f0 4137       3       javafx.scene.Node::doComputeIntersects (133 bytes)
Event: 21.781 Thread 0x000001fe5a464700 4138       4       com.sun.javafx.event.EventHandlerManager::dispatchCapturingEvent (41 bytes)
Event: 21.782 Thread 0x000001fe5a46a0f0 nmethod 4137 0x000001fe44374d10 code [0x000001fe44374f40, 0x000001fe44375608]
Event: 21.789 Thread 0x000001fe5a464700 nmethod 4138 0x000001fe4b7f1d90 code [0x000001fe4b7f1f60, 0x000001fe4b7f2380]
Event: 21.796 Thread 0x000001fe5a46a0f0 4139       3       com.sun.javafx.collections.VetoableListDecorator$VetoableIteratorDecorator::<init> (36 bytes)
Event: 21.797 Thread 0x000001fe5a46a0f0 nmethod 4139 0x000001fe44375810 code [0x000001fe443759c0, 0x000001fe44375cf8]
Event: 21.829 Thread 0x000001fe5a46a0f0 4140   !   3       javafx.scene.Node::containsBounds (115 bytes)
Event: 21.831 Thread 0x000001fe5a46a0f0 nmethod 4140 0x000001fe44375e90 code [0x000001fe44376160, 0x000001fe443774e8]
Event: 21.831 Thread 0x000001fe5a46a0f0 4141       3       com.sun.javafx.geom.RectBounds::contains (51 bytes)
Event: 21.831 Thread 0x000001fe5a46a0f0 nmethod 4141 0x000001fe44377b10 code [0x000001fe44377cc0, 0x000001fe443780f8]
Event: 21.838 Thread 0x000001fe5a46a0f0 4142       3       javafx.scene.Node::sceneToLocal (17 bytes)
Event: 21.838 Thread 0x000001fe5a46a0f0 nmethod 4142 0x000001fe44378190 code [0x000001fe44378340, 0x000001fe44378568]
Event: 21.852 Thread 0x000001fe5a46a0f0 4143       3       com.sun.glass.ui.Window::getScreen (8 bytes)
Event: 21.853 Thread 0x000001fe5a46a0f0 nmethod 4143 0x000001fe44378690 code [0x000001fe44378860, 0x000001fe44378bb8]
Event: 21.948 Thread 0x000001fe5a464700 4144       4       java.util.AbstractList$Itr::hasNext (20 bytes)
Event: 21.949 Thread 0x000001fe5a464700 nmethod 4144 0x000001fe4b7f2810 code [0x000001fe4b7f2980, 0x000001fe4b7f2a38]
Event: 21.973 Thread 0x000001fe5a46a0f0 4145       3       com.sun.javafx.scene.NodeHelper::pickNodeLocalImpl (12 bytes)
Event: 21.974 Thread 0x000001fe5a46a0f0 nmethod 4145 0x000001fe44378d10 code [0x000001fe44378ec0, 0x000001fe44379128]
Event: 21.974 Thread 0x000001fe5a46a0f0 4146       3       javafx.scene.Node$1::doPickNodeLocal (7 bytes)
Event: 21.974 Thread 0x000001fe5a46a0f0 nmethod 4146 0x000001fe44379290 code [0x000001fe44379440, 0x000001fe443795e8]

GC Heap History (6 events):
Event: 0.458 GC heap before
{Heap before GC invocations=0 (full 0):
 garbage-first heap   total 129024K, used 23552K [0x0000000083a00000, 0x0000000100000000)
  region size 1024K, 23 young (23552K), 0 survivors (0K)
 Metaspace       used 5941K, committed 6144K, reserved 1114112K
  class space    used 702K, committed 832K, reserved 1048576K
}
Event: 0.461 GC heap after
{Heap after GC invocations=1 (full 0):
 garbage-first heap   total 129024K, used 3147K [0x0000000083a00000, 0x0000000100000000)
  region size 1024K, 3 young (3072K), 3 survivors (3072K)
 Metaspace       used 5941K, committed 6144K, reserved 1114112K
  class space    used 702K, committed 832K, reserved 1048576K
}
Event: 5.212 GC heap before
{Heap before GC invocations=1 (full 0):
 garbage-first heap   total 129024K, used 44107K [0x0000000083a00000, 0x0000000100000000)
  region size 1024K, 36 young (36864K), 3 survivors (3072K)
 Metaspace       used 14677K, committed 14976K, reserved 1114112K
  class space    used 2141K, committed 2304K, reserved 1048576K
}
Event: 5.217 GC heap after
{Heap after GC invocations=2 (full 0):
 garbage-first heap   total 129024K, used 14506K [0x0000000083a00000, 0x0000000100000000)
  region size 1024K, 4 young (4096K), 4 survivors (4096K)
 Metaspace       used 14677K, committed 14976K, reserved 1114112K
  class space    used 2141K, committed 2304K, reserved 1048576K
}
Event: 20.084 GC heap before
{Heap before GC invocations=2 (full 0):
 garbage-first heap   total 129024K, used 62634K [0x0000000083a00000, 0x0000000100000000)
  region size 1024K, 29 young (29696K), 4 survivors (4096K)
 Metaspace       used 21217K, committed 21504K, reserved 1114112K
  class space    used 2899K, committed 3072K, reserved 1048576K
}
Event: 20.089 GC heap after
{Heap after GC invocations=3 (full 0):
 garbage-first heap   total 129024K, used 41807K [0x0000000083a00000, 0x0000000100000000)
  region size 1024K, 8 young (8192K), 8 survivors (8192K)
 Metaspace       used 21217K, committed 21504K, reserved 1114112K
  class space    used 2899K, committed 3072K, reserved 1048576K
}

Dll operation events (20 events):
Event: 0.240 Loaded shared library C:\Program Files\JavaFX\javafx-sdk-17.0.15\bin\api-ms-win-crt-multibyte-l1-1-0.dll
Event: 0.241 Loaded shared library C:\Program Files\JavaFX\javafx-sdk-17.0.15\bin\api-ms-win-crt-private-l1-1-0.dll
Event: 0.242 Loaded shared library C:\Program Files\JavaFX\javafx-sdk-17.0.15\bin\api-ms-win-crt-process-l1-1-0.dll
Event: 0.243 Loaded shared library C:\Program Files\JavaFX\javafx-sdk-17.0.15\bin\api-ms-win-crt-runtime-l1-1-0.dll
Event: 0.244 Loaded shared library C:\Program Files\JavaFX\javafx-sdk-17.0.15\bin\api-ms-win-crt-stdio-l1-1-0.dll
Event: 0.246 Loaded shared library C:\Program Files\JavaFX\javafx-sdk-17.0.15\bin\api-ms-win-crt-string-l1-1-0.dll
Event: 0.247 Loaded shared library C:\Program Files\JavaFX\javafx-sdk-17.0.15\bin\api-ms-win-crt-time-l1-1-0.dll
Event: 0.248 Loaded shared library C:\Program Files\JavaFX\javafx-sdk-17.0.15\bin\api-ms-win-crt-utility-l1-1-0.dll
Event: 0.250 Loaded shared library C:\Program Files\JavaFX\javafx-sdk-17.0.15\bin\ucrtbase.dll
Event: 0.251 Loaded shared library C:\Program Files\JavaFX\javafx-sdk-17.0.15\bin\vcruntime140.dll
Event: 0.252 Loaded shared library C:\Program Files\JavaFX\javafx-sdk-17.0.15\bin\vcruntime140_1.dll
Event: 0.252 Loaded shared library C:\Program Files\JavaFX\javafx-sdk-17.0.15\bin\msvcp140.dll
Event: 0.253 Loaded shared library C:\Program Files\JavaFX\javafx-sdk-17.0.15\bin\msvcp140_1.dll
Event: 0.254 Loaded shared library C:\Program Files\JavaFX\javafx-sdk-17.0.15\bin\msvcp140_2.dll
Event: 0.285 Loaded shared library C:\Program Files\JavaFX\javafx-sdk-17.0.15\bin\prism_d3d.dll
Event: 0.318 Loaded shared library C:\Program Files\JavaFX\javafx-sdk-17.0.15\bin\glass.dll
Event: 0.398 Loaded shared library C:\Users\jccas\.jdks\temurin-17.0.15\bin\jimage.dll
Event: 0.478 Loaded shared library C:\Program Files\JavaFX\javafx-sdk-17.0.15\bin\javafx_iio.dll
Event: 0.522 Loaded shared library C:\Program Files\JavaFX\javafx-sdk-17.0.15\bin\javafx_font.dll
Event: 12.896 Loaded shared library C:\Users\jccas\.jdks\temurin-17.0.15\bin\verify.dll

Deoptimization events (20 events):
Event: 20.126 Thread 0x000001fea0666000 DEOPT PACKING pc=0x000001fe4b7bf3e4 sp=0x000000fc80ef8da0
Event: 20.126 Thread 0x000001fea0666000 DEOPT UNPACKING pc=0x000001fe4b0da1a3 sp=0x000000fc80ef8d48 mode 2
Event: 20.126 Thread 0x000001fea0666000 Uncommon trap: trap_request=0xffffffd6 fr.pc=0x000001fe4b7bc6c0 relative=0x0000000000001040
Event: 20.126 Thread 0x000001fea0666000 Uncommon trap: reason=array_check action=maybe_recompile pc=0x000001fe4b7bc6c0 method=javafx.css.SimpleSelector.applies(Ljavafx/css/Styleable;[Ljava/util/Set;I)Z @ 37 c2
Event: 20.126 Thread 0x000001fea0666000 DEOPT PACKING pc=0x000001fe4b7bc6c0 sp=0x000000fc80ef8cd0
Event: 20.126 Thread 0x000001fea0666000 DEOPT UNPACKING pc=0x000001fe4b0da1a3 sp=0x000000fc80ef8c30 mode 2
Event: 20.145 Thread 0x000001fea0666000 Uncommon trap: trap_request=0xffffffc6 fr.pc=0x000001fe4b7796c4 relative=0x0000000000000104
Event: 20.145 Thread 0x000001fea0666000 Uncommon trap: reason=bimorphic_or_optimized_type_check action=maybe_recompile pc=0x000001fe4b7796c4 method=javafx.beans.property.BooleanPropertyBase.get()Z @ 23 c2
Event: 20.145 Thread 0x000001fea0666000 DEOPT PACKING pc=0x000001fe4b7796c4 sp=0x000000fc80ef8c00
Event: 20.145 Thread 0x000001fea0666000 DEOPT UNPACKING pc=0x000001fe4b0da1a3 sp=0x000000fc80ef8ba0 mode 2
Event: 20.145 Thread 0x000001fea0666000 Uncommon trap: trap_request=0xffffffc6 fr.pc=0x000001fe4b7796c4 relative=0x0000000000000104
Event: 20.145 Thread 0x000001fea0666000 Uncommon trap: reason=bimorphic_or_optimized_type_check action=maybe_recompile pc=0x000001fe4b7796c4 method=javafx.beans.property.BooleanPropertyBase.get()Z @ 23 c2
Event: 20.145 Thread 0x000001fea0666000 DEOPT PACKING pc=0x000001fe4b7796c4 sp=0x000000fc80ef8c00
Event: 20.145 Thread 0x000001fea0666000 DEOPT UNPACKING pc=0x000001fe4b0da1a3 sp=0x000000fc80ef8ba0 mode 2
Event: 20.146 Thread 0x000001fea0666000 Uncommon trap: trap_request=0xffffffc6 fr.pc=0x000001fe4b7796c4 relative=0x0000000000000104
Event: 20.146 Thread 0x000001fea0666000 Uncommon trap: reason=bimorphic_or_optimized_type_check action=maybe_recompile pc=0x000001fe4b7796c4 method=javafx.beans.property.BooleanPropertyBase.get()Z @ 23 c2
Event: 20.146 Thread 0x000001fea0666000 DEOPT PACKING pc=0x000001fe4b7796c4 sp=0x000000fc80ef8c30
Event: 20.146 Thread 0x000001fea0666000 DEOPT UNPACKING pc=0x000001fe4b0da1a3 sp=0x000000fc80ef8bc8 mode 2
Event: 20.201 Thread 0x000001fea0666000 DEOPT PACKING pc=0x000001fe44144f52 sp=0x000000fc80ef8760
Event: 20.201 Thread 0x000001fea0666000 DEOPT UNPACKING pc=0x000001fe4b0dace3 sp=0x000000fc80ef7be8 mode 0

Classes loaded (20 events):
Event: 20.070 Loading class sun/util/resources/LocaleData$CommonResourceBundleProvider
Event: 20.070 Loading class sun/util/resources/LocaleData$LocaleDataResourceBundleProvider
Event: 20.070 Loading class java/util/spi/ResourceBundleProvider
Event: 20.070 Loading class java/util/spi/ResourceBundleProvider done
Event: 20.070 Loading class sun/util/resources/LocaleData$LocaleDataResourceBundleProvider done
Event: 20.070 Loading class sun/util/resources/LocaleData$CommonResourceBundleProvider done
Event: 20.070 Loading class java/util/ArrayList$SubList$1
Event: 20.070 Loading class java/util/ArrayList$SubList$1 done
Event: 20.070 Loading class sun/util/resources/Bundles$2
Event: 20.070 Loading class sun/util/resources/Bundles$2 done
Event: 20.102 Loading class sun/reflect/generics/tree/BottomSignature
Event: 20.102 Loading class sun/reflect/generics/tree/BottomSignature done
Event: 20.102 Loading class sun/reflect/generics/tree/Wildcard
Event: 20.102 Loading class sun/reflect/generics/tree/Wildcard done
Event: 20.102 Loading class sun/reflect/generics/reflectiveObjects/WildcardTypeImpl
Event: 20.102 Loading class java/lang/reflect/WildcardType
Event: 20.102 Loading class java/lang/reflect/WildcardType done
Event: 20.102 Loading class sun/reflect/generics/reflectiveObjects/WildcardTypeImpl done
Event: 60.635 Loading class jdk/internal/misc/Signal$1
Event: 60.635 Loading class jdk/internal/misc/Signal$1 done

Classes unloaded (0 events):
No events

Classes redefined (0 events):
No events

Internal exceptions (20 events):
Event: 0.688 Thread 0x000001fea0666000 Implicit null exception at 0x000001fe4b64320f to 0x000001fe4b643289
Event: 0.833 Thread 0x000001fea0666000 Exception <a 'java/lang/NoSuchMethodError'{0x000000008a5dbff8}: 'java.lang.Object java.lang.invoke.DirectMethodHandle$Holder.invokeInterface(java.lang.Object, java.lang.Object, java.lang.Object)'> (0x000000008a5dbff8) 
thrown [s\src\hotspot\share\interpreter\linkResolver.cpp, line 759]
Event: 0.834 Thread 0x000001fea0666000 Exception <a 'java/lang/IncompatibleClassChangeError'{0x000000008a5df980}: Found class java.lang.Object, but interface was expected> (0x000000008a5df980) 
thrown [s\src\hotspot\share\interpreter\linkResolver.cpp, line 826]
Event: 0.864 Thread 0x000001fea0666000 Exception <a 'java/lang/ClassNotFoundException'{0x000000008a3d3558}: com/sun/javafx/scene/control/skin/resources/controls> (0x000000008a3d3558) 
thrown [s\src\hotspot\share\prims\jni.cpp, line 535]
Event: 0.865 Thread 0x000001fea0666000 Exception <a 'java/lang/ClassNotFoundException'{0x000000008a3e17b8}: com/sun/javafx/scene/control/skin/resources/controls_es> (0x000000008a3e17b8) 
thrown [s\src\hotspot\share\prims\jni.cpp, line 535]
Event: 0.865 Thread 0x000001fea0666000 Exception <a 'java/lang/ClassNotFoundException'{0x000000008a3ef418}: com/sun/javafx/scene/control/skin/resources/controls_es_MX> (0x000000008a3ef418) 
thrown [s\src\hotspot\share\prims\jni.cpp, line 535]
Event: 0.897 Thread 0x000001fea0666000 Exception <a 'java/lang/NoSuchMethodError'{0x000000008a1a91b8}: 'void java.lang.invoke.DirectMethodHandle$Holder.invokeSpecial(java.lang.Object, java.lang.Object, java.lang.Object, java.lang.Object, java.lang.Object, java.lang.Object)'> (0x000000008a1a91b8) 
thrown [s\src\hotspot\share\interpreter\linkResolver.cpp, line 759]
Event: 0.955 Thread 0x000001fea0666000 Exception <a 'java/lang/NoSuchMethodError'{0x0000000089a5a5d8}: 'java.lang.Object java.lang.invoke.DirectMethodHandle$Holder.newInvokeSpecial(java.lang.Object, java.lang.Object, int)'> (0x0000000089a5a5d8) 
thrown [s\src\hotspot\share\interpreter\linkResolver.cpp, line 759]
Event: 0.979 Thread 0x000001fea02dac00 Exception <a 'java/lang/NoSuchMethodError'{0x00000000899888e8}: 'int java.lang.invoke.DirectMethodHandle$Holder.invokeStaticInit(java.lang.Object, java.lang.Object)'> (0x00000000899888e8) 
thrown [s\src\hotspot\share\interpreter\linkResolver.cpp, line 759]
Event: 0.987 Thread 0x000001fea0666000 Exception <a 'java/lang/NoSuchMethodError'{0x00000000899f6568}: 'long java.lang.invoke.DirectMethodHandle$Holder.invokeStatic(java.lang.Object, java.lang.Object, java.lang.Object)'> (0x00000000899f6568) 
thrown [s\src\hotspot\share\interpreter\linkResolver.cpp, line 759]
Event: 0.988 Thread 0x000001fea0666000 Exception <a 'java/lang/NoSuchMethodError'{0x00000000899f9d10}: 'long java.lang.invoke.DirectMethodHandle$Holder.invokeStaticInit(java.lang.Object, java.lang.Object, java.lang.Object)'> (0x00000000899f9d10) 
thrown [s\src\hotspot\share\interpreter\linkResolver.cpp, line 759]
Event: 0.990 Thread 0x000001fea0666000 Exception <a 'java/lang/NoSuchMethodError'{0x000000008986dba8}: 'java.lang.Object java.lang.invoke.DirectMethodHandle$Holder.newInvokeSpecial(java.lang.Object, java.lang.Object, long)'> (0x000000008986dba8) 
thrown [s\src\hotspot\share\interpreter\linkResolver.cpp, line 759]
Event: 0.990 Thread 0x000001fea0666000 Exception <a 'java/lang/NoSuchMethodError'{0x0000000089871718}: 'java.lang.Object java.lang.invoke.Invokers$Holder.linkToTargetMethod(java.lang.Object, long, java.lang.Object)'> (0x0000000089871718) 
thrown [s\src\hotspot\share\interpreter\linkResolver.cpp, line 759]
Event: 1.000 Thread 0x000001fea02dac00 Exception <a 'java/lang/NoSuchMethodError'{0x00000000898e5ab0}: 'java.lang.Object java.lang.invoke.DirectMethodHandle$Holder.invokeStaticInit(java.lang.Object, int)'> (0x00000000898e5ab0) 
thrown [s\src\hotspot\share\interpreter\linkResolver.cpp, line 759]
Event: 12.721 Thread 0x000001fea0666000 Exception <a 'java/lang/NoSuchMethodError'{0x000000008b4fefc8}: 'java.lang.Object java.lang.invoke.DirectMethodHandle$Holder.invokeInterface(java.lang.Object, java.lang.Object)'> (0x000000008b4fefc8) 
thrown [s\src\hotspot\share\interpreter\linkResolver.cpp, line 759]
Event: 12.734 Thread 0x000001fea0666000 Exception <a 'java/lang/NoSuchMethodError'{0x000000008b378e60}: 'java.lang.Object java.lang.invoke.DirectMethodHandle$Holder.invokeVirtual(java.lang.Object, java.lang.Object, java.lang.Object)'> (0x000000008b378e60) 
thrown [s\src\hotspot\share\interpreter\linkResolver.cpp, line 759]
Event: 13.348 Thread 0x000001fea0666000 Implicit null exception at 0x000001fe4b726850 to 0x000001fe4b7268b4
Event: 14.342 Thread 0x000001fea0666000 Exception <a 'java/lang/NoSuchMethodError'{0x000000008a6c5620}: 'void java.lang.invoke.DirectMethodHandle$Holder.invokeSpecialIFC(java.lang.Object, java.lang.Object, java.lang.Object, java.lang.Object)'> (0x000000008a6c5620) 
thrown [s\src\hotspot\share\interpreter\linkResolver.cpp, line 759]
Event: 14.368 Thread 0x000001fea0666000 Exception <a 'java/lang/NoSuchMethodError'{0x000000008a3028f0}: 'int java.lang.invoke.DirectMethodHandle$Holder.invokeSpecial(java.lang.Object, java.lang.Object, int)'> (0x000000008a3028f0) 
thrown [s\src\hotspot\share\interpreter\linkResolver.cpp, line 759]
Event: 20.068 Thread 0x000001fea0666000 Exception <a 'java/lang/ClassNotFoundException'{0x0000000089f0bed0}: sun/util/logging/resources/spi/loggingProvider> (0x0000000089f0bed0) 
thrown [s\src\hotspot\share\classfile\systemDictionary.cpp, line 256]

VM Operations (20 events):
Event: 14.415 Executing VM operation: Cleanup done
Event: 15.415 Executing VM operation: Cleanup
Event: 15.415 Executing VM operation: Cleanup done
Event: 16.415 Executing VM operation: Cleanup
Event: 16.415 Executing VM operation: Cleanup done
Event: 17.415 Executing VM operation: Cleanup
Event: 17.415 Executing VM operation: Cleanup done
Event: 20.084 Executing VM operation: CollectForMetadataAllocation
Event: 20.089 Executing VM operation: CollectForMetadataAllocation done
Event: 20.093 Executing VM operation: G1PauseRemark
Event: 20.094 Executing VM operation: G1PauseRemark done
Event: 20.095 Executing VM operation: G1PauseCleanup
Event: 20.096 Executing VM operation: G1PauseCleanup done
Event: 21.096 Executing VM operation: Cleanup
Event: 21.096 Executing VM operation: Cleanup done
Event: 22.096 Executing VM operation: Cleanup
Event: 22.097 Executing VM operation: Cleanup done
Event: 60.119 Executing VM operation: HandshakeAllThreads
Event: 60.119 Executing VM operation: HandshakeAllThreads done
Event: 60.638 Executing VM operation: Exit

Memory protections (0 events):
No events

Nmethod flushes (0 events):
No events

Events (20 events):
Event: 12.826 Thread 0x000001fe5a46a0f0 Thread added: 0x000001fe5af1a9f0
Event: 13.590 Thread 0x000001fe5af1a9f0 Thread exited: 0x000001fe5af1a9f0
Event: 13.596 Thread 0x000001fe5af1a4a0 Thread exited: 0x000001fe5af1a4a0
Event: 14.381 Thread 0x000001fe5a46a0f0 Thread added: 0x000001fe5af1a4a0
Event: 15.102 Thread 0x000001fe5af1a4a0 Thread exited: 0x000001fe5af1a4a0
Event: 15.185 Thread 0x000001fe5a46a0f0 Thread added: 0x000001fe5af17f70
Event: 15.380 Thread 0x000001fe5af17f70 Thread exited: 0x000001fe5af17f70
Event: 15.709 Thread 0x000001fe5a46a0f0 Thread added: 0x000001fe5af1a4a0
Event: 15.730 Thread 0x000001fe5a46a0f0 Thread added: 0x000001fe5af1af40
Event: 16.437 Thread 0x000001fe5af1af40 Thread exited: 0x000001fe5af1af40
Event: 16.437 Thread 0x000001fe5af1a4a0 Thread exited: 0x000001fe5af1a4a0
Event: 20.171 Thread 0x000001fe5a46a0f0 Thread added: 0x000001fe5af1a4a0
Event: 20.316 Thread 0x000001fe5af1a4a0 Thread exited: 0x000001fe5af1a4a0
Event: 60.636 Thread 0x000001fe5a45b4f0 Thread added: 0x000001fea5158600
Event: 60.636 Thread 0x000001fea5158600 Thread added: 0x000001fea5159530
Event: 60.636 Thread 0x000001fea5158600 Thread added: 0x000001fea51571c0
Event: 60.637 Thread 0x000001fea51571c0 Thread exited: 0x000001fea51571c0
Event: 60.637 Thread 0x000001fea5159530 Thread exited: 0x000001fea5159530
Event: 60.638 Thread 0x000001fea5158600 Before exit entered
Event: 60.638 Thread 0x000001fe5a45b4f0 Thread exited: 0x000001fe5a45b4f0


Dynamic libraries:
0x00007ff64f1f0000 - 0x00007ff64f1fe000 	C:\Users\jccas\.jdks\temurin-17.0.15\bin\java.exe
0x00007ffde29a0000 - 0x00007ffde2c05000 	C:\WINDOWS\SYSTEM32\ntdll.dll
0x00007ffde1640000 - 0x00007ffde1709000 	C:\WINDOWS\System32\KERNEL32.DLL
0x00007ffddfbc0000 - 0x00007ffddffa8000 	C:\WINDOWS\System32\KERNELBASE.dll
0x00007ffde0060000 - 0x00007ffde01ab000 	C:\WINDOWS\System32\ucrtbase.dll
0x00007ffdc3280000 - 0x00007ffdc329e000 	C:\Users\jccas\.jdks\temurin-17.0.15\bin\VCRUNTIME140.dll
0x00007ffdc7450000 - 0x00007ffdc7467000 	C:\Users\jccas\.jdks\temurin-17.0.15\bin\jli.dll
0x00007ffde1300000 - 0x00007ffde14ca000 	C:\WINDOWS\System32\USER32.dll
0x00007ffdb95f0000 - 0x00007ffdb988a000 	C:\WINDOWS\WinSxS\amd64_microsoft.windows.common-controls_6595b64144ccf1df_6.0.26100.4202_none_3e0698d4e335f517\COMCTL32.dll
0x00007ffddfb90000 - 0x00007ffddfbb7000 	C:\WINDOWS\System32\win32u.dll
0x00007ffde1d00000 - 0x00007ffde1da9000 	C:\WINDOWS\System32\msvcrt.dll
0x00007ffde1fb0000 - 0x00007ffde1fdb000 	C:\WINDOWS\System32\GDI32.dll
0x00007ffde0600000 - 0x00007ffde0737000 	C:\WINDOWS\System32\gdi32full.dll
0x00007ffddffb0000 - 0x00007ffde0053000 	C:\WINDOWS\System32\msvcp_win.dll
0x00007ffde0ae0000 - 0x00007ffde0b10000 	C:\WINDOWS\System32\IMM32.DLL
0x00007ffdc73e0000 - 0x00007ffdc73ec000 	C:\Users\jccas\.jdks\temurin-17.0.15\bin\vcruntime140_1.dll
0x00007ffda4790000 - 0x00007ffda481d000 	C:\Users\jccas\.jdks\temurin-17.0.15\bin\msvcp140.dll
0x00007ffd523f0000 - 0x00007ffd5305b000 	C:\Users\jccas\.jdks\temurin-17.0.15\bin\server\jvm.dll
0x00007ffde14d0000 - 0x00007ffde1583000 	C:\WINDOWS\System32\ADVAPI32.dll
0x00007ffde1590000 - 0x00007ffde1636000 	C:\WINDOWS\System32\sechost.dll
0x00007ffde1fe0000 - 0x00007ffde20f5000 	C:\WINDOWS\System32\RPCRT4.dll
0x00007ffde27f0000 - 0x00007ffde2864000 	C:\WINDOWS\System32\WS2_32.dll
0x00007ffddf940000 - 0x00007ffddf99e000 	C:\WINDOWS\SYSTEM32\POWRPROF.dll
0x00007ffdd4980000 - 0x00007ffdd49b5000 	C:\WINDOWS\SYSTEM32\WINMM.dll
0x00007ffdcf770000 - 0x00007ffdcf77b000 	C:\WINDOWS\SYSTEM32\VERSION.dll
0x00007ffddf920000 - 0x00007ffddf934000 	C:\WINDOWS\SYSTEM32\UMPDC.dll
0x00007ffdde890000 - 0x00007ffdde8ab000 	C:\WINDOWS\SYSTEM32\kernel.appcore.dll
0x00007ffdc3930000 - 0x00007ffdc393a000 	C:\Users\jccas\.jdks\temurin-17.0.15\bin\jimage.dll
0x00007ffddd210000 - 0x00007ffddd451000 	C:\WINDOWS\SYSTEM32\DBGHELP.DLL
0x00007ffde0740000 - 0x00007ffde0ac5000 	C:\WINDOWS\System32\combase.dll
0x00007ffde2870000 - 0x00007ffde2951000 	C:\WINDOWS\System32\OLEAUT32.dll
0x00007ffdbb030000 - 0x00007ffdbb069000 	C:\WINDOWS\SYSTEM32\dbgcore.DLL
0x00007ffddfaf0000 - 0x00007ffddfb89000 	C:\WINDOWS\System32\bcryptPrimitives.dll
0x00007ffdc33f0000 - 0x00007ffdc33fe000 	C:\Users\jccas\.jdks\temurin-17.0.15\bin\instrument.dll
0x00007ffdb36f0000 - 0x00007ffdb3715000 	C:\Users\jccas\.jdks\temurin-17.0.15\bin\java.dll
0x00007ffd9d890000 - 0x00007ffd9d967000 	C:\Users\jccas\.jdks\temurin-17.0.15\bin\jsvml.dll
0x00007ffde0b40000 - 0x00007ffde1282000 	C:\WINDOWS\System32\SHELL32.dll
0x00007ffde0240000 - 0x00007ffde03b4000 	C:\WINDOWS\System32\wintypes.dll
0x00007ffddd720000 - 0x00007ffdddf78000 	C:\WINDOWS\SYSTEM32\windows.storage.dll
0x00007ffde1c00000 - 0x00007ffde1cf1000 	C:\WINDOWS\System32\SHCORE.dll
0x00007ffde1290000 - 0x00007ffde12fa000 	C:\WINDOWS\System32\shlwapi.dll
0x00007ffddfa00000 - 0x00007ffddfa2f000 	C:\WINDOWS\SYSTEM32\profapi.dll
0x00007ffdbe100000 - 0x00007ffdbe119000 	C:\Users\jccas\.jdks\temurin-17.0.15\bin\net.dll
0x00007ffdd47f0000 - 0x00007ffdd490e000 	C:\WINDOWS\SYSTEM32\WINHTTP.dll
0x00007ffddee20000 - 0x00007ffddee8a000 	C:\WINDOWS\system32\mswsock.dll
0x00007ffdbdec0000 - 0x00007ffdbded6000 	C:\Users\jccas\.jdks\temurin-17.0.15\bin\nio.dll
0x00007ffdba060000 - 0x00007ffdba078000 	C:\Users\jccas\.jdks\temurin-17.0.15\bin\zip.dll
0x00007ffdb8c40000 - 0x00007ffdb8c5a000 	C:\Program Files\JetBrains\IntelliJ IDEA 2024.2.0.2\bin\breakgen64.dll
0x00007ffdc3390000 - 0x00007ffdc3399000 	C:\Users\jccas\.jdks\temurin-17.0.15\bin\extnet.dll
0x000001fe3c070000 - 0x000001fe3c073000 	C:\Program Files\JavaFX\javafx-sdk-17.0.15\bin\api-ms-win-core-console-l1-1-0.dll
0x000001fe3c080000 - 0x000001fe3c083000 	C:\Program Files\JavaFX\javafx-sdk-17.0.15\bin\api-ms-win-core-console-l1-2-0.dll
0x000001fe3c090000 - 0x000001fe3c093000 	C:\Program Files\JavaFX\javafx-sdk-17.0.15\bin\api-ms-win-core-datetime-l1-1-0.dll
0x000001fea0800000 - 0x000001fea0803000 	C:\Program Files\JavaFX\javafx-sdk-17.0.15\bin\api-ms-win-core-debug-l1-1-0.dll
0x000001fea0810000 - 0x000001fea0813000 	C:\Program Files\JavaFX\javafx-sdk-17.0.15\bin\api-ms-win-core-errorhandling-l1-1-0.dll
0x000001fea0820000 - 0x000001fea0824000 	C:\Program Files\JavaFX\javafx-sdk-17.0.15\bin\api-ms-win-core-file-l1-1-0.dll
0x000001fea0830000 - 0x000001fea0833000 	C:\Program Files\JavaFX\javafx-sdk-17.0.15\bin\api-ms-win-core-file-l1-2-0.dll
0x000001fea0840000 - 0x000001fea0843000 	C:\Program Files\JavaFX\javafx-sdk-17.0.15\bin\api-ms-win-core-file-l2-1-0.dll
0x000001fea0850000 - 0x000001fea0853000 	C:\Program Files\JavaFX\javafx-sdk-17.0.15\bin\api-ms-win-core-handle-l1-1-0.dll
0x000001fea0860000 - 0x000001fea0863000 	C:\Program Files\JavaFX\javafx-sdk-17.0.15\bin\api-ms-win-core-heap-l1-1-0.dll
0x000001fea0870000 - 0x000001fea0873000 	C:\Program Files\JavaFX\javafx-sdk-17.0.15\bin\api-ms-win-core-interlocked-l1-1-0.dll
0x000001fea0880000 - 0x000001fea0883000 	C:\Program Files\JavaFX\javafx-sdk-17.0.15\bin\api-ms-win-core-libraryloader-l1-1-0.dll
0x000001fea0890000 - 0x000001fea0893000 	C:\Program Files\JavaFX\javafx-sdk-17.0.15\bin\api-ms-win-core-localization-l1-2-0.dll
0x000001fea08a0000 - 0x000001fea08a3000 	C:\Program Files\JavaFX\javafx-sdk-17.0.15\bin\api-ms-win-core-memory-l1-1-0.dll
0x000001fea08b0000 - 0x000001fea08b3000 	C:\Program Files\JavaFX\javafx-sdk-17.0.15\bin\api-ms-win-core-namedpipe-l1-1-0.dll
0x000001fea08c0000 - 0x000001fea08c3000 	C:\Program Files\JavaFX\javafx-sdk-17.0.15\bin\api-ms-win-core-processenvironment-l1-1-0.dll
0x000001fea08d0000 - 0x000001fea08d3000 	C:\Program Files\JavaFX\javafx-sdk-17.0.15\bin\api-ms-win-core-processthreads-l1-1-0.dll
0x000001fea08e0000 - 0x000001fea08e3000 	C:\Program Files\JavaFX\javafx-sdk-17.0.15\bin\api-ms-win-core-processthreads-l1-1-1.dll
0x000001fea08f0000 - 0x000001fea08f3000 	C:\Program Files\JavaFX\javafx-sdk-17.0.15\bin\api-ms-win-core-profile-l1-1-0.dll
0x000001fea0900000 - 0x000001fea0903000 	C:\Program Files\JavaFX\javafx-sdk-17.0.15\bin\api-ms-win-core-rtlsupport-l1-1-0.dll
0x000001fea0910000 - 0x000001fea0913000 	C:\Program Files\JavaFX\javafx-sdk-17.0.15\bin\api-ms-win-core-string-l1-1-0.dll
0x000001fea0920000 - 0x000001fea0923000 	C:\Program Files\JavaFX\javafx-sdk-17.0.15\bin\api-ms-win-core-synch-l1-1-0.dll
0x000001fea0930000 - 0x000001fea0933000 	C:\Program Files\JavaFX\javafx-sdk-17.0.15\bin\api-ms-win-core-synch-l1-2-0.dll
0x000001fea0940000 - 0x000001fea0943000 	C:\Program Files\JavaFX\javafx-sdk-17.0.15\bin\api-ms-win-core-sysinfo-l1-1-0.dll
0x000001fea0950000 - 0x000001fea0953000 	C:\Program Files\JavaFX\javafx-sdk-17.0.15\bin\api-ms-win-core-timezone-l1-1-0.dll
0x000001fea0960000 - 0x000001fea0963000 	C:\Program Files\JavaFX\javafx-sdk-17.0.15\bin\api-ms-win-core-util-l1-1-0.dll
0x000001fea0970000 - 0x000001fea0973000 	C:\Program Files\JavaFX\javafx-sdk-17.0.15\bin\api-ms-win-crt-conio-l1-1-0.dll
0x000001fea0980000 - 0x000001fea0984000 	C:\Program Files\JavaFX\javafx-sdk-17.0.15\bin\api-ms-win-crt-convert-l1-1-0.dll
0x000001fea0990000 - 0x000001fea0993000 	C:\Program Files\JavaFX\javafx-sdk-17.0.15\bin\api-ms-win-crt-environment-l1-1-0.dll
0x000001fea09a0000 - 0x000001fea09a3000 	C:\Program Files\JavaFX\javafx-sdk-17.0.15\bin\api-ms-win-crt-filesystem-l1-1-0.dll
0x000001fea09b0000 - 0x000001fea09b3000 	C:\Program Files\JavaFX\javafx-sdk-17.0.15\bin\api-ms-win-crt-heap-l1-1-0.dll
0x000001fea09c0000 - 0x000001fea09c3000 	C:\Program Files\JavaFX\javafx-sdk-17.0.15\bin\api-ms-win-crt-locale-l1-1-0.dll
0x000001fea09d0000 - 0x000001fea09d5000 	C:\Program Files\JavaFX\javafx-sdk-17.0.15\bin\api-ms-win-crt-math-l1-1-0.dll
0x000001fea09e0000 - 0x000001fea09e5000 	C:\Program Files\JavaFX\javafx-sdk-17.0.15\bin\api-ms-win-crt-multibyte-l1-1-0.dll
0x000001fea09f0000 - 0x000001fea0a00000 	C:\Program Files\JavaFX\javafx-sdk-17.0.15\bin\api-ms-win-crt-private-l1-1-0.dll
0x000001fea0a00000 - 0x000001fea0a03000 	C:\Program Files\JavaFX\javafx-sdk-17.0.15\bin\api-ms-win-crt-process-l1-1-0.dll
0x000001fea0a10000 - 0x000001fea0a14000 	C:\Program Files\JavaFX\javafx-sdk-17.0.15\bin\api-ms-win-crt-runtime-l1-1-0.dll
0x000001fea0a20000 - 0x000001fea0a24000 	C:\Program Files\JavaFX\javafx-sdk-17.0.15\bin\api-ms-win-crt-stdio-l1-1-0.dll
0x000001fea0a30000 - 0x000001fea0a34000 	C:\Program Files\JavaFX\javafx-sdk-17.0.15\bin\api-ms-win-crt-string-l1-1-0.dll
0x000001fea0a40000 - 0x000001fea0a43000 	C:\Program Files\JavaFX\javafx-sdk-17.0.15\bin\api-ms-win-crt-time-l1-1-0.dll
0x000001fea0a50000 - 0x000001fea0a53000 	C:\Program Files\JavaFX\javafx-sdk-17.0.15\bin\api-ms-win-crt-utility-l1-1-0.dll
0x00007ffd941f0000 - 0x00007ffd942ec000 	C:\Program Files\JavaFX\javafx-sdk-17.0.15\bin\ucrtbase.dll
0x00007ffdb36d0000 - 0x00007ffdb36eb000 	C:\Program Files\JavaFX\javafx-sdk-17.0.15\bin\vcruntime140.dll
0x00007ffdc2e30000 - 0x00007ffdc2e3c000 	C:\Program Files\JavaFX\javafx-sdk-17.0.15\bin\vcruntime140_1.dll
0x00007ffd96080000 - 0x00007ffd9610e000 	C:\Program Files\JavaFX\javafx-sdk-17.0.15\bin\msvcp140.dll
0x00007ffdbdf60000 - 0x00007ffdbdf69000 	C:\Program Files\JavaFX\javafx-sdk-17.0.15\bin\msvcp140_1.dll
0x00007ffdaaac0000 - 0x00007ffdaab01000 	C:\Program Files\JavaFX\javafx-sdk-17.0.15\bin\msvcp140_2.dll
0x00007ffdab290000 - 0x00007ffdab2ba000 	C:\Program Files\JavaFX\javafx-sdk-17.0.15\bin\prism_d3d.dll
0x00007ffda1c70000 - 0x00007ffda1e27000 	C:\WINDOWS\system32\d3d9.dll
0x00007ffddca30000 - 0x00007ffddca66000 	C:\WINDOWS\SYSTEM32\dwmapi.dll
0x00007ffddc9c0000 - 0x00007ffddca0d000 	C:\WINDOWS\SYSTEM32\dxcore.dll
0x00007ffddc6e0000 - 0x00007ffddc78f000 	C:\WINDOWS\system32\uxtheme.dll
0x00007ffd61920000 - 0x00007ffd61b58000 	C:\WINDOWS\System32\DriverStore\FileRepository\iigd_dch.inf_amd64_0fdf6ce291234272\igdumdim64.dll
0x00007ffde2100000 - 0x00007ffde229e000 	C:\WINDOWS\System32\ole32.dll
0x00007ffd29b30000 - 0x00007ffd2aea0000 	C:\WINDOWS\System32\DriverStore\FileRepository\iigd_dch.inf_amd64_0fdf6ce291234272\igd9dxva64.dll
0x00007ffde22e0000 - 0x00007ffde2766000 	C:\WINDOWS\System32\SETUPAPI.dll
0x00007ffddf660000 - 0x00007ffddf6b7000 	C:\WINDOWS\SYSTEM32\cfgmgr32.dll
0x00007ffd838e0000 - 0x00007ffd85601000 	C:\WINDOWS\System32\DriverStore\FileRepository\iigd_dch.inf_amd64_0fdf6ce291234272\media_bin_64.dll
0x00007ffdd3bb0000 - 0x00007ffdd3fe8000 	C:\WINDOWS\System32\DriverStore\FileRepository\iigd_dch.inf_amd64_0fdf6ce291234272\igdgmm64.dll
0x00007ffddc810000 - 0x00007ffddc871000 	C:\WINDOWS\SYSTEM32\directxdatabasehelper.dll
0x00007ffda8bd0000 - 0x00007ffda8c12000 	C:\Program Files\JavaFX\javafx-sdk-17.0.15\bin\glass.dll
0x00007ffde1710000 - 0x00007ffde1806000 	C:\WINDOWS\System32\COMDLG32.dll
0x00007ffde1e40000 - 0x00007ffde1fa0000 	C:\WINDOWS\System32\MSCTF.dll
0x00007ffd87fe0000 - 0x00007ffd88007000 	C:\WINDOWS\System32\DriverStore\FileRepository\iigd_dch.inf_amd64_0fdf6ce291234272\igdinfo64.dll
0x00007ffdcfd00000 - 0x00007ffdd3bad000 	C:\WINDOWS\System32\DriverStore\FileRepository\iigd_dch.inf_amd64_0fdf6ce291234272\igc64.dll
0x00007ffdaa470000 - 0x00007ffdaa49d000 	C:\Program Files\JavaFX\javafx-sdk-17.0.15\bin\javafx_iio.dll
0x00007ffda8d00000 - 0x00007ffda8d15000 	C:\Program Files\JavaFX\javafx-sdk-17.0.15\bin\javafx_font.dll
0x00007ffddaf50000 - 0x00007ffddb1bb000 	C:\WINDOWS\SYSTEM32\dwrite.dll
0x00007ffde1860000 - 0x00007ffde1908000 	C:\WINDOWS\System32\clbcatq.dll
0x00007ffddacd0000 - 0x00007ffddaf09000 	C:\WINDOWS\SYSTEM32\WindowsCodecs.dll
0x00007ffdaa4f0000 - 0x00007ffdaa54a000 	C:\WINDOWS\system32\dataexchange.dll
0x00007ffdcdbe0000 - 0x00007ffdcde1a000 	C:\WINDOWS\system32\twinapi.appcore.dll
0x00007ffd8f100000 - 0x00007ffd8f12c000 	C:\Program Files\Common Files\Microsoft Shared\Ink\rtscom.dll
0x00007ffdc75b0000 - 0x00007ffdc7700000 	C:\WINDOWS\SYSTEM32\textinputframework.dll
0x00007ffddc1f0000 - 0x00007ffddc315000 	C:\WINDOWS\SYSTEM32\CoreMessaging.dll
0x00007ffdd71b0000 - 0x00007ffdd7493000 	C:\WINDOWS\SYSTEM32\CoreUIComponents.dll
0x00007ffddf0f0000 - 0x00007ffddf0fc000 	C:\WINDOWS\SYSTEM32\CRYPTBASE.DLL
0x00007ffdde370000 - 0x00007ffdde497000 	C:\WINDOWS\SYSTEM32\DNSAPI.dll
0x00007ffdde2d0000 - 0x00007ffdde303000 	C:\WINDOWS\SYSTEM32\IPHLPAPI.DLL

dbghelp: loaded successfully - version: 4.0.5 - missing functions: none
symbol engine: initialized successfully - sym options: 0x614 - pdb path: .;C:\Users\jccas\.jdks\temurin-17.0.15\bin;C:\WINDOWS\SYSTEM32;C:\WINDOWS\WinSxS\amd64_microsoft.windows.common-controls_6595b64144ccf1df_6.0.26100.4202_none_3e0698d4e335f517;C:\Users\jccas\.jdks\temurin-17.0.15\bin\server;C:\Program Files\JetBrains\IntelliJ IDEA 2024.2.0.2\bin;C:\Program Files\JavaFX\javafx-sdk-17.0.15\bin;C:\WINDOWS\System32\DriverStore\FileRepository\iigd_dch.inf_amd64_0fdf6ce291234272;C:\Program Files\Common Files\Microsoft Shared\Ink

VM Arguments:
jvm_args: --module-path=C:\Program Files\JavaFX\javafx-sdk-17.0.15\lib --add-modules=javafx.controls,javafx.fxml,javafx.graphics,javafx.base -javaagent:C:\Program Files\JetBrains\IntelliJ IDEA 2024.2.0.2\lib\idea_rt.jar=63763:C:\Program Files\JetBrains\IntelliJ IDEA 2024.2.0.2\bin -Dfile.encoding=UTF-8 
java_command: professionalpractice.ProfessionalPractices
java_class_path (initial): C:\TrabajosProgramacion\PC\ProyectoModificado\Professional-Practices-software\out\production\Professional-Practices-software;C:\TrabajosProgramacion\PC\ProyectoModificado\Professional-Practices-software\dependencies\jbcrypt-0.4.jar;C:\TrabajosProgramacion\PC\ProyectoModificado\Professional-Practices-software\dependencies\mysql-connector-java-8.0.20.jar;C:\Program Files\JavaFX\javafx-sdk-17.0.15\lib\javafx-swt.jar;C:\Program Files\JavaFX\javafx-sdk-17.0.15\lib\javafx.web.jar;C:\Program Files\JavaFX\javafx-sdk-17.0.15\lib\javafx.base.jar;C:\Program Files\JavaFX\javafx-sdk-17.0.15\lib\javafx.fxml.jar;C:\Program Files\JavaFX\javafx-sdk-17.0.15\lib\javafx.media.jar;C:\Program Files\JavaFX\javafx-sdk-17.0.15\lib\javafx.swing.jar;C:\Program Files\JavaFX\javafx-sdk-17.0.15\lib\javafx.controls.jar;C:\Program Files\JavaFX\javafx-sdk-17.0.15\lib\javafx.graphics.jar
Launcher Type: SUN_STANDARD

[Global flags]
     intx CICompilerCount                          = 4                                         {product} {ergonomic}
     uint ConcGCThreads                            = 2                                         {product} {ergonomic}
     uint G1ConcRefinementThreads                  = 8                                         {product} {ergonomic}
   size_t G1HeapRegionSize                         = 1048576                                   {product} {ergonomic}
    uintx GCDrainStackTargetSize                   = 64                                        {product} {ergonomic}
   size_t InitialHeapSize                          = 132120576                                 {product} {ergonomic}
   size_t MarkStackSize                            = 4194304                                   {product} {ergonomic}
   size_t MaxHeapSize                              = 2086666240                                {product} {ergonomic}
   size_t MaxNewSize                               = 1251999744                                {product} {ergonomic}
   size_t MinHeapDeltaBytes                        = 1048576                                   {product} {ergonomic}
   size_t MinHeapSize                              = 8388608                                   {product} {ergonomic}
    uintx NonNMethodCodeHeapSize                   = 5839372                                {pd product} {ergonomic}
    uintx NonProfiledCodeHeapSize                  = 122909434                              {pd product} {ergonomic}
    uintx ProfiledCodeHeapSize                     = 122909434                              {pd product} {ergonomic}
    uintx ReservedCodeCacheSize                    = 251658240                              {pd product} {ergonomic}
     bool SegmentedCodeCache                       = true                                      {product} {ergonomic}
   size_t SoftMaxHeapSize                          = 2086666240                             {manageable} {ergonomic}
     bool UseCompressedClassPointers               = true                           {product lp64_product} {ergonomic}
     bool UseCompressedOops                        = true                           {product lp64_product} {ergonomic}
     bool UseG1GC                                  = true                                      {product} {ergonomic}
     bool UseLargePagesIndividualAllocation        = false                                  {pd product} {ergonomic}

Logging:
Log output configuration:
 #0: stdout all=off uptime,level,tags
 #1: stderr all=off uptime,level,tags

Environment Variables:
PATH=C:\Program Files\Eclipse Adoptium\jdk-21.0.7.6-hotspot\bin;C:\Program Files\MySQL\MySQL Server 8.0\bin;C:\Program Files (x86)\Common Files\Oracle\Java\java8path;C:\Program Files\Common Files\Oracle\Java\javapath;C:\Program Files (x86)\Common Files\Oracle\Java\javapath;C:\WINDOWS\system32;C:\WINDOWS;C:\WINDOWS\System32\Wbem;C:\WINDOWS\System32\WindowsPowerShell\v1.0\;C:\WINDOWS\System32\OpenSSH\;C:\Program Files (x86)\Common Files\i2 Shared\Geotrans\;C:\Program Files (x86)\Common Files\i2 Shared\i2 Online iLink 8\Components\;C:\Program Files\HP\HP One Agent;C:\Users\jccas\AppData\Local\Programs\Python\Python313;C:\WINDOWS\system32;C:\WINDOWS;C:\WINDOWS\System32\Wbem;C:\WINDOWS\System32\WindowsPowerShell\v1.0\;C:\WINDOWS\System32\OpenSSH\;C:\Program Files\dotnet\;C:\Program Files\Git\cmd;C:\Program Files\MySQL\MySQL Server 8.0\bin;C:\Users\jccas\AppData\Local\Programs\Python\Launcher\;C:\xampp\htdocs\UAI\vistas\index.ine_nacional.vista.php;C:\Users\jccas\AppData\Local\Microsoft\WindowsApps;C:\Users\jccas\AppData\Local\JetBrains\Toolbox\scripts;C:\Users\jccas\AppData\Local\Programs\Microsoft VS Code\bin;C:\Users\jccas\.dotnet\tools;
USERNAME=jccas
OS=Windows_NT
PROCESSOR_IDENTIFIER=Intel64 Family 6 Model 140 Stepping 1, GenuineIntel
TMP=C:\Users\jccas\AppData\Local\Temp
TEMP=C:\Users\jccas\AppData\Local\Temp



Periodic native trim disabled


---------------  S Y S T E M  ---------------

OS:
 Windows 11 , 64 bit Build 26100 (10.0.26100.4202)
OS uptime: 5 days 2:14 hours
Hyper-V role detected

CPU: total 8 (initial active 8) (4 cores per cpu, 2 threads per core) family 6 model 140 stepping 1 microcode 0x86, cx8, cmov, fxsr, ht, mmx, 3dnowpref, sse, sse2, sse3, ssse3, sse4.1, sse4.2, popcnt, lzcnt, tsc, tscinvbit, avx, avx2, aes, erms, clmul, bmi1, bmi2, adx, avx512f, avx512dq, avx512cd, avx512bw, avx512vl, sha, fma, vzeroupper, avx512_vpopcntdq, avx512_vpclmulqdq, avx512_vaes, avx512_vnni, clflush, clflushopt, clwb, avx512_vbmi2, avx512_vbmi, hv
Processor Information for all 8 processors :
  Max Mhz: 2419, Current Mhz: 2419, Mhz Limit: 2419

Memory: 4k page, system-wide physical 7957M (1395M free)
TotalPageFile size 16838M (AvailPageFile size 1108M)
current process WorkingSet (physical memory assigned to process): 277M, peak: 291M
current process commit charge ("private bytes"): 369M, peak: 389M

vm_info: OpenJDK 64-Bit Server VM (17.0.15+6) for windows-amd64 JRE (17.0.15+6), built on Apr 15 2025 21:25:47 by "admin" with MS VC++ 17.7 (VS2022)

END.
