#
# A fatal error has been detected by the Java Runtime Environment:
#
#  EXCEPTION_ACCESS_VIOLATION (0xc0000005) at pc=0x00007ffda8bf68a7, pid=20116, tid=15160
#
# JRE version: OpenJDK Runtime Environment Temurin-17.0.15+6 (17.0.15+6) (build 17.0.15+6)
# Java VM: OpenJDK 64-Bit Server VM Temurin-17.0.15+6 (17.0.15+6, mixed mode, sharing, tiered, compressed oops, compressed class ptrs, g1 gc, windows-amd64)
# Problematic frame:
# C  [glass.dll+0x268a7]
#
# No core dump will be written. Minidumps are not enabled by default on client versions of Windows
#
# If you would like to submit a bug report, please visit:
#   https://github.com/adoptium/adoptium-support/issues
#

---------------  S U M M A R Y ------------

Command Line: --module-path=C:\Program Files\JavaFX\javafx-sdk-17.0.15\lib --add-modules=javafx.controls,javafx.fxml,javafx.graphics,javafx.base -javaagent:C:\Program Files\JetBrains\IntelliJ IDEA 2024.2.0.2\lib\idea_rt.jar=63110:C:\Program Files\JetBrains\IntelliJ IDEA 2024.2.0.2\bin -Dfile.encoding=UTF-8 professionalpractice.ProfessionalPractices

Host: 11th Gen Intel(R) Core(TM) i5-1135G7 @ 2.40GHz, 8 cores, 7G,  Windows 11 , 64 bit Build 26100 (10.0.26100.4202)
Time: Thu Jun 19 14:37:25 2025 Hora estándar central (México) elapsed time: 231.695956 seconds (0d 0h 3m 51s)

---------------  T H R E A D  ---------------

Current thread (0x0000014f1e648910):  VMThread "VM Thread" [stack: 0x0000003c6e500000,0x0000003c6e600000] [id=15160]

Stack: [0x0000003c6e500000,0x0000003c6e600000],  sp=0x0000003c6e5fef70,  free space=1019k
Native frames: (J=compiled Java code, j=interpreted, Vv=VM code, C=native code)
C  [glass.dll+0x268a7]


siginfo: EXCEPTION_ACCESS_VIOLATION (0xc0000005), reading address 0x0000000000000000


Registers:
RAX=0x0000000000000000, RBX=0x0000014f1e65ba90, RCX=0x0000014f1e648910, RDX=0x0000003c6e5fef70
RSP=0x0000003c6e5fef70, RBP=0x000094e6f2f0e63c, RSI=0x0000014f64552b38, RDI=0x0000014f64552b10
R8 =0x0000000000010002, R9 =0x000094e6f2f0e63c, R10=0x0000014f7df80000, R11=0x0000003c6e5ff058
R12=0x00007ffda8bd0000, R13=0x000000007ffe0385, R14=0x0000003c6e5ff078, R15=0x0000014f64552b10
RIP=0x00007ffda8bf68a7, EFLAGS=0x0000000000010202

XMM[0]=0x0000000000000000 0x0000000000000000
XMM[1]=0x0000000000000000 0x0000003c6e5fdbd0
XMM[2]=0x0000000000000000 0x0000000000000000
XMM[3]=0x0000000000000000 0x0000000000000000
XMM[4]=0x0000000000000000 0x0000000000000000
XMM[5]=0x0000000000000000 0x0000000000000000
XMM[6]=0x0000000000000000 0x404e000000000000
XMM[7]=0x0000000000000000 0x0000000000000000
XMM[8]=0x0000000000000000 0x0000000000000000
XMM[9]=0x0000000000000000 0x0000000000000000
XMM[10]=0x0000000000000000 0x0000000000000000
XMM[11]=0x0000000000000000 0x0000000000000000
XMM[12]=0x0000000000000000 0x0000000000000000
XMM[13]=0x0000000000000000 0x0000000000000000
XMM[14]=0x0000000000000000 0x0000000000000000
XMM[15]=0x0000000000000000 0x0000000000000000
  MXCSR=0x00001fa3


Register to memory mapping:

RIP=0x00007ffda8bf68a7 glass.dll
RAX=0x0 is NULL
RBX=0x0000014f1e65ba90 is a global jni handle
RCX=0x0000014f1e648910 points into unknown readable memory: 0x00007ffd52de2bb8 | b8 2b de 52 fd 7f 00 00
RDX=0x0000003c6e5fef70 points into unknown readable memory: 0x0000000000000000 | 00 00 00 00 00 00 00 00
RSP=0x0000003c6e5fef70 points into unknown readable memory: 0x0000000000000000 | 00 00 00 00 00 00 00 00
RBP=0x000094e6f2f0e63c is an unknown value
RSI=0x0000014f64552b38 points into unknown readable memory: 0x000094e6f2f0e63c | 3c e6 f0 f2 e6 94 00 00
RDI=0x0000014f64552b10 points into unknown readable memory: 0x80009319287b15ec | ec 15 7b 28 19 93 00 80
R8 =0x0000000000010002 is an unknown value
R9 =0x000094e6f2f0e63c is an unknown value
R10=0x0000014f7df80000 points into unknown readable memory: 0x0000000000000000 | 00 00 00 00 00 00 00 00
R11=0x0000003c6e5ff058 points into unknown readable memory: 0x00007ffda8bf407d | 7d 40 bf a8 fd 7f 00 00
R12=0x00007ffda8bd0000 glass.dll
R13=0x000000007ffe0385 points into unknown readable memory: 00 00 00
R14=0x0000003c6e5ff078 points into unknown readable memory: 0x0000003c6e5ff060 | 60 f0 5f 6e 3c 00 00 00
R15=0x0000014f64552b10 points into unknown readable memory: 0x80009319287b15ec | ec 15 7b 28 19 93 00 80


Top of Stack: (sp=0x0000003c6e5fef70)
0x0000003c6e5fef70:   0000000000000000 0000014f00000000
0x0000003c6e5fef80:   0000014f6458ab80 00007ffda8bd0000
0x0000003c6e5fef90:   0000014f64552b18 00007ffde00abc75
0x0000003c6e5fefa0:   0000014f64552b10 0000014f00000000
0x0000003c6e5fefb0:   0000014f64552b30 000094e6f2f0e63c
0x0000003c6e5fefc0:   fffffffffffffffe 00007ffddfcc96ab
0x0000003c6e5fefd0:   0000000000000000 00007ffda8bd0000
0x0000003c6e5fefe0:   0000003c6e5ff068 00007ffde00ab897
0x0000003c6e5feff0:   0000003c6e5ff000 0000003c6e5ff078
0x0000003c6e5ff000:   0000003c6e5ff5a0 00007ffde01988c0
0x0000003c6e5ff010:   0000000000000001 00007ffde00ab84d
0x0000003c6e5ff020:   0000000000000000 0000000000000001
0x0000003c6e5ff030:   0000000000000000 0000003c6e5ff068
0x0000003c6e5ff040:   fffffffffffffffe 0000003c6e5ff500
0x0000003c6e5ff050:   0000000000000000 00007ffda8bf407d
0x0000003c6e5ff060:   00007ffda8c0a008 00007ffd00000002
0x0000003c6e5ff070:   0000000000000002 0000003c6e5ff060
0x0000003c6e5ff080:   0000000000000000 00007ffdde2e908d
0x0000003c6e5ff090:   0000000000000000 00007ffda8bf41a2
0x0000003c6e5ff0a0:   0000000000000001 000000007ffe0384
0x0000003c6e5ff0b0:   0000000000000001 0000000000000001
0x0000003c6e5ff0c0:   000000007ffe0384 00007ffddf0f277e
0x0000003c6e5ff0d0:   0000000000000001 000000000000008d
0x0000003c6e5ff0e0:   00007ffda8bf41f0 0000000000000001
0x0000003c6e5ff0f0:   0000000000000001 00007ffde2a12983
0x0000003c6e5ff100:   00007ffda8bd0000 0000000000000000
0x0000003c6e5ff110:   0000000000000001 000000007ffe0384
0x0000003c6e5ff120:   000000000000005e 0000000000000000
0x0000003c6e5ff130:   0000000000000000 0000000000000000
0x0000003c6e5ff140:   00007ffda8bd0000 fffffd3900000000
0x0000003c6e5ff150:   0000000000000079 0000000000000000
0x0000003c6e5ff160:   0000000000000000 0000014f7e3267b0 

Instructions: (pc=0x00007ffda8bf68a7)
0x00007ffda8bf67a7:   8b 4d 58 e8 8d cf ff ff 48 8b 4d 60 e8 84 cf ff
0x00007ffda8bf67b7:   ff 48 8b 95 80 00 00 00 48 8b 8d 18 01 00 00 e8
0x00007ffda8bf67c7:   76 c4 ff ff 33 d2 33 c9 e8 cc e1 ff ff 90 48 89
0x00007ffda8bf67d7:   54 24 10 55 48 83 ec 20 48 8b ea 48 b8 00 00 00
0x00007ffda8bf67e7:   00 00 00 00 00 48 83 c4 20 5d c3 cc 40 55 48 8b
0x00007ffda8bf67f7:   ea 48 8b 01 33 c9 81 38 05 00 00 c0 0f 94 c1 8b
0x00007ffda8bf6807:   c1 5d c3 cc 40 55 48 83 ec 20 48 8b ea 8a 4d 40
0x00007ffda8bf6817:   48 83 c4 20 5d e9 73 d3 ff ff cc 40 55 48 83 ec
0x00007ffda8bf6827:   20 48 8b ea 8a 4d 20 e8 61 d3 ff ff 90 48 83 c4
0x00007ffda8bf6837:   20 5d c3 cc 40 55 48 83 ec 20 48 8b ea 48 83 c4
0x00007ffda8bf6847:   20 5d e9 c2 d1 ff ff cc 40 55 48 83 ec 30 48 8b
0x00007ffda8bf6857:   ea 48 8b 01 8b 10 48 89 4c 24 28 89 54 24 20 4c
0x00007ffda8bf6867:   8d 0d 63 d6 ff ff 4c 8b 45 70 8b 55 68 48 8b 4d
0x00007ffda8bf6877:   60 e8 03 d1 ff ff 90 48 83 c4 30 5d c3 cc cc cc
0x00007ffda8bf6887:   cc cc cc cc cc cc cc cc cc 40 53 48 83 ec 20 48
0x00007ffda8bf6897:   8b 1d 6b 31 01 00 48 85 db 74 16 e8 89 8b ff ff
0x00007ffda8bf68a7:   4c 8b 00 48 8b d3 48 8b c8 41 ff 90 b0 00 00 00
0x00007ffda8bf68b7:   90 48 83 c4 20 5b c3 cc cc 40 53 48 83 ec 20 48
0x00007ffda8bf68c7:   8b 1d db 32 01 00 48 85 db 74 57 b8 ff ff ff ff
0x00007ffda8bf68d7:   f0 0f c1 43 10 83 f8 01 75 3d 48 85 db 74 38 48
0x00007ffda8bf68e7:   8b 0b 48 85 c9 74 0d ff 15 b4 09 00 00 48 c7 03
0x00007ffda8bf68f7:   00 00 00 00 48 8b 4b 08 48 85 c9 74 0d e8 33 ce
0x00007ffda8bf6907:   ff ff 48 c7 43 08 00 00 00 00 ba 18 00 00 00 48
0x00007ffda8bf6917:   8b cb e8 1e ce ff ff 48 c7 05 7f 32 01 00 00 00
0x00007ffda8bf6927:   00 00 48 83 c4 20 5b c3 cc 40 53 48 83 ec 20 48
0x00007ffda8bf6937:   8b 1d 4b 32 01 00 48 85 db 74 57 b8 ff ff ff ff
0x00007ffda8bf6947:   f0 0f c1 43 10 83 f8 01 75 3d 48 85 db 74 38 48
0x00007ffda8bf6957:   8b 0b 48 85 c9 74 0d ff 15 44 09 00 00 48 c7 03
0x00007ffda8bf6967:   00 00 00 00 48 8b 4b 08 48 85 c9 74 0d e8 c3 cd
0x00007ffda8bf6977:   ff ff 48 c7 43 08 00 00 00 00 ba 18 00 00 00 48
0x00007ffda8bf6987:   8b cb e8 ae cd ff ff 48 c7 05 ef 31 01 00 00 00
0x00007ffda8bf6997:   00 00 48 83 c4 20 5b c3 cc 40 53 48 83 ec 20 48 


Stack slot to memory mapping:
stack at sp + 0 slots: 0x0 is NULL
stack at sp + 1 slots: 0x0000014f00000000 points into unknown readable memory: 0x00010000cafedada | da da fe ca 00 00 01 00
stack at sp + 2 slots: 0x0000014f6458ab80 points into unknown readable memory: 0x0000014f6458a580 | 80 a5 58 64 4f 01 00 00
stack at sp + 3 slots: 0x00007ffda8bd0000 glass.dll
stack at sp + 4 slots: 0x0000014f64552b18 points into unknown readable memory: 0x000094e6f2f0e63c | 3c e6 f0 f2 e6 94 00 00
stack at sp + 5 slots: 0x00007ffde00abc75 ucrtbase.dll
stack at sp + 6 slots: 0x0000014f64552b10 points into unknown readable memory: 0x80009319287b15ec | ec 15 7b 28 19 93 00 80
stack at sp + 7 slots: 0x0000014f00000000 points into unknown readable memory: 0x00010000cafedada | da da fe ca 00 00 01 00

VM_Operation (0x0000003c6ddff0a0): Exit, mode: safepoint, requested by thread 0x0000014f1e8c9b00


---------------  P R O C E S S  ---------------

Threads class SMR info:
_java_thread_list=0x0000014f699a7ec0, length=21, elements={
0x0000014f7fb1b000, 0x0000014f1e64daf0, 0x0000014f1e64e2c0, 0x0000014f1e665e70,
0x0000014f1e668450, 0x0000014f1e668a20, 0x0000014f1e66d3e0, 0x0000014f1e672fb0,
0x0000014f1e67c4f0, 0x0000014f1e8c7790, 0x0000014f1e8c7ca0, 0x0000014f1e8c86c0,
0x0000014f1e8c7280, 0x0000014f1e8c81b0, 0x0000014f1e8ca010, 0x0000014f1e8c6d70,
0x0000014f1e8c8bd0, 0x0000014f1e8c90e0, 0x0000014f1e8ca520, 0x0000014f1e8c95f0,
0x0000014f1e8c9b00
}

Java Threads: ( => current thread )
  0x0000014f7fb1b000 JavaThread "main" [_thread_blocked, id=16968, stack(0x0000003c6df00000,0x0000003c6e000000)]
  0x0000014f1e64daf0 JavaThread "Reference Handler" daemon [_thread_blocked, id=13468, stack(0x0000003c6e600000,0x0000003c6e700000)]
  0x0000014f1e64e2c0 JavaThread "Finalizer" daemon [_thread_blocked, id=27384, stack(0x0000003c6e700000,0x0000003c6e800000)]
  0x0000014f1e665e70 JavaThread "Attach Listener" daemon [_thread_blocked, id=23160, stack(0x0000003c6e900000,0x0000003c6ea00000)]
  0x0000014f1e668450 JavaThread "Service Thread" daemon [_thread_blocked, id=15304, stack(0x0000003c6ea00000,0x0000003c6eb00000)]
  0x0000014f1e668a20 JavaThread "Monitor Deflation Thread" daemon [_thread_blocked, id=18780, stack(0x0000003c6eb00000,0x0000003c6ec00000)]
  0x0000014f1e66d3e0 JavaThread "C2 CompilerThread0" daemon [_thread_blocked, id=23760, stack(0x0000003c6ec00000,0x0000003c6ed00000)]
  0x0000014f1e672fb0 JavaThread "C1 CompilerThread0" daemon [_thread_blocked, id=21488, stack(0x0000003c6ed00000,0x0000003c6ee00000)]
  0x0000014f1e67c4f0 JavaThread "Sweeper thread" daemon [_thread_blocked, id=4584, stack(0x0000003c6ee00000,0x0000003c6ef00000)]
  0x0000014f1e8c7790 JavaThread "Common-Cleaner" daemon [_thread_blocked, id=10008, stack(0x0000003c6ef00000,0x0000003c6f000000)]
  0x0000014f1e8c7ca0 JavaThread "Monitor Ctrl-Break" daemon [_thread_in_native, id=2052, stack(0x0000003c6f200000,0x0000003c6f300000)]
  0x0000014f1e8c86c0 JavaThread "Notification Thread" daemon [_thread_blocked, id=20820, stack(0x0000003c6f300000,0x0000003c6f400000)]
  0x0000014f1e8c7280 JavaThread "QuantumRenderer-0" daemon [_thread_blocked, id=20180, stack(0x0000003c6f500000,0x0000003c6f600000)]
  0x0000014f1e8c81b0 JavaThread "InvokeLaterDispatcher" daemon [_thread_blocked, id=2560, stack(0x0000003c6f600000,0x0000003c6f700000)]
  0x0000014f1e8ca010 JavaThread "JavaFX Application Thread" [_thread_in_native, id=25308, stack(0x0000003c6f700000,0x0000003c6f800000)]
  0x0000014f1e8c6d70 JavaThread "JavaFX-Launcher" [_thread_blocked, id=22908, stack(0x0000003c6fb00000,0x0000003c6fc00000)]
  0x0000014f1e8c8bd0 JavaThread "Thread-2" daemon [_thread_in_native, id=10100, stack(0x0000003c6f100000,0x0000003c6f200000)]
  0x0000014f1e8c90e0 JavaThread "Prism Font Disposer" daemon [_thread_blocked, id=10424, stack(0x0000003c70400000,0x0000003c70500000)]
  0x0000014f1e8ca520 JavaThread "Cleaner-0" daemon [_thread_blocked, id=13148, stack(0x0000003c70500000,0x0000003c70600000)]
  0x0000014f1e8c95f0 JavaThread "mysql-cj-abandoned-connection-cleanup" daemon [_thread_blocked, id=8632, stack(0x0000003c70700000,0x0000003c70800000)]
  0x0000014f1e8c9b00 JavaThread "SIGINT handler" daemon [_thread_blocked, id=10988, stack(0x0000003c6dd00000,0x0000003c6de00000)]

Other Threads:
=>0x0000014f1e648910 VMThread "VM Thread" [stack: 0x0000003c6e500000,0x0000003c6e600000] [id=15160]
  0x0000014f7fb786f0 GCTaskThread "GC Thread#0" [stack: 0x0000003c6e000000,0x0000003c6e100000] [id=8660]
  0x0000014f69845820 GCTaskThread "GC Thread#1" [stack: 0x0000003c6fc00000,0x0000003c6fd00000] [id=5116]
  0x0000014f697e0ba0 GCTaskThread "GC Thread#2" [stack: 0x0000003c6fd00000,0x0000003c6fe00000] [id=22784]
  0x0000014f69759040 GCTaskThread "GC Thread#3" [stack: 0x0000003c6fe00000,0x0000003c6ff00000] [id=26972]
  0x0000014f697a62f0 GCTaskThread "GC Thread#4" [stack: 0x0000003c6ff00000,0x0000003c70000000] [id=8260]
  0x0000014f6985e890 GCTaskThread "GC Thread#5" [stack: 0x0000003c70000000,0x0000003c70100000] [id=26376]
  0x0000014f69d5f370 GCTaskThread "GC Thread#6" [stack: 0x0000003c6f000000,0x0000003c6f100000] [id=22720]
  0x0000014f6b0e5f60 GCTaskThread "GC Thread#7" [stack: 0x0000003c70600000,0x0000003c70700000] [id=4444]
  0x0000014f7fb89bd0 ConcurrentGCThread "G1 Main Marker" terminated
  0x0000014f7fb8a5f0 ConcurrentGCThread "G1 Conc#0" [stack: 0x0000003c6e200000,0x0000003c6e300000] [id=22016]
  0x0000014f6a0f6540 ConcurrentGCThread "G1 Conc#1" [stack: 0x0000003c70800000,0x0000003c70900000] [id=3256]
  0x0000014f7fbcd6c0 ConcurrentGCThread "G1 Refine#0" terminated
  0x0000014f7fbcebb0 ConcurrentGCThread "G1 Service" terminated

Threads with active compile tasks:

VM state: at safepoint (shutting down)

VM Mutex/Monitor currently owned by a thread:  ([mutex/lock_event])
[0x0000014f7fb16ce0] Threads_lock - owner thread: 0x0000014f1e648910
[0x0000014f7fb15930] Heap_lock - owner thread: 0x0000014f1e8c9b00

Heap address: 0x0000000083a00000, size: 1990 MB, Compressed Oops mode: 32-bit

CDS archive(s) mapped at: [0x0000014f1f000000-0x0000014f1fbb0000-0x0000014f1fbb0000), size 12255232, SharedBaseAddress: 0x0000014f1f000000, ArchiveRelocationMode: 1.
Compressed class space mapped at: 0x0000014f20000000-0x0000014f60000000, reserved size: 1073741824
Narrow klass base: 0x0000014f1f000000, Narrow klass shift: 0, Narrow klass range: 0x100000000

GC Precious Log:
 CPUs: 8 total, 8 available
 Memory: 7957M
 Large Page Support: Disabled
 NUMA Support: Disabled
 Compressed Oops: Enabled (32-bit)
 Heap Region Size: 1M
 Heap Min Capacity: 8M
 Heap Initial Capacity: 126M
 Heap Max Capacity: 1990M
 Pre-touch: Disabled
 Parallel Workers: 8
 Concurrent Workers: 2
 Concurrent Refinement Workers: 8
 Periodic GC: Disabled

Heap:
 garbage-first heap   total 129024K, used 47874K [0x0000000083a00000, 0x0000000100000000)
  region size 1024K, 14 young (14336K), 8 survivors (8192K)
 Metaspace       used 21660K, committed 21888K, reserved 1114112K
  class space    used 2998K, committed 3136K, reserved 1048576K

Heap Regions: E=young(eden), S=young(survivor), O=old, HS=humongous(starts), HC=humongous(continues), CS=collection set, F=free, OA=open archive, CA=closed archive, TAMS=top-at-mark-start (previous, next)
|   0|0x0000000083a00000, 0x0000000083b00000, 0x0000000083b00000|100%| O|  |TAMS 0x0000000083b00000, 0x0000000083a00000| Untracked 
|   1|0x0000000083b00000, 0x0000000083c00000, 0x0000000083c00000|100%|HS|  |TAMS 0x0000000083c00000, 0x0000000083b00000| Complete 
|   2|0x0000000083c00000, 0x0000000083d00000, 0x0000000083d00000|100%|HC|  |TAMS 0x0000000083d00000, 0x0000000083c00000| Complete 
|   3|0x0000000083d00000, 0x0000000083e00000, 0x0000000083e00000|100%|HC|  |TAMS 0x0000000083e00000, 0x0000000083d00000| Complete 
|   4|0x0000000083e00000, 0x0000000083f00000, 0x0000000083f00000|100%|HC|  |TAMS 0x0000000083f00000, 0x0000000083e00000| Complete 
|   5|0x0000000083f00000, 0x0000000084000000, 0x0000000084000000|100%|HC|  |TAMS 0x0000000084000000, 0x0000000083f00000| Complete 
|   6|0x0000000084000000, 0x0000000084100000, 0x0000000084100000|100%|HS|  |TAMS 0x0000000084100000, 0x0000000084000000| Complete 
|   7|0x0000000084100000, 0x0000000084200000, 0x0000000084200000|100%|HC|  |TAMS 0x0000000084200000, 0x0000000084100000| Complete 
|   8|0x0000000084200000, 0x0000000084300000, 0x0000000084300000|100%| O|  |TAMS 0x0000000084300000, 0x0000000084200000| Untracked 
|   9|0x0000000084300000, 0x0000000084400000, 0x0000000084400000|100%| O|  |TAMS 0x0000000084400000, 0x0000000084300000| Untracked 
|  10|0x0000000084400000, 0x0000000084500000, 0x0000000084500000|100%| O|  |TAMS 0x0000000084500000, 0x0000000084400000| Untracked 
|  11|0x0000000084500000, 0x0000000084547c00, 0x0000000084600000| 28%| O|  |TAMS 0x0000000084547c00, 0x0000000084500000| Untracked 
|  12|0x0000000084600000, 0x0000000084700000, 0x0000000084700000|100%|HS|  |TAMS 0x0000000084700000, 0x0000000084600000| Complete 
|  13|0x0000000084700000, 0x0000000084800000, 0x0000000084800000|100%|HC|  |TAMS 0x0000000084800000, 0x0000000084700000| Complete 
|  14|0x0000000084800000, 0x0000000084900000, 0x0000000084900000|100%|HC|  |TAMS 0x0000000084900000, 0x0000000084800000| Complete 
|  15|0x0000000084900000, 0x0000000084a00000, 0x0000000084a00000|100%|HC|  |TAMS 0x0000000084a00000, 0x0000000084900000| Complete 
|  16|0x0000000084a00000, 0x0000000084b00000, 0x0000000084b00000|100%|HC|  |TAMS 0x0000000084b00000, 0x0000000084a00000| Complete 
|  17|0x0000000084b00000, 0x0000000084c00000, 0x0000000084c00000|100%|HC|  |TAMS 0x0000000084c00000, 0x0000000084b00000| Complete 
|  18|0x0000000084c00000, 0x0000000084d00000, 0x0000000084d00000|100%|HC|  |TAMS 0x0000000084d00000, 0x0000000084c00000| Complete 
|  19|0x0000000084d00000, 0x0000000084e00000, 0x0000000084e00000|100%|HC|  |TAMS 0x0000000084e00000, 0x0000000084d00000| Complete 
|  20|0x0000000084e00000, 0x0000000084f00000, 0x0000000084f00000|100%|HC|  |TAMS 0x0000000084f00000, 0x0000000084e00000| Complete 
|  21|0x0000000084f00000, 0x0000000085000000, 0x0000000085000000|100%|HC|  |TAMS 0x0000000085000000, 0x0000000084f00000| Complete 
|  22|0x0000000085000000, 0x0000000085100000, 0x0000000085100000|100%|HC|  |TAMS 0x0000000085100000, 0x0000000085000000| Complete 
|  23|0x0000000085100000, 0x0000000085200000, 0x0000000085200000|100%|HC|  |TAMS 0x0000000085200000, 0x0000000085100000| Complete 
|  24|0x0000000085200000, 0x0000000085300000, 0x0000000085300000|100%|HC|  |TAMS 0x0000000085300000, 0x0000000085200000| Complete 
|  25|0x0000000085300000, 0x0000000085400000, 0x0000000085400000|100%|HS|  |TAMS 0x0000000085400000, 0x0000000085300000| Complete 
|  26|0x0000000085400000, 0x0000000085500000, 0x0000000085500000|100%|HC|  |TAMS 0x0000000085500000, 0x0000000085400000| Complete 
|  27|0x0000000085500000, 0x0000000085600000, 0x0000000085600000|100%|HS|  |TAMS 0x0000000085600000, 0x0000000085500000| Complete 
|  28|0x0000000085600000, 0x0000000085700000, 0x0000000085700000|100%|HC|  |TAMS 0x0000000085700000, 0x0000000085600000| Complete 
|  29|0x0000000085700000, 0x0000000085800000, 0x0000000085800000|100%|HS|  |TAMS 0x0000000085800000, 0x0000000085700000| Complete 
|  30|0x0000000085800000, 0x0000000085900000, 0x0000000085900000|100%|HC|  |TAMS 0x0000000085900000, 0x0000000085800000| Complete 
|  31|0x0000000085900000, 0x0000000085a00000, 0x0000000085a00000|100%|HS|  |TAMS 0x0000000085a00000, 0x0000000085900000| Complete 
|  32|0x0000000085a00000, 0x0000000085b00000, 0x0000000085b00000|100%|HC|  |TAMS 0x0000000085b00000, 0x0000000085a00000| Complete 
|  33|0x0000000085b00000, 0x0000000085c00000, 0x0000000085c00000|100%|HS|  |TAMS 0x0000000085c00000, 0x0000000085b00000| Complete 
|  34|0x0000000085c00000, 0x0000000085d00000, 0x0000000085d00000|100%|HC|  |TAMS 0x0000000085d00000, 0x0000000085c00000| Complete 
|  35|0x0000000085d00000, 0x0000000085d00000, 0x0000000085e00000|  0%| F|  |TAMS 0x0000000085d00000, 0x0000000085d00000| Untracked 
|  36|0x0000000085e00000, 0x0000000085e00000, 0x0000000085f00000|  0%| F|  |TAMS 0x0000000085e00000, 0x0000000085e00000| Untracked 
|  37|0x0000000085f00000, 0x0000000085f00000, 0x0000000086000000|  0%| F|  |TAMS 0x0000000085f00000, 0x0000000085f00000| Untracked 
|  38|0x0000000086000000, 0x0000000086000000, 0x0000000086100000|  0%| F|  |TAMS 0x0000000086000000, 0x0000000086000000| Untracked 
|  39|0x0000000086100000, 0x0000000086100000, 0x0000000086200000|  0%| F|  |TAMS 0x0000000086100000, 0x0000000086100000| Untracked 
|  40|0x0000000086200000, 0x0000000086200000, 0x0000000086300000|  0%| F|  |TAMS 0x0000000086200000, 0x0000000086200000| Untracked 
|  41|0x0000000086300000, 0x0000000086300000, 0x0000000086400000|  0%| F|  |TAMS 0x0000000086300000, 0x0000000086300000| Untracked 
|  42|0x0000000086400000, 0x0000000086400000, 0x0000000086500000|  0%| F|  |TAMS 0x0000000086400000, 0x0000000086400000| Untracked 
|  43|0x0000000086500000, 0x0000000086500000, 0x0000000086600000|  0%| F|  |TAMS 0x0000000086500000, 0x0000000086500000| Untracked 
|  44|0x0000000086600000, 0x0000000086600000, 0x0000000086700000|  0%| F|  |TAMS 0x0000000086600000, 0x0000000086600000| Untracked 
|  45|0x0000000086700000, 0x0000000086700000, 0x0000000086800000|  0%| F|  |TAMS 0x0000000086700000, 0x0000000086700000| Untracked 
|  46|0x0000000086800000, 0x0000000086800000, 0x0000000086900000|  0%| F|  |TAMS 0x0000000086800000, 0x0000000086800000| Untracked 
|  47|0x0000000086900000, 0x0000000086900000, 0x0000000086a00000|  0%| F|  |TAMS 0x0000000086900000, 0x0000000086900000| Untracked 
|  48|0x0000000086a00000, 0x0000000086a00000, 0x0000000086b00000|  0%| F|  |TAMS 0x0000000086a00000, 0x0000000086a00000| Untracked 
|  49|0x0000000086b00000, 0x0000000086b00000, 0x0000000086c00000|  0%| F|  |TAMS 0x0000000086b00000, 0x0000000086b00000| Untracked 
|  50|0x0000000086c00000, 0x0000000086c00000, 0x0000000086d00000|  0%| F|  |TAMS 0x0000000086c00000, 0x0000000086c00000| Untracked 
|  51|0x0000000086d00000, 0x0000000086d00000, 0x0000000086e00000|  0%| F|  |TAMS 0x0000000086d00000, 0x0000000086d00000| Untracked 
|  52|0x0000000086e00000, 0x0000000086e00000, 0x0000000086f00000|  0%| F|  |TAMS 0x0000000086e00000, 0x0000000086e00000| Untracked 
|  53|0x0000000086f00000, 0x0000000086f00000, 0x0000000087000000|  0%| F|  |TAMS 0x0000000086f00000, 0x0000000086f00000| Untracked 
|  54|0x0000000087000000, 0x0000000087000000, 0x0000000087100000|  0%| F|  |TAMS 0x0000000087000000, 0x0000000087000000| Untracked 
|  55|0x0000000087100000, 0x0000000087100000, 0x0000000087200000|  0%| F|  |TAMS 0x0000000087100000, 0x0000000087100000| Untracked 
|  56|0x0000000087200000, 0x0000000087200000, 0x0000000087300000|  0%| F|  |TAMS 0x0000000087200000, 0x0000000087200000| Untracked 
|  57|0x0000000087300000, 0x0000000087300000, 0x0000000087400000|  0%| F|  |TAMS 0x0000000087300000, 0x0000000087300000| Untracked 
|  58|0x0000000087400000, 0x0000000087400000, 0x0000000087500000|  0%| F|  |TAMS 0x0000000087400000, 0x0000000087400000| Untracked 
|  59|0x0000000087500000, 0x0000000087500000, 0x0000000087600000|  0%| F|  |TAMS 0x0000000087500000, 0x0000000087500000| Untracked 
|  60|0x0000000087600000, 0x0000000087600000, 0x0000000087700000|  0%| F|  |TAMS 0x0000000087600000, 0x0000000087600000| Untracked 
|  61|0x0000000087700000, 0x0000000087700000, 0x0000000087800000|  0%| F|  |TAMS 0x0000000087700000, 0x0000000087700000| Untracked 
|  62|0x0000000087800000, 0x0000000087800000, 0x0000000087900000|  0%| F|  |TAMS 0x0000000087800000, 0x0000000087800000| Untracked 
|  63|0x0000000087900000, 0x0000000087900000, 0x0000000087a00000|  0%| F|  |TAMS 0x0000000087900000, 0x0000000087900000| Untracked 
|  64|0x0000000087a00000, 0x0000000087a00000, 0x0000000087b00000|  0%| F|  |TAMS 0x0000000087a00000, 0x0000000087a00000| Untracked 
|  65|0x0000000087b00000, 0x0000000087b00000, 0x0000000087c00000|  0%| F|  |TAMS 0x0000000087b00000, 0x0000000087b00000| Untracked 
|  66|0x0000000087c00000, 0x0000000087c00000, 0x0000000087d00000|  0%| F|  |TAMS 0x0000000087c00000, 0x0000000087c00000| Untracked 
|  67|0x0000000087d00000, 0x0000000087d00000, 0x0000000087e00000|  0%| F|  |TAMS 0x0000000087d00000, 0x0000000087d00000| Untracked 
|  68|0x0000000087e00000, 0x0000000087e00000, 0x0000000087f00000|  0%| F|  |TAMS 0x0000000087e00000, 0x0000000087e00000| Untracked 
|  69|0x0000000087f00000, 0x0000000087f00000, 0x0000000088000000|  0%| F|  |TAMS 0x0000000087f00000, 0x0000000087f00000| Untracked 
|  70|0x0000000088000000, 0x0000000088000000, 0x0000000088100000|  0%| F|  |TAMS 0x0000000088000000, 0x0000000088000000| Untracked 
|  71|0x0000000088100000, 0x0000000088100000, 0x0000000088200000|  0%| F|  |TAMS 0x0000000088100000, 0x0000000088100000| Untracked 
|  72|0x0000000088200000, 0x0000000088200000, 0x0000000088300000|  0%| F|  |TAMS 0x0000000088200000, 0x0000000088200000| Untracked 
|  73|0x0000000088300000, 0x0000000088300000, 0x0000000088400000|  0%| F|  |TAMS 0x0000000088300000, 0x0000000088300000| Untracked 
|  74|0x0000000088400000, 0x0000000088400000, 0x0000000088500000|  0%| F|  |TAMS 0x0000000088400000, 0x0000000088400000| Untracked 
|  75|0x0000000088500000, 0x0000000088500000, 0x0000000088600000|  0%| F|  |TAMS 0x0000000088500000, 0x0000000088500000| Untracked 
|  76|0x0000000088600000, 0x0000000088600000, 0x0000000088700000|  0%| F|  |TAMS 0x0000000088600000, 0x0000000088600000| Untracked 
|  77|0x0000000088700000, 0x0000000088700000, 0x0000000088800000|  0%| F|  |TAMS 0x0000000088700000, 0x0000000088700000| Untracked 
|  78|0x0000000088800000, 0x0000000088800000, 0x0000000088900000|  0%| F|  |TAMS 0x0000000088800000, 0x0000000088800000| Untracked 
|  79|0x0000000088900000, 0x0000000088900000, 0x0000000088a00000|  0%| F|  |TAMS 0x0000000088900000, 0x0000000088900000| Untracked 
|  80|0x0000000088a00000, 0x0000000088a00000, 0x0000000088b00000|  0%| F|  |TAMS 0x0000000088a00000, 0x0000000088a00000| Untracked 
|  81|0x0000000088b00000, 0x0000000088b00000, 0x0000000088c00000|  0%| F|  |TAMS 0x0000000088b00000, 0x0000000088b00000| Untracked 
|  82|0x0000000088c00000, 0x0000000088c00000, 0x0000000088d00000|  0%| F|  |TAMS 0x0000000088c00000, 0x0000000088c00000| Untracked 
|  83|0x0000000088d00000, 0x0000000088d00000, 0x0000000088e00000|  0%| F|  |TAMS 0x0000000088d00000, 0x0000000088d00000| Untracked 
|  84|0x0000000088e00000, 0x0000000088e00000, 0x0000000088f00000|  0%| F|  |TAMS 0x0000000088e00000, 0x0000000088e00000| Untracked 
|  85|0x0000000088f00000, 0x0000000088f00000, 0x0000000089000000|  0%| F|  |TAMS 0x0000000088f00000, 0x0000000088f00000| Untracked 
|  86|0x0000000089000000, 0x0000000089078f78, 0x0000000089100000| 47%| S|CS|TAMS 0x0000000089000000, 0x0000000089000000| Complete 
|  87|0x0000000089100000, 0x0000000089100000, 0x0000000089200000|  0%| F|  |TAMS 0x0000000089100000, 0x0000000089100000| Untracked 
|  88|0x0000000089200000, 0x0000000089200000, 0x0000000089300000|  0%| F|  |TAMS 0x0000000089200000, 0x0000000089200000| Untracked 
|  89|0x0000000089300000, 0x0000000089300000, 0x0000000089400000|  0%| F|  |TAMS 0x0000000089300000, 0x0000000089300000| Untracked 
|  90|0x0000000089400000, 0x0000000089400000, 0x0000000089500000|  0%| F|  |TAMS 0x0000000089400000, 0x0000000089400000| Untracked 
|  91|0x0000000089500000, 0x0000000089600000, 0x0000000089600000|100%| S|CS|TAMS 0x0000000089500000, 0x0000000089500000| Complete 
|  92|0x0000000089600000, 0x0000000089700000, 0x0000000089700000|100%| S|CS|TAMS 0x0000000089600000, 0x0000000089600000| Complete 
|  93|0x0000000089700000, 0x0000000089800000, 0x0000000089800000|100%| S|CS|TAMS 0x0000000089700000, 0x0000000089700000| Complete 
|  94|0x0000000089800000, 0x0000000089900000, 0x0000000089900000|100%| S|CS|TAMS 0x0000000089800000, 0x0000000089800000| Complete 
|  95|0x0000000089900000, 0x0000000089a00000, 0x0000000089a00000|100%| S|CS|TAMS 0x0000000089900000, 0x0000000089900000| Complete 
|  96|0x0000000089a00000, 0x0000000089b00000, 0x0000000089b00000|100%| S|CS|TAMS 0x0000000089a00000, 0x0000000089a00000| Complete 
|  97|0x0000000089b00000, 0x0000000089c00000, 0x0000000089c00000|100%| S|CS|TAMS 0x0000000089b00000, 0x0000000089b00000| Complete 
|  98|0x0000000089c00000, 0x0000000089c00000, 0x0000000089d00000|  0%| F|  |TAMS 0x0000000089c00000, 0x0000000089c00000| Untracked 
|  99|0x0000000089d00000, 0x0000000089d00000, 0x0000000089e00000|  0%| F|  |TAMS 0x0000000089d00000, 0x0000000089d00000| Untracked 
| 100|0x0000000089e00000, 0x0000000089e00000, 0x0000000089f00000|  0%| F|  |TAMS 0x0000000089e00000, 0x0000000089e00000| Untracked 
| 101|0x0000000089f00000, 0x0000000089f00000, 0x000000008a000000|  0%| F|  |TAMS 0x0000000089f00000, 0x0000000089f00000| Untracked 
| 102|0x000000008a000000, 0x000000008a000000, 0x000000008a100000|  0%| F|  |TAMS 0x000000008a000000, 0x000000008a000000| Untracked 
| 103|0x000000008a100000, 0x000000008a100000, 0x000000008a200000|  0%| F|  |TAMS 0x000000008a100000, 0x000000008a100000| Untracked 
| 104|0x000000008a200000, 0x000000008a200000, 0x000000008a300000|  0%| F|  |TAMS 0x000000008a200000, 0x000000008a200000| Untracked 
| 105|0x000000008a300000, 0x000000008a300000, 0x000000008a400000|  0%| F|  |TAMS 0x000000008a300000, 0x000000008a300000| Untracked 
| 106|0x000000008a400000, 0x000000008a400000, 0x000000008a500000|  0%| F|  |TAMS 0x000000008a400000, 0x000000008a400000| Untracked 
| 107|0x000000008a500000, 0x000000008a500000, 0x000000008a600000|  0%| F|  |TAMS 0x000000008a500000, 0x000000008a500000| Untracked 
| 108|0x000000008a600000, 0x000000008a600000, 0x000000008a700000|  0%| F|  |TAMS 0x000000008a600000, 0x000000008a600000| Untracked 
| 109|0x000000008a700000, 0x000000008a700000, 0x000000008a800000|  0%| F|  |TAMS 0x000000008a700000, 0x000000008a700000| Untracked 
| 110|0x000000008a800000, 0x000000008a800000, 0x000000008a900000|  0%| F|  |TAMS 0x000000008a800000, 0x000000008a800000| Untracked 
| 111|0x000000008a900000, 0x000000008a900000, 0x000000008aa00000|  0%| F|  |TAMS 0x000000008a900000, 0x000000008a900000| Untracked 
| 112|0x000000008aa00000, 0x000000008aa00000, 0x000000008ab00000|  0%| F|  |TAMS 0x000000008aa00000, 0x000000008aa00000| Untracked 
| 113|0x000000008ab00000, 0x000000008ab00000, 0x000000008ac00000|  0%| F|  |TAMS 0x000000008ab00000, 0x000000008ab00000| Untracked 
| 114|0x000000008ac00000, 0x000000008ac00000, 0x000000008ad00000|  0%| F|  |TAMS 0x000000008ac00000, 0x000000008ac00000| Untracked 
| 115|0x000000008ad00000, 0x000000008ad00000, 0x000000008ae00000|  0%| F|  |TAMS 0x000000008ad00000, 0x000000008ad00000| Untracked 
| 116|0x000000008ae00000, 0x000000008ae00000, 0x000000008af00000|  0%| F|  |TAMS 0x000000008ae00000, 0x000000008ae00000| Untracked 
| 117|0x000000008af00000, 0x000000008af00000, 0x000000008b000000|  0%| F|  |TAMS 0x000000008af00000, 0x000000008af00000| Untracked 
| 118|0x000000008b000000, 0x000000008b000000, 0x000000008b100000|  0%| F|  |TAMS 0x000000008b000000, 0x000000008b000000| Untracked 
| 119|0x000000008b100000, 0x000000008b100000, 0x000000008b200000|  0%| F|  |TAMS 0x000000008b100000, 0x000000008b100000| Untracked 
| 120|0x000000008b200000, 0x000000008b290ef8, 0x000000008b300000| 56%| E|  |TAMS 0x000000008b200000, 0x000000008b200000| Complete 
| 121|0x000000008b300000, 0x000000008b400000, 0x000000008b400000|100%| E|CS|TAMS 0x000000008b300000, 0x000000008b300000| Complete 
| 122|0x000000008b400000, 0x000000008b500000, 0x000000008b500000|100%| E|CS|TAMS 0x000000008b400000, 0x000000008b400000| Complete 
| 123|0x000000008b500000, 0x000000008b600000, 0x000000008b600000|100%| E|CS|TAMS 0x000000008b500000, 0x000000008b500000| Complete 
| 124|0x000000008b600000, 0x000000008b700000, 0x000000008b700000|100%| E|CS|TAMS 0x000000008b600000, 0x000000008b600000| Complete 
| 125|0x000000008b700000, 0x000000008b800000, 0x000000008b800000|100%| E|CS|TAMS 0x000000008b700000, 0x000000008b700000| Complete 

Card table byte_map: [0x0000014f17600000,0x0000014f179f0000] _byte_map_base: 0x0000014f171e3000

Marking Bits (Prev, Next): (CMBitMap*) 0x0000014f7fb78d50, (CMBitMap*) 0x0000014f7fb78d10
 Prev Bits: [0x0000014f19d00000, 0x0000014f1bc18000)
 Next Bits: [0x0000014f17de0000, 0x0000014f19cf8000)

Polling page: 0x0000014f7e260000

Metaspace:

Usage:
  Non-class:     18.22 MB used.
      Class:      2.93 MB used.
       Both:     21.15 MB used.

Virtual space:
  Non-class space:       64.00 MB reserved,      18.31 MB ( 29%) committed,  1 nodes.
      Class space:        1.00 GB reserved,       3.06 MB ( <1%) committed,  1 nodes.
             Both:        1.06 GB reserved,      21.38 MB (  2%) committed. 

Chunk freelists:
   Non-Class:  13.45 MB
       Class:  12.97 MB
        Both:  26.42 MB

MaxMetaspaceSize: unlimited
CompressedClassSpaceSize: 1.00 GB
Initial GC threshold: 21.00 MB
Current GC threshold: 35.25 MB
CDS: on
MetaspaceReclaimPolicy: balanced
 - commit_granule_bytes: 65536.
 - commit_granule_words: 8192.
 - virtual_space_node_default_size: 8388608.
 - enlarge_chunks_in_place: 1.
 - new_chunks_are_fully_committed: 0.
 - uncommit_free_chunks: 1.
 - use_allocation_guard: 0.
 - handle_deallocations: 1.


Internal statistics:

num_allocs_failed_limit: 3.
num_arena_births: 238.
num_arena_deaths: 0.
num_vsnodes_births: 2.
num_vsnodes_deaths: 0.
num_space_committed: 342.
num_space_uncommitted: 0.
num_chunks_returned_to_freelist: 3.
num_chunks_taken_from_freelist: 974.
num_chunk_merges: 3.
num_chunk_splits: 680.
num_chunks_enlarged: 528.
num_inconsistent_stats: 0.

CodeHeap 'non-profiled nmethods': size=120000Kb used=1820Kb max_used=1820Kb free=118180Kb
 bounds [0x0000014f0f570000, 0x0000014f0f7e0000, 0x0000014f16aa0000]
CodeHeap 'profiled nmethods': size=120000Kb used=7961Kb max_used=7961Kb free=112038Kb
 bounds [0x0000014f07aa0000, 0x0000014f08270000, 0x0000014f0efd0000]
CodeHeap 'non-nmethods': size=5760Kb used=1484Kb max_used=1524Kb free=4275Kb
 bounds [0x0000014f0efd0000, 0x0000014f0f240000, 0x0000014f0f570000]
 total_blobs=4859 nmethods=4015 adapters=756
 compilation: enabled
              stopped_count=0, restarted_count=0
 full_count=0

Compilation events (20 events):
Event: 36.815 Thread 0x0000014f1e672fb0 4006       3       javafx.scene.input.PickResult::<init> (50 bytes)
Event: 36.815 Thread 0x0000014f1e672fb0 nmethod 4006 0x0000014f08265c90 code [0x0000014f08265e40, 0x0000014f08266138]
Event: 48.678 Thread 0x0000014f1e66d3e0 4007       4       com.sun.javafx.geom.transform.Translate2D::inverseTransform (48 bytes)
Event: 48.679 Thread 0x0000014f1e66d3e0 nmethod 4007 0x0000014f0f732490 code [0x0000014f0f732600, 0x0000014f0f7326d8]
Event: 48.717 Thread 0x0000014f1e66d3e0 4008       4       com.sun.javafx.collections.VetoableListDecorator$VetoableIteratorDecorator::hasNext (14 bytes)
Event: 48.718 Thread 0x0000014f1e66d3e0 nmethod 4008 0x0000014f0f732790 code [0x0000014f0f732920, 0x0000014f0f732a78]
Event: 48.720 Thread 0x0000014f1e66d3e0 4009       4       com.sun.javafx.geom.PickRay::setOrigin (12 bytes)
Event: 48.720 Thread 0x0000014f1e66d3e0 nmethod 4009 0x0000014f0f732c10 code [0x0000014f0f732d80, 0x0000014f0f732e38]
Event: 48.878 Thread 0x0000014f1e66d3e0 4010   !   4       javafx.scene.Node::intersectsBounds (1005 bytes)
Event: 48.887 Thread 0x0000014f1e66d3e0 nmethod 4010 0x0000014f0f732f10 code [0x0000014f0f733180, 0x0000014f0f733c00]
Event: 74.606 Thread 0x0000014f1e66d3e0 4011       4       com.sun.javafx.geom.transform.Translate2D::transform (48 bytes)
Event: 74.606 Thread 0x0000014f1e66d3e0 nmethod 4011 0x0000014f0f734c10 code [0x0000014f0f734d80, 0x0000014f0f734e58]
Event: 75.239 Thread 0x0000014f1e66d3e0 4012   !   4       javafx.scene.Node::pickNode (130 bytes)
Event: 75.250 Thread 0x0000014f1e66d3e0 nmethod 4012 0x0000014f0f734f10 code [0x0000014f0f735100, 0x0000014f0f7356c8]
Event: 75.356 Thread 0x0000014f1e672fb0 4013       3       com.sun.javafx.util.Logging::getInputLogger (18 bytes)
Event: 75.356 Thread 0x0000014f1e672fb0 nmethod 4013 0x0000014f08266210 code [0x0000014f082663c0, 0x0000014f08266588]
Event: 85.570 Thread 0x0000014f1e66d3e0 4014       4       com.sun.javafx.tk.quantum.QuantumToolkit::postPulse (133 bytes)
Event: 85.575 Thread 0x0000014f1e66d3e0 nmethod 4014 0x0000014f0f735e90 code [0x0000014f0f736060, 0x0000014f0f736328]
Event: 86.437 Thread 0x0000014f1e66d3e0 4015       4       com.sun.javafx.tk.quantum.QuantumToolkit$$Lambda$92/0x0000014f20032a70::run (8 bytes)
Event: 86.442 Thread 0x0000014f1e66d3e0 nmethod 4015 0x0000014f0f736710 code [0x0000014f0f7368e0, 0x0000014f0f736bf0]

GC Heap History (6 events):
Event: 0.516 GC heap before
{Heap before GC invocations=0 (full 0):
 garbage-first heap   total 129024K, used 23552K [0x0000000083a00000, 0x0000000100000000)
  region size 1024K, 23 young (23552K), 0 survivors (0K)
 Metaspace       used 6011K, committed 6272K, reserved 1114112K
  class space    used 705K, committed 832K, reserved 1048576K
}
Event: 0.518 GC heap after
{Heap after GC invocations=1 (full 0):
 garbage-first heap   total 129024K, used 3946K [0x0000000083a00000, 0x0000000100000000)
  region size 1024K, 3 young (3072K), 3 survivors (3072K)
 Metaspace       used 6011K, committed 6272K, reserved 1114112K
  class space    used 705K, committed 832K, reserved 1048576K
}
Event: 1.811 GC heap before
{Heap before GC invocations=1 (full 0):
 garbage-first heap   total 129024K, used 42858K [0x0000000083a00000, 0x0000000100000000)
  region size 1024K, 35 young (35840K), 3 survivors (3072K)
 Metaspace       used 14287K, committed 14464K, reserved 1114112K
  class space    used 2136K, committed 2240K, reserved 1048576K
}
Event: 1.819 GC heap after
{Heap after GC invocations=2 (full 0):
 garbage-first heap   total 129024K, used 15455K [0x0000000083a00000, 0x0000000100000000)
  region size 1024K, 4 young (4096K), 4 survivors (4096K)
 Metaspace       used 14287K, committed 14464K, reserved 1114112K
  class space    used 2136K, committed 2240K, reserved 1048576K
}
Event: 13.291 GC heap before
{Heap before GC invocations=2 (full 0):
 garbage-first heap   total 129024K, used 66655K [0x0000000083a00000, 0x0000000100000000)
  region size 1024K, 32 young (32768K), 4 survivors (4096K)
 Metaspace       used 21279K, committed 21504K, reserved 1114112K
  class space    used 2925K, committed 3072K, reserved 1048576K
}
Event: 13.296 GC heap after
{Heap after GC invocations=3 (full 0):
 garbage-first heap   total 129024K, used 42754K [0x0000000083a00000, 0x0000000100000000)
  region size 1024K, 8 young (8192K), 8 survivors (8192K)
 Metaspace       used 21279K, committed 21504K, reserved 1114112K
  class space    used 2925K, committed 3072K, reserved 1048576K
}

Dll operation events (20 events):
Event: 0.255 Loaded shared library C:\Program Files\JavaFX\javafx-sdk-17.0.15\bin\api-ms-win-crt-multibyte-l1-1-0.dll
Event: 0.256 Loaded shared library C:\Program Files\JavaFX\javafx-sdk-17.0.15\bin\api-ms-win-crt-private-l1-1-0.dll
Event: 0.257 Loaded shared library C:\Program Files\JavaFX\javafx-sdk-17.0.15\bin\api-ms-win-crt-process-l1-1-0.dll
Event: 0.258 Loaded shared library C:\Program Files\JavaFX\javafx-sdk-17.0.15\bin\api-ms-win-crt-runtime-l1-1-0.dll
Event: 0.259 Loaded shared library C:\Program Files\JavaFX\javafx-sdk-17.0.15\bin\api-ms-win-crt-stdio-l1-1-0.dll
Event: 0.260 Loaded shared library C:\Program Files\JavaFX\javafx-sdk-17.0.15\bin\api-ms-win-crt-string-l1-1-0.dll
Event: 0.261 Loaded shared library C:\Program Files\JavaFX\javafx-sdk-17.0.15\bin\api-ms-win-crt-time-l1-1-0.dll
Event: 0.262 Loaded shared library C:\Program Files\JavaFX\javafx-sdk-17.0.15\bin\api-ms-win-crt-utility-l1-1-0.dll
Event: 0.264 Loaded shared library C:\Program Files\JavaFX\javafx-sdk-17.0.15\bin\ucrtbase.dll
Event: 0.265 Loaded shared library C:\Program Files\JavaFX\javafx-sdk-17.0.15\bin\vcruntime140.dll
Event: 0.267 Loaded shared library C:\Program Files\JavaFX\javafx-sdk-17.0.15\bin\vcruntime140_1.dll
Event: 0.268 Loaded shared library C:\Program Files\JavaFX\javafx-sdk-17.0.15\bin\msvcp140.dll
Event: 0.270 Loaded shared library C:\Program Files\JavaFX\javafx-sdk-17.0.15\bin\msvcp140_1.dll
Event: 0.271 Loaded shared library C:\Program Files\JavaFX\javafx-sdk-17.0.15\bin\msvcp140_2.dll
Event: 0.311 Loaded shared library C:\Program Files\JavaFX\javafx-sdk-17.0.15\bin\prism_d3d.dll
Event: 0.351 Loaded shared library C:\Program Files\JavaFX\javafx-sdk-17.0.15\bin\glass.dll
Event: 0.439 Loaded shared library C:\Users\jccas\.jdks\temurin-17.0.15\bin\jimage.dll
Event: 0.537 Loaded shared library C:\Program Files\JavaFX\javafx-sdk-17.0.15\bin\javafx_iio.dll
Event: 0.596 Loaded shared library C:\Program Files\JavaFX\javafx-sdk-17.0.15\bin\javafx_font.dll
Event: 9.135 Loaded shared library C:\Users\jccas\.jdks\temurin-17.0.15\bin\verify.dll

Deoptimization events (20 events):
Event: 12.211 Thread 0x0000014f1e8ca010 Uncommon trap: trap_request=0xffffff45 fr.pc=0x0000014f0f70f3f4 relative=0x00000000000000d4
Event: 12.211 Thread 0x0000014f1e8ca010 Uncommon trap: reason=unstable_if action=reinterpret pc=0x0000014f0f70f3f4 method=java.lang.StrictMath.floorOrCeil(DDDD)D @ 24 c2
Event: 12.211 Thread 0x0000014f1e8ca010 DEOPT PACKING pc=0x0000014f0f70f3f4 sp=0x0000003c6f7fa6b0
Event: 12.211 Thread 0x0000014f1e8ca010 DEOPT UNPACKING pc=0x0000014f0f02a1a3 sp=0x0000003c6f7fa5d8 mode 2
Event: 13.270 Thread 0x0000014f1e8ca010 Uncommon trap: trap_request=0xffffffd6 fr.pc=0x0000014f0f706c40 relative=0x0000000000001040
Event: 13.270 Thread 0x0000014f1e8ca010 Uncommon trap: reason=array_check action=maybe_recompile pc=0x0000014f0f706c40 method=javafx.css.SimpleSelector.applies(Ljavafx/css/Styleable;[Ljava/util/Set;I)Z @ 37 c2
Event: 13.270 Thread 0x0000014f1e8ca010 DEOPT PACKING pc=0x0000014f0f706c40 sp=0x0000003c6f7f8b70
Event: 13.270 Thread 0x0000014f1e8ca010 DEOPT UNPACKING pc=0x0000014f0f02a1a3 sp=0x0000003c6f7f8ad0 mode 2
Event: 13.304 Thread 0x0000014f1e8ca010 Uncommon trap: trap_request=0xffffffc6 fr.pc=0x0000014f0f65d544 relative=0x0000000000000104
Event: 13.304 Thread 0x0000014f1e8ca010 Uncommon trap: reason=bimorphic_or_optimized_type_check action=maybe_recompile pc=0x0000014f0f65d544 method=javafx.beans.property.BooleanPropertyBase.get()Z @ 23 c2
Event: 13.304 Thread 0x0000014f1e8ca010 DEOPT PACKING pc=0x0000014f0f65d544 sp=0x0000003c6f7f8b90
Event: 13.304 Thread 0x0000014f1e8ca010 DEOPT UNPACKING pc=0x0000014f0f02a1a3 sp=0x0000003c6f7f8b30 mode 2
Event: 13.304 Thread 0x0000014f1e8ca010 Uncommon trap: trap_request=0xffffffc6 fr.pc=0x0000014f0f65d544 relative=0x0000000000000104
Event: 13.304 Thread 0x0000014f1e8ca010 Uncommon trap: reason=bimorphic_or_optimized_type_check action=maybe_recompile pc=0x0000014f0f65d544 method=javafx.beans.property.BooleanPropertyBase.get()Z @ 23 c2
Event: 13.304 Thread 0x0000014f1e8ca010 DEOPT PACKING pc=0x0000014f0f65d544 sp=0x0000003c6f7f8b90
Event: 13.304 Thread 0x0000014f1e8ca010 DEOPT UNPACKING pc=0x0000014f0f02a1a3 sp=0x0000003c6f7f8b30 mode 2
Event: 13.304 Thread 0x0000014f1e8ca010 Uncommon trap: trap_request=0xffffffc6 fr.pc=0x0000014f0f65d544 relative=0x0000000000000104
Event: 13.304 Thread 0x0000014f1e8ca010 Uncommon trap: reason=bimorphic_or_optimized_type_check action=maybe_recompile pc=0x0000014f0f65d544 method=javafx.beans.property.BooleanPropertyBase.get()Z @ 23 c2
Event: 13.304 Thread 0x0000014f1e8ca010 DEOPT PACKING pc=0x0000014f0f65d544 sp=0x0000003c6f7f8bc0
Event: 13.304 Thread 0x0000014f1e8ca010 DEOPT UNPACKING pc=0x0000014f0f02a1a3 sp=0x0000003c6f7f8b58 mode 2

Classes loaded (20 events):
Event: 9.517 Loading class jdk/internal/reflect/BootstrapConstructorAccessorImpl
Event: 9.517 Loading class jdk/internal/reflect/BootstrapConstructorAccessorImpl done
Event: 10.601 Loading class java/util/BitSet$1BitSetSpliterator
Event: 10.601 Loading class java/util/BitSet$1BitSetSpliterator done
Event: 10.602 Loading class java/util/stream/IntPipeline$1
Event: 10.602 Loading class java/util/stream/IntPipeline$1 done
Event: 10.602 Loading class java/util/stream/IntPipeline$1$1
Event: 10.602 Loading class java/util/stream/IntPipeline$1$1 done
Event: 13.256 Loading class sun/reflect/generics/tree/BottomSignature
Event: 13.256 Loading class sun/reflect/generics/tree/BottomSignature done
Event: 13.256 Loading class sun/reflect/generics/tree/Wildcard
Event: 13.256 Loading class sun/reflect/generics/tree/Wildcard done
Event: 13.256 Loading class sun/reflect/generics/reflectiveObjects/WildcardTypeImpl
Event: 13.256 Loading class java/lang/reflect/WildcardType
Event: 13.256 Loading class java/lang/reflect/WildcardType done
Event: 13.256 Loading class sun/reflect/generics/reflectiveObjects/WildcardTypeImpl done
Event: 13.288 Loading class sun/invoke/util/VerifyAccess$1
Event: 13.288 Loading class sun/invoke/util/VerifyAccess$1 done
Event: 231.150 Loading class jdk/internal/misc/Signal$1
Event: 231.150 Loading class jdk/internal/misc/Signal$1 done

Classes unloaded (0 events):
No events

Classes redefined (0 events):
No events

Internal exceptions (20 events):
Event: 0.768 Thread 0x0000014f1e8ca010 Implicit null exception at 0x0000014f0f5d258a to 0x0000014f0f5d2998
Event: 0.769 Thread 0x0000014f1e8ca010 Implicit null exception at 0x0000014f0f59370f to 0x0000014f0f593789
Event: 0.915 Thread 0x0000014f1e8ca010 Exception <a 'java/lang/NoSuchMethodError'{0x000000008a55ba80}: 'java.lang.Object java.lang.invoke.DirectMethodHandle$Holder.invokeInterface(java.lang.Object, java.lang.Object, java.lang.Object)'> (0x000000008a55ba80) 
thrown [s\src\hotspot\share\interpreter\linkResolver.cpp, line 759]
Event: 0.915 Thread 0x0000014f1e8ca010 Exception <a 'java/lang/IncompatibleClassChangeError'{0x000000008a55f408}: Found class java.lang.Object, but interface was expected> (0x000000008a55f408) 
thrown [s\src\hotspot\share\interpreter\linkResolver.cpp, line 826]
Event: 0.952 Thread 0x0000014f1e8ca010 Exception <a 'java/lang/ClassNotFoundException'{0x000000008a3521c8}: com/sun/javafx/scene/control/skin/resources/controls> (0x000000008a3521c8) 
thrown [s\src\hotspot\share\prims\jni.cpp, line 535]
Event: 0.953 Thread 0x0000014f1e8ca010 Exception <a 'java/lang/ClassNotFoundException'{0x000000008a360168}: com/sun/javafx/scene/control/skin/resources/controls_es> (0x000000008a360168) 
thrown [s\src\hotspot\share\prims\jni.cpp, line 535]
Event: 0.954 Thread 0x0000014f1e8ca010 Exception <a 'java/lang/ClassNotFoundException'{0x000000008a36e018}: com/sun/javafx/scene/control/skin/resources/controls_es_MX> (0x000000008a36e018) 
thrown [s\src\hotspot\share\prims\jni.cpp, line 535]
Event: 0.987 Thread 0x0000014f1e8ca010 Exception <a 'java/lang/NoSuchMethodError'{0x000000008a1290a8}: 'void java.lang.invoke.DirectMethodHandle$Holder.invokeSpecial(java.lang.Object, java.lang.Object, java.lang.Object, java.lang.Object, java.lang.Object, java.lang.Object)'> (0x000000008a1290a8) 
thrown [s\src\hotspot\share\interpreter\linkResolver.cpp, line 759]
Event: 1.043 Thread 0x0000014f1e8ca010 Exception <a 'java/lang/NoSuchMethodError'{0x0000000089bd8738}: 'java.lang.Object java.lang.invoke.DirectMethodHandle$Holder.newInvokeSpecial(java.lang.Object, java.lang.Object, int)'> (0x0000000089bd8738) 
thrown [s\src\hotspot\share\interpreter\linkResolver.cpp, line 759]
Event: 1.066 Thread 0x0000014f1e8c7280 Exception <a 'java/lang/NoSuchMethodError'{0x0000000089986ca8}: 'int java.lang.invoke.DirectMethodHandle$Holder.invokeStaticInit(java.lang.Object, java.lang.Object)'> (0x0000000089986ca8) 
thrown [s\src\hotspot\share\interpreter\linkResolver.cpp, line 759]
Event: 1.075 Thread 0x0000014f1e8ca010 Exception <a 'java/lang/NoSuchMethodError'{0x0000000089940540}: 'long java.lang.invoke.DirectMethodHandle$Holder.invokeStatic(java.lang.Object, java.lang.Object, java.lang.Object)'> (0x0000000089940540) 
thrown [s\src\hotspot\share\interpreter\linkResolver.cpp, line 759]
Event: 1.076 Thread 0x0000014f1e8ca010 Exception <a 'java/lang/NoSuchMethodError'{0x0000000089943ce8}: 'long java.lang.invoke.DirectMethodHandle$Holder.invokeStaticInit(java.lang.Object, java.lang.Object, java.lang.Object)'> (0x0000000089943ce8) 
thrown [s\src\hotspot\share\interpreter\linkResolver.cpp, line 759]
Event: 1.078 Thread 0x0000014f1e8ca010 Exception <a 'java/lang/NoSuchMethodError'{0x000000008995b870}: 'java.lang.Object java.lang.invoke.DirectMethodHandle$Holder.newInvokeSpecial(java.lang.Object, java.lang.Object, long)'> (0x000000008995b870) 
thrown [s\src\hotspot\share\interpreter\linkResolver.cpp, line 759]
Event: 1.078 Thread 0x0000014f1e8ca010 Exception <a 'java/lang/NoSuchMethodError'{0x000000008995f3e0}: 'java.lang.Object java.lang.invoke.Invokers$Holder.linkToTargetMethod(java.lang.Object, long, java.lang.Object)'> (0x000000008995f3e0) 
thrown [s\src\hotspot\share\interpreter\linkResolver.cpp, line 759]
Event: 1.090 Thread 0x0000014f1e8c7280 Exception <a 'java/lang/NoSuchMethodError'{0x000000008983e740}: 'java.lang.Object java.lang.invoke.DirectMethodHandle$Holder.invokeStaticInit(java.lang.Object, int)'> (0x000000008983e740) 
thrown [s\src\hotspot\share\interpreter\linkResolver.cpp, line 759]
Event: 8.949 Thread 0x0000014f1e8ca010 Exception <a 'java/lang/NoSuchMethodError'{0x000000008b4e7b70}: 'java.lang.Object java.lang.invoke.DirectMethodHandle$Holder.invokeInterface(java.lang.Object, java.lang.Object)'> (0x000000008b4e7b70) 
thrown [s\src\hotspot\share\interpreter\linkResolver.cpp, line 759]
Event: 8.962 Thread 0x0000014f1e8ca010 Exception <a 'java/lang/NoSuchMethodError'{0x000000008b361858}: 'java.lang.Object java.lang.invoke.DirectMethodHandle$Holder.invokeVirtual(java.lang.Object, java.lang.Object, java.lang.Object)'> (0x000000008b361858) 
thrown [s\src\hotspot\share\interpreter\linkResolver.cpp, line 759]
Event: 9.569 Thread 0x0000014f1e8ca010 Implicit null exception at 0x0000014f0f64f5d0 to 0x0000014f0f64f634
Event: 10.609 Thread 0x0000014f1e8ca010 Exception <a 'java/lang/NoSuchMethodError'{0x000000008a533198}: 'void java.lang.invoke.DirectMethodHandle$Holder.invokeSpecialIFC(java.lang.Object, java.lang.Object, java.lang.Object, java.lang.Object)'> (0x000000008a533198) 
thrown [s\src\hotspot\share\interpreter\linkResolver.cpp, line 759]
Event: 10.642 Thread 0x0000014f1e8ca010 Exception <a 'java/lang/NoSuchMethodError'{0x000000008a3719b8}: 'int java.lang.invoke.DirectMethodHandle$Holder.invokeSpecial(java.lang.Object, java.lang.Object, int)'> (0x000000008a3719b8) 
thrown [s\src\hotspot\share\interpreter\linkResolver.cpp, line 759]

VM Operations (20 events):
Event: 16.306 Executing VM operation: Cleanup done
Event: 23.310 Executing VM operation: Cleanup
Event: 23.310 Executing VM operation: Cleanup done
Event: 24.310 Executing VM operation: Cleanup
Event: 24.310 Executing VM operation: Cleanup done
Event: 31.312 Executing VM operation: Cleanup
Event: 31.312 Executing VM operation: Cleanup done
Event: 34.313 Executing VM operation: Cleanup
Event: 34.313 Executing VM operation: Cleanup done
Event: 35.314 Executing VM operation: Cleanup
Event: 35.314 Executing VM operation: Cleanup done
Event: 36.314 Executing VM operation: Cleanup
Event: 36.314 Executing VM operation: Cleanup done
Event: 49.320 Executing VM operation: Cleanup
Event: 49.320 Executing VM operation: Cleanup done
Event: 60.097 Executing VM operation: HandshakeAllThreads
Event: 60.097 Executing VM operation: HandshakeAllThreads done
Event: 76.229 Executing VM operation: Cleanup
Event: 76.229 Executing VM operation: Cleanup done
Event: 231.153 Executing VM operation: Exit

Memory protections (0 events):
No events

Nmethod flushes (0 events):
No events

Events (20 events):
Event: 10.151 Thread 0x0000014f6b00ad40 Thread exited: 0x0000014f6b00ad40
Event: 10.236 Thread 0x0000014f1e672fb0 Thread added: 0x0000014f6b00bd30
Event: 10.450 Thread 0x0000014f6b00bd30 Thread exited: 0x0000014f6b00bd30
Event: 10.453 Thread 0x0000014f1e672fb0 Thread added: 0x0000014f6b00ad40
Event: 10.896 Thread 0x0000014f6b00ad40 Thread exited: 0x0000014f6b00ad40
Event: 11.560 Thread 0x0000014f1e672fb0 Thread added: 0x0000014f6b00ad40
Event: 11.743 Thread 0x0000014f6b00ad40 Thread exited: 0x0000014f6b00ad40
Event: 11.750 Thread 0x0000014f1e672fb0 Thread added: 0x0000014f6b00ad40
Event: 11.961 Thread 0x0000014f6b00ad40 Thread exited: 0x0000014f6b00ad40
Event: 13.270 Thread 0x0000014f1e8ca010 Thread added: 0x0000014f1e8c9b00
Event: 13.271 Thread 0x0000014f1e672fb0 Thread added: 0x0000014f6b00ad40
Event: 13.289 Thread 0x0000014f1e8c9b00 Thread exited: 0x0000014f1e8c9b00
Event: 14.079 Thread 0x0000014f6b00ad40 Thread exited: 0x0000014f6b00ad40
Event: 231.151 Thread 0x0000014f1e661690 Thread added: 0x0000014f1e8c9b00
Event: 231.151 Thread 0x0000014f1e8c9b00 Thread added: 0x0000014f69cc2e70
Event: 231.151 Thread 0x0000014f1e8c9b00 Thread added: 0x0000014f69cc3890
Event: 231.151 Thread 0x0000014f69cc2e70 Thread exited: 0x0000014f69cc2e70
Event: 231.153 Thread 0x0000014f69cc3890 Thread exited: 0x0000014f69cc3890
Event: 231.153 Thread 0x0000014f1e8c9b00 Before exit entered
Event: 231.153 Thread 0x0000014f1e661690 Thread exited: 0x0000014f1e661690


Dynamic libraries:
0x00007ff64f1f0000 - 0x00007ff64f1fe000 	C:\Users\jccas\.jdks\temurin-17.0.15\bin\java.exe
0x00007ffde29a0000 - 0x00007ffde2c05000 	C:\WINDOWS\SYSTEM32\ntdll.dll
0x00007ffde1640000 - 0x00007ffde1709000 	C:\WINDOWS\System32\KERNEL32.DLL
0x00007ffddfbc0000 - 0x00007ffddffa8000 	C:\WINDOWS\System32\KERNELBASE.dll
0x00007ffde0060000 - 0x00007ffde01ab000 	C:\WINDOWS\System32\ucrtbase.dll
0x00007ffdc3280000 - 0x00007ffdc329e000 	C:\Users\jccas\.jdks\temurin-17.0.15\bin\VCRUNTIME140.dll
0x00007ffdc7450000 - 0x00007ffdc7467000 	C:\Users\jccas\.jdks\temurin-17.0.15\bin\jli.dll
0x00007ffde1300000 - 0x00007ffde14ca000 	C:\WINDOWS\System32\USER32.dll
0x00007ffdb95f0000 - 0x00007ffdb988a000 	C:\WINDOWS\WinSxS\amd64_microsoft.windows.common-controls_6595b64144ccf1df_6.0.26100.4202_none_3e0698d4e335f517\COMCTL32.dll
0x00007ffddfb90000 - 0x00007ffddfbb7000 	C:\WINDOWS\System32\win32u.dll
0x00007ffde1d00000 - 0x00007ffde1da9000 	C:\WINDOWS\System32\msvcrt.dll
0x00007ffde1fb0000 - 0x00007ffde1fdb000 	C:\WINDOWS\System32\GDI32.dll
0x00007ffde0600000 - 0x00007ffde0737000 	C:\WINDOWS\System32\gdi32full.dll
0x00007ffddffb0000 - 0x00007ffde0053000 	C:\WINDOWS\System32\msvcp_win.dll
0x00007ffde0ae0000 - 0x00007ffde0b10000 	C:\WINDOWS\System32\IMM32.DLL
0x00007ffdc73e0000 - 0x00007ffdc73ec000 	C:\Users\jccas\.jdks\temurin-17.0.15\bin\vcruntime140_1.dll
0x00007ffda4790000 - 0x00007ffda481d000 	C:\Users\jccas\.jdks\temurin-17.0.15\bin\msvcp140.dll
0x00007ffd523f0000 - 0x00007ffd5305b000 	C:\Users\jccas\.jdks\temurin-17.0.15\bin\server\jvm.dll
0x00007ffde14d0000 - 0x00007ffde1583000 	C:\WINDOWS\System32\ADVAPI32.dll
0x00007ffde1590000 - 0x00007ffde1636000 	C:\WINDOWS\System32\sechost.dll
0x00007ffde1fe0000 - 0x00007ffde20f5000 	C:\WINDOWS\System32\RPCRT4.dll
0x00007ffde27f0000 - 0x00007ffde2864000 	C:\WINDOWS\System32\WS2_32.dll
0x00007ffddf940000 - 0x00007ffddf99e000 	C:\WINDOWS\SYSTEM32\POWRPROF.dll
0x00007ffdd4980000 - 0x00007ffdd49b5000 	C:\WINDOWS\SYSTEM32\WINMM.dll
0x00007ffdcf770000 - 0x00007ffdcf77b000 	C:\WINDOWS\SYSTEM32\VERSION.dll
0x00007ffddf920000 - 0x00007ffddf934000 	C:\WINDOWS\SYSTEM32\UMPDC.dll
0x00007ffdde890000 - 0x00007ffdde8ab000 	C:\WINDOWS\SYSTEM32\kernel.appcore.dll
0x00007ffdc3930000 - 0x00007ffdc393a000 	C:\Users\jccas\.jdks\temurin-17.0.15\bin\jimage.dll
0x00007ffddd210000 - 0x00007ffddd451000 	C:\WINDOWS\SYSTEM32\DBGHELP.DLL
0x00007ffde0740000 - 0x00007ffde0ac5000 	C:\WINDOWS\System32\combase.dll
0x00007ffde2870000 - 0x00007ffde2951000 	C:\WINDOWS\System32\OLEAUT32.dll
0x00007ffdbb030000 - 0x00007ffdbb069000 	C:\WINDOWS\SYSTEM32\dbgcore.DLL
0x00007ffddfaf0000 - 0x00007ffddfb89000 	C:\WINDOWS\System32\bcryptPrimitives.dll
0x00007ffdc3610000 - 0x00007ffdc361e000 	C:\Users\jccas\.jdks\temurin-17.0.15\bin\instrument.dll
0x00007ffdb36f0000 - 0x00007ffdb3715000 	C:\Users\jccas\.jdks\temurin-17.0.15\bin\java.dll
0x00007ffd9d890000 - 0x00007ffd9d967000 	C:\Users\jccas\.jdks\temurin-17.0.15\bin\jsvml.dll
0x00007ffde0b40000 - 0x00007ffde1282000 	C:\WINDOWS\System32\SHELL32.dll
0x00007ffde0240000 - 0x00007ffde03b4000 	C:\WINDOWS\System32\wintypes.dll
0x00007ffddd720000 - 0x00007ffdddf78000 	C:\WINDOWS\SYSTEM32\windows.storage.dll
0x00007ffde1c00000 - 0x00007ffde1cf1000 	C:\WINDOWS\System32\SHCORE.dll
0x00007ffde1290000 - 0x00007ffde12fa000 	C:\WINDOWS\System32\shlwapi.dll
0x00007ffddfa00000 - 0x00007ffddfa2f000 	C:\WINDOWS\SYSTEM32\profapi.dll
0x00007ffdbe100000 - 0x00007ffdbe119000 	C:\Users\jccas\.jdks\temurin-17.0.15\bin\net.dll
0x00007ffdd47f0000 - 0x00007ffdd490e000 	C:\WINDOWS\SYSTEM32\WINHTTP.dll
0x00007ffddee20000 - 0x00007ffddee8a000 	C:\WINDOWS\system32\mswsock.dll
0x00007ffdbdec0000 - 0x00007ffdbded6000 	C:\Users\jccas\.jdks\temurin-17.0.15\bin\nio.dll
0x00007ffdba060000 - 0x00007ffdba078000 	C:\Users\jccas\.jdks\temurin-17.0.15\bin\zip.dll
0x00007ffdb8cb0000 - 0x00007ffdb8cca000 	C:\Program Files\JetBrains\IntelliJ IDEA 2024.2.0.2\bin\breakgen64.dll
0x00007ffdc33f0000 - 0x00007ffdc33f9000 	C:\Users\jccas\.jdks\temurin-17.0.15\bin\extnet.dll
0x0000014f1ec00000 - 0x0000014f1ec03000 	C:\Program Files\JavaFX\javafx-sdk-17.0.15\bin\api-ms-win-core-console-l1-1-0.dll
0x0000014f1ec10000 - 0x0000014f1ec13000 	C:\Program Files\JavaFX\javafx-sdk-17.0.15\bin\api-ms-win-core-console-l1-2-0.dll
0x0000014f1ec20000 - 0x0000014f1ec23000 	C:\Program Files\JavaFX\javafx-sdk-17.0.15\bin\api-ms-win-core-datetime-l1-1-0.dll
0x0000014f1ec30000 - 0x0000014f1ec33000 	C:\Program Files\JavaFX\javafx-sdk-17.0.15\bin\api-ms-win-core-debug-l1-1-0.dll
0x0000014f1ec40000 - 0x0000014f1ec43000 	C:\Program Files\JavaFX\javafx-sdk-17.0.15\bin\api-ms-win-core-errorhandling-l1-1-0.dll
0x0000014f1ec50000 - 0x0000014f1ec54000 	C:\Program Files\JavaFX\javafx-sdk-17.0.15\bin\api-ms-win-core-file-l1-1-0.dll
0x0000014f1ec60000 - 0x0000014f1ec63000 	C:\Program Files\JavaFX\javafx-sdk-17.0.15\bin\api-ms-win-core-file-l1-2-0.dll
0x0000014f1ec70000 - 0x0000014f1ec73000 	C:\Program Files\JavaFX\javafx-sdk-17.0.15\bin\api-ms-win-core-file-l2-1-0.dll
0x0000014f1ec80000 - 0x0000014f1ec83000 	C:\Program Files\JavaFX\javafx-sdk-17.0.15\bin\api-ms-win-core-handle-l1-1-0.dll
0x0000014f1ec90000 - 0x0000014f1ec93000 	C:\Program Files\JavaFX\javafx-sdk-17.0.15\bin\api-ms-win-core-heap-l1-1-0.dll
0x0000014f1eca0000 - 0x0000014f1eca3000 	C:\Program Files\JavaFX\javafx-sdk-17.0.15\bin\api-ms-win-core-interlocked-l1-1-0.dll
0x0000014f1ecb0000 - 0x0000014f1ecb3000 	C:\Program Files\JavaFX\javafx-sdk-17.0.15\bin\api-ms-win-core-libraryloader-l1-1-0.dll
0x0000014f1ecc0000 - 0x0000014f1ecc3000 	C:\Program Files\JavaFX\javafx-sdk-17.0.15\bin\api-ms-win-core-localization-l1-2-0.dll
0x0000014f1ecd0000 - 0x0000014f1ecd3000 	C:\Program Files\JavaFX\javafx-sdk-17.0.15\bin\api-ms-win-core-memory-l1-1-0.dll
0x0000014f1ece0000 - 0x0000014f1ece3000 	C:\Program Files\JavaFX\javafx-sdk-17.0.15\bin\api-ms-win-core-namedpipe-l1-1-0.dll
0x0000014f1ecf0000 - 0x0000014f1ecf3000 	C:\Program Files\JavaFX\javafx-sdk-17.0.15\bin\api-ms-win-core-processenvironment-l1-1-0.dll
0x0000014f1ed00000 - 0x0000014f1ed03000 	C:\Program Files\JavaFX\javafx-sdk-17.0.15\bin\api-ms-win-core-processthreads-l1-1-0.dll
0x0000014f1ed10000 - 0x0000014f1ed13000 	C:\Program Files\JavaFX\javafx-sdk-17.0.15\bin\api-ms-win-core-processthreads-l1-1-1.dll
0x0000014f1ed20000 - 0x0000014f1ed23000 	C:\Program Files\JavaFX\javafx-sdk-17.0.15\bin\api-ms-win-core-profile-l1-1-0.dll
0x0000014f1ed30000 - 0x0000014f1ed33000 	C:\Program Files\JavaFX\javafx-sdk-17.0.15\bin\api-ms-win-core-rtlsupport-l1-1-0.dll
0x0000014f1ed40000 - 0x0000014f1ed43000 	C:\Program Files\JavaFX\javafx-sdk-17.0.15\bin\api-ms-win-core-string-l1-1-0.dll
0x0000014f1ed50000 - 0x0000014f1ed53000 	C:\Program Files\JavaFX\javafx-sdk-17.0.15\bin\api-ms-win-core-synch-l1-1-0.dll
0x0000014f1ed60000 - 0x0000014f1ed63000 	C:\Program Files\JavaFX\javafx-sdk-17.0.15\bin\api-ms-win-core-synch-l1-2-0.dll
0x0000014f1ed70000 - 0x0000014f1ed73000 	C:\Program Files\JavaFX\javafx-sdk-17.0.15\bin\api-ms-win-core-sysinfo-l1-1-0.dll
0x0000014f1ed80000 - 0x0000014f1ed83000 	C:\Program Files\JavaFX\javafx-sdk-17.0.15\bin\api-ms-win-core-timezone-l1-1-0.dll
0x0000014f1ed90000 - 0x0000014f1ed93000 	C:\Program Files\JavaFX\javafx-sdk-17.0.15\bin\api-ms-win-core-util-l1-1-0.dll
0x0000014f1eda0000 - 0x0000014f1eda3000 	C:\Program Files\JavaFX\javafx-sdk-17.0.15\bin\api-ms-win-crt-conio-l1-1-0.dll
0x0000014f1edb0000 - 0x0000014f1edb4000 	C:\Program Files\JavaFX\javafx-sdk-17.0.15\bin\api-ms-win-crt-convert-l1-1-0.dll
0x0000014f1edc0000 - 0x0000014f1edc3000 	C:\Program Files\JavaFX\javafx-sdk-17.0.15\bin\api-ms-win-crt-environment-l1-1-0.dll
0x0000014f1edd0000 - 0x0000014f1edd3000 	C:\Program Files\JavaFX\javafx-sdk-17.0.15\bin\api-ms-win-crt-filesystem-l1-1-0.dll
0x0000014f1ede0000 - 0x0000014f1ede3000 	C:\Program Files\JavaFX\javafx-sdk-17.0.15\bin\api-ms-win-crt-heap-l1-1-0.dll
0x0000014f1edf0000 - 0x0000014f1edf3000 	C:\Program Files\JavaFX\javafx-sdk-17.0.15\bin\api-ms-win-crt-locale-l1-1-0.dll
0x0000014f1ee00000 - 0x0000014f1ee05000 	C:\Program Files\JavaFX\javafx-sdk-17.0.15\bin\api-ms-win-crt-math-l1-1-0.dll
0x0000014f1ee10000 - 0x0000014f1ee15000 	C:\Program Files\JavaFX\javafx-sdk-17.0.15\bin\api-ms-win-crt-multibyte-l1-1-0.dll
0x0000014f1ee20000 - 0x0000014f1ee30000 	C:\Program Files\JavaFX\javafx-sdk-17.0.15\bin\api-ms-win-crt-private-l1-1-0.dll
0x0000014f1ee30000 - 0x0000014f1ee33000 	C:\Program Files\JavaFX\javafx-sdk-17.0.15\bin\api-ms-win-crt-process-l1-1-0.dll
0x0000014f1ee40000 - 0x0000014f1ee44000 	C:\Program Files\JavaFX\javafx-sdk-17.0.15\bin\api-ms-win-crt-runtime-l1-1-0.dll
0x0000014f1ee50000 - 0x0000014f1ee54000 	C:\Program Files\JavaFX\javafx-sdk-17.0.15\bin\api-ms-win-crt-stdio-l1-1-0.dll
0x0000014f1ee60000 - 0x0000014f1ee64000 	C:\Program Files\JavaFX\javafx-sdk-17.0.15\bin\api-ms-win-crt-string-l1-1-0.dll
0x0000014f1ee70000 - 0x0000014f1ee73000 	C:\Program Files\JavaFX\javafx-sdk-17.0.15\bin\api-ms-win-crt-time-l1-1-0.dll
0x0000014f1ee80000 - 0x0000014f1ee83000 	C:\Program Files\JavaFX\javafx-sdk-17.0.15\bin\api-ms-win-crt-utility-l1-1-0.dll
0x00007ffd941f0000 - 0x00007ffd942ec000 	C:\Program Files\JavaFX\javafx-sdk-17.0.15\bin\ucrtbase.dll
0x00007ffdb8c40000 - 0x00007ffdb8c5b000 	C:\Program Files\JavaFX\javafx-sdk-17.0.15\bin\vcruntime140.dll
0x00007ffdc3390000 - 0x00007ffdc339c000 	C:\Program Files\JavaFX\javafx-sdk-17.0.15\bin\vcruntime140_1.dll
0x00007ffd96080000 - 0x00007ffd9610e000 	C:\Program Files\JavaFX\javafx-sdk-17.0.15\bin\msvcp140.dll
0x00007ffdc2e30000 - 0x00007ffdc2e39000 	C:\Program Files\JavaFX\javafx-sdk-17.0.15\bin\msvcp140_1.dll
0x00007ffdaaac0000 - 0x00007ffdaab01000 	C:\Program Files\JavaFX\javafx-sdk-17.0.15\bin\msvcp140_2.dll
0x00007ffdac170000 - 0x00007ffdac19a000 	C:\Program Files\JavaFX\javafx-sdk-17.0.15\bin\prism_d3d.dll
0x00007ffda1c70000 - 0x00007ffda1e27000 	C:\WINDOWS\system32\d3d9.dll
0x00007ffddca30000 - 0x00007ffddca66000 	C:\WINDOWS\SYSTEM32\dwmapi.dll
0x00007ffddc9c0000 - 0x00007ffddca0d000 	C:\WINDOWS\SYSTEM32\dxcore.dll
0x00007ffddc6e0000 - 0x00007ffddc78f000 	C:\WINDOWS\system32\uxtheme.dll
0x00007ffd61920000 - 0x00007ffd61b58000 	C:\WINDOWS\System32\DriverStore\FileRepository\iigd_dch.inf_amd64_0fdf6ce291234272\igdumdim64.dll
0x00007ffde2100000 - 0x00007ffde229e000 	C:\WINDOWS\System32\ole32.dll
0x00007ffd29b30000 - 0x00007ffd2aea0000 	C:\WINDOWS\System32\DriverStore\FileRepository\iigd_dch.inf_amd64_0fdf6ce291234272\igd9dxva64.dll
0x00007ffde22e0000 - 0x00007ffde2766000 	C:\WINDOWS\System32\SETUPAPI.dll
0x00007ffddf660000 - 0x00007ffddf6b7000 	C:\WINDOWS\SYSTEM32\cfgmgr32.dll
0x00007ffd838e0000 - 0x00007ffd85601000 	C:\WINDOWS\System32\DriverStore\FileRepository\iigd_dch.inf_amd64_0fdf6ce291234272\media_bin_64.dll
0x00007ffdd3bb0000 - 0x00007ffdd3fe8000 	C:\WINDOWS\System32\DriverStore\FileRepository\iigd_dch.inf_amd64_0fdf6ce291234272\igdgmm64.dll
0x00007ffddc810000 - 0x00007ffddc871000 	C:\WINDOWS\SYSTEM32\directxdatabasehelper.dll
0x00007ffda8bd0000 - 0x00007ffda8c12000 	C:\Program Files\JavaFX\javafx-sdk-17.0.15\bin\glass.dll
0x00007ffde1710000 - 0x00007ffde1806000 	C:\WINDOWS\System32\COMDLG32.dll
0x00007ffde1e40000 - 0x00007ffde1fa0000 	C:\WINDOWS\System32\MSCTF.dll
0x00007ffd87fe0000 - 0x00007ffd88007000 	C:\WINDOWS\System32\DriverStore\FileRepository\iigd_dch.inf_amd64_0fdf6ce291234272\igdinfo64.dll
0x00007ffdcfd00000 - 0x00007ffdd3bad000 	C:\WINDOWS\System32\DriverStore\FileRepository\iigd_dch.inf_amd64_0fdf6ce291234272\igc64.dll
0x00007ffdab290000 - 0x00007ffdab2bd000 	C:\Program Files\JavaFX\javafx-sdk-17.0.15\bin\javafx_iio.dll
0x00007ffdb36d0000 - 0x00007ffdb36e5000 	C:\Program Files\JavaFX\javafx-sdk-17.0.15\bin\javafx_font.dll
0x00007ffddaf50000 - 0x00007ffddb1bb000 	C:\WINDOWS\SYSTEM32\dwrite.dll
0x00007ffde1860000 - 0x00007ffde1908000 	C:\WINDOWS\System32\clbcatq.dll
0x00007ffddacd0000 - 0x00007ffddaf09000 	C:\WINDOWS\SYSTEM32\WindowsCodecs.dll
0x00007ffdaa4f0000 - 0x00007ffdaa54a000 	C:\WINDOWS\system32\dataexchange.dll
0x00007ffdcdbe0000 - 0x00007ffdcde1a000 	C:\WINDOWS\system32\twinapi.appcore.dll
0x00007ffd8f100000 - 0x00007ffd8f12c000 	C:\Program Files\Common Files\Microsoft Shared\Ink\rtscom.dll
0x00007ffdc75b0000 - 0x00007ffdc7700000 	C:\WINDOWS\SYSTEM32\textinputframework.dll
0x00007ffddc1f0000 - 0x00007ffddc315000 	C:\WINDOWS\SYSTEM32\CoreMessaging.dll
0x00007ffdd71b0000 - 0x00007ffdd7493000 	C:\WINDOWS\SYSTEM32\CoreUIComponents.dll
0x00007ffddf0f0000 - 0x00007ffddf0fc000 	C:\WINDOWS\SYSTEM32\CRYPTBASE.DLL
0x00007ffdde370000 - 0x00007ffdde497000 	C:\WINDOWS\SYSTEM32\DNSAPI.dll
0x00007ffdde2d0000 - 0x00007ffdde303000 	C:\WINDOWS\SYSTEM32\IPHLPAPI.DLL

dbghelp: loaded successfully - version: 4.0.5 - missing functions: none
symbol engine: initialized successfully - sym options: 0x614 - pdb path: .;C:\Users\jccas\.jdks\temurin-17.0.15\bin;C:\WINDOWS\SYSTEM32;C:\WINDOWS\WinSxS\amd64_microsoft.windows.common-controls_6595b64144ccf1df_6.0.26100.4202_none_3e0698d4e335f517;C:\Users\jccas\.jdks\temurin-17.0.15\bin\server;C:\Program Files\JetBrains\IntelliJ IDEA 2024.2.0.2\bin;C:\Program Files\JavaFX\javafx-sdk-17.0.15\bin;C:\WINDOWS\System32\DriverStore\FileRepository\iigd_dch.inf_amd64_0fdf6ce291234272;C:\Program Files\Common Files\Microsoft Shared\Ink

VM Arguments:
jvm_args: --module-path=C:\Program Files\JavaFX\javafx-sdk-17.0.15\lib --add-modules=javafx.controls,javafx.fxml,javafx.graphics,javafx.base -javaagent:C:\Program Files\JetBrains\IntelliJ IDEA 2024.2.0.2\lib\idea_rt.jar=63110:C:\Program Files\JetBrains\IntelliJ IDEA 2024.2.0.2\bin -Dfile.encoding=UTF-8 
java_command: professionalpractice.ProfessionalPractices
java_class_path (initial): C:\TrabajosProgramacion\PC\ProyectoModificado\Professional-Practices-software\out\production\Professional-Practices-software;C:\TrabajosProgramacion\PC\ProyectoModificado\Professional-Practices-software\dependencies\jbcrypt-0.4.jar;C:\TrabajosProgramacion\PC\ProyectoModificado\Professional-Practices-software\dependencies\mysql-connector-java-8.0.20.jar;C:\Program Files\JavaFX\javafx-sdk-21.0.7\lib\javafx-swt.jar;C:\Program Files\JavaFX\javafx-sdk-21.0.7\lib\javafx.web.jar;C:\Program Files\JavaFX\javafx-sdk-21.0.7\lib\javafx.base.jar;C:\Program Files\JavaFX\javafx-sdk-21.0.7\lib\javafx.fxml.jar;C:\Program Files\JavaFX\javafx-sdk-21.0.7\lib\javafx.media.jar;C:\Program Files\JavaFX\javafx-sdk-21.0.7\lib\javafx.swing.jar;C:\Program Files\JavaFX\javafx-sdk-21.0.7\lib\javafx.controls.jar;C:\Program Files\JavaFX\javafx-sdk-21.0.7\lib\javafx.graphics.jar;C:\Program Files\JavaFX\javafx-sdk-17.0.15\lib\javafx-swt.jar;C:\Program Files\JavaFX\javafx-sdk-17.0.15\lib\javafx.web.jar;C:\Program Files\JavaFX\javafx-sdk-17.0.15\lib\javafx.base.jar;C:\Program Files\JavaFX\javafx-sdk-17.0.15\lib\javafx.fxml.jar;C:\Program Files\JavaFX\javafx-sdk-17.0.15\lib\javafx.media.jar;C:\Program Files\JavaFX\javafx-sdk-17.0.15\lib\javafx.swing.jar;C:\Program Files\JavaFX\javafx-sdk-17.0.15\lib\javafx.controls.jar;C:\Program Files\JavaFX\javafx-sdk-17.0.15\lib\javafx.graphics.jar
Launcher Type: SUN_STANDARD

[Global flags]
     intx CICompilerCount                          = 4                                         {product} {ergonomic}
     uint ConcGCThreads                            = 2                                         {product} {ergonomic}
     uint G1ConcRefinementThreads                  = 8                                         {product} {ergonomic}
   size_t G1HeapRegionSize                         = 1048576                                   {product} {ergonomic}
    uintx GCDrainStackTargetSize                   = 64                                        {product} {ergonomic}
   size_t InitialHeapSize                          = 132120576                                 {product} {ergonomic}
   size_t MarkStackSize                            = 4194304                                   {product} {ergonomic}
   size_t MaxHeapSize                              = 2086666240                                {product} {ergonomic}
   size_t MaxNewSize                               = 1251999744                                {product} {ergonomic}
   size_t MinHeapDeltaBytes                        = 1048576                                   {product} {ergonomic}
   size_t MinHeapSize                              = 8388608                                   {product} {ergonomic}
    uintx NonNMethodCodeHeapSize                   = 5839372                                {pd product} {ergonomic}
    uintx NonProfiledCodeHeapSize                  = 122909434                              {pd product} {ergonomic}
    uintx ProfiledCodeHeapSize                     = 122909434                              {pd product} {ergonomic}
    uintx ReservedCodeCacheSize                    = 251658240                              {pd product} {ergonomic}
     bool SegmentedCodeCache                       = true                                      {product} {ergonomic}
   size_t SoftMaxHeapSize                          = 2086666240                             {manageable} {ergonomic}
     bool UseCompressedClassPointers               = true                           {product lp64_product} {ergonomic}
     bool UseCompressedOops                        = true                           {product lp64_product} {ergonomic}
     bool UseG1GC                                  = true                                      {product} {ergonomic}
     bool UseLargePagesIndividualAllocation        = false                                  {pd product} {ergonomic}

Logging:
Log output configuration:
 #0: stdout all=off uptime,level,tags
 #1: stderr all=off uptime,level,tags

Environment Variables:
PATH=C:\Program Files\Eclipse Adoptium\jdk-21.0.7.6-hotspot\bin;C:\Program Files\MySQL\MySQL Server 8.0\bin;C:\Program Files (x86)\Common Files\Oracle\Java\java8path;C:\Program Files\Common Files\Oracle\Java\javapath;C:\Program Files (x86)\Common Files\Oracle\Java\javapath;C:\WINDOWS\system32;C:\WINDOWS;C:\WINDOWS\System32\Wbem;C:\WINDOWS\System32\WindowsPowerShell\v1.0\;C:\WINDOWS\System32\OpenSSH\;C:\Program Files (x86)\Common Files\i2 Shared\Geotrans\;C:\Program Files (x86)\Common Files\i2 Shared\i2 Online iLink 8\Components\;C:\Program Files\HP\HP One Agent;C:\Users\jccas\AppData\Local\Programs\Python\Python313;C:\WINDOWS\system32;C:\WINDOWS;C:\WINDOWS\System32\Wbem;C:\WINDOWS\System32\WindowsPowerShell\v1.0\;C:\WINDOWS\System32\OpenSSH\;C:\Program Files\dotnet\;C:\Program Files\Git\cmd;C:\Program Files\MySQL\MySQL Server 8.0\bin;C:\Users\jccas\AppData\Local\Programs\Python\Launcher\;C:\xampp\htdocs\UAI\vistas\index.ine_nacional.vista.php;C:\Users\jccas\AppData\Local\Microsoft\WindowsApps;C:\Users\jccas\AppData\Local\JetBrains\Toolbox\scripts;C:\Users\jccas\AppData\Local\Programs\Microsoft VS Code\bin;C:\Users\jccas\.dotnet\tools;
USERNAME=jccas
OS=Windows_NT
PROCESSOR_IDENTIFIER=Intel64 Family 6 Model 140 Stepping 1, GenuineIntel
TMP=C:\Users\jccas\AppData\Local\Temp
TEMP=C:\Users\jccas\AppData\Local\Temp



Periodic native trim disabled


---------------  S Y S T E M  ---------------

OS:
 Windows 11 , 64 bit Build 26100 (10.0.26100.4202)
OS uptime: 5 days 0:59 hours
Hyper-V role detected

CPU: total 8 (initial active 8) (4 cores per cpu, 2 threads per core) family 6 model 140 stepping 1 microcode 0x86, cx8, cmov, fxsr, ht, mmx, 3dnowpref, sse, sse2, sse3, ssse3, sse4.1, sse4.2, popcnt, lzcnt, tsc, tscinvbit, avx, avx2, aes, erms, clmul, bmi1, bmi2, adx, avx512f, avx512dq, avx512cd, avx512bw, avx512vl, sha, fma, vzeroupper, avx512_vpopcntdq, avx512_vpclmulqdq, avx512_vaes, avx512_vnni, clflush, clflushopt, clwb, avx512_vbmi2, avx512_vbmi, hv
Processor Information for all 8 processors :
  Max Mhz: 2419, Current Mhz: 2419, Mhz Limit: 2419

Memory: 4k page, system-wide physical 7957M (1171M free)
TotalPageFile size 16838M (AvailPageFile size 2154M)
current process WorkingSet (physical memory assigned to process): 251M, peak: 290M
current process commit charge ("private bytes"): 370M, peak: 388M

vm_info: OpenJDK 64-Bit Server VM (17.0.15+6) for windows-amd64 JRE (17.0.15+6), built on Apr 15 2025 21:25:47 by "admin" with MS VC++ 17.7 (VS2022)

END.
