#
# A fatal error has been detected by the Java Runtime Environment:
#
#  EXCEPTION_ACCESS_VIOLATION (0xc0000005) at pc=0x00007ffda8bf68a7, pid=15716, tid=22276
#
# JRE version: OpenJDK Runtime Environment Temurin-17.0.15+6 (17.0.15+6) (build 17.0.15+6)
# Java VM: OpenJDK 64-Bit Server VM Temurin-17.0.15+6 (17.0.15+6, mixed mode, sharing, tiered, compressed oops, compressed class ptrs, g1 gc, windows-amd64)
# Problematic frame:
# C  [glass.dll+0x268a7]
#
# No core dump will be written. Minidumps are not enabled by default on client versions of Windows
#
# If you would like to submit a bug report, please visit:
#   https://github.com/adoptium/adoptium-support/issues
#

---------------  S U M M A R Y ------------

Command Line: --module-path=C:\Program Files\JavaFX\javafx-sdk-17.0.15\lib --add-modules=javafx.controls,javafx.fxml,javafx.graphics,javafx.base -javaagent:C:\Program Files\JetBrains\IntelliJ IDEA 2024.2.0.2\lib\idea_rt.jar=63210:C:\Program Files\JetBrains\IntelliJ IDEA 2024.2.0.2\bin -Dfile.encoding=UTF-8 professionalpractice.ProfessionalPractices

Host: 11th Gen Intel(R) Core(TM) i5-1135G7 @ 2.40GHz, 8 cores, 7G,  Windows 11 , 64 bit Build 26100 (10.0.26100.4202)
Time: Thu Jun 19 14:49:11 2025 Hora estándar central (México) elapsed time: 246.169140 seconds (0d 0h 4m 6s)

---------------  T H R E A D  ---------------

Current thread (0x00000245ffe61fb0):  VMThread "VM Thread" [stack: 0x000000cbf4f00000,0x000000cbf5000000] [id=22276]

Stack: [0x000000cbf4f00000,0x000000cbf5000000],  sp=0x000000cbf4fff160,  free space=1020k
Native frames: (J=compiled Java code, j=interpreted, Vv=VM code, C=native code)
C  [glass.dll+0x268a7]


siginfo: EXCEPTION_ACCESS_VIOLATION (0xc0000005), reading address 0x0000000000000000


Registers:
RAX=0x0000000000000000, RBX=0x00000245ffe79b68, RCX=0x00000245ffe61fb0, RDX=0x000000cbf4fff160
RSP=0x000000cbf4fff160, RBP=0x000085168b8a2b29, RSI=0x00000245e2d80b48, RDI=0x00000245e2d80b20
R8 =0x0000000000010002, R9 =0x000085168b8a2b29, R10=0x00000245fc6f0000, R11=0x000000cbf4fff010
R12=0x00007ffda8bd0000, R13=0x000000007ffe0385, R14=0x000000cbf4fff268, R15=0x00000245e2d80b20
RIP=0x00007ffda8bf68a7, EFLAGS=0x0000000000010202

XMM[0]=0x0000000000000000 0x0000000000000000
XMM[1]=0x0000000000000000 0x0000000000000000
XMM[2]=0x0000000000000000 0x0000000000000000
XMM[3]=0x0000000000000000 0x0000000000000000
XMM[4]=0x0000000000000000 0x0000000000000000
XMM[5]=0x0000000000000000 0x0000000000000000
XMM[6]=0x0000000000000000 0x404e000000000000
XMM[7]=0x0000000000000000 0x0000000000000000
XMM[8]=0x0000000000000000 0x0000000000000000
XMM[9]=0x0000000000000000 0x0000000000000000
XMM[10]=0x0000000000000000 0x0000000000000000
XMM[11]=0x0000000000000000 0x0000000000000000
XMM[12]=0x0000000000000000 0x0000000000000000
XMM[13]=0x0000000000000000 0x0000000000000000
XMM[14]=0x0000000000000000 0x0000000000000000
XMM[15]=0x0000000000000000 0x0000000000000000
  MXCSR=0x00001fa1


Register to memory mapping:

RIP=0x00007ffda8bf68a7 glass.dll
RAX=0x0 is NULL
RBX=0x00000245ffe79b68 is a global jni handle
RCX=0x00000245ffe61fb0 points into unknown readable memory: 0x00007ffd52de2bb8 | b8 2b de 52 fd 7f 00 00
RDX=0x000000cbf4fff160 points into unknown readable memory: 0x0000000000000000 | 00 00 00 00 00 00 00 00
RSP=0x000000cbf4fff160 points into unknown readable memory: 0x0000000000000000 | 00 00 00 00 00 00 00 00
RBP=0x000085168b8a2b29 is an unknown value
RSI=0x00000245e2d80b48 points into unknown readable memory: 0x000085168b8a2b29 | 29 2b 8a 8b 16 85 00 00
RDI=0x00000245e2d80b20 points into unknown readable memory: 0x7e7a95168b75d078 | 78 d0 75 8b 16 95 7a 7e
R8 =0x0000000000010002 is an unknown value
R9 =0x000085168b8a2b29 is an unknown value
R10=0x00000245fc6f0000 points into unknown readable memory: 0x0000000000000000 | 00 00 00 00 00 00 00 00
R11=0x000000cbf4fff010 points into unknown readable memory: 0x0000000000000000 | 00 00 00 00 00 00 00 00
R12=0x00007ffda8bd0000 glass.dll
R13=0x000000007ffe0385 points into unknown readable memory: 00 00 00
R14=0x000000cbf4fff268 points into unknown readable memory: 0x000000cbf4fff250 | 50 f2 ff f4 cb 00 00 00
R15=0x00000245e2d80b20 points into unknown readable memory: 0x7e7a95168b75d078 | 78 d0 75 8b 16 95 7a 7e


Top of Stack: (sp=0x000000cbf4fff160)
0x000000cbf4fff160:   0000000000000000 0000024500000000
0x000000cbf4fff170:   00000245e3247910 00007ffda8bd0000
0x000000cbf4fff180:   00000245e2d80b28 00007ffde00abc75
0x000000cbf4fff190:   00000245e2d80b20 0000024500000000
0x000000cbf4fff1a0:   00000245e2d80b40 000085168b8a2b29
0x000000cbf4fff1b0:   fffffffffffffffe 00007ffddfcc96ab
0x000000cbf4fff1c0:   0000000000000000 00007ffda8bd0000
0x000000cbf4fff1d0:   000000cbf4fff258 00007ffde00ab897
0x000000cbf4fff1e0:   000000cbf4fff200 000000cbf4fff268
0x000000cbf4fff1f0:   000000cbf4fff790 00007ffde01988c0
0x000000cbf4fff200:   0000000000000001 00007ffde00ab84d
0x000000cbf4fff210:   0000000000000000 0000000000000001
0x000000cbf4fff220:   0000000000000000 000000cbf4fff258
0x000000cbf4fff230:   fffffffffffffffe 000000cbf4fff700
0x000000cbf4fff240:   0000000000000000 00007ffda8bf407d
0x000000cbf4fff250:   00007ffda8c0a008 00007ffd00000002
0x000000cbf4fff260:   0000000000000002 000000cbf4fff250
0x000000cbf4fff270:   0000000000000000 00007ffdde2e908d
0x000000cbf4fff280:   0000000000000000 00007ffda8bf41a2
0x000000cbf4fff290:   0000000000000001 000000007ffe0384
0x000000cbf4fff2a0:   0000000000000001 0000000000000001
0x000000cbf4fff2b0:   000000007ffe0384 00007ffddf0f277e
0x000000cbf4fff2c0:   0000000000000001 000000000000008d
0x000000cbf4fff2d0:   00007ffda8bf41f0 0000000000000001
0x000000cbf4fff2e0:   0000000000000001 00007ffde2a12983
0x000000cbf4fff2f0:   00007ffda8bd0000 0000000000000000
0x000000cbf4fff300:   0000000000000001 000000007ffe0384
0x000000cbf4fff310:   000000000000005e 0000000000000000
0x000000cbf4fff320:   0000000000000000 0000000000000000
0x000000cbf4fff330:   00007ffda8bd0000 fffffd3900000000
0x000000cbf4fff340:   0000000000000079 0000000000000000
0x000000cbf4fff350:   0000000000000000 00000245fca467b0 

Instructions: (pc=0x00007ffda8bf68a7)
0x00007ffda8bf67a7:   8b 4d 58 e8 8d cf ff ff 48 8b 4d 60 e8 84 cf ff
0x00007ffda8bf67b7:   ff 48 8b 95 80 00 00 00 48 8b 8d 18 01 00 00 e8
0x00007ffda8bf67c7:   76 c4 ff ff 33 d2 33 c9 e8 cc e1 ff ff 90 48 89
0x00007ffda8bf67d7:   54 24 10 55 48 83 ec 20 48 8b ea 48 b8 00 00 00
0x00007ffda8bf67e7:   00 00 00 00 00 48 83 c4 20 5d c3 cc 40 55 48 8b
0x00007ffda8bf67f7:   ea 48 8b 01 33 c9 81 38 05 00 00 c0 0f 94 c1 8b
0x00007ffda8bf6807:   c1 5d c3 cc 40 55 48 83 ec 20 48 8b ea 8a 4d 40
0x00007ffda8bf6817:   48 83 c4 20 5d e9 73 d3 ff ff cc 40 55 48 83 ec
0x00007ffda8bf6827:   20 48 8b ea 8a 4d 20 e8 61 d3 ff ff 90 48 83 c4
0x00007ffda8bf6837:   20 5d c3 cc 40 55 48 83 ec 20 48 8b ea 48 83 c4
0x00007ffda8bf6847:   20 5d e9 c2 d1 ff ff cc 40 55 48 83 ec 30 48 8b
0x00007ffda8bf6857:   ea 48 8b 01 8b 10 48 89 4c 24 28 89 54 24 20 4c
0x00007ffda8bf6867:   8d 0d 63 d6 ff ff 4c 8b 45 70 8b 55 68 48 8b 4d
0x00007ffda8bf6877:   60 e8 03 d1 ff ff 90 48 83 c4 30 5d c3 cc cc cc
0x00007ffda8bf6887:   cc cc cc cc cc cc cc cc cc 40 53 48 83 ec 20 48
0x00007ffda8bf6897:   8b 1d 6b 31 01 00 48 85 db 74 16 e8 89 8b ff ff
0x00007ffda8bf68a7:   4c 8b 00 48 8b d3 48 8b c8 41 ff 90 b0 00 00 00
0x00007ffda8bf68b7:   90 48 83 c4 20 5b c3 cc cc 40 53 48 83 ec 20 48
0x00007ffda8bf68c7:   8b 1d db 32 01 00 48 85 db 74 57 b8 ff ff ff ff
0x00007ffda8bf68d7:   f0 0f c1 43 10 83 f8 01 75 3d 48 85 db 74 38 48
0x00007ffda8bf68e7:   8b 0b 48 85 c9 74 0d ff 15 b4 09 00 00 48 c7 03
0x00007ffda8bf68f7:   00 00 00 00 48 8b 4b 08 48 85 c9 74 0d e8 33 ce
0x00007ffda8bf6907:   ff ff 48 c7 43 08 00 00 00 00 ba 18 00 00 00 48
0x00007ffda8bf6917:   8b cb e8 1e ce ff ff 48 c7 05 7f 32 01 00 00 00
0x00007ffda8bf6927:   00 00 48 83 c4 20 5b c3 cc 40 53 48 83 ec 20 48
0x00007ffda8bf6937:   8b 1d 4b 32 01 00 48 85 db 74 57 b8 ff ff ff ff
0x00007ffda8bf6947:   f0 0f c1 43 10 83 f8 01 75 3d 48 85 db 74 38 48
0x00007ffda8bf6957:   8b 0b 48 85 c9 74 0d ff 15 44 09 00 00 48 c7 03
0x00007ffda8bf6967:   00 00 00 00 48 8b 4b 08 48 85 c9 74 0d e8 c3 cd
0x00007ffda8bf6977:   ff ff 48 c7 43 08 00 00 00 00 ba 18 00 00 00 48
0x00007ffda8bf6987:   8b cb e8 ae cd ff ff 48 c7 05 ef 31 01 00 00 00
0x00007ffda8bf6997:   00 00 48 83 c4 20 5b c3 cc 40 53 48 83 ec 20 48 


Stack slot to memory mapping:
stack at sp + 0 slots: 0x0 is NULL
stack at sp + 1 slots: 0x0000024500000000 is an unknown value
stack at sp + 2 slots: 0x00000245e3247910 points into unknown readable memory: 0x00000245e32474c0 | c0 74 24 e3 45 02 00 00
stack at sp + 3 slots: 0x00007ffda8bd0000 glass.dll
stack at sp + 4 slots: 0x00000245e2d80b28 points into unknown readable memory: 0x000085168b8a2b29 | 29 2b 8a 8b 16 85 00 00
stack at sp + 5 slots: 0x00007ffde00abc75 ucrtbase.dll
stack at sp + 6 slots: 0x00000245e2d80b20 points into unknown readable memory: 0x7e7a95168b75d078 | 78 d0 75 8b 16 95 7a 7e
stack at sp + 7 slots: 0x0000024500000000 is an unknown value

VM_Operation (0x000000cbf47ff2d0): Exit, mode: safepoint, requested by thread 0x00000245e38d8240


---------------  P R O C E S S  ---------------

Threads class SMR info:
_java_thread_list=0x00000245e32283a0, length=22, elements={
0x00000245fead91a0, 0x00000245ffe6a060, 0x00000245ffe6b790, 0x00000245ffe81c90,
0x00000245ffe84760, 0x00000245ffe85c90, 0x00000245ffe871c0, 0x00000245ffe89640,
0x00000245ffe8a0f0, 0x00000245ffe90b70, 0x00000245e20f2390, 0x00000245e20f1970,
0x00000245e20f28a0, 0x00000245e20f2db0, 0x00000245e20f1e80, 0x00000245e20f1460,
0x00000245e38d7310, 0x00000245e38d63e0, 0x00000245e38d8c60, 0x00000245e38d6e00,
0x00000245e38d9170, 0x00000245e38d8240
}

Java Threads: ( => current thread )
  0x00000245fead91a0 JavaThread "main" [_thread_blocked, id=5872, stack(0x000000cbf4900000,0x000000cbf4a00000)]
  0x00000245ffe6a060 JavaThread "Reference Handler" daemon [_thread_blocked, id=26748, stack(0x000000cbf5000000,0x000000cbf5100000)]
  0x00000245ffe6b790 JavaThread "Finalizer" daemon [_thread_blocked, id=25808, stack(0x000000cbf5100000,0x000000cbf5200000)]
  0x00000245ffe81c90 JavaThread "Signal Dispatcher" daemon [_thread_blocked, id=11008, stack(0x000000cbf5200000,0x000000cbf5300000)]
  0x00000245ffe84760 JavaThread "Attach Listener" daemon [_thread_blocked, id=10432, stack(0x000000cbf5300000,0x000000cbf5400000)]
  0x00000245ffe85c90 JavaThread "Service Thread" daemon [_thread_blocked, id=13328, stack(0x000000cbf5400000,0x000000cbf5500000)]
  0x00000245ffe871c0 JavaThread "Monitor Deflation Thread" daemon [_thread_blocked, id=13064, stack(0x000000cbf5500000,0x000000cbf5600000)]
  0x00000245ffe89640 JavaThread "C2 CompilerThread0" daemon [_thread_blocked, id=26180, stack(0x000000cbf5600000,0x000000cbf5700000)]
  0x00000245ffe8a0f0 JavaThread "C1 CompilerThread0" daemon [_thread_blocked, id=26556, stack(0x000000cbf5700000,0x000000cbf5800000)]
  0x00000245ffe90b70 JavaThread "Sweeper thread" daemon [_thread_blocked, id=23848, stack(0x000000cbf5800000,0x000000cbf5900000)]
  0x00000245e20f2390 JavaThread "Common-Cleaner" daemon [_thread_blocked, id=7952, stack(0x000000cbf5900000,0x000000cbf5a00000)]
  0x00000245e20f1970 JavaThread "Monitor Ctrl-Break" daemon [_thread_in_native, id=25256, stack(0x000000cbf5c00000,0x000000cbf5d00000)]
  0x00000245e20f28a0 JavaThread "Notification Thread" daemon [_thread_blocked, id=10968, stack(0x000000cbf5d00000,0x000000cbf5e00000)]
  0x00000245e20f2db0 JavaThread "QuantumRenderer-0" daemon [_thread_blocked, id=10320, stack(0x000000cbf5f00000,0x000000cbf6000000)]
  0x00000245e20f1e80 JavaThread "InvokeLaterDispatcher" daemon [_thread_blocked, id=17352, stack(0x000000cbf6000000,0x000000cbf6100000)]
  0x00000245e20f1460 JavaThread "JavaFX Application Thread" [_thread_in_native, id=27176, stack(0x000000cbf6100000,0x000000cbf6200000)]
  0x00000245e38d7310 JavaThread "JavaFX-Launcher" [_thread_blocked, id=18232, stack(0x000000cbf6600000,0x000000cbf6700000)]
  0x00000245e38d63e0 JavaThread "Thread-2" daemon [_thread_in_native, id=21156, stack(0x000000cbf6500000,0x000000cbf6600000)]
  0x00000245e38d8c60 JavaThread "Prism Font Disposer" daemon [_thread_blocked, id=8824, stack(0x000000cbf6f00000,0x000000cbf7000000)]
  0x00000245e38d6e00 JavaThread "Cleaner-0" daemon [_thread_blocked, id=13192, stack(0x000000cbf7000000,0x000000cbf7100000)]
  0x00000245e38d9170 JavaThread "mysql-cj-abandoned-connection-cleanup" daemon [_thread_blocked, id=25028, stack(0x000000cbf7100000,0x000000cbf7200000)]
  0x00000245e38d8240 JavaThread "SIGINT handler" daemon [_thread_blocked, id=21480, stack(0x000000cbf4700000,0x000000cbf4800000)]

Other Threads:
=>0x00000245ffe61fb0 VMThread "VM Thread" [stack: 0x000000cbf4f00000,0x000000cbf5000000] [id=22276]
  0x00000245feb367c0 GCTaskThread "GC Thread#0" [stack: 0x000000cbf4a00000,0x000000cbf4b00000] [id=18052]
  0x00000245e38bf730 GCTaskThread "GC Thread#1" [stack: 0x000000cbf6700000,0x000000cbf6800000] [id=22056]
  0x00000245e3912e00 GCTaskThread "GC Thread#2" [stack: 0x000000cbf6800000,0x000000cbf6900000] [id=25196]
  0x00000245e38ab440 GCTaskThread "GC Thread#3" [stack: 0x000000cbf6900000,0x000000cbf6a00000] [id=12396]
  0x00000245e39661f0 GCTaskThread "GC Thread#4" [stack: 0x000000cbf6a00000,0x000000cbf6b00000] [id=11100]
  0x00000245e3946c60 GCTaskThread "GC Thread#5" [stack: 0x000000cbf6b00000,0x000000cbf6c00000] [id=11208]
  0x00000245e98ff370 GCTaskThread "GC Thread#6" [stack: 0x000000cbf5a00000,0x000000cbf5b00000] [id=21512]
  0x00000245e98fe5b0 GCTaskThread "GC Thread#7" [stack: 0x000000cbf5b00000,0x000000cbf5c00000] [id=25836]
  0x00000245feb47ca0 ConcurrentGCThread "G1 Main Marker" terminated
  0x00000245feb48e60 ConcurrentGCThread "G1 Conc#0" [stack: 0x000000cbf4c00000,0x000000cbf4d00000] [id=27136]
  0x00000245e98fedf0 ConcurrentGCThread "G1 Conc#1" [stack: 0x000000cbf7400000,0x000000cbf7500000] [id=15804]
  0x00000245feb8e620 ConcurrentGCThread "G1 Refine#0" terminated
  0x00000245ffd18e50 ConcurrentGCThread "G1 Service" terminated

Threads with active compile tasks:
C1 CompilerThread0  
[error occurred during error reporting (printing all threads), id 0xc0000005, EXCEPTION_ACCESS_VIOLATION (0xc0000005) at pc=0x00007ffd52be7c93]

VM state: at safepoint (shutting down)

VM Mutex/Monitor currently owned by a thread:  ([mutex/lock_event])
[0x00000245fead56f0] Threads_lock - owner thread: 0x00000245ffe61fb0
[0x00000245fead3bf0] Heap_lock - owner thread: 0x00000245e38d8240

Heap address: 0x0000000083a00000, size: 1990 MB, Compressed Oops mode: 32-bit

CDS archive(s) mapped at: [0x000002459d000000-0x000002459dbb0000-0x000002459dbb0000), size 12255232, SharedBaseAddress: 0x000002459d000000, ArchiveRelocationMode: 1.
Compressed class space mapped at: 0x000002459e000000-0x00000245de000000, reserved size: 1073741824
Narrow klass base: 0x000002459d000000, Narrow klass shift: 0, Narrow klass range: 0x100000000

GC Precious Log:
 CPUs: 8 total, 8 available
 Memory: 7957M
 Large Page Support: Disabled
 NUMA Support: Disabled
 Compressed Oops: Enabled (32-bit)
 Heap Region Size: 1M
 Heap Min Capacity: 8M
 Heap Initial Capacity: 126M
 Heap Max Capacity: 1990M
 Pre-touch: Disabled
 Parallel Workers: 8
 Concurrent Workers: 2
 Concurrent Refinement Workers: 8
 Periodic GC: Disabled

Heap:
 garbage-first heap   total 129024K, used 65012K [0x0000000083a00000, 0x0000000100000000)
  region size 1024K, 32 young (32768K), 8 survivors (8192K)
 Metaspace       used 22372K, committed 22592K, reserved 1114112K
  class space    used 3023K, committed 3136K, reserved 1048576K

Heap Regions: E=young(eden), S=young(survivor), O=old, HS=humongous(starts), HC=humongous(continues), CS=collection set, F=free, OA=open archive, CA=closed archive, TAMS=top-at-mark-start (previous, next)
|   0|0x0000000083a00000, 0x0000000083b00000, 0x0000000083b00000|100%| O|  |TAMS 0x0000000083b00000, 0x0000000083a00000| Untracked 
|   1|0x0000000083b00000, 0x0000000083c00000, 0x0000000083c00000|100%|HS|  |TAMS 0x0000000083c00000, 0x0000000083b00000| Complete 
|   2|0x0000000083c00000, 0x0000000083d00000, 0x0000000083d00000|100%|HC|  |TAMS 0x0000000083d00000, 0x0000000083c00000| Complete 
|   3|0x0000000083d00000, 0x0000000083e00000, 0x0000000083e00000|100%|HC|  |TAMS 0x0000000083e00000, 0x0000000083d00000| Complete 
|   4|0x0000000083e00000, 0x0000000083f00000, 0x0000000083f00000|100%|HC|  |TAMS 0x0000000083f00000, 0x0000000083e00000| Complete 
|   5|0x0000000083f00000, 0x0000000084000000, 0x0000000084000000|100%|HC|  |TAMS 0x0000000084000000, 0x0000000083f00000| Complete 
|   6|0x0000000084000000, 0x0000000084100000, 0x0000000084100000|100%|HS|  |TAMS 0x0000000084100000, 0x0000000084000000| Complete 
|   7|0x0000000084100000, 0x0000000084200000, 0x0000000084200000|100%|HC|  |TAMS 0x0000000084200000, 0x0000000084100000| Complete 
|   8|0x0000000084200000, 0x0000000084300000, 0x0000000084300000|100%| O|  |TAMS 0x0000000084300000, 0x0000000084200000| Untracked 
|   9|0x0000000084300000, 0x00000000843f0c00, 0x0000000084400000| 94%| O|  |TAMS 0x00000000843f0c00, 0x0000000084300000| Untracked 
|  10|0x0000000084400000, 0x0000000084500000, 0x0000000084500000|100%|HS|  |TAMS 0x0000000084500000, 0x0000000084400000| Complete 
|  11|0x0000000084500000, 0x0000000084600000, 0x0000000084600000|100%|HC|  |TAMS 0x0000000084600000, 0x0000000084500000| Complete 
|  12|0x0000000084600000, 0x0000000084700000, 0x0000000084700000|100%|HC|  |TAMS 0x0000000084700000, 0x0000000084600000| Complete 
|  13|0x0000000084700000, 0x0000000084800000, 0x0000000084800000|100%|HC|  |TAMS 0x0000000084800000, 0x0000000084700000| Complete 
|  14|0x0000000084800000, 0x0000000084900000, 0x0000000084900000|100%|HC|  |TAMS 0x0000000084900000, 0x0000000084800000| Complete 
|  15|0x0000000084900000, 0x0000000084a00000, 0x0000000084a00000|100%|HC|  |TAMS 0x0000000084a00000, 0x0000000084900000| Complete 
|  16|0x0000000084a00000, 0x0000000084b00000, 0x0000000084b00000|100%|HC|  |TAMS 0x0000000084b00000, 0x0000000084a00000| Complete 
|  17|0x0000000084b00000, 0x0000000084c00000, 0x0000000084c00000|100%|HC|  |TAMS 0x0000000084c00000, 0x0000000084b00000| Complete 
|  18|0x0000000084c00000, 0x0000000084d00000, 0x0000000084d00000|100%|HC|  |TAMS 0x0000000084d00000, 0x0000000084c00000| Complete 
|  19|0x0000000084d00000, 0x0000000084e00000, 0x0000000084e00000|100%|HC|  |TAMS 0x0000000084e00000, 0x0000000084d00000| Complete 
|  20|0x0000000084e00000, 0x0000000084f00000, 0x0000000084f00000|100%|HC|  |TAMS 0x0000000084f00000, 0x0000000084e00000| Complete 
|  21|0x0000000084f00000, 0x0000000085000000, 0x0000000085000000|100%|HC|  |TAMS 0x0000000085000000, 0x0000000084f00000| Complete 
|  22|0x0000000085000000, 0x0000000085100000, 0x0000000085100000|100%|HC|  |TAMS 0x0000000085100000, 0x0000000085000000| Complete 
|  23|0x0000000085100000, 0x0000000085200000, 0x0000000085200000|100%|HS|  |TAMS 0x0000000085200000, 0x0000000085100000| Complete 
|  24|0x0000000085200000, 0x0000000085300000, 0x0000000085300000|100%|HC|  |TAMS 0x0000000085300000, 0x0000000085200000| Complete 
|  25|0x0000000085300000, 0x0000000085400000, 0x0000000085400000|100%|HS|  |TAMS 0x0000000085400000, 0x0000000085300000| Complete 
|  26|0x0000000085400000, 0x0000000085500000, 0x0000000085500000|100%|HC|  |TAMS 0x0000000085500000, 0x0000000085400000| Complete 
|  27|0x0000000085500000, 0x0000000085600000, 0x0000000085600000|100%|HS|  |TAMS 0x0000000085600000, 0x0000000085500000| Complete 
|  28|0x0000000085600000, 0x0000000085700000, 0x0000000085700000|100%|HC|  |TAMS 0x0000000085700000, 0x0000000085600000| Complete 
|  29|0x0000000085700000, 0x0000000085800000, 0x0000000085800000|100%|HS|  |TAMS 0x0000000085800000, 0x0000000085700000| Complete 
|  30|0x0000000085800000, 0x0000000085900000, 0x0000000085900000|100%|HC|  |TAMS 0x0000000085900000, 0x0000000085800000| Complete 
|  31|0x0000000085900000, 0x0000000085a00000, 0x0000000085a00000|100%|HS|  |TAMS 0x0000000085a00000, 0x0000000085900000| Complete 
|  32|0x0000000085a00000, 0x0000000085b00000, 0x0000000085b00000|100%|HC|  |TAMS 0x0000000085b00000, 0x0000000085a00000| Complete 
|  33|0x0000000085b00000, 0x0000000085b00000, 0x0000000085c00000|  0%| F|  |TAMS 0x0000000085b00000, 0x0000000085b00000| Untracked 
|  34|0x0000000085c00000, 0x0000000085c00000, 0x0000000085d00000|  0%| F|  |TAMS 0x0000000085c00000, 0x0000000085c00000| Untracked 
|  35|0x0000000085d00000, 0x0000000085d00000, 0x0000000085e00000|  0%| F|  |TAMS 0x0000000085d00000, 0x0000000085d00000| Untracked 
|  36|0x0000000085e00000, 0x0000000085e00000, 0x0000000085f00000|  0%| F|  |TAMS 0x0000000085e00000, 0x0000000085e00000| Untracked 
|  37|0x0000000085f00000, 0x0000000085f00000, 0x0000000086000000|  0%| F|  |TAMS 0x0000000085f00000, 0x0000000085f00000| Untracked 
|  38|0x0000000086000000, 0x0000000086000000, 0x0000000086100000|  0%| F|  |TAMS 0x0000000086000000, 0x0000000086000000| Untracked 
|  39|0x0000000086100000, 0x0000000086100000, 0x0000000086200000|  0%| F|  |TAMS 0x0000000086100000, 0x0000000086100000| Untracked 
|  40|0x0000000086200000, 0x0000000086200000, 0x0000000086300000|  0%| F|  |TAMS 0x0000000086200000, 0x0000000086200000| Untracked 
|  41|0x0000000086300000, 0x0000000086300000, 0x0000000086400000|  0%| F|  |TAMS 0x0000000086300000, 0x0000000086300000| Untracked 
|  42|0x0000000086400000, 0x0000000086400000, 0x0000000086500000|  0%| F|  |TAMS 0x0000000086400000, 0x0000000086400000| Untracked 
|  43|0x0000000086500000, 0x0000000086500000, 0x0000000086600000|  0%| F|  |TAMS 0x0000000086500000, 0x0000000086500000| Untracked 
|  44|0x0000000086600000, 0x0000000086600000, 0x0000000086700000|  0%| F|  |TAMS 0x0000000086600000, 0x0000000086600000| Untracked 
|  45|0x0000000086700000, 0x0000000086700000, 0x0000000086800000|  0%| F|  |TAMS 0x0000000086700000, 0x0000000086700000| Untracked 
|  46|0x0000000086800000, 0x0000000086800000, 0x0000000086900000|  0%| F|  |TAMS 0x0000000086800000, 0x0000000086800000| Untracked 
|  47|0x0000000086900000, 0x0000000086900000, 0x0000000086a00000|  0%| F|  |TAMS 0x0000000086900000, 0x0000000086900000| Untracked 
|  48|0x0000000086a00000, 0x0000000086a00000, 0x0000000086b00000|  0%| F|  |TAMS 0x0000000086a00000, 0x0000000086a00000| Untracked 
|  49|0x0000000086b00000, 0x0000000086b00000, 0x0000000086c00000|  0%| F|  |TAMS 0x0000000086b00000, 0x0000000086b00000| Untracked 
|  50|0x0000000086c00000, 0x0000000086c00000, 0x0000000086d00000|  0%| F|  |TAMS 0x0000000086c00000, 0x0000000086c00000| Untracked 
|  51|0x0000000086d00000, 0x0000000086d00000, 0x0000000086e00000|  0%| F|  |TAMS 0x0000000086d00000, 0x0000000086d00000| Untracked 
|  52|0x0000000086e00000, 0x0000000086e00000, 0x0000000086f00000|  0%| F|  |TAMS 0x0000000086e00000, 0x0000000086e00000| Untracked 
|  53|0x0000000086f00000, 0x0000000086f00000, 0x0000000087000000|  0%| F|  |TAMS 0x0000000086f00000, 0x0000000086f00000| Untracked 
|  54|0x0000000087000000, 0x0000000087000000, 0x0000000087100000|  0%| F|  |TAMS 0x0000000087000000, 0x0000000087000000| Untracked 
|  55|0x0000000087100000, 0x0000000087100000, 0x0000000087200000|  0%| F|  |TAMS 0x0000000087100000, 0x0000000087100000| Untracked 
|  56|0x0000000087200000, 0x0000000087200000, 0x0000000087300000|  0%| F|  |TAMS 0x0000000087200000, 0x0000000087200000| Untracked 
|  57|0x0000000087300000, 0x0000000087300000, 0x0000000087400000|  0%| F|  |TAMS 0x0000000087300000, 0x0000000087300000| Untracked 
|  58|0x0000000087400000, 0x0000000087400000, 0x0000000087500000|  0%| F|  |TAMS 0x0000000087400000, 0x0000000087400000| Untracked 
|  59|0x0000000087500000, 0x0000000087500000, 0x0000000087600000|  0%| F|  |TAMS 0x0000000087500000, 0x0000000087500000| Untracked 
|  60|0x0000000087600000, 0x0000000087600000, 0x0000000087700000|  0%| F|  |TAMS 0x0000000087600000, 0x0000000087600000| Untracked 
|  61|0x0000000087700000, 0x0000000087700000, 0x0000000087800000|  0%| F|  |TAMS 0x0000000087700000, 0x0000000087700000| Untracked 
|  62|0x0000000087800000, 0x0000000087800000, 0x0000000087900000|  0%| F|  |TAMS 0x0000000087800000, 0x0000000087800000| Untracked 
|  63|0x0000000087900000, 0x0000000087900000, 0x0000000087a00000|  0%| F|  |TAMS 0x0000000087900000, 0x0000000087900000| Untracked 
|  64|0x0000000087a00000, 0x0000000087a00000, 0x0000000087b00000|  0%| F|  |TAMS 0x0000000087a00000, 0x0000000087a00000| Untracked 
|  65|0x0000000087b00000, 0x0000000087b00000, 0x0000000087c00000|  0%| F|  |TAMS 0x0000000087b00000, 0x0000000087b00000| Untracked 
|  66|0x0000000087c00000, 0x0000000087c00000, 0x0000000087d00000|  0%| F|  |TAMS 0x0000000087c00000, 0x0000000087c00000| Untracked 
|  67|0x0000000087d00000, 0x0000000087d00000, 0x0000000087e00000|  0%| F|  |TAMS 0x0000000087d00000, 0x0000000087d00000| Untracked 
|  68|0x0000000087e00000, 0x0000000087e00000, 0x0000000087f00000|  0%| F|  |TAMS 0x0000000087e00000, 0x0000000087e00000| Untracked 
|  69|0x0000000087f00000, 0x0000000087f00000, 0x0000000088000000|  0%| F|  |TAMS 0x0000000087f00000, 0x0000000087f00000| Untracked 
|  70|0x0000000088000000, 0x0000000088000000, 0x0000000088100000|  0%| F|  |TAMS 0x0000000088000000, 0x0000000088000000| Untracked 
|  71|0x0000000088100000, 0x0000000088100000, 0x0000000088200000|  0%| F|  |TAMS 0x0000000088100000, 0x0000000088100000| Untracked 
|  72|0x0000000088200000, 0x0000000088200000, 0x0000000088300000|  0%| F|  |TAMS 0x0000000088200000, 0x0000000088200000| Untracked 
|  73|0x0000000088300000, 0x0000000088300000, 0x0000000088400000|  0%| F|  |TAMS 0x0000000088300000, 0x0000000088300000| Untracked 
|  74|0x0000000088400000, 0x0000000088400000, 0x0000000088500000|  0%| F|  |TAMS 0x0000000088400000, 0x0000000088400000| Untracked 
|  75|0x0000000088500000, 0x0000000088500000, 0x0000000088600000|  0%| F|  |TAMS 0x0000000088500000, 0x0000000088500000| Untracked 
|  76|0x0000000088600000, 0x0000000088600000, 0x0000000088700000|  0%| F|  |TAMS 0x0000000088600000, 0x0000000088600000| Untracked 
|  77|0x0000000088700000, 0x0000000088700000, 0x0000000088800000|  0%| F|  |TAMS 0x0000000088700000, 0x0000000088700000| Untracked 
|  78|0x0000000088800000, 0x0000000088800000, 0x0000000088900000|  0%| F|  |TAMS 0x0000000088800000, 0x0000000088800000| Untracked 
|  79|0x0000000088900000, 0x0000000088900000, 0x0000000088a00000|  0%| F|  |TAMS 0x0000000088900000, 0x0000000088900000| Untracked 
|  80|0x0000000088a00000, 0x0000000088a00000, 0x0000000088b00000|  0%| F|  |TAMS 0x0000000088a00000, 0x0000000088a00000| Untracked 
|  81|0x0000000088b00000, 0x0000000088b00000, 0x0000000088c00000|  0%| F|  |TAMS 0x0000000088b00000, 0x0000000088b00000| Untracked 
|  82|0x0000000088c00000, 0x0000000088c00000, 0x0000000088d00000|  0%| F|  |TAMS 0x0000000088c00000, 0x0000000088c00000| Untracked 
|  83|0x0000000088d00000, 0x0000000088d00000, 0x0000000088e00000|  0%| F|  |TAMS 0x0000000088d00000, 0x0000000088d00000| Untracked 
|  84|0x0000000088e00000, 0x0000000088e00000, 0x0000000088f00000|  0%| F|  |TAMS 0x0000000088e00000, 0x0000000088e00000| Untracked 
|  85|0x0000000088f00000, 0x0000000088f00000, 0x0000000089000000|  0%| F|  |TAMS 0x0000000088f00000, 0x0000000088f00000| Untracked 
|  86|0x0000000089000000, 0x0000000089000000, 0x0000000089100000|  0%| F|  |TAMS 0x0000000089000000, 0x0000000089000000| Untracked 
|  87|0x0000000089100000, 0x0000000089100000, 0x0000000089200000|  0%| F|  |TAMS 0x0000000089100000, 0x0000000089100000| Untracked 
|  88|0x0000000089200000, 0x0000000089200000, 0x0000000089300000|  0%| F|  |TAMS 0x0000000089200000, 0x0000000089200000| Untracked 
|  89|0x0000000089300000, 0x0000000089300000, 0x0000000089400000|  0%| F|  |TAMS 0x0000000089300000, 0x0000000089300000| Untracked 
|  90|0x0000000089400000, 0x0000000089400000, 0x0000000089500000|  0%| F|  |TAMS 0x0000000089400000, 0x0000000089400000| Untracked 
|  91|0x0000000089500000, 0x000000008958c4d0, 0x0000000089600000| 54%| S|CS|TAMS 0x0000000089500000, 0x0000000089500000| Complete 
|  92|0x0000000089600000, 0x0000000089700000, 0x0000000089700000|100%| S|CS|TAMS 0x0000000089600000, 0x0000000089600000| Complete 
|  93|0x0000000089700000, 0x0000000089800000, 0x0000000089800000|100%| S|CS|TAMS 0x0000000089700000, 0x0000000089700000| Complete 
|  94|0x0000000089800000, 0x0000000089900000, 0x0000000089900000|100%| S|CS|TAMS 0x0000000089800000, 0x0000000089800000| Complete 
|  95|0x0000000089900000, 0x0000000089a00000, 0x0000000089a00000|100%| S|CS|TAMS 0x0000000089900000, 0x0000000089900000| Complete 
|  96|0x0000000089a00000, 0x0000000089b00000, 0x0000000089b00000|100%| S|CS|TAMS 0x0000000089a00000, 0x0000000089a00000| Complete 
|  97|0x0000000089b00000, 0x0000000089c00000, 0x0000000089c00000|100%| S|CS|TAMS 0x0000000089b00000, 0x0000000089b00000| Complete 
|  98|0x0000000089c00000, 0x0000000089d00000, 0x0000000089d00000|100%| S|CS|TAMS 0x0000000089c00000, 0x0000000089c00000| Complete 
|  99|0x0000000089d00000, 0x0000000089d00000, 0x0000000089e00000|  0%| F|  |TAMS 0x0000000089d00000, 0x0000000089d00000| Untracked 
| 100|0x0000000089e00000, 0x0000000089e00000, 0x0000000089f00000|  0%| F|  |TAMS 0x0000000089e00000, 0x0000000089e00000| Untracked 
| 101|0x0000000089f00000, 0x0000000089f00000, 0x000000008a000000|  0%| F|  |TAMS 0x0000000089f00000, 0x0000000089f00000| Untracked 
| 102|0x000000008a000000, 0x000000008a069588, 0x000000008a100000| 41%| E|  |TAMS 0x000000008a000000, 0x000000008a000000| Complete 
| 103|0x000000008a100000, 0x000000008a200000, 0x000000008a200000|100%| E|CS|TAMS 0x000000008a100000, 0x000000008a100000| Complete 
| 104|0x000000008a200000, 0x000000008a300000, 0x000000008a300000|100%| E|CS|TAMS 0x000000008a200000, 0x000000008a200000| Complete 
| 105|0x000000008a300000, 0x000000008a400000, 0x000000008a400000|100%| E|CS|TAMS 0x000000008a300000, 0x000000008a300000| Complete 
| 106|0x000000008a400000, 0x000000008a500000, 0x000000008a500000|100%| E|CS|TAMS 0x000000008a400000, 0x000000008a400000| Complete 
| 107|0x000000008a500000, 0x000000008a600000, 0x000000008a600000|100%| E|CS|TAMS 0x000000008a500000, 0x000000008a500000| Complete 
| 108|0x000000008a600000, 0x000000008a700000, 0x000000008a700000|100%| E|CS|TAMS 0x000000008a600000, 0x000000008a600000| Complete 
| 109|0x000000008a700000, 0x000000008a800000, 0x000000008a800000|100%| E|CS|TAMS 0x000000008a700000, 0x000000008a700000| Complete 
| 110|0x000000008a800000, 0x000000008a900000, 0x000000008a900000|100%| E|CS|TAMS 0x000000008a800000, 0x000000008a800000| Complete 
| 111|0x000000008a900000, 0x000000008aa00000, 0x000000008aa00000|100%| E|CS|TAMS 0x000000008a900000, 0x000000008a900000| Complete 
| 112|0x000000008aa00000, 0x000000008ab00000, 0x000000008ab00000|100%| E|CS|TAMS 0x000000008aa00000, 0x000000008aa00000| Complete 
| 113|0x000000008ab00000, 0x000000008ac00000, 0x000000008ac00000|100%| E|CS|TAMS 0x000000008ab00000, 0x000000008ab00000| Complete 
| 114|0x000000008ac00000, 0x000000008ad00000, 0x000000008ad00000|100%| E|CS|TAMS 0x000000008ac00000, 0x000000008ac00000| Complete 
| 115|0x000000008ad00000, 0x000000008ae00000, 0x000000008ae00000|100%| E|CS|TAMS 0x000000008ad00000, 0x000000008ad00000| Complete 
| 116|0x000000008ae00000, 0x000000008af00000, 0x000000008af00000|100%| E|CS|TAMS 0x000000008ae00000, 0x000000008ae00000| Complete 
| 117|0x000000008af00000, 0x000000008b000000, 0x000000008b000000|100%| E|CS|TAMS 0x000000008af00000, 0x000000008af00000| Complete 
| 118|0x000000008b000000, 0x000000008b100000, 0x000000008b100000|100%| E|CS|TAMS 0x000000008b000000, 0x000000008b000000| Complete 
| 119|0x000000008b100000, 0x000000008b200000, 0x000000008b200000|100%| E|CS|TAMS 0x000000008b100000, 0x000000008b100000| Complete 
| 120|0x000000008b200000, 0x000000008b300000, 0x000000008b300000|100%| E|CS|TAMS 0x000000008b200000, 0x000000008b200000| Complete 
| 121|0x000000008b300000, 0x000000008b400000, 0x000000008b400000|100%| E|CS|TAMS 0x000000008b300000, 0x000000008b300000| Complete 
| 122|0x000000008b400000, 0x000000008b500000, 0x000000008b500000|100%| E|CS|TAMS 0x000000008b400000, 0x000000008b400000| Complete 
| 123|0x000000008b500000, 0x000000008b600000, 0x000000008b600000|100%| E|CS|TAMS 0x000000008b500000, 0x000000008b500000| Complete 
| 124|0x000000008b600000, 0x000000008b700000, 0x000000008b700000|100%| E|CS|TAMS 0x000000008b600000, 0x000000008b600000| Complete 
| 125|0x000000008b700000, 0x000000008b800000, 0x000000008b800000|100%| E|CS|TAMS 0x000000008b700000, 0x000000008b700000| Complete 

Card table byte_map: [0x00000245ff2b0000,0x00000245ff6a0000] _byte_map_base: 0x00000245fee93000

Marking Bits (Prev, Next): (CMBitMap*) 0x00000245feb36e20, (CMBitMap*) 0x00000245feb36de0
 Prev Bits: [0x00000245989c0000, 0x000002459a8d8000)
 Next Bits: [0x0000024596aa0000, 0x00000245989b8000)

Polling page: 0x00000245fc9d0000

Metaspace:

Usage:
  Non-class:     18.90 MB used.
      Class:      2.95 MB used.
       Both:     21.85 MB used.

Virtual space:
  Non-class space:       64.00 MB reserved,      19.00 MB ( 30%) committed,  1 nodes.
      Class space:        1.00 GB reserved,       3.06 MB ( <1%) committed,  1 nodes.
             Both:        1.06 GB reserved,      22.06 MB (  2%) committed. 

Chunk freelists:
   Non-Class:  12.95 MB
       Class:  12.94 MB
        Both:  25.89 MB

MaxMetaspaceSize: unlimited
CompressedClassSpaceSize: 1.00 GB
Initial GC threshold: 21.00 MB
Current GC threshold: 35.12 MB
CDS: on
MetaspaceReclaimPolicy: balanced
 - commit_granule_bytes: 65536.
 - commit_granule_words: 8192.
 - virtual_space_node_default_size: 8388608.
 - enlarge_chunks_in_place: 1.
 - new_chunks_are_fully_committed: 0.
 - uncommit_free_chunks: 1.
 - use_allocation_guard: 0.
 - handle_deallocations: 1.


Internal statistics:

num_allocs_failed_limit: 3.
num_arena_births: 262.
num_arena_deaths: 0.
num_vsnodes_births: 2.
num_vsnodes_deaths: 0.
num_space_committed: 353.
num_space_uncommitted: 0.
num_chunks_returned_to_freelist: 3.
num_chunks_taken_from_freelist: 1047.
num_chunk_merges: 3.
num_chunk_splits: 708.
num_chunks_enlarged: 546.
num_inconsistent_stats: 0.

CodeHeap 'non-profiled nmethods': size=120000Kb used=2532Kb max_used=2532Kb free=117467Kb
 bounds [0x000002458f570000, 0x000002458f7f0000, 0x0000024596aa0000]
CodeHeap 'profiled nmethods': size=120000Kb used=10357Kb max_used=10357Kb free=109643Kb
 bounds [0x0000024587aa0000, 0x00000245884c0000, 0x000002458efd0000]
CodeHeap 'non-nmethods': size=5760Kb used=1486Kb max_used=1540Kb free=4273Kb
 bounds [0x000002458efd0000, 0x000002458f240000, 0x000002458f570000]
 total_blobs=5894 nmethods=5043 adapters=763
 compilation: enabled
              stopped_count=0, restarted_count=0
 full_count=0

Compilation events (20 events):
Event: 36.890 Thread 0x00000245e98f07b0 nmethod 5031 0x000002458f7e4090 code [0x000002458f7e4260, 0x000002458f7e49e8]
Event: 38.412 Thread 0x00000245e98f07b0 5032       4       com.sun.javafx.event.BasicEventDispatcher::dispatchEvent (44 bytes)
Event: 38.416 Thread 0x00000245e98f07b0 nmethod 5032 0x000002458f7e4f10 code [0x000002458f7e50a0, 0x000002458f7e5318]
Event: 39.057 Thread 0x00000245ffe89640 5033       4       com.sun.javafx.tk.quantum.GlassViewEventHandler::mouseEventButton (60 bytes)
Event: 39.058 Thread 0x00000245ffe89640 nmethod 5033 0x000002458f7e5610 code [0x000002458f7e5780, 0x000002458f7e5818]
Event: 40.274 Thread 0x00000245ffe8a0f0 5038       3       javafx.scene.Node$15::invalidated (43 bytes)
Event: 40.275 Thread 0x00000245ffe8a0f0 nmethod 5038 0x00000245884bb510 code [0x00000245884bb780, 0x00000245884bc218]
Event: 40.460 Thread 0x00000245ffe89640 5039       4       javafx.event.Event::<init> (36 bytes)
Event: 40.464 Thread 0x00000245ffe89640 nmethod 5039 0x000002458f7e6510 code [0x000002458f7e6680, 0x000002458f7e6998]
Event: 84.550 Thread 0x00000245ffe89640 5040       4       com.sun.javafx.tk.quantum.QuantumToolkit::postPulse (133 bytes)
Event: 84.589 Thread 0x00000245ffe89640 nmethod 5040 0x000002458f7e6a10 code [0x000002458f7e6c40, 0x000002458f7e8060]
Event: 86.400 Thread 0x00000245ffe89640 5041       4       com.sun.javafx.tk.quantum.QuantumToolkit$$Lambda$92/0x000002459e032a70::run (8 bytes)
Event: 86.401 Thread 0x00000245ffe89640 nmethod 5041 0x000002458f7e8a90 code [0x000002458f7e8c20, 0x000002458f7e8d18]
Event: 134.893 Thread 0x00000245ffe8a0f0 5042       3       jdk.internal.loader.BuiltinClassLoader::hasClassPath (13 bytes)
Event: 134.894 Thread 0x00000245ffe8a0f0 nmethod 5042 0x00000245884bc590 code [0x00000245884bc720, 0x00000245884bc878]
Event: 189.945 Thread 0x00000245ffe8a0f0 5043       3       jdk.internal.module.Resources::toPackageName (39 bytes)
Event: 189.947 Thread 0x00000245ffe8a0f0 nmethod 5043 0x00000245884bc910 code [0x00000245884bcb40, 0x00000245884bd1b8]
Event: 245.637 Thread 0x00000245ffe89640 5044       4       java.util.concurrent.ConcurrentHashMap$BaseIterator::hasNext (13 bytes)
Event: 245.638 Thread 0x00000245ffe89640 nmethod 5044 0x000002458f7e8e10 code [0x000002458f7e8f80, 0x000002458f7e9018]
Event: 245.639 Thread 0x00000245ffe8a0f0 5045       3       java.util.LinkedList::remove (77 bytes)

GC Heap History (6 events):
Event: 0.456 GC heap before
{Heap before GC invocations=0 (full 0):
 garbage-first heap   total 129024K, used 22528K [0x0000000083a00000, 0x0000000100000000)
  region size 1024K, 23 young (23552K), 0 survivors (0K)
 Metaspace       used 5970K, committed 6144K, reserved 1114112K
  class space    used 700K, committed 832K, reserved 1048576K
}
Event: 0.458 GC heap after
{Heap after GC invocations=1 (full 0):
 garbage-first heap   total 129024K, used 3104K [0x0000000083a00000, 0x0000000100000000)
  region size 1024K, 3 young (3072K), 3 survivors (3072K)
 Metaspace       used 5970K, committed 6144K, reserved 1114112K
  class space    used 700K, committed 832K, reserved 1048576K
}
Event: 6.837 GC heap before
{Heap before GC invocations=1 (full 0):
 garbage-first heap   total 129024K, used 43040K [0x0000000083a00000, 0x0000000100000000)
  region size 1024K, 36 young (36864K), 3 survivors (3072K)
 Metaspace       used 14824K, committed 15040K, reserved 1114112K
  class space    used 2145K, committed 2240K, reserved 1048576K
}
Event: 6.842 GC heap after
{Heap after GC invocations=2 (full 0):
 garbage-first heap   total 129024K, used 14386K [0x0000000083a00000, 0x0000000100000000)
  region size 1024K, 5 young (5120K), 5 survivors (5120K)
 Metaspace       used 14824K, committed 15040K, reserved 1114112K
  class space    used 2145K, committed 2240K, reserved 1048576K
}
Event: 14.769 GC heap before
{Heap before GC invocations=2 (full 0):
 garbage-first heap   total 129024K, used 64562K [0x0000000083a00000, 0x0000000100000000)
  region size 1024K, 32 young (32768K), 5 survivors (5120K)
 Metaspace       used 21269K, committed 21504K, reserved 1114112K
  class space    used 2924K, committed 3072K, reserved 1048576K
}
Event: 14.774 GC heap after
{Heap after GC invocations=3 (full 0):
 garbage-first heap   total 129024K, used 41460K [0x0000000083a00000, 0x0000000100000000)
  region size 1024K, 8 young (8192K), 8 survivors (8192K)
 Metaspace       used 21269K, committed 21504K, reserved 1114112K
  class space    used 2924K, committed 3072K, reserved 1048576K
}

Dll operation events (20 events):
Event: 0.236 Loaded shared library C:\Program Files\JavaFX\javafx-sdk-17.0.15\bin\api-ms-win-crt-multibyte-l1-1-0.dll
Event: 0.237 Loaded shared library C:\Program Files\JavaFX\javafx-sdk-17.0.15\bin\api-ms-win-crt-private-l1-1-0.dll
Event: 0.239 Loaded shared library C:\Program Files\JavaFX\javafx-sdk-17.0.15\bin\api-ms-win-crt-process-l1-1-0.dll
Event: 0.240 Loaded shared library C:\Program Files\JavaFX\javafx-sdk-17.0.15\bin\api-ms-win-crt-runtime-l1-1-0.dll
Event: 0.242 Loaded shared library C:\Program Files\JavaFX\javafx-sdk-17.0.15\bin\api-ms-win-crt-stdio-l1-1-0.dll
Event: 0.243 Loaded shared library C:\Program Files\JavaFX\javafx-sdk-17.0.15\bin\api-ms-win-crt-string-l1-1-0.dll
Event: 0.244 Loaded shared library C:\Program Files\JavaFX\javafx-sdk-17.0.15\bin\api-ms-win-crt-time-l1-1-0.dll
Event: 0.244 Loaded shared library C:\Program Files\JavaFX\javafx-sdk-17.0.15\bin\api-ms-win-crt-utility-l1-1-0.dll
Event: 0.246 Loaded shared library C:\Program Files\JavaFX\javafx-sdk-17.0.15\bin\ucrtbase.dll
Event: 0.246 Loaded shared library C:\Program Files\JavaFX\javafx-sdk-17.0.15\bin\vcruntime140.dll
Event: 0.247 Loaded shared library C:\Program Files\JavaFX\javafx-sdk-17.0.15\bin\vcruntime140_1.dll
Event: 0.248 Loaded shared library C:\Program Files\JavaFX\javafx-sdk-17.0.15\bin\msvcp140.dll
Event: 0.249 Loaded shared library C:\Program Files\JavaFX\javafx-sdk-17.0.15\bin\msvcp140_1.dll
Event: 0.250 Loaded shared library C:\Program Files\JavaFX\javafx-sdk-17.0.15\bin\msvcp140_2.dll
Event: 0.282 Loaded shared library C:\Program Files\JavaFX\javafx-sdk-17.0.15\bin\prism_d3d.dll
Event: 0.318 Loaded shared library C:\Program Files\JavaFX\javafx-sdk-17.0.15\bin\glass.dll
Event: 0.400 Loaded shared library C:\Users\jccas\.jdks\temurin-17.0.15\bin\jimage.dll
Event: 0.474 Loaded shared library C:\Program Files\JavaFX\javafx-sdk-17.0.15\bin\javafx_iio.dll
Event: 0.512 Loaded shared library C:\Program Files\JavaFX\javafx-sdk-17.0.15\bin\javafx_font.dll
Event: 9.760 Loaded shared library C:\Users\jccas\.jdks\temurin-17.0.15\bin\verify.dll

Deoptimization events (20 events):
Event: 32.828 Thread 0x00000245e20f1460 Uncommon trap: trap_request=0xffffffbe fr.pc=0x000002458f7a1384 relative=0x00000000000059c4
Event: 32.828 Thread 0x00000245e20f1460 Uncommon trap: reason=profile_predicate action=maybe_recompile pc=0x000002458f7a1384 method=javafx.scene.CssStyleHelper.transitionToState(Ljavafx/scene/Node;)V @ 291 c2
Event: 32.828 Thread 0x00000245e20f1460 DEOPT PACKING pc=0x000002458f7a1384 sp=0x000000cbf61fb4a0
Event: 32.828 Thread 0x00000245e20f1460 DEOPT UNPACKING pc=0x000002458f02a1a3 sp=0x000000cbf61fb408 mode 2
Event: 34.139 Thread 0x00000245e20f1460 Uncommon trap: trap_request=0xffffffbe fr.pc=0x000002458f7a1384 relative=0x00000000000059c4
Event: 34.139 Thread 0x00000245e20f1460 Uncommon trap: reason=profile_predicate action=maybe_recompile pc=0x000002458f7a1384 method=javafx.scene.CssStyleHelper.transitionToState(Ljavafx/scene/Node;)V @ 291 c2
Event: 34.139 Thread 0x00000245e20f1460 DEOPT PACKING pc=0x000002458f7a1384 sp=0x000000cbf61fe2d0
Event: 34.139 Thread 0x00000245e20f1460 DEOPT UNPACKING pc=0x000002458f02a1a3 sp=0x000000cbf61fe238 mode 2
Event: 34.428 Thread 0x00000245e20f1460 Uncommon trap: trap_request=0xffffffbe fr.pc=0x000002458f7a1384 relative=0x00000000000059c4
Event: 34.428 Thread 0x00000245e20f1460 Uncommon trap: reason=profile_predicate action=maybe_recompile pc=0x000002458f7a1384 method=javafx.scene.CssStyleHelper.transitionToState(Ljavafx/scene/Node;)V @ 291 c2
Event: 34.428 Thread 0x00000245e20f1460 DEOPT PACKING pc=0x000002458f7a1384 sp=0x000000cbf61fe2d0
Event: 34.428 Thread 0x00000245e20f1460 DEOPT UNPACKING pc=0x000002458f02a1a3 sp=0x000000cbf61fe238 mode 2
Event: 34.747 Thread 0x00000245e20f1460 Uncommon trap: trap_request=0xffffffbe fr.pc=0x000002458f7a1384 relative=0x00000000000059c4
Event: 34.747 Thread 0x00000245e20f1460 Uncommon trap: reason=profile_predicate action=maybe_recompile pc=0x000002458f7a1384 method=javafx.scene.CssStyleHelper.transitionToState(Ljavafx/scene/Node;)V @ 291 c2
Event: 34.747 Thread 0x00000245e20f1460 DEOPT PACKING pc=0x000002458f7a1384 sp=0x000000cbf61fe2d0
Event: 34.747 Thread 0x00000245e20f1460 DEOPT UNPACKING pc=0x000002458f02a1a3 sp=0x000000cbf61fe238 mode 2
Event: 36.210 Thread 0x00000245e20f2db0 Uncommon trap: trap_request=0xffffff6e fr.pc=0x000002458f7b6c34 relative=0x00000000000005b4
Event: 36.210 Thread 0x00000245e20f2db0 Uncommon trap: reason=loop_limit_check action=maybe_recompile pc=0x000002458f7b6c34 method=com.sun.javafx.image.impl.BaseByteToByteConverter$ByteAnyToSameConverter.doConvert([BII[BIIII)V @ 5 c2
Event: 36.210 Thread 0x00000245e20f2db0 DEOPT PACKING pc=0x000002458f7b6c34 sp=0x000000cbf5ffe0d0
Event: 36.210 Thread 0x00000245e20f2db0 DEOPT UNPACKING pc=0x000002458f02a1a3 sp=0x000000cbf5ffe068 mode 2

Classes loaded (20 events):
Event: 10.139 Loading class jdk/internal/reflect/BootstrapConstructorAccessorImpl
Event: 10.139 Loading class jdk/internal/reflect/BootstrapConstructorAccessorImpl done
Event: 11.261 Loading class java/util/BitSet$1BitSetSpliterator
Event: 11.261 Loading class java/util/BitSet$1BitSetSpliterator done
Event: 11.261 Loading class java/util/stream/IntPipeline$1
Event: 11.262 Loading class java/util/stream/IntPipeline$1 done
Event: 11.262 Loading class java/util/stream/IntPipeline$1$1
Event: 11.262 Loading class java/util/stream/IntPipeline$1$1 done
Event: 14.737 Loading class sun/reflect/generics/tree/BottomSignature
Event: 14.737 Loading class sun/reflect/generics/tree/BottomSignature done
Event: 14.737 Loading class sun/reflect/generics/tree/Wildcard
Event: 14.737 Loading class sun/reflect/generics/tree/Wildcard done
Event: 14.737 Loading class sun/reflect/generics/reflectiveObjects/WildcardTypeImpl
Event: 14.737 Loading class java/lang/reflect/WildcardType
Event: 14.737 Loading class java/lang/reflect/WildcardType done
Event: 14.737 Loading class sun/reflect/generics/reflectiveObjects/WildcardTypeImpl done
Event: 14.768 Loading class sun/invoke/util/VerifyAccess$1
Event: 14.768 Loading class sun/invoke/util/VerifyAccess$1 done
Event: 245.636 Loading class jdk/internal/misc/Signal$1
Event: 245.636 Loading class jdk/internal/misc/Signal$1 done

Classes unloaded (0 events):
No events

Classes redefined (0 events):
No events

Internal exceptions (20 events):
Event: 0.667 Thread 0x00000245e20f1460 Implicit null exception at 0x000002458f5cf08d to 0x000002458f5cf48c
Event: 0.813 Thread 0x00000245e20f1460 Exception <a 'java/lang/NoSuchMethodError'{0x000000008a594fc8}: 'java.lang.Object java.lang.invoke.DirectMethodHandle$Holder.invokeInterface(java.lang.Object, java.lang.Object, java.lang.Object)'> (0x000000008a594fc8) 
thrown [s\src\hotspot\share\interpreter\linkResolver.cpp, line 759]
Event: 0.813 Thread 0x00000245e20f1460 Exception <a 'java/lang/IncompatibleClassChangeError'{0x000000008a598950}: Found class java.lang.Object, but interface was expected> (0x000000008a598950) 
thrown [s\src\hotspot\share\interpreter\linkResolver.cpp, line 826]
Event: 0.846 Thread 0x00000245e20f1460 Exception <a 'java/lang/ClassNotFoundException'{0x000000008a38bf68}: com/sun/javafx/scene/control/skin/resources/controls> (0x000000008a38bf68) 
thrown [s\src\hotspot\share\prims\jni.cpp, line 535]
Event: 0.847 Thread 0x00000245e20f1460 Exception <a 'java/lang/ClassNotFoundException'{0x000000008a399f08}: com/sun/javafx/scene/control/skin/resources/controls_es> (0x000000008a399f08) 
thrown [s\src\hotspot\share\prims\jni.cpp, line 535]
Event: 0.847 Thread 0x00000245e20f1460 Exception <a 'java/lang/ClassNotFoundException'{0x000000008a3a7b68}: com/sun/javafx/scene/control/skin/resources/controls_es_MX> (0x000000008a3a7b68) 
thrown [s\src\hotspot\share\prims\jni.cpp, line 535]
Event: 0.881 Thread 0x00000245e20f1460 Exception <a 'java/lang/NoSuchMethodError'{0x000000008a162528}: 'void java.lang.invoke.DirectMethodHandle$Holder.invokeSpecial(java.lang.Object, java.lang.Object, java.lang.Object, java.lang.Object, java.lang.Object, java.lang.Object)'> (0x000000008a162528) 
thrown [s\src\hotspot\share\interpreter\linkResolver.cpp, line 759]
Event: 0.946 Thread 0x00000245e20f1460 Exception <a 'java/lang/NoSuchMethodError'{0x0000000089a13820}: 'java.lang.Object java.lang.invoke.DirectMethodHandle$Holder.newInvokeSpecial(java.lang.Object, java.lang.Object, int)'> (0x0000000089a13820) 
thrown [s\src\hotspot\share\interpreter\linkResolver.cpp, line 759]
Event: 0.970 Thread 0x00000245e20f2db0 Exception <a 'java/lang/NoSuchMethodError'{0x0000000089986f60}: 'int java.lang.invoke.DirectMethodHandle$Holder.invokeStaticInit(java.lang.Object, java.lang.Object)'> (0x0000000089986f60) 
thrown [s\src\hotspot\share\interpreter\linkResolver.cpp, line 759]
Event: 0.974 Thread 0x00000245e20f1460 Exception <a 'java/lang/NoSuchMethodError'{0x0000000089968c40}: 'long java.lang.invoke.DirectMethodHandle$Holder.invokeStatic(java.lang.Object, java.lang.Object, java.lang.Object)'> (0x0000000089968c40) 
thrown [s\src\hotspot\share\interpreter\linkResolver.cpp, line 759]
Event: 0.975 Thread 0x00000245e20f1460 Exception <a 'java/lang/NoSuchMethodError'{0x000000008996c3e8}: 'long java.lang.invoke.DirectMethodHandle$Holder.invokeStaticInit(java.lang.Object, java.lang.Object, java.lang.Object)'> (0x000000008996c3e8) 
thrown [s\src\hotspot\share\interpreter\linkResolver.cpp, line 759]
Event: 0.976 Thread 0x00000245e20f1460 Exception <a 'java/lang/NoSuchMethodError'{0x0000000089817618}: 'java.lang.Object java.lang.invoke.DirectMethodHandle$Holder.newInvokeSpecial(java.lang.Object, java.lang.Object, long)'> (0x0000000089817618) 
thrown [s\src\hotspot\share\interpreter\linkResolver.cpp, line 759]
Event: 0.977 Thread 0x00000245e20f1460 Exception <a 'java/lang/NoSuchMethodError'{0x000000008981b188}: 'java.lang.Object java.lang.invoke.Invokers$Holder.linkToTargetMethod(java.lang.Object, long, java.lang.Object)'> (0x000000008981b188) 
thrown [s\src\hotspot\share\interpreter\linkResolver.cpp, line 759]
Event: 0.992 Thread 0x00000245e20f2db0 Exception <a 'java/lang/NoSuchMethodError'{0x00000000898acee0}: 'java.lang.Object java.lang.invoke.DirectMethodHandle$Holder.invokeStaticInit(java.lang.Object, int)'> (0x00000000898acee0) 
thrown [s\src\hotspot\share\interpreter\linkResolver.cpp, line 759]
Event: 9.581 Thread 0x00000245e20f1460 Exception <a 'java/lang/NoSuchMethodError'{0x000000008b427d50}: 'java.lang.Object java.lang.invoke.DirectMethodHandle$Holder.invokeInterface(java.lang.Object, java.lang.Object)'> (0x000000008b427d50) 
thrown [s\src\hotspot\share\interpreter\linkResolver.cpp, line 759]
Event: 9.595 Thread 0x00000245e20f1460 Exception <a 'java/lang/NoSuchMethodError'{0x000000008b4a1890}: 'java.lang.Object java.lang.invoke.DirectMethodHandle$Holder.invokeVirtual(java.lang.Object, java.lang.Object, java.lang.Object)'> (0x000000008b4a1890) 
thrown [s\src\hotspot\share\interpreter\linkResolver.cpp, line 759]
Event: 10.181 Thread 0x00000245e20f1460 Implicit null exception at 0x000002458f671f50 to 0x000002458f671fb4
Event: 11.270 Thread 0x00000245e20f1460 Exception <a 'java/lang/NoSuchMethodError'{0x000000008a7b93b0}: 'void java.lang.invoke.DirectMethodHandle$Holder.invokeSpecialIFC(java.lang.Object, java.lang.Object, java.lang.Object, java.lang.Object)'> (0x000000008a7b93b0) 
thrown [s\src\hotspot\share\interpreter\linkResolver.cpp, line 759]
Event: 11.291 Thread 0x00000245e20f1460 Exception <a 'java/lang/NoSuchMethodError'{0x000000008a5770b8}: 'int java.lang.invoke.DirectMethodHandle$Holder.invokeSpecial(java.lang.Object, java.lang.Object, int)'> (0x000000008a5770b8) 
thrown [s\src\hotspot\share\interpreter\linkResolver.cpp, line 759]
Event: 39.827 Thread 0x00000245e20f1460 Exception <a 'java/lang/NoSuchMethodError'{0x000000008a2cc6c0}: 'java.lang.Object java.lang.invoke.DirectMethodHandle$Holder.newInvokeSpecial(java.lang.Object, java.lang.Object, java.lang.Object, double, double, double, double, int, int, int, int, int, int, int, int, int)'> (0x000000008a2cc6c0) 
thrown [s\src\hotspot\share\interpreter\linkResolver.cpp, line 759]

VM Operations (20 events):
Event: 26.056 Executing VM operation: Cleanup done
Event: 27.056 Executing VM operation: Cleanup
Event: 27.056 Executing VM operation: Cleanup done
Event: 32.059 Executing VM operation: Cleanup
Event: 32.059 Executing VM operation: Cleanup done
Event: 33.060 Executing VM operation: Cleanup
Event: 33.060 Executing VM operation: Cleanup done
Event: 35.061 Executing VM operation: Cleanup
Event: 35.061 Executing VM operation: Cleanup done
Event: 36.061 Executing VM operation: Cleanup
Event: 36.061 Executing VM operation: Cleanup done
Event: 37.061 Executing VM operation: Cleanup
Event: 37.061 Executing VM operation: Cleanup done
Event: 39.062 Executing VM operation: Cleanup
Event: 39.062 Executing VM operation: Cleanup done
Event: 42.063 Executing VM operation: Cleanup
Event: 42.063 Executing VM operation: Cleanup done
Event: 60.250 Executing VM operation: HandshakeAllThreads
Event: 60.250 Executing VM operation: HandshakeAllThreads done
Event: 245.639 Executing VM operation: Exit

Memory protections (0 events):
No events

Nmethod flushes (0 events):
No events

Events (20 events):
Event: 20.375 Thread 0x00000245ffe8a0f0 Thread added: 0x00000245e98f07b0
Event: 20.842 Thread 0x00000245e98f07b0 Thread exited: 0x00000245e98f07b0
Event: 23.710 Thread 0x00000245ffe8a0f0 Thread added: 0x00000245e98f07b0
Event: 23.902 Thread 0x00000245e98f07b0 Thread exited: 0x00000245e98f07b0
Event: 24.769 Thread 0x00000245e20f1460 Thread added: 0x00000245e38d9680
Event: 24.782 Thread 0x00000245ffe8a0f0 Thread added: 0x00000245e9bac9a0
Event: 24.795 Thread 0x00000245e38d9680 Thread exited: 0x00000245e38d9680
Event: 25.355 Thread 0x00000245e9bac9a0 Thread exited: 0x00000245e9bac9a0
Event: 34.857 Thread 0x00000245ffe8a0f0 Thread added: 0x00000245e98f07b0
Event: 35.244 Thread 0x00000245e98f07b0 Thread exited: 0x00000245e98f07b0
Event: 36.844 Thread 0x00000245e20f1460 Thread added: 0x00000245e38da0a0
Event: 36.855 Thread 0x00000245e38da0a0 Thread exited: 0x00000245e38da0a0
Event: 36.868 Thread 0x00000245ffe8a0f0 Thread added: 0x00000245e98f07b0
Event: 39.058 Thread 0x00000245e98f07b0 Thread exited: 0x00000245e98f07b0
Event: 245.637 Thread 0x00000245ffe81c90 Thread added: 0x00000245e38d8240
Event: 245.637 Thread 0x00000245e38d8240 Thread added: 0x00000245e38d9680
Event: 245.637 Thread 0x00000245e38d8240 Thread added: 0x00000245e38d68f0
Event: 245.637 Thread 0x00000245e38d68f0 Thread exited: 0x00000245e38d68f0
Event: 245.639 Thread 0x00000245e38d9680 Thread exited: 0x00000245e38d9680
Event: 245.639 Thread 0x00000245e38d8240 Before exit entered


Dynamic libraries:
0x00007ff64f1f0000 - 0x00007ff64f1fe000 	C:\Users\jccas\.jdks\temurin-17.0.15\bin\java.exe
0x00007ffde29a0000 - 0x00007ffde2c05000 	C:\WINDOWS\SYSTEM32\ntdll.dll
0x00007ffde1640000 - 0x00007ffde1709000 	C:\WINDOWS\System32\KERNEL32.DLL
0x00007ffddfbc0000 - 0x00007ffddffa8000 	C:\WINDOWS\System32\KERNELBASE.dll
0x00007ffde0060000 - 0x00007ffde01ab000 	C:\WINDOWS\System32\ucrtbase.dll
0x00007ffdc7450000 - 0x00007ffdc7467000 	C:\Users\jccas\.jdks\temurin-17.0.15\bin\jli.dll
0x00007ffdc3280000 - 0x00007ffdc329e000 	C:\Users\jccas\.jdks\temurin-17.0.15\bin\VCRUNTIME140.dll
0x00007ffde1300000 - 0x00007ffde14ca000 	C:\WINDOWS\System32\USER32.dll
0x00007ffdb95f0000 - 0x00007ffdb988a000 	C:\WINDOWS\WinSxS\amd64_microsoft.windows.common-controls_6595b64144ccf1df_6.0.26100.4202_none_3e0698d4e335f517\COMCTL32.dll
0x00007ffddfb90000 - 0x00007ffddfbb7000 	C:\WINDOWS\System32\win32u.dll
0x00007ffde1d00000 - 0x00007ffde1da9000 	C:\WINDOWS\System32\msvcrt.dll
0x00007ffde1fb0000 - 0x00007ffde1fdb000 	C:\WINDOWS\System32\GDI32.dll
0x00007ffde0600000 - 0x00007ffde0737000 	C:\WINDOWS\System32\gdi32full.dll
0x00007ffddffb0000 - 0x00007ffde0053000 	C:\WINDOWS\System32\msvcp_win.dll
0x00007ffde0ae0000 - 0x00007ffde0b10000 	C:\WINDOWS\System32\IMM32.DLL
0x00007ffdc73e0000 - 0x00007ffdc73ec000 	C:\Users\jccas\.jdks\temurin-17.0.15\bin\vcruntime140_1.dll
0x00007ffda4790000 - 0x00007ffda481d000 	C:\Users\jccas\.jdks\temurin-17.0.15\bin\msvcp140.dll
0x00007ffd523f0000 - 0x00007ffd5305b000 	C:\Users\jccas\.jdks\temurin-17.0.15\bin\server\jvm.dll
0x00007ffde14d0000 - 0x00007ffde1583000 	C:\WINDOWS\System32\ADVAPI32.dll
0x00007ffde1590000 - 0x00007ffde1636000 	C:\WINDOWS\System32\sechost.dll
0x00007ffde1fe0000 - 0x00007ffde20f5000 	C:\WINDOWS\System32\RPCRT4.dll
0x00007ffde27f0000 - 0x00007ffde2864000 	C:\WINDOWS\System32\WS2_32.dll
0x00007ffddf940000 - 0x00007ffddf99e000 	C:\WINDOWS\SYSTEM32\POWRPROF.dll
0x00007ffdd4980000 - 0x00007ffdd49b5000 	C:\WINDOWS\SYSTEM32\WINMM.dll
0x00007ffdcf770000 - 0x00007ffdcf77b000 	C:\WINDOWS\SYSTEM32\VERSION.dll
0x00007ffddf920000 - 0x00007ffddf934000 	C:\WINDOWS\SYSTEM32\UMPDC.dll
0x00007ffdde890000 - 0x00007ffdde8ab000 	C:\WINDOWS\SYSTEM32\kernel.appcore.dll
0x00007ffdc3930000 - 0x00007ffdc393a000 	C:\Users\jccas\.jdks\temurin-17.0.15\bin\jimage.dll
0x00007ffddd210000 - 0x00007ffddd451000 	C:\WINDOWS\SYSTEM32\DBGHELP.DLL
0x00007ffde0740000 - 0x00007ffde0ac5000 	C:\WINDOWS\System32\combase.dll
0x00007ffde2870000 - 0x00007ffde2951000 	C:\WINDOWS\System32\OLEAUT32.dll
0x00007ffdbb030000 - 0x00007ffdbb069000 	C:\WINDOWS\SYSTEM32\dbgcore.DLL
0x00007ffddfaf0000 - 0x00007ffddfb89000 	C:\WINDOWS\System32\bcryptPrimitives.dll
0x00007ffdc3610000 - 0x00007ffdc361e000 	C:\Users\jccas\.jdks\temurin-17.0.15\bin\instrument.dll
0x00007ffdb36f0000 - 0x00007ffdb3715000 	C:\Users\jccas\.jdks\temurin-17.0.15\bin\java.dll
0x00007ffd9d890000 - 0x00007ffd9d967000 	C:\Users\jccas\.jdks\temurin-17.0.15\bin\jsvml.dll
0x00007ffde0b40000 - 0x00007ffde1282000 	C:\WINDOWS\System32\SHELL32.dll
0x00007ffde0240000 - 0x00007ffde03b4000 	C:\WINDOWS\System32\wintypes.dll
0x00007ffddd720000 - 0x00007ffdddf78000 	C:\WINDOWS\SYSTEM32\windows.storage.dll
0x00007ffde1c00000 - 0x00007ffde1cf1000 	C:\WINDOWS\System32\SHCORE.dll
0x00007ffde1290000 - 0x00007ffde12fa000 	C:\WINDOWS\System32\shlwapi.dll
0x00007ffddfa00000 - 0x00007ffddfa2f000 	C:\WINDOWS\SYSTEM32\profapi.dll
0x00007ffdbe100000 - 0x00007ffdbe119000 	C:\Users\jccas\.jdks\temurin-17.0.15\bin\net.dll
0x00007ffdd47f0000 - 0x00007ffdd490e000 	C:\WINDOWS\SYSTEM32\WINHTTP.dll
0x00007ffddee20000 - 0x00007ffddee8a000 	C:\WINDOWS\system32\mswsock.dll
0x00007ffdbdec0000 - 0x00007ffdbded6000 	C:\Users\jccas\.jdks\temurin-17.0.15\bin\nio.dll
0x00007ffdba060000 - 0x00007ffdba078000 	C:\Users\jccas\.jdks\temurin-17.0.15\bin\zip.dll
0x00007ffdb8cb0000 - 0x00007ffdb8cca000 	C:\Program Files\JetBrains\IntelliJ IDEA 2024.2.0.2\bin\breakgen64.dll
0x00007ffdc33f0000 - 0x00007ffdc33f9000 	C:\Users\jccas\.jdks\temurin-17.0.15\bin\extnet.dll
0x000002459cf80000 - 0x000002459cf83000 	C:\Program Files\JavaFX\javafx-sdk-17.0.15\bin\api-ms-win-core-console-l1-1-0.dll
0x000002459cf90000 - 0x000002459cf93000 	C:\Program Files\JavaFX\javafx-sdk-17.0.15\bin\api-ms-win-core-console-l1-2-0.dll
0x000002459cfa0000 - 0x000002459cfa3000 	C:\Program Files\JavaFX\javafx-sdk-17.0.15\bin\api-ms-win-core-datetime-l1-1-0.dll
0x000002459cfb0000 - 0x000002459cfb3000 	C:\Program Files\JavaFX\javafx-sdk-17.0.15\bin\api-ms-win-core-debug-l1-1-0.dll
0x000002459cfc0000 - 0x000002459cfc3000 	C:\Program Files\JavaFX\javafx-sdk-17.0.15\bin\api-ms-win-core-errorhandling-l1-1-0.dll
0x000002459cfd0000 - 0x000002459cfd4000 	C:\Program Files\JavaFX\javafx-sdk-17.0.15\bin\api-ms-win-core-file-l1-1-0.dll
0x000002459cfe0000 - 0x000002459cfe3000 	C:\Program Files\JavaFX\javafx-sdk-17.0.15\bin\api-ms-win-core-file-l1-2-0.dll
0x000002459cff0000 - 0x000002459cff3000 	C:\Program Files\JavaFX\javafx-sdk-17.0.15\bin\api-ms-win-core-file-l2-1-0.dll
0x00000245e3bd0000 - 0x00000245e3bd3000 	C:\Program Files\JavaFX\javafx-sdk-17.0.15\bin\api-ms-win-core-handle-l1-1-0.dll
0x00000245e3be0000 - 0x00000245e3be3000 	C:\Program Files\JavaFX\javafx-sdk-17.0.15\bin\api-ms-win-core-heap-l1-1-0.dll
0x00000245e3bf0000 - 0x00000245e3bf3000 	C:\Program Files\JavaFX\javafx-sdk-17.0.15\bin\api-ms-win-core-interlocked-l1-1-0.dll
0x00000245e3c00000 - 0x00000245e3c03000 	C:\Program Files\JavaFX\javafx-sdk-17.0.15\bin\api-ms-win-core-libraryloader-l1-1-0.dll
0x00000245e3c10000 - 0x00000245e3c13000 	C:\Program Files\JavaFX\javafx-sdk-17.0.15\bin\api-ms-win-core-localization-l1-2-0.dll
0x00000245e3c20000 - 0x00000245e3c23000 	C:\Program Files\JavaFX\javafx-sdk-17.0.15\bin\api-ms-win-core-memory-l1-1-0.dll
0x00000245e3c30000 - 0x00000245e3c33000 	C:\Program Files\JavaFX\javafx-sdk-17.0.15\bin\api-ms-win-core-namedpipe-l1-1-0.dll
0x00000245e3c40000 - 0x00000245e3c43000 	C:\Program Files\JavaFX\javafx-sdk-17.0.15\bin\api-ms-win-core-processenvironment-l1-1-0.dll
0x00000245e3c50000 - 0x00000245e3c53000 	C:\Program Files\JavaFX\javafx-sdk-17.0.15\bin\api-ms-win-core-processthreads-l1-1-0.dll
0x00000245e3da0000 - 0x00000245e3da3000 	C:\Program Files\JavaFX\javafx-sdk-17.0.15\bin\api-ms-win-core-processthreads-l1-1-1.dll
0x00000245e3c60000 - 0x00000245e3c63000 	C:\Program Files\JavaFX\javafx-sdk-17.0.15\bin\api-ms-win-core-profile-l1-1-0.dll
0x00000245e3c70000 - 0x00000245e3c73000 	C:\Program Files\JavaFX\javafx-sdk-17.0.15\bin\api-ms-win-core-rtlsupport-l1-1-0.dll
0x00000245e3c80000 - 0x00000245e3c83000 	C:\Program Files\JavaFX\javafx-sdk-17.0.15\bin\api-ms-win-core-string-l1-1-0.dll
0x00000245e3c90000 - 0x00000245e3c93000 	C:\Program Files\JavaFX\javafx-sdk-17.0.15\bin\api-ms-win-core-synch-l1-1-0.dll
0x00000245e3ca0000 - 0x00000245e3ca3000 	C:\Program Files\JavaFX\javafx-sdk-17.0.15\bin\api-ms-win-core-synch-l1-2-0.dll
0x00000245e3cb0000 - 0x00000245e3cb3000 	C:\Program Files\JavaFX\javafx-sdk-17.0.15\bin\api-ms-win-core-sysinfo-l1-1-0.dll
0x00000245e3cc0000 - 0x00000245e3cc3000 	C:\Program Files\JavaFX\javafx-sdk-17.0.15\bin\api-ms-win-core-timezone-l1-1-0.dll
0x00000245e3cd0000 - 0x00000245e3cd3000 	C:\Program Files\JavaFX\javafx-sdk-17.0.15\bin\api-ms-win-core-util-l1-1-0.dll
0x00000245e3ce0000 - 0x00000245e3ce3000 	C:\Program Files\JavaFX\javafx-sdk-17.0.15\bin\api-ms-win-crt-conio-l1-1-0.dll
0x00000245e3cf0000 - 0x00000245e3cf4000 	C:\Program Files\JavaFX\javafx-sdk-17.0.15\bin\api-ms-win-crt-convert-l1-1-0.dll
0x00000245e3d00000 - 0x00000245e3d03000 	C:\Program Files\JavaFX\javafx-sdk-17.0.15\bin\api-ms-win-crt-environment-l1-1-0.dll
0x00000245e3d10000 - 0x00000245e3d13000 	C:\Program Files\JavaFX\javafx-sdk-17.0.15\bin\api-ms-win-crt-filesystem-l1-1-0.dll
0x00000245e3d20000 - 0x00000245e3d23000 	C:\Program Files\JavaFX\javafx-sdk-17.0.15\bin\api-ms-win-crt-heap-l1-1-0.dll
0x00000245e3d30000 - 0x00000245e3d33000 	C:\Program Files\JavaFX\javafx-sdk-17.0.15\bin\api-ms-win-crt-locale-l1-1-0.dll
0x00000245e3d40000 - 0x00000245e3d45000 	C:\Program Files\JavaFX\javafx-sdk-17.0.15\bin\api-ms-win-crt-math-l1-1-0.dll
0x00000245e3d50000 - 0x00000245e3d55000 	C:\Program Files\JavaFX\javafx-sdk-17.0.15\bin\api-ms-win-crt-multibyte-l1-1-0.dll
0x00000245e3d60000 - 0x00000245e3d70000 	C:\Program Files\JavaFX\javafx-sdk-17.0.15\bin\api-ms-win-crt-private-l1-1-0.dll
0x00000245e3d70000 - 0x00000245e3d73000 	C:\Program Files\JavaFX\javafx-sdk-17.0.15\bin\api-ms-win-crt-process-l1-1-0.dll
0x00000245e3d80000 - 0x00000245e3d84000 	C:\Program Files\JavaFX\javafx-sdk-17.0.15\bin\api-ms-win-crt-runtime-l1-1-0.dll
0x00000245e3d90000 - 0x00000245e3d94000 	C:\Program Files\JavaFX\javafx-sdk-17.0.15\bin\api-ms-win-crt-stdio-l1-1-0.dll
0x00000245e3db0000 - 0x00000245e3db4000 	C:\Program Files\JavaFX\javafx-sdk-17.0.15\bin\api-ms-win-crt-string-l1-1-0.dll
0x00000245e3dc0000 - 0x00000245e3dc3000 	C:\Program Files\JavaFX\javafx-sdk-17.0.15\bin\api-ms-win-crt-time-l1-1-0.dll
0x00000245e3dd0000 - 0x00000245e3dd3000 	C:\Program Files\JavaFX\javafx-sdk-17.0.15\bin\api-ms-win-crt-utility-l1-1-0.dll
0x00007ffd941f0000 - 0x00007ffd942ec000 	C:\Program Files\JavaFX\javafx-sdk-17.0.15\bin\ucrtbase.dll
0x00007ffdb8c40000 - 0x00007ffdb8c5b000 	C:\Program Files\JavaFX\javafx-sdk-17.0.15\bin\vcruntime140.dll
0x00007ffdc3390000 - 0x00007ffdc339c000 	C:\Program Files\JavaFX\javafx-sdk-17.0.15\bin\vcruntime140_1.dll
0x00007ffd96080000 - 0x00007ffd9610e000 	C:\Program Files\JavaFX\javafx-sdk-17.0.15\bin\msvcp140.dll
0x00007ffdc2e30000 - 0x00007ffdc2e39000 	C:\Program Files\JavaFX\javafx-sdk-17.0.15\bin\msvcp140_1.dll
0x00007ffdaaac0000 - 0x00007ffdaab01000 	C:\Program Files\JavaFX\javafx-sdk-17.0.15\bin\msvcp140_2.dll
0x00007ffdac170000 - 0x00007ffdac19a000 	C:\Program Files\JavaFX\javafx-sdk-17.0.15\bin\prism_d3d.dll
0x00007ffda1c70000 - 0x00007ffda1e27000 	C:\WINDOWS\system32\d3d9.dll
0x00007ffddca30000 - 0x00007ffddca66000 	C:\WINDOWS\SYSTEM32\dwmapi.dll
0x00007ffddc9c0000 - 0x00007ffddca0d000 	C:\WINDOWS\SYSTEM32\dxcore.dll
0x00007ffddc6e0000 - 0x00007ffddc78f000 	C:\WINDOWS\system32\uxtheme.dll
0x00007ffd61920000 - 0x00007ffd61b58000 	C:\WINDOWS\System32\DriverStore\FileRepository\iigd_dch.inf_amd64_0fdf6ce291234272\igdumdim64.dll
0x00007ffde2100000 - 0x00007ffde229e000 	C:\WINDOWS\System32\ole32.dll
0x00007ffd29b30000 - 0x00007ffd2aea0000 	C:\WINDOWS\System32\DriverStore\FileRepository\iigd_dch.inf_amd64_0fdf6ce291234272\igd9dxva64.dll
0x00007ffde22e0000 - 0x00007ffde2766000 	C:\WINDOWS\System32\SETUPAPI.dll
0x00007ffddf660000 - 0x00007ffddf6b7000 	C:\WINDOWS\SYSTEM32\cfgmgr32.dll
0x00007ffd838e0000 - 0x00007ffd85601000 	C:\WINDOWS\System32\DriverStore\FileRepository\iigd_dch.inf_amd64_0fdf6ce291234272\media_bin_64.dll
0x00007ffdd3bb0000 - 0x00007ffdd3fe8000 	C:\WINDOWS\System32\DriverStore\FileRepository\iigd_dch.inf_amd64_0fdf6ce291234272\igdgmm64.dll
0x00007ffddc810000 - 0x00007ffddc871000 	C:\WINDOWS\SYSTEM32\directxdatabasehelper.dll
0x00007ffda8bd0000 - 0x00007ffda8c12000 	C:\Program Files\JavaFX\javafx-sdk-17.0.15\bin\glass.dll
0x00007ffde1710000 - 0x00007ffde1806000 	C:\WINDOWS\System32\COMDLG32.dll
0x00007ffde1e40000 - 0x00007ffde1fa0000 	C:\WINDOWS\System32\MSCTF.dll
0x00007ffd87fe0000 - 0x00007ffd88007000 	C:\WINDOWS\System32\DriverStore\FileRepository\iigd_dch.inf_amd64_0fdf6ce291234272\igdinfo64.dll
0x00007ffdcfd00000 - 0x00007ffdd3bad000 	C:\WINDOWS\System32\DriverStore\FileRepository\iigd_dch.inf_amd64_0fdf6ce291234272\igc64.dll
0x00007ffdab290000 - 0x00007ffdab2bd000 	C:\Program Files\JavaFX\javafx-sdk-17.0.15\bin\javafx_iio.dll
0x00007ffdb36d0000 - 0x00007ffdb36e5000 	C:\Program Files\JavaFX\javafx-sdk-17.0.15\bin\javafx_font.dll
0x00007ffddaf50000 - 0x00007ffddb1bb000 	C:\WINDOWS\SYSTEM32\dwrite.dll
0x00007ffde1860000 - 0x00007ffde1908000 	C:\WINDOWS\System32\clbcatq.dll
0x00007ffddacd0000 - 0x00007ffddaf09000 	C:\WINDOWS\SYSTEM32\WindowsCodecs.dll
0x00007ffdaa4f0000 - 0x00007ffdaa54a000 	C:\WINDOWS\system32\dataexchange.dll
0x00007ffdcdbe0000 - 0x00007ffdcde1a000 	C:\WINDOWS\system32\twinapi.appcore.dll
0x00007ffd8f100000 - 0x00007ffd8f12c000 	C:\Program Files\Common Files\Microsoft Shared\Ink\rtscom.dll
0x00007ffdc75b0000 - 0x00007ffdc7700000 	C:\WINDOWS\SYSTEM32\textinputframework.dll
0x00007ffddc1f0000 - 0x00007ffddc315000 	C:\WINDOWS\SYSTEM32\CoreMessaging.dll
0x00007ffdd71b0000 - 0x00007ffdd7493000 	C:\WINDOWS\SYSTEM32\CoreUIComponents.dll
0x00007ffddf0f0000 - 0x00007ffddf0fc000 	C:\WINDOWS\SYSTEM32\CRYPTBASE.DLL
0x00007ffdde370000 - 0x00007ffdde497000 	C:\WINDOWS\SYSTEM32\DNSAPI.dll
0x00007ffdde2d0000 - 0x00007ffdde303000 	C:\WINDOWS\SYSTEM32\IPHLPAPI.DLL

dbghelp: loaded successfully - version: 4.0.5 - missing functions: none
symbol engine: initialized successfully - sym options: 0x614 - pdb path: .;C:\Users\jccas\.jdks\temurin-17.0.15\bin;C:\WINDOWS\SYSTEM32;C:\WINDOWS\WinSxS\amd64_microsoft.windows.common-controls_6595b64144ccf1df_6.0.26100.4202_none_3e0698d4e335f517;C:\Users\jccas\.jdks\temurin-17.0.15\bin\server;C:\Program Files\JetBrains\IntelliJ IDEA 2024.2.0.2\bin;C:\Program Files\JavaFX\javafx-sdk-17.0.15\bin;C:\WINDOWS\System32\DriverStore\FileRepository\iigd_dch.inf_amd64_0fdf6ce291234272;C:\Program Files\Common Files\Microsoft Shared\Ink

VM Arguments:
jvm_args: --module-path=C:\Program Files\JavaFX\javafx-sdk-17.0.15\lib --add-modules=javafx.controls,javafx.fxml,javafx.graphics,javafx.base -javaagent:C:\Program Files\JetBrains\IntelliJ IDEA 2024.2.0.2\lib\idea_rt.jar=63210:C:\Program Files\JetBrains\IntelliJ IDEA 2024.2.0.2\bin -Dfile.encoding=UTF-8 
java_command: professionalpractice.ProfessionalPractices
java_class_path (initial): C:\TrabajosProgramacion\PC\ProyectoModificado\Professional-Practices-software\out\production\Professional-Practices-software;C:\TrabajosProgramacion\PC\ProyectoModificado\Professional-Practices-software\dependencies\jbcrypt-0.4.jar;C:\TrabajosProgramacion\PC\ProyectoModificado\Professional-Practices-software\dependencies\mysql-connector-java-8.0.20.jar;C:\Program Files\JavaFX\javafx-sdk-17.0.15\lib\javafx-swt.jar;C:\Program Files\JavaFX\javafx-sdk-17.0.15\lib\javafx.web.jar;C:\Program Files\JavaFX\javafx-sdk-17.0.15\lib\javafx.base.jar;C:\Program Files\JavaFX\javafx-sdk-17.0.15\lib\javafx.fxml.jar;C:\Program Files\JavaFX\javafx-sdk-17.0.15\lib\javafx.media.jar;C:\Program Files\JavaFX\javafx-sdk-17.0.15\lib\javafx.swing.jar;C:\Program Files\JavaFX\javafx-sdk-17.0.15\lib\javafx.controls.jar;C:\Program Files\JavaFX\javafx-sdk-17.0.15\lib\javafx.graphics.jar
Launcher Type: SUN_STANDARD

[Global flags]
     intx CICompilerCount                          = 4                                         {product} {ergonomic}
     uint ConcGCThreads                            = 2                                         {product} {ergonomic}
     uint G1ConcRefinementThreads                  = 8                                         {product} {ergonomic}
   size_t G1HeapRegionSize                         = 1048576                                   {product} {ergonomic}
    uintx GCDrainStackTargetSize                   = 64                                        {product} {ergonomic}
   size_t InitialHeapSize                          = 132120576                                 {product} {ergonomic}
   size_t MarkStackSize                            = 4194304                                   {product} {ergonomic}
   size_t MaxHeapSize                              = 2086666240                                {product} {ergonomic}
   size_t MaxNewSize                               = 1251999744                                {product} {ergonomic}
   size_t MinHeapDeltaBytes                        = 1048576                                   {product} {ergonomic}
   size_t MinHeapSize                              = 8388608                                   {product} {ergonomic}
    uintx NonNMethodCodeHeapSize                   = 5839372                                {pd product} {ergonomic}
    uintx NonProfiledCodeHeapSize                  = 122909434                              {pd product} {ergonomic}
    uintx ProfiledCodeHeapSize                     = 122909434                              {pd product} {ergonomic}
    uintx ReservedCodeCacheSize                    = 251658240                              {pd product} {ergonomic}
     bool SegmentedCodeCache                       = true                                      {product} {ergonomic}
   size_t SoftMaxHeapSize                          = 2086666240                             {manageable} {ergonomic}
     bool UseCompressedClassPointers               = true                           {product lp64_product} {ergonomic}
     bool UseCompressedOops                        = true                           {product lp64_product} {ergonomic}
     bool UseG1GC                                  = true                                      {product} {ergonomic}
     bool UseLargePagesIndividualAllocation        = false                                  {pd product} {ergonomic}

Logging:
Log output configuration:
 #0: stdout all=off uptime,level,tags
 #1: stderr all=off uptime,level,tags

Environment Variables:
PATH=C:\Program Files\Eclipse Adoptium\jdk-21.0.7.6-hotspot\bin;C:\Program Files\MySQL\MySQL Server 8.0\bin;C:\Program Files (x86)\Common Files\Oracle\Java\java8path;C:\Program Files\Common Files\Oracle\Java\javapath;C:\Program Files (x86)\Common Files\Oracle\Java\javapath;C:\WINDOWS\system32;C:\WINDOWS;C:\WINDOWS\System32\Wbem;C:\WINDOWS\System32\WindowsPowerShell\v1.0\;C:\WINDOWS\System32\OpenSSH\;C:\Program Files (x86)\Common Files\i2 Shared\Geotrans\;C:\Program Files (x86)\Common Files\i2 Shared\i2 Online iLink 8\Components\;C:\Program Files\HP\HP One Agent;C:\Users\jccas\AppData\Local\Programs\Python\Python313;C:\WINDOWS\system32;C:\WINDOWS;C:\WINDOWS\System32\Wbem;C:\WINDOWS\System32\WindowsPowerShell\v1.0\;C:\WINDOWS\System32\OpenSSH\;C:\Program Files\dotnet\;C:\Program Files\Git\cmd;C:\Program Files\MySQL\MySQL Server 8.0\bin;C:\Users\jccas\AppData\Local\Programs\Python\Launcher\;C:\xampp\htdocs\UAI\vistas\index.ine_nacional.vista.php;C:\Users\jccas\AppData\Local\Microsoft\WindowsApps;C:\Users\jccas\AppData\Local\JetBrains\Toolbox\scripts;C:\Users\jccas\AppData\Local\Programs\Microsoft VS Code\bin;C:\Users\jccas\.dotnet\tools;
USERNAME=jccas
OS=Windows_NT
PROCESSOR_IDENTIFIER=Intel64 Family 6 Model 140 Stepping 1, GenuineIntel
TMP=C:\Users\jccas\AppData\Local\Temp
TEMP=C:\Users\jccas\AppData\Local\Temp



Periodic native trim disabled


---------------  S Y S T E M  ---------------

OS:
 Windows 11 , 64 bit Build 26100 (10.0.26100.4202)
OS uptime: 5 days 1:11 hours
Hyper-V role detected

CPU: total 8 (initial active 8) (4 cores per cpu, 2 threads per core) family 6 model 140 stepping 1 microcode 0x86, cx8, cmov, fxsr, ht, mmx, 3dnowpref, sse, sse2, sse3, ssse3, sse4.1, sse4.2, popcnt, lzcnt, tsc, tscinvbit, avx, avx2, aes, erms, clmul, bmi1, bmi2, adx, avx512f, avx512dq, avx512cd, avx512bw, avx512vl, sha, fma, vzeroupper, avx512_vpopcntdq, avx512_vpclmulqdq, avx512_vaes, avx512_vnni, clflush, clflushopt, clwb, avx512_vbmi2, avx512_vbmi, hv
Processor Information for all 8 processors :
  Max Mhz: 2419, Current Mhz: 2419, Mhz Limit: 2419

Memory: 4k page, system-wide physical 7957M (883M free)
TotalPageFile size 16838M (AvailPageFile size 2036M)
current process WorkingSet (physical memory assigned to process): 294M, peak: 326M
current process commit charge ("private bytes"): 386M, peak: 421M

vm_info: OpenJDK 64-Bit Server VM (17.0.15+6) for windows-amd64 JRE (17.0.15+6), built on Apr 15 2025 21:25:47 by "admin" with MS VC++ 17.7 (VS2022)

END.
