#
# A fatal error has been detected by the Java Runtime Environment:
#
#  EXCEPTION_ACCESS_VIOLATION (0xc0000005) at pc=0x00007ffda8c268a7, pid=32592, tid=24860
#
# JRE version: OpenJDK Runtime Environment Temurin-17.0.15+6 (17.0.15+6) (build 17.0.15+6)
# Java VM: OpenJDK 64-Bit Server VM Temurin-17.0.15+6 (17.0.15+6, mixed mode, sharing, tiered, compressed oops, compressed class ptrs, g1 gc, windows-amd64)
# Problematic frame:
# C  [glass.dll+0x268a7]
#
# No core dump will be written. Minidumps are not enabled by default on client versions of Windows
#
# If you would like to submit a bug report, please visit:
#   https://github.com/adoptium/adoptium-support/issues
#

---------------  S U M M A R Y ------------

Command Line: --module-path=C:\Program Files\JavaFX\javafx-sdk-17.0.15\lib --add-modules=javafx.controls,javafx.fxml,javafx.graphics,javafx.base -javaagent:C:\Program Files\JetBrains\IntelliJ IDEA 2024.2.0.2\lib\idea_rt.jar=61443:C:\Program Files\JetBrains\IntelliJ IDEA 2024.2.0.2\bin -Dfile.encoding=UTF-8 professionalpractice.ProfessionalPractices

Host: 11th Gen Intel(R) Core(TM) i5-1135G7 @ 2.40GHz, 8 cores, 7G,  Windows 11 , 64 bit Build 26100 (10.0.26100.4202)
Time: Fri Jun 20 20:16:33 2025 Hora estándar central (México) elapsed time: 86.931437 seconds (0d 0h 1m 26s)

---------------  T H R E A D  ---------------

Current thread (0x0000023ebdb31dd0):  VMThread "VM Thread" [stack: 0x000000ded6700000,0x000000ded6800000] [id=24860]

Stack: [0x000000ded6700000,0x000000ded6800000],  sp=0x000000ded67ff050,  free space=1020k
Native frames: (J=compiled Java code, j=interpreted, Vv=VM code, C=native code)
C  [glass.dll+0x268a7]


siginfo: EXCEPTION_ACCESS_VIOLATION (0xc0000005), reading address 0x0000000000000000


Registers:
RAX=0x0000000000000000, RBX=0x0000023ebdb45fd0, RCX=0x0000023ebdb31dd0, RDX=0x000000ded67ff050
RSP=0x000000ded67ff050, RBP=0x0000d8a33154a10c, RSI=0x0000023f043bbc78, RDI=0x0000023f043bbc50
R8 =0x0000000000010002, R9 =0x0000d8a33154a10c, R10=0x0000023e9dca0000, R11=0x000000ded67fef00
R12=0x00007ffda8c00000, R13=0x000000007ffe0385, R14=0x000000ded67ff158, R15=0x0000023f043bbc50
RIP=0x00007ffda8c268a7, EFLAGS=0x0000000000010206

XMM[0]=0x0000000000000000 0x0000000000000000
XMM[1]=0x0000000000000000 0x000000ded67fdcb0
XMM[2]=0x0000000000000000 0x0000000000000000
XMM[3]=0x0000000000000000 0x0000000000000000
XMM[4]=0x0000000000000000 0x0000000000000000
XMM[5]=0x0000000000000000 0x0000000000000000
XMM[6]=0x0000000000000000 0x404e000000000000
XMM[7]=0x0000000000000000 0x0000000000000000
XMM[8]=0x0000000000000000 0x0000000000000000
XMM[9]=0x0000000000000000 0x0000000000000000
XMM[10]=0x0000000000000000 0x0000000000000000
XMM[11]=0x0000000000000000 0x0000000000000000
XMM[12]=0x0000000000000000 0x0000000000000000
XMM[13]=0x0000000000000000 0x0000000000000000
XMM[14]=0x0000000000000000 0x0000000000000000
XMM[15]=0x0000000000000000 0x0000000000000000
  MXCSR=0x00001fa3


Register to memory mapping:

RIP=0x00007ffda8c268a7 glass.dll
RAX=0x0 is NULL
RBX=0x0000023ebdb45fd0 is a global jni handle
RCX=0x0000023ebdb31dd0 points into unknown readable memory: 0x00007ffd60002bb8 | b8 2b 00 60 fd 7f 00 00
RDX=0x000000ded67ff050 points into unknown readable memory: 0x0000000000000000 | 00 00 00 00 00 00 00 00
RSP=0x000000ded67ff050 points into unknown readable memory: 0x0000000000000000 | 00 00 00 00 00 00 00 00
RBP=0x0000d8a33154a10c is an unknown value
RSI=0x0000023f043bbc78 points into unknown readable memory: 0x0000d8a33154a10c | 0c a1 54 31 a3 d8 00 00
RDI=0x0000023f043bbc50 points into unknown readable memory: 0x07ff022f1284210c | 0c 21 84 12 2f 02 ff 07
R8 =0x0000000000010002 is an unknown value
R9 =0x0000d8a33154a10c is an unknown value
R10=0x0000023e9dca0000 points into unknown readable memory: 0x0000000000000000 | 00 00 00 00 00 00 00 00
R11=0x000000ded67fef00 points into unknown readable memory: 0x0000000000000000 | 00 00 00 00 00 00 00 00
R12=0x00007ffda8c00000 glass.dll
R13=0x000000007ffe0385 points into unknown readable memory: 00 00 00
R14=0x000000ded67ff158 points into unknown readable memory: 0x000000ded67ff140 | 40 f1 7f d6 de 00 00 00
R15=0x0000023f043bbc50 points into unknown readable memory: 0x07ff022f1284210c | 0c 21 84 12 2f 02 ff 07


Top of Stack: (sp=0x000000ded67ff050)
0x000000ded67ff050:   0000000000000000 0000023f00000000
0x000000ded67ff060:   0000023f043fe550 00007ffda8c00000
0x000000ded67ff070:   0000023f043bbc58 00007ffde00abc75
0x000000ded67ff080:   0000023f043bbc50 0000023f00000000
0x000000ded67ff090:   0000023f043bbc70 0000d8a33154a10c
0x000000ded67ff0a0:   fffffffffffffffe 00007ffddfcc96ab
0x000000ded67ff0b0:   0000000000000000 00007ffda8c00000
0x000000ded67ff0c0:   000000ded67ff148 00007ffde00ab897
0x000000ded67ff0d0:   000000ded67ff100 000000ded67ff158
0x000000ded67ff0e0:   000000ded67ff680 00007ffde01988c0
0x000000ded67ff0f0:   0000000000000001 00007ffde00ab84d
0x000000ded67ff100:   0000000000000000 0000000000000001
0x000000ded67ff110:   0000000000000000 000000ded67ff148
0x000000ded67ff120:   fffffffffffffffe 000000ded67ff600
0x000000ded67ff130:   0000000000000000 00007ffda8c2407d
0x000000ded67ff140:   00007ffda8c3a008 00007ffd00000002
0x000000ded67ff150:   0000000000000002 000000ded67ff140
0x000000ded67ff160:   0000000000000000 00007ffdde2e908d
0x000000ded67ff170:   0000000000000000 00007ffda8c241a2
0x000000ded67ff180:   0000000000000001 000000007ffe0384
0x000000ded67ff190:   0000000000000001 0000000000000001
0x000000ded67ff1a0:   000000007ffe0384 00007ffddf0f277e
0x000000ded67ff1b0:   0000000000000001 000000000000007a
0x000000ded67ff1c0:   00007ffda8c241f0 0000000000000001
0x000000ded67ff1d0:   0000000000000001 00007ffde2a12983
0x000000ded67ff1e0:   00007ffda8c00000 0000000000000000
0x000000ded67ff1f0:   0000000000000001 000000007ffe0384
0x000000ded67ff200:   000000000000005e 0000000000000000
0x000000ded67ff210:   0000000000000000 0000000000000000
0x000000ded67ff220:   00007ffda8c00000 ffff097800000000
0x000000ded67ff230:   0000000000000078 0000000000000000
0x000000ded67ff240:   0000000000000000 0000023ebdb32dd0 

Instructions: (pc=0x00007ffda8c268a7)
0x00007ffda8c267a7:   8b 4d 58 e8 8d cf ff ff 48 8b 4d 60 e8 84 cf ff
0x00007ffda8c267b7:   ff 48 8b 95 80 00 00 00 48 8b 8d 18 01 00 00 e8
0x00007ffda8c267c7:   76 c4 ff ff 33 d2 33 c9 e8 cc e1 ff ff 90 48 89
0x00007ffda8c267d7:   54 24 10 55 48 83 ec 20 48 8b ea 48 b8 00 00 00
0x00007ffda8c267e7:   00 00 00 00 00 48 83 c4 20 5d c3 cc 40 55 48 8b
0x00007ffda8c267f7:   ea 48 8b 01 33 c9 81 38 05 00 00 c0 0f 94 c1 8b
0x00007ffda8c26807:   c1 5d c3 cc 40 55 48 83 ec 20 48 8b ea 8a 4d 40
0x00007ffda8c26817:   48 83 c4 20 5d e9 73 d3 ff ff cc 40 55 48 83 ec
0x00007ffda8c26827:   20 48 8b ea 8a 4d 20 e8 61 d3 ff ff 90 48 83 c4
0x00007ffda8c26837:   20 5d c3 cc 40 55 48 83 ec 20 48 8b ea 48 83 c4
0x00007ffda8c26847:   20 5d e9 c2 d1 ff ff cc 40 55 48 83 ec 30 48 8b
0x00007ffda8c26857:   ea 48 8b 01 8b 10 48 89 4c 24 28 89 54 24 20 4c
0x00007ffda8c26867:   8d 0d 63 d6 ff ff 4c 8b 45 70 8b 55 68 48 8b 4d
0x00007ffda8c26877:   60 e8 03 d1 ff ff 90 48 83 c4 30 5d c3 cc cc cc
0x00007ffda8c26887:   cc cc cc cc cc cc cc cc cc 40 53 48 83 ec 20 48
0x00007ffda8c26897:   8b 1d 6b 31 01 00 48 85 db 74 16 e8 89 8b ff ff
0x00007ffda8c268a7:   4c 8b 00 48 8b d3 48 8b c8 41 ff 90 b0 00 00 00
0x00007ffda8c268b7:   90 48 83 c4 20 5b c3 cc cc 40 53 48 83 ec 20 48
0x00007ffda8c268c7:   8b 1d db 32 01 00 48 85 db 74 57 b8 ff ff ff ff
0x00007ffda8c268d7:   f0 0f c1 43 10 83 f8 01 75 3d 48 85 db 74 38 48
0x00007ffda8c268e7:   8b 0b 48 85 c9 74 0d ff 15 b4 09 00 00 48 c7 03
0x00007ffda8c268f7:   00 00 00 00 48 8b 4b 08 48 85 c9 74 0d e8 33 ce
0x00007ffda8c26907:   ff ff 48 c7 43 08 00 00 00 00 ba 18 00 00 00 48
0x00007ffda8c26917:   8b cb e8 1e ce ff ff 48 c7 05 7f 32 01 00 00 00
0x00007ffda8c26927:   00 00 48 83 c4 20 5b c3 cc 40 53 48 83 ec 20 48
0x00007ffda8c26937:   8b 1d 4b 32 01 00 48 85 db 74 57 b8 ff ff ff ff
0x00007ffda8c26947:   f0 0f c1 43 10 83 f8 01 75 3d 48 85 db 74 38 48
0x00007ffda8c26957:   8b 0b 48 85 c9 74 0d ff 15 44 09 00 00 48 c7 03
0x00007ffda8c26967:   00 00 00 00 48 8b 4b 08 48 85 c9 74 0d e8 c3 cd
0x00007ffda8c26977:   ff ff 48 c7 43 08 00 00 00 00 ba 18 00 00 00 48
0x00007ffda8c26987:   8b cb e8 ae cd ff ff 48 c7 05 ef 31 01 00 00 00
0x00007ffda8c26997:   00 00 48 83 c4 20 5b c3 cc 40 53 48 83 ec 20 48 


Stack slot to memory mapping:
stack at sp + 0 slots: 0x0 is NULL
stack at sp + 1 slots: 0x0000023f00000000 is pointing into metadata
stack at sp + 2 slots: 0x0000023f043fe550 points into unknown readable memory: 0x0000023f043fe070 | 70 e0 3f 04 3f 02 00 00
stack at sp + 3 slots: 0x00007ffda8c00000 glass.dll
stack at sp + 4 slots: 0x0000023f043bbc58 points into unknown readable memory: 0x0000d8a33154a10c | 0c a1 54 31 a3 d8 00 00
stack at sp + 5 slots: 0x00007ffde00abc75 ucrtbase.dll
stack at sp + 6 slots: 0x0000023f043bbc50 points into unknown readable memory: 0x07ff022f1284210c | 0c 21 84 12 2f 02 ff 07
stack at sp + 7 slots: 0x0000023f00000000 is pointing into metadata

VM_Operation (0x000000ded5eff490): Exit, mode: safepoint, requested by thread 0x0000023ebec7cd80


---------------  P R O C E S S  ---------------

Threads class SMR info:
_java_thread_list=0x0000023ebea24c70, length=21, elements={
0x0000023e9f658e90, 0x0000023ebdb38620, 0x0000023ebdb39d50, 0x0000023ebdb4e9a0,
0x0000023ebdb523e0, 0x0000023ebdb540b0, 0x0000023ebdb56530, 0x0000023ebdb5b9c0,
0x0000023ebdb60ae0, 0x0000023ebe3fa620, 0x0000023ebeedc850, 0x0000023ebeedcd30,
0x0000023ebed510c0, 0x0000023f04400390, 0x0000023f04426ad0, 0x0000023f045c2a30,
0x0000023ebec7aa10, 0x0000023ebec7c870, 0x0000023ebec7b940, 0x0000023ebec7b430,
0x0000023ebec7cd80
}

Java Threads: ( => current thread )
  0x0000023e9f658e90 JavaThread "main" [_thread_blocked, id=24216, stack(0x000000ded6100000,0x000000ded6200000)]
  0x0000023ebdb38620 JavaThread "Reference Handler" daemon [_thread_blocked, id=14288, stack(0x000000ded6800000,0x000000ded6900000)]
  0x0000023ebdb39d50 JavaThread "Finalizer" daemon [_thread_blocked, id=32252, stack(0x000000ded6900000,0x000000ded6a00000)]
  0x0000023ebdb4e9a0 JavaThread "Attach Listener" daemon [_thread_blocked, id=28148, stack(0x000000ded6b00000,0x000000ded6c00000)]
  0x0000023ebdb523e0 JavaThread "Service Thread" daemon [_thread_blocked, id=20348, stack(0x000000ded6c00000,0x000000ded6d00000)]
  0x0000023ebdb540b0 JavaThread "Monitor Deflation Thread" daemon [_thread_blocked, id=30148, stack(0x000000ded6d00000,0x000000ded6e00000)]
  0x0000023ebdb56530 JavaThread "C2 CompilerThread0" daemon [_thread_blocked, id=28748, stack(0x000000ded6e00000,0x000000ded6f00000)]
  0x0000023ebdb5b9c0 JavaThread "C1 CompilerThread0" daemon [_thread_blocked, id=30736, stack(0x000000ded6f00000,0x000000ded7000000)]
  0x0000023ebdb60ae0 JavaThread "Sweeper thread" daemon [_thread_blocked, id=31140, stack(0x000000ded7000000,0x000000ded7100000)]
  0x0000023ebe3fa620 JavaThread "Common-Cleaner" daemon [_thread_blocked, id=32640, stack(0x000000ded7100000,0x000000ded7200000)]
  0x0000023ebeedc850 JavaThread "Monitor Ctrl-Break" daemon [_thread_in_native, id=24272, stack(0x000000ded7400000,0x000000ded7500000)]
  0x0000023ebeedcd30 JavaThread "Notification Thread" daemon [_thread_blocked, id=2280, stack(0x000000ded7500000,0x000000ded7600000)]
  0x0000023ebed510c0 JavaThread "QuantumRenderer-0" daemon [_thread_blocked, id=30908, stack(0x000000ded7700000,0x000000ded7800000)]
  0x0000023f04400390 JavaThread "InvokeLaterDispatcher" daemon [_thread_blocked, id=29176, stack(0x000000ded7800000,0x000000ded7900000)]
  0x0000023f04426ad0 JavaThread "JavaFX Application Thread" [_thread_in_native, id=12012, stack(0x000000ded7900000,0x000000ded7a00000)]
  0x0000023f045c2a30 JavaThread "JavaFX-Launcher" [_thread_blocked, id=31224, stack(0x000000ded7e00000,0x000000ded7f00000)]
  0x0000023ebec7aa10 JavaThread "Thread-2" daemon [_thread_in_native, id=31296, stack(0x000000ded7d00000,0x000000ded7e00000)]
  0x0000023ebec7c870 JavaThread "Prism Font Disposer" daemon [_thread_blocked, id=29392, stack(0x000000ded8700000,0x000000ded8800000)]
  0x0000023ebec7b940 JavaThread "Cleaner-0" daemon [_thread_blocked, id=23764, stack(0x000000ded8800000,0x000000ded8900000)]
  0x0000023ebec7b430 JavaThread "mysql-cj-abandoned-connection-cleanup" daemon [_thread_blocked, id=20752, stack(0x000000ded8900000,0x000000ded8a00000)]
  0x0000023ebec7cd80 JavaThread "SIGINT handler" daemon [_thread_blocked, id=26452, stack(0x000000ded5e00000,0x000000ded5f00000)]

Other Threads:
=>0x0000023ebdb31dd0 VMThread "VM Thread" [stack: 0x000000ded6700000,0x000000ded6800000] [id=24860]
  0x0000023e9f6b60f0 GCTaskThread "GC Thread#0" [stack: 0x000000ded6200000,0x000000ded6300000] [id=15188]
  0x0000023f042e2390 GCTaskThread "GC Thread#1" [stack: 0x000000ded7f00000,0x000000ded8000000] [id=21616]
  0x0000023f04a07510 GCTaskThread "GC Thread#2" [stack: 0x000000ded8000000,0x000000ded8100000] [id=24044]
  0x0000023f049fd8a0 GCTaskThread "GC Thread#3" [stack: 0x000000ded8100000,0x000000ded8200000] [id=21076]
  0x0000023f04a11b50 GCTaskThread "GC Thread#4" [stack: 0x000000ded8200000,0x000000ded8300000] [id=21700]
  0x0000023f04a93740 GCTaskThread "GC Thread#5" [stack: 0x000000ded8300000,0x000000ded8400000] [id=3248]
  0x0000023f04cf8260 GCTaskThread "GC Thread#6" [stack: 0x000000ded7200000,0x000000ded7300000] [id=28584]
  0x0000023f048ac5c0 GCTaskThread "GC Thread#7" [stack: 0x000000ded7300000,0x000000ded7400000] [id=27028]
  0x0000023e9f6c75d0 ConcurrentGCThread "G1 Main Marker" terminated
  0x0000023e9f6c8790 ConcurrentGCThread "G1 Conc#0" [stack: 0x000000ded6400000,0x000000ded6500000] [id=11364]
  0x0000023f04073780 ConcurrentGCThread "G1 Conc#1" [stack: 0x000000ded8b00000,0x000000ded8c00000] [id=16492]
  0x0000023ebd9e7f20 ConcurrentGCThread "G1 Refine#0" terminated
  0x0000023ebe6886b0 ConcurrentGCThread "G1 Refine#1" terminated
  0x0000023ebe687af0 ConcurrentGCThread "G1 Refine#2" terminated
  0x0000023ebd9e9710 ConcurrentGCThread "G1 Service" terminated

Threads with active compile tasks:

VM state: at safepoint (shutting down)

VM Mutex/Monitor currently owned by a thread:  ([mutex/lock_event])
[0x0000023e9f653a00] Threads_lock - owner thread: 0x0000023ebdb31dd0
[0x0000023e9f654420] Heap_lock - owner thread: 0x0000023ebec7cd80

Heap address: 0x0000000083a00000, size: 1990 MB, Compressed Oops mode: 32-bit

CDS archive(s) mapped at: [0x0000023ebf000000-0x0000023ebfbb0000-0x0000023ebfbb0000), size 12255232, SharedBaseAddress: 0x0000023ebf000000, ArchiveRelocationMode: 1.
Compressed class space mapped at: 0x0000023ec0000000-0x0000023f00000000, reserved size: 1073741824
Narrow klass base: 0x0000023ebf000000, Narrow klass shift: 0, Narrow klass range: 0x100000000

GC Precious Log:
 CPUs: 8 total, 8 available
 Memory: 7957M
 Large Page Support: Disabled
 NUMA Support: Disabled
 Compressed Oops: Enabled (32-bit)
 Heap Region Size: 1M
 Heap Min Capacity: 8M
 Heap Initial Capacity: 126M
 Heap Max Capacity: 1990M
 Pre-touch: Disabled
 Parallel Workers: 8
 Concurrent Workers: 2
 Concurrent Refinement Workers: 8
 Periodic GC: Disabled

Heap:
 garbage-first heap   total 129024K, used 54384K [0x0000000083a00000, 0x0000000100000000)
  region size 1024K, 14 young (14336K), 1 survivors (1024K)
 Metaspace       used 23602K, committed 23872K, reserved 1114112K
  class space    used 3124K, committed 3264K, reserved 1048576K

Heap Regions: E=young(eden), S=young(survivor), O=old, HS=humongous(starts), HC=humongous(continues), CS=collection set, F=free, OA=open archive, CA=closed archive, TAMS=top-at-mark-start (previous, next)
|   0|0x0000000083a00000, 0x0000000083a00000, 0x0000000083b00000|  0%| F|  |TAMS 0x0000000083a00000, 0x0000000083a00000| Untracked 
|   1|0x0000000083b00000, 0x0000000083c00000, 0x0000000083c00000|100%|HS|  |TAMS 0x0000000083c00000, 0x0000000083b00000| Complete 
|   2|0x0000000083c00000, 0x0000000083d00000, 0x0000000083d00000|100%|HC|  |TAMS 0x0000000083d00000, 0x0000000083c00000| Complete 
|   3|0x0000000083d00000, 0x0000000083e00000, 0x0000000083e00000|100%|HC|  |TAMS 0x0000000083e00000, 0x0000000083d00000| Complete 
|   4|0x0000000083e00000, 0x0000000083f00000, 0x0000000083f00000|100%|HC|  |TAMS 0x0000000083f00000, 0x0000000083e00000| Complete 
|   5|0x0000000083f00000, 0x0000000084000000, 0x0000000084000000|100%|HC|  |TAMS 0x0000000084000000, 0x0000000083f00000| Complete 
|   6|0x0000000084000000, 0x0000000084100000, 0x0000000084100000|100%|HS|  |TAMS 0x0000000084100000, 0x0000000084000000| Complete 
|   7|0x0000000084100000, 0x0000000084200000, 0x0000000084200000|100%|HC|  |TAMS 0x0000000084200000, 0x0000000084100000| Complete 
|   8|0x0000000084200000, 0x0000000084300000, 0x0000000084300000|100%| O|  |TAMS 0x0000000084300000, 0x0000000084200000| Untracked 
|   9|0x0000000084300000, 0x0000000084400000, 0x0000000084400000|100%| O|  |TAMS 0x0000000084400000, 0x0000000084300000| Untracked 
|  10|0x0000000084400000, 0x0000000084500000, 0x0000000084500000|100%| O|  |TAMS 0x0000000084467600, 0x0000000084400000| Untracked 
|  11|0x0000000084500000, 0x0000000084600000, 0x0000000084600000|100%|HS|  |TAMS 0x0000000084600000, 0x0000000084500000| Complete 
|  12|0x0000000084600000, 0x0000000084700000, 0x0000000084700000|100%|HC|  |TAMS 0x0000000084700000, 0x0000000084600000| Complete 
|  13|0x0000000084700000, 0x0000000084800000, 0x0000000084800000|100%|HC|  |TAMS 0x0000000084800000, 0x0000000084700000| Complete 
|  14|0x0000000084800000, 0x0000000084900000, 0x0000000084900000|100%|HC|  |TAMS 0x0000000084900000, 0x0000000084800000| Complete 
|  15|0x0000000084900000, 0x0000000084a00000, 0x0000000084a00000|100%|HC|  |TAMS 0x0000000084a00000, 0x0000000084900000| Complete 
|  16|0x0000000084a00000, 0x0000000084b00000, 0x0000000084b00000|100%|HC|  |TAMS 0x0000000084b00000, 0x0000000084a00000| Complete 
|  17|0x0000000084b00000, 0x0000000084c00000, 0x0000000084c00000|100%|HC|  |TAMS 0x0000000084c00000, 0x0000000084b00000| Complete 
|  18|0x0000000084c00000, 0x0000000084d00000, 0x0000000084d00000|100%|HC|  |TAMS 0x0000000084d00000, 0x0000000084c00000| Complete 
|  19|0x0000000084d00000, 0x0000000084e00000, 0x0000000084e00000|100%|HC|  |TAMS 0x0000000084e00000, 0x0000000084d00000| Complete 
|  20|0x0000000084e00000, 0x0000000084f00000, 0x0000000084f00000|100%|HC|  |TAMS 0x0000000084f00000, 0x0000000084e00000| Complete 
|  21|0x0000000084f00000, 0x0000000085000000, 0x0000000085000000|100%|HC|  |TAMS 0x0000000085000000, 0x0000000084f00000| Complete 
|  22|0x0000000085000000, 0x0000000085100000, 0x0000000085100000|100%|HC|  |TAMS 0x0000000085100000, 0x0000000085000000| Complete 
|  23|0x0000000085100000, 0x0000000085200000, 0x0000000085200000|100%|HC|  |TAMS 0x0000000085200000, 0x0000000085100000| Complete 
|  24|0x0000000085200000, 0x0000000085300000, 0x0000000085300000|100%|HS|  |TAMS 0x0000000085300000, 0x0000000085200000| Complete 
|  25|0x0000000085300000, 0x0000000085400000, 0x0000000085400000|100%|HC|  |TAMS 0x0000000085400000, 0x0000000085300000| Complete 
|  26|0x0000000085400000, 0x0000000085500000, 0x0000000085500000|100%|HS|  |TAMS 0x0000000085500000, 0x0000000085400000| Complete 
|  27|0x0000000085500000, 0x0000000085600000, 0x0000000085600000|100%|HC|  |TAMS 0x0000000085600000, 0x0000000085500000| Complete 
|  28|0x0000000085600000, 0x0000000085700000, 0x0000000085700000|100%|HS|  |TAMS 0x0000000085700000, 0x0000000085600000| Complete 
|  29|0x0000000085700000, 0x0000000085800000, 0x0000000085800000|100%|HC|  |TAMS 0x0000000085800000, 0x0000000085700000| Complete 
|  30|0x0000000085800000, 0x0000000085900000, 0x0000000085900000|100%|HS|  |TAMS 0x0000000085900000, 0x0000000085800000| Complete 
|  31|0x0000000085900000, 0x0000000085a00000, 0x0000000085a00000|100%|HC|  |TAMS 0x0000000085a00000, 0x0000000085900000| Complete 
|  32|0x0000000085a00000, 0x0000000085b00000, 0x0000000085b00000|100%|HS|  |TAMS 0x0000000085b00000, 0x0000000085a00000| Complete 
|  33|0x0000000085b00000, 0x0000000085c00000, 0x0000000085c00000|100%|HC|  |TAMS 0x0000000085c00000, 0x0000000085b00000| Complete 
|  34|0x0000000085c00000, 0x0000000085d00000, 0x0000000085d00000|100%| O|  |TAMS 0x0000000085c00000, 0x0000000085c00000| Untracked 
|  35|0x0000000085d00000, 0x0000000085e00000, 0x0000000085e00000|100%| O|  |TAMS 0x0000000085d00000, 0x0000000085d00000| Untracked 
|  36|0x0000000085e00000, 0x0000000085f00000, 0x0000000085f00000|100%| O|  |TAMS 0x0000000085e00000, 0x0000000085e00000| Untracked 
|  37|0x0000000085f00000, 0x0000000086000000, 0x0000000086000000|100%| O|  |TAMS 0x0000000085f00000, 0x0000000085f00000| Untracked 
|  38|0x0000000086000000, 0x0000000086100000, 0x0000000086100000|100%| O|  |TAMS 0x0000000086000000, 0x0000000086000000| Untracked 
|  39|0x0000000086100000, 0x0000000086200000, 0x0000000086200000|100%| O|  |TAMS 0x0000000086100000, 0x0000000086100000| Untracked 
|  40|0x0000000086200000, 0x0000000086300000, 0x0000000086300000|100%| O|  |TAMS 0x0000000086200000, 0x0000000086200000| Untracked 
|  41|0x0000000086300000, 0x0000000086381000, 0x0000000086400000| 50%| O|  |TAMS 0x0000000086300000, 0x0000000086300000| Untracked 
|  42|0x0000000086400000, 0x0000000086400000, 0x0000000086500000|  0%| F|  |TAMS 0x0000000086400000, 0x0000000086400000| Untracked 
|  43|0x0000000086500000, 0x0000000086500000, 0x0000000086600000|  0%| F|  |TAMS 0x0000000086500000, 0x0000000086500000| Untracked 
|  44|0x0000000086600000, 0x0000000086600000, 0x0000000086700000|  0%| F|  |TAMS 0x0000000086600000, 0x0000000086600000| Untracked 
|  45|0x0000000086700000, 0x0000000086700000, 0x0000000086800000|  0%| F|  |TAMS 0x0000000086700000, 0x0000000086700000| Untracked 
|  46|0x0000000086800000, 0x0000000086800000, 0x0000000086900000|  0%| F|  |TAMS 0x0000000086800000, 0x0000000086800000| Untracked 
|  47|0x0000000086900000, 0x0000000086900000, 0x0000000086a00000|  0%| F|  |TAMS 0x0000000086900000, 0x0000000086900000| Untracked 
|  48|0x0000000086a00000, 0x0000000086a00000, 0x0000000086b00000|  0%| F|  |TAMS 0x0000000086a00000, 0x0000000086a00000| Untracked 
|  49|0x0000000086b00000, 0x0000000086b00000, 0x0000000086c00000|  0%| F|  |TAMS 0x0000000086b00000, 0x0000000086b00000| Untracked 
|  50|0x0000000086c00000, 0x0000000086c00000, 0x0000000086d00000|  0%| F|  |TAMS 0x0000000086c00000, 0x0000000086c00000| Untracked 
|  51|0x0000000086d00000, 0x0000000086d00000, 0x0000000086e00000|  0%| F|  |TAMS 0x0000000086d00000, 0x0000000086d00000| Untracked 
|  52|0x0000000086e00000, 0x0000000086e00000, 0x0000000086f00000|  0%| F|  |TAMS 0x0000000086e00000, 0x0000000086e00000| Untracked 
|  53|0x0000000086f00000, 0x0000000086f00000, 0x0000000087000000|  0%| F|  |TAMS 0x0000000086f00000, 0x0000000086f00000| Untracked 
|  54|0x0000000087000000, 0x0000000087000000, 0x0000000087100000|  0%| F|  |TAMS 0x0000000087000000, 0x0000000087000000| Untracked 
|  55|0x0000000087100000, 0x0000000087100000, 0x0000000087200000|  0%| F|  |TAMS 0x0000000087100000, 0x0000000087100000| Untracked 
|  56|0x0000000087200000, 0x0000000087200000, 0x0000000087300000|  0%| F|  |TAMS 0x0000000087200000, 0x0000000087200000| Untracked 
|  57|0x0000000087300000, 0x0000000087300000, 0x0000000087400000|  0%| F|  |TAMS 0x0000000087300000, 0x0000000087300000| Untracked 
|  58|0x0000000087400000, 0x0000000087400000, 0x0000000087500000|  0%| F|  |TAMS 0x0000000087400000, 0x0000000087400000| Untracked 
|  59|0x0000000087500000, 0x0000000087500000, 0x0000000087600000|  0%| F|  |TAMS 0x0000000087500000, 0x0000000087500000| Untracked 
|  60|0x0000000087600000, 0x0000000087600000, 0x0000000087700000|  0%| F|  |TAMS 0x0000000087600000, 0x0000000087600000| Untracked 
|  61|0x0000000087700000, 0x0000000087700000, 0x0000000087800000|  0%| F|  |TAMS 0x0000000087700000, 0x0000000087700000| Untracked 
|  62|0x0000000087800000, 0x0000000087800000, 0x0000000087900000|  0%| F|  |TAMS 0x0000000087800000, 0x0000000087800000| Untracked 
|  63|0x0000000087900000, 0x0000000087900000, 0x0000000087a00000|  0%| F|  |TAMS 0x0000000087900000, 0x0000000087900000| Untracked 
|  64|0x0000000087a00000, 0x0000000087a00000, 0x0000000087b00000|  0%| F|  |TAMS 0x0000000087a00000, 0x0000000087a00000| Untracked 
|  65|0x0000000087b00000, 0x0000000087b00000, 0x0000000087c00000|  0%| F|  |TAMS 0x0000000087b00000, 0x0000000087b00000| Untracked 
|  66|0x0000000087c00000, 0x0000000087c00000, 0x0000000087d00000|  0%| F|  |TAMS 0x0000000087c00000, 0x0000000087c00000| Untracked 
|  67|0x0000000087d00000, 0x0000000087d00000, 0x0000000087e00000|  0%| F|  |TAMS 0x0000000087d00000, 0x0000000087d00000| Untracked 
|  68|0x0000000087e00000, 0x0000000087e00000, 0x0000000087f00000|  0%| F|  |TAMS 0x0000000087e00000, 0x0000000087e00000| Untracked 
|  69|0x0000000087f00000, 0x0000000087f00000, 0x0000000088000000|  0%| F|  |TAMS 0x0000000087f00000, 0x0000000087f00000| Untracked 
|  70|0x0000000088000000, 0x0000000088000000, 0x0000000088100000|  0%| F|  |TAMS 0x0000000088000000, 0x0000000088000000| Untracked 
|  71|0x0000000088100000, 0x0000000088100000, 0x0000000088200000|  0%| F|  |TAMS 0x0000000088100000, 0x0000000088100000| Untracked 
|  72|0x0000000088200000, 0x0000000088200000, 0x0000000088300000|  0%| F|  |TAMS 0x0000000088200000, 0x0000000088200000| Untracked 
|  73|0x0000000088300000, 0x0000000088300000, 0x0000000088400000|  0%| F|  |TAMS 0x0000000088300000, 0x0000000088300000| Untracked 
|  74|0x0000000088400000, 0x0000000088400000, 0x0000000088500000|  0%| F|  |TAMS 0x0000000088400000, 0x0000000088400000| Untracked 
|  75|0x0000000088500000, 0x0000000088500000, 0x0000000088600000|  0%| F|  |TAMS 0x0000000088500000, 0x0000000088500000| Untracked 
|  76|0x0000000088600000, 0x0000000088600000, 0x0000000088700000|  0%| F|  |TAMS 0x0000000088600000, 0x0000000088600000| Untracked 
|  77|0x0000000088700000, 0x0000000088700000, 0x0000000088800000|  0%| F|  |TAMS 0x0000000088700000, 0x0000000088700000| Untracked 
|  78|0x0000000088800000, 0x0000000088800000, 0x0000000088900000|  0%| F|  |TAMS 0x0000000088800000, 0x0000000088800000| Untracked 
|  79|0x0000000088900000, 0x0000000088900000, 0x0000000088a00000|  0%| F|  |TAMS 0x0000000088900000, 0x0000000088900000| Untracked 
|  80|0x0000000088a00000, 0x0000000088a00000, 0x0000000088b00000|  0%| F|  |TAMS 0x0000000088a00000, 0x0000000088a00000| Untracked 
|  81|0x0000000088b00000, 0x0000000088b00000, 0x0000000088c00000|  0%| F|  |TAMS 0x0000000088b00000, 0x0000000088b00000| Untracked 
|  82|0x0000000088c00000, 0x0000000088c00000, 0x0000000088d00000|  0%| F|  |TAMS 0x0000000088c00000, 0x0000000088c00000| Untracked 
|  83|0x0000000088d00000, 0x0000000088d00000, 0x0000000088e00000|  0%| F|  |TAMS 0x0000000088d00000, 0x0000000088d00000| Untracked 
|  84|0x0000000088e00000, 0x0000000088e00000, 0x0000000088f00000|  0%| F|  |TAMS 0x0000000088e00000, 0x0000000088e00000| Untracked 
|  85|0x0000000088f00000, 0x0000000088f00000, 0x0000000089000000|  0%| F|  |TAMS 0x0000000088f00000, 0x0000000088f00000| Untracked 
|  86|0x0000000089000000, 0x0000000089000000, 0x0000000089100000|  0%| F|  |TAMS 0x0000000089000000, 0x0000000089000000| Untracked 
|  87|0x0000000089100000, 0x0000000089100000, 0x0000000089200000|  0%| F|  |TAMS 0x0000000089100000, 0x0000000089100000| Untracked 
|  88|0x0000000089200000, 0x0000000089200000, 0x0000000089300000|  0%| F|  |TAMS 0x0000000089200000, 0x0000000089200000| Untracked 
|  89|0x0000000089300000, 0x0000000089300000, 0x0000000089400000|  0%| F|  |TAMS 0x0000000089300000, 0x0000000089300000| Untracked 
|  90|0x0000000089400000, 0x0000000089400000, 0x0000000089500000|  0%| F|  |TAMS 0x0000000089400000, 0x0000000089400000| Untracked 
|  91|0x0000000089500000, 0x0000000089500000, 0x0000000089600000|  0%| F|  |TAMS 0x0000000089500000, 0x0000000089500000| Untracked 
|  92|0x0000000089600000, 0x0000000089600000, 0x0000000089700000|  0%| F|  |TAMS 0x0000000089600000, 0x0000000089600000| Untracked 
|  93|0x0000000089700000, 0x0000000089700000, 0x0000000089800000|  0%| F|  |TAMS 0x0000000089700000, 0x0000000089700000| Untracked 
|  94|0x0000000089800000, 0x0000000089800000, 0x0000000089900000|  0%| F|  |TAMS 0x0000000089800000, 0x0000000089800000| Untracked 
|  95|0x0000000089900000, 0x0000000089900000, 0x0000000089a00000|  0%| F|  |TAMS 0x0000000089900000, 0x0000000089900000| Untracked 
|  96|0x0000000089a00000, 0x0000000089a00000, 0x0000000089b00000|  0%| F|  |TAMS 0x0000000089a00000, 0x0000000089a00000| Untracked 
|  97|0x0000000089b00000, 0x0000000089b00000, 0x0000000089c00000|  0%| F|  |TAMS 0x0000000089b00000, 0x0000000089b00000| Untracked 
|  98|0x0000000089c00000, 0x0000000089c00000, 0x0000000089d00000|  0%| F|  |TAMS 0x0000000089c00000, 0x0000000089c00000| Untracked 
|  99|0x0000000089d00000, 0x0000000089d00000, 0x0000000089e00000|  0%| F|  |TAMS 0x0000000089d00000, 0x0000000089d00000| Untracked 
| 100|0x0000000089e00000, 0x0000000089e00000, 0x0000000089f00000|  0%| F|  |TAMS 0x0000000089e00000, 0x0000000089e00000| Untracked 
| 101|0x0000000089f00000, 0x0000000089f00000, 0x000000008a000000|  0%| F|  |TAMS 0x0000000089f00000, 0x0000000089f00000| Untracked 
| 102|0x000000008a000000, 0x000000008a000000, 0x000000008a100000|  0%| F|  |TAMS 0x000000008a000000, 0x000000008a000000| Untracked 
| 103|0x000000008a100000, 0x000000008a100000, 0x000000008a200000|  0%| F|  |TAMS 0x000000008a100000, 0x000000008a100000| Untracked 
| 104|0x000000008a200000, 0x000000008a200000, 0x000000008a300000|  0%| F|  |TAMS 0x000000008a200000, 0x000000008a200000| Untracked 
| 105|0x000000008a300000, 0x000000008a300000, 0x000000008a400000|  0%| F|  |TAMS 0x000000008a300000, 0x000000008a300000| Untracked 
| 106|0x000000008a400000, 0x000000008a400000, 0x000000008a500000|  0%| F|  |TAMS 0x000000008a400000, 0x000000008a400000| Untracked 
| 107|0x000000008a500000, 0x000000008a500000, 0x000000008a600000|  0%| F|  |TAMS 0x000000008a500000, 0x000000008a500000| Untracked 
| 108|0x000000008a600000, 0x000000008a600000, 0x000000008a700000|  0%| F|  |TAMS 0x000000008a600000, 0x000000008a600000| Untracked 
| 109|0x000000008a700000, 0x000000008a700000, 0x000000008a800000|  0%| F|  |TAMS 0x000000008a700000, 0x000000008a700000| Untracked 
| 110|0x000000008a800000, 0x000000008a800000, 0x000000008a900000|  0%| F|  |TAMS 0x000000008a800000, 0x000000008a800000| Untracked 
| 111|0x000000008a900000, 0x000000008a900000, 0x000000008aa00000|  0%| F|  |TAMS 0x000000008a900000, 0x000000008a900000| Untracked 
| 112|0x000000008aa00000, 0x000000008aa8f610, 0x000000008ab00000| 56%| E|  |TAMS 0x000000008aa00000, 0x000000008aa00000| Complete 
| 113|0x000000008ab00000, 0x000000008ac00000, 0x000000008ac00000|100%| E|CS|TAMS 0x000000008ab00000, 0x000000008ab00000| Complete 
| 114|0x000000008ac00000, 0x000000008ad00000, 0x000000008ad00000|100%| E|CS|TAMS 0x000000008ac00000, 0x000000008ac00000| Complete 
| 115|0x000000008ad00000, 0x000000008ae00000, 0x000000008ae00000|100%| E|CS|TAMS 0x000000008ad00000, 0x000000008ad00000| Complete 
| 116|0x000000008ae00000, 0x000000008af00000, 0x000000008af00000|100%| E|CS|TAMS 0x000000008ae00000, 0x000000008ae00000| Complete 
| 117|0x000000008af00000, 0x000000008b000000, 0x000000008b000000|100%| E|CS|TAMS 0x000000008af00000, 0x000000008af00000| Complete 
| 118|0x000000008b000000, 0x000000008b100000, 0x000000008b100000|100%| E|CS|TAMS 0x000000008b000000, 0x000000008b000000| Complete 
| 119|0x000000008b100000, 0x000000008b200000, 0x000000008b200000|100%| E|CS|TAMS 0x000000008b100000, 0x000000008b100000| Complete 
| 120|0x000000008b200000, 0x000000008b300000, 0x000000008b300000|100%| E|CS|TAMS 0x000000008b200000, 0x000000008b200000| Complete 
| 121|0x000000008b300000, 0x000000008b400000, 0x000000008b400000|100%| E|CS|TAMS 0x000000008b300000, 0x000000008b300000| Complete 
| 122|0x000000008b400000, 0x000000008b500000, 0x000000008b500000|100%| E|CS|TAMS 0x000000008b400000, 0x000000008b400000| Complete 
| 123|0x000000008b500000, 0x000000008b600000, 0x000000008b600000|100%| E|CS|TAMS 0x000000008b500000, 0x000000008b500000| Complete 
| 124|0x000000008b600000, 0x000000008b69b320, 0x000000008b700000| 60%| S|CS|TAMS 0x000000008b600000, 0x000000008b600000| Complete 
| 125|0x000000008b700000, 0x000000008b800000, 0x000000008b800000|100%| E|CS|TAMS 0x000000008b700000, 0x000000008b700000| Complete 

Card table byte_map: [0x0000023eb70b0000,0x0000023eb74a0000] _byte_map_base: 0x0000023eb6c93000

Marking Bits (Prev, Next): (CMBitMap*) 0x0000023e9f6b6750, (CMBitMap*) 0x0000023e9f6b6710
 Prev Bits: [0x0000023eb97b0000, 0x0000023ebb6c8000)
 Next Bits: [0x0000023eb7890000, 0x0000023eb97a8000)

Polling page: 0x0000023e9de50000

Metaspace:

Usage:
  Non-class:     20.00 MB used.
      Class:      3.05 MB used.
       Both:     23.05 MB used.

Virtual space:
  Non-class space:       64.00 MB reserved,      20.12 MB ( 31%) committed,  1 nodes.
      Class space:        1.00 GB reserved,       3.19 MB ( <1%) committed,  1 nodes.
             Both:        1.06 GB reserved,      23.31 MB (  2%) committed. 

Chunk freelists:
   Non-Class:  11.78 MB
       Class:  12.85 MB
        Both:  24.64 MB

MaxMetaspaceSize: unlimited
CompressedClassSpaceSize: 1.00 GB
Initial GC threshold: 21.00 MB
Current GC threshold: 35.25 MB
CDS: on
MetaspaceReclaimPolicy: balanced
 - commit_granule_bytes: 65536.
 - commit_granule_words: 8192.
 - virtual_space_node_default_size: 8388608.
 - enlarge_chunks_in_place: 1.
 - new_chunks_are_fully_committed: 0.
 - uncommit_free_chunks: 1.
 - use_allocation_guard: 0.
 - handle_deallocations: 1.


Internal statistics:

num_allocs_failed_limit: 3.
num_arena_births: 272.
num_arena_deaths: 0.
num_vsnodes_births: 2.
num_vsnodes_deaths: 0.
num_space_committed: 373.
num_space_uncommitted: 0.
num_chunks_returned_to_freelist: 3.
num_chunks_taken_from_freelist: 1100.
num_chunk_merges: 3.
num_chunk_splits: 752.
num_chunks_enlarged: 571.
num_inconsistent_stats: 0.

CodeHeap 'non-profiled nmethods': size=120000Kb used=3294Kb max_used=3294Kb free=116705Kb
 bounds [0x0000023eaed20000, 0x0000023eaf060000, 0x0000023eb6250000]
CodeHeap 'profiled nmethods': size=120000Kb used=13590Kb max_used=13590Kb free=106409Kb
 bounds [0x0000023ea7250000, 0x0000023ea7fa0000, 0x0000023eae780000]
CodeHeap 'non-nmethods': size=5760Kb used=1495Kb max_used=1543Kb free=4265Kb
 bounds [0x0000023eae780000, 0x0000023eae9f0000, 0x0000023eaed20000]
 total_blobs=7086 nmethods=6232 adapters=765
 compilation: enabled
              stopped_count=0, restarted_count=0
 full_count=0

Compilation events (20 events):
Event: 78.505 Thread 0x0000023ebdb5b9c0 6224       3       com.sun.glass.ui.Screen::containsPlatformRect (59 bytes)
Event: 78.505 Thread 0x0000023ebdb5b9c0 nmethod 6224 0x0000023ea7f91910 code [0x0000023ea7f91ac0, 0x0000023ea7f91dc8]
Event: 79.278 Thread 0x0000023ebdb5b9c0 6225       3       javafx.stage.Window$1::notifyLocationChanged (8 bytes)
Event: 79.278 Thread 0x0000023ebdb5b9c0 nmethod 6225 0x0000023ea7f91e90 code [0x0000023ea7f92040, 0x0000023ea7f92208]
Event: 79.278 Thread 0x0000023ebdb5b9c0 6226       3       javafx.stage.Window::notifyLocationChanged (17 bytes)
Event: 79.278 Thread 0x0000023ebdb5b9c0 nmethod 6226 0x0000023ea7f92310 code [0x0000023ea7f924c0, 0x0000023ea7f92758]
Event: 79.533 Thread 0x0000023ebdb5b9c0 6227       3       com.sun.glass.ui.Screen::containsPlatformCoords (44 bytes)
Event: 79.533 Thread 0x0000023ebdb5b9c0 nmethod 6227 0x0000023ea7f92890 code [0x0000023ea7f92a20, 0x0000023ea7f92c38]
Event: 80.653 Thread 0x0000023ebdb5b9c0 6228       3       com.sun.glass.ui.Screen::portionIntersectsPlatformRect (99 bytes)
Event: 80.654 Thread 0x0000023ebdb5b9c0 nmethod 6228 0x0000023ea7f92d10 code [0x0000023ea7f92f00, 0x0000023ea7f933b8]
Event: 81.524 Thread 0x0000023ebdb5b9c0 6229   !   3       jdk.internal.loader.BuiltinClassLoader::findMiscResource (122 bytes)
Event: 81.526 Thread 0x0000023ebdb5b9c0 nmethod 6229 0x0000023ea7f93590 code [0x0000023ea7f93840, 0x0000023ea7f94a88]
Event: 82.315 Thread 0x0000023ebdb56530 6230       4       com.sun.javafx.tk.quantum.QuantumToolkit::postPulse (133 bytes)
Event: 82.330 Thread 0x0000023ebdb56530 nmethod 6230 0x0000023eaf055790 code [0x0000023eaf055980, 0x0000023eaf056d28]
Event: 86.411 Thread 0x0000023ebdb56530 6231       4       com.sun.javafx.tk.quantum.QuantumToolkit$$Lambda$92/0x0000023ec0032cb0::run (8 bytes)
Event: 86.412 Thread 0x0000023ebdb56530 nmethod 6231 0x0000023eaf057690 code [0x0000023eaf057820, 0x0000023eaf057918]
Event: 86.585 Thread 0x0000023ebdb5b9c0 6232       3       java.util.concurrent.ConcurrentHashMap$BaseIterator::<init> (21 bytes)
Event: 86.585 Thread 0x0000023ebdb5b9c0 nmethod 6232 0x0000023ea7f94f90 code [0x0000023ea7f95140, 0x0000023ea7f95318]
Event: 86.585 Thread 0x0000023ebdb5b9c0 6233       3       java.util.concurrent.ConcurrentHashMap$Traverser::<init> (36 bytes)
Event: 86.585 Thread 0x0000023ebdb5b9c0 nmethod 6233 0x0000023ea7f95410 code [0x0000023ea7f955a0, 0x0000023ea7f95798]

GC Heap History (10 events):
Event: 0.482 GC heap before
{Heap before GC invocations=0 (full 0):
 garbage-first heap   total 129024K, used 22528K [0x0000000083a00000, 0x0000000100000000)
  region size 1024K, 23 young (23552K), 0 survivors (0K)
 Metaspace       used 5977K, committed 6208K, reserved 1114112K
  class space    used 700K, committed 832K, reserved 1048576K
}
Event: 0.484 GC heap after
{Heap after GC invocations=1 (full 0):
 garbage-first heap   total 129024K, used 3115K [0x0000000083a00000, 0x0000000100000000)
  region size 1024K, 3 young (3072K), 3 survivors (3072K)
 Metaspace       used 5977K, committed 6208K, reserved 1114112K
  class space    used 700K, committed 832K, reserved 1048576K
}
Event: 5.360 GC heap before
{Heap before GC invocations=1 (full 0):
 garbage-first heap   total 129024K, used 43051K [0x0000000083a00000, 0x0000000100000000)
  region size 1024K, 36 young (36864K), 3 survivors (3072K)
 Metaspace       used 14664K, committed 14848K, reserved 1114112K
  class space    used 2142K, committed 2240K, reserved 1048576K
}
Event: 5.365 GC heap after
{Heap after GC invocations=2 (full 0):
 garbage-first heap   total 129024K, used 14749K [0x0000000083a00000, 0x0000000100000000)
  region size 1024K, 4 young (4096K), 4 survivors (4096K)
 Metaspace       used 14664K, committed 14848K, reserved 1114112K
  class space    used 2142K, committed 2240K, reserved 1048576K
}
Event: 12.878 GC heap before
{Heap before GC invocations=2 (full 0):
 garbage-first heap   total 129024K, used 63901K [0x0000000083a00000, 0x0000000100000000)
  region size 1024K, 31 young (31744K), 4 survivors (4096K)
 Metaspace       used 21277K, committed 21504K, reserved 1114112K
  class space    used 2942K, committed 3072K, reserved 1048576K
}
Event: 12.884 GC heap after
{Heap after GC invocations=3 (full 0):
 garbage-first heap   total 129024K, used 41686K [0x0000000083a00000, 0x0000000100000000)
  region size 1024K, 8 young (8192K), 8 survivors (8192K)
 Metaspace       used 21277K, committed 21504K, reserved 1114112K
  class space    used 2942K, committed 3072K, reserved 1048576K
}
Event: 56.511 GC heap before
{Heap before GC invocations=4 (full 0):
 garbage-first heap   total 129024K, used 90838K [0x0000000083a00000, 0x0000000100000000)
  region size 1024K, 56 young (57344K), 8 survivors (8192K)
 Metaspace       used 23386K, committed 23616K, reserved 1114112K
  class space    used 3115K, committed 3264K, reserved 1048576K
}
Event: 56.516 GC heap after
{Heap after GC invocations=5 (full 0):
 garbage-first heap   total 129024K, used 42984K [0x0000000083a00000, 0x0000000100000000)
  region size 1024K, 5 young (5120K), 5 survivors (5120K)
 Metaspace       used 23386K, committed 23616K, reserved 1114112K
  class space    used 3115K, committed 3264K, reserved 1048576K
}
Event: 58.077 GC heap before
{Heap before GC invocations=5 (full 0):
 garbage-first heap   total 129024K, used 44008K [0x0000000083a00000, 0x0000000100000000)
  region size 1024K, 6 young (6144K), 5 survivors (5120K)
 Metaspace       used 23391K, committed 23680K, reserved 1114112K
  class space    used 3115K, committed 3264K, reserved 1048576K
}
Event: 58.087 GC heap after
{Heap after GC invocations=6 (full 0):
 garbage-first heap   total 129024K, used 42096K [0x0000000083a00000, 0x0000000100000000)
  region size 1024K, 1 young (1024K), 1 survivors (1024K)
 Metaspace       used 23391K, committed 23680K, reserved 1114112K
  class space    used 3115K, committed 3264K, reserved 1048576K
}

Dll operation events (20 events):
Event: 0.246 Loaded shared library C:\Program Files\JavaFX\javafx-sdk-17.0.15\bin\api-ms-win-crt-multibyte-l1-1-0.dll
Event: 0.248 Loaded shared library C:\Program Files\JavaFX\javafx-sdk-17.0.15\bin\api-ms-win-crt-private-l1-1-0.dll
Event: 0.248 Loaded shared library C:\Program Files\JavaFX\javafx-sdk-17.0.15\bin\api-ms-win-crt-process-l1-1-0.dll
Event: 0.249 Loaded shared library C:\Program Files\JavaFX\javafx-sdk-17.0.15\bin\api-ms-win-crt-runtime-l1-1-0.dll
Event: 0.250 Loaded shared library C:\Program Files\JavaFX\javafx-sdk-17.0.15\bin\api-ms-win-crt-stdio-l1-1-0.dll
Event: 0.252 Loaded shared library C:\Program Files\JavaFX\javafx-sdk-17.0.15\bin\api-ms-win-crt-string-l1-1-0.dll
Event: 0.254 Loaded shared library C:\Program Files\JavaFX\javafx-sdk-17.0.15\bin\api-ms-win-crt-time-l1-1-0.dll
Event: 0.255 Loaded shared library C:\Program Files\JavaFX\javafx-sdk-17.0.15\bin\api-ms-win-crt-utility-l1-1-0.dll
Event: 0.257 Loaded shared library C:\Program Files\JavaFX\javafx-sdk-17.0.15\bin\ucrtbase.dll
Event: 0.258 Loaded shared library C:\Program Files\JavaFX\javafx-sdk-17.0.15\bin\vcruntime140.dll
Event: 0.259 Loaded shared library C:\Program Files\JavaFX\javafx-sdk-17.0.15\bin\vcruntime140_1.dll
Event: 0.260 Loaded shared library C:\Program Files\JavaFX\javafx-sdk-17.0.15\bin\msvcp140.dll
Event: 0.261 Loaded shared library C:\Program Files\JavaFX\javafx-sdk-17.0.15\bin\msvcp140_1.dll
Event: 0.262 Loaded shared library C:\Program Files\JavaFX\javafx-sdk-17.0.15\bin\msvcp140_2.dll
Event: 0.295 Loaded shared library C:\Program Files\JavaFX\javafx-sdk-17.0.15\bin\prism_d3d.dll
Event: 0.329 Loaded shared library C:\Program Files\JavaFX\javafx-sdk-17.0.15\bin\glass.dll
Event: 0.415 Loaded shared library C:\Users\jccas\.jdks\temurin-17.0.15\bin\jimage.dll
Event: 0.500 Loaded shared library C:\Program Files\JavaFX\javafx-sdk-17.0.15\bin\javafx_iio.dll
Event: 0.546 Loaded shared library C:\Program Files\JavaFX\javafx-sdk-17.0.15\bin\javafx_font.dll
Event: 9.006 Loaded shared library C:\Users\jccas\.jdks\temurin-17.0.15\bin\verify.dll

Deoptimization events (20 events):
Event: 45.285 Thread 0x0000023f04426ad0 DEOPT PACKING pc=0x0000023eaefcea58 sp=0x000000ded79fbd90
Event: 45.285 Thread 0x0000023f04426ad0 DEOPT UNPACKING pc=0x0000023eae7da1a3 sp=0x000000ded79fbd50 mode 2
Event: 55.340 Thread 0x0000023f04426ad0 DEOPT PACKING pc=0x0000023ea7ab5e04 sp=0x000000ded79fc2e0
Event: 55.340 Thread 0x0000023f04426ad0 DEOPT UNPACKING pc=0x0000023eae7dace3 sp=0x000000ded79fb740 mode 0
Event: 62.156 Thread 0x0000023ebed510c0 Uncommon trap: trap_request=0xffffff6e fr.pc=0x0000023eaf03e3bc relative=0x000000000000049c
Event: 62.156 Thread 0x0000023ebed510c0 Uncommon trap: reason=loop_limit_check action=maybe_recompile pc=0x0000023eaf03e3bc method=com.sun.javafx.geom.transform.AffineBase.doTransform([FI[FIII)V @ 590 c2
Event: 62.156 Thread 0x0000023ebed510c0 DEOPT PACKING pc=0x0000023eaf03e3bc sp=0x000000ded77fd860
Event: 62.156 Thread 0x0000023ebed510c0 DEOPT UNPACKING pc=0x0000023eae7da1a3 sp=0x000000ded77fd768 mode 2
Event: 64.978 Thread 0x0000023f04426ad0 DEOPT PACKING pc=0x0000023ea776418f sp=0x000000ded79f8ec0
Event: 64.978 Thread 0x0000023f04426ad0 DEOPT UNPACKING pc=0x0000023eae7dace3 sp=0x000000ded79f8308 mode 0
Event: 64.978 Thread 0x0000023f04426ad0 Uncommon trap: trap_request=0xffffff45 fr.pc=0x0000023eaee51d88 relative=0x0000000000001468
Event: 64.978 Thread 0x0000023f04426ad0 Uncommon trap: reason=unstable_if action=reinterpret pc=0x0000023eaee51d88 method=com.sun.javafx.image.impl.BaseByteToByteConverter$FourByteReorderer.doConvert([BII[BIIII)V @ 31 c2
Event: 64.978 Thread 0x0000023f04426ad0 DEOPT PACKING pc=0x0000023eaee51d88 sp=0x000000ded79f8e80
Event: 64.978 Thread 0x0000023f04426ad0 DEOPT UNPACKING pc=0x0000023eae7da1a3 sp=0x000000ded79f8e08 mode 2
Event: 67.104 Thread 0x0000023ebed510c0 Uncommon trap: trap_request=0xffffff6e fr.pc=0x0000023eaf03c3b4 relative=0x00000000000005b4
Event: 67.104 Thread 0x0000023ebed510c0 Uncommon trap: reason=loop_limit_check action=maybe_recompile pc=0x0000023eaf03c3b4 method=com.sun.javafx.image.impl.BaseByteToByteConverter$ByteAnyToSameConverter.doConvert([BII[BIIII)V @ 5 c2
Event: 67.104 Thread 0x0000023ebed510c0 DEOPT PACKING pc=0x0000023eaf03c3b4 sp=0x000000ded77fddb0
Event: 67.104 Thread 0x0000023ebed510c0 DEOPT UNPACKING pc=0x0000023eae7da1a3 sp=0x000000ded77fdd48 mode 2
Event: 68.933 Thread 0x0000023f04426ad0 DEOPT PACKING pc=0x0000023ea7433d91 sp=0x000000ded79f8f80
Event: 68.933 Thread 0x0000023f04426ad0 DEOPT UNPACKING pc=0x0000023eae7dace3 sp=0x000000ded79f8478 mode 0

Classes loaded (20 events):
Event: 40.008 Loading class java/lang/ComboBox
Event: 40.008 Loading class java/lang/ComboBox done
Event: 40.008 Loading class java/lang/HBox
Event: 40.008 Loading class java/lang/HBox done
Event: 40.009 Loading class java/lang/Button
Event: 40.009 Loading class java/lang/Button done
Event: 63.143 Loading class java/lang/AnchorPane
Event: 63.143 Loading class java/lang/AnchorPane done
Event: 63.143 Loading class java/lang/Label
Event: 63.143 Loading class java/lang/Label done
Event: 63.143 Loading class java/lang/Font
Event: 63.143 Loading class java/lang/Font done
Event: 63.144 Loading class java/lang/ComboBox
Event: 63.144 Loading class java/lang/ComboBox done
Event: 63.144 Loading class java/lang/HBox
Event: 63.144 Loading class java/lang/HBox done
Event: 63.145 Loading class java/lang/Button
Event: 63.145 Loading class java/lang/Button done
Event: 86.584 Loading class jdk/internal/misc/Signal$1
Event: 86.584 Loading class jdk/internal/misc/Signal$1 done

Classes unloaded (0 events):
No events

Classes redefined (0 events):
No events

Internal exceptions (20 events):
Event: 0.850 Thread 0x0000023f04426ad0 Exception <a 'java/lang/IncompatibleClassChangeError'{0x000000008a5c17e8}: Found class java.lang.Object, but interface was expected> (0x000000008a5c17e8) 
thrown [s\src\hotspot\share\interpreter\linkResolver.cpp, line 826]
Event: 0.881 Thread 0x0000023f04426ad0 Exception <a 'java/lang/ClassNotFoundException'{0x000000008a3b6338}: com/sun/javafx/scene/control/skin/resources/controls> (0x000000008a3b6338) 
thrown [s\src\hotspot\share\prims\jni.cpp, line 535]
Event: 0.881 Thread 0x0000023f04426ad0 Exception <a 'java/lang/ClassNotFoundException'{0x000000008a3c42d8}: com/sun/javafx/scene/control/skin/resources/controls_es> (0x000000008a3c42d8) 
thrown [s\src\hotspot\share\prims\jni.cpp, line 535]
Event: 0.882 Thread 0x0000023f04426ad0 Exception <a 'java/lang/ClassNotFoundException'{0x000000008a3d1f38}: com/sun/javafx/scene/control/skin/resources/controls_es_MX> (0x000000008a3d1f38) 
thrown [s\src\hotspot\share\prims\jni.cpp, line 535]
Event: 0.907 Thread 0x0000023f04426ad0 Exception <a 'java/lang/NoSuchMethodError'{0x000000008a18d428}: 'void java.lang.invoke.DirectMethodHandle$Holder.invokeSpecial(java.lang.Object, java.lang.Object, java.lang.Object, java.lang.Object, java.lang.Object, java.lang.Object)'> (0x000000008a18d428) 
thrown [s\src\hotspot\share\interpreter\linkResolver.cpp, line 759]
Event: 0.959 Thread 0x0000023f04426ad0 Exception <a 'java/lang/NoSuchMethodError'{0x0000000089a3ba68}: 'java.lang.Object java.lang.invoke.DirectMethodHandle$Holder.newInvokeSpecial(java.lang.Object, java.lang.Object, int)'> (0x0000000089a3ba68) 
thrown [s\src\hotspot\share\interpreter\linkResolver.cpp, line 759]
Event: 0.982 Thread 0x0000023ebed510c0 Exception <a 'java/lang/NoSuchMethodError'{0x0000000089987208}: 'int java.lang.invoke.DirectMethodHandle$Holder.invokeStaticInit(java.lang.Object, java.lang.Object)'> (0x0000000089987208) 
thrown [s\src\hotspot\share\interpreter\linkResolver.cpp, line 759]
Event: 0.991 Thread 0x0000023f04426ad0 Exception <a 'java/lang/NoSuchMethodError'{0x00000000899f8d60}: 'long java.lang.invoke.DirectMethodHandle$Holder.invokeStatic(java.lang.Object, java.lang.Object, java.lang.Object)'> (0x00000000899f8d60) 
thrown [s\src\hotspot\share\interpreter\linkResolver.cpp, line 759]
Event: 0.991 Thread 0x0000023f04426ad0 Exception <a 'java/lang/NoSuchMethodError'{0x00000000899fc508}: 'long java.lang.invoke.DirectMethodHandle$Holder.invokeStaticInit(java.lang.Object, java.lang.Object, java.lang.Object)'> (0x00000000899fc508) 
thrown [s\src\hotspot\share\interpreter\linkResolver.cpp, line 759]
Event: 0.993 Thread 0x0000023f04426ad0 Exception <a 'java/lang/NoSuchMethodError'{0x0000000089870640}: 'java.lang.Object java.lang.invoke.DirectMethodHandle$Holder.newInvokeSpecial(java.lang.Object, java.lang.Object, long)'> (0x0000000089870640) 
thrown [s\src\hotspot\share\interpreter\linkResolver.cpp, line 759]
Event: 0.993 Thread 0x0000023f04426ad0 Exception <a 'java/lang/NoSuchMethodError'{0x00000000898741b0}: 'java.lang.Object java.lang.invoke.Invokers$Holder.linkToTargetMethod(java.lang.Object, long, java.lang.Object)'> (0x00000000898741b0) 
thrown [s\src\hotspot\share\interpreter\linkResolver.cpp, line 759]
Event: 1.001 Thread 0x0000023ebed510c0 Exception <a 'java/lang/NoSuchMethodError'{0x00000000898e3c60}: 'java.lang.Object java.lang.invoke.DirectMethodHandle$Holder.invokeStaticInit(java.lang.Object, int)'> (0x00000000898e3c60) 
thrown [s\src\hotspot\share\interpreter\linkResolver.cpp, line 759]
Event: 8.839 Thread 0x0000023f04426ad0 Exception <a 'java/lang/NoSuchMethodError'{0x000000008b429898}: 'java.lang.Object java.lang.invoke.DirectMethodHandle$Holder.invokeInterface(java.lang.Object, java.lang.Object)'> (0x000000008b429898) 
thrown [s\src\hotspot\share\interpreter\linkResolver.cpp, line 759]
Event: 8.852 Thread 0x0000023f04426ad0 Exception <a 'java/lang/NoSuchMethodError'{0x000000008b4a33e8}: 'java.lang.Object java.lang.invoke.DirectMethodHandle$Holder.invokeVirtual(java.lang.Object, java.lang.Object, java.lang.Object)'> (0x000000008b4a33e8) 
thrown [s\src\hotspot\share\interpreter\linkResolver.cpp, line 759]
Event: 10.316 Thread 0x0000023f04426ad0 Exception <a 'java/lang/NoSuchMethodError'{0x000000008a64b818}: 'void java.lang.invoke.DirectMethodHandle$Holder.invokeSpecialIFC(java.lang.Object, java.lang.Object, java.lang.Object, java.lang.Object)'> (0x000000008a64b818) 
thrown [s\src\hotspot\share\interpreter\linkResolver.cpp, line 759]
Event: 10.338 Thread 0x0000023f04426ad0 Exception <a 'java/lang/NoSuchMethodError'{0x000000008a409520}: 'int java.lang.invoke.DirectMethodHandle$Holder.invokeSpecial(java.lang.Object, java.lang.Object, int)'> (0x000000008a409520) 
thrown [s\src\hotspot\share\interpreter\linkResolver.cpp, line 759]
Event: 19.142 Thread 0x0000023f04426ad0 Implicit null exception at 0x0000023eaeedd011 to 0x0000023eaeedeb2c
Event: 58.608 Thread 0x0000023f04426ad0 Exception <a 'java/lang/NoSuchMethodError'{0x000000008b792bf8}: 'java.lang.Object java.lang.invoke.DirectMethodHandle$Holder.newInvokeSpecial(java.lang.Object, java.lang.Object, int, int, int, int, int, java.lang.Object)'> (0x000000008b792bf8) 
thrown [s\src\hotspot\share\interpreter\linkResolver.cpp, line 759]
Event: 58.609 Thread 0x0000023f04426ad0 Exception <a 'java/lang/NoSuchMethodError'{0x000000008b7a5bd8}: 'java.lang.Object java.lang.invoke.DirectMethodHandle$Holder.newInvokeSpecial(java.lang.Object, java.lang.Object, java.lang.Object, int, int, int, int, int)'> (0x000000008b7a5bd8) 
thrown [s\src\hotspot\share\interpreter\linkResolver.cpp, line 759]
Event: 58.610 Thread 0x0000023f04426ad0 Exception <a 'java/lang/NoSuchMethodError'{0x000000008b7ad438}: 'java.lang.Object java.lang.invoke.Invokers$Holder.linkToTargetMethod(java.lang.Object, java.lang.Object, int, int, int, int, int, java.lang.Object)'> (0x000000008b7ad438) 
thrown [s\src\hotspot\share\interpreter\linkResolver.cpp, line 759]

VM Operations (20 events):
Event: 60.087 Executing VM operation: Cleanup done
Event: 60.149 Executing VM operation: HandshakeAllThreads
Event: 60.149 Executing VM operation: HandshakeAllThreads done
Event: 61.149 Executing VM operation: Cleanup
Event: 61.149 Executing VM operation: Cleanup done
Event: 63.149 Executing VM operation: Cleanup
Event: 63.150 Executing VM operation: Cleanup done
Event: 64.150 Executing VM operation: Cleanup
Event: 64.150 Executing VM operation: Cleanup done
Event: 65.150 Executing VM operation: Cleanup
Event: 65.150 Executing VM operation: Cleanup done
Event: 66.151 Executing VM operation: Cleanup
Event: 66.151 Executing VM operation: Cleanup done
Event: 67.152 Executing VM operation: Cleanup
Event: 67.152 Executing VM operation: Cleanup done
Event: 69.153 Executing VM operation: Cleanup
Event: 69.153 Executing VM operation: Cleanup done
Event: 70.153 Executing VM operation: Cleanup
Event: 70.153 Executing VM operation: Cleanup done
Event: 86.586 Executing VM operation: Exit

Memory protections (0 events):
No events

Nmethod flushes (0 events):
No events

Events (20 events):
Event: 11.656 Thread 0x0000023ebdb5b9c0 Thread added: 0x0000023ebe3ca820
Event: 11.916 Thread 0x0000023ebe3ca820 Thread exited: 0x0000023ebe3ca820
Event: 12.101 Thread 0x0000023ebe7e5f60 Thread exited: 0x0000023ebe7e5f60
Event: 12.864 Thread 0x0000023ebdb5b9c0 Thread added: 0x0000023ebe8af870
Event: 13.421 Thread 0x0000023ebe8af870 Thread exited: 0x0000023ebe8af870
Event: 22.314 Thread 0x0000023ebdb5b9c0 Thread added: 0x0000023ebe86f9d0
Event: 22.358 Thread 0x0000023ebdb5b9c0 Thread added: 0x0000023ebede0cb0
Event: 22.965 Thread 0x0000023ebede0cb0 Thread exited: 0x0000023ebede0cb0
Event: 23.205 Thread 0x0000023ebe86f9d0 Thread exited: 0x0000023ebe86f9d0
Event: 29.633 Thread 0x0000023ebdb5b9c0 Thread added: 0x0000023ebe86f9d0
Event: 30.254 Thread 0x0000023ebe86f9d0 Thread exited: 0x0000023ebe86f9d0
Event: 48.296 Thread 0x0000023ebdb5b9c0 Thread added: 0x0000023f04d46680
Event: 49.565 Thread 0x0000023f04d46680 Thread exited: 0x0000023f04d46680
Event: 86.584 Thread 0x0000023ebdb49dd0 Thread added: 0x0000023ebec7cd80
Event: 86.584 Thread 0x0000023ebec7cd80 Thread added: 0x0000023ebec7be50
Event: 86.584 Thread 0x0000023ebec7cd80 Thread added: 0x0000023ebec795d0
Event: 86.585 Thread 0x0000023ebec795d0 Thread exited: 0x0000023ebec795d0
Event: 86.585 Thread 0x0000023ebec7be50 Thread exited: 0x0000023ebec7be50
Event: 86.585 Thread 0x0000023ebec7cd80 Before exit entered
Event: 86.586 Thread 0x0000023ebdb49dd0 Thread exited: 0x0000023ebdb49dd0


Dynamic libraries:
0x00007ff64f1f0000 - 0x00007ff64f1fe000 	C:\Users\jccas\.jdks\temurin-17.0.15\bin\java.exe
0x00007ffde29a0000 - 0x00007ffde2c05000 	C:\WINDOWS\SYSTEM32\ntdll.dll
0x00007ffde1640000 - 0x00007ffde1709000 	C:\WINDOWS\System32\KERNEL32.DLL
0x00007ffddfbc0000 - 0x00007ffddffa8000 	C:\WINDOWS\System32\KERNELBASE.dll
0x00007ffde0060000 - 0x00007ffde01ab000 	C:\WINDOWS\System32\ucrtbase.dll
0x00007ffdc3280000 - 0x00007ffdc3297000 	C:\Users\jccas\.jdks\temurin-17.0.15\bin\jli.dll
0x00007ffdc7450000 - 0x00007ffdc746e000 	C:\Users\jccas\.jdks\temurin-17.0.15\bin\VCRUNTIME140.dll
0x00007ffde1300000 - 0x00007ffde14ca000 	C:\WINDOWS\System32\USER32.dll
0x00007ffdb95f0000 - 0x00007ffdb988a000 	C:\WINDOWS\WinSxS\amd64_microsoft.windows.common-controls_6595b64144ccf1df_6.0.26100.4202_none_3e0698d4e335f517\COMCTL32.dll
0x00007ffddfb90000 - 0x00007ffddfbb7000 	C:\WINDOWS\System32\win32u.dll
0x00007ffde1d00000 - 0x00007ffde1da9000 	C:\WINDOWS\System32\msvcrt.dll
0x00007ffde1fb0000 - 0x00007ffde1fdb000 	C:\WINDOWS\System32\GDI32.dll
0x00007ffde0600000 - 0x00007ffde0737000 	C:\WINDOWS\System32\gdi32full.dll
0x00007ffddffb0000 - 0x00007ffde0053000 	C:\WINDOWS\System32\msvcp_win.dll
0x00007ffde0ae0000 - 0x00007ffde0b10000 	C:\WINDOWS\System32\IMM32.DLL
0x00007ffdcf2f0000 - 0x00007ffdcf2fc000 	C:\Users\jccas\.jdks\temurin-17.0.15\bin\vcruntime140_1.dll
0x00007ffdac110000 - 0x00007ffdac19d000 	C:\Users\jccas\.jdks\temurin-17.0.15\bin\msvcp140.dll
0x00007ffd5f610000 - 0x00007ffd6027b000 	C:\Users\jccas\.jdks\temurin-17.0.15\bin\server\jvm.dll
0x00007ffde14d0000 - 0x00007ffde1583000 	C:\WINDOWS\System32\ADVAPI32.dll
0x00007ffde1590000 - 0x00007ffde1636000 	C:\WINDOWS\System32\sechost.dll
0x00007ffde1fe0000 - 0x00007ffde20f5000 	C:\WINDOWS\System32\RPCRT4.dll
0x00007ffde27f0000 - 0x00007ffde2864000 	C:\WINDOWS\System32\WS2_32.dll
0x00007ffddf940000 - 0x00007ffddf99e000 	C:\WINDOWS\SYSTEM32\POWRPROF.dll
0x00007ffdcf770000 - 0x00007ffdcf77b000 	C:\WINDOWS\SYSTEM32\VERSION.dll
0x00007ffdd4980000 - 0x00007ffdd49b5000 	C:\WINDOWS\SYSTEM32\WINMM.dll
0x00007ffddf920000 - 0x00007ffddf934000 	C:\WINDOWS\SYSTEM32\UMPDC.dll
0x00007ffdde890000 - 0x00007ffdde8ab000 	C:\WINDOWS\SYSTEM32\kernel.appcore.dll
0x00007ffdc97b0000 - 0x00007ffdc97ba000 	C:\Users\jccas\.jdks\temurin-17.0.15\bin\jimage.dll
0x00007ffddd210000 - 0x00007ffddd451000 	C:\WINDOWS\SYSTEM32\DBGHELP.DLL
0x00007ffde0740000 - 0x00007ffde0ac5000 	C:\WINDOWS\System32\combase.dll
0x00007ffde2870000 - 0x00007ffde2951000 	C:\WINDOWS\System32\OLEAUT32.dll
0x00007ffdbb030000 - 0x00007ffdbb069000 	C:\WINDOWS\SYSTEM32\dbgcore.DLL
0x00007ffddfaf0000 - 0x00007ffddfb89000 	C:\WINDOWS\System32\bcryptPrimitives.dll
0x00007ffdc3930000 - 0x00007ffdc393e000 	C:\Users\jccas\.jdks\temurin-17.0.15\bin\instrument.dll
0x00007ffdc2e60000 - 0x00007ffdc2e85000 	C:\Users\jccas\.jdks\temurin-17.0.15\bin\java.dll
0x00007ffd9d960000 - 0x00007ffd9da37000 	C:\Users\jccas\.jdks\temurin-17.0.15\bin\jsvml.dll
0x00007ffde0b40000 - 0x00007ffde1282000 	C:\WINDOWS\System32\SHELL32.dll
0x00007ffde0240000 - 0x00007ffde03b4000 	C:\WINDOWS\System32\wintypes.dll
0x00007ffddd720000 - 0x00007ffdddf78000 	C:\WINDOWS\SYSTEM32\windows.storage.dll
0x00007ffde1c00000 - 0x00007ffde1cf1000 	C:\WINDOWS\System32\SHCORE.dll
0x00007ffde1290000 - 0x00007ffde12fa000 	C:\WINDOWS\System32\shlwapi.dll
0x00007ffddfa00000 - 0x00007ffddfa2f000 	C:\WINDOWS\SYSTEM32\profapi.dll
0x00007ffdc2e40000 - 0x00007ffdc2e59000 	C:\Users\jccas\.jdks\temurin-17.0.15\bin\net.dll
0x00007ffdd47f0000 - 0x00007ffdd490e000 	C:\WINDOWS\SYSTEM32\WINHTTP.dll
0x00007ffddee20000 - 0x00007ffddee8a000 	C:\WINDOWS\system32\mswsock.dll
0x00007ffdbfe80000 - 0x00007ffdbfe96000 	C:\Users\jccas\.jdks\temurin-17.0.15\bin\nio.dll
0x00007ffdbfd20000 - 0x00007ffdbfd38000 	C:\Users\jccas\.jdks\temurin-17.0.15\bin\zip.dll
0x00007ffdbdec0000 - 0x00007ffdbdeda000 	C:\Program Files\JetBrains\IntelliJ IDEA 2024.2.0.2\bin\breakgen64.dll
0x00007ffdc33f0000 - 0x00007ffdc33f9000 	C:\Users\jccas\.jdks\temurin-17.0.15\bin\extnet.dll
0x0000023e9f750000 - 0x0000023e9f753000 	C:\Program Files\JavaFX\javafx-sdk-17.0.15\bin\api-ms-win-core-console-l1-1-0.dll
0x0000023e9f760000 - 0x0000023e9f763000 	C:\Program Files\JavaFX\javafx-sdk-17.0.15\bin\api-ms-win-core-console-l1-2-0.dll
0x0000023e9f770000 - 0x0000023e9f773000 	C:\Program Files\JavaFX\javafx-sdk-17.0.15\bin\api-ms-win-core-datetime-l1-1-0.dll
0x0000023e9f780000 - 0x0000023e9f783000 	C:\Program Files\JavaFX\javafx-sdk-17.0.15\bin\api-ms-win-core-debug-l1-1-0.dll
0x0000023e9f790000 - 0x0000023e9f793000 	C:\Program Files\JavaFX\javafx-sdk-17.0.15\bin\api-ms-win-core-errorhandling-l1-1-0.dll
0x0000023ebef10000 - 0x0000023ebef14000 	C:\Program Files\JavaFX\javafx-sdk-17.0.15\bin\api-ms-win-core-file-l1-1-0.dll
0x0000023ebef20000 - 0x0000023ebef23000 	C:\Program Files\JavaFX\javafx-sdk-17.0.15\bin\api-ms-win-core-file-l1-2-0.dll
0x0000023ebef30000 - 0x0000023ebef33000 	C:\Program Files\JavaFX\javafx-sdk-17.0.15\bin\api-ms-win-core-file-l2-1-0.dll
0x0000023ebef40000 - 0x0000023ebef43000 	C:\Program Files\JavaFX\javafx-sdk-17.0.15\bin\api-ms-win-core-handle-l1-1-0.dll
0x0000023ebef50000 - 0x0000023ebef53000 	C:\Program Files\JavaFX\javafx-sdk-17.0.15\bin\api-ms-win-core-heap-l1-1-0.dll
0x0000023ebef60000 - 0x0000023ebef63000 	C:\Program Files\JavaFX\javafx-sdk-17.0.15\bin\api-ms-win-core-interlocked-l1-1-0.dll
0x0000023ebef70000 - 0x0000023ebef73000 	C:\Program Files\JavaFX\javafx-sdk-17.0.15\bin\api-ms-win-core-libraryloader-l1-1-0.dll
0x0000023ebef80000 - 0x0000023ebef83000 	C:\Program Files\JavaFX\javafx-sdk-17.0.15\bin\api-ms-win-core-localization-l1-2-0.dll
0x0000023ebef90000 - 0x0000023ebef93000 	C:\Program Files\JavaFX\javafx-sdk-17.0.15\bin\api-ms-win-core-memory-l1-1-0.dll
0x0000023ebefa0000 - 0x0000023ebefa3000 	C:\Program Files\JavaFX\javafx-sdk-17.0.15\bin\api-ms-win-core-namedpipe-l1-1-0.dll
0x0000023ebefb0000 - 0x0000023ebefb3000 	C:\Program Files\JavaFX\javafx-sdk-17.0.15\bin\api-ms-win-core-processenvironment-l1-1-0.dll
0x0000023ebefc0000 - 0x0000023ebefc3000 	C:\Program Files\JavaFX\javafx-sdk-17.0.15\bin\api-ms-win-core-processthreads-l1-1-0.dll
0x0000023ebefd0000 - 0x0000023ebefd3000 	C:\Program Files\JavaFX\javafx-sdk-17.0.15\bin\api-ms-win-core-processthreads-l1-1-1.dll
0x0000023ebefe0000 - 0x0000023ebefe3000 	C:\Program Files\JavaFX\javafx-sdk-17.0.15\bin\api-ms-win-core-profile-l1-1-0.dll
0x0000023ebeff0000 - 0x0000023ebeff3000 	C:\Program Files\JavaFX\javafx-sdk-17.0.15\bin\api-ms-win-core-rtlsupport-l1-1-0.dll
0x0000023f04fd0000 - 0x0000023f04fd3000 	C:\Program Files\JavaFX\javafx-sdk-17.0.15\bin\api-ms-win-core-string-l1-1-0.dll
0x0000023f04fe0000 - 0x0000023f04fe3000 	C:\Program Files\JavaFX\javafx-sdk-17.0.15\bin\api-ms-win-core-synch-l1-1-0.dll
0x0000023f04ff0000 - 0x0000023f04ff3000 	C:\Program Files\JavaFX\javafx-sdk-17.0.15\bin\api-ms-win-core-synch-l1-2-0.dll
0x0000023f05000000 - 0x0000023f05003000 	C:\Program Files\JavaFX\javafx-sdk-17.0.15\bin\api-ms-win-core-sysinfo-l1-1-0.dll
0x0000023f05130000 - 0x0000023f05133000 	C:\Program Files\JavaFX\javafx-sdk-17.0.15\bin\api-ms-win-core-timezone-l1-1-0.dll
0x0000023f05010000 - 0x0000023f05013000 	C:\Program Files\JavaFX\javafx-sdk-17.0.15\bin\api-ms-win-core-util-l1-1-0.dll
0x0000023f05020000 - 0x0000023f05023000 	C:\Program Files\JavaFX\javafx-sdk-17.0.15\bin\api-ms-win-crt-conio-l1-1-0.dll
0x0000023f05030000 - 0x0000023f05034000 	C:\Program Files\JavaFX\javafx-sdk-17.0.15\bin\api-ms-win-crt-convert-l1-1-0.dll
0x0000023f05040000 - 0x0000023f05043000 	C:\Program Files\JavaFX\javafx-sdk-17.0.15\bin\api-ms-win-crt-environment-l1-1-0.dll
0x0000023f05050000 - 0x0000023f05053000 	C:\Program Files\JavaFX\javafx-sdk-17.0.15\bin\api-ms-win-crt-filesystem-l1-1-0.dll
0x0000023f05060000 - 0x0000023f05063000 	C:\Program Files\JavaFX\javafx-sdk-17.0.15\bin\api-ms-win-crt-heap-l1-1-0.dll
0x0000023f05070000 - 0x0000023f05073000 	C:\Program Files\JavaFX\javafx-sdk-17.0.15\bin\api-ms-win-crt-locale-l1-1-0.dll
0x0000023f05080000 - 0x0000023f05085000 	C:\Program Files\JavaFX\javafx-sdk-17.0.15\bin\api-ms-win-crt-math-l1-1-0.dll
0x0000023f05090000 - 0x0000023f05095000 	C:\Program Files\JavaFX\javafx-sdk-17.0.15\bin\api-ms-win-crt-multibyte-l1-1-0.dll
0x0000023f050a0000 - 0x0000023f050b0000 	C:\Program Files\JavaFX\javafx-sdk-17.0.15\bin\api-ms-win-crt-private-l1-1-0.dll
0x0000023f050b0000 - 0x0000023f050b3000 	C:\Program Files\JavaFX\javafx-sdk-17.0.15\bin\api-ms-win-crt-process-l1-1-0.dll
0x0000023f050c0000 - 0x0000023f050c4000 	C:\Program Files\JavaFX\javafx-sdk-17.0.15\bin\api-ms-win-crt-runtime-l1-1-0.dll
0x0000023f050d0000 - 0x0000023f050d4000 	C:\Program Files\JavaFX\javafx-sdk-17.0.15\bin\api-ms-win-crt-stdio-l1-1-0.dll
0x0000023f050e0000 - 0x0000023f050e4000 	C:\Program Files\JavaFX\javafx-sdk-17.0.15\bin\api-ms-win-crt-string-l1-1-0.dll
0x0000023f050f0000 - 0x0000023f050f3000 	C:\Program Files\JavaFX\javafx-sdk-17.0.15\bin\api-ms-win-crt-time-l1-1-0.dll
0x0000023f05100000 - 0x0000023f05103000 	C:\Program Files\JavaFX\javafx-sdk-17.0.15\bin\api-ms-win-crt-utility-l1-1-0.dll
0x00007ffd96080000 - 0x00007ffd9617c000 	C:\Program Files\JavaFX\javafx-sdk-17.0.15\bin\ucrtbase.dll
0x00007ffdbaab0000 - 0x00007ffdbaacb000 	C:\Program Files\JavaFX\javafx-sdk-17.0.15\bin\vcruntime140.dll
0x00007ffdc3390000 - 0x00007ffdc339c000 	C:\Program Files\JavaFX\javafx-sdk-17.0.15\bin\vcruntime140_1.dll
0x00007ffdac080000 - 0x00007ffdac10e000 	C:\Program Files\JavaFX\javafx-sdk-17.0.15\bin\msvcp140.dll
0x00007ffdc2e30000 - 0x00007ffdc2e39000 	C:\Program Files\JavaFX\javafx-sdk-17.0.15\bin\msvcp140_1.dll
0x00007ffdaaac0000 - 0x00007ffdaab01000 	C:\Program Files\JavaFX\javafx-sdk-17.0.15\bin\msvcp140_2.dll
0x00007ffdb88b0000 - 0x00007ffdb88da000 	C:\Program Files\JavaFX\javafx-sdk-17.0.15\bin\prism_d3d.dll
0x00007ffda1c70000 - 0x00007ffda1e27000 	C:\WINDOWS\system32\d3d9.dll
0x00007ffddca30000 - 0x00007ffddca66000 	C:\WINDOWS\SYSTEM32\dwmapi.dll
0x00007ffddc9c0000 - 0x00007ffddca0d000 	C:\WINDOWS\SYSTEM32\dxcore.dll
0x00007ffddc6e0000 - 0x00007ffddc78f000 	C:\WINDOWS\system32\uxtheme.dll
0x00007ffd61920000 - 0x00007ffd61b58000 	C:\WINDOWS\System32\DriverStore\FileRepository\iigd_dch.inf_amd64_0fdf6ce291234272\igdumdim64.dll
0x00007ffde2100000 - 0x00007ffde229e000 	C:\WINDOWS\System32\ole32.dll
0x00007ffd29b30000 - 0x00007ffd2aea0000 	C:\WINDOWS\System32\DriverStore\FileRepository\iigd_dch.inf_amd64_0fdf6ce291234272\igd9dxva64.dll
0x00007ffde22e0000 - 0x00007ffde2766000 	C:\WINDOWS\System32\SETUPAPI.dll
0x00007ffddf660000 - 0x00007ffddf6b7000 	C:\WINDOWS\SYSTEM32\cfgmgr32.dll
0x00007ffd838e0000 - 0x00007ffd85601000 	C:\WINDOWS\System32\DriverStore\FileRepository\iigd_dch.inf_amd64_0fdf6ce291234272\media_bin_64.dll
0x00007ffdd3bb0000 - 0x00007ffdd3fe8000 	C:\WINDOWS\System32\DriverStore\FileRepository\iigd_dch.inf_amd64_0fdf6ce291234272\igdgmm64.dll
0x00007ffddc810000 - 0x00007ffddc871000 	C:\WINDOWS\SYSTEM32\directxdatabasehelper.dll
0x00007ffda8c00000 - 0x00007ffda8c42000 	C:\Program Files\JavaFX\javafx-sdk-17.0.15\bin\glass.dll
0x00007ffde1710000 - 0x00007ffde1806000 	C:\WINDOWS\System32\COMDLG32.dll
0x00007ffde1e40000 - 0x00007ffde1fa0000 	C:\WINDOWS\System32\MSCTF.dll
0x00007ffd87fe0000 - 0x00007ffd88007000 	C:\WINDOWS\System32\DriverStore\FileRepository\iigd_dch.inf_amd64_0fdf6ce291234272\igdinfo64.dll
0x00007ffdcfd00000 - 0x00007ffdd3bad000 	C:\WINDOWS\System32\DriverStore\FileRepository\iigd_dch.inf_amd64_0fdf6ce291234272\igc64.dll
0x00007ffdab290000 - 0x00007ffdab2bd000 	C:\Program Files\JavaFX\javafx-sdk-17.0.15\bin\javafx_iio.dll
0x00007ffdba060000 - 0x00007ffdba075000 	C:\Program Files\JavaFX\javafx-sdk-17.0.15\bin\javafx_font.dll
0x00007ffddaf50000 - 0x00007ffddb1bb000 	C:\WINDOWS\SYSTEM32\dwrite.dll
0x00007ffde1860000 - 0x00007ffde1908000 	C:\WINDOWS\System32\clbcatq.dll
0x00007ffddacd0000 - 0x00007ffddaf09000 	C:\WINDOWS\SYSTEM32\WindowsCodecs.dll
0x00007ffdaa4f0000 - 0x00007ffdaa54a000 	C:\WINDOWS\system32\dataexchange.dll
0x00007ffdcdbe0000 - 0x00007ffdcde1a000 	C:\WINDOWS\system32\twinapi.appcore.dll
0x00007ffd8f100000 - 0x00007ffd8f12c000 	C:\Program Files\Common Files\Microsoft Shared\Ink\rtscom.dll
0x00007ffdc75b0000 - 0x00007ffdc7700000 	C:\WINDOWS\SYSTEM32\textinputframework.dll
0x00007ffddc1f0000 - 0x00007ffddc315000 	C:\WINDOWS\SYSTEM32\CoreMessaging.dll
0x00007ffdd71b0000 - 0x00007ffdd7493000 	C:\WINDOWS\SYSTEM32\CoreUIComponents.dll
0x00007ffddf0f0000 - 0x00007ffddf0fc000 	C:\WINDOWS\SYSTEM32\CRYPTBASE.DLL
0x00007ffdde370000 - 0x00007ffdde497000 	C:\WINDOWS\SYSTEM32\DNSAPI.dll
0x00007ffdde2d0000 - 0x00007ffdde303000 	C:\WINDOWS\SYSTEM32\IPHLPAPI.DLL

dbghelp: loaded successfully - version: 4.0.5 - missing functions: none
symbol engine: initialized successfully - sym options: 0x614 - pdb path: .;C:\Users\jccas\.jdks\temurin-17.0.15\bin;C:\WINDOWS\SYSTEM32;C:\WINDOWS\WinSxS\amd64_microsoft.windows.common-controls_6595b64144ccf1df_6.0.26100.4202_none_3e0698d4e335f517;C:\Users\jccas\.jdks\temurin-17.0.15\bin\server;C:\Program Files\JetBrains\IntelliJ IDEA 2024.2.0.2\bin;C:\Program Files\JavaFX\javafx-sdk-17.0.15\bin;C:\WINDOWS\System32\DriverStore\FileRepository\iigd_dch.inf_amd64_0fdf6ce291234272;C:\Program Files\Common Files\Microsoft Shared\Ink

VM Arguments:
jvm_args: --module-path=C:\Program Files\JavaFX\javafx-sdk-17.0.15\lib --add-modules=javafx.controls,javafx.fxml,javafx.graphics,javafx.base -javaagent:C:\Program Files\JetBrains\IntelliJ IDEA 2024.2.0.2\lib\idea_rt.jar=61443:C:\Program Files\JetBrains\IntelliJ IDEA 2024.2.0.2\bin -Dfile.encoding=UTF-8 
java_command: professionalpractice.ProfessionalPractices
java_class_path (initial): C:\TrabajosProgramacion\PC\ProyectoModificado\Professional-Practices-software\out\production\Professional-Practices-software;C:\TrabajosProgramacion\PC\ProyectoModificado\Professional-Practices-software\dependencies\jbcrypt-0.4.jar;C:\TrabajosProgramacion\PC\ProyectoModificado\Professional-Practices-software\dependencies\mysql-connector-java-8.0.20.jar;C:\Program Files\JavaFX\javafx-sdk-17.0.15\lib\javafx-swt.jar;C:\Program Files\JavaFX\javafx-sdk-17.0.15\lib\javafx.web.jar;C:\Program Files\JavaFX\javafx-sdk-17.0.15\lib\javafx.base.jar;C:\Program Files\JavaFX\javafx-sdk-17.0.15\lib\javafx.fxml.jar;C:\Program Files\JavaFX\javafx-sdk-17.0.15\lib\javafx.media.jar;C:\Program Files\JavaFX\javafx-sdk-17.0.15\lib\javafx.swing.jar;C:\Program Files\JavaFX\javafx-sdk-17.0.15\lib\javafx.controls.jar;C:\Program Files\JavaFX\javafx-sdk-17.0.15\lib\javafx.graphics.jar
Launcher Type: SUN_STANDARD

[Global flags]
     intx CICompilerCount                          = 4                                         {product} {ergonomic}
     uint ConcGCThreads                            = 2                                         {product} {ergonomic}
     uint G1ConcRefinementThreads                  = 8                                         {product} {ergonomic}
   size_t G1HeapRegionSize                         = 1048576                                   {product} {ergonomic}
    uintx GCDrainStackTargetSize                   = 64                                        {product} {ergonomic}
   size_t InitialHeapSize                          = 132120576                                 {product} {ergonomic}
   size_t MarkStackSize                            = 4194304                                   {product} {ergonomic}
   size_t MaxHeapSize                              = 2086666240                                {product} {ergonomic}
   size_t MaxNewSize                               = 1251999744                                {product} {ergonomic}
   size_t MinHeapDeltaBytes                        = 1048576                                   {product} {ergonomic}
   size_t MinHeapSize                              = 8388608                                   {product} {ergonomic}
    uintx NonNMethodCodeHeapSize                   = 5839372                                {pd product} {ergonomic}
    uintx NonProfiledCodeHeapSize                  = 122909434                              {pd product} {ergonomic}
    uintx ProfiledCodeHeapSize                     = 122909434                              {pd product} {ergonomic}
    uintx ReservedCodeCacheSize                    = 251658240                              {pd product} {ergonomic}
     bool SegmentedCodeCache                       = true                                      {product} {ergonomic}
   size_t SoftMaxHeapSize                          = 2086666240                             {manageable} {ergonomic}
     bool UseCompressedClassPointers               = true                           {product lp64_product} {ergonomic}
     bool UseCompressedOops                        = true                           {product lp64_product} {ergonomic}
     bool UseG1GC                                  = true                                      {product} {ergonomic}
     bool UseLargePagesIndividualAllocation        = false                                  {pd product} {ergonomic}

Logging:
Log output configuration:
 #0: stdout all=off uptime,level,tags
 #1: stderr all=off uptime,level,tags

Environment Variables:
PATH=C:\Program Files\Eclipse Adoptium\jdk-21.0.7.6-hotspot\bin;C:\Program Files\MySQL\MySQL Server 8.0\bin;C:\Program Files (x86)\Common Files\Oracle\Java\java8path;C:\Program Files\Common Files\Oracle\Java\javapath;C:\Program Files (x86)\Common Files\Oracle\Java\javapath;C:\WINDOWS\system32;C:\WINDOWS;C:\WINDOWS\System32\Wbem;C:\WINDOWS\System32\WindowsPowerShell\v1.0\;C:\WINDOWS\System32\OpenSSH\;C:\Program Files (x86)\Common Files\i2 Shared\Geotrans\;C:\Program Files (x86)\Common Files\i2 Shared\i2 Online iLink 8\Components\;C:\Program Files\HP\HP One Agent;C:\Users\jccas\AppData\Local\Programs\Python\Python313;C:\WINDOWS\system32;C:\WINDOWS;C:\WINDOWS\System32\Wbem;C:\WINDOWS\System32\WindowsPowerShell\v1.0\;C:\WINDOWS\System32\OpenSSH\;C:\Program Files\dotnet\;C:\Program Files\Git\cmd;C:\Program Files\MySQL\MySQL Server 8.0\bin;C:\Users\jccas\AppData\Local\Programs\Python\Launcher\;C:\xampp\htdocs\UAI\vistas\index.ine_nacional.vista.php;C:\Users\jccas\AppData\Local\Microsoft\WindowsApps;C:\Users\jccas\AppData\Local\JetBrains\Toolbox\scripts;C:\Users\jccas\AppData\Local\Programs\Microsoft VS Code\bin;C:\Users\jccas\.dotnet\tools;
USERNAME=jccas
OS=Windows_NT
PROCESSOR_IDENTIFIER=Intel64 Family 6 Model 140 Stepping 1, GenuineIntel
TMP=C:\Users\jccas\AppData\Local\Temp
TEMP=C:\Users\jccas\AppData\Local\Temp



Periodic native trim disabled


---------------  S Y S T E M  ---------------

OS:
 Windows 11 , 64 bit Build 26100 (10.0.26100.4202)
OS uptime: 6 days 6:38 hours
Hyper-V role detected

CPU: total 8 (initial active 8) (4 cores per cpu, 2 threads per core) family 6 model 140 stepping 1 microcode 0x86, cx8, cmov, fxsr, ht, mmx, 3dnowpref, sse, sse2, sse3, ssse3, sse4.1, sse4.2, popcnt, lzcnt, tsc, tscinvbit, avx, avx2, aes, erms, clmul, bmi1, bmi2, adx, avx512f, avx512dq, avx512cd, avx512bw, avx512vl, sha, fma, vzeroupper, avx512_vpopcntdq, avx512_vpclmulqdq, avx512_vaes, avx512_vnni, clflush, clflushopt, clwb, avx512_vbmi2, avx512_vbmi, hv
Processor Information for all 8 processors :
  Max Mhz: 2419, Current Mhz: 2419, Mhz Limit: 2419

Memory: 4k page, system-wide physical 7957M (912M free)
TotalPageFile size 17867M (AvailPageFile size 798M)
current process WorkingSet (physical memory assigned to process): 317M, peak: 328M
current process commit charge ("private bytes"): 380M, peak: 414M

vm_info: OpenJDK 64-Bit Server VM (17.0.15+6) for windows-amd64 JRE (17.0.15+6), built on Apr 15 2025 21:25:47 by "admin" with MS VC++ 17.7 (VS2022)

END.
