#
# A fatal error has been detected by the Java Runtime Environment:
#
#  EXCEPTION_ACCESS_VIOLATION (0xc0000005) at pc=0x00007ffda8bf78b0, pid=23396, tid=0x0000000000002b78
#
# JRE version: Java(TM) SE Runtime Environment (8.0_202-b08) (build 1.8.0_202-b08)
# Java VM: Java HotSpot(TM) 64-Bit Server VM (25.202-b08 mixed mode windows-amd64 compressed oops)
# Problematic frame:
# C  [glass.dll+0x278b0]
#
# Failed to write core dump. Minidumps are not enabled by default on client versions of Windows
#
# If you would like to submit a bug report, please visit:
#   http://bugreport.java.com/bugreport/crash.jsp
#

---------------  T H R E A D  ---------------

Current thread (0x0000000018319000):  VMThread [stack: 0x000000001a000000,0x000000001a100000] [id=11128]

siginfo: ExceptionCode=0xc0000005, reading address 0x0000000000000000

Registers:
RAX=0x0000000000000000, RBX=0x000000001b2683c8, RCX=0x0000000018319000, RDX=0x00000000691124e8
RSP=0x000000001a0fecb0, RBP=0x00009a5372ae9fea, RSI=0x000000001bfd0538, RDI=0x000000001bfd0510
R8 =0x0000000000010002, R9 =0x00009a5372ae9fea, R10=0x00000000011e0000, R11=0x000000001a0feb70
R12=0x00007ffda8bd0000, R13=0x000000007ffe0385, R14=0x000000001a0fedc8, R15=0x000000001bfd0510
RIP=0x00007ffda8bf78b0, EFLAGS=0x0000000000010202

Top of Stack: (sp=0x000000001a0fecb0)
0x000000001a0fecb0:   0000000000000000 00007ffde007e0fb
0x000000001a0fecc0:   0000000001260000 0000000000000000
0x000000001a0fecd0:   fffffffffffffffe 00007ffda8bd0000
0x000000001a0fece0:   000000001bfd0518 00007ffde00abc75
0x000000001a0fecf0:   000000001bfd0538 0000000000000000
0x000000001a0fed00:   000000001bfd0530 00009a5372ae9fea
0x000000001a0fed10:   fffffffffffffffe 00007ffda4770000
0x000000001a0fed20:   0000000000000000 00007ffda8bd0000
0x000000001a0fed30:   000000001a0fedb8 00007ffde00ab897
0x000000001a0fed40:   000000001a0fed00 000000001a0fedc8
0x000000001a0fed50:   00000000181a56d0 00007ffde01988c0
0x000000001a0fed60:   0000000000000000 00007ffde00ab84d
0x000000001a0fed70:   0000000000000000 0000000000000001
0x000000001a0fed80:   000000000000000d 000000001a0fedb8
0x000000001a0fed90:   fffffffffffffffe 00007ffdb5b5499f
0x000000001a0feda0:   0000000000000000 00007ffda8bf4752 

Instructions: (pc=0x00007ffda8bf78b0)
0x00007ffda8bf7890:   40 53 48 83 ec 30 48 c7 44 24 20 fe ff ff ff 48
0x00007ffda8bf78a0:   8b 1d 7a 72 01 00 48 85 db 74 16 e8 00 81 ff ff
0x00007ffda8bf78b0:   4c 8b 00 48 8b d3 48 8b c8 41 ff 90 b0 00 00 00
0x00007ffda8bf78c0:   90 48 83 c4 30 5b c3 cc cc cc cc cc cc cc cc cc 


Register to memory mapping:

RAX=0x0000000000000000 is an unknown value
RBX=0x000000001b2683c8 is a global jni handle
RCX=0x0000000018319000 is an unknown value
RDX=0x00000000691124e8 is an unknown value
RSP=0x000000001a0fecb0 is an unknown value
RBP=0x00009a5372ae9fea is an unknown value
RSI=0x000000001bfd0538 is an unknown value
RDI=0x000000001bfd0510 is an unknown value
R8 =0x0000000000010002 is an unknown value
R9 =0x00009a5372ae9fea is an unknown value
R10=0x00000000011e0000 is an unknown value
R11=0x000000001a0feb70 is an unknown value
R12=0x00007ffda8bd0000 is an unknown value
R13=0x000000007ffe0385 is an unknown value
R14=0x000000001a0fedc8 is an unknown value
R15=0x000000001bfd0510 is an unknown value


Stack: [0x000000001a000000,0x000000001a100000],  sp=0x000000001a0fecb0,  free space=1019k
Native frames: (J=compiled Java code, j=interpreted, Vv=VM code, C=native code)
C  [glass.dll+0x278b0]
C  [ucrtbase.dll+0x4bc75]
C  [ucrtbase.dll+0x4b897]
C  [ucrtbase.dll+0x4b84d]
C  [glass.dll+0x24752]
C  [glass.dll+0x24850]
C  [ntdll.dll+0x72983]
C  [ntdll.dll+0x3dc2f]
C  [ntdll.dll+0x3c504]
C  [KERNEL32.DLL+0x418ab]
C  [msvcr100.dll+0x20ccd]
V  [jvm.dll+0x214045]
V  [jvm.dll+0x24d5d7]
V  [jvm.dll+0x24c876]
V  [jvm.dll+0x24cd11]
V  [jvm.dll+0x24cf2e]
V  [jvm.dll+0x29fc6a]
C  [msvcr100.dll+0x21d9f]
C  [msvcr100.dll+0x21e3b]
C  [KERNEL32.DLL+0x2e8d7]
C  [ntdll.dll+0x3c34c]

VM_Operation (0x00000000211cf420): Exit, mode: safepoint, requested by thread 0x000000001b63e000


---------------  P R O C E S S  ---------------

Java Threads: ( => current thread )
  0x000000001b63e000 JavaThread "SIGINT handler" daemon [_thread_blocked, id=6400, stack(0x00000000210d0000,0x00000000211d0000)]
  0x000000001b63b800 JavaThread "mysql-cj-abandoned-connection-cleanup" daemon [_thread_blocked, id=10032, stack(0x00000000261d0000,0x00000000262d0000)]
  0x000000001b63d000 JavaThread "JMX server connection timeout 23" daemon [_thread_blocked, id=8860, stack(0x0000000024ee0000,0x0000000024fe0000)]
  0x000000001b63b000 JavaThread "RMI Scheduler(0)" daemon [_thread_blocked, id=20124, stack(0x0000000024de0000,0x0000000024ee0000)]
  0x000000001b63a000 JavaThread "RMI TCP Connection(1)-192.168.5.185" daemon [_thread_blocked, id=19300, stack(0x0000000024ae0000,0x0000000024be0000)]
  0x000000001b687800 JavaThread "Prism Font Disposer" daemon [_thread_blocked, id=4852, stack(0x00000000241e0000,0x00000000242e0000)]
  0x000000001b4f1000 JavaThread "RMI TCP Accept-0" daemon [_thread_in_native, id=12240, stack(0x0000000021dd0000,0x0000000021ed0000)]
  0x000000001b3a3000 JavaThread "Thread-4" daemon [_thread_in_native, id=26420, stack(0x00000000217d0000,0x00000000218d0000)]
  0x000000001b2fa000 JavaThread "JavaFX-Launcher" [_thread_blocked, id=424, stack(0x00000000218d0000,0x00000000219d0000)]
  0x000000001b2db000 JavaThread "JavaFX Application Thread" [_thread_in_native, id=19184, stack(0x000000001c6f0000,0x000000001c7f0000)]
  0x000000001b26f800 JavaThread "Thread-2" daemon [_thread_blocked, id=18040, stack(0x000000001c5f0000,0x000000001c6f0000)]
  0x000000001b247000 JavaThread "QuantumRenderer-0" daemon [_thread_blocked, id=14672, stack(0x000000001be80000,0x000000001bf80000)]
  0x000000001a27c800 JavaThread "Service Thread" daemon [_thread_blocked, id=24896, stack(0x000000001af30000,0x000000001b030000)]
  0x000000001a1ea000 JavaThread "C1 CompilerThread3" daemon [_thread_blocked, id=12528, stack(0x000000001ae30000,0x000000001af30000)]
  0x000000001a1e7000 JavaThread "C2 CompilerThread2" daemon [_thread_blocked, id=9868, stack(0x000000001ad30000,0x000000001ae30000)]
  0x000000001a1dd000 JavaThread "C2 CompilerThread1" daemon [_thread_blocked, id=18084, stack(0x000000001ac30000,0x000000001ad30000)]
  0x000000001a1dc000 JavaThread "C2 CompilerThread0" daemon [_thread_blocked, id=11396, stack(0x000000001ab30000,0x000000001ac30000)]
  0x000000001a1d9000 JavaThread "Monitor Ctrl-Break" daemon [_thread_in_native, id=23352, stack(0x000000001aa30000,0x000000001ab30000)]
  0x000000001a131800 JavaThread "Attach Listener" daemon [_thread_blocked, id=9564, stack(0x000000001a930000,0x000000001aa30000)]
  0x000000001a121800 JavaThread "Finalizer" daemon [_thread_blocked, id=26224, stack(0x000000001a600000,0x000000001a700000)]
  0x000000001a120800 JavaThread "Reference Handler" daemon [_thread_blocked, id=18208, stack(0x000000001a500000,0x000000001a600000)]
  0x00000000033c3800 JavaThread "main" [_thread_blocked, id=20864, stack(0x00000000030c0000,0x00000000031c0000)]

Other Threads:
=>0x0000000018319000 VMThread [stack: 0x000000001a000000,0x000000001a100000] [id=11128]

VM state:at safepoint (shutting down)

VM Mutex/Monitor currently owned by a thread:  ([mutex/lock_event])
[0x00000000033c0850] Threads_lock - owner thread: 0x0000000018319000

heap address: 0x0000000083a00000, size: 1990 MB, Compressed Oops mode: 32-bit
Narrow klass base: 0x0000000000000000, Narrow klass shift: 3
Compressed class space size: 1073741824 Address: 0x0000000100000000

Heap:
 PSYoungGen      total 37888K, used 34543K [0x00000000d6900000, 0x00000000d9300000, 0x0000000100000000)
  eden space 32768K, 91% used [0x00000000d6900000,0x00000000d8631e68,0x00000000d8900000)
  from space 5120K, 90% used [0x00000000d8900000,0x00000000d8d8a168,0x00000000d8e00000)
  to   space 5120K, 0% used [0x00000000d8e00000,0x00000000d8e00000,0x00000000d9300000)
 ParOldGen       total 49152K, used 23923K [0x0000000083a00000, 0x0000000086a00000, 0x00000000d6900000)
  object space 49152K, 48% used [0x0000000083a00000,0x000000008515cc68,0x0000000086a00000)
 Metaspace       used 26394K, capacity 27834K, committed 28032K, reserved 1073152K
  class space    used 3564K, capacity 3850K, committed 3968K, reserved 1048576K

Card table byte_map: [0x0000000012880000,0x0000000012c70000] byte_map_base: 0x0000000012463000

Marking Bits: (ParMarkBitMap*) 0x0000000069305ce0
 Begin Bits: [0x0000000013710000, 0x0000000015628000)
 End Bits:   [0x0000000015628000, 0x0000000017540000)

Polling page: 0x0000000001800000

CodeCache: size=245760Kb used=11108Kb max_used=11619Kb free=234652Kb
 bounds [0x00000000034c0000, 0x0000000004030000, 0x00000000124c0000]
 total_blobs=4249 nmethods=3489 adapters=672
 compilation: enabled

Compilation events (10 events):
Event: 162.700 Thread 0x000000001a1dd000 nmethod 3772 0x0000000003696410 code [0x0000000003696560, 0x0000000003696698]
Event: 165.862 Thread 0x000000001a1dc000 3773       4       java.io.ObjectInputStream$PeekInputStream::readFully (48 bytes)
Event: 165.865 Thread 0x000000001a1dc000 nmethod 3773 0x00000000037db990 code [0x00000000037dbb00, 0x00000000037dbe98]
Event: 171.122 Thread 0x000000001a1e7000 3774       4       java.util.Collections$UnmodifiableCollection$1::hasNext (10 bytes)
Event: 171.122 Thread 0x000000001a1e7000 nmethod 3774 0x00000000035e8cd0 code [0x00000000035e8e00, 0x00000000035e8e78]
Event: 173.147 Thread 0x000000001a1ea000 3775       3       java.util.logging.LogManager$LoggerContext::ensureDefaultLogger (70 bytes)
Event: 173.148 Thread 0x000000001a1ea000 nmethod 3775 0x00000000035d0ed0 code [0x00000000035d1080, 0x00000000035d1908]
Event: 173.148 Thread 0x000000001a1ea000 3776       3       java.lang.invoke.MethodHandles$Lookup::findBoundCallerClass (36 bytes)
Event: 173.149 Thread 0x000000001a1ea000 nmethod 3776 0x000000000381f0d0 code [0x000000000381f2c0, 0x000000000381fc38]
Event: 173.149 Thread 0x000000001a1ea000 3777       3       java.lang.invoke.MethodHandles$Lookup::getDirectMethod (12 bytes)

GC Heap History (8 events):
Event: 0.651 GC heap before
{Heap before GC invocations=1 (full 0):
 PSYoungGen      total 37888K, used 32768K [0x00000000d6900000, 0x00000000d9300000, 0x0000000100000000)
  eden space 32768K, 100% used [0x00000000d6900000,0x00000000d8900000,0x00000000d8900000)
  from space 5120K, 0% used [0x00000000d8e00000,0x00000000d8e00000,0x00000000d9300000)
  to   space 5120K, 0% used [0x00000000d8900000,0x00000000d8900000,0x00000000d8e00000)
 ParOldGen       total 86016K, used 0K [0x0000000083a00000, 0x0000000088e00000, 0x00000000d6900000)
  object space 86016K, 0% used [0x0000000083a00000,0x0000000083a00000,0x0000000088e00000)
 Metaspace       used 13090K, capacity 13482K, committed 13824K, reserved 1060864K
  class space    used 1635K, capacity 1755K, committed 1792K, reserved 1048576K
Event: 0.654 GC heap after
Heap after GC invocations=1 (full 0):
 PSYoungGen      total 37888K, used 4096K [0x00000000d6900000, 0x00000000d9300000, 0x0000000100000000)
  eden space 32768K, 0% used [0x00000000d6900000,0x00000000d6900000,0x00000000d8900000)
  from space 5120K, 80% used [0x00000000d8900000,0x00000000d8d00040,0x00000000d8e00000)
  to   space 5120K, 0% used [0x00000000d8e00000,0x00000000d8e00000,0x00000000d9300000)
 ParOldGen       total 86016K, used 4321K [0x0000000083a00000, 0x0000000088e00000, 0x00000000d6900000)
  object space 86016K, 5% used [0x0000000083a00000,0x0000000083e38720,0x0000000088e00000)
 Metaspace       used 13090K, capacity 13482K, committed 13824K, reserved 1060864K
  class space    used 1635K, capacity 1755K, committed 1792K, reserved 1048576K
}
Event: 14.818 GC heap before
{Heap before GC invocations=2 (full 0):
 PSYoungGen      total 37888K, used 31610K [0x00000000d6900000, 0x00000000d9300000, 0x0000000100000000)
  eden space 32768K, 83% used [0x00000000d6900000,0x00000000d83de8f8,0x00000000d8900000)
  from space 5120K, 80% used [0x00000000d8900000,0x00000000d8d00040,0x00000000d8e00000)
  to   space 5120K, 0% used [0x00000000d8e00000,0x00000000d8e00000,0x00000000d9300000)
 ParOldGen       total 86016K, used 4321K [0x0000000083a00000, 0x0000000088e00000, 0x00000000d6900000)
  object space 86016K, 5% used [0x0000000083a00000,0x0000000083e38720,0x0000000088e00000)
 Metaspace       used 20441K, capacity 21168K, committed 21248K, reserved 1067008K
  class space    used 2830K, capacity 3045K, committed 3072K, reserved 1048576K
Event: 14.824 GC heap after
Heap after GC invocations=2 (full 0):
 PSYoungGen      total 37888K, used 5112K [0x00000000d6900000, 0x00000000d9300000, 0x0000000100000000)
  eden space 32768K, 0% used [0x00000000d6900000,0x00000000d6900000,0x00000000d8900000)
  from space 5120K, 99% used [0x00000000d8e00000,0x00000000d92fe060,0x00000000d9300000)
  to   space 5120K, 0% used [0x00000000d8900000,0x00000000d8900000,0x00000000d8e00000)
 ParOldGen       total 86016K, used 6537K [0x0000000083a00000, 0x0000000088e00000, 0x00000000d6900000)
  object space 86016K, 7% used [0x0000000083a00000,0x00000000840624e0,0x0000000088e00000)
 Metaspace       used 20441K, capacity 21168K, committed 21248K, reserved 1067008K
  class space    used 2830K, capacity 3045K, committed 3072K, reserved 1048576K
}
Event: 14.824 GC heap before
{Heap before GC invocations=3 (full 1):
 PSYoungGen      total 37888K, used 5112K [0x00000000d6900000, 0x00000000d9300000, 0x0000000100000000)
  eden space 32768K, 0% used [0x00000000d6900000,0x00000000d6900000,0x00000000d8900000)
  from space 5120K, 99% used [0x00000000d8e00000,0x00000000d92fe060,0x00000000d9300000)
  to   space 5120K, 0% used [0x00000000d8900000,0x00000000d8900000,0x00000000d8e00000)
 ParOldGen       total 86016K, used 6537K [0x0000000083a00000, 0x0000000088e00000, 0x00000000d6900000)
  object space 86016K, 7% used [0x0000000083a00000,0x00000000840624e0,0x0000000088e00000)
 Metaspace       used 20441K, capacity 21168K, committed 21248K, reserved 1067008K
  class space    used 2830K, capacity 3045K, committed 3072K, reserved 1048576K
Event: 14.852 GC heap after
Heap after GC invocations=3 (full 1):
 PSYoungGen      total 37888K, used 0K [0x00000000d6900000, 0x00000000d9300000, 0x0000000100000000)
  eden space 32768K, 0% used [0x00000000d6900000,0x00000000d6900000,0x00000000d8900000)
  from space 5120K, 0% used [0x00000000d8e00000,0x00000000d8e00000,0x00000000d9300000)
  to   space 5120K, 0% used [0x00000000d8900000,0x00000000d8900000,0x00000000d8e00000)
 ParOldGen       total 49152K, used 11227K [0x0000000083a00000, 0x0000000086a00000, 0x00000000d6900000)
  object space 49152K, 22% used [0x0000000083a00000,0x00000000844f6c58,0x0000000086a00000)
 Metaspace       used 20441K, capacity 21168K, committed 21248K, reserved 1067008K
  class space    used 2830K, capacity 3045K, committed 3072K, reserved 1048576K
}
Event: 15.407 GC heap before
{Heap before GC invocations=4 (full 1):
 PSYoungGen      total 37888K, used 32768K [0x00000000d6900000, 0x00000000d9300000, 0x0000000100000000)
  eden space 32768K, 100% used [0x00000000d6900000,0x00000000d8900000,0x00000000d8900000)
  from space 5120K, 0% used [0x00000000d8e00000,0x00000000d8e00000,0x00000000d9300000)
  to   space 5120K, 0% used [0x00000000d8900000,0x00000000d8900000,0x00000000d8e00000)
 ParOldGen       total 49152K, used 11227K [0x0000000083a00000, 0x0000000086a00000, 0x00000000d6900000)
  object space 49152K, 22% used [0x0000000083a00000,0x00000000844f6c58,0x0000000086a00000)
 Metaspace       used 23589K, capacity 24412K, committed 24704K, reserved 1071104K
  class space    used 3175K, capacity 3393K, committed 3456K, reserved 1048576K
Event: 15.413 GC heap after
Heap after GC invocations=4 (full 1):
 PSYoungGen      total 37888K, used 4648K [0x00000000d6900000, 0x00000000d9300000, 0x0000000100000000)
  eden space 32768K, 0% used [0x00000000d6900000,0x00000000d6900000,0x00000000d8900000)
  from space 5120K, 90% used [0x00000000d8900000,0x00000000d8d8a168,0x00000000d8e00000)
  to   space 5120K, 0% used [0x00000000d8e00000,0x00000000d8e00000,0x00000000d9300000)
 ParOldGen       total 49152K, used 23923K [0x0000000083a00000, 0x0000000086a00000, 0x00000000d6900000)
  object space 49152K, 48% used [0x0000000083a00000,0x000000008515cc68,0x0000000086a00000)
 Metaspace       used 23589K, capacity 24412K, committed 24704K, reserved 1071104K
  class space    used 3175K, capacity 3393K, committed 3456K, reserved 1048576K
}

Deoptimization events (10 events):
Event: 17.165 Thread 0x000000001b2db000 Uncommon trap: reason=bimorphic action=maybe_recompile pc=0x0000000003dfb8c8 method=javafx.scene.CssStyleHelper.resolveRef(Ljavafx/css/Styleable;Ljava/lang/String;Lcom/sun/javafx/css/StyleMap;Ljava/util/Set;)Lcom/sun/javafx/css/CascadingStyle; @ 91
Event: 17.165 Thread 0x000000001b2db000 Uncommon trap: reason=bimorphic action=maybe_recompile pc=0x0000000003dfb8c8 method=javafx.scene.CssStyleHelper.resolveRef(Ljavafx/css/Styleable;Ljava/lang/String;Lcom/sun/javafx/css/StyleMap;Ljava/util/Set;)Lcom/sun/javafx/css/CascadingStyle; @ 91
Event: 17.179 Thread 0x000000001b2db000 Uncommon trap: reason=class_check action=maybe_recompile pc=0x0000000003df1b94 method=javafx.scene.Node.updateLocalToParentTransform()V @ 11
Event: 17.179 Thread 0x000000001b2db000 Uncommon trap: reason=class_check action=maybe_recompile pc=0x0000000003df1b94 method=javafx.scene.Node.updateLocalToParentTransform()V @ 11
Event: 17.179 Thread 0x000000001b2db000 Uncommon trap: reason=class_check action=maybe_recompile pc=0x0000000003df1b94 method=javafx.scene.Node.updateLocalToParentTransform()V @ 11
Event: 17.179 Thread 0x000000001b2db000 Uncommon trap: reason=class_check action=maybe_recompile pc=0x0000000003df1b94 method=javafx.scene.Node.updateLocalToParentTransform()V @ 11
Event: 17.633 Thread 0x000000001b2db000 Uncommon trap: reason=null_check action=make_not_entrant pc=0x0000000003d9e720 method=javafx.scene.Node$MiscProperties.getClip()Ljavafx/scene/Node; @ 20
Event: 18.657 Thread 0x000000001b2db000 Uncommon trap: reason=range_check action=make_not_entrant pc=0x0000000003c3afa0 method=sun.reflect.generics.parser.SignatureParser.current()C @ 34
Event: 18.694 Thread 0x000000001b2db000 Uncommon trap: reason=unstable_if action=reinterpret pc=0x0000000003d591bc method=com.sun.javafx.css.CompoundSelector.applies(Ljavafx/css/Styleable;I[Ljava/util/Set;I)Z @ 125
Event: 141.946 Thread 0x000000001b63a000 Uncommon trap: reason=unstable_if action=reinterpret pc=0x0000000003ee401c method=java.io.ObjectInputStream$BlockDataInputStream.setBlockDataMode(Z)Z @ 5

Classes redefined (0 events):
No events

Internal exceptions (10 events):
Event: 0.734 Thread 0x000000001b2db000 Implicit null exception at 0x00000000037fb5b5 to 0x00000000037fb7c5
Event: 0.734 Thread 0x000000001b2db000 Implicit null exception at 0x00000000037c605b to 0x00000000037c6689
Event: 1.037 Thread 0x000000001b63a000 Exception <a 'java/lang/NoSuchMethodError': <clinit>> (0x00000000d7b90778) thrown at [C:\re\workspace\8-2-build-windows-amd64-cygwin\jdk8u202\12323\hotspot\src\share\vm\prims\jni.cpp, line 1614]
Event: 1.045 Thread 0x000000001b63a000 Exception <a 'java/lang/ClassNotFoundException': javax/management/remote/rmi/RMIConnectionImpl_Skel> (0x00000000d7c26b90) thrown at [C:\re\workspace\8-2-build-windows-amd64-cygwin\jdk8u202\12323\hotspot\src\share\vm\classfile\systemDictionary.cpp, line 21
Event: 14.863 Thread 0x000000001b2db000 Implicit null exception at 0x000000000376d356 to 0x000000000376d6f1
Event: 17.633 Thread 0x000000001b2db000 Implicit null exception at 0x0000000003d9e6c4 to 0x0000000003d9e715
Event: 18.657 Thread 0x000000001b2db000 Exception <a 'java/lang/ArrayIndexOutOfBoundsException': 79> (0x00000000d7c3da78) thrown at [C:\re\workspace\8-2-build-windows-amd64-cygwin\jdk8u202\12323\hotspot\src\share\vm\interpreter\interpreterRuntime.cpp, line 368]
Event: 18.657 Thread 0x000000001b2db000 Exception <a 'java/lang/ArrayIndexOutOfBoundsException': 52> (0x00000000d7c3f030) thrown at [C:\re\workspace\8-2-build-windows-amd64-cygwin\jdk8u202\12323\hotspot\src\share\vm\interpreter\interpreterRuntime.cpp, line 368]
Event: 18.657 Thread 0x000000001b2db000 Exception <a 'java/lang/ArrayIndexOutOfBoundsException': 114> (0x00000000d7c41d50) thrown at [C:\re\workspace\8-2-build-windows-amd64-cygwin\jdk8u202\12323\hotspot\src\share\vm\interpreter\interpreterRuntime.cpp, line 368]
Event: 173.148 Thread 0x000000001b63c800 Exception <a 'java/lang/IllegalStateException'> (0x00000000d8601db8) thrown at [C:\re\workspace\8-2-build-windows-amd64-cygwin\jdk8u202\12323\hotspot\src\share\vm\prims\jvm.cpp, line 1506]

Events (10 events):
Event: 173.147 Thread 0x000000001b63c800 Thread added: 0x000000001b63c800
Event: 173.147 Thread 0x000000001b63f800 Thread added: 0x000000001b63f800
Event: 173.147 Thread 0x000000001b63f800 Thread exited: 0x000000001b63f800
Event: 173.147 loading class com/sun/javafx/tk/quantum/QuantumRenderer
Event: 173.147 loading class com/sun/javafx/tk/quantum/QuantumRenderer done
Event: 173.148 loading class com/sun/javafx/tk/quantum/QuantumToolkit
Event: 173.148 loading class com/sun/javafx/tk/quantum/QuantumToolkit done
Event: 173.148 Thread 0x000000001b63c800 Thread exited: 0x000000001b63c800
Event: 173.149 Thread 0x000000001832e800 Thread exited: 0x000000001832e800
Event: 173.149 Executing VM operation: Exit


Dynamic libraries:
0x00007ff778af0000 - 0x00007ff778b27000 	C:\Program Files\Java\jdk1.8.0_202\bin\java.exe
0x00007ffde29a0000 - 0x00007ffde2c05000 	C:\WINDOWS\SYSTEM32\ntdll.dll
0x00007ffde1640000 - 0x00007ffde1709000 	C:\WINDOWS\System32\KERNEL32.DLL
0x00007ffddfbc0000 - 0x00007ffddffa8000 	C:\WINDOWS\System32\KERNELBASE.dll
0x00007ffde14d0000 - 0x00007ffde1583000 	C:\WINDOWS\System32\ADVAPI32.dll
0x00007ffde1d00000 - 0x00007ffde1da9000 	C:\WINDOWS\System32\msvcrt.dll
0x00007ffde1590000 - 0x00007ffde1636000 	C:\WINDOWS\System32\sechost.dll
0x00007ffde1fe0000 - 0x00007ffde20f5000 	C:\WINDOWS\System32\RPCRT4.dll
0x00007ffde1300000 - 0x00007ffde14ca000 	C:\WINDOWS\System32\USER32.dll
0x00007ffddfb90000 - 0x00007ffddfbb7000 	C:\WINDOWS\System32\win32u.dll
0x00007ffde1fb0000 - 0x00007ffde1fdb000 	C:\WINDOWS\System32\GDI32.dll
0x00007ffde0600000 - 0x00007ffde0737000 	C:\WINDOWS\System32\gdi32full.dll
0x00007ffddffb0000 - 0x00007ffde0053000 	C:\WINDOWS\System32\msvcp_win.dll
0x00007ffde0060000 - 0x00007ffde01ab000 	C:\WINDOWS\System32\ucrtbase.dll
0x00007ffdb95f0000 - 0x00007ffdb988a000 	C:\WINDOWS\WinSxS\amd64_microsoft.windows.common-controls_6595b64144ccf1df_6.0.26100.4202_none_3e0698d4e335f517\COMCTL32.dll
0x00007ffde0ae0000 - 0x00007ffde0b10000 	C:\WINDOWS\System32\IMM32.DLL
0x0000000069390000 - 0x0000000069462000 	C:\Program Files\Java\jdk1.8.0_202\jre\bin\msvcr100.dll
0x0000000068ae0000 - 0x0000000069385000 	C:\Program Files\Java\jdk1.8.0_202\jre\bin\server\jvm.dll
0x00007ffde0b20000 - 0x00007ffde0b28000 	C:\WINDOWS\System32\PSAPI.DLL
0x00007ffdbd900000 - 0x00007ffdbd90a000 	C:\WINDOWS\SYSTEM32\WSOCK32.dll
0x00007ffdcf770000 - 0x00007ffdcf77b000 	C:\WINDOWS\SYSTEM32\VERSION.dll
0x00007ffdd4980000 - 0x00007ffdd49b5000 	C:\WINDOWS\SYSTEM32\WINMM.dll
0x00007ffde27f0000 - 0x00007ffde2864000 	C:\WINDOWS\System32\WS2_32.dll
0x00007ffdc3610000 - 0x00007ffdc361f000 	C:\Program Files\Java\jdk1.8.0_202\jre\bin\verify.dll
0x00007ffdab290000 - 0x00007ffdab2b9000 	C:\Program Files\Java\jdk1.8.0_202\jre\bin\java.dll
0x00007ffdaad90000 - 0x00007ffdaadb3000 	C:\Program Files\Java\jdk1.8.0_202\jre\bin\instrument.dll
0x00007ffdb8c40000 - 0x00007ffdb8c56000 	C:\Program Files\Java\jdk1.8.0_202\jre\bin\zip.dll
0x00007ffde0b40000 - 0x00007ffde1282000 	C:\WINDOWS\System32\SHELL32.dll
0x00007ffde0240000 - 0x00007ffde03b4000 	C:\WINDOWS\System32\wintypes.dll
0x00007ffde0740000 - 0x00007ffde0ac5000 	C:\WINDOWS\System32\combase.dll
0x00007ffddd720000 - 0x00007ffdddf78000 	C:\WINDOWS\SYSTEM32\windows.storage.dll
0x00007ffde1c00000 - 0x00007ffde1cf1000 	C:\WINDOWS\System32\SHCORE.dll
0x00007ffde1290000 - 0x00007ffde12fa000 	C:\WINDOWS\System32\shlwapi.dll
0x00007ffddfa00000 - 0x00007ffddfa2f000 	C:\WINDOWS\SYSTEM32\profapi.dll
0x00007ffdb0030000 - 0x00007ffdb004a000 	C:\Program Files\JetBrains\IntelliJ IDEA 2024.2.0.2\bin\breakgen64.dll
0x00007ffdaaaf0000 - 0x00007ffdaab0a000 	C:\Program Files\Java\jdk1.8.0_202\jre\bin\net.dll
0x00007ffdbbe00000 - 0x00007ffdbbfe4000 	C:\WINDOWS\SYSTEM32\urlmon.dll
0x00007ffdbb310000 - 0x00007ffdbb5db000 	C:\WINDOWS\SYSTEM32\iertutil.dll
0x00007ffdbf8f0000 - 0x00007ffdbf919000 	C:\WINDOWS\SYSTEM32\srvcli.dll
0x00007ffdde5a0000 - 0x00007ffdde5ad000 	C:\WINDOWS\SYSTEM32\netutils.dll
0x00007ffddee20000 - 0x00007ffddee8a000 	C:\WINDOWS\system32\mswsock.dll
0x00000000018f0000 - 0x00000000018f3000 	C:\Program Files\Java\jdk1.8.0_202\jre\bin\api-ms-win-core-console-l1-1-0.dll
0x00000000031f0000 - 0x00000000031f3000 	C:\Program Files\Java\jdk1.8.0_202\jre\bin\api-ms-win-core-datetime-l1-1-0.dll
0x0000000003200000 - 0x0000000003203000 	C:\Program Files\Java\jdk1.8.0_202\jre\bin\api-ms-win-core-debug-l1-1-0.dll
0x0000000003210000 - 0x0000000003213000 	C:\Program Files\Java\jdk1.8.0_202\jre\bin\api-ms-win-core-errorhandling-l1-1-0.dll
0x0000000003240000 - 0x0000000003244000 	C:\Program Files\Java\jdk1.8.0_202\jre\bin\api-ms-win-core-file-l1-1-0.dll
0x0000000003220000 - 0x0000000003223000 	C:\Program Files\Java\jdk1.8.0_202\jre\bin\api-ms-win-core-file-l1-2-0.dll
0x0000000003230000 - 0x0000000003233000 	C:\Program Files\Java\jdk1.8.0_202\jre\bin\api-ms-win-core-file-l2-1-0.dll
0x0000000003250000 - 0x0000000003253000 	C:\Program Files\Java\jdk1.8.0_202\jre\bin\api-ms-win-core-handle-l1-1-0.dll
0x0000000003260000 - 0x0000000003263000 	C:\Program Files\Java\jdk1.8.0_202\jre\bin\api-ms-win-core-heap-l1-1-0.dll
0x0000000003270000 - 0x0000000003273000 	C:\Program Files\Java\jdk1.8.0_202\jre\bin\api-ms-win-core-interlocked-l1-1-0.dll
0x0000000003280000 - 0x0000000003283000 	C:\Program Files\Java\jdk1.8.0_202\jre\bin\api-ms-win-core-libraryloader-l1-1-0.dll
0x0000000003290000 - 0x0000000003293000 	C:\Program Files\Java\jdk1.8.0_202\jre\bin\api-ms-win-core-localization-l1-2-0.dll
0x00000000032a0000 - 0x00000000032a3000 	C:\Program Files\Java\jdk1.8.0_202\jre\bin\api-ms-win-core-memory-l1-1-0.dll
0x000000001b930000 - 0x000000001b933000 	C:\Program Files\Java\jdk1.8.0_202\jre\bin\api-ms-win-core-namedpipe-l1-1-0.dll
0x000000001b940000 - 0x000000001b943000 	C:\Program Files\Java\jdk1.8.0_202\jre\bin\api-ms-win-core-processenvironment-l1-1-0.dll
0x000000001b950000 - 0x000000001b953000 	C:\Program Files\Java\jdk1.8.0_202\jre\bin\api-ms-win-core-processthreads-l1-1-0.dll
0x000000001b960000 - 0x000000001b963000 	C:\Program Files\Java\jdk1.8.0_202\jre\bin\api-ms-win-core-processthreads-l1-1-1.dll
0x000000001b970000 - 0x000000001b973000 	C:\Program Files\Java\jdk1.8.0_202\jre\bin\api-ms-win-core-profile-l1-1-0.dll
0x000000001b980000 - 0x000000001b983000 	C:\Program Files\Java\jdk1.8.0_202\jre\bin\api-ms-win-core-rtlsupport-l1-1-0.dll
0x000000001b990000 - 0x000000001b993000 	C:\Program Files\Java\jdk1.8.0_202\jre\bin\api-ms-win-core-string-l1-1-0.dll
0x000000001b9a0000 - 0x000000001b9a3000 	C:\Program Files\Java\jdk1.8.0_202\jre\bin\api-ms-win-core-synch-l1-1-0.dll
0x000000001b9b0000 - 0x000000001b9b3000 	C:\Program Files\Java\jdk1.8.0_202\jre\bin\api-ms-win-core-synch-l1-2-0.dll
0x000000001b9c0000 - 0x000000001b9c3000 	C:\Program Files\Java\jdk1.8.0_202\jre\bin\api-ms-win-core-sysinfo-l1-1-0.dll
0x000000001b9d0000 - 0x000000001b9d3000 	C:\Program Files\Java\jdk1.8.0_202\jre\bin\api-ms-win-core-timezone-l1-1-0.dll
0x000000001b9e0000 - 0x000000001b9e3000 	C:\Program Files\Java\jdk1.8.0_202\jre\bin\api-ms-win-core-util-l1-1-0.dll
0x000000001b9f0000 - 0x000000001b9f3000 	C:\Program Files\Java\jdk1.8.0_202\jre\bin\api-ms-win-crt-conio-l1-1-0.dll
0x000000001ba20000 - 0x000000001ba24000 	C:\Program Files\Java\jdk1.8.0_202\jre\bin\api-ms-win-crt-convert-l1-1-0.dll
0x000000001bb30000 - 0x000000001bb33000 	C:\Program Files\Java\jdk1.8.0_202\jre\bin\api-ms-win-crt-environment-l1-1-0.dll
0x000000001ba00000 - 0x000000001ba03000 	C:\Program Files\Java\jdk1.8.0_202\jre\bin\api-ms-win-crt-filesystem-l1-1-0.dll
0x000000001ba10000 - 0x000000001ba13000 	C:\Program Files\Java\jdk1.8.0_202\jre\bin\api-ms-win-crt-heap-l1-1-0.dll
0x000000001ba30000 - 0x000000001ba33000 	C:\Program Files\Java\jdk1.8.0_202\jre\bin\api-ms-win-crt-locale-l1-1-0.dll
0x000000001ba40000 - 0x000000001ba45000 	C:\Program Files\Java\jdk1.8.0_202\jre\bin\api-ms-win-crt-math-l1-1-0.dll
0x000000001ba50000 - 0x000000001ba55000 	C:\Program Files\Java\jdk1.8.0_202\jre\bin\api-ms-win-crt-multibyte-l1-1-0.dll
0x000000001ba60000 - 0x000000001ba70000 	C:\Program Files\Java\jdk1.8.0_202\jre\bin\api-ms-win-crt-private-l1-1-0.dll
0x000000001ba70000 - 0x000000001ba73000 	C:\Program Files\Java\jdk1.8.0_202\jre\bin\api-ms-win-crt-process-l1-1-0.dll
0x000000001ba80000 - 0x000000001ba84000 	C:\Program Files\Java\jdk1.8.0_202\jre\bin\api-ms-win-crt-runtime-l1-1-0.dll
0x000000001ba90000 - 0x000000001ba94000 	C:\Program Files\Java\jdk1.8.0_202\jre\bin\api-ms-win-crt-stdio-l1-1-0.dll
0x000000001baa0000 - 0x000000001baa4000 	C:\Program Files\Java\jdk1.8.0_202\jre\bin\api-ms-win-crt-string-l1-1-0.dll
0x000000001bab0000 - 0x000000001bab3000 	C:\Program Files\Java\jdk1.8.0_202\jre\bin\api-ms-win-crt-time-l1-1-0.dll
0x000000001bac0000 - 0x000000001bac3000 	C:\Program Files\Java\jdk1.8.0_202\jre\bin\api-ms-win-crt-utility-l1-1-0.dll
0x00007ffd9d7e0000 - 0x00007ffd9d8d6000 	C:\Program Files\Java\jdk1.8.0_202\jre\bin\ucrtbase.dll
0x00007ffdde370000 - 0x00007ffdde497000 	C:\WINDOWS\SYSTEM32\DNSAPI.dll
0x00007ffdde2d0000 - 0x00007ffdde303000 	C:\WINDOWS\SYSTEM32\IPHLPAPI.DLL
0x00007ffde0ad0000 - 0x00007ffde0ada000 	C:\WINDOWS\System32\NSI.dll
0x00007ffdaaad0000 - 0x00007ffdaaae6000 	C:\Program Files\Java\jdk1.8.0_202\jre\bin\vcruntime140.dll
0x00007ffdd44d0000 - 0x00007ffdd44db000 	C:\Windows\System32\rasadhlp.dll
0x00007ffd94250000 - 0x00007ffd942ec000 	C:\Program Files\Java\jdk1.8.0_202\jre\bin\msvcp140.dll
0x00007ffdd69f0000 - 0x00007ffdd6a76000 	C:\WINDOWS\System32\fwpuclnt.dll
0x00007ffd960b0000 - 0x00007ffd96101000 	C:\Program Files\Java\jdk1.8.0_202\jre\bin\concrt140.dll
0x00007ffdc3390000 - 0x00007ffdc339d000 	C:\Program Files\Java\jdk1.8.0_202\jre\bin\management.dll
0x00007ffdaa470000 - 0x00007ffdaa493000 	C:\Program Files\Java\jdk1.8.0_202\jre\bin\prism_d3d.dll
0x00007ffda1c70000 - 0x00007ffda1e27000 	C:\WINDOWS\system32\d3d9.dll
0x00007ffddca30000 - 0x00007ffddca66000 	C:\WINDOWS\SYSTEM32\dwmapi.dll
0x00007ffddc9c0000 - 0x00007ffddca0d000 	C:\WINDOWS\SYSTEM32\dxcore.dll
0x00007ffddc6e0000 - 0x00007ffddc78f000 	C:\WINDOWS\system32\uxtheme.dll
0x00007ffde2100000 - 0x00007ffde229e000 	C:\WINDOWS\System32\ole32.dll
0x00007ffda8d90000 - 0x00007ffda8da2000 	C:\Program Files\Java\jdk1.8.0_202\jre\bin\nio.dll
0x00007ffde2870000 - 0x00007ffde2951000 	C:\WINDOWS\System32\OLEAUT32.dll
0x00007ffddf0d0000 - 0x00007ffddf0eb000 	C:\WINDOWS\SYSTEM32\CRYPTSP.dll
0x00007ffdde7f0000 - 0x00007ffdde82a000 	C:\WINDOWS\system32\rsaenh.dll
0x00007ffddeec0000 - 0x00007ffddeeeb000 	C:\WINDOWS\SYSTEM32\USERENV.dll
0x00007ffddf9d0000 - 0x00007ffddf9f6000 	C:\WINDOWS\SYSTEM32\bcrypt.dll
0x00007ffddc810000 - 0x00007ffddc871000 	C:\WINDOWS\SYSTEM32\directxdatabasehelper.dll
0x00007ffddfaf0000 - 0x00007ffddfb89000 	C:\WINDOWS\System32\bcryptprimitives.dll
0x00007ffdde890000 - 0x00007ffdde8ab000 	C:\WINDOWS\SYSTEM32\kernel.appcore.dll
0x00007ffddf0f0000 - 0x00007ffddf0fc000 	C:\WINDOWS\SYSTEM32\CRYPTBASE.dll
0x00007ffdd49f0000 - 0x00007ffdd4a0f000 	C:\WINDOWS\SYSTEM32\dhcpcsvc6.DLL
0x00007ffdd49c0000 - 0x00007ffdd49e5000 	C:\WINDOWS\SYSTEM32\dhcpcsvc.DLL
0x00007ffda8bd0000 - 0x00007ffda8c19000 	C:\Program Files\Java\jdk1.8.0_202\jre\bin\glass.dll
0x00007ffde1710000 - 0x00007ffde1806000 	C:\WINDOWS\System32\COMDLG32.dll
0x00007ffde1e40000 - 0x00007ffde1fa0000 	C:\WINDOWS\System32\MSCTF.dll
0x00007ffda4770000 - 0x00007ffda4796000 	C:\Program Files\Java\jdk1.8.0_202\jre\bin\javafx_iio.dll
0x00007ffda8d00000 - 0x00007ffda8d14000 	C:\Program Files\Java\jdk1.8.0_202\jre\bin\javafx_font.dll
0x00007ffdb5b50000 - 0x00007ffdb5b68000 	C:\WINDOWS\system32\napinsp.dll
0x00007ffdb5b30000 - 0x00007ffdb5b42000 	C:\WINDOWS\System32\winrnr.dll
0x00007ffdb0cb0000 - 0x00007ffdb0ce0000 	C:\WINDOWS\system32\nlansp_c.dll
0x00007ffdcd500000 - 0x00007ffdcd520000 	C:\WINDOWS\system32\wshbth.dll
0x00007ffddaf50000 - 0x00007ffddb1bb000 	C:\WINDOWS\SYSTEM32\dwrite.dll
0x00007ffde1860000 - 0x00007ffde1908000 	C:\WINDOWS\System32\clbcatq.dll
0x00007ffddacd0000 - 0x00007ffddaf09000 	C:\WINDOWS\SYSTEM32\WindowsCodecs.dll
0x00007ffdaa4f0000 - 0x00007ffdaa54a000 	C:\WINDOWS\system32\dataexchange.dll
0x00007ffdcdbe0000 - 0x00007ffdcde1a000 	C:\WINDOWS\system32\twinapi.appcore.dll
0x00007ffd8f100000 - 0x00007ffd8f12c000 	C:\Program Files\Common Files\Microsoft Shared\Ink\rtscom.dll
0x00007ffdc75b0000 - 0x00007ffdc7700000 	C:\WINDOWS\SYSTEM32\textinputframework.dll
0x00007ffddc1f0000 - 0x00007ffddc315000 	C:\WINDOWS\SYSTEM32\CoreMessaging.dll
0x00007ffdd71b0000 - 0x00007ffdd7493000 	C:\WINDOWS\SYSTEM32\CoreUIComponents.dll
0x00007ffdcac40000 - 0x00007ffdcac8e000 	C:\WINDOWS\SYSTEM32\pdh.dll

VM Arguments:
jvm_args: -javaagent:C:\Program Files\JetBrains\IntelliJ IDEA 2024.2.0.2\lib\idea_rt.jar=61433:C:\Program Files\JetBrains\IntelliJ IDEA 2024.2.0.2\bin -Dfile.encoding=UTF-8 
java_command: professionalpractice.ProfessionalPractices
java_class_path (initial): C:\Program Files\Java\jdk1.8.0_202\jre\lib\charsets.jar;C:\Program Files\Java\jdk1.8.0_202\jre\lib\deploy.jar;C:\Program Files\Java\jdk1.8.0_202\jre\lib\ext\access-bridge-64.jar;C:\Program Files\Java\jdk1.8.0_202\jre\lib\ext\cldrdata.jar;C:\Program Files\Java\jdk1.8.0_202\jre\lib\ext\dnsns.jar;C:\Program Files\Java\jdk1.8.0_202\jre\lib\ext\jaccess.jar;C:\Program Files\Java\jdk1.8.0_202\jre\lib\ext\jfxrt.jar;C:\Program Files\Java\jdk1.8.0_202\jre\lib\ext\localedata.jar;C:\Program Files\Java\jdk1.8.0_202\jre\lib\ext\nashorn.jar;C:\Program Files\Java\jdk1.8.0_202\jre\lib\ext\sunec.jar;C:\Program Files\Java\jdk1.8.0_202\jre\lib\ext\sunjce_provider.jar;C:\Program Files\Java\jdk1.8.0_202\jre\lib\ext\sunmscapi.jar;C:\Program Files\Java\jdk1.8.0_202\jre\lib\ext\sunpkcs11.jar;C:\Program Files\Java\jdk1.8.0_202\jre\lib\ext\zipfs.jar;C:\Program Files\Java\jdk1.8.0_202\jre\lib\javaws.jar;C:\Program Files\Java\jdk1.8.0_202\jre\lib\jce.jar;C:\Program Files\Java\jdk1.8.0_202\jre\lib\jfr.jar;C:\Program Files\Java\jdk1.8.0_202\jre\lib\jfxswt.jar;C:\Program Files\Java\jdk1.8.0_202\jre\lib\jsse.jar;C:\Program Files\Java\jdk1.8.0_202\jre\lib\management-agent.jar;C:\Program Files\Java\jdk1.8.0_202\jre\lib\plugin.jar;C:\Program Files\Java\jdk1.8.0_202\jre\lib\resources.jar;C:\Program Files\Java\jdk1.8.0_202\jre\lib\rt.jar;C:\TrabajosProgramacion\PC\ProyectoModificado\Professional-Practices-software\out\production\Professional-Practices-software;C:\TrabajosProgramacion\PC\ProyectoModificado\Professional-Practices-software\dependencies\jbcrypt-0.4.jar;C:\TrabajosProgramacion\PC\ProyectoModificado\Professional-Practices-software\dependencies\mysql-connector-java-8.0.20.jar;C:\Program Files\JetBrains\IntelliJ IDEA 2024.2.0.2\lib\idea_rt.jar
Launcher Type: SUN_STANDARD

Environment Variables:
PATH=C:\Program Files\Eclipse Adoptium\jdk-21.0.7.6-hotspot\bin;C:\Program Files\MySQL\MySQL Server 8.0\bin;C:\Program Files (x86)\Common Files\Oracle\Java\java8path;C:\Program Files\Common Files\Oracle\Java\javapath;C:\Program Files (x86)\Common Files\Oracle\Java\javapath;C:\WINDOWS\system32;C:\WINDOWS;C:\WINDOWS\System32\Wbem;C:\WINDOWS\System32\WindowsPowerShell\v1.0\;C:\WINDOWS\System32\OpenSSH\;C:\Program Files (x86)\Common Files\i2 Shared\Geotrans\;C:\Program Files (x86)\Common Files\i2 Shared\i2 Online iLink 8\Components\;C:\Program Files\HP\HP One Agent;C:\Users\jccas\AppData\Local\Programs\Python\Python313;C:\WINDOWS\system32;C:\WINDOWS;C:\WINDOWS\System32\Wbem;C:\WINDOWS\System32\WindowsPowerShell\v1.0\;C:\WINDOWS\System32\OpenSSH\;C:\Program Files\dotnet\;C:\Program Files\Git\cmd;C:\Program Files\MySQL\MySQL Server 8.0\bin;C:\Users\jccas\AppData\Local\Programs\Python\Launcher\;C:\xampp\htdocs\UAI\vistas\index.ine_nacional.vista.php;C:\Users\jccas\AppData\Local\Microsoft\WindowsApps;C:\Users\jccas\AppData\Local\JetBrains\Toolbox\scripts;C:\Users\jccas\AppData\Local\Programs\Microsoft VS Code\bin;C:\Users\jccas\.dotnet\tools;
USERNAME=jccas
OS=Windows_NT
PROCESSOR_IDENTIFIER=Intel64 Family 6 Model 140 Stepping 1, GenuineIntel



---------------  S Y S T E M  ---------------

OS: Windows 10.0 , 64 bit Build 26100 (10.0.26100.4202)

CPU:total 8 (initial active 8) (4 cores per cpu, 2 threads per core) family 6 model 140 stepping 1, cmov, cx8, fxsr, mmx, sse, sse2, sse3, ssse3, sse4.1, sse4.2, popcnt, avx, avx2, aes, clmul, erms, 3dnowpref, lzcnt, ht, tsc, tscinvbit, bmi1, bmi2, adx

Memory: 4k page, physical 8148984k(612112k free), swap 17242192k(2897552k free)

vm_info: Java HotSpot(TM) 64-Bit Server VM (25.202-b08) for windows-amd64 JRE (1.8.0_202-b08), built on Dec 15 2018 19:54:30 by "java_re" with MS VC++ 10.0 (VS2010)

time: Thu Jun 19 13:10:44 2025
timezone: Hora estándar central (México)
elapsed time: 173 seconds (0d 0h 2m 53s)

