#
# A fatal error has been detected by the Java Runtime Environment:
#
#  EXCEPTION_ACCESS_VIOLATION (0xc0000005) at pc=0x00007ffda8bf68a7, pid=22316, tid=26648
#
# JRE version: OpenJDK Runtime Environment Temurin-17.0.15+6 (17.0.15+6) (build 17.0.15+6)
# Java VM: OpenJDK 64-Bit Server VM Temurin-17.0.15+6 (17.0.15+6, mixed mode, sharing, tiered, compressed oops, compressed class ptrs, g1 gc, windows-amd64)
# Problematic frame:
# C  [glass.dll+0x268a7]
#
# No core dump will be written. Minidumps are not enabled by default on client versions of Windows
#
# If you would like to submit a bug report, please visit:
#   https://github.com/adoptium/adoptium-support/issues
#

---------------  S U M M A R Y ------------

Command Line: --module-path=C:\Program Files\JavaFX\javafx-sdk-17.0.15\lib --add-modules=javafx.controls,javafx.fxml,javafx.graphics,javafx.base -javaagent:C:\Program Files\JetBrains\IntelliJ IDEA 2024.2.0.2\lib\idea_rt.jar=63503:C:\Program Files\JetBrains\IntelliJ IDEA 2024.2.0.2\bin -Dfile.encoding=UTF-8 professionalpractice.ProfessionalPractices

Host: 11th Gen Intel(R) Core(TM) i5-1135G7 @ 2.40GHz, 8 cores, 7G,  Windows 11 , 64 bit Build 26100 (10.0.26100.4202)
Time: Thu Jun 19 15:17:31 2025 Hora estándar central (México) elapsed time: 122.310573 seconds (0d 0h 2m 2s)

---------------  T H R E A D  ---------------

Current thread (0x0000022bff93c7e0):  VMThread "VM Thread" [stack: 0x000000a384c00000,0x000000a384d00000] [id=26648]

Stack: [0x000000a384c00000,0x000000a384d00000],  sp=0x000000a384cfecd0,  free space=1019k
Native frames: (J=compiled Java code, j=interpreted, Vv=VM code, C=native code)
C  [glass.dll+0x268a7]


siginfo: EXCEPTION_ACCESS_VIOLATION (0xc0000005), reading address 0x0000000000000000


Registers:
RAX=0x0000000000000000, RBX=0x0000022bff952310, RCX=0x0000022bff93c7e0, RDX=0x000000a384cfecd0
RSP=0x000000a384cfecd0, RBP=0x0000692dbe47a51b, RSI=0x0000022bd6cd74b8, RDI=0x0000022bd6cd7490
R8 =0x0000000000010002, R9 =0x0000692dbe47a51b, R10=0x0000022bf04e0000, R11=0x000000a384cfeb80
R12=0x00007ffda8bd0000, R13=0x000000007ffe0385, R14=0x000000a384cfedd8, R15=0x0000022bd6cd7490
RIP=0x00007ffda8bf68a7, EFLAGS=0x0000000000010202

XMM[0]=0x0000000000000000 0x0000000000000000
XMM[1]=0x0000000000000000 0x000000a384cfd930
XMM[2]=0x0000000000000000 0x0000000000000000
XMM[3]=0x0000000000000000 0x0000000000000000
XMM[4]=0x0000000000000000 0x0000000000000000
XMM[5]=0x0000000000000000 0x0000000000000000
XMM[6]=0x0000000000000000 0x404e000000000000
XMM[7]=0x0000000000000000 0x0000000000000000
XMM[8]=0x0000000000000000 0x0000000000000000
XMM[9]=0x0000000000000000 0x0000000000000000
XMM[10]=0x0000000000000000 0x0000000000000000
XMM[11]=0x0000000000000000 0x0000000000000000
XMM[12]=0x0000000000000000 0x0000000000000000
XMM[13]=0x0000000000000000 0x0000000000000000
XMM[14]=0x0000000000000000 0x0000000000000000
XMM[15]=0x0000000000000000 0x0000000000000000
  MXCSR=0x00001fa3


Register to memory mapping:

RIP=0x00007ffda8bf68a7 glass.dll
RAX=0x0 is NULL
RBX=0x0000022bff952310 is a global jni handle
RCX=0x0000022bff93c7e0 points into unknown readable memory: 0x00007ffd52de2bb8 | b8 2b de 52 fd 7f 00 00
RDX=0x000000a384cfecd0 points into unknown readable memory: 0x0000000000000000 | 00 00 00 00 00 00 00 00
RSP=0x000000a384cfecd0 points into unknown readable memory: 0x0000000000000000 | 00 00 00 00 00 00 00 00
RBP=0x0000692dbe47a51b is an unknown value
RSI=0x0000022bd6cd74b8 points into unknown readable memory: 0x0000692dbe47a51b | 1b a5 47 be 2d 69 00 00
RDI=0x0000022bd6cd7490 points into unknown readable memory: 0xed4590c5fe47a6e4 | e4 a6 47 fe c5 90 45 ed
R8 =0x0000000000010002 is an unknown value
R9 =0x0000692dbe47a51b is an unknown value
R10=0x0000022bf04e0000 points into unknown readable memory: 0x0000000000000000 | 00 00 00 00 00 00 00 00
R11=0x000000a384cfeb80 points into unknown readable memory: 0x0000000000000000 | 00 00 00 00 00 00 00 00
R12=0x00007ffda8bd0000 glass.dll
R13=0x000000007ffe0385 points into unknown readable memory: 00 00 00
R14=0x000000a384cfedd8 points into unknown readable memory: 0x000000a384cfedc0 | c0 ed cf 84 a3 00 00 00
R15=0x0000022bd6cd7490 points into unknown readable memory: 0xed4590c5fe47a6e4 | e4 a6 47 fe c5 90 45 ed


Top of Stack: (sp=0x000000a384cfecd0)
0x000000a384cfecd0:   0000000000000000 0000022b00000000
0x000000a384cfece0:   0000022bd6f695a0 00007ffda8bd0000
0x000000a384cfecf0:   0000022bd6cd7498 00007ffde00abc75
0x000000a384cfed00:   0000022bd6cd7490 0000022b00000000
0x000000a384cfed10:   0000022bd6cd74b0 0000692dbe47a51b
0x000000a384cfed20:   fffffffffffffffe 00007ffddfcc96ab
0x000000a384cfed30:   0000000000000000 00007ffda8bd0000
0x000000a384cfed40:   000000a384cfedc8 00007ffde00ab897
0x000000a384cfed50:   000000a384cfed00 000000a384cfedd8
0x000000a384cfed60:   000000a384cff300 00007ffde01988c0
0x000000a384cfed70:   0000000000000001 00007ffde00ab84d
0x000000a384cfed80:   0000000000000000 0000000000000001
0x000000a384cfed90:   0000000000000000 000000a384cfedc8
0x000000a384cfeda0:   fffffffffffffffe 000000a384cff300
0x000000a384cfedb0:   0000000000000000 00007ffda8bf407d
0x000000a384cfedc0:   00007ffda8c0a008 00007ffd00000002
0x000000a384cfedd0:   0000000000000002 000000a384cfedc0
0x000000a384cfede0:   0000000000000000 00007ffdde2e908d
0x000000a384cfedf0:   0000000000000000 00007ffda8bf41a2
0x000000a384cfee00:   0000000000000001 000000007ffe0384
0x000000a384cfee10:   0000000000000001 0000000000000001
0x000000a384cfee20:   000000007ffe0384 00007ffddf0f277e
0x000000a384cfee30:   0000000000000001 000000000000008d
0x000000a384cfee40:   00007ffda8bf41f0 0000000000000001
0x000000a384cfee50:   0000000000000001 00007ffde2a12983
0x000000a384cfee60:   00007ffda8bd0000 0000000000000000
0x000000a384cfee70:   0000000000000001 000000007ffe0384
0x000000a384cfee80:   000000000000005e 0000000000000000
0x000000a384cfee90:   0000000000000000 0000000000000000
0x000000a384cfeea0:   00007ffda8bd0000 fffffd3900000000
0x000000a384cfeeb0:   0000000000000079 0000000000000000
0x000000a384cfeec0:   0000000000000000 0000022bf08267b0 

Instructions: (pc=0x00007ffda8bf68a7)
0x00007ffda8bf67a7:   8b 4d 58 e8 8d cf ff ff 48 8b 4d 60 e8 84 cf ff
0x00007ffda8bf67b7:   ff 48 8b 95 80 00 00 00 48 8b 8d 18 01 00 00 e8
0x00007ffda8bf67c7:   76 c4 ff ff 33 d2 33 c9 e8 cc e1 ff ff 90 48 89
0x00007ffda8bf67d7:   54 24 10 55 48 83 ec 20 48 8b ea 48 b8 00 00 00
0x00007ffda8bf67e7:   00 00 00 00 00 48 83 c4 20 5d c3 cc 40 55 48 8b
0x00007ffda8bf67f7:   ea 48 8b 01 33 c9 81 38 05 00 00 c0 0f 94 c1 8b
0x00007ffda8bf6807:   c1 5d c3 cc 40 55 48 83 ec 20 48 8b ea 8a 4d 40
0x00007ffda8bf6817:   48 83 c4 20 5d e9 73 d3 ff ff cc 40 55 48 83 ec
0x00007ffda8bf6827:   20 48 8b ea 8a 4d 20 e8 61 d3 ff ff 90 48 83 c4
0x00007ffda8bf6837:   20 5d c3 cc 40 55 48 83 ec 20 48 8b ea 48 83 c4
0x00007ffda8bf6847:   20 5d e9 c2 d1 ff ff cc 40 55 48 83 ec 30 48 8b
0x00007ffda8bf6857:   ea 48 8b 01 8b 10 48 89 4c 24 28 89 54 24 20 4c
0x00007ffda8bf6867:   8d 0d 63 d6 ff ff 4c 8b 45 70 8b 55 68 48 8b 4d
0x00007ffda8bf6877:   60 e8 03 d1 ff ff 90 48 83 c4 30 5d c3 cc cc cc
0x00007ffda8bf6887:   cc cc cc cc cc cc cc cc cc 40 53 48 83 ec 20 48
0x00007ffda8bf6897:   8b 1d 6b 31 01 00 48 85 db 74 16 e8 89 8b ff ff
0x00007ffda8bf68a7:   4c 8b 00 48 8b d3 48 8b c8 41 ff 90 b0 00 00 00
0x00007ffda8bf68b7:   90 48 83 c4 20 5b c3 cc cc 40 53 48 83 ec 20 48
0x00007ffda8bf68c7:   8b 1d db 32 01 00 48 85 db 74 57 b8 ff ff ff ff
0x00007ffda8bf68d7:   f0 0f c1 43 10 83 f8 01 75 3d 48 85 db 74 38 48
0x00007ffda8bf68e7:   8b 0b 48 85 c9 74 0d ff 15 b4 09 00 00 48 c7 03
0x00007ffda8bf68f7:   00 00 00 00 48 8b 4b 08 48 85 c9 74 0d e8 33 ce
0x00007ffda8bf6907:   ff ff 48 c7 43 08 00 00 00 00 ba 18 00 00 00 48
0x00007ffda8bf6917:   8b cb e8 1e ce ff ff 48 c7 05 7f 32 01 00 00 00
0x00007ffda8bf6927:   00 00 48 83 c4 20 5b c3 cc 40 53 48 83 ec 20 48
0x00007ffda8bf6937:   8b 1d 4b 32 01 00 48 85 db 74 57 b8 ff ff ff ff
0x00007ffda8bf6947:   f0 0f c1 43 10 83 f8 01 75 3d 48 85 db 74 38 48
0x00007ffda8bf6957:   8b 0b 48 85 c9 74 0d ff 15 44 09 00 00 48 c7 03
0x00007ffda8bf6967:   00 00 00 00 48 8b 4b 08 48 85 c9 74 0d e8 c3 cd
0x00007ffda8bf6977:   ff ff 48 c7 43 08 00 00 00 00 ba 18 00 00 00 48
0x00007ffda8bf6987:   8b cb e8 ae cd ff ff 48 c7 05 ef 31 01 00 00 00
0x00007ffda8bf6997:   00 00 48 83 c4 20 5b c3 cc 40 53 48 83 ec 20 48 


Stack slot to memory mapping:
stack at sp + 0 slots: 0x0 is NULL
stack at sp + 1 slots: 0x0000022b00000000 is an unknown value
stack at sp + 2 slots: 0x0000022bd6f695a0 points into unknown readable memory: 0x0000022bd6f69090 | 90 90 f6 d6 2b 02 00 00
stack at sp + 3 slots: 0x00007ffda8bd0000 glass.dll
stack at sp + 4 slots: 0x0000022bd6cd7498 points into unknown readable memory: 0x0000692dbe47a51b | 1b a5 47 be 2d 69 00 00
stack at sp + 5 slots: 0x00007ffde00abc75 ucrtbase.dll
stack at sp + 6 slots: 0x0000022bd6cd7490 points into unknown readable memory: 0xed4590c5fe47a6e4 | e4 a6 47 fe c5 90 45 ed
stack at sp + 7 slots: 0x0000022b00000000 is an unknown value

VM_Operation (0x000000a3843fefc0): Exit, mode: safepoint, requested by thread 0x0000022bd6db4a50


---------------  P R O C E S S  ---------------

Threads class SMR info:
_java_thread_list=0x0000022bdd1dc540, length=21, elements={
0x0000022bf1e9c7a0, 0x0000022bff9458b0, 0x0000022bff946fe0, 0x0000022bff95f010,
0x0000022bff960540, 0x0000022bff961a70, 0x0000022bff969910, 0x0000022bff96aa50,
0x0000022bff96b450, 0x0000022bffbb44f0, 0x0000022bd6b1ae00, 0x0000022bd6b1b2e0,
0x0000022bd6cce410, 0x0000022bd75410d0, 0x0000022bd6f74160, 0x0000022bd74cf570,
0x0000022bd6db4f60, 0x0000022bd6db63a0, 0x0000022bd6db5e90, 0x0000022bd6db5470,
0x0000022bd6db4a50
}

Java Threads: ( => current thread )
  0x0000022bf1e9c7a0 JavaThread "main" [_thread_blocked, id=22940, stack(0x000000a384600000,0x000000a384700000)]
  0x0000022bff9458b0 JavaThread "Reference Handler" daemon [_thread_blocked, id=25916, stack(0x000000a384d00000,0x000000a384e00000)]
  0x0000022bff946fe0 JavaThread "Finalizer" daemon [_thread_blocked, id=7896, stack(0x000000a384e00000,0x000000a384f00000)]
  0x0000022bff95f010 JavaThread "Attach Listener" daemon [_thread_blocked, id=21356, stack(0x000000a385000000,0x000000a385100000)]
  0x0000022bff960540 JavaThread "Service Thread" daemon [_thread_blocked, id=22080, stack(0x000000a385100000,0x000000a385200000)]
  0x0000022bff961a70 JavaThread "Monitor Deflation Thread" daemon [_thread_blocked, id=27048, stack(0x000000a385200000,0x000000a385300000)]
  0x0000022bff969910 JavaThread "C2 CompilerThread0" daemon [_thread_blocked, id=15956, stack(0x000000a385300000,0x000000a385400000)]
  0x0000022bff96aa50 JavaThread "C1 CompilerThread0" daemon [_thread_blocked, id=4876, stack(0x000000a385400000,0x000000a385500000)]
  0x0000022bff96b450 JavaThread "Sweeper thread" daemon [_thread_blocked, id=736, stack(0x000000a385500000,0x000000a385600000)]
  0x0000022bffbb44f0 JavaThread "Common-Cleaner" daemon [_thread_blocked, id=1136, stack(0x000000a385600000,0x000000a385700000)]
  0x0000022bd6b1ae00 JavaThread "Monitor Ctrl-Break" daemon [_thread_in_native, id=12056, stack(0x000000a385900000,0x000000a385a00000)]
  0x0000022bd6b1b2e0 JavaThread "Notification Thread" daemon [_thread_blocked, id=19828, stack(0x000000a385a00000,0x000000a385b00000)]
  0x0000022bd6cce410 JavaThread "QuantumRenderer-0" daemon [_thread_blocked, id=3568, stack(0x000000a385c00000,0x000000a385d00000)]
  0x0000022bd75410d0 JavaThread "InvokeLaterDispatcher" daemon [_thread_blocked, id=8668, stack(0x000000a385d00000,0x000000a385e00000)]
  0x0000022bd6f74160 JavaThread "JavaFX Application Thread" [_thread_in_native, id=26376, stack(0x000000a385e00000,0x000000a385f00000)]
  0x0000022bd74cf570 JavaThread "JavaFX-Launcher" [_thread_blocked, id=11740, stack(0x000000a386300000,0x000000a386400000)]
  0x0000022bd6db4f60 JavaThread "Thread-2" daemon [_thread_in_native, id=4396, stack(0x000000a386200000,0x000000a386300000)]
  0x0000022bd6db63a0 JavaThread "Prism Font Disposer" daemon [_thread_blocked, id=23428, stack(0x000000a386c00000,0x000000a386d00000)]
  0x0000022bd6db5e90 JavaThread "Cleaner-0" daemon [_thread_blocked, id=23084, stack(0x000000a386d00000,0x000000a386e00000)]
  0x0000022bd6db5470 JavaThread "mysql-cj-abandoned-connection-cleanup" daemon [_thread_blocked, id=24596, stack(0x000000a385700000,0x000000a385800000)]
  0x0000022bd6db4a50 JavaThread "SIGINT handler" daemon [_thread_blocked, id=10476, stack(0x000000a384300000,0x000000a384400000)]

Other Threads:
=>0x0000022bff93c7e0 VMThread "VM Thread" [stack: 0x000000a384c00000,0x000000a384d00000] [id=26648]
  0x0000022bf04d9fd0 GCTaskThread "GC Thread#0" [stack: 0x000000a384700000,0x000000a384800000] [id=12632]
  0x0000022bd7481fb0 GCTaskThread "GC Thread#1" [stack: 0x000000a386400000,0x000000a386500000] [id=6204]
  0x0000022bd745c910 GCTaskThread "GC Thread#2" [stack: 0x000000a386500000,0x000000a386600000] [id=5216]
  0x0000022bd7456640 GCTaskThread "GC Thread#3" [stack: 0x000000a386600000,0x000000a386700000] [id=24724]
  0x0000022bd64dd050 GCTaskThread "GC Thread#4" [stack: 0x000000a386700000,0x000000a386800000] [id=23448]
  0x0000022bd64ddb20 GCTaskThread "GC Thread#5" [stack: 0x000000a386800000,0x000000a386900000] [id=22780]
  0x0000022bd6d87ce0 GCTaskThread "GC Thread#6" [stack: 0x000000a386e00000,0x000000a386f00000] [id=18100]
  0x0000022bd7017590 GCTaskThread "GC Thread#7" [stack: 0x000000a386f00000,0x000000a387000000] [id=11784]
  0x0000022bf1f09c20 ConcurrentGCThread "G1 Main Marker" terminated
  0x0000022bf04dbd70 ConcurrentGCThread "G1 Conc#0" [stack: 0x000000a384900000,0x000000a384a00000] [id=8660]
  0x0000022bdcf703e0 ConcurrentGCThread "G1 Conc#1" [stack: 0x000000a387000000,0x000000a387100000] [id=27060]
  0x0000022bf1f4df40 ConcurrentGCThread "G1 Refine#0" terminated
  0x0000022bf1f4e970 ConcurrentGCThread "G1 Service" terminated

Threads with active compile tasks:

VM state: at safepoint (shutting down)

VM Mutex/Monitor currently owned by a thread:  ([mutex/lock_event])
[0x0000022bf042cd60] Threads_lock - owner thread: 0x0000022bff93c7e0
[0x0000022bf1e99e60] Heap_lock - owner thread: 0x0000022bd6db4a50

Heap address: 0x0000000083a00000, size: 1990 MB, Compressed Oops mode: 32-bit

CDS archive(s) mapped at: [0x0000022b91000000-0x0000022b91bb0000-0x0000022b91bb0000), size 12255232, SharedBaseAddress: 0x0000022b91000000, ArchiveRelocationMode: 1.
Compressed class space mapped at: 0x0000022b92000000-0x0000022bd2000000, reserved size: 1073741824
Narrow klass base: 0x0000022b91000000, Narrow klass shift: 0, Narrow klass range: 0x100000000

GC Precious Log:
 CPUs: 8 total, 8 available
 Memory: 7957M
 Large Page Support: Disabled
 NUMA Support: Disabled
 Compressed Oops: Enabled (32-bit)
 Heap Region Size: 1M
 Heap Min Capacity: 8M
 Heap Initial Capacity: 126M
 Heap Max Capacity: 1990M
 Pre-touch: Disabled
 Parallel Workers: 8
 Concurrent Workers: 2
 Concurrent Refinement Workers: 8
 Periodic GC: Disabled

Heap:
 garbage-first heap   total 129024K, used 76260K [0x0000000083a00000, 0x0000000100000000)
  region size 1024K, 43 young (44032K), 8 survivors (8192K)
 Metaspace       used 22827K, committed 23104K, reserved 1114112K
  class space    used 3054K, committed 3200K, reserved 1048576K

Heap Regions: E=young(eden), S=young(survivor), O=old, HS=humongous(starts), HC=humongous(continues), CS=collection set, F=free, OA=open archive, CA=closed archive, TAMS=top-at-mark-start (previous, next)
|   0|0x0000000083a00000, 0x0000000083b00000, 0x0000000083b00000|100%| O|  |TAMS 0x0000000083b00000, 0x0000000083a00000| Untracked 
|   1|0x0000000083b00000, 0x0000000083c00000, 0x0000000083c00000|100%|HS|  |TAMS 0x0000000083c00000, 0x0000000083b00000| Complete 
|   2|0x0000000083c00000, 0x0000000083d00000, 0x0000000083d00000|100%|HC|  |TAMS 0x0000000083d00000, 0x0000000083c00000| Complete 
|   3|0x0000000083d00000, 0x0000000083e00000, 0x0000000083e00000|100%|HC|  |TAMS 0x0000000083e00000, 0x0000000083d00000| Complete 
|   4|0x0000000083e00000, 0x0000000083f00000, 0x0000000083f00000|100%|HC|  |TAMS 0x0000000083f00000, 0x0000000083e00000| Complete 
|   5|0x0000000083f00000, 0x0000000084000000, 0x0000000084000000|100%|HC|  |TAMS 0x0000000084000000, 0x0000000083f00000| Complete 
|   6|0x0000000084000000, 0x0000000084100000, 0x0000000084100000|100%|HS|  |TAMS 0x0000000084100000, 0x0000000084000000| Complete 
|   7|0x0000000084100000, 0x0000000084200000, 0x0000000084200000|100%|HC|  |TAMS 0x0000000084200000, 0x0000000084100000| Complete 
|   8|0x0000000084200000, 0x0000000084300000, 0x0000000084300000|100%| O|  |TAMS 0x0000000084300000, 0x0000000084200000| Untracked 
|   9|0x0000000084300000, 0x0000000084400000, 0x0000000084400000|100%| O|  |TAMS 0x0000000084400000, 0x0000000084300000| Untracked 
|  10|0x0000000084400000, 0x000000008441dc00, 0x0000000084500000| 11%| O|  |TAMS 0x000000008441dc00, 0x0000000084400000| Untracked 
|  11|0x0000000084500000, 0x0000000084600000, 0x0000000084600000|100%|HS|  |TAMS 0x0000000084600000, 0x0000000084500000| Complete 
|  12|0x0000000084600000, 0x0000000084700000, 0x0000000084700000|100%|HC|  |TAMS 0x0000000084700000, 0x0000000084600000| Complete 
|  13|0x0000000084700000, 0x0000000084800000, 0x0000000084800000|100%|HC|  |TAMS 0x0000000084800000, 0x0000000084700000| Complete 
|  14|0x0000000084800000, 0x0000000084900000, 0x0000000084900000|100%|HC|  |TAMS 0x0000000084900000, 0x0000000084800000| Complete 
|  15|0x0000000084900000, 0x0000000084a00000, 0x0000000084a00000|100%|HC|  |TAMS 0x0000000084a00000, 0x0000000084900000| Complete 
|  16|0x0000000084a00000, 0x0000000084b00000, 0x0000000084b00000|100%|HC|  |TAMS 0x0000000084b00000, 0x0000000084a00000| Complete 
|  17|0x0000000084b00000, 0x0000000084c00000, 0x0000000084c00000|100%|HC|  |TAMS 0x0000000084c00000, 0x0000000084b00000| Complete 
|  18|0x0000000084c00000, 0x0000000084d00000, 0x0000000084d00000|100%|HC|  |TAMS 0x0000000084d00000, 0x0000000084c00000| Complete 
|  19|0x0000000084d00000, 0x0000000084e00000, 0x0000000084e00000|100%|HC|  |TAMS 0x0000000084e00000, 0x0000000084d00000| Complete 
|  20|0x0000000084e00000, 0x0000000084f00000, 0x0000000084f00000|100%|HC|  |TAMS 0x0000000084f00000, 0x0000000084e00000| Complete 
|  21|0x0000000084f00000, 0x0000000085000000, 0x0000000085000000|100%|HC|  |TAMS 0x0000000085000000, 0x0000000084f00000| Complete 
|  22|0x0000000085000000, 0x0000000085100000, 0x0000000085100000|100%|HC|  |TAMS 0x0000000085100000, 0x0000000085000000| Complete 
|  23|0x0000000085100000, 0x0000000085200000, 0x0000000085200000|100%|HC|  |TAMS 0x0000000085200000, 0x0000000085100000| Complete 
|  24|0x0000000085200000, 0x0000000085300000, 0x0000000085300000|100%|HS|  |TAMS 0x0000000085300000, 0x0000000085200000| Complete 
|  25|0x0000000085300000, 0x0000000085400000, 0x0000000085400000|100%|HC|  |TAMS 0x0000000085400000, 0x0000000085300000| Complete 
|  26|0x0000000085400000, 0x0000000085500000, 0x0000000085500000|100%|HS|  |TAMS 0x0000000085500000, 0x0000000085400000| Complete 
|  27|0x0000000085500000, 0x0000000085600000, 0x0000000085600000|100%|HC|  |TAMS 0x0000000085600000, 0x0000000085500000| Complete 
|  28|0x0000000085600000, 0x0000000085700000, 0x0000000085700000|100%|HS|  |TAMS 0x0000000085700000, 0x0000000085600000| Complete 
|  29|0x0000000085700000, 0x0000000085800000, 0x0000000085800000|100%|HC|  |TAMS 0x0000000085800000, 0x0000000085700000| Complete 
|  30|0x0000000085800000, 0x0000000085900000, 0x0000000085900000|100%|HS|  |TAMS 0x0000000085900000, 0x0000000085800000| Complete 
|  31|0x0000000085900000, 0x0000000085a00000, 0x0000000085a00000|100%|HC|  |TAMS 0x0000000085a00000, 0x0000000085900000| Complete 
|  32|0x0000000085a00000, 0x0000000085b00000, 0x0000000085b00000|100%|HS|  |TAMS 0x0000000085b00000, 0x0000000085a00000| Complete 
|  33|0x0000000085b00000, 0x0000000085c00000, 0x0000000085c00000|100%|HC|  |TAMS 0x0000000085c00000, 0x0000000085b00000| Complete 
|  34|0x0000000085c00000, 0x0000000085c00000, 0x0000000085d00000|  0%| F|  |TAMS 0x0000000085c00000, 0x0000000085c00000| Untracked 
|  35|0x0000000085d00000, 0x0000000085d00000, 0x0000000085e00000|  0%| F|  |TAMS 0x0000000085d00000, 0x0000000085d00000| Untracked 
|  36|0x0000000085e00000, 0x0000000085e00000, 0x0000000085f00000|  0%| F|  |TAMS 0x0000000085e00000, 0x0000000085e00000| Untracked 
|  37|0x0000000085f00000, 0x0000000085f00000, 0x0000000086000000|  0%| F|  |TAMS 0x0000000085f00000, 0x0000000085f00000| Untracked 
|  38|0x0000000086000000, 0x0000000086000000, 0x0000000086100000|  0%| F|  |TAMS 0x0000000086000000, 0x0000000086000000| Untracked 
|  39|0x0000000086100000, 0x0000000086100000, 0x0000000086200000|  0%| F|  |TAMS 0x0000000086100000, 0x0000000086100000| Untracked 
|  40|0x0000000086200000, 0x0000000086200000, 0x0000000086300000|  0%| F|  |TAMS 0x0000000086200000, 0x0000000086200000| Untracked 
|  41|0x0000000086300000, 0x0000000086300000, 0x0000000086400000|  0%| F|  |TAMS 0x0000000086300000, 0x0000000086300000| Untracked 
|  42|0x0000000086400000, 0x0000000086400000, 0x0000000086500000|  0%| F|  |TAMS 0x0000000086400000, 0x0000000086400000| Untracked 
|  43|0x0000000086500000, 0x0000000086500000, 0x0000000086600000|  0%| F|  |TAMS 0x0000000086500000, 0x0000000086500000| Untracked 
|  44|0x0000000086600000, 0x0000000086600000, 0x0000000086700000|  0%| F|  |TAMS 0x0000000086600000, 0x0000000086600000| Untracked 
|  45|0x0000000086700000, 0x0000000086700000, 0x0000000086800000|  0%| F|  |TAMS 0x0000000086700000, 0x0000000086700000| Untracked 
|  46|0x0000000086800000, 0x0000000086800000, 0x0000000086900000|  0%| F|  |TAMS 0x0000000086800000, 0x0000000086800000| Untracked 
|  47|0x0000000086900000, 0x0000000086900000, 0x0000000086a00000|  0%| F|  |TAMS 0x0000000086900000, 0x0000000086900000| Untracked 
|  48|0x0000000086a00000, 0x0000000086a00000, 0x0000000086b00000|  0%| F|  |TAMS 0x0000000086a00000, 0x0000000086a00000| Untracked 
|  49|0x0000000086b00000, 0x0000000086b00000, 0x0000000086c00000|  0%| F|  |TAMS 0x0000000086b00000, 0x0000000086b00000| Untracked 
|  50|0x0000000086c00000, 0x0000000086c00000, 0x0000000086d00000|  0%| F|  |TAMS 0x0000000086c00000, 0x0000000086c00000| Untracked 
|  51|0x0000000086d00000, 0x0000000086d00000, 0x0000000086e00000|  0%| F|  |TAMS 0x0000000086d00000, 0x0000000086d00000| Untracked 
|  52|0x0000000086e00000, 0x0000000086e00000, 0x0000000086f00000|  0%| F|  |TAMS 0x0000000086e00000, 0x0000000086e00000| Untracked 
|  53|0x0000000086f00000, 0x0000000086f00000, 0x0000000087000000|  0%| F|  |TAMS 0x0000000086f00000, 0x0000000086f00000| Untracked 
|  54|0x0000000087000000, 0x0000000087000000, 0x0000000087100000|  0%| F|  |TAMS 0x0000000087000000, 0x0000000087000000| Untracked 
|  55|0x0000000087100000, 0x0000000087100000, 0x0000000087200000|  0%| F|  |TAMS 0x0000000087100000, 0x0000000087100000| Untracked 
|  56|0x0000000087200000, 0x0000000087200000, 0x0000000087300000|  0%| F|  |TAMS 0x0000000087200000, 0x0000000087200000| Untracked 
|  57|0x0000000087300000, 0x0000000087300000, 0x0000000087400000|  0%| F|  |TAMS 0x0000000087300000, 0x0000000087300000| Untracked 
|  58|0x0000000087400000, 0x0000000087400000, 0x0000000087500000|  0%| F|  |TAMS 0x0000000087400000, 0x0000000087400000| Untracked 
|  59|0x0000000087500000, 0x0000000087500000, 0x0000000087600000|  0%| F|  |TAMS 0x0000000087500000, 0x0000000087500000| Untracked 
|  60|0x0000000087600000, 0x0000000087600000, 0x0000000087700000|  0%| F|  |TAMS 0x0000000087600000, 0x0000000087600000| Untracked 
|  61|0x0000000087700000, 0x0000000087700000, 0x0000000087800000|  0%| F|  |TAMS 0x0000000087700000, 0x0000000087700000| Untracked 
|  62|0x0000000087800000, 0x0000000087800000, 0x0000000087900000|  0%| F|  |TAMS 0x0000000087800000, 0x0000000087800000| Untracked 
|  63|0x0000000087900000, 0x0000000087900000, 0x0000000087a00000|  0%| F|  |TAMS 0x0000000087900000, 0x0000000087900000| Untracked 
|  64|0x0000000087a00000, 0x0000000087a00000, 0x0000000087b00000|  0%| F|  |TAMS 0x0000000087a00000, 0x0000000087a00000| Untracked 
|  65|0x0000000087b00000, 0x0000000087b00000, 0x0000000087c00000|  0%| F|  |TAMS 0x0000000087b00000, 0x0000000087b00000| Untracked 
|  66|0x0000000087c00000, 0x0000000087c00000, 0x0000000087d00000|  0%| F|  |TAMS 0x0000000087c00000, 0x0000000087c00000| Untracked 
|  67|0x0000000087d00000, 0x0000000087d00000, 0x0000000087e00000|  0%| F|  |TAMS 0x0000000087d00000, 0x0000000087d00000| Untracked 
|  68|0x0000000087e00000, 0x0000000087e00000, 0x0000000087f00000|  0%| F|  |TAMS 0x0000000087e00000, 0x0000000087e00000| Untracked 
|  69|0x0000000087f00000, 0x0000000087f00000, 0x0000000088000000|  0%| F|  |TAMS 0x0000000087f00000, 0x0000000087f00000| Untracked 
|  70|0x0000000088000000, 0x0000000088000000, 0x0000000088100000|  0%| F|  |TAMS 0x0000000088000000, 0x0000000088000000| Untracked 
|  71|0x0000000088100000, 0x0000000088100000, 0x0000000088200000|  0%| F|  |TAMS 0x0000000088100000, 0x0000000088100000| Untracked 
|  72|0x0000000088200000, 0x0000000088200000, 0x0000000088300000|  0%| F|  |TAMS 0x0000000088200000, 0x0000000088200000| Untracked 
|  73|0x0000000088300000, 0x0000000088300000, 0x0000000088400000|  0%| F|  |TAMS 0x0000000088300000, 0x0000000088300000| Untracked 
|  74|0x0000000088400000, 0x0000000088400000, 0x0000000088500000|  0%| F|  |TAMS 0x0000000088400000, 0x0000000088400000| Untracked 
|  75|0x0000000088500000, 0x0000000088500000, 0x0000000088600000|  0%| F|  |TAMS 0x0000000088500000, 0x0000000088500000| Untracked 
|  76|0x0000000088600000, 0x0000000088600000, 0x0000000088700000|  0%| F|  |TAMS 0x0000000088600000, 0x0000000088600000| Untracked 
|  77|0x0000000088700000, 0x0000000088700000, 0x0000000088800000|  0%| F|  |TAMS 0x0000000088700000, 0x0000000088700000| Untracked 
|  78|0x0000000088800000, 0x0000000088800000, 0x0000000088900000|  0%| F|  |TAMS 0x0000000088800000, 0x0000000088800000| Untracked 
|  79|0x0000000088900000, 0x0000000088900000, 0x0000000088a00000|  0%| F|  |TAMS 0x0000000088900000, 0x0000000088900000| Untracked 
|  80|0x0000000088a00000, 0x0000000088a00000, 0x0000000088b00000|  0%| F|  |TAMS 0x0000000088a00000, 0x0000000088a00000| Untracked 
|  81|0x0000000088b00000, 0x0000000088b00000, 0x0000000088c00000|  0%| F|  |TAMS 0x0000000088b00000, 0x0000000088b00000| Untracked 
|  82|0x0000000088c00000, 0x0000000088c00000, 0x0000000088d00000|  0%| F|  |TAMS 0x0000000088c00000, 0x0000000088c00000| Untracked 
|  83|0x0000000088d00000, 0x0000000088deb8b0, 0x0000000088e00000| 92%| E|  |TAMS 0x0000000088d00000, 0x0000000088d00000| Complete 
|  84|0x0000000088e00000, 0x0000000088f00000, 0x0000000088f00000|100%| E|CS|TAMS 0x0000000088e00000, 0x0000000088e00000| Complete 
|  85|0x0000000088f00000, 0x0000000089000000, 0x0000000089000000|100%| E|CS|TAMS 0x0000000088f00000, 0x0000000088f00000| Complete 
|  86|0x0000000089000000, 0x000000008905b6e0, 0x0000000089100000| 35%| S|CS|TAMS 0x0000000089000000, 0x0000000089000000| Complete 
|  87|0x0000000089100000, 0x0000000089200000, 0x0000000089200000|100%| E|CS|TAMS 0x0000000089100000, 0x0000000089100000| Complete 
|  88|0x0000000089200000, 0x0000000089300000, 0x0000000089300000|100%| E|CS|TAMS 0x0000000089200000, 0x0000000089200000| Complete 
|  89|0x0000000089300000, 0x0000000089400000, 0x0000000089400000|100%| E|CS|TAMS 0x0000000089300000, 0x0000000089300000| Complete 
|  90|0x0000000089400000, 0x0000000089500000, 0x0000000089500000|100%| E|CS|TAMS 0x0000000089400000, 0x0000000089400000| Complete 
|  91|0x0000000089500000, 0x0000000089600000, 0x0000000089600000|100%| S|CS|TAMS 0x0000000089500000, 0x0000000089500000| Complete 
|  92|0x0000000089600000, 0x0000000089700000, 0x0000000089700000|100%| S|CS|TAMS 0x0000000089600000, 0x0000000089600000| Complete 
|  93|0x0000000089700000, 0x0000000089800000, 0x0000000089800000|100%| S|CS|TAMS 0x0000000089700000, 0x0000000089700000| Complete 
|  94|0x0000000089800000, 0x0000000089900000, 0x0000000089900000|100%| S|CS|TAMS 0x0000000089800000, 0x0000000089800000| Complete 
|  95|0x0000000089900000, 0x0000000089a00000, 0x0000000089a00000|100%| S|CS|TAMS 0x0000000089900000, 0x0000000089900000| Complete 
|  96|0x0000000089a00000, 0x0000000089b00000, 0x0000000089b00000|100%| S|CS|TAMS 0x0000000089a00000, 0x0000000089a00000| Complete 
|  97|0x0000000089b00000, 0x0000000089c00000, 0x0000000089c00000|100%| S|CS|TAMS 0x0000000089b00000, 0x0000000089b00000| Complete 
|  98|0x0000000089c00000, 0x0000000089d00000, 0x0000000089d00000|100%| E|CS|TAMS 0x0000000089c00000, 0x0000000089c00000| Complete 
|  99|0x0000000089d00000, 0x0000000089e00000, 0x0000000089e00000|100%| E|CS|TAMS 0x0000000089d00000, 0x0000000089d00000| Complete 
| 100|0x0000000089e00000, 0x0000000089f00000, 0x0000000089f00000|100%| E|CS|TAMS 0x0000000089e00000, 0x0000000089e00000| Complete 
| 101|0x0000000089f00000, 0x000000008a000000, 0x000000008a000000|100%| E|CS|TAMS 0x0000000089f00000, 0x0000000089f00000| Complete 
| 102|0x000000008a000000, 0x000000008a100000, 0x000000008a100000|100%| E|CS|TAMS 0x000000008a000000, 0x000000008a000000| Complete 
| 103|0x000000008a100000, 0x000000008a200000, 0x000000008a200000|100%| E|CS|TAMS 0x000000008a100000, 0x000000008a100000| Complete 
| 104|0x000000008a200000, 0x000000008a300000, 0x000000008a300000|100%| E|CS|TAMS 0x000000008a200000, 0x000000008a200000| Complete 
| 105|0x000000008a300000, 0x000000008a400000, 0x000000008a400000|100%| E|CS|TAMS 0x000000008a300000, 0x000000008a300000| Complete 
| 106|0x000000008a400000, 0x000000008a500000, 0x000000008a500000|100%| E|CS|TAMS 0x000000008a400000, 0x000000008a400000| Complete 
| 107|0x000000008a500000, 0x000000008a600000, 0x000000008a600000|100%| E|CS|TAMS 0x000000008a500000, 0x000000008a500000| Complete 
| 108|0x000000008a600000, 0x000000008a700000, 0x000000008a700000|100%| E|CS|TAMS 0x000000008a600000, 0x000000008a600000| Complete 
| 109|0x000000008a700000, 0x000000008a800000, 0x000000008a800000|100%| E|CS|TAMS 0x000000008a700000, 0x000000008a700000| Complete 
| 110|0x000000008a800000, 0x000000008a900000, 0x000000008a900000|100%| E|CS|TAMS 0x000000008a800000, 0x000000008a800000| Complete 
| 111|0x000000008a900000, 0x000000008aa00000, 0x000000008aa00000|100%| E|CS|TAMS 0x000000008a900000, 0x000000008a900000| Complete 
| 112|0x000000008aa00000, 0x000000008ab00000, 0x000000008ab00000|100%| E|CS|TAMS 0x000000008aa00000, 0x000000008aa00000| Complete 
| 113|0x000000008ab00000, 0x000000008ac00000, 0x000000008ac00000|100%| E|CS|TAMS 0x000000008ab00000, 0x000000008ab00000| Complete 
| 114|0x000000008ac00000, 0x000000008ad00000, 0x000000008ad00000|100%| E|CS|TAMS 0x000000008ac00000, 0x000000008ac00000| Complete 
| 115|0x000000008ad00000, 0x000000008ae00000, 0x000000008ae00000|100%| E|CS|TAMS 0x000000008ad00000, 0x000000008ad00000| Complete 
| 116|0x000000008ae00000, 0x000000008af00000, 0x000000008af00000|100%| E|CS|TAMS 0x000000008ae00000, 0x000000008ae00000| Complete 
| 117|0x000000008af00000, 0x000000008b000000, 0x000000008b000000|100%| E|CS|TAMS 0x000000008af00000, 0x000000008af00000| Complete 
| 118|0x000000008b000000, 0x000000008b100000, 0x000000008b100000|100%| E|CS|TAMS 0x000000008b000000, 0x000000008b000000| Complete 
| 119|0x000000008b100000, 0x000000008b200000, 0x000000008b200000|100%| E|CS|TAMS 0x000000008b100000, 0x000000008b100000| Complete 
| 120|0x000000008b200000, 0x000000008b300000, 0x000000008b300000|100%| E|CS|TAMS 0x000000008b200000, 0x000000008b200000| Complete 
| 121|0x000000008b300000, 0x000000008b400000, 0x000000008b400000|100%| E|CS|TAMS 0x000000008b300000, 0x000000008b300000| Complete 
| 122|0x000000008b400000, 0x000000008b500000, 0x000000008b500000|100%| E|CS|TAMS 0x000000008b400000, 0x000000008b400000| Complete 
| 123|0x000000008b500000, 0x000000008b600000, 0x000000008b600000|100%| E|CS|TAMS 0x000000008b500000, 0x000000008b500000| Complete 
| 124|0x000000008b600000, 0x000000008b700000, 0x000000008b700000|100%| E|CS|TAMS 0x000000008b600000, 0x000000008b600000| Complete 
| 125|0x000000008b700000, 0x000000008b800000, 0x000000008b800000|100%| E|CS|TAMS 0x000000008b700000, 0x000000008b700000| Complete 

Card table byte_map: [0x0000022bfa880000,0x0000022bfac70000] _byte_map_base: 0x0000022bfa463000

Marking Bits (Prev, Next): (CMBitMap*) 0x0000022bf04da440, (CMBitMap*) 0x0000022bf04da400
 Prev Bits: [0x0000022bfcf80000, 0x0000022bfee98000)
 Next Bits: [0x0000022bfb060000, 0x0000022bfcf78000)

Polling page: 0x0000022bf9a00000

Metaspace:

Usage:
  Non-class:     19.31 MB used.
      Class:      2.98 MB used.
       Both:     22.29 MB used.

Virtual space:
  Non-class space:       64.00 MB reserved,      19.44 MB ( 30%) committed,  1 nodes.
      Class space:        1.00 GB reserved,       3.12 MB ( <1%) committed,  1 nodes.
             Both:        1.06 GB reserved,      22.56 MB (  2%) committed. 

Chunk freelists:
   Non-Class:  12.56 MB
       Class:  12.91 MB
        Both:  25.47 MB

MaxMetaspaceSize: unlimited
CompressedClassSpaceSize: 1.00 GB
Initial GC threshold: 21.00 MB
Current GC threshold: 35.12 MB
CDS: on
MetaspaceReclaimPolicy: balanced
 - commit_granule_bytes: 65536.
 - commit_granule_words: 8192.
 - virtual_space_node_default_size: 8388608.
 - enlarge_chunks_in_place: 1.
 - new_chunks_are_fully_committed: 0.
 - uncommit_free_chunks: 1.
 - use_allocation_guard: 0.
 - handle_deallocations: 1.


Internal statistics:

num_allocs_failed_limit: 3.
num_arena_births: 254.
num_arena_deaths: 0.
num_vsnodes_births: 2.
num_vsnodes_deaths: 0.
num_space_committed: 361.
num_space_uncommitted: 0.
num_chunks_returned_to_freelist: 3.
num_chunks_taken_from_freelist: 1052.
num_chunk_merges: 3.
num_chunk_splits: 728.
num_chunks_enlarged: 557.
num_inconsistent_stats: 0.

CodeHeap 'non-profiled nmethods': size=120000Kb used=2833Kb max_used=2833Kb free=117166Kb
 bounds [0x0000022b87ad0000, 0x0000022b87da0000, 0x0000022b8f000000]
CodeHeap 'profiled nmethods': size=120000Kb used=11617Kb max_used=11617Kb free=108383Kb
 bounds [0x0000022b80000000, 0x0000022b80b60000, 0x0000022b87530000]
CodeHeap 'non-nmethods': size=5760Kb used=1488Kb max_used=1542Kb free=4272Kb
 bounds [0x0000022b87530000, 0x0000022b877a0000, 0x0000022b87ad0000]
 total_blobs=6326 nmethods=5480 adapters=757
 compilation: enabled
              stopped_count=0, restarted_count=0
 full_count=0

Compilation events (20 events):
Event: 53.956 Thread 0x0000022bff96aa50 5475       3       com.sun.prism.d3d.D3DSwapChain::getResourceHandle (8 bytes)
Event: 53.956 Thread 0x0000022bff96aa50 nmethod 5475 0x0000022b80b57710 code [0x0000022b80b578a0, 0x0000022b80b57a58]
Event: 53.956 Thread 0x0000022bff96aa50 5478       3       com.sun.prism.d3d.D3DSwapChain::getContext (8 bytes)
Event: 53.956 Thread 0x0000022bff96aa50 nmethod 5478 0x0000022b80b57b10 code [0x0000022b80b57ca0, 0x0000022b80b57e58]
Event: 53.956 Thread 0x0000022bff96aa50 5476       3       com.sun.prism.d3d.D3DSwapChain::getContentWidth (5 bytes)
Event: 53.956 Thread 0x0000022bff96aa50 nmethod 5476 0x0000022b80b57f10 code [0x0000022b80b580c0, 0x0000022b80b58308]
Event: 53.956 Thread 0x0000022bff96aa50 5477  s    1       com.sun.javafx.tk.quantum.GlassScene::getDoPresent (5 bytes)
Event: 53.956 Thread 0x0000022bff96aa50 nmethod 5477 0x0000022b87d85f90 code [0x0000022b87d86120, 0x0000022b87d86298]
Event: 53.975 Thread 0x0000022bd67f79d0 nmethod 5465 0x0000022b87d86310 code [0x0000022b87d86660, 0x0000022b87d87d80]
Event: 53.975 Thread 0x0000022bd67f79d0 5469       4       com.sun.javafx.geom.transform.Identity::getDegree (4 bytes)
Event: 53.975 Thread 0x0000022bd67f79d0 nmethod 5469 0x0000022b87d89010 code [0x0000022b87d89180, 0x0000022b87d891f8]
Event: 54.049 Thread 0x0000022bff969910 nmethod 5459 0x0000022b87d89310 code [0x0000022b87d89880, 0x0000022b87d8e6d8]
Event: 54.764 Thread 0x0000022bff969910 5480       4       com.sun.javafx.geom.transform.Identity::inverseTransform (20 bytes)
Event: 54.765 Thread 0x0000022bff969910 nmethod 5480 0x0000022b87d91b10 code [0x0000022b87d91c80, 0x0000022b87d91d58]
Event: 84.547 Thread 0x0000022bff969910 5481       4       com.sun.javafx.tk.quantum.QuantumToolkit::postPulse (133 bytes)
Event: 84.590 Thread 0x0000022bff969910 nmethod 5481 0x0000022b87d91e10 code [0x0000022b87d92040, 0x0000022b87d93400]
Event: 86.414 Thread 0x0000022bff969910 5482       4       com.sun.javafx.tk.quantum.QuantumToolkit$$Lambda$92/0x0000022b92032a70::run (8 bytes)
Event: 86.416 Thread 0x0000022bff969910 nmethod 5482 0x0000022b87d93e10 code [0x0000022b87d93fa0, 0x0000022b87d94098]
Event: 121.781 Thread 0x0000022bff969910 5483       4       java.util.concurrent.ConcurrentHashMap$BaseIterator::hasNext (13 bytes)
Event: 121.781 Thread 0x0000022bff969910 nmethod 5483 0x0000022b87d94190 code [0x0000022b87d94300, 0x0000022b87d94398]

GC Heap History (6 events):
Event: 0.465 GC heap before
{Heap before GC invocations=0 (full 0):
 garbage-first heap   total 129024K, used 22528K [0x0000000083a00000, 0x0000000100000000)
  region size 1024K, 23 young (23552K), 0 survivors (0K)
 Metaspace       used 6031K, committed 6272K, reserved 1114112K
  class space    used 709K, committed 832K, reserved 1048576K
}
Event: 0.468 GC heap after
{Heap after GC invocations=1 (full 0):
 garbage-first heap   total 129024K, used 3590K [0x0000000083a00000, 0x0000000100000000)
  region size 1024K, 3 young (3072K), 3 survivors (3072K)
 Metaspace       used 6031K, committed 6272K, reserved 1114112K
  class space    used 709K, committed 832K, reserved 1048576K
}
Event: 1.078 GC heap before
{Heap before GC invocations=1 (full 0):
 garbage-first heap   total 129024K, used 43526K [0x0000000083a00000, 0x0000000100000000)
  region size 1024K, 35 young (35840K), 3 survivors (3072K)
 Metaspace       used 14203K, committed 14400K, reserved 1114112K
  class space    used 2132K, committed 2240K, reserved 1048576K
}
Event: 1.083 GC heap after
{Heap after GC invocations=2 (full 0):
 garbage-first heap   total 129024K, used 14132K [0x0000000083a00000, 0x0000000100000000)
  region size 1024K, 4 young (4096K), 4 survivors (4096K)
 Metaspace       used 14203K, committed 14400K, reserved 1114112K
  class space    used 2132K, committed 2240K, reserved 1048576K
}
Event: 12.538 GC heap before
{Heap before GC invocations=2 (full 0):
 garbage-first heap   total 129024K, used 65332K [0x0000000083a00000, 0x0000000100000000)
  region size 1024K, 32 young (32768K), 4 survivors (4096K)
 Metaspace       used 21292K, committed 21504K, reserved 1114112K
  class space    used 2931K, committed 3072K, reserved 1048576K
}
Event: 12.543 GC heap after
{Heap after GC invocations=3 (full 0):
 garbage-first heap   total 129024K, used 41444K [0x0000000083a00000, 0x0000000100000000)
  region size 1024K, 8 young (8192K), 8 survivors (8192K)
 Metaspace       used 21292K, committed 21504K, reserved 1114112K
  class space    used 2931K, committed 3072K, reserved 1048576K
}

Dll operation events (20 events):
Event: 0.235 Loaded shared library C:\Program Files\JavaFX\javafx-sdk-17.0.15\bin\api-ms-win-crt-multibyte-l1-1-0.dll
Event: 0.236 Loaded shared library C:\Program Files\JavaFX\javafx-sdk-17.0.15\bin\api-ms-win-crt-private-l1-1-0.dll
Event: 0.237 Loaded shared library C:\Program Files\JavaFX\javafx-sdk-17.0.15\bin\api-ms-win-crt-process-l1-1-0.dll
Event: 0.238 Loaded shared library C:\Program Files\JavaFX\javafx-sdk-17.0.15\bin\api-ms-win-crt-runtime-l1-1-0.dll
Event: 0.239 Loaded shared library C:\Program Files\JavaFX\javafx-sdk-17.0.15\bin\api-ms-win-crt-stdio-l1-1-0.dll
Event: 0.240 Loaded shared library C:\Program Files\JavaFX\javafx-sdk-17.0.15\bin\api-ms-win-crt-string-l1-1-0.dll
Event: 0.242 Loaded shared library C:\Program Files\JavaFX\javafx-sdk-17.0.15\bin\api-ms-win-crt-time-l1-1-0.dll
Event: 0.242 Loaded shared library C:\Program Files\JavaFX\javafx-sdk-17.0.15\bin\api-ms-win-crt-utility-l1-1-0.dll
Event: 0.244 Loaded shared library C:\Program Files\JavaFX\javafx-sdk-17.0.15\bin\ucrtbase.dll
Event: 0.245 Loaded shared library C:\Program Files\JavaFX\javafx-sdk-17.0.15\bin\vcruntime140.dll
Event: 0.246 Loaded shared library C:\Program Files\JavaFX\javafx-sdk-17.0.15\bin\vcruntime140_1.dll
Event: 0.248 Loaded shared library C:\Program Files\JavaFX\javafx-sdk-17.0.15\bin\msvcp140.dll
Event: 0.249 Loaded shared library C:\Program Files\JavaFX\javafx-sdk-17.0.15\bin\msvcp140_1.dll
Event: 0.250 Loaded shared library C:\Program Files\JavaFX\javafx-sdk-17.0.15\bin\msvcp140_2.dll
Event: 0.286 Loaded shared library C:\Program Files\JavaFX\javafx-sdk-17.0.15\bin\prism_d3d.dll
Event: 0.326 Loaded shared library C:\Program Files\JavaFX\javafx-sdk-17.0.15\bin\glass.dll
Event: 0.407 Loaded shared library C:\Users\jccas\.jdks\temurin-17.0.15\bin\jimage.dll
Event: 0.478 Loaded shared library C:\Program Files\JavaFX\javafx-sdk-17.0.15\bin\javafx_iio.dll
Event: 0.520 Loaded shared library C:\Program Files\JavaFX\javafx-sdk-17.0.15\bin\javafx_font.dll
Event: 8.798 Loaded shared library C:\Users\jccas\.jdks\temurin-17.0.15\bin\verify.dll

Deoptimization events (20 events):
Event: 47.737 Thread 0x0000022bd6f74160 DEOPT PACKING pc=0x0000022b87d3b354 sp=0x000000a385efb620
Event: 47.737 Thread 0x0000022bd6f74160 DEOPT UNPACKING pc=0x0000022b8758a1a3 sp=0x000000a385efb540 mode 2
Event: 47.737 Thread 0x0000022bd6f74160 Uncommon trap: trap_request=0xffffffbe fr.pc=0x0000022b87d3b354 relative=0x00000000000052b4
Event: 47.737 Thread 0x0000022bd6f74160 Uncommon trap: reason=profile_predicate action=maybe_recompile pc=0x0000022b87d3b354 method=javafx.scene.CssStyleHelper$CacheContainer.<init>(Ljavafx/scene/Node;Lcom/sun/javafx/css/StyleMap;I)V @ 164 c2
Event: 47.737 Thread 0x0000022bd6f74160 DEOPT PACKING pc=0x0000022b87d3b354 sp=0x000000a385efb350
Event: 47.737 Thread 0x0000022bd6f74160 DEOPT UNPACKING pc=0x0000022b8758a1a3 sp=0x000000a385efb270 mode 2
Event: 47.738 Thread 0x0000022bd6f74160 Uncommon trap: trap_request=0xffffffbe fr.pc=0x0000022b87d3b354 relative=0x00000000000052b4
Event: 47.738 Thread 0x0000022bd6f74160 Uncommon trap: reason=profile_predicate action=maybe_recompile pc=0x0000022b87d3b354 method=javafx.scene.CssStyleHelper$CacheContainer.<init>(Ljavafx/scene/Node;Lcom/sun/javafx/css/StyleMap;I)V @ 164 c2
Event: 47.738 Thread 0x0000022bd6f74160 DEOPT PACKING pc=0x0000022b87d3b354 sp=0x000000a385efbe40
Event: 47.738 Thread 0x0000022bd6f74160 DEOPT UNPACKING pc=0x0000022b8758a1a3 sp=0x000000a385efbd60 mode 2
Event: 53.115 Thread 0x0000022bd6cce410 Uncommon trap: trap_request=0xffffff6e fr.pc=0x0000022b87d6abb4 relative=0x00000000000005b4
Event: 53.115 Thread 0x0000022bd6cce410 Uncommon trap: reason=loop_limit_check action=maybe_recompile pc=0x0000022b87d6abb4 method=com.sun.javafx.image.impl.BaseByteToByteConverter$ByteAnyToSameConverter.doConvert([BII[BIIII)V @ 5 c2
Event: 53.115 Thread 0x0000022bd6cce410 DEOPT PACKING pc=0x0000022b87d6abb4 sp=0x000000a385cfdba0
Event: 53.115 Thread 0x0000022bd6cce410 DEOPT UNPACKING pc=0x0000022b8758a1a3 sp=0x000000a385cfdb38 mode 2
Event: 53.871 Thread 0x0000022bd6f74160 Uncommon trap: trap_request=0xffffffcc fr.pc=0x0000022b87d71868 relative=0x0000000000000348
Event: 53.871 Thread 0x0000022bd6f74160 Uncommon trap: reason=intrinsic_or_type_checked_inlining action=make_not_entrant pc=0x0000022b87d71868 method=java.util.Arrays.copyOf([Ljava/lang/Object;ILjava/lang/Class;)[Ljava/lang/Object; @ 35 c2
Event: 53.871 Thread 0x0000022bd6f74160 DEOPT PACKING pc=0x0000022b87d71868 sp=0x000000a385ef9610
Event: 53.871 Thread 0x0000022bd6f74160 DEOPT UNPACKING pc=0x0000022b8758a1a3 sp=0x000000a385ef95a0 mode 2
Event: 53.930 Thread 0x0000022bd6f74160 DEOPT PACKING pc=0x0000022b80790f04 sp=0x000000a385ef8e00
Event: 53.930 Thread 0x0000022bd6f74160 DEOPT UNPACKING pc=0x0000022b8758ace3 sp=0x000000a385ef8260 mode 0

Classes loaded (20 events):
Event: 8.795 Loading class javax/net/ssl/TrustManager
Event: 8.795 Loading class javax/net/ssl/TrustManager done
Event: 9.186 Loading class jdk/internal/reflect/BootstrapConstructorAccessorImpl
Event: 9.186 Loading class jdk/internal/reflect/BootstrapConstructorAccessorImpl done
Event: 10.269 Loading class java/util/BitSet$1BitSetSpliterator
Event: 10.269 Loading class java/util/BitSet$1BitSetSpliterator done
Event: 10.270 Loading class java/util/stream/IntPipeline$1
Event: 10.270 Loading class java/util/stream/IntPipeline$1 done
Event: 10.270 Loading class java/util/stream/IntPipeline$1$1
Event: 10.270 Loading class java/util/stream/IntPipeline$1$1 done
Event: 12.496 Loading class sun/reflect/generics/tree/BottomSignature
Event: 12.496 Loading class sun/reflect/generics/tree/BottomSignature done
Event: 12.497 Loading class sun/reflect/generics/tree/Wildcard
Event: 12.497 Loading class sun/reflect/generics/tree/Wildcard done
Event: 12.497 Loading class sun/reflect/generics/reflectiveObjects/WildcardTypeImpl
Event: 12.498 Loading class java/lang/reflect/WildcardType
Event: 12.498 Loading class java/lang/reflect/WildcardType done
Event: 12.498 Loading class sun/reflect/generics/reflectiveObjects/WildcardTypeImpl done
Event: 121.780 Loading class jdk/internal/misc/Signal$1
Event: 121.780 Loading class jdk/internal/misc/Signal$1 done

Classes unloaded (0 events):
No events

Classes redefined (0 events):
No events

Internal exceptions (20 events):
Event: 0.572 Thread 0x0000022bd6f74160 Exception <a 'java/lang/NoSuchMethodError'{0x000000008af13b30}: 'void java.lang.invoke.DirectMethodHandle$Holder.invokeSpecial(java.lang.Object, java.lang.Object, java.lang.Object, java.lang.Object, java.lang.Object)'> (0x000000008af13b30) 
thrown [s\src\hotspot\share\interpreter\linkResolver.cpp, line 759]
Event: 0.666 Thread 0x0000022bd6f74160 Implicit null exception at 0x0000022b87b24858 to 0x0000022b87b248ee
Event: 0.670 Thread 0x0000022bd6f74160 Implicit null exception at 0x0000022b87b3188f to 0x0000022b87b31ca4
Event: 0.814 Thread 0x0000022bd6f74160 Exception <a 'java/lang/NoSuchMethodError'{0x000000008a5b91f0}: 'java.lang.Object java.lang.invoke.DirectMethodHandle$Holder.invokeInterface(java.lang.Object, java.lang.Object, java.lang.Object)'> (0x000000008a5b91f0) 
thrown [s\src\hotspot\share\interpreter\linkResolver.cpp, line 759]
Event: 0.814 Thread 0x0000022bd6f74160 Exception <a 'java/lang/IncompatibleClassChangeError'{0x000000008a5bcb78}: Found class java.lang.Object, but interface was expected> (0x000000008a5bcb78) 
thrown [s\src\hotspot\share\interpreter\linkResolver.cpp, line 826]
Event: 0.843 Thread 0x0000022bd6f74160 Exception <a 'java/lang/ClassNotFoundException'{0x000000008a3affc8}: com/sun/javafx/scene/control/skin/resources/controls> (0x000000008a3affc8) 
thrown [s\src\hotspot\share\prims\jni.cpp, line 535]
Event: 0.843 Thread 0x0000022bd6f74160 Exception <a 'java/lang/ClassNotFoundException'{0x000000008a3bdf68}: com/sun/javafx/scene/control/skin/resources/controls_es> (0x000000008a3bdf68) 
thrown [s\src\hotspot\share\prims\jni.cpp, line 535]
Event: 0.844 Thread 0x0000022bd6f74160 Exception <a 'java/lang/ClassNotFoundException'{0x000000008a3cbbc8}: com/sun/javafx/scene/control/skin/resources/controls_es_MX> (0x000000008a3cbbc8) 
thrown [s\src\hotspot\share\prims\jni.cpp, line 535]
Event: 0.875 Thread 0x0000022bd6f74160 Exception <a 'java/lang/NoSuchMethodError'{0x000000008a185cc8}: 'void java.lang.invoke.DirectMethodHandle$Holder.invokeSpecial(java.lang.Object, java.lang.Object, java.lang.Object, java.lang.Object, java.lang.Object, java.lang.Object)'> (0x000000008a185cc8) 
thrown [s\src\hotspot\share\interpreter\linkResolver.cpp, line 759]
Event: 0.938 Thread 0x0000022bd6f74160 Exception <a 'java/lang/NoSuchMethodError'{0x0000000089a35d50}: 'java.lang.Object java.lang.invoke.DirectMethodHandle$Holder.newInvokeSpecial(java.lang.Object, java.lang.Object, int)'> (0x0000000089a35d50) 
thrown [s\src\hotspot\share\interpreter\linkResolver.cpp, line 759]
Event: 0.961 Thread 0x0000022bd6cce410 Exception <a 'java/lang/NoSuchMethodError'{0x0000000089984f88}: 'int java.lang.invoke.DirectMethodHandle$Holder.invokeStaticInit(java.lang.Object, java.lang.Object)'> (0x0000000089984f88) 
thrown [s\src\hotspot\share\interpreter\linkResolver.cpp, line 759]
Event: 0.967 Thread 0x0000022bd6f74160 Exception <a 'java/lang/NoSuchMethodError'{0x00000000899ed0b8}: 'long java.lang.invoke.DirectMethodHandle$Holder.invokeStatic(java.lang.Object, java.lang.Object, java.lang.Object)'> (0x00000000899ed0b8) 
thrown [s\src\hotspot\share\interpreter\linkResolver.cpp, line 759]
Event: 0.967 Thread 0x0000022bd6f74160 Exception <a 'java/lang/NoSuchMethodError'{0x00000000899f0860}: 'long java.lang.invoke.DirectMethodHandle$Holder.invokeStaticInit(java.lang.Object, java.lang.Object, java.lang.Object)'> (0x00000000899f0860) 
thrown [s\src\hotspot\share\interpreter\linkResolver.cpp, line 759]
Event: 0.970 Thread 0x0000022bd6f74160 Exception <a 'java/lang/NoSuchMethodError'{0x0000000089863d08}: 'java.lang.Object java.lang.invoke.DirectMethodHandle$Holder.newInvokeSpecial(java.lang.Object, java.lang.Object, long)'> (0x0000000089863d08) 
thrown [s\src\hotspot\share\interpreter\linkResolver.cpp, line 759]
Event: 0.970 Thread 0x0000022bd6f74160 Exception <a 'java/lang/NoSuchMethodError'{0x0000000089867878}: 'java.lang.Object java.lang.invoke.Invokers$Holder.linkToTargetMethod(java.lang.Object, long, java.lang.Object)'> (0x0000000089867878) 
thrown [s\src\hotspot\share\interpreter\linkResolver.cpp, line 759]
Event: 0.981 Thread 0x0000022bd6cce410 Exception <a 'java/lang/NoSuchMethodError'{0x00000000898e34f8}: 'java.lang.Object java.lang.invoke.DirectMethodHandle$Holder.invokeStaticInit(java.lang.Object, int)'> (0x00000000898e34f8) 
thrown [s\src\hotspot\share\interpreter\linkResolver.cpp, line 759]
Event: 8.622 Thread 0x0000022bd6f74160 Exception <a 'java/lang/NoSuchMethodError'{0x000000008b338728}: 'java.lang.Object java.lang.invoke.DirectMethodHandle$Holder.invokeInterface(java.lang.Object, java.lang.Object)'> (0x000000008b338728) 
thrown [s\src\hotspot\share\interpreter\linkResolver.cpp, line 759]
Event: 8.635 Thread 0x0000022bd6f74160 Exception <a 'java/lang/NoSuchMethodError'{0x000000008b3b2648}: 'java.lang.Object java.lang.invoke.DirectMethodHandle$Holder.invokeVirtual(java.lang.Object, java.lang.Object, java.lang.Object)'> (0x000000008b3b2648) 
thrown [s\src\hotspot\share\interpreter\linkResolver.cpp, line 759]
Event: 10.277 Thread 0x0000022bd6f74160 Exception <a 'java/lang/NoSuchMethodError'{0x000000008a6cf758}: 'void java.lang.invoke.DirectMethodHandle$Holder.invokeSpecialIFC(java.lang.Object, java.lang.Object, java.lang.Object, java.lang.Object)'> (0x000000008a6cf758) 
thrown [s\src\hotspot\share\interpreter\linkResolver.cpp, line 759]
Event: 10.311 Thread 0x0000022bd6f74160 Exception <a 'java/lang/NoSuchMethodError'{0x000000008a30c680}: 'int java.lang.invoke.DirectMethodHandle$Holder.invokeSpecial(java.lang.Object, java.lang.Object, int)'> (0x000000008a30c680) 
thrown [s\src\hotspot\share\interpreter\linkResolver.cpp, line 759]

VM Operations (20 events):
Event: 45.739 Executing VM operation: Cleanup done
Event: 46.740 Executing VM operation: Cleanup
Event: 46.740 Executing VM operation: Cleanup done
Event: 47.740 Executing VM operation: Cleanup
Event: 47.740 Executing VM operation: Cleanup done
Event: 49.740 Executing VM operation: Cleanup
Event: 49.741 Executing VM operation: Cleanup done
Event: 50.741 Executing VM operation: Cleanup
Event: 50.741 Executing VM operation: Cleanup done
Event: 51.742 Executing VM operation: Cleanup
Event: 51.742 Executing VM operation: Cleanup done
Event: 52.742 Executing VM operation: Cleanup
Event: 52.742 Executing VM operation: Cleanup done
Event: 53.743 Executing VM operation: Cleanup
Event: 53.743 Executing VM operation: Cleanup done
Event: 54.743 Executing VM operation: Cleanup
Event: 54.743 Executing VM operation: Cleanup done
Event: 60.073 Executing VM operation: HandshakeAllThreads
Event: 60.073 Executing VM operation: HandshakeAllThreads done
Event: 121.782 Executing VM operation: Exit

Memory protections (0 events):
No events

Nmethod flushes (0 events):
No events

Events (20 events):
Event: 41.075 Thread 0x0000022bd67f79d0 Thread exited: 0x0000022bd67f79d0
Event: 42.797 Thread 0x0000022bff96aa50 Thread added: 0x0000022bd67f54a0
Event: 43.189 Thread 0x0000022bd67f54a0 Thread exited: 0x0000022bd67f54a0
Event: 43.809 Thread 0x0000022bff96aa50 Thread added: 0x0000022bd67f69e0
Event: 43.992 Thread 0x0000022bd67f69e0 Thread exited: 0x0000022bd67f69e0
Event: 44.893 Thread 0x0000022bff96aa50 Thread added: 0x0000022bd67f54a0
Event: 45.075 Thread 0x0000022bd67f54a0 Thread exited: 0x0000022bd67f54a0
Event: 48.438 Thread 0x0000022bff96aa50 Thread added: 0x0000022bd67f6f30
Event: 48.585 Thread 0x0000022bd67f6f30 Thread exited: 0x0000022bd67f6f30
Event: 51.506 Thread 0x0000022bff96aa50 Thread added: 0x0000022bd67f54a0
Event: 52.708 Thread 0x0000022bd67f54a0 Thread exited: 0x0000022bd67f54a0
Event: 53.930 Thread 0x0000022bff96aa50 Thread added: 0x0000022bd67f79d0
Event: 54.764 Thread 0x0000022bd67f79d0 Thread exited: 0x0000022bd67f79d0
Event: 121.780 Thread 0x0000022bff958530 Thread added: 0x0000022bd6db4a50
Event: 121.780 Thread 0x0000022bd6db4a50 Thread added: 0x0000022bd6db68b0
Event: 121.781 Thread 0x0000022bd6db4a50 Thread added: 0x0000022bd6db4540
Event: 121.781 Thread 0x0000022bd6db4540 Thread exited: 0x0000022bd6db4540
Event: 121.782 Thread 0x0000022bd6db68b0 Thread exited: 0x0000022bd6db68b0
Event: 121.782 Thread 0x0000022bd6db4a50 Before exit entered
Event: 121.782 Thread 0x0000022bff958530 Thread exited: 0x0000022bff958530


Dynamic libraries:
0x00007ff64f1f0000 - 0x00007ff64f1fe000 	C:\Users\jccas\.jdks\temurin-17.0.15\bin\java.exe
0x00007ffde29a0000 - 0x00007ffde2c05000 	C:\WINDOWS\SYSTEM32\ntdll.dll
0x00007ffde1640000 - 0x00007ffde1709000 	C:\WINDOWS\System32\KERNEL32.DLL
0x00007ffddfbc0000 - 0x00007ffddffa8000 	C:\WINDOWS\System32\KERNELBASE.dll
0x00007ffde0060000 - 0x00007ffde01ab000 	C:\WINDOWS\System32\ucrtbase.dll
0x00007ffdc3280000 - 0x00007ffdc329e000 	C:\Users\jccas\.jdks\temurin-17.0.15\bin\VCRUNTIME140.dll
0x00007ffdc7450000 - 0x00007ffdc7467000 	C:\Users\jccas\.jdks\temurin-17.0.15\bin\jli.dll
0x00007ffde1300000 - 0x00007ffde14ca000 	C:\WINDOWS\System32\USER32.dll
0x00007ffdb95f0000 - 0x00007ffdb988a000 	C:\WINDOWS\WinSxS\amd64_microsoft.windows.common-controls_6595b64144ccf1df_6.0.26100.4202_none_3e0698d4e335f517\COMCTL32.dll
0x00007ffddfb90000 - 0x00007ffddfbb7000 	C:\WINDOWS\System32\win32u.dll
0x00007ffde1d00000 - 0x00007ffde1da9000 	C:\WINDOWS\System32\msvcrt.dll
0x00007ffde1fb0000 - 0x00007ffde1fdb000 	C:\WINDOWS\System32\GDI32.dll
0x00007ffde0600000 - 0x00007ffde0737000 	C:\WINDOWS\System32\gdi32full.dll
0x00007ffddffb0000 - 0x00007ffde0053000 	C:\WINDOWS\System32\msvcp_win.dll
0x00007ffde0ae0000 - 0x00007ffde0b10000 	C:\WINDOWS\System32\IMM32.DLL
0x00007ffdc73e0000 - 0x00007ffdc73ec000 	C:\Users\jccas\.jdks\temurin-17.0.15\bin\vcruntime140_1.dll
0x00007ffda4790000 - 0x00007ffda481d000 	C:\Users\jccas\.jdks\temurin-17.0.15\bin\msvcp140.dll
0x00007ffd523f0000 - 0x00007ffd5305b000 	C:\Users\jccas\.jdks\temurin-17.0.15\bin\server\jvm.dll
0x00007ffde14d0000 - 0x00007ffde1583000 	C:\WINDOWS\System32\ADVAPI32.dll
0x00007ffde1590000 - 0x00007ffde1636000 	C:\WINDOWS\System32\sechost.dll
0x00007ffde1fe0000 - 0x00007ffde20f5000 	C:\WINDOWS\System32\RPCRT4.dll
0x00007ffde27f0000 - 0x00007ffde2864000 	C:\WINDOWS\System32\WS2_32.dll
0x00007ffddf940000 - 0x00007ffddf99e000 	C:\WINDOWS\SYSTEM32\POWRPROF.dll
0x00007ffdd4980000 - 0x00007ffdd49b5000 	C:\WINDOWS\SYSTEM32\WINMM.dll
0x00007ffdcf770000 - 0x00007ffdcf77b000 	C:\WINDOWS\SYSTEM32\VERSION.dll
0x00007ffddf920000 - 0x00007ffddf934000 	C:\WINDOWS\SYSTEM32\UMPDC.dll
0x00007ffdde890000 - 0x00007ffdde8ab000 	C:\WINDOWS\SYSTEM32\kernel.appcore.dll
0x00007ffdc3930000 - 0x00007ffdc393a000 	C:\Users\jccas\.jdks\temurin-17.0.15\bin\jimage.dll
0x00007ffddd210000 - 0x00007ffddd451000 	C:\WINDOWS\SYSTEM32\DBGHELP.DLL
0x00007ffde0740000 - 0x00007ffde0ac5000 	C:\WINDOWS\System32\combase.dll
0x00007ffde2870000 - 0x00007ffde2951000 	C:\WINDOWS\System32\OLEAUT32.dll
0x00007ffdbb030000 - 0x00007ffdbb069000 	C:\WINDOWS\SYSTEM32\dbgcore.DLL
0x00007ffddfaf0000 - 0x00007ffddfb89000 	C:\WINDOWS\System32\bcryptPrimitives.dll
0x00007ffdc3610000 - 0x00007ffdc361e000 	C:\Users\jccas\.jdks\temurin-17.0.15\bin\instrument.dll
0x00007ffdb36f0000 - 0x00007ffdb3715000 	C:\Users\jccas\.jdks\temurin-17.0.15\bin\java.dll
0x00007ffd9d890000 - 0x00007ffd9d967000 	C:\Users\jccas\.jdks\temurin-17.0.15\bin\jsvml.dll
0x00007ffde0b40000 - 0x00007ffde1282000 	C:\WINDOWS\System32\SHELL32.dll
0x00007ffde0240000 - 0x00007ffde03b4000 	C:\WINDOWS\System32\wintypes.dll
0x00007ffddd720000 - 0x00007ffdddf78000 	C:\WINDOWS\SYSTEM32\windows.storage.dll
0x00007ffde1c00000 - 0x00007ffde1cf1000 	C:\WINDOWS\System32\SHCORE.dll
0x00007ffde1290000 - 0x00007ffde12fa000 	C:\WINDOWS\System32\shlwapi.dll
0x00007ffddfa00000 - 0x00007ffddfa2f000 	C:\WINDOWS\SYSTEM32\profapi.dll
0x00007ffdbe100000 - 0x00007ffdbe119000 	C:\Users\jccas\.jdks\temurin-17.0.15\bin\net.dll
0x00007ffdd47f0000 - 0x00007ffdd490e000 	C:\WINDOWS\SYSTEM32\WINHTTP.dll
0x00007ffddee20000 - 0x00007ffddee8a000 	C:\WINDOWS\system32\mswsock.dll
0x00007ffdbdec0000 - 0x00007ffdbded6000 	C:\Users\jccas\.jdks\temurin-17.0.15\bin\nio.dll
0x00007ffdba060000 - 0x00007ffdba078000 	C:\Users\jccas\.jdks\temurin-17.0.15\bin\zip.dll
0x00007ffdb8cb0000 - 0x00007ffdb8cca000 	C:\Program Files\JetBrains\IntelliJ IDEA 2024.2.0.2\bin\breakgen64.dll
0x00007ffdc33f0000 - 0x00007ffdc33f9000 	C:\Users\jccas\.jdks\temurin-17.0.15\bin\extnet.dll
0x0000022bfff00000 - 0x0000022bfff03000 	C:\Program Files\JavaFX\javafx-sdk-17.0.15\bin\api-ms-win-core-console-l1-1-0.dll
0x0000022bfff10000 - 0x0000022bfff13000 	C:\Program Files\JavaFX\javafx-sdk-17.0.15\bin\api-ms-win-core-console-l1-2-0.dll
0x0000022bfff20000 - 0x0000022bfff23000 	C:\Program Files\JavaFX\javafx-sdk-17.0.15\bin\api-ms-win-core-datetime-l1-1-0.dll
0x0000022bfff30000 - 0x0000022bfff33000 	C:\Program Files\JavaFX\javafx-sdk-17.0.15\bin\api-ms-win-core-debug-l1-1-0.dll
0x0000022bfff40000 - 0x0000022bfff43000 	C:\Program Files\JavaFX\javafx-sdk-17.0.15\bin\api-ms-win-core-errorhandling-l1-1-0.dll
0x0000022bfff50000 - 0x0000022bfff54000 	C:\Program Files\JavaFX\javafx-sdk-17.0.15\bin\api-ms-win-core-file-l1-1-0.dll
0x0000022bfff60000 - 0x0000022bfff63000 	C:\Program Files\JavaFX\javafx-sdk-17.0.15\bin\api-ms-win-core-file-l1-2-0.dll
0x0000022bfff70000 - 0x0000022bfff73000 	C:\Program Files\JavaFX\javafx-sdk-17.0.15\bin\api-ms-win-core-file-l2-1-0.dll
0x0000022bfff80000 - 0x0000022bfff83000 	C:\Program Files\JavaFX\javafx-sdk-17.0.15\bin\api-ms-win-core-handle-l1-1-0.dll
0x0000022bfff90000 - 0x0000022bfff93000 	C:\Program Files\JavaFX\javafx-sdk-17.0.15\bin\api-ms-win-core-heap-l1-1-0.dll
0x0000022bfffa0000 - 0x0000022bfffa3000 	C:\Program Files\JavaFX\javafx-sdk-17.0.15\bin\api-ms-win-core-interlocked-l1-1-0.dll
0x0000022bfffb0000 - 0x0000022bfffb3000 	C:\Program Files\JavaFX\javafx-sdk-17.0.15\bin\api-ms-win-core-libraryloader-l1-1-0.dll
0x0000022bfffc0000 - 0x0000022bfffc3000 	C:\Program Files\JavaFX\javafx-sdk-17.0.15\bin\api-ms-win-core-localization-l1-2-0.dll
0x0000022bfffd0000 - 0x0000022bfffd3000 	C:\Program Files\JavaFX\javafx-sdk-17.0.15\bin\api-ms-win-core-memory-l1-1-0.dll
0x0000022bfffe0000 - 0x0000022bfffe3000 	C:\Program Files\JavaFX\javafx-sdk-17.0.15\bin\api-ms-win-core-namedpipe-l1-1-0.dll
0x0000022bffff0000 - 0x0000022bffff3000 	C:\Program Files\JavaFX\javafx-sdk-17.0.15\bin\api-ms-win-core-processenvironment-l1-1-0.dll
0x0000022bd77d0000 - 0x0000022bd77d3000 	C:\Program Files\JavaFX\javafx-sdk-17.0.15\bin\api-ms-win-core-processthreads-l1-1-0.dll
0x0000022bd77e0000 - 0x0000022bd77e3000 	C:\Program Files\JavaFX\javafx-sdk-17.0.15\bin\api-ms-win-core-processthreads-l1-1-1.dll
0x0000022bd77f0000 - 0x0000022bd77f3000 	C:\Program Files\JavaFX\javafx-sdk-17.0.15\bin\api-ms-win-core-profile-l1-1-0.dll
0x0000022bd7920000 - 0x0000022bd7923000 	C:\Program Files\JavaFX\javafx-sdk-17.0.15\bin\api-ms-win-core-rtlsupport-l1-1-0.dll
0x0000022bd7800000 - 0x0000022bd7803000 	C:\Program Files\JavaFX\javafx-sdk-17.0.15\bin\api-ms-win-core-string-l1-1-0.dll
0x0000022bd7810000 - 0x0000022bd7813000 	C:\Program Files\JavaFX\javafx-sdk-17.0.15\bin\api-ms-win-core-synch-l1-1-0.dll
0x0000022bd7820000 - 0x0000022bd7823000 	C:\Program Files\JavaFX\javafx-sdk-17.0.15\bin\api-ms-win-core-synch-l1-2-0.dll
0x0000022bd7830000 - 0x0000022bd7833000 	C:\Program Files\JavaFX\javafx-sdk-17.0.15\bin\api-ms-win-core-sysinfo-l1-1-0.dll
0x0000022bd7840000 - 0x0000022bd7843000 	C:\Program Files\JavaFX\javafx-sdk-17.0.15\bin\api-ms-win-core-timezone-l1-1-0.dll
0x0000022bd7850000 - 0x0000022bd7853000 	C:\Program Files\JavaFX\javafx-sdk-17.0.15\bin\api-ms-win-core-util-l1-1-0.dll
0x0000022bd7860000 - 0x0000022bd7863000 	C:\Program Files\JavaFX\javafx-sdk-17.0.15\bin\api-ms-win-crt-conio-l1-1-0.dll
0x0000022bd7870000 - 0x0000022bd7874000 	C:\Program Files\JavaFX\javafx-sdk-17.0.15\bin\api-ms-win-crt-convert-l1-1-0.dll
0x0000022bd7880000 - 0x0000022bd7883000 	C:\Program Files\JavaFX\javafx-sdk-17.0.15\bin\api-ms-win-crt-environment-l1-1-0.dll
0x0000022bd7890000 - 0x0000022bd7893000 	C:\Program Files\JavaFX\javafx-sdk-17.0.15\bin\api-ms-win-crt-filesystem-l1-1-0.dll
0x0000022bd78a0000 - 0x0000022bd78a3000 	C:\Program Files\JavaFX\javafx-sdk-17.0.15\bin\api-ms-win-crt-heap-l1-1-0.dll
0x0000022bd78b0000 - 0x0000022bd78b3000 	C:\Program Files\JavaFX\javafx-sdk-17.0.15\bin\api-ms-win-crt-locale-l1-1-0.dll
0x0000022bd78c0000 - 0x0000022bd78c5000 	C:\Program Files\JavaFX\javafx-sdk-17.0.15\bin\api-ms-win-crt-math-l1-1-0.dll
0x0000022bd78d0000 - 0x0000022bd78d5000 	C:\Program Files\JavaFX\javafx-sdk-17.0.15\bin\api-ms-win-crt-multibyte-l1-1-0.dll
0x0000022bd78e0000 - 0x0000022bd78f0000 	C:\Program Files\JavaFX\javafx-sdk-17.0.15\bin\api-ms-win-crt-private-l1-1-0.dll
0x0000022bd78f0000 - 0x0000022bd78f3000 	C:\Program Files\JavaFX\javafx-sdk-17.0.15\bin\api-ms-win-crt-process-l1-1-0.dll
0x0000022bd7900000 - 0x0000022bd7904000 	C:\Program Files\JavaFX\javafx-sdk-17.0.15\bin\api-ms-win-crt-runtime-l1-1-0.dll
0x0000022bd7910000 - 0x0000022bd7914000 	C:\Program Files\JavaFX\javafx-sdk-17.0.15\bin\api-ms-win-crt-stdio-l1-1-0.dll
0x0000022bd7930000 - 0x0000022bd7934000 	C:\Program Files\JavaFX\javafx-sdk-17.0.15\bin\api-ms-win-crt-string-l1-1-0.dll
0x0000022bd7940000 - 0x0000022bd7943000 	C:\Program Files\JavaFX\javafx-sdk-17.0.15\bin\api-ms-win-crt-time-l1-1-0.dll
0x0000022bd7950000 - 0x0000022bd7953000 	C:\Program Files\JavaFX\javafx-sdk-17.0.15\bin\api-ms-win-crt-utility-l1-1-0.dll
0x00007ffd941f0000 - 0x00007ffd942ec000 	C:\Program Files\JavaFX\javafx-sdk-17.0.15\bin\ucrtbase.dll
0x00007ffdb8c40000 - 0x00007ffdb8c5b000 	C:\Program Files\JavaFX\javafx-sdk-17.0.15\bin\vcruntime140.dll
0x00007ffdc3390000 - 0x00007ffdc339c000 	C:\Program Files\JavaFX\javafx-sdk-17.0.15\bin\vcruntime140_1.dll
0x00007ffd96080000 - 0x00007ffd9610e000 	C:\Program Files\JavaFX\javafx-sdk-17.0.15\bin\msvcp140.dll
0x00007ffdc2e30000 - 0x00007ffdc2e39000 	C:\Program Files\JavaFX\javafx-sdk-17.0.15\bin\msvcp140_1.dll
0x00007ffdaaac0000 - 0x00007ffdaab01000 	C:\Program Files\JavaFX\javafx-sdk-17.0.15\bin\msvcp140_2.dll
0x00007ffdac170000 - 0x00007ffdac19a000 	C:\Program Files\JavaFX\javafx-sdk-17.0.15\bin\prism_d3d.dll
0x00007ffda1c70000 - 0x00007ffda1e27000 	C:\WINDOWS\system32\d3d9.dll
0x00007ffddca30000 - 0x00007ffddca66000 	C:\WINDOWS\SYSTEM32\dwmapi.dll
0x00007ffddc9c0000 - 0x00007ffddca0d000 	C:\WINDOWS\SYSTEM32\dxcore.dll
0x00007ffddc6e0000 - 0x00007ffddc78f000 	C:\WINDOWS\system32\uxtheme.dll
0x00007ffd61920000 - 0x00007ffd61b58000 	C:\WINDOWS\System32\DriverStore\FileRepository\iigd_dch.inf_amd64_0fdf6ce291234272\igdumdim64.dll
0x00007ffde2100000 - 0x00007ffde229e000 	C:\WINDOWS\System32\ole32.dll
0x00007ffd29b30000 - 0x00007ffd2aea0000 	C:\WINDOWS\System32\DriverStore\FileRepository\iigd_dch.inf_amd64_0fdf6ce291234272\igd9dxva64.dll
0x00007ffde22e0000 - 0x00007ffde2766000 	C:\WINDOWS\System32\SETUPAPI.dll
0x00007ffddf660000 - 0x00007ffddf6b7000 	C:\WINDOWS\SYSTEM32\cfgmgr32.dll
0x00007ffd838e0000 - 0x00007ffd85601000 	C:\WINDOWS\System32\DriverStore\FileRepository\iigd_dch.inf_amd64_0fdf6ce291234272\media_bin_64.dll
0x00007ffdd3bb0000 - 0x00007ffdd3fe8000 	C:\WINDOWS\System32\DriverStore\FileRepository\iigd_dch.inf_amd64_0fdf6ce291234272\igdgmm64.dll
0x00007ffddc810000 - 0x00007ffddc871000 	C:\WINDOWS\SYSTEM32\directxdatabasehelper.dll
0x00007ffda8bd0000 - 0x00007ffda8c12000 	C:\Program Files\JavaFX\javafx-sdk-17.0.15\bin\glass.dll
0x00007ffde1710000 - 0x00007ffde1806000 	C:\WINDOWS\System32\COMDLG32.dll
0x00007ffde1e40000 - 0x00007ffde1fa0000 	C:\WINDOWS\System32\MSCTF.dll
0x00007ffd87fe0000 - 0x00007ffd88007000 	C:\WINDOWS\System32\DriverStore\FileRepository\iigd_dch.inf_amd64_0fdf6ce291234272\igdinfo64.dll
0x00007ffdcfd00000 - 0x00007ffdd3bad000 	C:\WINDOWS\System32\DriverStore\FileRepository\iigd_dch.inf_amd64_0fdf6ce291234272\igc64.dll
0x00007ffdab290000 - 0x00007ffdab2bd000 	C:\Program Files\JavaFX\javafx-sdk-17.0.15\bin\javafx_iio.dll
0x00007ffdb36d0000 - 0x00007ffdb36e5000 	C:\Program Files\JavaFX\javafx-sdk-17.0.15\bin\javafx_font.dll
0x00007ffddaf50000 - 0x00007ffddb1bb000 	C:\WINDOWS\SYSTEM32\dwrite.dll
0x00007ffde1860000 - 0x00007ffde1908000 	C:\WINDOWS\System32\clbcatq.dll
0x00007ffddacd0000 - 0x00007ffddaf09000 	C:\WINDOWS\SYSTEM32\WindowsCodecs.dll
0x00007ffdaa4f0000 - 0x00007ffdaa54a000 	C:\WINDOWS\system32\dataexchange.dll
0x00007ffdcdbe0000 - 0x00007ffdcde1a000 	C:\WINDOWS\system32\twinapi.appcore.dll
0x00007ffd8f100000 - 0x00007ffd8f12c000 	C:\Program Files\Common Files\Microsoft Shared\Ink\rtscom.dll
0x00007ffdc75b0000 - 0x00007ffdc7700000 	C:\WINDOWS\SYSTEM32\textinputframework.dll
0x00007ffddc1f0000 - 0x00007ffddc315000 	C:\WINDOWS\SYSTEM32\CoreMessaging.dll
0x00007ffdd71b0000 - 0x00007ffdd7493000 	C:\WINDOWS\SYSTEM32\CoreUIComponents.dll
0x00007ffddf0f0000 - 0x00007ffddf0fc000 	C:\WINDOWS\SYSTEM32\CRYPTBASE.DLL
0x00007ffdde370000 - 0x00007ffdde497000 	C:\WINDOWS\SYSTEM32\DNSAPI.dll
0x00007ffdde2d0000 - 0x00007ffdde303000 	C:\WINDOWS\SYSTEM32\IPHLPAPI.DLL

dbghelp: loaded successfully - version: 4.0.5 - missing functions: none
symbol engine: initialized successfully - sym options: 0x614 - pdb path: .;C:\Users\jccas\.jdks\temurin-17.0.15\bin;C:\WINDOWS\SYSTEM32;C:\WINDOWS\WinSxS\amd64_microsoft.windows.common-controls_6595b64144ccf1df_6.0.26100.4202_none_3e0698d4e335f517;C:\Users\jccas\.jdks\temurin-17.0.15\bin\server;C:\Program Files\JetBrains\IntelliJ IDEA 2024.2.0.2\bin;C:\Program Files\JavaFX\javafx-sdk-17.0.15\bin;C:\WINDOWS\System32\DriverStore\FileRepository\iigd_dch.inf_amd64_0fdf6ce291234272;C:\Program Files\Common Files\Microsoft Shared\Ink

VM Arguments:
jvm_args: --module-path=C:\Program Files\JavaFX\javafx-sdk-17.0.15\lib --add-modules=javafx.controls,javafx.fxml,javafx.graphics,javafx.base -javaagent:C:\Program Files\JetBrains\IntelliJ IDEA 2024.2.0.2\lib\idea_rt.jar=63503:C:\Program Files\JetBrains\IntelliJ IDEA 2024.2.0.2\bin -Dfile.encoding=UTF-8 
java_command: professionalpractice.ProfessionalPractices
java_class_path (initial): C:\TrabajosProgramacion\PC\ProyectoModificado\Professional-Practices-software\out\production\Professional-Practices-software;C:\TrabajosProgramacion\PC\ProyectoModificado\Professional-Practices-software\dependencies\jbcrypt-0.4.jar;C:\TrabajosProgramacion\PC\ProyectoModificado\Professional-Practices-software\dependencies\mysql-connector-java-8.0.20.jar;C:\Program Files\JavaFX\javafx-sdk-17.0.15\lib\javafx-swt.jar;C:\Program Files\JavaFX\javafx-sdk-17.0.15\lib\javafx.web.jar;C:\Program Files\JavaFX\javafx-sdk-17.0.15\lib\javafx.base.jar;C:\Program Files\JavaFX\javafx-sdk-17.0.15\lib\javafx.fxml.jar;C:\Program Files\JavaFX\javafx-sdk-17.0.15\lib\javafx.media.jar;C:\Program Files\JavaFX\javafx-sdk-17.0.15\lib\javafx.swing.jar;C:\Program Files\JavaFX\javafx-sdk-17.0.15\lib\javafx.controls.jar;C:\Program Files\JavaFX\javafx-sdk-17.0.15\lib\javafx.graphics.jar
Launcher Type: SUN_STANDARD

[Global flags]
     intx CICompilerCount                          = 4                                         {product} {ergonomic}
     uint ConcGCThreads                            = 2                                         {product} {ergonomic}
     uint G1ConcRefinementThreads                  = 8                                         {product} {ergonomic}
   size_t G1HeapRegionSize                         = 1048576                                   {product} {ergonomic}
    uintx GCDrainStackTargetSize                   = 64                                        {product} {ergonomic}
   size_t InitialHeapSize                          = 132120576                                 {product} {ergonomic}
   size_t MarkStackSize                            = 4194304                                   {product} {ergonomic}
   size_t MaxHeapSize                              = 2086666240                                {product} {ergonomic}
   size_t MaxNewSize                               = 1251999744                                {product} {ergonomic}
   size_t MinHeapDeltaBytes                        = 1048576                                   {product} {ergonomic}
   size_t MinHeapSize                              = 8388608                                   {product} {ergonomic}
    uintx NonNMethodCodeHeapSize                   = 5839372                                {pd product} {ergonomic}
    uintx NonProfiledCodeHeapSize                  = 122909434                              {pd product} {ergonomic}
    uintx ProfiledCodeHeapSize                     = 122909434                              {pd product} {ergonomic}
    uintx ReservedCodeCacheSize                    = 251658240                              {pd product} {ergonomic}
     bool SegmentedCodeCache                       = true                                      {product} {ergonomic}
   size_t SoftMaxHeapSize                          = 2086666240                             {manageable} {ergonomic}
     bool UseCompressedClassPointers               = true                           {product lp64_product} {ergonomic}
     bool UseCompressedOops                        = true                           {product lp64_product} {ergonomic}
     bool UseG1GC                                  = true                                      {product} {ergonomic}
     bool UseLargePagesIndividualAllocation        = false                                  {pd product} {ergonomic}

Logging:
Log output configuration:
 #0: stdout all=off uptime,level,tags
 #1: stderr all=off uptime,level,tags

Environment Variables:
PATH=C:\Program Files\Eclipse Adoptium\jdk-21.0.7.6-hotspot\bin;C:\Program Files\MySQL\MySQL Server 8.0\bin;C:\Program Files (x86)\Common Files\Oracle\Java\java8path;C:\Program Files\Common Files\Oracle\Java\javapath;C:\Program Files (x86)\Common Files\Oracle\Java\javapath;C:\WINDOWS\system32;C:\WINDOWS;C:\WINDOWS\System32\Wbem;C:\WINDOWS\System32\WindowsPowerShell\v1.0\;C:\WINDOWS\System32\OpenSSH\;C:\Program Files (x86)\Common Files\i2 Shared\Geotrans\;C:\Program Files (x86)\Common Files\i2 Shared\i2 Online iLink 8\Components\;C:\Program Files\HP\HP One Agent;C:\Users\jccas\AppData\Local\Programs\Python\Python313;C:\WINDOWS\system32;C:\WINDOWS;C:\WINDOWS\System32\Wbem;C:\WINDOWS\System32\WindowsPowerShell\v1.0\;C:\WINDOWS\System32\OpenSSH\;C:\Program Files\dotnet\;C:\Program Files\Git\cmd;C:\Program Files\MySQL\MySQL Server 8.0\bin;C:\Users\jccas\AppData\Local\Programs\Python\Launcher\;C:\xampp\htdocs\UAI\vistas\index.ine_nacional.vista.php;C:\Users\jccas\AppData\Local\Microsoft\WindowsApps;C:\Users\jccas\AppData\Local\JetBrains\Toolbox\scripts;C:\Users\jccas\AppData\Local\Programs\Microsoft VS Code\bin;C:\Users\jccas\.dotnet\tools;
USERNAME=jccas
OS=Windows_NT
PROCESSOR_IDENTIFIER=Intel64 Family 6 Model 140 Stepping 1, GenuineIntel
TMP=C:\Users\jccas\AppData\Local\Temp
TEMP=C:\Users\jccas\AppData\Local\Temp



Periodic native trim disabled


---------------  S Y S T E M  ---------------

OS:
 Windows 11 , 64 bit Build 26100 (10.0.26100.4202)
OS uptime: 5 days 1:39 hours
Hyper-V role detected

CPU: total 8 (initial active 8) (4 cores per cpu, 2 threads per core) family 6 model 140 stepping 1 microcode 0x86, cx8, cmov, fxsr, ht, mmx, 3dnowpref, sse, sse2, sse3, ssse3, sse4.1, sse4.2, popcnt, lzcnt, tsc, tscinvbit, avx, avx2, aes, erms, clmul, bmi1, bmi2, adx, avx512f, avx512dq, avx512cd, avx512bw, avx512vl, sha, fma, vzeroupper, avx512_vpopcntdq, avx512_vpclmulqdq, avx512_vaes, avx512_vnni, clflush, clflushopt, clwb, avx512_vbmi2, avx512_vbmi, hv
Processor Information for all 8 processors :
  Max Mhz: 2419, Current Mhz: 2419, Mhz Limit: 2419

Memory: 4k page, system-wide physical 7957M (1337M free)
TotalPageFile size 16838M (AvailPageFile size 1634M)
current process WorkingSet (physical memory assigned to process): 292M, peak: 322M
current process commit charge ("private bytes"): 383M, peak: 417M

vm_info: OpenJDK 64-Bit Server VM (17.0.15+6) for windows-amd64 JRE (17.0.15+6), built on Apr 15 2025 21:25:47 by "admin" with MS VC++ 17.7 (VS2022)

END.
