#
# A fatal error has been detected by the Java Runtime Environment:
#
#  EXCEPTION_ACCESS_VIOLATION (0xc0000005) at pc=0x00007ffda8c268a7, pid=29192, tid=26072
#
# JRE version: OpenJDK Runtime Environment Temurin-17.0.15+6 (17.0.15+6) (build 17.0.15+6)
# Java VM: OpenJDK 64-Bit Server VM Temurin-17.0.15+6 (17.0.15+6, mixed mode, sharing, tiered, compressed oops, compressed class ptrs, g1 gc, windows-amd64)
# Problematic frame:
# C  [glass.dll+0x268a7]
#
# No core dump will be written. Minidumps are not enabled by default on client versions of Windows
#
# If you would like to submit a bug report, please visit:
#   https://github.com/adoptium/adoptium-support/issues
#

---------------  S U M M A R Y ------------

Command Line: --module-path=C:\Program Files\JavaFX\javafx-sdk-17.0.15\lib --add-modules=javafx.controls,javafx.fxml,javafx.graphics,javafx.base -javaagent:C:\Program Files\JetBrains\IntelliJ IDEA 2024.2.0.2\lib\idea_rt.jar=61574:C:\Program Files\JetBrains\IntelliJ IDEA 2024.2.0.2\bin -Dfile.encoding=UTF-8 professionalpractice.ProfessionalPractices

Host: 11th Gen Intel(R) Core(TM) i5-1135G7 @ 2.40GHz, 8 cores, 7G,  Windows 11 , 64 bit Build 26100 (10.0.26100.4202)
Time: Fri Jun 20 20:23:52 2025 Hora estándar central (México) elapsed time: 117.620434 seconds (0d 0h 1m 57s)

---------------  T H R E A D  ---------------

Current thread (0x000002162e392b60):  VMThread "VM Thread" [stack: 0x0000005f08c00000,0x0000005f08d00000] [id=26072]

Stack: [0x0000005f08c00000,0x0000005f08d00000],  sp=0x0000005f08cfeb40,  free space=1018k
Native frames: (J=compiled Java code, j=interpreted, Vv=VM code, C=native code)
C  [glass.dll+0x268a7]


siginfo: EXCEPTION_ACCESS_VIOLATION (0xc0000005), reading address 0x0000000000000000


Registers:
RAX=0x0000000000000000, RBX=0x000002162e3a6fd0, RCX=0x000002162e392b60, RDX=0x0000005f08cfeb40
RSP=0x0000005f08cfeb40, RBP=0x000042714b2f5ae7, RSI=0x0000021674fd7038, RDI=0x0000021674fd7010
R8 =0x0000000000010002, R9 =0x000042714b2f5ae7, R10=0x000002160dd40000, R11=0x0000005f08cfe9f0
R12=0x00007ffda8c00000, R13=0x000000007ffe0385, R14=0x0000005f08cfec48, R15=0x0000021674fd7010
RIP=0x00007ffda8c268a7, EFLAGS=0x0000000000010202

XMM[0]=0x0000000000000000 0x0000000000000000
XMM[1]=0x0000000000000000 0x0000005f08cfd7a0
XMM[2]=0x0000000000000000 0x0000000000000000
XMM[3]=0x0000000000000000 0x0000000000000000
XMM[4]=0x0000000000000000 0x0000000000000000
XMM[5]=0x0000000000000000 0x0000000000000000
XMM[6]=0x0000000000000000 0x404e000000000000
XMM[7]=0x0000000000000000 0x0000000000000000
XMM[8]=0x0000000000000000 0x0000000000000000
XMM[9]=0x0000000000000000 0x0000000000000000
XMM[10]=0x0000000000000000 0x0000000000000000
XMM[11]=0x0000000000000000 0x0000000000000000
XMM[12]=0x0000000000000000 0x0000000000000000
XMM[13]=0x0000000000000000 0x0000000000000000
XMM[14]=0x0000000000000000 0x0000000000000000
XMM[15]=0x0000000000000000 0x0000000000000000
  MXCSR=0x00001fa1


Register to memory mapping:

RIP=0x00007ffda8c268a7 glass.dll
RAX=0x0 is NULL
RBX=0x000002162e3a6fd0 is a global jni handle
RCX=0x000002162e392b60 points into unknown readable memory: 0x00007ffd60002bb8 | b8 2b 00 60 fd 7f 00 00
RDX=0x0000005f08cfeb40 points into unknown readable memory: 0x0000000000000000 | 00 00 00 00 00 00 00 00
RSP=0x0000005f08cfeb40 points into unknown readable memory: 0x0000000000000000 | 00 00 00 00 00 00 00 00
RBP=0x000042714b2f5ae7 is an unknown value
RSI=0x0000021674fd7038 points into unknown readable memory: 0x000042714b2f5ae7 | e7 5a 2f 4b 71 42 00 00
RDI=0x0000021674fd7010 points into unknown readable memory: 0x611ec6714b10a433 | 33 a4 10 4b 71 c6 1e 61
R8 =0x0000000000010002 is an unknown value
R9 =0x000042714b2f5ae7 is an unknown value
R10=0x000002160dd40000 points into unknown readable memory: 0x0000000000000000 | 00 00 00 00 00 00 00 00
R11=0x0000005f08cfe9f0 points into unknown readable memory: 0x0000000000000000 | 00 00 00 00 00 00 00 00
R12=0x00007ffda8c00000 glass.dll
R13=0x000000007ffe0385 points into unknown readable memory: 00 00 00
R14=0x0000005f08cfec48 points into unknown readable memory: 0x0000005f08cfec30 | 30 ec cf 08 5f 00 00 00
R15=0x0000021674fd7010 points into unknown readable memory: 0x611ec6714b10a433 | 33 a4 10 4b 71 c6 1e 61


Top of Stack: (sp=0x0000005f08cfeb40)
0x0000005f08cfeb40:   0000000000000000 0000021600000000
0x0000005f08cfeb50:   0000021674f9f580 00007ffda8c00000
0x0000005f08cfeb60:   0000021674fd7018 00007ffde00abc75
0x0000005f08cfeb70:   0000021674fd7010 0000021600000000
0x0000005f08cfeb80:   0000021674fd7030 000042714b2f5ae7
0x0000005f08cfeb90:   fffffffffffffffe 00007ffddfcc96ab
0x0000005f08cfeba0:   0000000000000000 00007ffda8c00000
0x0000005f08cfebb0:   0000005f08cfec38 00007ffde00ab897
0x0000005f08cfebc0:   0000005f08cfec00 0000005f08cfec48
0x0000005f08cfebd0:   0000005f08cff170 00007ffde01988c0
0x0000005f08cfebe0:   0000000000000001 00007ffde00ab84d
0x0000005f08cfebf0:   0000000000000000 0000000000000001
0x0000005f08cfec00:   0000000000000000 0000005f08cfec38
0x0000005f08cfec10:   fffffffffffffffe 0000005f08cff100
0x0000005f08cfec20:   0000000000000000 00007ffda8c2407d
0x0000005f08cfec30:   00007ffda8c3a008 00007ffd00000002
0x0000005f08cfec40:   0000000000000002 0000005f08cfec30
0x0000005f08cfec50:   0000000000000000 00007ffdde2e908d
0x0000005f08cfec60:   0000000000000000 00007ffda8c241a2
0x0000005f08cfec70:   0000000000000001 000000007ffe0384
0x0000005f08cfec80:   0000000000000001 0000000000000001
0x0000005f08cfec90:   000000007ffe0384 00007ffddf0f277e
0x0000005f08cfeca0:   0000000000000001 000000000000008d
0x0000005f08cfecb0:   00007ffda8c241f0 0000000000000001
0x0000005f08cfecc0:   0000000000000001 00007ffde2a12983
0x0000005f08cfecd0:   00007ffda8c00000 0000000000000000
0x0000005f08cfece0:   0000000000000001 000000007ffe0384
0x0000005f08cfecf0:   000000000000005e 0000000000000000
0x0000005f08cfed00:   0000000000000000 0000000000000000
0x0000005f08cfed10:   00007ffda8c00000 fffffd3900000000
0x0000005f08cfed20:   000000000000008b 0000000000000000
0x0000005f08cfed30:   0000000000000000 000002160de567b0 

Instructions: (pc=0x00007ffda8c268a7)
0x00007ffda8c267a7:   8b 4d 58 e8 8d cf ff ff 48 8b 4d 60 e8 84 cf ff
0x00007ffda8c267b7:   ff 48 8b 95 80 00 00 00 48 8b 8d 18 01 00 00 e8
0x00007ffda8c267c7:   76 c4 ff ff 33 d2 33 c9 e8 cc e1 ff ff 90 48 89
0x00007ffda8c267d7:   54 24 10 55 48 83 ec 20 48 8b ea 48 b8 00 00 00
0x00007ffda8c267e7:   00 00 00 00 00 48 83 c4 20 5d c3 cc 40 55 48 8b
0x00007ffda8c267f7:   ea 48 8b 01 33 c9 81 38 05 00 00 c0 0f 94 c1 8b
0x00007ffda8c26807:   c1 5d c3 cc 40 55 48 83 ec 20 48 8b ea 8a 4d 40
0x00007ffda8c26817:   48 83 c4 20 5d e9 73 d3 ff ff cc 40 55 48 83 ec
0x00007ffda8c26827:   20 48 8b ea 8a 4d 20 e8 61 d3 ff ff 90 48 83 c4
0x00007ffda8c26837:   20 5d c3 cc 40 55 48 83 ec 20 48 8b ea 48 83 c4
0x00007ffda8c26847:   20 5d e9 c2 d1 ff ff cc 40 55 48 83 ec 30 48 8b
0x00007ffda8c26857:   ea 48 8b 01 8b 10 48 89 4c 24 28 89 54 24 20 4c
0x00007ffda8c26867:   8d 0d 63 d6 ff ff 4c 8b 45 70 8b 55 68 48 8b 4d
0x00007ffda8c26877:   60 e8 03 d1 ff ff 90 48 83 c4 30 5d c3 cc cc cc
0x00007ffda8c26887:   cc cc cc cc cc cc cc cc cc 40 53 48 83 ec 20 48
0x00007ffda8c26897:   8b 1d 6b 31 01 00 48 85 db 74 16 e8 89 8b ff ff
0x00007ffda8c268a7:   4c 8b 00 48 8b d3 48 8b c8 41 ff 90 b0 00 00 00
0x00007ffda8c268b7:   90 48 83 c4 20 5b c3 cc cc 40 53 48 83 ec 20 48
0x00007ffda8c268c7:   8b 1d db 32 01 00 48 85 db 74 57 b8 ff ff ff ff
0x00007ffda8c268d7:   f0 0f c1 43 10 83 f8 01 75 3d 48 85 db 74 38 48
0x00007ffda8c268e7:   8b 0b 48 85 c9 74 0d ff 15 b4 09 00 00 48 c7 03
0x00007ffda8c268f7:   00 00 00 00 48 8b 4b 08 48 85 c9 74 0d e8 33 ce
0x00007ffda8c26907:   ff ff 48 c7 43 08 00 00 00 00 ba 18 00 00 00 48
0x00007ffda8c26917:   8b cb e8 1e ce ff ff 48 c7 05 7f 32 01 00 00 00
0x00007ffda8c26927:   00 00 48 83 c4 20 5b c3 cc 40 53 48 83 ec 20 48
0x00007ffda8c26937:   8b 1d 4b 32 01 00 48 85 db 74 57 b8 ff ff ff ff
0x00007ffda8c26947:   f0 0f c1 43 10 83 f8 01 75 3d 48 85 db 74 38 48
0x00007ffda8c26957:   8b 0b 48 85 c9 74 0d ff 15 44 09 00 00 48 c7 03
0x00007ffda8c26967:   00 00 00 00 48 8b 4b 08 48 85 c9 74 0d e8 c3 cd
0x00007ffda8c26977:   ff ff 48 c7 43 08 00 00 00 00 ba 18 00 00 00 48
0x00007ffda8c26987:   8b cb e8 ae cd ff ff 48 c7 05 ef 31 01 00 00 00
0x00007ffda8c26997:   00 00 48 83 c4 20 5b c3 cc 40 53 48 83 ec 20 48 


Stack slot to memory mapping:
stack at sp + 0 slots: 0x0 is NULL
stack at sp + 1 slots: 0x0000021600000000 points into unknown readable memory: 0x0002200000000001 | 01 00 00 00 00 20 02 00
stack at sp + 2 slots: 0x0000021674f9f580 points into unknown readable memory: 0x0000021674f9f5b0 | b0 f5 f9 74 16 02 00 00
stack at sp + 3 slots: 0x00007ffda8c00000 glass.dll
stack at sp + 4 slots: 0x0000021674fd7018 points into unknown readable memory: 0x000042714b2f5ae7 | e7 5a 2f 4b 71 42 00 00
stack at sp + 5 slots: 0x00007ffde00abc75 ucrtbase.dll
stack at sp + 6 slots: 0x0000021674fd7010 points into unknown readable memory: 0x611ec6714b10a433 | 33 a4 10 4b 71 c6 1e 61
stack at sp + 7 slots: 0x0000021600000000 points into unknown readable memory: 0x0002200000000001 | 01 00 00 00 00 20 02 00

VM_Operation (0x0000005f083feea0): Exit, mode: safepoint, requested by thread 0x0000021674f6d200


---------------  P R O C E S S  ---------------

Threads class SMR info:
_java_thread_list=0x0000021674410680, length=21, elements={
0x00000216100d7990, 0x000002162e399fb0, 0x000002162e39a970, 0x000002162e3afaa0,
0x000002162e3b0460, 0x000002162e3b0e20, 0x000002162e3b1bc0, 0x000002162e3b2670,
0x000002162e3b3f90, 0x000002162e381c80, 0x00000216740f4c00, 0x0000021674a4b010,
0x000002167493e030, 0x0000021675261860, 0x0000021674f97420, 0x0000021674ef7100,
0x0000021674f6c7e0, 0x0000021674f6dc20, 0x0000021674f6c2d0, 0x0000021674f6ccf0,
0x0000021674f6d200
}

Java Threads: ( => current thread )
  0x00000216100d7990 JavaThread "main" [_thread_blocked, id=27360, stack(0x0000005f08600000,0x0000005f08700000)]
  0x000002162e399fb0 JavaThread "Reference Handler" daemon [_thread_blocked, id=28744, stack(0x0000005f08d00000,0x0000005f08e00000)]
  0x000002162e39a970 JavaThread "Finalizer" daemon [_thread_blocked, id=30040, stack(0x0000005f08e00000,0x0000005f08f00000)]
  0x000002162e3afaa0 JavaThread "Attach Listener" daemon [_thread_blocked, id=28420, stack(0x0000005f09000000,0x0000005f09100000)]
  0x000002162e3b0460 JavaThread "Service Thread" daemon [_thread_blocked, id=14840, stack(0x0000005f09100000,0x0000005f09200000)]
  0x000002162e3b0e20 JavaThread "Monitor Deflation Thread" daemon [_thread_blocked, id=23660, stack(0x0000005f09200000,0x0000005f09300000)]
  0x000002162e3b1bc0 JavaThread "C2 CompilerThread0" daemon [_thread_blocked, id=30120, stack(0x0000005f09300000,0x0000005f09400000)]
  0x000002162e3b2670 JavaThread "C1 CompilerThread0" daemon [_thread_blocked, id=30796, stack(0x0000005f09400000,0x0000005f09500000)]
  0x000002162e3b3f90 JavaThread "Sweeper thread" daemon [_thread_blocked, id=22708, stack(0x0000005f09500000,0x0000005f09600000)]
  0x000002162e381c80 JavaThread "Common-Cleaner" daemon [_thread_blocked, id=30240, stack(0x0000005f09600000,0x0000005f09700000)]
  0x00000216740f4c00 JavaThread "Monitor Ctrl-Break" daemon [_thread_in_native, id=616, stack(0x0000005f09900000,0x0000005f09a00000)]
  0x0000021674a4b010 JavaThread "Notification Thread" daemon [_thread_blocked, id=31232, stack(0x0000005f09a00000,0x0000005f09b00000)]
  0x000002167493e030 JavaThread "QuantumRenderer-0" daemon [_thread_blocked, id=23216, stack(0x0000005f09c00000,0x0000005f09d00000)]
  0x0000021675261860 JavaThread "InvokeLaterDispatcher" daemon [_thread_blocked, id=25900, stack(0x0000005f09d00000,0x0000005f09e00000)]
  0x0000021674f97420 JavaThread "JavaFX Application Thread" [_thread_in_native, id=21620, stack(0x0000005f09e00000,0x0000005f09f00000)]
  0x0000021674ef7100 JavaThread "JavaFX-Launcher" [_thread_blocked, id=14832, stack(0x0000005f0a300000,0x0000005f0a400000)]
  0x0000021674f6c7e0 JavaThread "Thread-2" daemon [_thread_in_native, id=32376, stack(0x0000005f0a200000,0x0000005f0a300000)]
  0x0000021674f6dc20 JavaThread "Prism Font Disposer" daemon [_thread_blocked, id=13060, stack(0x0000005f0ac00000,0x0000005f0ad00000)]
  0x0000021674f6c2d0 JavaThread "Cleaner-0" daemon [_thread_blocked, id=17532, stack(0x0000005f0ad00000,0x0000005f0ae00000)]
  0x0000021674f6ccf0 JavaThread "mysql-cj-abandoned-connection-cleanup" daemon [_thread_blocked, id=1108, stack(0x0000005f0ae00000,0x0000005f0af00000)]
  0x0000021674f6d200 JavaThread "SIGINT handler" daemon [_thread_blocked, id=14824, stack(0x0000005f08300000,0x0000005f08400000)]

Other Threads:
=>0x000002162e392b60 VMThread "VM Thread" [stack: 0x0000005f08c00000,0x0000005f08d00000] [id=26072]
  0x0000021610134f90 GCTaskThread "GC Thread#0" [stack: 0x0000005f08700000,0x0000005f08800000] [id=29512]
  0x000002167520eef0 GCTaskThread "GC Thread#1" [stack: 0x0000005f0a400000,0x0000005f0a500000] [id=31612]
  0x000002167488cb60 GCTaskThread "GC Thread#2" [stack: 0x0000005f0a500000,0x0000005f0a600000] [id=15760]
  0x00000216744baaa0 GCTaskThread "GC Thread#3" [stack: 0x0000005f0a600000,0x0000005f0a700000] [id=9180]
  0x0000021674b5cdf0 GCTaskThread "GC Thread#4" [stack: 0x0000005f0a700000,0x0000005f0a800000] [id=24624]
  0x0000021674b5d0b0 GCTaskThread "GC Thread#5" [stack: 0x0000005f0a800000,0x0000005f0a900000] [id=20256]
  0x000002167b265fd0 GCTaskThread "GC Thread#6" [stack: 0x0000005f09700000,0x0000005f09800000] [id=24332]
  0x000002167b266810 GCTaskThread "GC Thread#7" [stack: 0x0000005f09800000,0x0000005f09900000] [id=17468]
  0x00000216101457a0 ConcurrentGCThread "G1 Main Marker" terminated
  0x0000021610146e90 ConcurrentGCThread "G1 Conc#0" [stack: 0x0000005f08900000,0x0000005f08a00000] [id=30360]
  0x000002167b266290 ConcurrentGCThread "G1 Conc#1" [stack: 0x0000005f0af00000,0x0000005f0b000000] [id=15988]
  0x000002162e24c120 ConcurrentGCThread "G1 Refine#0" terminated
  0x000002162e24ca50 ConcurrentGCThread "G1 Service" terminated

Threads with active compile tasks:
C2 CompilerThread0  
[error occurred during error reporting (printing all threads), id 0xc0000005, EXCEPTION_ACCESS_VIOLATION (0xc0000005) at pc=0x00007ffd5fe07c93]

VM state: at safepoint (shutting down)

VM Mutex/Monitor currently owned by a thread:  ([mutex/lock_event])
[0x00000216100c2520] Threads_lock - owner thread: 0x000002162e392b60
[0x00000216100d5200] Heap_lock - owner thread: 0x0000021674f6d200

Heap address: 0x0000000083a00000, size: 1990 MB, Compressed Oops mode: 32-bit

CDS archive(s) mapped at: [0x000002162f000000-0x000002162fbb0000-0x000002162fbb0000), size 12255232, SharedBaseAddress: 0x000002162f000000, ArchiveRelocationMode: 1.
Compressed class space mapped at: 0x0000021630000000-0x0000021670000000, reserved size: 1073741824
Narrow klass base: 0x000002162f000000, Narrow klass shift: 0, Narrow klass range: 0x100000000

GC Precious Log:
 CPUs: 8 total, 8 available
 Memory: 7957M
 Large Page Support: Disabled
 NUMA Support: Disabled
 Compressed Oops: Enabled (32-bit)
 Heap Region Size: 1M
 Heap Min Capacity: 8M
 Heap Initial Capacity: 126M
 Heap Max Capacity: 1990M
 Pre-touch: Disabled
 Parallel Workers: 8
 Concurrent Workers: 2
 Concurrent Refinement Workers: 8
 Periodic GC: Disabled

Heap:
 garbage-first heap   total 129024K, used 68414K [0x0000000083a00000, 0x0000000100000000)
  region size 1024K, 35 young (35840K), 8 survivors (8192K)
 Metaspace       used 22952K, committed 23232K, reserved 1114112K
  class space    used 3136K, committed 3264K, reserved 1048576K

Heap Regions: E=young(eden), S=young(survivor), O=old, HS=humongous(starts), HC=humongous(continues), CS=collection set, F=free, OA=open archive, CA=closed archive, TAMS=top-at-mark-start (previous, next)
|   0|0x0000000083a00000, 0x0000000083b00000, 0x0000000083b00000|100%| O|  |TAMS 0x0000000083b00000, 0x0000000083a00000| Complete 
|   1|0x0000000083b00000, 0x0000000083c00000, 0x0000000083c00000|100%|HS|  |TAMS 0x0000000083c00000, 0x0000000083b00000| Complete 
|   2|0x0000000083c00000, 0x0000000083d00000, 0x0000000083d00000|100%|HC|  |TAMS 0x0000000083d00000, 0x0000000083c00000| Complete 
|   3|0x0000000083d00000, 0x0000000083e00000, 0x0000000083e00000|100%|HC|  |TAMS 0x0000000083e00000, 0x0000000083d00000| Complete 
|   4|0x0000000083e00000, 0x0000000083f00000, 0x0000000083f00000|100%|HC|  |TAMS 0x0000000083f00000, 0x0000000083e00000| Complete 
|   5|0x0000000083f00000, 0x0000000084000000, 0x0000000084000000|100%|HC|  |TAMS 0x0000000084000000, 0x0000000083f00000| Complete 
|   6|0x0000000084000000, 0x0000000084100000, 0x0000000084100000|100%|HS|  |TAMS 0x0000000084100000, 0x0000000084000000| Complete 
|   7|0x0000000084100000, 0x0000000084200000, 0x0000000084200000|100%|HC|  |TAMS 0x0000000084200000, 0x0000000084100000| Complete 
|   8|0x0000000084200000, 0x0000000084300000, 0x0000000084300000|100%| O|  |TAMS 0x0000000084300000, 0x0000000084200000| Untracked 
|   9|0x0000000084300000, 0x0000000084400000, 0x0000000084400000|100%| O|  |TAMS 0x0000000084400000, 0x0000000084300000| Untracked 
|  10|0x0000000084400000, 0x000000008444d600, 0x0000000084500000| 30%| O|  |TAMS 0x000000008444d600, 0x0000000084400000| Untracked 
|  11|0x0000000084500000, 0x0000000084600000, 0x0000000084600000|100%|HS|  |TAMS 0x0000000084600000, 0x0000000084500000| Complete 
|  12|0x0000000084600000, 0x0000000084700000, 0x0000000084700000|100%|HC|  |TAMS 0x0000000084700000, 0x0000000084600000| Complete 
|  13|0x0000000084700000, 0x0000000084800000, 0x0000000084800000|100%|HC|  |TAMS 0x0000000084800000, 0x0000000084700000| Complete 
|  14|0x0000000084800000, 0x0000000084900000, 0x0000000084900000|100%|HC|  |TAMS 0x0000000084900000, 0x0000000084800000| Complete 
|  15|0x0000000084900000, 0x0000000084a00000, 0x0000000084a00000|100%|HC|  |TAMS 0x0000000084a00000, 0x0000000084900000| Complete 
|  16|0x0000000084a00000, 0x0000000084b00000, 0x0000000084b00000|100%|HC|  |TAMS 0x0000000084b00000, 0x0000000084a00000| Complete 
|  17|0x0000000084b00000, 0x0000000084c00000, 0x0000000084c00000|100%|HC|  |TAMS 0x0000000084c00000, 0x0000000084b00000| Complete 
|  18|0x0000000084c00000, 0x0000000084d00000, 0x0000000084d00000|100%|HC|  |TAMS 0x0000000084d00000, 0x0000000084c00000| Complete 
|  19|0x0000000084d00000, 0x0000000084e00000, 0x0000000084e00000|100%|HC|  |TAMS 0x0000000084e00000, 0x0000000084d00000| Complete 
|  20|0x0000000084e00000, 0x0000000084f00000, 0x0000000084f00000|100%|HC|  |TAMS 0x0000000084f00000, 0x0000000084e00000| Complete 
|  21|0x0000000084f00000, 0x0000000085000000, 0x0000000085000000|100%|HC|  |TAMS 0x0000000085000000, 0x0000000084f00000| Complete 
|  22|0x0000000085000000, 0x0000000085100000, 0x0000000085100000|100%|HC|  |TAMS 0x0000000085100000, 0x0000000085000000| Complete 
|  23|0x0000000085100000, 0x0000000085200000, 0x0000000085200000|100%|HC|  |TAMS 0x0000000085200000, 0x0000000085100000| Complete 
|  24|0x0000000085200000, 0x0000000085300000, 0x0000000085300000|100%|HS|  |TAMS 0x0000000085300000, 0x0000000085200000| Complete 
|  25|0x0000000085300000, 0x0000000085400000, 0x0000000085400000|100%|HC|  |TAMS 0x0000000085400000, 0x0000000085300000| Complete 
|  26|0x0000000085400000, 0x0000000085500000, 0x0000000085500000|100%|HS|  |TAMS 0x0000000085500000, 0x0000000085400000| Complete 
|  27|0x0000000085500000, 0x0000000085600000, 0x0000000085600000|100%|HC|  |TAMS 0x0000000085600000, 0x0000000085500000| Complete 
|  28|0x0000000085600000, 0x0000000085700000, 0x0000000085700000|100%|HS|  |TAMS 0x0000000085700000, 0x0000000085600000| Complete 
|  29|0x0000000085700000, 0x0000000085800000, 0x0000000085800000|100%|HC|  |TAMS 0x0000000085800000, 0x0000000085700000| Complete 
|  30|0x0000000085800000, 0x0000000085900000, 0x0000000085900000|100%|HS|  |TAMS 0x0000000085900000, 0x0000000085800000| Complete 
|  31|0x0000000085900000, 0x0000000085a00000, 0x0000000085a00000|100%|HC|  |TAMS 0x0000000085a00000, 0x0000000085900000| Complete 
|  32|0x0000000085a00000, 0x0000000085b00000, 0x0000000085b00000|100%|HS|  |TAMS 0x0000000085b00000, 0x0000000085a00000| Complete 
|  33|0x0000000085b00000, 0x0000000085c00000, 0x0000000085c00000|100%|HC|  |TAMS 0x0000000085c00000, 0x0000000085b00000| Complete 
|  34|0x0000000085c00000, 0x0000000085c00000, 0x0000000085d00000|  0%| F|  |TAMS 0x0000000085c00000, 0x0000000085c00000| Untracked 
|  35|0x0000000085d00000, 0x0000000085d00000, 0x0000000085e00000|  0%| F|  |TAMS 0x0000000085d00000, 0x0000000085d00000| Untracked 
|  36|0x0000000085e00000, 0x0000000085e00000, 0x0000000085f00000|  0%| F|  |TAMS 0x0000000085e00000, 0x0000000085e00000| Untracked 
|  37|0x0000000085f00000, 0x0000000085f00000, 0x0000000086000000|  0%| F|  |TAMS 0x0000000085f00000, 0x0000000085f00000| Untracked 
|  38|0x0000000086000000, 0x0000000086000000, 0x0000000086100000|  0%| F|  |TAMS 0x0000000086000000, 0x0000000086000000| Untracked 
|  39|0x0000000086100000, 0x0000000086100000, 0x0000000086200000|  0%| F|  |TAMS 0x0000000086100000, 0x0000000086100000| Untracked 
|  40|0x0000000086200000, 0x0000000086200000, 0x0000000086300000|  0%| F|  |TAMS 0x0000000086200000, 0x0000000086200000| Untracked 
|  41|0x0000000086300000, 0x0000000086300000, 0x0000000086400000|  0%| F|  |TAMS 0x0000000086300000, 0x0000000086300000| Untracked 
|  42|0x0000000086400000, 0x0000000086400000, 0x0000000086500000|  0%| F|  |TAMS 0x0000000086400000, 0x0000000086400000| Untracked 
|  43|0x0000000086500000, 0x0000000086500000, 0x0000000086600000|  0%| F|  |TAMS 0x0000000086500000, 0x0000000086500000| Untracked 
|  44|0x0000000086600000, 0x0000000086600000, 0x0000000086700000|  0%| F|  |TAMS 0x0000000086600000, 0x0000000086600000| Untracked 
|  45|0x0000000086700000, 0x0000000086700000, 0x0000000086800000|  0%| F|  |TAMS 0x0000000086700000, 0x0000000086700000| Untracked 
|  46|0x0000000086800000, 0x0000000086800000, 0x0000000086900000|  0%| F|  |TAMS 0x0000000086800000, 0x0000000086800000| Untracked 
|  47|0x0000000086900000, 0x0000000086900000, 0x0000000086a00000|  0%| F|  |TAMS 0x0000000086900000, 0x0000000086900000| Untracked 
|  48|0x0000000086a00000, 0x0000000086a00000, 0x0000000086b00000|  0%| F|  |TAMS 0x0000000086a00000, 0x0000000086a00000| Untracked 
|  49|0x0000000086b00000, 0x0000000086b00000, 0x0000000086c00000|  0%| F|  |TAMS 0x0000000086b00000, 0x0000000086b00000| Untracked 
|  50|0x0000000086c00000, 0x0000000086c00000, 0x0000000086d00000|  0%| F|  |TAMS 0x0000000086c00000, 0x0000000086c00000| Untracked 
|  51|0x0000000086d00000, 0x0000000086d00000, 0x0000000086e00000|  0%| F|  |TAMS 0x0000000086d00000, 0x0000000086d00000| Untracked 
|  52|0x0000000086e00000, 0x0000000086e00000, 0x0000000086f00000|  0%| F|  |TAMS 0x0000000086e00000, 0x0000000086e00000| Untracked 
|  53|0x0000000086f00000, 0x0000000086f00000, 0x0000000087000000|  0%| F|  |TAMS 0x0000000086f00000, 0x0000000086f00000| Untracked 
|  54|0x0000000087000000, 0x0000000087000000, 0x0000000087100000|  0%| F|  |TAMS 0x0000000087000000, 0x0000000087000000| Untracked 
|  55|0x0000000087100000, 0x0000000087100000, 0x0000000087200000|  0%| F|  |TAMS 0x0000000087100000, 0x0000000087100000| Untracked 
|  56|0x0000000087200000, 0x0000000087200000, 0x0000000087300000|  0%| F|  |TAMS 0x0000000087200000, 0x0000000087200000| Untracked 
|  57|0x0000000087300000, 0x0000000087300000, 0x0000000087400000|  0%| F|  |TAMS 0x0000000087300000, 0x0000000087300000| Untracked 
|  58|0x0000000087400000, 0x0000000087400000, 0x0000000087500000|  0%| F|  |TAMS 0x0000000087400000, 0x0000000087400000| Untracked 
|  59|0x0000000087500000, 0x0000000087500000, 0x0000000087600000|  0%| F|  |TAMS 0x0000000087500000, 0x0000000087500000| Untracked 
|  60|0x0000000087600000, 0x0000000087600000, 0x0000000087700000|  0%| F|  |TAMS 0x0000000087600000, 0x0000000087600000| Untracked 
|  61|0x0000000087700000, 0x0000000087700000, 0x0000000087800000|  0%| F|  |TAMS 0x0000000087700000, 0x0000000087700000| Untracked 
|  62|0x0000000087800000, 0x0000000087800000, 0x0000000087900000|  0%| F|  |TAMS 0x0000000087800000, 0x0000000087800000| Untracked 
|  63|0x0000000087900000, 0x0000000087900000, 0x0000000087a00000|  0%| F|  |TAMS 0x0000000087900000, 0x0000000087900000| Untracked 
|  64|0x0000000087a00000, 0x0000000087a00000, 0x0000000087b00000|  0%| F|  |TAMS 0x0000000087a00000, 0x0000000087a00000| Untracked 
|  65|0x0000000087b00000, 0x0000000087b00000, 0x0000000087c00000|  0%| F|  |TAMS 0x0000000087b00000, 0x0000000087b00000| Untracked 
|  66|0x0000000087c00000, 0x0000000087c00000, 0x0000000087d00000|  0%| F|  |TAMS 0x0000000087c00000, 0x0000000087c00000| Untracked 
|  67|0x0000000087d00000, 0x0000000087d00000, 0x0000000087e00000|  0%| F|  |TAMS 0x0000000087d00000, 0x0000000087d00000| Untracked 
|  68|0x0000000087e00000, 0x0000000087e00000, 0x0000000087f00000|  0%| F|  |TAMS 0x0000000087e00000, 0x0000000087e00000| Untracked 
|  69|0x0000000087f00000, 0x0000000087f00000, 0x0000000088000000|  0%| F|  |TAMS 0x0000000087f00000, 0x0000000087f00000| Untracked 
|  70|0x0000000088000000, 0x0000000088000000, 0x0000000088100000|  0%| F|  |TAMS 0x0000000088000000, 0x0000000088000000| Untracked 
|  71|0x0000000088100000, 0x0000000088100000, 0x0000000088200000|  0%| F|  |TAMS 0x0000000088100000, 0x0000000088100000| Untracked 
|  72|0x0000000088200000, 0x0000000088200000, 0x0000000088300000|  0%| F|  |TAMS 0x0000000088200000, 0x0000000088200000| Untracked 
|  73|0x0000000088300000, 0x0000000088300000, 0x0000000088400000|  0%| F|  |TAMS 0x0000000088300000, 0x0000000088300000| Untracked 
|  74|0x0000000088400000, 0x0000000088400000, 0x0000000088500000|  0%| F|  |TAMS 0x0000000088400000, 0x0000000088400000| Untracked 
|  75|0x0000000088500000, 0x0000000088500000, 0x0000000088600000|  0%| F|  |TAMS 0x0000000088500000, 0x0000000088500000| Untracked 
|  76|0x0000000088600000, 0x0000000088600000, 0x0000000088700000|  0%| F|  |TAMS 0x0000000088600000, 0x0000000088600000| Untracked 
|  77|0x0000000088700000, 0x0000000088700000, 0x0000000088800000|  0%| F|  |TAMS 0x0000000088700000, 0x0000000088700000| Untracked 
|  78|0x0000000088800000, 0x0000000088800000, 0x0000000088900000|  0%| F|  |TAMS 0x0000000088800000, 0x0000000088800000| Untracked 
|  79|0x0000000088900000, 0x0000000088900000, 0x0000000088a00000|  0%| F|  |TAMS 0x0000000088900000, 0x0000000088900000| Untracked 
|  80|0x0000000088a00000, 0x0000000088a00000, 0x0000000088b00000|  0%| F|  |TAMS 0x0000000088a00000, 0x0000000088a00000| Untracked 
|  81|0x0000000088b00000, 0x0000000088b00000, 0x0000000088c00000|  0%| F|  |TAMS 0x0000000088b00000, 0x0000000088b00000| Untracked 
|  82|0x0000000088c00000, 0x0000000088c00000, 0x0000000088d00000|  0%| F|  |TAMS 0x0000000088c00000, 0x0000000088c00000| Untracked 
|  83|0x0000000088d00000, 0x0000000088d00000, 0x0000000088e00000|  0%| F|  |TAMS 0x0000000088d00000, 0x0000000088d00000| Untracked 
|  84|0x0000000088e00000, 0x0000000088e00000, 0x0000000088f00000|  0%| F|  |TAMS 0x0000000088e00000, 0x0000000088e00000| Untracked 
|  85|0x0000000088f00000, 0x0000000088f00000, 0x0000000089000000|  0%| F|  |TAMS 0x0000000088f00000, 0x0000000088f00000| Untracked 
|  86|0x0000000089000000, 0x0000000089000000, 0x0000000089100000|  0%| F|  |TAMS 0x0000000089000000, 0x0000000089000000| Untracked 
|  87|0x0000000089100000, 0x0000000089100000, 0x0000000089200000|  0%| F|  |TAMS 0x0000000089100000, 0x0000000089100000| Untracked 
|  88|0x0000000089200000, 0x0000000089200000, 0x0000000089300000|  0%| F|  |TAMS 0x0000000089200000, 0x0000000089200000| Untracked 
|  89|0x0000000089300000, 0x0000000089300000, 0x0000000089400000|  0%| F|  |TAMS 0x0000000089300000, 0x0000000089300000| Untracked 
|  90|0x0000000089400000, 0x0000000089400000, 0x0000000089500000|  0%| F|  |TAMS 0x0000000089400000, 0x0000000089400000| Untracked 
|  91|0x0000000089500000, 0x00000000895fd760, 0x0000000089600000| 99%| E|  |TAMS 0x0000000089500000, 0x0000000089500000| Complete 
|  92|0x0000000089600000, 0x0000000089682438, 0x0000000089700000| 50%| S|CS|TAMS 0x0000000089600000, 0x0000000089600000| Complete 
|  93|0x0000000089700000, 0x0000000089800000, 0x0000000089800000|100%| S|CS|TAMS 0x0000000089700000, 0x0000000089700000| Complete 
|  94|0x0000000089800000, 0x0000000089900000, 0x0000000089900000|100%| S|CS|TAMS 0x0000000089800000, 0x0000000089800000| Complete 
|  95|0x0000000089900000, 0x0000000089a00000, 0x0000000089a00000|100%| S|CS|TAMS 0x0000000089900000, 0x0000000089900000| Complete 
|  96|0x0000000089a00000, 0x0000000089b00000, 0x0000000089b00000|100%| S|CS|TAMS 0x0000000089a00000, 0x0000000089a00000| Complete 
|  97|0x0000000089b00000, 0x0000000089c00000, 0x0000000089c00000|100%| S|CS|TAMS 0x0000000089b00000, 0x0000000089b00000| Complete 
|  98|0x0000000089c00000, 0x0000000089d00000, 0x0000000089d00000|100%| S|CS|TAMS 0x0000000089c00000, 0x0000000089c00000| Complete 
|  99|0x0000000089d00000, 0x0000000089e00000, 0x0000000089e00000|100%| S|CS|TAMS 0x0000000089d00000, 0x0000000089d00000| Complete 
| 100|0x0000000089e00000, 0x0000000089f00000, 0x0000000089f00000|100%| E|CS|TAMS 0x0000000089e00000, 0x0000000089e00000| Complete 
| 101|0x0000000089f00000, 0x000000008a000000, 0x000000008a000000|100%| E|CS|TAMS 0x0000000089f00000, 0x0000000089f00000| Complete 
| 102|0x000000008a000000, 0x000000008a100000, 0x000000008a100000|100%| E|CS|TAMS 0x000000008a000000, 0x000000008a000000| Complete 
| 103|0x000000008a100000, 0x000000008a200000, 0x000000008a200000|100%| E|CS|TAMS 0x000000008a100000, 0x000000008a100000| Complete 
| 104|0x000000008a200000, 0x000000008a300000, 0x000000008a300000|100%| E|CS|TAMS 0x000000008a200000, 0x000000008a200000| Complete 
| 105|0x000000008a300000, 0x000000008a400000, 0x000000008a400000|100%| E|CS|TAMS 0x000000008a300000, 0x000000008a300000| Complete 
| 106|0x000000008a400000, 0x000000008a500000, 0x000000008a500000|100%| E|CS|TAMS 0x000000008a400000, 0x000000008a400000| Complete 
| 107|0x000000008a500000, 0x000000008a600000, 0x000000008a600000|100%| E|CS|TAMS 0x000000008a500000, 0x000000008a500000| Complete 
| 108|0x000000008a600000, 0x000000008a700000, 0x000000008a700000|100%| E|CS|TAMS 0x000000008a600000, 0x000000008a600000| Complete 
| 109|0x000000008a700000, 0x000000008a800000, 0x000000008a800000|100%| E|CS|TAMS 0x000000008a700000, 0x000000008a700000| Complete 
| 110|0x000000008a800000, 0x000000008a900000, 0x000000008a900000|100%| E|CS|TAMS 0x000000008a800000, 0x000000008a800000| Complete 
| 111|0x000000008a900000, 0x000000008aa00000, 0x000000008aa00000|100%| E|CS|TAMS 0x000000008a900000, 0x000000008a900000| Complete 
| 112|0x000000008aa00000, 0x000000008ab00000, 0x000000008ab00000|100%| E|CS|TAMS 0x000000008aa00000, 0x000000008aa00000| Complete 
| 113|0x000000008ab00000, 0x000000008ac00000, 0x000000008ac00000|100%| E|CS|TAMS 0x000000008ab00000, 0x000000008ab00000| Complete 
| 114|0x000000008ac00000, 0x000000008ad00000, 0x000000008ad00000|100%| E|CS|TAMS 0x000000008ac00000, 0x000000008ac00000| Complete 
| 115|0x000000008ad00000, 0x000000008ae00000, 0x000000008ae00000|100%| E|CS|TAMS 0x000000008ad00000, 0x000000008ad00000| Complete 
| 116|0x000000008ae00000, 0x000000008af00000, 0x000000008af00000|100%| E|CS|TAMS 0x000000008ae00000, 0x000000008ae00000| Complete 
| 117|0x000000008af00000, 0x000000008b000000, 0x000000008b000000|100%| E|CS|TAMS 0x000000008af00000, 0x000000008af00000| Complete 
| 118|0x000000008b000000, 0x000000008b100000, 0x000000008b100000|100%| E|CS|TAMS 0x000000008b000000, 0x000000008b000000| Complete 
| 119|0x000000008b100000, 0x000000008b200000, 0x000000008b200000|100%| E|CS|TAMS 0x000000008b100000, 0x000000008b100000| Complete 
| 120|0x000000008b200000, 0x000000008b300000, 0x000000008b300000|100%| E|CS|TAMS 0x000000008b200000, 0x000000008b200000| Complete 
| 121|0x000000008b300000, 0x000000008b400000, 0x000000008b400000|100%| E|CS|TAMS 0x000000008b300000, 0x000000008b300000| Complete 
| 122|0x000000008b400000, 0x000000008b500000, 0x000000008b500000|100%| E|CS|TAMS 0x000000008b400000, 0x000000008b400000| Complete 
| 123|0x000000008b500000, 0x000000008b600000, 0x000000008b600000|100%| E|CS|TAMS 0x000000008b500000, 0x000000008b500000| Complete 
| 124|0x000000008b600000, 0x000000008b700000, 0x000000008b700000|100%| E|CS|TAMS 0x000000008b600000, 0x000000008b600000| Complete 
| 125|0x000000008b700000, 0x000000008b800000, 0x000000008b800000|100%| E|CS|TAMS 0x000000008b700000, 0x000000008b700000| Complete 

Card table byte_map: [0x0000021627350000,0x0000021627740000] _byte_map_base: 0x0000021626f33000

Marking Bits (Prev, Next): (CMBitMap*) 0x00000216101355f0, (CMBitMap*) 0x00000216101355b0
 Prev Bits: [0x0000021629a50000, 0x000002162b968000)
 Next Bits: [0x0000021627b30000, 0x0000021629a48000)

Polling page: 0x000002160de40000

Metaspace:

Usage:
  Non-class:     19.35 MB used.
      Class:      3.06 MB used.
       Both:     22.41 MB used.

Virtual space:
  Non-class space:       64.00 MB reserved,      19.50 MB ( 30%) committed,  1 nodes.
      Class space:        1.00 GB reserved,       3.19 MB ( <1%) committed,  1 nodes.
             Both:        1.06 GB reserved,      22.69 MB (  2%) committed. 

Chunk freelists:
   Non-Class:  12.55 MB
       Class:  12.86 MB
        Both:  25.40 MB

MaxMetaspaceSize: unlimited
CompressedClassSpaceSize: 1.00 GB
Initial GC threshold: 21.00 MB
Current GC threshold: 35.12 MB
CDS: on
MetaspaceReclaimPolicy: balanced
 - commit_granule_bytes: 65536.
 - commit_granule_words: 8192.
 - virtual_space_node_default_size: 8388608.
 - enlarge_chunks_in_place: 1.
 - new_chunks_are_fully_committed: 0.
 - uncommit_free_chunks: 1.
 - use_allocation_guard: 0.
 - handle_deallocations: 1.


Internal statistics:

num_allocs_failed_limit: 3.
num_arena_births: 258.
num_arena_deaths: 0.
num_vsnodes_births: 2.
num_vsnodes_deaths: 0.
num_space_committed: 363.
num_space_uncommitted: 0.
num_chunks_returned_to_freelist: 3.
num_chunks_taken_from_freelist: 1039.
num_chunk_merges: 3.
num_chunk_splits: 723.
num_chunks_enlarged: 564.
num_inconsistent_stats: 0.

CodeHeap 'non-profiled nmethods': size=120000Kb used=2664Kb max_used=2664Kb free=117335Kb
 bounds [0x000002161f700000, 0x000002161f9a0000, 0x0000021626c30000]
CodeHeap 'profiled nmethods': size=120000Kb used=10724Kb max_used=10724Kb free=109275Kb
 bounds [0x0000021617c30000, 0x00000216186b0000, 0x000002161f160000]
CodeHeap 'non-nmethods': size=5760Kb used=1492Kb max_used=1546Kb free=4267Kb
 bounds [0x000002161f160000, 0x000002161f3d0000, 0x000002161f700000]
 total_blobs=6031 nmethods=5176 adapters=765
 compilation: enabled
              stopped_count=0, restarted_count=0
 full_count=0

Compilation events (20 events):
Event: 53.397 Thread 0x000002162e3b2670 nmethod 5166 0x00000216186a4490 code [0x00000216186a46a0, 0x00000216186a4b28]
Event: 53.398 Thread 0x000002162e3b2670 5167       3       javafx.scene.Node::getTranslateZ (19 bytes)
Event: 53.398 Thread 0x000002162e3b2670 nmethod 5167 0x00000216186a4c90 code [0x00000216186a4ea0, 0x00000216186a5328]
Event: 53.398 Thread 0x000002162e3b2670 5168       3       javafx.scene.Node::hasTransforms (23 bytes)
Event: 53.398 Thread 0x000002162e3b2670 nmethod 5168 0x00000216186a5490 code [0x00000216186a5640, 0x00000216186a5988]
Event: 53.398 Thread 0x000002162e3b2670 5169       3       com.sun.javafx.sg.prism.NGShape::visualsChanged (26 bytes)
Event: 53.398 Thread 0x000002162e3b2670 nmethod 5169 0x00000216186a5a90 code [0x00000216186a5c80, 0x00000216186a61c8]
Event: 53.398 Thread 0x000002162e3b2670 5172       3       com.sun.javafx.sg.prism.NGGroup::add (83 bytes)
Event: 53.399 Thread 0x000002162e3b2670 nmethod 5172 0x00000216186a6390 code [0x00000216186a6640, 0x00000216186a74f8]
Event: 53.402 Thread 0x000002162e3b1bc0 5173       4       com.sun.prism.impl.ps.BaseShaderContext::getSpecialShader (113 bytes)
Event: 53.402 Thread 0x000002162e3b2670 5174   !   3       java.nio.DirectByteBuffer::<init> (171 bytes)
Event: 53.403 Thread 0x000002162e3b2670 nmethod 5174 0x00000216186a7990 code [0x00000216186a7c80, 0x00000216186a8c58]
Event: 53.403 Thread 0x000002162e3b1bc0 nmethod 5173 0x000002161f997710 code [0x000002161f9978a0, 0x000002161f997a38]
Event: 61.661 Thread 0x000002162e3b1bc0 5175       4       com.sun.javafx.tk.quantum.GlassViewEventHandler::mouseEventButton (60 bytes)
Event: 61.661 Thread 0x000002162e3b1bc0 nmethod 5175 0x000002161f997c90 code [0x000002161f997e00, 0x000002161f997e98]
Event: 83.933 Thread 0x000002162e3b1bc0 5176       4       com.sun.javafx.tk.quantum.QuantumToolkit::postPulse (133 bytes)
Event: 83.958 Thread 0x000002162e3b1bc0 nmethod 5176 0x000002161f997f90 code [0x000002161f998180, 0x000002161f999568]
Event: 86.451 Thread 0x000002162e3b1bc0 5177       4       com.sun.javafx.tk.quantum.QuantumToolkit$$Lambda$92/0x0000021630032a70::run (8 bytes)
Event: 86.452 Thread 0x000002162e3b1bc0 nmethod 5177 0x000002161f999e90 code [0x000002161f99a020, 0x000002161f99a118]
Event: 117.067 Thread 0x000002162e3b1bc0 5178       4       jdk.internal.org.objectweb.asm.MethodWriter::visitVarInsn (302 bytes)

GC Heap History (6 events):
Event: 0.505 GC heap before
{Heap before GC invocations=0 (full 0):
 garbage-first heap   total 129024K, used 22528K [0x0000000083a00000, 0x0000000100000000)
  region size 1024K, 23 young (23552K), 0 survivors (0K)
 Metaspace       used 5940K, committed 6144K, reserved 1114112K
  class space    used 701K, committed 832K, reserved 1048576K
}
Event: 0.507 GC heap after
{Heap after GC invocations=1 (full 0):
 garbage-first heap   total 129024K, used 3173K [0x0000000083a00000, 0x0000000100000000)
  region size 1024K, 3 young (3072K), 3 survivors (3072K)
 Metaspace       used 5940K, committed 6144K, reserved 1114112K
  class space    used 701K, committed 832K, reserved 1048576K
}
Event: 5.822 GC heap before
{Heap before GC invocations=1 (full 0):
 garbage-first heap   total 129024K, used 43109K [0x0000000083a00000, 0x0000000100000000)
  region size 1024K, 36 young (36864K), 3 survivors (3072K)
 Metaspace       used 14712K, committed 14976K, reserved 1114112K
  class space    used 2140K, committed 2304K, reserved 1048576K
}
Event: 5.827 GC heap after
{Heap after GC invocations=2 (full 0):
 garbage-first heap   total 129024K, used 14799K [0x0000000083a00000, 0x0000000100000000)
  region size 1024K, 5 young (5120K), 5 survivors (5120K)
 Metaspace       used 14712K, committed 14976K, reserved 1114112K
  class space    used 2140K, committed 2304K, reserved 1048576K
}
Event: 13.034 GC heap before
{Heap before GC invocations=2 (full 0):
 garbage-first heap   total 129024K, used 63951K [0x0000000083a00000, 0x0000000100000000)
  region size 1024K, 31 young (31744K), 5 survivors (5120K)
 Metaspace       used 21276K, committed 21504K, reserved 1114112K
  class space    used 2925K, committed 3072K, reserved 1048576K
}
Event: 13.039 GC heap after
{Heap after GC invocations=3 (full 0):
 garbage-first heap   total 129024K, used 41790K [0x0000000083a00000, 0x0000000100000000)
  region size 1024K, 8 young (8192K), 8 survivors (8192K)
 Metaspace       used 21276K, committed 21504K, reserved 1114112K
  class space    used 2925K, committed 3072K, reserved 1048576K
}

Dll operation events (20 events):
Event: 0.277 Loaded shared library C:\Program Files\JavaFX\javafx-sdk-17.0.15\bin\api-ms-win-crt-multibyte-l1-1-0.dll
Event: 0.278 Loaded shared library C:\Program Files\JavaFX\javafx-sdk-17.0.15\bin\api-ms-win-crt-private-l1-1-0.dll
Event: 0.280 Loaded shared library C:\Program Files\JavaFX\javafx-sdk-17.0.15\bin\api-ms-win-crt-process-l1-1-0.dll
Event: 0.281 Loaded shared library C:\Program Files\JavaFX\javafx-sdk-17.0.15\bin\api-ms-win-crt-runtime-l1-1-0.dll
Event: 0.282 Loaded shared library C:\Program Files\JavaFX\javafx-sdk-17.0.15\bin\api-ms-win-crt-stdio-l1-1-0.dll
Event: 0.283 Loaded shared library C:\Program Files\JavaFX\javafx-sdk-17.0.15\bin\api-ms-win-crt-string-l1-1-0.dll
Event: 0.284 Loaded shared library C:\Program Files\JavaFX\javafx-sdk-17.0.15\bin\api-ms-win-crt-time-l1-1-0.dll
Event: 0.286 Loaded shared library C:\Program Files\JavaFX\javafx-sdk-17.0.15\bin\api-ms-win-crt-utility-l1-1-0.dll
Event: 0.287 Loaded shared library C:\Program Files\JavaFX\javafx-sdk-17.0.15\bin\ucrtbase.dll
Event: 0.289 Loaded shared library C:\Program Files\JavaFX\javafx-sdk-17.0.15\bin\vcruntime140.dll
Event: 0.291 Loaded shared library C:\Program Files\JavaFX\javafx-sdk-17.0.15\bin\vcruntime140_1.dll
Event: 0.293 Loaded shared library C:\Program Files\JavaFX\javafx-sdk-17.0.15\bin\msvcp140.dll
Event: 0.294 Loaded shared library C:\Program Files\JavaFX\javafx-sdk-17.0.15\bin\msvcp140_1.dll
Event: 0.295 Loaded shared library C:\Program Files\JavaFX\javafx-sdk-17.0.15\bin\msvcp140_2.dll
Event: 0.331 Loaded shared library C:\Program Files\JavaFX\javafx-sdk-17.0.15\bin\prism_d3d.dll
Event: 0.367 Loaded shared library C:\Program Files\JavaFX\javafx-sdk-17.0.15\bin\glass.dll
Event: 0.447 Loaded shared library C:\Users\jccas\.jdks\temurin-17.0.15\bin\jimage.dll
Event: 0.521 Loaded shared library C:\Program Files\JavaFX\javafx-sdk-17.0.15\bin\javafx_iio.dll
Event: 0.562 Loaded shared library C:\Program Files\JavaFX\javafx-sdk-17.0.15\bin\javafx_font.dll
Event: 8.678 Loaded shared library C:\Users\jccas\.jdks\temurin-17.0.15\bin\verify.dll

Deoptimization events (20 events):
Event: 38.789 Thread 0x0000021674f97420 Uncommon trap: trap_request=0xfffffff4 fr.pc=0x000002161f8e8ed8 relative=0x0000000000000c58
Event: 38.789 Thread 0x0000021674f97420 Uncommon trap: reason=null_check action=make_not_entrant pc=0x000002161f8e8ed8 method=javafx.scene.Node$MiscProperties.getEffect()Ljavafx/scene/effect/Effect; @ 20 c2
Event: 38.789 Thread 0x0000021674f97420 DEOPT PACKING pc=0x000002161f8e8ed8 sp=0x0000005f09efb7b0
Event: 38.789 Thread 0x0000021674f97420 DEOPT UNPACKING pc=0x000002161f1ba1a3 sp=0x0000005f09efb698 mode 2
Event: 39.508 Thread 0x0000021674f97420 Uncommon trap: trap_request=0xffffff6e fr.pc=0x000002161f9434e8 relative=0x00000000000001e8
Event: 39.508 Thread 0x0000021674f97420 Uncommon trap: reason=loop_limit_check action=maybe_recompile pc=0x000002161f9434e8 method=javafx.scene.Parent.pickChildrenNode(Lcom/sun/javafx/geom/PickRay;Lcom/sun/javafx/scene/input/PickResultChooser;)Z @ 17 c2
Event: 39.508 Thread 0x0000021674f97420 DEOPT PACKING pc=0x000002161f9434e8 sp=0x0000005f09efde40
Event: 39.508 Thread 0x0000021674f97420 DEOPT UNPACKING pc=0x000002161f1ba1a3 sp=0x0000005f09efdbf0 mode 2
Event: 48.875 Thread 0x0000021674f97420 Uncommon trap: trap_request=0xffffff45 fr.pc=0x000002161f8d58dc relative=0x00000000000000bc
Event: 48.875 Thread 0x0000021674f97420 Uncommon trap: reason=unstable_if action=reinterpret pc=0x000002161f8d58dc method=java.lang.Math.max(DD)D @ 28 c2
Event: 48.875 Thread 0x0000021674f97420 DEOPT PACKING pc=0x000002161f8d58dc sp=0x0000005f09efc400
Event: 48.876 Thread 0x0000021674f97420 DEOPT UNPACKING pc=0x000002161f1ba1a3 sp=0x0000005f09efc3a0 mode 2
Event: 48.881 Thread 0x0000021674f97420 Uncommon trap: trap_request=0xffffff76 fr.pc=0x000002161f96bf44 relative=0x0000000000000424
Event: 48.881 Thread 0x0000021674f97420 Uncommon trap: reason=predicate action=maybe_recompile pc=0x000002161f96bf44 method=java.util.ArrayList.remove(Ljava/lang/Object;)Z @ 42 c2
Event: 48.881 Thread 0x0000021674f97420 DEOPT PACKING pc=0x000002161f96bf44 sp=0x0000005f09efc540
Event: 48.882 Thread 0x0000021674f97420 DEOPT UNPACKING pc=0x000002161f1ba1a3 sp=0x0000005f09efc4f0 mode 2
Event: 48.889 Thread 0x0000021674f97420 DEOPT PACKING pc=0x0000021618154f0f sp=0x0000005f09efb640
Event: 48.889 Thread 0x0000021674f97420 DEOPT UNPACKING pc=0x000002161f1bace3 sp=0x0000005f09efaa88 mode 0
Event: 50.750 Thread 0x0000021674f97420 DEOPT PACKING pc=0x00000216183f52f8 sp=0x0000005f09efbeb0
Event: 50.750 Thread 0x0000021674f97420 DEOPT UNPACKING pc=0x000002161f1bace3 sp=0x0000005f09efb3a0 mode 0

Classes loaded (20 events):
Event: 48.898 Loading class sun/text/CompactByteArray
Event: 48.898 Loading class sun/text/CompactByteArray done
Event: 48.898 Loading class sun/text/SupplementaryCharacterData
Event: 48.898 Loading class sun/text/SupplementaryCharacterData done
Event: 48.898 Loading class java/text/BreakIterator$BreakIteratorCache
Event: 48.898 Loading class java/text/BreakIterator$BreakIteratorCache done
Event: 50.741 Loading class java/lang/AnchorPane
Event: 50.741 Loading class java/lang/AnchorPane done
Event: 50.743 Loading class java/lang/Label
Event: 50.743 Loading class java/lang/Label done
Event: 50.743 Loading class java/lang/Font
Event: 50.743 Loading class java/lang/Font done
Event: 50.743 Loading class java/lang/ComboBox
Event: 50.743 Loading class java/lang/ComboBox done
Event: 50.743 Loading class java/lang/HBox
Event: 50.743 Loading class java/lang/HBox done
Event: 50.743 Loading class java/lang/Button
Event: 50.743 Loading class java/lang/Button done
Event: 117.065 Loading class jdk/internal/misc/Signal$1
Event: 117.065 Loading class jdk/internal/misc/Signal$1 done

Classes unloaded (0 events):
No events

Classes redefined (0 events):
No events

Internal exceptions (20 events):
Event: 0.915 Thread 0x0000021674f97420 Exception <a 'java/lang/ClassNotFoundException'{0x000000008a3e21b8}: com/sun/javafx/scene/control/skin/resources/controls_es_MX> (0x000000008a3e21b8) 
thrown [s\src\hotspot\share\prims\jni.cpp, line 535]
Event: 0.950 Thread 0x0000021674f97420 Exception <a 'java/lang/NoSuchMethodError'{0x000000008a19cf30}: 'void java.lang.invoke.DirectMethodHandle$Holder.invokeSpecial(java.lang.Object, java.lang.Object, java.lang.Object, java.lang.Object, java.lang.Object, java.lang.Object)'> (0x000000008a19cf30) 
thrown [s\src\hotspot\share\interpreter\linkResolver.cpp, line 759]
Event: 1.013 Thread 0x0000021674f97420 Exception <a 'java/lang/NoSuchMethodError'{0x0000000089a4d598}: 'java.lang.Object java.lang.invoke.DirectMethodHandle$Holder.newInvokeSpecial(java.lang.Object, java.lang.Object, int)'> (0x0000000089a4d598) 
thrown [s\src\hotspot\share\interpreter\linkResolver.cpp, line 759]
Event: 1.034 Thread 0x000002167493e030 Exception <a 'java/lang/NoSuchMethodError'{0x0000000089988898}: 'int java.lang.invoke.DirectMethodHandle$Holder.invokeStaticInit(java.lang.Object, java.lang.Object)'> (0x0000000089988898) 
thrown [s\src\hotspot\share\interpreter\linkResolver.cpp, line 759]
Event: 1.039 Thread 0x0000021674f97420 Exception <a 'java/lang/NoSuchMethodError'{0x00000000899e5cc8}: 'long java.lang.invoke.DirectMethodHandle$Holder.invokeStatic(java.lang.Object, java.lang.Object, java.lang.Object)'> (0x00000000899e5cc8) 
thrown [s\src\hotspot\share\interpreter\linkResolver.cpp, line 759]
Event: 1.039 Thread 0x0000021674f97420 Exception <a 'java/lang/NoSuchMethodError'{0x00000000899e9470}: 'long java.lang.invoke.DirectMethodHandle$Holder.invokeStaticInit(java.lang.Object, java.lang.Object, java.lang.Object)'> (0x00000000899e9470) 
thrown [s\src\hotspot\share\interpreter\linkResolver.cpp, line 759]
Event: 1.041 Thread 0x0000021674f97420 Exception <a 'java/lang/NoSuchMethodError'{0x000000008985c8c0}: 'java.lang.Object java.lang.invoke.DirectMethodHandle$Holder.newInvokeSpecial(java.lang.Object, java.lang.Object, long)'> (0x000000008985c8c0) 
thrown [s\src\hotspot\share\interpreter\linkResolver.cpp, line 759]
Event: 1.041 Thread 0x0000021674f97420 Exception <a 'java/lang/NoSuchMethodError'{0x0000000089860430}: 'java.lang.Object java.lang.invoke.Invokers$Holder.linkToTargetMethod(java.lang.Object, long, java.lang.Object)'> (0x0000000089860430) 
thrown [s\src\hotspot\share\interpreter\linkResolver.cpp, line 759]
Event: 1.057 Thread 0x000002167493e030 Exception <a 'java/lang/NoSuchMethodError'{0x00000000898e2c10}: 'java.lang.Object java.lang.invoke.DirectMethodHandle$Holder.invokeStaticInit(java.lang.Object, int)'> (0x00000000898e2c10) 
thrown [s\src\hotspot\share\interpreter\linkResolver.cpp, line 759]
Event: 8.493 Thread 0x0000021674f97420 Exception <a 'java/lang/NoSuchMethodError'{0x000000008b41f818}: 'java.lang.Object java.lang.invoke.DirectMethodHandle$Holder.invokeInterface(java.lang.Object, java.lang.Object)'> (0x000000008b41f818) 
thrown [s\src\hotspot\share\interpreter\linkResolver.cpp, line 759]
Event: 8.508 Thread 0x0000021674f97420 Exception <a 'java/lang/NoSuchMethodError'{0x000000008b4993e8}: 'java.lang.Object java.lang.invoke.DirectMethodHandle$Holder.invokeVirtual(java.lang.Object, java.lang.Object, java.lang.Object)'> (0x000000008b4993e8) 
thrown [s\src\hotspot\share\interpreter\linkResolver.cpp, line 759]
Event: 9.127 Thread 0x0000021674f97420 Implicit null exception at 0x000002161f7f72d0 to 0x000002161f7f7334
Event: 10.331 Thread 0x0000021674f97420 Exception <a 'java/lang/NoSuchMethodError'{0x000000008a7c7660}: 'void java.lang.invoke.DirectMethodHandle$Holder.invokeSpecialIFC(java.lang.Object, java.lang.Object, java.lang.Object, java.lang.Object)'> (0x000000008a7c7660) 
thrown [s\src\hotspot\share\interpreter\linkResolver.cpp, line 759]
Event: 10.359 Thread 0x0000021674f97420 Exception <a 'java/lang/NoSuchMethodError'{0x000000008a404c30}: 'int java.lang.invoke.DirectMethodHandle$Holder.invokeSpecial(java.lang.Object, java.lang.Object, int)'> (0x000000008a404c30) 
thrown [s\src\hotspot\share\interpreter\linkResolver.cpp, line 759]
Event: 18.534 Thread 0x0000021674f97420 Exception <a 'java/lang/NoSuchMethodError'{0x000000008b329440}: 'java.lang.Object java.lang.invoke.DirectMethodHandle$Holder.newInvokeSpecial(java.lang.Object, java.lang.Object, int, int, int, int, int, java.lang.Object)'> (0x000000008b329440) 
thrown [s\src\hotspot\share\interpreter\linkResolver.cpp, line 759]
Event: 18.536 Thread 0x0000021674f97420 Exception <a 'java/lang/NoSuchMethodError'{0x000000008b33c420}: 'java.lang.Object java.lang.invoke.DirectMethodHandle$Holder.newInvokeSpecial(java.lang.Object, java.lang.Object, java.lang.Object, int, int, int, int, int)'> (0x000000008b33c420) 
thrown [s\src\hotspot\share\interpreter\linkResolver.cpp, line 759]
Event: 18.537 Thread 0x0000021674f97420 Exception <a 'java/lang/NoSuchMethodError'{0x000000008b343c80}: 'java.lang.Object java.lang.invoke.Invokers$Holder.linkToTargetMethod(java.lang.Object, java.lang.Object, int, int, int, int, int, java.lang.Object)'> (0x000000008b343c80) 
thrown [s\src\hotspot\share\interpreter\linkResolver.cpp, line 759]
Event: 33.153 Thread 0x0000021674f97420 Exception <a 'java/lang/NoSuchMethodError'{0x000000008ab1b7e8}: 'int java.lang.invoke.DirectMethodHandle$Holder.invokeVirtual(java.lang.Object, java.lang.Object)'> (0x000000008ab1b7e8) 
thrown [s\src\hotspot\share\interpreter\linkResolver.cpp, line 759]
Event: 33.155 Thread 0x0000021674f97420 Exception <a 'java/lang/NoSuchMethodError'{0x000000008ab24568}: 'void java.lang.invoke.DirectMethodHandle$Holder.invokeVirtual(java.lang.Object, java.lang.Object, int)'> (0x000000008ab24568) 
thrown [s\src\hotspot\share\interpreter\linkResolver.cpp, line 759]
Event: 38.789 Thread 0x0000021674f97420 Implicit null exception at 0x000002161f8e8315 to 0x000002161f8e8ebc

VM Operations (20 events):
Event: 45.161 Executing VM operation: Cleanup done
Event: 47.162 Executing VM operation: Cleanup
Event: 47.162 Executing VM operation: Cleanup done
Event: 48.162 Executing VM operation: Cleanup
Event: 48.162 Executing VM operation: Cleanup done
Event: 48.888 Executing VM operation: HandshakeAllThreads
Event: 48.888 Executing VM operation: HandshakeAllThreads done
Event: 49.888 Executing VM operation: Cleanup
Event: 49.888 Executing VM operation: Cleanup done
Event: 50.889 Executing VM operation: Cleanup
Event: 50.889 Executing VM operation: Cleanup done
Event: 52.889 Executing VM operation: Cleanup
Event: 52.890 Executing VM operation: Cleanup done
Event: 53.890 Executing VM operation: Cleanup
Event: 53.890 Executing VM operation: Cleanup done
Event: 60.143 Executing VM operation: HandshakeAllThreads
Event: 60.143 Executing VM operation: HandshakeAllThreads done
Event: 63.144 Executing VM operation: Cleanup
Event: 63.144 Executing VM operation: Cleanup done
Event: 117.068 Executing VM operation: Exit

Memory protections (0 events):
No events

Nmethod flushes (0 events):
No events

Events (20 events):
Event: 14.141 Thread 0x000002167ac0edf0 Thread exited: 0x000002167ac0edf0
Event: 18.623 Thread 0x000002162e3b2670 Thread added: 0x000002167435deb0
Event: 18.830 Thread 0x000002167435deb0 Thread exited: 0x000002167435deb0
Event: 25.656 Thread 0x000002162e3b2670 Thread added: 0x000002162e54e2c0
Event: 27.488 Thread 0x000002162e54e2c0 Thread exited: 0x000002162e54e2c0
Event: 38.797 Thread 0x000002162e3b2670 Thread added: 0x000002162e54e2c0
Event: 39.279 Thread 0x000002162e54e2c0 Thread exited: 0x000002162e54e2c0
Event: 40.561 Thread 0x000002162e3b2670 Thread added: 0x000002162e54e2c0
Event: 40.900 Thread 0x000002162e54e2c0 Thread exited: 0x000002162e54e2c0
Event: 47.902 Thread 0x000002162e3b2670 Thread added: 0x000002162e6f69f0
Event: 48.014 Thread 0x000002162e6f69f0 Thread exited: 0x000002162e6f69f0
Event: 50.752 Thread 0x000002162e3b2670 Thread added: 0x00000216043a8ab0
Event: 51.854 Thread 0x00000216043a8ab0 Thread exited: 0x00000216043a8ab0
Event: 117.065 Thread 0x000002162e3ab0d0 Thread added: 0x0000021674f6d200
Event: 117.066 Thread 0x0000021674f6d200 Thread added: 0x0000021674f6d710
Event: 117.066 Thread 0x0000021674f6d200 Thread added: 0x0000021674c70030
Event: 117.066 Thread 0x0000021674f6d710 Thread exited: 0x0000021674f6d710
Event: 117.067 Thread 0x0000021674c70030 Thread exited: 0x0000021674c70030
Event: 117.067 Thread 0x0000021674f6d200 Before exit entered
Event: 117.068 Thread 0x000002162e3ab0d0 Thread exited: 0x000002162e3ab0d0


Dynamic libraries:
0x00007ff64f1f0000 - 0x00007ff64f1fe000 	C:\Users\jccas\.jdks\temurin-17.0.15\bin\java.exe
0x00007ffde29a0000 - 0x00007ffde2c05000 	C:\WINDOWS\SYSTEM32\ntdll.dll
0x00007ffde1640000 - 0x00007ffde1709000 	C:\WINDOWS\System32\KERNEL32.DLL
0x00007ffddfbc0000 - 0x00007ffddffa8000 	C:\WINDOWS\System32\KERNELBASE.dll
0x00007ffde0060000 - 0x00007ffde01ab000 	C:\WINDOWS\System32\ucrtbase.dll
0x00007ffdc3280000 - 0x00007ffdc3297000 	C:\Users\jccas\.jdks\temurin-17.0.15\bin\jli.dll
0x00007ffdc0810000 - 0x00007ffdc082e000 	C:\Users\jccas\.jdks\temurin-17.0.15\bin\VCRUNTIME140.dll
0x00007ffde1300000 - 0x00007ffde14ca000 	C:\WINDOWS\System32\USER32.dll
0x00007ffddfb90000 - 0x00007ffddfbb7000 	C:\WINDOWS\System32\win32u.dll
0x00007ffdb95f0000 - 0x00007ffdb988a000 	C:\WINDOWS\WinSxS\amd64_microsoft.windows.common-controls_6595b64144ccf1df_6.0.26100.4202_none_3e0698d4e335f517\COMCTL32.dll
0x00007ffde1d00000 - 0x00007ffde1da9000 	C:\WINDOWS\System32\msvcrt.dll
0x00007ffde1fb0000 - 0x00007ffde1fdb000 	C:\WINDOWS\System32\GDI32.dll
0x00007ffde0600000 - 0x00007ffde0737000 	C:\WINDOWS\System32\gdi32full.dll
0x00007ffddffb0000 - 0x00007ffde0053000 	C:\WINDOWS\System32\msvcp_win.dll
0x00007ffde0ae0000 - 0x00007ffde0b10000 	C:\WINDOWS\System32\IMM32.DLL
0x00007ffdc9130000 - 0x00007ffdc913c000 	C:\Users\jccas\.jdks\temurin-17.0.15\bin\vcruntime140_1.dll
0x00007ffd9d9b0000 - 0x00007ffd9da3d000 	C:\Users\jccas\.jdks\temurin-17.0.15\bin\msvcp140.dll
0x00007ffd5f610000 - 0x00007ffd6027b000 	C:\Users\jccas\.jdks\temurin-17.0.15\bin\server\jvm.dll
0x00007ffde14d0000 - 0x00007ffde1583000 	C:\WINDOWS\System32\ADVAPI32.dll
0x00007ffde1590000 - 0x00007ffde1636000 	C:\WINDOWS\System32\sechost.dll
0x00007ffde1fe0000 - 0x00007ffde20f5000 	C:\WINDOWS\System32\RPCRT4.dll
0x00007ffde27f0000 - 0x00007ffde2864000 	C:\WINDOWS\System32\WS2_32.dll
0x00007ffddf940000 - 0x00007ffddf99e000 	C:\WINDOWS\SYSTEM32\POWRPROF.dll
0x00007ffdcf770000 - 0x00007ffdcf77b000 	C:\WINDOWS\SYSTEM32\VERSION.dll
0x00007ffdd4980000 - 0x00007ffdd49b5000 	C:\WINDOWS\SYSTEM32\WINMM.dll
0x00007ffddf920000 - 0x00007ffddf934000 	C:\WINDOWS\SYSTEM32\UMPDC.dll
0x00007ffdde890000 - 0x00007ffdde8ab000 	C:\WINDOWS\SYSTEM32\kernel.appcore.dll
0x00007ffdc3930000 - 0x00007ffdc393a000 	C:\Users\jccas\.jdks\temurin-17.0.15\bin\jimage.dll
0x00007ffddd210000 - 0x00007ffddd451000 	C:\WINDOWS\SYSTEM32\DBGHELP.DLL
0x00007ffde0740000 - 0x00007ffde0ac5000 	C:\WINDOWS\System32\combase.dll
0x00007ffde2870000 - 0x00007ffde2951000 	C:\WINDOWS\System32\OLEAUT32.dll
0x00007ffdbb030000 - 0x00007ffdbb069000 	C:\WINDOWS\SYSTEM32\dbgcore.DLL
0x00007ffddfaf0000 - 0x00007ffddfb89000 	C:\WINDOWS\System32\bcryptPrimitives.dll
0x00007ffdc3680000 - 0x00007ffdc368e000 	C:\Users\jccas\.jdks\temurin-17.0.15\bin\instrument.dll
0x00007ffdbfe70000 - 0x00007ffdbfe95000 	C:\Users\jccas\.jdks\temurin-17.0.15\bin\java.dll
0x00007ffd960a0000 - 0x00007ffd96177000 	C:\Users\jccas\.jdks\temurin-17.0.15\bin\jsvml.dll
0x00007ffde0b40000 - 0x00007ffde1282000 	C:\WINDOWS\System32\SHELL32.dll
0x00007ffde0240000 - 0x00007ffde03b4000 	C:\WINDOWS\System32\wintypes.dll
0x00007ffddd720000 - 0x00007ffdddf78000 	C:\WINDOWS\SYSTEM32\windows.storage.dll
0x00007ffde1c00000 - 0x00007ffde1cf1000 	C:\WINDOWS\System32\SHCORE.dll
0x00007ffde1290000 - 0x00007ffde12fa000 	C:\WINDOWS\System32\shlwapi.dll
0x00007ffddfa00000 - 0x00007ffddfa2f000 	C:\WINDOWS\SYSTEM32\profapi.dll
0x00007ffdbfd20000 - 0x00007ffdbfd39000 	C:\Users\jccas\.jdks\temurin-17.0.15\bin\net.dll
0x00007ffdd47f0000 - 0x00007ffdd490e000 	C:\WINDOWS\SYSTEM32\WINHTTP.dll
0x00007ffddee20000 - 0x00007ffddee8a000 	C:\WINDOWS\system32\mswsock.dll
0x00007ffdbdec0000 - 0x00007ffdbded6000 	C:\Users\jccas\.jdks\temurin-17.0.15\bin\nio.dll
0x00007ffdbaab0000 - 0x00007ffdbaac8000 	C:\Users\jccas\.jdks\temurin-17.0.15\bin\zip.dll
0x00007ffdba0b0000 - 0x00007ffdba0ca000 	C:\Program Files\JetBrains\IntelliJ IDEA 2024.2.0.2\bin\breakgen64.dll
0x00007ffdc3390000 - 0x00007ffdc3399000 	C:\Users\jccas\.jdks\temurin-17.0.15\bin\extnet.dll
0x000002160f820000 - 0x000002160f823000 	C:\Program Files\JavaFX\javafx-sdk-17.0.15\bin\api-ms-win-core-console-l1-1-0.dll
0x000002160f830000 - 0x000002160f833000 	C:\Program Files\JavaFX\javafx-sdk-17.0.15\bin\api-ms-win-core-console-l1-2-0.dll
0x000002160f840000 - 0x000002160f843000 	C:\Program Files\JavaFX\javafx-sdk-17.0.15\bin\api-ms-win-core-datetime-l1-1-0.dll
0x000002160f850000 - 0x000002160f853000 	C:\Program Files\JavaFX\javafx-sdk-17.0.15\bin\api-ms-win-core-debug-l1-1-0.dll
0x000002160f860000 - 0x000002160f863000 	C:\Program Files\JavaFX\javafx-sdk-17.0.15\bin\api-ms-win-core-errorhandling-l1-1-0.dll
0x000002160f870000 - 0x000002160f874000 	C:\Program Files\JavaFX\javafx-sdk-17.0.15\bin\api-ms-win-core-file-l1-1-0.dll
0x0000021610050000 - 0x0000021610053000 	C:\Program Files\JavaFX\javafx-sdk-17.0.15\bin\api-ms-win-core-file-l1-2-0.dll
0x0000021610060000 - 0x0000021610063000 	C:\Program Files\JavaFX\javafx-sdk-17.0.15\bin\api-ms-win-core-file-l2-1-0.dll
0x0000021610070000 - 0x0000021610073000 	C:\Program Files\JavaFX\javafx-sdk-17.0.15\bin\api-ms-win-core-handle-l1-1-0.dll
0x0000021610080000 - 0x0000021610083000 	C:\Program Files\JavaFX\javafx-sdk-17.0.15\bin\api-ms-win-core-heap-l1-1-0.dll
0x000002162e930000 - 0x000002162e933000 	C:\Program Files\JavaFX\javafx-sdk-17.0.15\bin\api-ms-win-core-interlocked-l1-1-0.dll
0x000002162e940000 - 0x000002162e943000 	C:\Program Files\JavaFX\javafx-sdk-17.0.15\bin\api-ms-win-core-libraryloader-l1-1-0.dll
0x000002162ea70000 - 0x000002162ea73000 	C:\Program Files\JavaFX\javafx-sdk-17.0.15\bin\api-ms-win-core-localization-l1-2-0.dll
0x000002162ea80000 - 0x000002162ea83000 	C:\Program Files\JavaFX\javafx-sdk-17.0.15\bin\api-ms-win-core-memory-l1-1-0.dll
0x000002162e950000 - 0x000002162e953000 	C:\Program Files\JavaFX\javafx-sdk-17.0.15\bin\api-ms-win-core-namedpipe-l1-1-0.dll
0x000002162e960000 - 0x000002162e963000 	C:\Program Files\JavaFX\javafx-sdk-17.0.15\bin\api-ms-win-core-processenvironment-l1-1-0.dll
0x000002162e970000 - 0x000002162e973000 	C:\Program Files\JavaFX\javafx-sdk-17.0.15\bin\api-ms-win-core-processthreads-l1-1-0.dll
0x000002162e980000 - 0x000002162e983000 	C:\Program Files\JavaFX\javafx-sdk-17.0.15\bin\api-ms-win-core-processthreads-l1-1-1.dll
0x000002162e990000 - 0x000002162e993000 	C:\Program Files\JavaFX\javafx-sdk-17.0.15\bin\api-ms-win-core-profile-l1-1-0.dll
0x000002162e9a0000 - 0x000002162e9a3000 	C:\Program Files\JavaFX\javafx-sdk-17.0.15\bin\api-ms-win-core-rtlsupport-l1-1-0.dll
0x000002162e9b0000 - 0x000002162e9b3000 	C:\Program Files\JavaFX\javafx-sdk-17.0.15\bin\api-ms-win-core-string-l1-1-0.dll
0x000002162e9c0000 - 0x000002162e9c3000 	C:\Program Files\JavaFX\javafx-sdk-17.0.15\bin\api-ms-win-core-synch-l1-1-0.dll
0x000002162e9d0000 - 0x000002162e9d3000 	C:\Program Files\JavaFX\javafx-sdk-17.0.15\bin\api-ms-win-core-synch-l1-2-0.dll
0x000002162e9e0000 - 0x000002162e9e3000 	C:\Program Files\JavaFX\javafx-sdk-17.0.15\bin\api-ms-win-core-sysinfo-l1-1-0.dll
0x000002162e9f0000 - 0x000002162e9f3000 	C:\Program Files\JavaFX\javafx-sdk-17.0.15\bin\api-ms-win-core-timezone-l1-1-0.dll
0x000002162ea00000 - 0x000002162ea03000 	C:\Program Files\JavaFX\javafx-sdk-17.0.15\bin\api-ms-win-core-util-l1-1-0.dll
0x000002162ea10000 - 0x000002162ea13000 	C:\Program Files\JavaFX\javafx-sdk-17.0.15\bin\api-ms-win-crt-conio-l1-1-0.dll
0x000002162ea20000 - 0x000002162ea24000 	C:\Program Files\JavaFX\javafx-sdk-17.0.15\bin\api-ms-win-crt-convert-l1-1-0.dll
0x000002162ea30000 - 0x000002162ea33000 	C:\Program Files\JavaFX\javafx-sdk-17.0.15\bin\api-ms-win-crt-environment-l1-1-0.dll
0x000002162ea40000 - 0x000002162ea43000 	C:\Program Files\JavaFX\javafx-sdk-17.0.15\bin\api-ms-win-crt-filesystem-l1-1-0.dll
0x000002162ea50000 - 0x000002162ea53000 	C:\Program Files\JavaFX\javafx-sdk-17.0.15\bin\api-ms-win-crt-heap-l1-1-0.dll
0x000002162ea60000 - 0x000002162ea63000 	C:\Program Files\JavaFX\javafx-sdk-17.0.15\bin\api-ms-win-crt-locale-l1-1-0.dll
0x000002162ea90000 - 0x000002162ea95000 	C:\Program Files\JavaFX\javafx-sdk-17.0.15\bin\api-ms-win-crt-math-l1-1-0.dll
0x000002162eaa0000 - 0x000002162eaa5000 	C:\Program Files\JavaFX\javafx-sdk-17.0.15\bin\api-ms-win-crt-multibyte-l1-1-0.dll
0x000002162ebe0000 - 0x000002162ebf0000 	C:\Program Files\JavaFX\javafx-sdk-17.0.15\bin\api-ms-win-crt-private-l1-1-0.dll
0x000002162eab0000 - 0x000002162eab3000 	C:\Program Files\JavaFX\javafx-sdk-17.0.15\bin\api-ms-win-crt-process-l1-1-0.dll
0x000002162eac0000 - 0x000002162eac4000 	C:\Program Files\JavaFX\javafx-sdk-17.0.15\bin\api-ms-win-crt-runtime-l1-1-0.dll
0x000002162ead0000 - 0x000002162ead4000 	C:\Program Files\JavaFX\javafx-sdk-17.0.15\bin\api-ms-win-crt-stdio-l1-1-0.dll
0x000002162eae0000 - 0x000002162eae4000 	C:\Program Files\JavaFX\javafx-sdk-17.0.15\bin\api-ms-win-crt-string-l1-1-0.dll
0x000002162eaf0000 - 0x000002162eaf3000 	C:\Program Files\JavaFX\javafx-sdk-17.0.15\bin\api-ms-win-crt-time-l1-1-0.dll
0x000002162eb00000 - 0x000002162eb03000 	C:\Program Files\JavaFX\javafx-sdk-17.0.15\bin\api-ms-win-crt-utility-l1-1-0.dll
0x00007ffd93fb0000 - 0x00007ffd940ac000 	C:\Program Files\JavaFX\javafx-sdk-17.0.15\bin\ucrtbase.dll
0x00007ffdba090000 - 0x00007ffdba0ab000 	C:\Program Files\JavaFX\javafx-sdk-17.0.15\bin\vcruntime140.dll
0x00007ffdc2e30000 - 0x00007ffdc2e3c000 	C:\Program Files\JavaFX\javafx-sdk-17.0.15\bin\vcruntime140_1.dll
0x00007ffd94260000 - 0x00007ffd942ee000 	C:\Program Files\JavaFX\javafx-sdk-17.0.15\bin\msvcp140.dll
0x00007ffdc2d20000 - 0x00007ffdc2d29000 	C:\Program Files\JavaFX\javafx-sdk-17.0.15\bin\msvcp140_1.dll
0x00007ffdaaac0000 - 0x00007ffdaab01000 	C:\Program Files\JavaFX\javafx-sdk-17.0.15\bin\msvcp140_2.dll
0x00007ffdba060000 - 0x00007ffdba08a000 	C:\Program Files\JavaFX\javafx-sdk-17.0.15\bin\prism_d3d.dll
0x00007ffda1c70000 - 0x00007ffda1e27000 	C:\WINDOWS\system32\d3d9.dll
0x00007ffddca30000 - 0x00007ffddca66000 	C:\WINDOWS\SYSTEM32\dwmapi.dll
0x00007ffddc9c0000 - 0x00007ffddca0d000 	C:\WINDOWS\SYSTEM32\dxcore.dll
0x00007ffddc6e0000 - 0x00007ffddc78f000 	C:\WINDOWS\system32\uxtheme.dll
0x00007ffd61920000 - 0x00007ffd61b58000 	C:\WINDOWS\System32\DriverStore\FileRepository\iigd_dch.inf_amd64_0fdf6ce291234272\igdumdim64.dll
0x00007ffde2100000 - 0x00007ffde229e000 	C:\WINDOWS\System32\ole32.dll
0x00007ffd29b30000 - 0x00007ffd2aea0000 	C:\WINDOWS\System32\DriverStore\FileRepository\iigd_dch.inf_amd64_0fdf6ce291234272\igd9dxva64.dll
0x00007ffde22e0000 - 0x00007ffde2766000 	C:\WINDOWS\System32\SETUPAPI.dll
0x00007ffddf660000 - 0x00007ffddf6b7000 	C:\WINDOWS\SYSTEM32\cfgmgr32.dll
0x00007ffd838e0000 - 0x00007ffd85601000 	C:\WINDOWS\System32\DriverStore\FileRepository\iigd_dch.inf_amd64_0fdf6ce291234272\media_bin_64.dll
0x00007ffdd3bb0000 - 0x00007ffdd3fe8000 	C:\WINDOWS\System32\DriverStore\FileRepository\iigd_dch.inf_amd64_0fdf6ce291234272\igdgmm64.dll
0x00007ffddc810000 - 0x00007ffddc871000 	C:\WINDOWS\SYSTEM32\directxdatabasehelper.dll
0x00007ffda8c00000 - 0x00007ffda8c42000 	C:\Program Files\JavaFX\javafx-sdk-17.0.15\bin\glass.dll
0x00007ffde1710000 - 0x00007ffde1806000 	C:\WINDOWS\System32\COMDLG32.dll
0x00007ffde1e40000 - 0x00007ffde1fa0000 	C:\WINDOWS\System32\MSCTF.dll
0x00007ffd87fe0000 - 0x00007ffd88007000 	C:\WINDOWS\System32\DriverStore\FileRepository\iigd_dch.inf_amd64_0fdf6ce291234272\igdinfo64.dll
0x00007ffdcfd00000 - 0x00007ffdd3bad000 	C:\WINDOWS\System32\DriverStore\FileRepository\iigd_dch.inf_amd64_0fdf6ce291234272\igc64.dll
0x00007ffdb88b0000 - 0x00007ffdb88dd000 	C:\Program Files\JavaFX\javafx-sdk-17.0.15\bin\javafx_iio.dll
0x00007ffdb8cb0000 - 0x00007ffdb8cc5000 	C:\Program Files\JavaFX\javafx-sdk-17.0.15\bin\javafx_font.dll
0x00007ffddaf50000 - 0x00007ffddb1bb000 	C:\WINDOWS\SYSTEM32\dwrite.dll
0x00007ffde1860000 - 0x00007ffde1908000 	C:\WINDOWS\System32\clbcatq.dll
0x00007ffddacd0000 - 0x00007ffddaf09000 	C:\WINDOWS\SYSTEM32\WindowsCodecs.dll
0x00007ffdaa4f0000 - 0x00007ffdaa54a000 	C:\WINDOWS\system32\dataexchange.dll
0x00007ffdcdbe0000 - 0x00007ffdcde1a000 	C:\WINDOWS\system32\twinapi.appcore.dll
0x00007ffd8f100000 - 0x00007ffd8f12c000 	C:\Program Files\Common Files\Microsoft Shared\Ink\rtscom.dll
0x00007ffdc75b0000 - 0x00007ffdc7700000 	C:\WINDOWS\SYSTEM32\textinputframework.dll
0x00007ffddc1f0000 - 0x00007ffddc315000 	C:\WINDOWS\SYSTEM32\CoreMessaging.dll
0x00007ffdd71b0000 - 0x00007ffdd7493000 	C:\WINDOWS\SYSTEM32\CoreUIComponents.dll
0x00007ffddf0f0000 - 0x00007ffddf0fc000 	C:\WINDOWS\SYSTEM32\CRYPTBASE.DLL
0x00007ffdde370000 - 0x00007ffdde497000 	C:\WINDOWS\SYSTEM32\DNSAPI.dll
0x00007ffdde2d0000 - 0x00007ffdde303000 	C:\WINDOWS\SYSTEM32\IPHLPAPI.DLL

dbghelp: loaded successfully - version: 4.0.5 - missing functions: none
symbol engine: initialized successfully - sym options: 0x614 - pdb path: .;C:\Users\jccas\.jdks\temurin-17.0.15\bin;C:\WINDOWS\SYSTEM32;C:\WINDOWS\WinSxS\amd64_microsoft.windows.common-controls_6595b64144ccf1df_6.0.26100.4202_none_3e0698d4e335f517;C:\Users\jccas\.jdks\temurin-17.0.15\bin\server;C:\Program Files\JetBrains\IntelliJ IDEA 2024.2.0.2\bin;C:\Program Files\JavaFX\javafx-sdk-17.0.15\bin;C:\WINDOWS\System32\DriverStore\FileRepository\iigd_dch.inf_amd64_0fdf6ce291234272;C:\Program Files\Common Files\Microsoft Shared\Ink

VM Arguments:
jvm_args: --module-path=C:\Program Files\JavaFX\javafx-sdk-17.0.15\lib --add-modules=javafx.controls,javafx.fxml,javafx.graphics,javafx.base -javaagent:C:\Program Files\JetBrains\IntelliJ IDEA 2024.2.0.2\lib\idea_rt.jar=61574:C:\Program Files\JetBrains\IntelliJ IDEA 2024.2.0.2\bin -Dfile.encoding=UTF-8 
java_command: professionalpractice.ProfessionalPractices
java_class_path (initial): C:\TrabajosProgramacion\PC\ProyectoModificado\Professional-Practices-software\out\production\Professional-Practices-software;C:\TrabajosProgramacion\PC\ProyectoModificado\Professional-Practices-software\dependencies\jbcrypt-0.4.jar;C:\TrabajosProgramacion\PC\ProyectoModificado\Professional-Practices-software\dependencies\mysql-connector-java-8.0.20.jar;C:\Program Files\JavaFX\javafx-sdk-17.0.15\lib\javafx-swt.jar;C:\Program Files\JavaFX\javafx-sdk-17.0.15\lib\javafx.web.jar;C:\Program Files\JavaFX\javafx-sdk-17.0.15\lib\javafx.base.jar;C:\Program Files\JavaFX\javafx-sdk-17.0.15\lib\javafx.fxml.jar;C:\Program Files\JavaFX\javafx-sdk-17.0.15\lib\javafx.media.jar;C:\Program Files\JavaFX\javafx-sdk-17.0.15\lib\javafx.swing.jar;C:\Program Files\JavaFX\javafx-sdk-17.0.15\lib\javafx.controls.jar;C:\Program Files\JavaFX\javafx-sdk-17.0.15\lib\javafx.graphics.jar
Launcher Type: SUN_STANDARD

[Global flags]
     intx CICompilerCount                          = 4                                         {product} {ergonomic}
     uint ConcGCThreads                            = 2                                         {product} {ergonomic}
     uint G1ConcRefinementThreads                  = 8                                         {product} {ergonomic}
   size_t G1HeapRegionSize                         = 1048576                                   {product} {ergonomic}
    uintx GCDrainStackTargetSize                   = 64                                        {product} {ergonomic}
   size_t InitialHeapSize                          = 132120576                                 {product} {ergonomic}
   size_t MarkStackSize                            = 4194304                                   {product} {ergonomic}
   size_t MaxHeapSize                              = 2086666240                                {product} {ergonomic}
   size_t MaxNewSize                               = 1251999744                                {product} {ergonomic}
   size_t MinHeapDeltaBytes                        = 1048576                                   {product} {ergonomic}
   size_t MinHeapSize                              = 8388608                                   {product} {ergonomic}
    uintx NonNMethodCodeHeapSize                   = 5839372                                {pd product} {ergonomic}
    uintx NonProfiledCodeHeapSize                  = 122909434                              {pd product} {ergonomic}
    uintx ProfiledCodeHeapSize                     = 122909434                              {pd product} {ergonomic}
    uintx ReservedCodeCacheSize                    = 251658240                              {pd product} {ergonomic}
     bool SegmentedCodeCache                       = true                                      {product} {ergonomic}
   size_t SoftMaxHeapSize                          = 2086666240                             {manageable} {ergonomic}
     bool UseCompressedClassPointers               = true                           {product lp64_product} {ergonomic}
     bool UseCompressedOops                        = true                           {product lp64_product} {ergonomic}
     bool UseG1GC                                  = true                                      {product} {ergonomic}
     bool UseLargePagesIndividualAllocation        = false                                  {pd product} {ergonomic}

Logging:
Log output configuration:
 #0: stdout all=off uptime,level,tags
 #1: stderr all=off uptime,level,tags

Environment Variables:
PATH=C:\Program Files\Eclipse Adoptium\jdk-21.0.7.6-hotspot\bin;C:\Program Files\MySQL\MySQL Server 8.0\bin;C:\Program Files (x86)\Common Files\Oracle\Java\java8path;C:\Program Files\Common Files\Oracle\Java\javapath;C:\Program Files (x86)\Common Files\Oracle\Java\javapath;C:\WINDOWS\system32;C:\WINDOWS;C:\WINDOWS\System32\Wbem;C:\WINDOWS\System32\WindowsPowerShell\v1.0\;C:\WINDOWS\System32\OpenSSH\;C:\Program Files (x86)\Common Files\i2 Shared\Geotrans\;C:\Program Files (x86)\Common Files\i2 Shared\i2 Online iLink 8\Components\;C:\Program Files\HP\HP One Agent;C:\Users\jccas\AppData\Local\Programs\Python\Python313;C:\WINDOWS\system32;C:\WINDOWS;C:\WINDOWS\System32\Wbem;C:\WINDOWS\System32\WindowsPowerShell\v1.0\;C:\WINDOWS\System32\OpenSSH\;C:\Program Files\dotnet\;C:\Program Files\Git\cmd;C:\Program Files\MySQL\MySQL Server 8.0\bin;C:\Users\jccas\AppData\Local\Programs\Python\Launcher\;C:\xampp\htdocs\UAI\vistas\index.ine_nacional.vista.php;C:\Users\jccas\AppData\Local\Microsoft\WindowsApps;C:\Users\jccas\AppData\Local\JetBrains\Toolbox\scripts;C:\Users\jccas\AppData\Local\Programs\Microsoft VS Code\bin;C:\Users\jccas\.dotnet\tools;
USERNAME=jccas
OS=Windows_NT
PROCESSOR_IDENTIFIER=Intel64 Family 6 Model 140 Stepping 1, GenuineIntel
TMP=C:\Users\jccas\AppData\Local\Temp
TEMP=C:\Users\jccas\AppData\Local\Temp



Periodic native trim disabled


---------------  S Y S T E M  ---------------

OS:
 Windows 11 , 64 bit Build 26100 (10.0.26100.4202)
OS uptime: 6 days 6:45 hours
Hyper-V role detected

CPU: total 8 (initial active 8) (4 cores per cpu, 2 threads per core) family 6 model 140 stepping 1 microcode 0x86, cx8, cmov, fxsr, ht, mmx, 3dnowpref, sse, sse2, sse3, ssse3, sse4.1, sse4.2, popcnt, lzcnt, tsc, tscinvbit, avx, avx2, aes, erms, clmul, bmi1, bmi2, adx, avx512f, avx512dq, avx512cd, avx512bw, avx512vl, sha, fma, vzeroupper, avx512_vpopcntdq, avx512_vpclmulqdq, avx512_vaes, avx512_vnni, clflush, clflushopt, clwb, avx512_vbmi2, avx512_vbmi, hv
Processor Information for all 8 processors :
  Max Mhz: 2419, Current Mhz: 2419, Mhz Limit: 2419

Memory: 4k page, system-wide physical 7957M (718M free)
TotalPageFile size 17867M (AvailPageFile size 2152M)
current process WorkingSet (physical memory assigned to process): 286M, peak: 319M
current process commit charge ("private bytes"): 378M, peak: 414M

vm_info: OpenJDK 64-Bit Server VM (17.0.15+6) for windows-amd64 JRE (17.0.15+6), built on Apr 15 2025 21:25:47 by "admin" with MS VC++ 17.7 (VS2022)

END.
