#
# A fatal error has been detected by the Java Runtime Environment:
#
#  EXCEPTION_ACCESS_VIOLATION (0xc0000005) at pc=0x00007ffda8bf68a7, pid=11244, tid=25192
#
# JRE version: OpenJDK Runtime Environment Temurin-17.0.15+6 (17.0.15+6) (build 17.0.15+6)
# Java VM: OpenJDK 64-Bit Server VM Temurin-17.0.15+6 (17.0.15+6, mixed mode, sharing, tiered, compressed oops, compressed class ptrs, g1 gc, windows-amd64)
# Problematic frame:
# C  [glass.dll+0x268a7]
#
# No core dump will be written. Minidumps are not enabled by default on client versions of Windows
#
# If you would like to submit a bug report, please visit:
#   https://github.com/adoptium/adoptium-support/issues
#

---------------  S U M M A R Y ------------

Command Line: --module-path=C:\Program Files\JavaFX\javafx-sdk-17.0.15\lib --add-modules=javafx.controls,javafx.fxml,javafx.graphics,javafx.base -javaagent:C:\Program Files\JetBrains\IntelliJ IDEA 2024.2.0.2\lib\idea_rt.jar=63024:C:\Program Files\JetBrains\IntelliJ IDEA 2024.2.0.2\bin -Dfile.encoding=UTF-8 professionalpractice.ProfessionalPractices

Host: 11th Gen Intel(R) Core(TM) i5-1135G7 @ 2.40GHz, 8 cores, 7G,  Windows 11 , 64 bit Build 26100 (10.0.26100.4202)
Time: Thu Jun 19 14:32:43 2025 Hora estándar central (México) elapsed time: 550.603986 seconds (0d 0h 9m 10s)

---------------  T H R E A D  ---------------

Current thread (0x0000025ec8965c10):  VMThread "VM Thread" [stack: 0x000000e9fd500000,0x000000e9fd600000] [id=25192]

Stack: [0x000000e9fd500000,0x000000e9fd600000],  sp=0x000000e9fd5ff0e0,  free space=1020k
Native frames: (J=compiled Java code, j=interpreted, Vv=VM code, C=native code)
C  [glass.dll+0x268a7]


siginfo: EXCEPTION_ACCESS_VIOLATION (0xc0000005), reading address 0x0000000000000000


Registers:
RAX=0x0000000000000000, RBX=0x0000025ec8980598, RCX=0x0000025ec8965c10, RDX=0x000000e9fd5ff0e0
RSP=0x000000e9fd5ff0e0, RBP=0x0000b0653029791e, RSI=0x0000025f0f8bebf8, RDI=0x0000025f0f8bebd0
R8 =0x0000000000010002, R9 =0x0000b0653029791e, R10=0x0000025ea8970000, R11=0x000000e9fd5fef90
R12=0x00007ffda8bd0000, R13=0x000000007ffe0385, R14=0x000000e9fd5ff1e8, R15=0x0000025f0f8bebd0
RIP=0x00007ffda8bf68a7, EFLAGS=0x0000000000010206

XMM[0]=0x0000000000000000 0x0000000000000000
XMM[1]=0x0000000000000000 0x0000000000000000
XMM[2]=0x0000000000000000 0x0000000000000000
XMM[3]=0x0000000000000000 0x0000000000000000
XMM[4]=0x0000000000000000 0x0000000000000000
XMM[5]=0x0000000000000000 0x0000000000000000
XMM[6]=0x0000000000000000 0x404e000000000000
XMM[7]=0x0000000000000000 0x0000000000000000
XMM[8]=0x0000000000000000 0x0000000000000000
XMM[9]=0x0000000000000000 0x0000000000000000
XMM[10]=0x0000000000000000 0x0000000000000000
XMM[11]=0x0000000000000000 0x0000000000000000
XMM[12]=0x0000000000000000 0x0000000000000000
XMM[13]=0x0000000000000000 0x0000000000000000
XMM[14]=0x0000000000000000 0x0000000000000000
XMM[15]=0x0000000000000000 0x0000000000000000
  MXCSR=0x00001fa3


Register to memory mapping:

RIP=0x00007ffda8bf68a7 glass.dll
RAX=0x0 is NULL
RBX=0x0000025ec8980598 is a global jni handle
RCX=0x0000025ec8965c10 points into unknown readable memory: 0x00007ffd52de2bb8 | b8 2b de 52 fd 7f 00 00
RDX=0x000000e9fd5ff0e0 points into unknown readable memory: 0x0000000000000000 | 00 00 00 00 00 00 00 00
RSP=0x000000e9fd5ff0e0 points into unknown readable memory: 0x0000000000000000 | 00 00 00 00 00 00 00 00
RBP=0x0000b0653029791e is an unknown value
RSI=0x0000025f0f8bebf8 points into unknown readable memory: 0x0000b0653029791e | 1e 79 29 30 65 b0 00 00
RDI=0x0000025f0f8bebd0 points into unknown readable memory: 0x6a2f7f27302966e1 | e1 66 29 30 27 7f 2f 6a
R8 =0x0000000000010002 is an unknown value
R9 =0x0000b0653029791e is an unknown value
R10=0x0000025ea8970000 points into unknown readable memory: 0x0000000000000000 | 00 00 00 00 00 00 00 00
R11=0x000000e9fd5fef90 points into unknown readable memory: 0x0000000000000000 | 00 00 00 00 00 00 00 00
R12=0x00007ffda8bd0000 glass.dll
R13=0x000000007ffe0385 points into unknown readable memory: 00 00 00
R14=0x000000e9fd5ff1e8 points into unknown readable memory: 0x000000e9fd5ff1d0 | d0 f1 5f fd e9 00 00 00
R15=0x0000025f0f8bebd0 points into unknown readable memory: 0x6a2f7f27302966e1 | e1 66 29 30 27 7f 2f 6a


Top of Stack: (sp=0x000000e9fd5ff0e0)
0x000000e9fd5ff0e0:   0000000000000000 0000025f00000000
0x000000e9fd5ff0f0:   0000025f0f704600 00007ffda8bd0000
0x000000e9fd5ff100:   0000025f0f8bebd8 00007ffde00abc75
0x000000e9fd5ff110:   0000025f0f8bebd0 0000025f00000000
0x000000e9fd5ff120:   0000025f0f8bebf0 0000b0653029791e
0x000000e9fd5ff130:   fffffffffffffffe 00007ffddfcc96ab
0x000000e9fd5ff140:   0000000000000000 00007ffda8bd0000
0x000000e9fd5ff150:   000000e9fd5ff1d8 00007ffde00ab897
0x000000e9fd5ff160:   000000e9fd5ff100 000000e9fd5ff1e8
0x000000e9fd5ff170:   000000e9fd5ff710 00007ffde01988c0
0x000000e9fd5ff180:   0000000000000001 00007ffde00ab84d
0x000000e9fd5ff190:   0000000000000000 0000000000000001
0x000000e9fd5ff1a0:   0000000000000000 000000e9fd5ff1d8
0x000000e9fd5ff1b0:   fffffffffffffffe 000000e9fd5ff700
0x000000e9fd5ff1c0:   0000000000000000 00007ffda8bf407d
0x000000e9fd5ff1d0:   00007ffda8c0a008 00007ffd00000002
0x000000e9fd5ff1e0:   0000000000000002 000000e9fd5ff1d0
0x000000e9fd5ff1f0:   0000000000000000 00007ffdde2e908d
0x000000e9fd5ff200:   0000000000000000 00007ffda8bf41a2
0x000000e9fd5ff210:   0000000000000001 000000007ffe0384
0x000000e9fd5ff220:   0000000000000001 0000000000000001
0x000000e9fd5ff230:   000000007ffe0384 00007ffddf0f277e
0x000000e9fd5ff240:   0000000000000001 000000000000008d
0x000000e9fd5ff250:   00007ffda8bf41f0 0000000000000001
0x000000e9fd5ff260:   0000000000000001 00007ffde2a12983
0x000000e9fd5ff270:   00007ffda8bd0000 0000000000000000
0x000000e9fd5ff280:   0000000000000001 000000007ffe0384
0x000000e9fd5ff290:   000000000000005e 0000000000000000
0x000000e9fd5ff2a0:   0000000000000000 0000000000000000
0x000000e9fd5ff2b0:   00007ffda8bd0000 fffffd3900000000
0x000000e9fd5ff2c0:   0000000000000079 0000000000000000
0x000000e9fd5ff2d0:   0000000000000000 0000025ea8df67b0 

Instructions: (pc=0x00007ffda8bf68a7)
0x00007ffda8bf67a7:   8b 4d 58 e8 8d cf ff ff 48 8b 4d 60 e8 84 cf ff
0x00007ffda8bf67b7:   ff 48 8b 95 80 00 00 00 48 8b 8d 18 01 00 00 e8
0x00007ffda8bf67c7:   76 c4 ff ff 33 d2 33 c9 e8 cc e1 ff ff 90 48 89
0x00007ffda8bf67d7:   54 24 10 55 48 83 ec 20 48 8b ea 48 b8 00 00 00
0x00007ffda8bf67e7:   00 00 00 00 00 48 83 c4 20 5d c3 cc 40 55 48 8b
0x00007ffda8bf67f7:   ea 48 8b 01 33 c9 81 38 05 00 00 c0 0f 94 c1 8b
0x00007ffda8bf6807:   c1 5d c3 cc 40 55 48 83 ec 20 48 8b ea 8a 4d 40
0x00007ffda8bf6817:   48 83 c4 20 5d e9 73 d3 ff ff cc 40 55 48 83 ec
0x00007ffda8bf6827:   20 48 8b ea 8a 4d 20 e8 61 d3 ff ff 90 48 83 c4
0x00007ffda8bf6837:   20 5d c3 cc 40 55 48 83 ec 20 48 8b ea 48 83 c4
0x00007ffda8bf6847:   20 5d e9 c2 d1 ff ff cc 40 55 48 83 ec 30 48 8b
0x00007ffda8bf6857:   ea 48 8b 01 8b 10 48 89 4c 24 28 89 54 24 20 4c
0x00007ffda8bf6867:   8d 0d 63 d6 ff ff 4c 8b 45 70 8b 55 68 48 8b 4d
0x00007ffda8bf6877:   60 e8 03 d1 ff ff 90 48 83 c4 30 5d c3 cc cc cc
0x00007ffda8bf6887:   cc cc cc cc cc cc cc cc cc 40 53 48 83 ec 20 48
0x00007ffda8bf6897:   8b 1d 6b 31 01 00 48 85 db 74 16 e8 89 8b ff ff
0x00007ffda8bf68a7:   4c 8b 00 48 8b d3 48 8b c8 41 ff 90 b0 00 00 00
0x00007ffda8bf68b7:   90 48 83 c4 20 5b c3 cc cc 40 53 48 83 ec 20 48
0x00007ffda8bf68c7:   8b 1d db 32 01 00 48 85 db 74 57 b8 ff ff ff ff
0x00007ffda8bf68d7:   f0 0f c1 43 10 83 f8 01 75 3d 48 85 db 74 38 48
0x00007ffda8bf68e7:   8b 0b 48 85 c9 74 0d ff 15 b4 09 00 00 48 c7 03
0x00007ffda8bf68f7:   00 00 00 00 48 8b 4b 08 48 85 c9 74 0d e8 33 ce
0x00007ffda8bf6907:   ff ff 48 c7 43 08 00 00 00 00 ba 18 00 00 00 48
0x00007ffda8bf6917:   8b cb e8 1e ce ff ff 48 c7 05 7f 32 01 00 00 00
0x00007ffda8bf6927:   00 00 48 83 c4 20 5b c3 cc 40 53 48 83 ec 20 48
0x00007ffda8bf6937:   8b 1d 4b 32 01 00 48 85 db 74 57 b8 ff ff ff ff
0x00007ffda8bf6947:   f0 0f c1 43 10 83 f8 01 75 3d 48 85 db 74 38 48
0x00007ffda8bf6957:   8b 0b 48 85 c9 74 0d ff 15 44 09 00 00 48 c7 03
0x00007ffda8bf6967:   00 00 00 00 48 8b 4b 08 48 85 c9 74 0d e8 c3 cd
0x00007ffda8bf6977:   ff ff 48 c7 43 08 00 00 00 00 ba 18 00 00 00 48
0x00007ffda8bf6987:   8b cb e8 ae cd ff ff 48 c7 05 ef 31 01 00 00 00
0x00007ffda8bf6997:   00 00 48 83 c4 20 5b c3 cc 40 53 48 83 ec 20 48 


Stack slot to memory mapping:
stack at sp + 0 slots: 0x0 is NULL
stack at sp + 1 slots: 0x0000025f00000000 is an unknown value
stack at sp + 2 slots: 0x0000025f0f704600 points into unknown readable memory: 0x0000025f0f704c00 | 00 4c 70 0f 5f 02 00 00
stack at sp + 3 slots: 0x00007ffda8bd0000 glass.dll
stack at sp + 4 slots: 0x0000025f0f8bebd8 points into unknown readable memory: 0x0000b0653029791e | 1e 79 29 30 65 b0 00 00
stack at sp + 5 slots: 0x00007ffde00abc75 ucrtbase.dll
stack at sp + 6 slots: 0x0000025f0f8bebd0 points into unknown readable memory: 0x6a2f7f27302966e1 | e1 66 29 30 27 7f 2f 6a
stack at sp + 7 slots: 0x0000025f00000000 is an unknown value

VM_Operation (0x000000e9fcdff530): Exit, mode: safepoint, requested by thread 0x0000025f0f82af90


---------------  P R O C E S S  ---------------

Threads class SMR info:
_java_thread_list=0x0000025f0f32b8f0, length=21, elements={
0x0000025eaacf9010, 0x0000025ec8973160, 0x0000025ec8973d20, 0x0000025ec8989390,
0x0000025ec898be60, 0x0000025ec898c820, 0x0000025ec898e9f0, 0x0000025ec89948f0,
0x0000025ec9168080, 0x0000025ec924a070, 0x0000025ec924a580, 0x0000025ec924b4b0,
0x0000025ec924afa0, 0x0000025ec9249b60, 0x0000025ec924aa90, 0x0000025f0f829b50,
0x0000025f0f827cf0, 0x0000025f0f8272d0, 0x0000025f0f8277e0, 0x0000025f0f828710,
0x0000025f0f82af90
}

Java Threads: ( => current thread )
  0x0000025eaacf9010 JavaThread "main" [_thread_blocked, id=23440, stack(0x000000e9fcf00000,0x000000e9fd000000)]
  0x0000025ec8973160 JavaThread "Reference Handler" daemon [_thread_blocked, id=16368, stack(0x000000e9fd600000,0x000000e9fd700000)]
  0x0000025ec8973d20 JavaThread "Finalizer" daemon [_thread_blocked, id=24280, stack(0x000000e9fd700000,0x000000e9fd800000)]
  0x0000025ec8989390 JavaThread "Attach Listener" daemon [_thread_blocked, id=25756, stack(0x000000e9fd900000,0x000000e9fda00000)]
  0x0000025ec898be60 JavaThread "Service Thread" daemon [_thread_blocked, id=20464, stack(0x000000e9fda00000,0x000000e9fdb00000)]
  0x0000025ec898c820 JavaThread "Monitor Deflation Thread" daemon [_thread_blocked, id=10264, stack(0x000000e9fdb00000,0x000000e9fdc00000)]
  0x0000025ec898e9f0 JavaThread "C2 CompilerThread0" daemon [_thread_blocked, id=26592, stack(0x000000e9fdc00000,0x000000e9fdd00000)]
  0x0000025ec89948f0 JavaThread "C1 CompilerThread0" daemon [_thread_blocked, id=19264, stack(0x000000e9fdd00000,0x000000e9fde00000)]
  0x0000025ec9168080 JavaThread "Sweeper thread" daemon [_thread_blocked, id=25204, stack(0x000000e9fde00000,0x000000e9fdf00000)]
  0x0000025ec924a070 JavaThread "Common-Cleaner" daemon [_thread_blocked, id=8748, stack(0x000000e9fdf00000,0x000000e9fe000000)]
  0x0000025ec924a580 JavaThread "Monitor Ctrl-Break" daemon [_thread_in_native, id=16620, stack(0x000000e9fe200000,0x000000e9fe300000)]
  0x0000025ec924b4b0 JavaThread "Notification Thread" daemon [_thread_blocked, id=144, stack(0x000000e9fe300000,0x000000e9fe400000)]
  0x0000025ec924afa0 JavaThread "QuantumRenderer-0" daemon [_thread_blocked, id=22288, stack(0x000000e9fe500000,0x000000e9fe600000)]
  0x0000025ec9249b60 JavaThread "InvokeLaterDispatcher" daemon [_thread_blocked, id=3128, stack(0x000000e9fe600000,0x000000e9fe700000)]
  0x0000025ec924aa90 JavaThread "JavaFX Application Thread" [_thread_in_native, id=23500, stack(0x000000e9fe700000,0x000000e9fe800000)]
  0x0000025f0f829b50 JavaThread "JavaFX-Launcher" [_thread_blocked, id=10520, stack(0x000000e9fec00000,0x000000e9fed00000)]
  0x0000025f0f827cf0 JavaThread "Thread-2" daemon [_thread_in_native, id=27264, stack(0x000000e9feb00000,0x000000e9fec00000)]
  0x0000025f0f8272d0 JavaThread "Prism Font Disposer" daemon [_thread_blocked, id=26040, stack(0x000000e9ff500000,0x000000e9ff600000)]
  0x0000025f0f8277e0 JavaThread "Cleaner-0" daemon [_thread_blocked, id=13736, stack(0x000000e9ff600000,0x000000e9ff700000)]
  0x0000025f0f828710 JavaThread "mysql-cj-abandoned-connection-cleanup" daemon [_thread_blocked, id=23428, stack(0x000000e9fe000000,0x000000e9fe100000)]
  0x0000025f0f82af90 JavaThread "SIGINT handler" daemon [_thread_blocked, id=4388, stack(0x000000e9fcd00000,0x000000e9fce00000)]

Other Threads:
=>0x0000025ec8965c10 VMThread "VM Thread" [stack: 0x000000e9fd500000,0x000000e9fd600000] [id=25192]
  0x0000025eaad56700 GCTaskThread "GC Thread#0" [stack: 0x000000e9fd000000,0x000000e9fd100000] [id=2328]
  0x0000025f0f7b75b0 GCTaskThread "GC Thread#1" [stack: 0x000000e9fed00000,0x000000e9fee00000] [id=6920]
  0x0000025ec94cbdb0 GCTaskThread "GC Thread#2" [stack: 0x000000e9fee00000,0x000000e9fef00000] [id=24564]
  0x0000025ec98fde20 GCTaskThread "GC Thread#3" [stack: 0x000000e9fef00000,0x000000e9ff000000] [id=9964]
  0x0000025f0f09c650 GCTaskThread "GC Thread#4" [stack: 0x000000e9ff000000,0x000000e9ff100000] [id=22112]
  0x0000025f0f095060 GCTaskThread "GC Thread#5" [stack: 0x000000e9ff100000,0x000000e9ff200000] [id=23432]
  0x0000025f0f33b190 GCTaskThread "GC Thread#6" [stack: 0x000000e9ff700000,0x000000e9ff800000] [id=3988]
  0x0000025f0fc16550 GCTaskThread "GC Thread#7" [stack: 0x000000e9ff800000,0x000000e9ff900000] [id=9548]
  0x0000025eaad67be0 ConcurrentGCThread "G1 Main Marker" terminated
  0x0000025eaad68600 ConcurrentGCThread "G1 Conc#0" [stack: 0x000000e9fd200000,0x000000e9fd300000] [id=25524]
  0x0000025ec974aa10 ConcurrentGCThread "G1 Conc#1" [stack: 0x000000e9fe100000,0x000000e9fe200000] [id=23236]
  0x0000025eaadae550 ConcurrentGCThread "G1 Refine#0" terminated
  0x0000025ec8818e60 ConcurrentGCThread "G1 Service" terminated

Threads with active compile tasks:
C1 CompilerThread0  
[error occurred during error reporting (printing all threads), id 0xc0000005, EXCEPTION_ACCESS_VIOLATION (0xc0000005) at pc=0x00007ffd52be7c93]

VM state: at safepoint (shutting down)

VM Mutex/Monitor currently owned by a thread:  ([mutex/lock_event])
[0x0000025eaacf4ab0] Threads_lock - owner thread: 0x0000025ec8965c10
[0x0000025eaacf5680] Heap_lock - owner thread: 0x0000025f0f82af90

Heap address: 0x0000000083a00000, size: 1990 MB, Compressed Oops mode: 32-bit

CDS archive(s) mapped at: [0x0000025eca000000-0x0000025ecabb0000-0x0000025ecabb0000), size 12255232, SharedBaseAddress: 0x0000025eca000000, ArchiveRelocationMode: 1.
Compressed class space mapped at: 0x0000025ecb000000-0x0000025f0b000000, reserved size: 1073741824
Narrow klass base: 0x0000025eca000000, Narrow klass shift: 0, Narrow klass range: 0x100000000

GC Precious Log:
 CPUs: 8 total, 8 available
 Memory: 7957M
 Large Page Support: Disabled
 NUMA Support: Disabled
 Compressed Oops: Enabled (32-bit)
 Heap Region Size: 1M
 Heap Min Capacity: 8M
 Heap Initial Capacity: 126M
 Heap Max Capacity: 1990M
 Pre-touch: Disabled
 Parallel Workers: 8
 Concurrent Workers: 2
 Concurrent Refinement Workers: 8
 Periodic GC: Disabled

Heap:
 garbage-first heap   total 129024K, used 51198K [0x0000000083a00000, 0x0000000100000000)
  region size 1024K, 18 young (18432K), 8 survivors (8192K)
 Metaspace       used 21872K, committed 22144K, reserved 1114112K
  class space    used 2999K, committed 3136K, reserved 1048576K

Heap Regions: E=young(eden), S=young(survivor), O=old, HS=humongous(starts), HC=humongous(continues), CS=collection set, F=free, OA=open archive, CA=closed archive, TAMS=top-at-mark-start (previous, next)
|   0|0x0000000083a00000, 0x0000000083b00000, 0x0000000083b00000|100%| O|  |TAMS 0x0000000083b00000, 0x0000000083a00000| Untracked 
|   1|0x0000000083b00000, 0x0000000083c00000, 0x0000000083c00000|100%|HS|  |TAMS 0x0000000083c00000, 0x0000000083b00000| Complete 
|   2|0x0000000083c00000, 0x0000000083d00000, 0x0000000083d00000|100%|HC|  |TAMS 0x0000000083d00000, 0x0000000083c00000| Complete 
|   3|0x0000000083d00000, 0x0000000083e00000, 0x0000000083e00000|100%|HC|  |TAMS 0x0000000083e00000, 0x0000000083d00000| Complete 
|   4|0x0000000083e00000, 0x0000000083f00000, 0x0000000083f00000|100%|HC|  |TAMS 0x0000000083f00000, 0x0000000083e00000| Complete 
|   5|0x0000000083f00000, 0x0000000084000000, 0x0000000084000000|100%|HC|  |TAMS 0x0000000084000000, 0x0000000083f00000| Complete 
|   6|0x0000000084000000, 0x0000000084100000, 0x0000000084100000|100%| O|  |TAMS 0x0000000084100000, 0x0000000084000000| Untracked 
|   7|0x0000000084100000, 0x0000000084200000, 0x0000000084200000|100%| O|  |TAMS 0x0000000084200000, 0x0000000084100000| Untracked 
|   8|0x0000000084200000, 0x00000000842b4800, 0x0000000084300000| 70%| O|  |TAMS 0x00000000842b4800, 0x0000000084200000| Untracked 
|   9|0x0000000084300000, 0x0000000084400000, 0x0000000084400000|100%|HS|  |TAMS 0x0000000084400000, 0x0000000084300000| Complete 
|  10|0x0000000084400000, 0x0000000084500000, 0x0000000084500000|100%|HC|  |TAMS 0x0000000084500000, 0x0000000084400000| Complete 
|  11|0x0000000084500000, 0x0000000084600000, 0x0000000084600000|100%|HS|  |TAMS 0x0000000084600000, 0x0000000084500000| Complete 
|  12|0x0000000084600000, 0x0000000084700000, 0x0000000084700000|100%|HC|  |TAMS 0x0000000084700000, 0x0000000084600000| Complete 
|  13|0x0000000084700000, 0x0000000084800000, 0x0000000084800000|100%|HC|  |TAMS 0x0000000084800000, 0x0000000084700000| Complete 
|  14|0x0000000084800000, 0x0000000084900000, 0x0000000084900000|100%|HC|  |TAMS 0x0000000084900000, 0x0000000084800000| Complete 
|  15|0x0000000084900000, 0x0000000084a00000, 0x0000000084a00000|100%|HC|  |TAMS 0x0000000084a00000, 0x0000000084900000| Complete 
|  16|0x0000000084a00000, 0x0000000084b00000, 0x0000000084b00000|100%|HC|  |TAMS 0x0000000084b00000, 0x0000000084a00000| Complete 
|  17|0x0000000084b00000, 0x0000000084c00000, 0x0000000084c00000|100%|HC|  |TAMS 0x0000000084c00000, 0x0000000084b00000| Complete 
|  18|0x0000000084c00000, 0x0000000084d00000, 0x0000000084d00000|100%|HC|  |TAMS 0x0000000084d00000, 0x0000000084c00000| Complete 
|  19|0x0000000084d00000, 0x0000000084e00000, 0x0000000084e00000|100%|HC|  |TAMS 0x0000000084e00000, 0x0000000084d00000| Complete 
|  20|0x0000000084e00000, 0x0000000084f00000, 0x0000000084f00000|100%|HC|  |TAMS 0x0000000084f00000, 0x0000000084e00000| Complete 
|  21|0x0000000084f00000, 0x0000000085000000, 0x0000000085000000|100%|HC|  |TAMS 0x0000000085000000, 0x0000000084f00000| Complete 
|  22|0x0000000085000000, 0x0000000085100000, 0x0000000085100000|100%|HC|  |TAMS 0x0000000085100000, 0x0000000085000000| Complete 
|  23|0x0000000085100000, 0x0000000085200000, 0x0000000085200000|100%|HC|  |TAMS 0x0000000085200000, 0x0000000085100000| Complete 
|  24|0x0000000085200000, 0x0000000085300000, 0x0000000085300000|100%|HS|  |TAMS 0x0000000085300000, 0x0000000085200000| Complete 
|  25|0x0000000085300000, 0x0000000085400000, 0x0000000085400000|100%|HC|  |TAMS 0x0000000085400000, 0x0000000085300000| Complete 
|  26|0x0000000085400000, 0x0000000085500000, 0x0000000085500000|100%|HS|  |TAMS 0x0000000085500000, 0x0000000085400000| Complete 
|  27|0x0000000085500000, 0x0000000085600000, 0x0000000085600000|100%|HC|  |TAMS 0x0000000085600000, 0x0000000085500000| Complete 
|  28|0x0000000085600000, 0x0000000085700000, 0x0000000085700000|100%|HS|  |TAMS 0x0000000085700000, 0x0000000085600000| Complete 
|  29|0x0000000085700000, 0x0000000085800000, 0x0000000085800000|100%|HC|  |TAMS 0x0000000085800000, 0x0000000085700000| Complete 
|  30|0x0000000085800000, 0x0000000085900000, 0x0000000085900000|100%|HS|  |TAMS 0x0000000085900000, 0x0000000085800000| Complete 
|  31|0x0000000085900000, 0x0000000085a00000, 0x0000000085a00000|100%|HC|  |TAMS 0x0000000085a00000, 0x0000000085900000| Complete 
|  32|0x0000000085a00000, 0x0000000085b00000, 0x0000000085b00000|100%|HS|  |TAMS 0x0000000085b00000, 0x0000000085a00000| Complete 
|  33|0x0000000085b00000, 0x0000000085c00000, 0x0000000085c00000|100%|HC|  |TAMS 0x0000000085c00000, 0x0000000085b00000| Complete 
|  34|0x0000000085c00000, 0x0000000085c00000, 0x0000000085d00000|  0%| F|  |TAMS 0x0000000085c00000, 0x0000000085c00000| Untracked 
|  35|0x0000000085d00000, 0x0000000085d00000, 0x0000000085e00000|  0%| F|  |TAMS 0x0000000085d00000, 0x0000000085d00000| Untracked 
|  36|0x0000000085e00000, 0x0000000085e00000, 0x0000000085f00000|  0%| F|  |TAMS 0x0000000085e00000, 0x0000000085e00000| Untracked 
|  37|0x0000000085f00000, 0x0000000085f00000, 0x0000000086000000|  0%| F|  |TAMS 0x0000000085f00000, 0x0000000085f00000| Untracked 
|  38|0x0000000086000000, 0x0000000086000000, 0x0000000086100000|  0%| F|  |TAMS 0x0000000086000000, 0x0000000086000000| Untracked 
|  39|0x0000000086100000, 0x0000000086100000, 0x0000000086200000|  0%| F|  |TAMS 0x0000000086100000, 0x0000000086100000| Untracked 
|  40|0x0000000086200000, 0x0000000086200000, 0x0000000086300000|  0%| F|  |TAMS 0x0000000086200000, 0x0000000086200000| Untracked 
|  41|0x0000000086300000, 0x0000000086300000, 0x0000000086400000|  0%| F|  |TAMS 0x0000000086300000, 0x0000000086300000| Untracked 
|  42|0x0000000086400000, 0x0000000086400000, 0x0000000086500000|  0%| F|  |TAMS 0x0000000086400000, 0x0000000086400000| Untracked 
|  43|0x0000000086500000, 0x0000000086500000, 0x0000000086600000|  0%| F|  |TAMS 0x0000000086500000, 0x0000000086500000| Untracked 
|  44|0x0000000086600000, 0x0000000086600000, 0x0000000086700000|  0%| F|  |TAMS 0x0000000086600000, 0x0000000086600000| Untracked 
|  45|0x0000000086700000, 0x0000000086700000, 0x0000000086800000|  0%| F|  |TAMS 0x0000000086700000, 0x0000000086700000| Untracked 
|  46|0x0000000086800000, 0x0000000086800000, 0x0000000086900000|  0%| F|  |TAMS 0x0000000086800000, 0x0000000086800000| Untracked 
|  47|0x0000000086900000, 0x0000000086900000, 0x0000000086a00000|  0%| F|  |TAMS 0x0000000086900000, 0x0000000086900000| Untracked 
|  48|0x0000000086a00000, 0x0000000086a00000, 0x0000000086b00000|  0%| F|  |TAMS 0x0000000086a00000, 0x0000000086a00000| Untracked 
|  49|0x0000000086b00000, 0x0000000086b00000, 0x0000000086c00000|  0%| F|  |TAMS 0x0000000086b00000, 0x0000000086b00000| Untracked 
|  50|0x0000000086c00000, 0x0000000086c00000, 0x0000000086d00000|  0%| F|  |TAMS 0x0000000086c00000, 0x0000000086c00000| Untracked 
|  51|0x0000000086d00000, 0x0000000086d00000, 0x0000000086e00000|  0%| F|  |TAMS 0x0000000086d00000, 0x0000000086d00000| Untracked 
|  52|0x0000000086e00000, 0x0000000086e00000, 0x0000000086f00000|  0%| F|  |TAMS 0x0000000086e00000, 0x0000000086e00000| Untracked 
|  53|0x0000000086f00000, 0x0000000086f00000, 0x0000000087000000|  0%| F|  |TAMS 0x0000000086f00000, 0x0000000086f00000| Untracked 
|  54|0x0000000087000000, 0x0000000087000000, 0x0000000087100000|  0%| F|  |TAMS 0x0000000087000000, 0x0000000087000000| Untracked 
|  55|0x0000000087100000, 0x0000000087100000, 0x0000000087200000|  0%| F|  |TAMS 0x0000000087100000, 0x0000000087100000| Untracked 
|  56|0x0000000087200000, 0x0000000087200000, 0x0000000087300000|  0%| F|  |TAMS 0x0000000087200000, 0x0000000087200000| Untracked 
|  57|0x0000000087300000, 0x0000000087300000, 0x0000000087400000|  0%| F|  |TAMS 0x0000000087300000, 0x0000000087300000| Untracked 
|  58|0x0000000087400000, 0x0000000087400000, 0x0000000087500000|  0%| F|  |TAMS 0x0000000087400000, 0x0000000087400000| Untracked 
|  59|0x0000000087500000, 0x0000000087500000, 0x0000000087600000|  0%| F|  |TAMS 0x0000000087500000, 0x0000000087500000| Untracked 
|  60|0x0000000087600000, 0x0000000087600000, 0x0000000087700000|  0%| F|  |TAMS 0x0000000087600000, 0x0000000087600000| Untracked 
|  61|0x0000000087700000, 0x0000000087700000, 0x0000000087800000|  0%| F|  |TAMS 0x0000000087700000, 0x0000000087700000| Untracked 
|  62|0x0000000087800000, 0x0000000087800000, 0x0000000087900000|  0%| F|  |TAMS 0x0000000087800000, 0x0000000087800000| Untracked 
|  63|0x0000000087900000, 0x0000000087900000, 0x0000000087a00000|  0%| F|  |TAMS 0x0000000087900000, 0x0000000087900000| Untracked 
|  64|0x0000000087a00000, 0x0000000087a00000, 0x0000000087b00000|  0%| F|  |TAMS 0x0000000087a00000, 0x0000000087a00000| Untracked 
|  65|0x0000000087b00000, 0x0000000087b00000, 0x0000000087c00000|  0%| F|  |TAMS 0x0000000087b00000, 0x0000000087b00000| Untracked 
|  66|0x0000000087c00000, 0x0000000087c00000, 0x0000000087d00000|  0%| F|  |TAMS 0x0000000087c00000, 0x0000000087c00000| Untracked 
|  67|0x0000000087d00000, 0x0000000087d00000, 0x0000000087e00000|  0%| F|  |TAMS 0x0000000087d00000, 0x0000000087d00000| Untracked 
|  68|0x0000000087e00000, 0x0000000087e00000, 0x0000000087f00000|  0%| F|  |TAMS 0x0000000087e00000, 0x0000000087e00000| Untracked 
|  69|0x0000000087f00000, 0x0000000087f00000, 0x0000000088000000|  0%| F|  |TAMS 0x0000000087f00000, 0x0000000087f00000| Untracked 
|  70|0x0000000088000000, 0x0000000088000000, 0x0000000088100000|  0%| F|  |TAMS 0x0000000088000000, 0x0000000088000000| Untracked 
|  71|0x0000000088100000, 0x0000000088100000, 0x0000000088200000|  0%| F|  |TAMS 0x0000000088100000, 0x0000000088100000| Untracked 
|  72|0x0000000088200000, 0x0000000088200000, 0x0000000088300000|  0%| F|  |TAMS 0x0000000088200000, 0x0000000088200000| Untracked 
|  73|0x0000000088300000, 0x0000000088300000, 0x0000000088400000|  0%| F|  |TAMS 0x0000000088300000, 0x0000000088300000| Untracked 
|  74|0x0000000088400000, 0x0000000088400000, 0x0000000088500000|  0%| F|  |TAMS 0x0000000088400000, 0x0000000088400000| Untracked 
|  75|0x0000000088500000, 0x0000000088500000, 0x0000000088600000|  0%| F|  |TAMS 0x0000000088500000, 0x0000000088500000| Untracked 
|  76|0x0000000088600000, 0x0000000088600000, 0x0000000088700000|  0%| F|  |TAMS 0x0000000088600000, 0x0000000088600000| Untracked 
|  77|0x0000000088700000, 0x0000000088700000, 0x0000000088800000|  0%| F|  |TAMS 0x0000000088700000, 0x0000000088700000| Untracked 
|  78|0x0000000088800000, 0x0000000088800000, 0x0000000088900000|  0%| F|  |TAMS 0x0000000088800000, 0x0000000088800000| Untracked 
|  79|0x0000000088900000, 0x0000000088900000, 0x0000000088a00000|  0%| F|  |TAMS 0x0000000088900000, 0x0000000088900000| Untracked 
|  80|0x0000000088a00000, 0x0000000088a00000, 0x0000000088b00000|  0%| F|  |TAMS 0x0000000088a00000, 0x0000000088a00000| Untracked 
|  81|0x0000000088b00000, 0x0000000088b00000, 0x0000000088c00000|  0%| F|  |TAMS 0x0000000088b00000, 0x0000000088b00000| Untracked 
|  82|0x0000000088c00000, 0x0000000088c00000, 0x0000000088d00000|  0%| F|  |TAMS 0x0000000088c00000, 0x0000000088c00000| Untracked 
|  83|0x0000000088d00000, 0x0000000088d00000, 0x0000000088e00000|  0%| F|  |TAMS 0x0000000088d00000, 0x0000000088d00000| Untracked 
|  84|0x0000000088e00000, 0x0000000088e00000, 0x0000000088f00000|  0%| F|  |TAMS 0x0000000088e00000, 0x0000000088e00000| Untracked 
|  85|0x0000000088f00000, 0x0000000088f00000, 0x0000000089000000|  0%| F|  |TAMS 0x0000000088f00000, 0x0000000088f00000| Untracked 
|  86|0x0000000089000000, 0x0000000089000000, 0x0000000089100000|  0%| F|  |TAMS 0x0000000089000000, 0x0000000089000000| Untracked 
|  87|0x0000000089100000, 0x0000000089100000, 0x0000000089200000|  0%| F|  |TAMS 0x0000000089100000, 0x0000000089100000| Untracked 
|  88|0x0000000089200000, 0x0000000089200000, 0x0000000089300000|  0%| F|  |TAMS 0x0000000089200000, 0x0000000089200000| Untracked 
|  89|0x0000000089300000, 0x0000000089300000, 0x0000000089400000|  0%| F|  |TAMS 0x0000000089300000, 0x0000000089300000| Untracked 
|  90|0x0000000089400000, 0x0000000089400000, 0x0000000089500000|  0%| F|  |TAMS 0x0000000089400000, 0x0000000089400000| Untracked 
|  91|0x0000000089500000, 0x000000008954b018, 0x0000000089600000| 29%| S|CS|TAMS 0x0000000089500000, 0x0000000089500000| Complete 
|  92|0x0000000089600000, 0x0000000089700000, 0x0000000089700000|100%| S|CS|TAMS 0x0000000089600000, 0x0000000089600000| Complete 
|  93|0x0000000089700000, 0x0000000089800000, 0x0000000089800000|100%| S|CS|TAMS 0x0000000089700000, 0x0000000089700000| Complete 
|  94|0x0000000089800000, 0x0000000089900000, 0x0000000089900000|100%| S|CS|TAMS 0x0000000089800000, 0x0000000089800000| Complete 
|  95|0x0000000089900000, 0x0000000089a00000, 0x0000000089a00000|100%| S|CS|TAMS 0x0000000089900000, 0x0000000089900000| Complete 
|  96|0x0000000089a00000, 0x0000000089b00000, 0x0000000089b00000|100%| S|CS|TAMS 0x0000000089a00000, 0x0000000089a00000| Complete 
|  97|0x0000000089b00000, 0x0000000089c00000, 0x0000000089c00000|100%| S|CS|TAMS 0x0000000089b00000, 0x0000000089b00000| Complete 
|  98|0x0000000089c00000, 0x0000000089d00000, 0x0000000089d00000|100%| S|CS|TAMS 0x0000000089c00000, 0x0000000089c00000| Complete 
|  99|0x0000000089d00000, 0x0000000089d00000, 0x0000000089e00000|  0%| F|  |TAMS 0x0000000089d00000, 0x0000000089d00000| Untracked 
| 100|0x0000000089e00000, 0x0000000089e00000, 0x0000000089f00000|  0%| F|  |TAMS 0x0000000089e00000, 0x0000000089e00000| Untracked 
| 101|0x0000000089f00000, 0x0000000089f00000, 0x000000008a000000|  0%| F|  |TAMS 0x0000000089f00000, 0x0000000089f00000| Untracked 
| 102|0x000000008a000000, 0x000000008a000000, 0x000000008a100000|  0%| F|  |TAMS 0x000000008a000000, 0x000000008a000000| Untracked 
| 103|0x000000008a100000, 0x000000008a100000, 0x000000008a200000|  0%| F|  |TAMS 0x000000008a100000, 0x000000008a100000| Untracked 
| 104|0x000000008a200000, 0x000000008a200000, 0x000000008a300000|  0%| F|  |TAMS 0x000000008a200000, 0x000000008a200000| Untracked 
| 105|0x000000008a300000, 0x000000008a300000, 0x000000008a400000|  0%| F|  |TAMS 0x000000008a300000, 0x000000008a300000| Untracked 
| 106|0x000000008a400000, 0x000000008a400000, 0x000000008a500000|  0%| F|  |TAMS 0x000000008a400000, 0x000000008a400000| Untracked 
| 107|0x000000008a500000, 0x000000008a500000, 0x000000008a600000|  0%| F|  |TAMS 0x000000008a500000, 0x000000008a500000| Untracked 
| 108|0x000000008a600000, 0x000000008a600000, 0x000000008a700000|  0%| F|  |TAMS 0x000000008a600000, 0x000000008a600000| Untracked 
| 109|0x000000008a700000, 0x000000008a700000, 0x000000008a800000|  0%| F|  |TAMS 0x000000008a700000, 0x000000008a700000| Untracked 
| 110|0x000000008a800000, 0x000000008a800000, 0x000000008a900000|  0%| F|  |TAMS 0x000000008a800000, 0x000000008a800000| Untracked 
| 111|0x000000008a900000, 0x000000008a900000, 0x000000008aa00000|  0%| F|  |TAMS 0x000000008a900000, 0x000000008a900000| Untracked 
| 112|0x000000008aa00000, 0x000000008aa00000, 0x000000008ab00000|  0%| F|  |TAMS 0x000000008aa00000, 0x000000008aa00000| Untracked 
| 113|0x000000008ab00000, 0x000000008ab00000, 0x000000008ac00000|  0%| F|  |TAMS 0x000000008ab00000, 0x000000008ab00000| Untracked 
| 114|0x000000008ac00000, 0x000000008ac00000, 0x000000008ad00000|  0%| F|  |TAMS 0x000000008ac00000, 0x000000008ac00000| Untracked 
| 115|0x000000008ad00000, 0x000000008ad00000, 0x000000008ae00000|  0%| F|  |TAMS 0x000000008ad00000, 0x000000008ad00000| Untracked 
| 116|0x000000008ae00000, 0x000000008aef5c78, 0x000000008af00000| 96%| E|  |TAMS 0x000000008ae00000, 0x000000008ae00000| Complete 
| 117|0x000000008af00000, 0x000000008b000000, 0x000000008b000000|100%| E|CS|TAMS 0x000000008af00000, 0x000000008af00000| Complete 
| 118|0x000000008b000000, 0x000000008b100000, 0x000000008b100000|100%| E|CS|TAMS 0x000000008b000000, 0x000000008b000000| Complete 
| 119|0x000000008b100000, 0x000000008b200000, 0x000000008b200000|100%| E|CS|TAMS 0x000000008b100000, 0x000000008b100000| Complete 
| 120|0x000000008b200000, 0x000000008b300000, 0x000000008b300000|100%| E|CS|TAMS 0x000000008b200000, 0x000000008b200000| Complete 
| 121|0x000000008b300000, 0x000000008b400000, 0x000000008b400000|100%| E|CS|TAMS 0x000000008b300000, 0x000000008b300000| Complete 
| 122|0x000000008b400000, 0x000000008b500000, 0x000000008b500000|100%| E|CS|TAMS 0x000000008b400000, 0x000000008b400000| Complete 
| 123|0x000000008b500000, 0x000000008b600000, 0x000000008b600000|100%| E|CS|TAMS 0x000000008b500000, 0x000000008b500000| Complete 
| 124|0x000000008b600000, 0x000000008b700000, 0x000000008b700000|100%| E|CS|TAMS 0x000000008b600000, 0x000000008b600000| Complete 
| 125|0x000000008b700000, 0x000000008b800000, 0x000000008b800000|100%| E|CS|TAMS 0x000000008b700000, 0x000000008b700000| Complete 

Card table byte_map: [0x0000025ec1f70000,0x0000025ec2360000] _byte_map_base: 0x0000025ec1b53000

Marking Bits (Prev, Next): (CMBitMap*) 0x0000025eaad56d60, (CMBitMap*) 0x0000025eaad56d20
 Prev Bits: [0x0000025ec4670000, 0x0000025ec6588000)
 Next Bits: [0x0000025ec2750000, 0x0000025ec4668000)

Polling page: 0x0000025ea8de0000

Metaspace:

Usage:
  Non-class:     18.43 MB used.
      Class:      2.93 MB used.
       Both:     21.36 MB used.

Virtual space:
  Non-class space:       64.00 MB reserved,      18.56 MB ( 29%) committed,  1 nodes.
      Class space:        1.00 GB reserved,       3.06 MB ( <1%) committed,  1 nodes.
             Both:        1.06 GB reserved,      21.62 MB (  2%) committed. 

Chunk freelists:
   Non-Class:  13.35 MB
       Class:  12.98 MB
        Both:  26.33 MB

MaxMetaspaceSize: unlimited
CompressedClassSpaceSize: 1.00 GB
Initial GC threshold: 21.00 MB
Current GC threshold: 35.12 MB
CDS: on
MetaspaceReclaimPolicy: balanced
 - commit_granule_bytes: 65536.
 - commit_granule_words: 8192.
 - virtual_space_node_default_size: 8388608.
 - enlarge_chunks_in_place: 1.
 - new_chunks_are_fully_committed: 0.
 - uncommit_free_chunks: 1.
 - use_allocation_guard: 0.
 - handle_deallocations: 1.


Internal statistics:

num_allocs_failed_limit: 3.
num_arena_births: 244.
num_arena_deaths: 0.
num_vsnodes_births: 2.
num_vsnodes_deaths: 0.
num_space_committed: 346.
num_space_uncommitted: 0.
num_chunks_returned_to_freelist: 3.
num_chunks_taken_from_freelist: 995.
num_chunk_merges: 3.
num_chunk_splits: 687.
num_chunks_enlarged: 532.
num_inconsistent_stats: 0.

CodeHeap 'non-profiled nmethods': size=120000Kb used=1935Kb max_used=1935Kb free=118064Kb
 bounds [0x0000025eba320000, 0x0000025eba590000, 0x0000025ec1850000]
CodeHeap 'profiled nmethods': size=120000Kb used=8834Kb max_used=8834Kb free=111166Kb
 bounds [0x0000025eb2850000, 0x0000025eb3100000, 0x0000025eb9d80000]
CodeHeap 'non-nmethods': size=5760Kb used=1486Kb max_used=1521Kb free=4273Kb
 bounds [0x0000025eb9d80000, 0x0000025eb9ff0000, 0x0000025eba320000]
 total_blobs=5286 nmethods=4438 adapters=760
 compilation: enabled
              stopped_count=0, restarted_count=0
 full_count=0

Compilation events (20 events):
Event: 209.806 Thread 0x0000025ec898e9f0 nmethod 4429 0x0000025eba503010 code [0x0000025eba5031a0, 0x0000025eba5032c8]
Event: 210.209 Thread 0x0000025ec898e9f0 4430       4       com.sun.javafx.geom.transform.Identity::transform (20 bytes)
Event: 210.211 Thread 0x0000025ec898e9f0 nmethod 4430 0x0000025eba503410 code [0x0000025eba503580, 0x0000025eba503658]
Event: 210.546 Thread 0x0000025ec898e9f0 4431       4       java.util.EnumMap$ValueIterator::next (50 bytes)
Event: 210.551 Thread 0x0000025ec898e9f0 nmethod 4431 0x0000025eba503710 code [0x0000025eba5038a0, 0x0000025eba503a98]
Event: 210.557 Thread 0x0000025ec89948f0 4432       3       javafx.scene.Node::requestCssStateTransition (40 bytes)
Event: 210.558 Thread 0x0000025ec89948f0 nmethod 4432 0x0000025eb30e9590 code [0x0000025eb30e9780, 0x0000025eb30e9d78]
Event: 263.384 Thread 0x0000025ec89948f0 4433       3       jdk.internal.module.Resources::toPackageName (39 bytes)
Event: 263.385 Thread 0x0000025ec89948f0 nmethod 4433 0x0000025eb30e9f10 code [0x0000025eb30ea140, 0x0000025eb30ea7b8]
Event: 318.495 Thread 0x0000025ec89948f0 4434   !   3       jdk.internal.loader.BuiltinClassLoader::findMiscResource (122 bytes)
Event: 318.496 Thread 0x0000025ec89948f0 nmethod 4434 0x0000025eb30eaa10 code [0x0000025eb30eacc0, 0x0000025eb30ebf08]
Event: 343.544 Thread 0x0000025ec89948f0 4435       3       jdk.internal.loader.BuiltinClassLoader::checkURL (5 bytes)
Event: 343.544 Thread 0x0000025ec89948f0 nmethod 4435 0x0000025eb30ec410 code [0x0000025eb30ec5c0, 0x0000025eb30ec7a8]
Event: 343.545 Thread 0x0000025ec89948f0 4436   !   3       jdk.internal.loader.URLClassPath::checkURL (16 bytes)
Event: 343.545 Thread 0x0000025ec89948f0 nmethod 4436 0x0000025eb30ec890 code [0x0000025eb30eca40, 0x0000025eb30ecc08]
Event: 353.560 Thread 0x0000025ec89948f0 4437   !   3       jdk.internal.loader.BuiltinClassLoader::findResource (154 bytes)
Event: 353.563 Thread 0x0000025ec89948f0 nmethod 4437 0x0000025eb30ecd10 code [0x0000025eb30ed080, 0x0000025eb30ee4e8]
Event: 353.563 Thread 0x0000025ec89948f0 4438       3       jdk.internal.loader.BuiltinClassLoader::findResourceOnClassPath (41 bytes)
Event: 353.564 Thread 0x0000025ec89948f0 nmethod 4438 0x0000025eb30eed10 code [0x0000025eb30eef40, 0x0000025eb30ef7f8]
Event: 550.061 Thread 0x0000025ec89948f0 4439       3       java.lang.invoke.MethodHandleImpl::computeValueConversions (121 bytes)

GC Heap History (6 events):
Event: 0.492 GC heap before
{Heap before GC invocations=0 (full 0):
 garbage-first heap   total 129024K, used 23552K [0x0000000083a00000, 0x0000000100000000)
  region size 1024K, 23 young (23552K), 0 survivors (0K)
 Metaspace       used 5938K, committed 6208K, reserved 1114112K
  class space    used 698K, committed 832K, reserved 1048576K
}
Event: 0.495 GC heap after
{Heap after GC invocations=1 (full 0):
 garbage-first heap   total 129024K, used 3778K [0x0000000083a00000, 0x0000000100000000)
  region size 1024K, 3 young (3072K), 3 survivors (3072K)
 Metaspace       used 5938K, committed 6208K, reserved 1114112K
  class space    used 698K, committed 832K, reserved 1048576K
}
Event: 1.106 GC heap before
{Heap before GC invocations=1 (full 0):
 garbage-first heap   total 129024K, used 41666K [0x0000000083a00000, 0x0000000100000000)
  region size 1024K, 35 young (35840K), 3 survivors (3072K)
 Metaspace       used 14116K, committed 14336K, reserved 1114112K
  class space    used 2116K, committed 2240K, reserved 1048576K
}
Event: 1.111 GC heap after
{Heap after GC invocations=2 (full 0):
 garbage-first heap   total 129024K, used 12988K [0x0000000083a00000, 0x0000000100000000)
  region size 1024K, 4 young (4096K), 4 survivors (4096K)
 Metaspace       used 14116K, committed 14336K, reserved 1114112K
  class space    used 2116K, committed 2240K, reserved 1048576K
}
Event: 12.999 GC heap before
{Heap before GC invocations=2 (full 0):
 garbage-first heap   total 129024K, used 65212K [0x0000000083a00000, 0x0000000100000000)
  region size 1024K, 31 young (31744K), 4 survivors (4096K)
 Metaspace       used 21276K, committed 21504K, reserved 1114112K
  class space    used 2933K, committed 3072K, reserved 1048576K
}
Event: 13.004 GC heap after
{Heap after GC invocations=3 (full 0):
 garbage-first heap   total 129024K, used 41982K [0x0000000083a00000, 0x0000000100000000)
  region size 1024K, 8 young (8192K), 8 survivors (8192K)
 Metaspace       used 21276K, committed 21504K, reserved 1114112K
  class space    used 2933K, committed 3072K, reserved 1048576K
}

Dll operation events (20 events):
Event: 0.256 Loaded shared library C:\Program Files\JavaFX\javafx-sdk-17.0.15\bin\api-ms-win-crt-multibyte-l1-1-0.dll
Event: 0.257 Loaded shared library C:\Program Files\JavaFX\javafx-sdk-17.0.15\bin\api-ms-win-crt-private-l1-1-0.dll
Event: 0.259 Loaded shared library C:\Program Files\JavaFX\javafx-sdk-17.0.15\bin\api-ms-win-crt-process-l1-1-0.dll
Event: 0.260 Loaded shared library C:\Program Files\JavaFX\javafx-sdk-17.0.15\bin\api-ms-win-crt-runtime-l1-1-0.dll
Event: 0.260 Loaded shared library C:\Program Files\JavaFX\javafx-sdk-17.0.15\bin\api-ms-win-crt-stdio-l1-1-0.dll
Event: 0.262 Loaded shared library C:\Program Files\JavaFX\javafx-sdk-17.0.15\bin\api-ms-win-crt-string-l1-1-0.dll
Event: 0.263 Loaded shared library C:\Program Files\JavaFX\javafx-sdk-17.0.15\bin\api-ms-win-crt-time-l1-1-0.dll
Event: 0.264 Loaded shared library C:\Program Files\JavaFX\javafx-sdk-17.0.15\bin\api-ms-win-crt-utility-l1-1-0.dll
Event: 0.265 Loaded shared library C:\Program Files\JavaFX\javafx-sdk-17.0.15\bin\ucrtbase.dll
Event: 0.266 Loaded shared library C:\Program Files\JavaFX\javafx-sdk-17.0.15\bin\vcruntime140.dll
Event: 0.267 Loaded shared library C:\Program Files\JavaFX\javafx-sdk-17.0.15\bin\vcruntime140_1.dll
Event: 0.268 Loaded shared library C:\Program Files\JavaFX\javafx-sdk-17.0.15\bin\msvcp140.dll
Event: 0.270 Loaded shared library C:\Program Files\JavaFX\javafx-sdk-17.0.15\bin\msvcp140_1.dll
Event: 0.271 Loaded shared library C:\Program Files\JavaFX\javafx-sdk-17.0.15\bin\msvcp140_2.dll
Event: 0.309 Loaded shared library C:\Program Files\JavaFX\javafx-sdk-17.0.15\bin\prism_d3d.dll
Event: 0.348 Loaded shared library C:\Program Files\JavaFX\javafx-sdk-17.0.15\bin\glass.dll
Event: 0.434 Loaded shared library C:\Users\jccas\.jdks\temurin-17.0.15\bin\jimage.dll
Event: 0.513 Loaded shared library C:\Program Files\JavaFX\javafx-sdk-17.0.15\bin\javafx_iio.dll
Event: 0.558 Loaded shared library C:\Program Files\JavaFX\javafx-sdk-17.0.15\bin\javafx_font.dll
Event: 9.469 Loaded shared library C:\Users\jccas\.jdks\temurin-17.0.15\bin\verify.dll

Deoptimization events (20 events):
Event: 13.016 Thread 0x0000025ec924aa90 Uncommon trap: trap_request=0xffffffbe fr.pc=0x0000025eba4abb88 relative=0x0000000000000d88
Event: 13.016 Thread 0x0000025ec924aa90 Uncommon trap: reason=profile_predicate action=maybe_recompile pc=0x0000025eba4abb88 method=javafx.css.CompoundSelector.applies(Ljavafx/css/Styleable;I[Ljava/util/Set;I)Z @ 103 c2
Event: 13.016 Thread 0x0000025ec924aa90 DEOPT PACKING pc=0x0000025eba4abb88 sp=0x000000e9fe7f8580
Event: 13.016 Thread 0x0000025ec924aa90 DEOPT UNPACKING pc=0x0000025eb9dda1a3 sp=0x000000e9fe7f8520 mode 2
Event: 13.016 Thread 0x0000025ec924aa90 Uncommon trap: trap_request=0xffffffbe fr.pc=0x0000025eba4abb88 relative=0x0000000000000d88
Event: 13.016 Thread 0x0000025ec924aa90 Uncommon trap: reason=profile_predicate action=maybe_recompile pc=0x0000025eba4abb88 method=javafx.css.CompoundSelector.applies(Ljavafx/css/Styleable;I[Ljava/util/Set;I)Z @ 103 c2
Event: 13.016 Thread 0x0000025ec924aa90 DEOPT PACKING pc=0x0000025eba4abb88 sp=0x000000e9fe7f8580
Event: 13.016 Thread 0x0000025ec924aa90 DEOPT UNPACKING pc=0x0000025eb9dda1a3 sp=0x000000e9fe7f8520 mode 2
Event: 13.017 Thread 0x0000025ec924aa90 Uncommon trap: trap_request=0xffffff45 fr.pc=0x0000025eba4c645c relative=0x00000000000000bc
Event: 13.017 Thread 0x0000025ec924aa90 Uncommon trap: reason=unstable_if action=reinterpret pc=0x0000025eba4c645c method=java.lang.Math.max(DD)D @ 28 c2
Event: 13.017 Thread 0x0000025ec924aa90 DEOPT PACKING pc=0x0000025eba4c645c sp=0x000000e9fe7f8f80
Event: 13.017 Thread 0x0000025ec924aa90 DEOPT UNPACKING pc=0x0000025eb9dda1a3 sp=0x000000e9fe7f8f20 mode 2
Event: 13.018 Thread 0x0000025ec924aa90 Uncommon trap: trap_request=0xffffffbe fr.pc=0x0000025eba4abb88 relative=0x0000000000000d88
Event: 13.018 Thread 0x0000025ec924aa90 Uncommon trap: reason=profile_predicate action=maybe_recompile pc=0x0000025eba4abb88 method=javafx.css.CompoundSelector.applies(Ljavafx/css/Styleable;I[Ljava/util/Set;I)Z @ 103 c2
Event: 13.018 Thread 0x0000025ec924aa90 DEOPT PACKING pc=0x0000025eba4abb88 sp=0x000000e9fe7f8190
Event: 13.018 Thread 0x0000025ec924aa90 DEOPT UNPACKING pc=0x0000025eb9dda1a3 sp=0x000000e9fe7f8130 mode 2
Event: 24.405 Thread 0x0000025ec924afa0 DEOPT PACKING pc=0x0000025eb2c4f1a2 sp=0x000000e9fe5fd8e0
Event: 24.405 Thread 0x0000025ec924afa0 DEOPT UNPACKING pc=0x0000025eb9ddace3 sp=0x000000e9fe5fcde0 mode 0
Event: 24.408 Thread 0x0000025ec924afa0 DEOPT PACKING pc=0x0000025eb2c4f1a2 sp=0x000000e9fe5fe1c0
Event: 24.408 Thread 0x0000025ec924afa0 DEOPT UNPACKING pc=0x0000025eb9ddace3 sp=0x000000e9fe5fd6c0 mode 0

Classes loaded (20 events):
Event: 13.036 Loading class sun/text/resources/BreakIteratorResources
Event: 13.036 Loading class sun/util/resources/BreakIteratorResourceBundle
Event: 13.036 Loading class sun/util/resources/BreakIteratorResourceBundle done
Event: 13.036 Loading class sun/text/resources/BreakIteratorResources done
Event: 13.036 Loading class sun/util/resources/Bundles$2
Event: 13.036 Loading class sun/util/resources/Bundles$2 done
Event: 13.038 Loading class sun/text/RuleBasedBreakIterator
Event: 13.039 Loading class sun/text/RuleBasedBreakIterator done
Event: 13.039 Loading class sun/text/CompactByteArray
Event: 13.039 Loading class sun/text/CompactByteArray done
Event: 13.039 Loading class sun/text/SupplementaryCharacterData
Event: 13.039 Loading class sun/text/SupplementaryCharacterData done
Event: 13.039 Loading class java/text/BreakIterator$BreakIteratorCache
Event: 13.039 Loading class java/text/BreakIterator$BreakIteratorCache done
Event: 24.393 Loading class java/lang/Throwable$WrappedPrintStream
Event: 24.393 Loading class java/lang/Throwable$PrintStreamOrWriter
Event: 24.393 Loading class java/lang/Throwable$PrintStreamOrWriter done
Event: 24.393 Loading class java/lang/Throwable$WrappedPrintStream done
Event: 550.056 Loading class jdk/internal/misc/Signal$1
Event: 550.057 Loading class jdk/internal/misc/Signal$1 done

Classes unloaded (0 events):
No events

Classes redefined (0 events):
No events

Internal exceptions (20 events):
Event: 0.613 Thread 0x0000025ec924aa90 Exception <a 'java/lang/NoSuchMethodError'{0x000000008af19dc8}: 'void java.lang.invoke.DirectMethodHandle$Holder.invokeSpecial(java.lang.Object, java.lang.Object, java.lang.Object, java.lang.Object, java.lang.Object)'> (0x000000008af19dc8) 
thrown [s\src\hotspot\share\interpreter\linkResolver.cpp, line 759]
Event: 0.716 Thread 0x0000025ec924aa90 Implicit null exception at 0x0000025eba34add8 to 0x0000025eba34ae6e
Event: 0.721 Thread 0x0000025ec924aa90 Implicit null exception at 0x0000025eba381a8d to 0x0000025eba381e8c
Event: 0.872 Thread 0x0000025ec924aa90 Exception <a 'java/lang/NoSuchMethodError'{0x000000008a5c1820}: 'java.lang.Object java.lang.invoke.DirectMethodHandle$Holder.invokeInterface(java.lang.Object, java.lang.Object, java.lang.Object)'> (0x000000008a5c1820) 
thrown [s\src\hotspot\share\interpreter\linkResolver.cpp, line 759]
Event: 0.873 Thread 0x0000025ec924aa90 Exception <a 'java/lang/IncompatibleClassChangeError'{0x000000008a5c51a8}: Found class java.lang.Object, but interface was expected> (0x000000008a5c51a8) 
thrown [s\src\hotspot\share\interpreter\linkResolver.cpp, line 826]
Event: 0.909 Thread 0x0000025ec924aa90 Exception <a 'java/lang/ClassNotFoundException'{0x000000008a3b7dd8}: com/sun/javafx/scene/control/skin/resources/controls> (0x000000008a3b7dd8) 
thrown [s\src\hotspot\share\prims\jni.cpp, line 535]
Event: 0.910 Thread 0x0000025ec924aa90 Exception <a 'java/lang/ClassNotFoundException'{0x000000008a3c5d78}: com/sun/javafx/scene/control/skin/resources/controls_es> (0x000000008a3c5d78) 
thrown [s\src\hotspot\share\prims\jni.cpp, line 535]
Event: 0.911 Thread 0x0000025ec924aa90 Exception <a 'java/lang/ClassNotFoundException'{0x000000008a3d39d8}: com/sun/javafx/scene/control/skin/resources/controls_es_MX> (0x000000008a3d39d8) 
thrown [s\src\hotspot\share\prims\jni.cpp, line 535]
Event: 0.947 Thread 0x0000025ec924aa90 Exception <a 'java/lang/NoSuchMethodError'{0x000000008a18e100}: 'void java.lang.invoke.DirectMethodHandle$Holder.invokeSpecial(java.lang.Object, java.lang.Object, java.lang.Object, java.lang.Object, java.lang.Object, java.lang.Object)'> (0x000000008a18e100) 
thrown [s\src\hotspot\share\interpreter\linkResolver.cpp, line 759]
Event: 1.009 Thread 0x0000025ec924aa90 Exception <a 'java/lang/NoSuchMethodError'{0x0000000089a3e818}: 'java.lang.Object java.lang.invoke.DirectMethodHandle$Holder.newInvokeSpecial(java.lang.Object, java.lang.Object, int)'> (0x0000000089a3e818) 
thrown [s\src\hotspot\share\interpreter\linkResolver.cpp, line 759]
Event: 1.032 Thread 0x0000025ec924afa0 Exception <a 'java/lang/NoSuchMethodError'{0x0000000089983308}: 'int java.lang.invoke.DirectMethodHandle$Holder.invokeStaticInit(java.lang.Object, java.lang.Object)'> (0x0000000089983308) 
thrown [s\src\hotspot\share\interpreter\linkResolver.cpp, line 759]
Event: 1.041 Thread 0x0000025ec924aa90 Exception <a 'java/lang/NoSuchMethodError'{0x00000000899ffc20}: 'long java.lang.invoke.DirectMethodHandle$Holder.invokeStatic(java.lang.Object, java.lang.Object, java.lang.Object)'> (0x00000000899ffc20) 
thrown [s\src\hotspot\share\interpreter\linkResolver.cpp, line 759]
Event: 1.041 Thread 0x0000025ec924aa90 Exception <a 'java/lang/NoSuchMethodError'{0x000000008985e198}: 'long java.lang.invoke.DirectMethodHandle$Holder.invokeStaticInit(java.lang.Object, java.lang.Object, java.lang.Object)'> (0x000000008985e198) 
thrown [s\src\hotspot\share\interpreter\linkResolver.cpp, line 759]
Event: 1.043 Thread 0x0000025ec924aa90 Exception <a 'java/lang/NoSuchMethodError'{0x00000000898762f0}: 'java.lang.Object java.lang.invoke.DirectMethodHandle$Holder.newInvokeSpecial(java.lang.Object, java.lang.Object, long)'> (0x00000000898762f0) 
thrown [s\src\hotspot\share\interpreter\linkResolver.cpp, line 759]
Event: 1.044 Thread 0x0000025ec924aa90 Exception <a 'java/lang/NoSuchMethodError'{0x0000000089879e60}: 'java.lang.Object java.lang.invoke.Invokers$Holder.linkToTargetMethod(java.lang.Object, long, java.lang.Object)'> (0x0000000089879e60) 
thrown [s\src\hotspot\share\interpreter\linkResolver.cpp, line 759]
Event: 1.054 Thread 0x0000025ec924afa0 Exception <a 'java/lang/NoSuchMethodError'{0x00000000898debf8}: 'java.lang.Object java.lang.invoke.DirectMethodHandle$Holder.invokeStaticInit(java.lang.Object, int)'> (0x00000000898debf8) 
thrown [s\src\hotspot\share\interpreter\linkResolver.cpp, line 759]
Event: 9.304 Thread 0x0000025ec924aa90 Exception <a 'java/lang/NoSuchMethodError'{0x000000008b329920}: 'java.lang.Object java.lang.invoke.DirectMethodHandle$Holder.invokeInterface(java.lang.Object, java.lang.Object)'> (0x000000008b329920) 
thrown [s\src\hotspot\share\interpreter\linkResolver.cpp, line 759]
Event: 9.318 Thread 0x0000025ec924aa90 Exception <a 'java/lang/NoSuchMethodError'{0x000000008b3a3478}: 'java.lang.Object java.lang.invoke.DirectMethodHandle$Holder.invokeVirtual(java.lang.Object, java.lang.Object, java.lang.Object)'> (0x000000008b3a3478) 
thrown [s\src\hotspot\share\interpreter\linkResolver.cpp, line 759]
Event: 10.791 Thread 0x0000025ec924aa90 Exception <a 'java/lang/NoSuchMethodError'{0x000000008a52b1c0}: 'void java.lang.invoke.DirectMethodHandle$Holder.invokeSpecialIFC(java.lang.Object, java.lang.Object, java.lang.Object, java.lang.Object)'> (0x000000008a52b1c0) 
thrown [s\src\hotspot\share\interpreter\linkResolver.cpp, line 759]
Event: 10.815 Thread 0x0000025ec924aa90 Exception <a 'java/lang/NoSuchMethodError'{0x000000008a4e98b0}: 'int java.lang.invoke.DirectMethodHandle$Holder.invokeSpecial(java.lang.Object, java.lang.Object, int)'> (0x000000008a4e98b0) 
thrown [s\src\hotspot\share\interpreter\linkResolver.cpp, line 759]

VM Operations (20 events):
Event: 77.433 Executing VM operation: Cleanup done
Event: 78.445 Executing VM operation: Cleanup
Event: 78.445 Executing VM operation: Cleanup done
Event: 79.456 Executing VM operation: Cleanup
Event: 79.457 Executing VM operation: Cleanup done
Event: 81.475 Executing VM operation: Cleanup
Event: 81.475 Executing VM operation: Cleanup done
Event: 88.505 Executing VM operation: Cleanup
Event: 88.505 Executing VM operation: Cleanup done
Event: 97.575 Executing VM operation: Cleanup
Event: 97.576 Executing VM operation: Cleanup done
Event: 98.583 Executing VM operation: Cleanup
Event: 98.583 Executing VM operation: Cleanup done
Event: 180.277 Executing VM operation: Cleanup
Event: 180.278 Executing VM operation: Cleanup done
Event: 210.508 Executing VM operation: Cleanup
Event: 210.508 Executing VM operation: Cleanup done
Event: 211.511 Executing VM operation: Cleanup
Event: 211.511 Executing VM operation: Cleanup done
Event: 550.062 Executing VM operation: Exit

Memory protections (0 events):
No events

Nmethod flushes (0 events):
No events

Events (20 events):
Event: 10.241 Thread 0x0000025ec9396130 Thread exited: 0x0000025ec9396130
Event: 10.422 Thread 0x0000025ec89948f0 Thread added: 0x0000025ec9393160
Event: 10.651 Thread 0x0000025ec9393160 Thread exited: 0x0000025ec9393160
Event: 10.825 Thread 0x0000025ec89948f0 Thread added: 0x0000025ec9395690
Event: 11.137 Thread 0x0000025ec9395690 Thread exited: 0x0000025ec9395690
Event: 11.331 Thread 0x0000025ec898e9f0 Thread added: 0x0000025ec9393160
Event: 11.625 Thread 0x0000025ec9393160 Thread exited: 0x0000025ec9393160
Event: 11.915 Thread 0x0000025ec89948f0 Thread added: 0x0000025ec9393c00
Event: 11.935 Thread 0x0000025ec89948f0 Thread added: 0x0000025ec93946a0
Event: 12.362 Thread 0x0000025ec93946a0 Thread exited: 0x0000025ec93946a0
Event: 12.362 Thread 0x0000025ec9393c00 Thread exited: 0x0000025ec9393c00
Event: 24.406 Thread 0x0000025ec89948f0 Thread added: 0x0000025ec9395690
Event: 25.426 Thread 0x0000025ec9395690 Thread exited: 0x0000025ec9395690
Event: 550.057 Thread 0x0000025ec89847c0 Thread added: 0x0000025f0f82af90
Event: 550.058 Thread 0x0000025f0f82af90 Thread added: 0x0000025f0f82a060
Event: 550.058 Thread 0x0000025f0f82af90 Thread added: 0x0000025f0f828c20
Event: 550.059 Thread 0x0000025f0f82a060 Thread exited: 0x0000025f0f82a060
Event: 550.061 Thread 0x0000025f0f828c20 Thread exited: 0x0000025f0f828c20
Event: 550.061 Thread 0x0000025f0f82af90 Before exit entered
Event: 550.062 Thread 0x0000025ec89847c0 Thread exited: 0x0000025ec89847c0


Dynamic libraries:
0x00007ff64f1f0000 - 0x00007ff64f1fe000 	C:\Users\jccas\.jdks\temurin-17.0.15\bin\java.exe
0x00007ffde29a0000 - 0x00007ffde2c05000 	C:\WINDOWS\SYSTEM32\ntdll.dll
0x00007ffde1640000 - 0x00007ffde1709000 	C:\WINDOWS\System32\KERNEL32.DLL
0x00007ffddfbc0000 - 0x00007ffddffa8000 	C:\WINDOWS\System32\KERNELBASE.dll
0x00007ffde0060000 - 0x00007ffde01ab000 	C:\WINDOWS\System32\ucrtbase.dll
0x00007ffdc3280000 - 0x00007ffdc3297000 	C:\Users\jccas\.jdks\temurin-17.0.15\bin\jli.dll
0x00007ffdc7450000 - 0x00007ffdc746e000 	C:\Users\jccas\.jdks\temurin-17.0.15\bin\VCRUNTIME140.dll
0x00007ffde1300000 - 0x00007ffde14ca000 	C:\WINDOWS\System32\USER32.dll
0x00007ffdb95f0000 - 0x00007ffdb988a000 	C:\WINDOWS\WinSxS\amd64_microsoft.windows.common-controls_6595b64144ccf1df_6.0.26100.4202_none_3e0698d4e335f517\COMCTL32.dll
0x00007ffddfb90000 - 0x00007ffddfbb7000 	C:\WINDOWS\System32\win32u.dll
0x00007ffde1fb0000 - 0x00007ffde1fdb000 	C:\WINDOWS\System32\GDI32.dll
0x00007ffde1d00000 - 0x00007ffde1da9000 	C:\WINDOWS\System32\msvcrt.dll
0x00007ffde0600000 - 0x00007ffde0737000 	C:\WINDOWS\System32\gdi32full.dll
0x00007ffddffb0000 - 0x00007ffde0053000 	C:\WINDOWS\System32\msvcp_win.dll
0x00007ffde0ae0000 - 0x00007ffde0b10000 	C:\WINDOWS\System32\IMM32.DLL
0x00007ffdc73e0000 - 0x00007ffdc73ec000 	C:\Users\jccas\.jdks\temurin-17.0.15\bin\vcruntime140_1.dll
0x00007ffda4790000 - 0x00007ffda481d000 	C:\Users\jccas\.jdks\temurin-17.0.15\bin\msvcp140.dll
0x00007ffd523f0000 - 0x00007ffd5305b000 	C:\Users\jccas\.jdks\temurin-17.0.15\bin\server\jvm.dll
0x00007ffde14d0000 - 0x00007ffde1583000 	C:\WINDOWS\System32\ADVAPI32.dll
0x00007ffde1590000 - 0x00007ffde1636000 	C:\WINDOWS\System32\sechost.dll
0x00007ffde1fe0000 - 0x00007ffde20f5000 	C:\WINDOWS\System32\RPCRT4.dll
0x00007ffde27f0000 - 0x00007ffde2864000 	C:\WINDOWS\System32\WS2_32.dll
0x00007ffddf940000 - 0x00007ffddf99e000 	C:\WINDOWS\SYSTEM32\POWRPROF.dll
0x00007ffdd4980000 - 0x00007ffdd49b5000 	C:\WINDOWS\SYSTEM32\WINMM.dll
0x00007ffdcf770000 - 0x00007ffdcf77b000 	C:\WINDOWS\SYSTEM32\VERSION.dll
0x00007ffddf920000 - 0x00007ffddf934000 	C:\WINDOWS\SYSTEM32\UMPDC.dll
0x00007ffdde890000 - 0x00007ffdde8ab000 	C:\WINDOWS\SYSTEM32\kernel.appcore.dll
0x00007ffdc3930000 - 0x00007ffdc393a000 	C:\Users\jccas\.jdks\temurin-17.0.15\bin\jimage.dll
0x00007ffddd210000 - 0x00007ffddd451000 	C:\WINDOWS\SYSTEM32\DBGHELP.DLL
0x00007ffde0740000 - 0x00007ffde0ac5000 	C:\WINDOWS\System32\combase.dll
0x00007ffde2870000 - 0x00007ffde2951000 	C:\WINDOWS\System32\OLEAUT32.dll
0x00007ffdbb030000 - 0x00007ffdbb069000 	C:\WINDOWS\SYSTEM32\dbgcore.DLL
0x00007ffddfaf0000 - 0x00007ffddfb89000 	C:\WINDOWS\System32\bcryptPrimitives.dll
0x00007ffdc3610000 - 0x00007ffdc361e000 	C:\Users\jccas\.jdks\temurin-17.0.15\bin\instrument.dll
0x00007ffdb36f0000 - 0x00007ffdb3715000 	C:\Users\jccas\.jdks\temurin-17.0.15\bin\java.dll
0x00007ffd9d890000 - 0x00007ffd9d967000 	C:\Users\jccas\.jdks\temurin-17.0.15\bin\jsvml.dll
0x00007ffde0b40000 - 0x00007ffde1282000 	C:\WINDOWS\System32\SHELL32.dll
0x00007ffde0240000 - 0x00007ffde03b4000 	C:\WINDOWS\System32\wintypes.dll
0x00007ffddd720000 - 0x00007ffdddf78000 	C:\WINDOWS\SYSTEM32\windows.storage.dll
0x00007ffde1c00000 - 0x00007ffde1cf1000 	C:\WINDOWS\System32\SHCORE.dll
0x00007ffde1290000 - 0x00007ffde12fa000 	C:\WINDOWS\System32\shlwapi.dll
0x00007ffddfa00000 - 0x00007ffddfa2f000 	C:\WINDOWS\SYSTEM32\profapi.dll
0x00007ffdbe100000 - 0x00007ffdbe119000 	C:\Users\jccas\.jdks\temurin-17.0.15\bin\net.dll
0x00007ffdd47f0000 - 0x00007ffdd490e000 	C:\WINDOWS\SYSTEM32\WINHTTP.dll
0x00007ffddee20000 - 0x00007ffddee8a000 	C:\WINDOWS\system32\mswsock.dll
0x00007ffdbdec0000 - 0x00007ffdbded6000 	C:\Users\jccas\.jdks\temurin-17.0.15\bin\nio.dll
0x00007ffdba060000 - 0x00007ffdba078000 	C:\Users\jccas\.jdks\temurin-17.0.15\bin\zip.dll
0x00007ffdb8cb0000 - 0x00007ffdb8cca000 	C:\Program Files\JetBrains\IntelliJ IDEA 2024.2.0.2\bin\breakgen64.dll
0x00007ffdc33f0000 - 0x00007ffdc33f9000 	C:\Users\jccas\.jdks\temurin-17.0.15\bin\extnet.dll
0x0000025eaa450000 - 0x0000025eaa453000 	C:\Program Files\JavaFX\javafx-sdk-17.0.15\bin\api-ms-win-core-console-l1-1-0.dll
0x0000025eaa460000 - 0x0000025eaa463000 	C:\Program Files\JavaFX\javafx-sdk-17.0.15\bin\api-ms-win-core-console-l1-2-0.dll
0x0000025eaa470000 - 0x0000025eaa473000 	C:\Program Files\JavaFX\javafx-sdk-17.0.15\bin\api-ms-win-core-datetime-l1-1-0.dll
0x0000025eaa480000 - 0x0000025eaa483000 	C:\Program Files\JavaFX\javafx-sdk-17.0.15\bin\api-ms-win-core-debug-l1-1-0.dll
0x0000025eaa490000 - 0x0000025eaa493000 	C:\Program Files\JavaFX\javafx-sdk-17.0.15\bin\api-ms-win-core-errorhandling-l1-1-0.dll
0x0000025eaac70000 - 0x0000025eaac74000 	C:\Program Files\JavaFX\javafx-sdk-17.0.15\bin\api-ms-win-core-file-l1-1-0.dll
0x0000025eaac80000 - 0x0000025eaac83000 	C:\Program Files\JavaFX\javafx-sdk-17.0.15\bin\api-ms-win-core-file-l1-2-0.dll
0x0000025eaac90000 - 0x0000025eaac93000 	C:\Program Files\JavaFX\javafx-sdk-17.0.15\bin\api-ms-win-core-file-l2-1-0.dll
0x0000025eaaca0000 - 0x0000025eaaca3000 	C:\Program Files\JavaFX\javafx-sdk-17.0.15\bin\api-ms-win-core-handle-l1-1-0.dll
0x0000025ec9d40000 - 0x0000025ec9d43000 	C:\Program Files\JavaFX\javafx-sdk-17.0.15\bin\api-ms-win-core-heap-l1-1-0.dll
0x0000025ec9d50000 - 0x0000025ec9d53000 	C:\Program Files\JavaFX\javafx-sdk-17.0.15\bin\api-ms-win-core-interlocked-l1-1-0.dll
0x0000025ec9d60000 - 0x0000025ec9d63000 	C:\Program Files\JavaFX\javafx-sdk-17.0.15\bin\api-ms-win-core-libraryloader-l1-1-0.dll
0x0000025ec9e90000 - 0x0000025ec9e93000 	C:\Program Files\JavaFX\javafx-sdk-17.0.15\bin\api-ms-win-core-localization-l1-2-0.dll
0x0000025ec9d70000 - 0x0000025ec9d73000 	C:\Program Files\JavaFX\javafx-sdk-17.0.15\bin\api-ms-win-core-memory-l1-1-0.dll
0x0000025ec9d80000 - 0x0000025ec9d83000 	C:\Program Files\JavaFX\javafx-sdk-17.0.15\bin\api-ms-win-core-namedpipe-l1-1-0.dll
0x0000025ec9d90000 - 0x0000025ec9d93000 	C:\Program Files\JavaFX\javafx-sdk-17.0.15\bin\api-ms-win-core-processenvironment-l1-1-0.dll
0x0000025ec9da0000 - 0x0000025ec9da3000 	C:\Program Files\JavaFX\javafx-sdk-17.0.15\bin\api-ms-win-core-processthreads-l1-1-0.dll
0x0000025ec9db0000 - 0x0000025ec9db3000 	C:\Program Files\JavaFX\javafx-sdk-17.0.15\bin\api-ms-win-core-processthreads-l1-1-1.dll
0x0000025ec9dc0000 - 0x0000025ec9dc3000 	C:\Program Files\JavaFX\javafx-sdk-17.0.15\bin\api-ms-win-core-profile-l1-1-0.dll
0x0000025ec9dd0000 - 0x0000025ec9dd3000 	C:\Program Files\JavaFX\javafx-sdk-17.0.15\bin\api-ms-win-core-rtlsupport-l1-1-0.dll
0x0000025ec9de0000 - 0x0000025ec9de3000 	C:\Program Files\JavaFX\javafx-sdk-17.0.15\bin\api-ms-win-core-string-l1-1-0.dll
0x0000025ec9df0000 - 0x0000025ec9df3000 	C:\Program Files\JavaFX\javafx-sdk-17.0.15\bin\api-ms-win-core-synch-l1-1-0.dll
0x0000025ec9e00000 - 0x0000025ec9e03000 	C:\Program Files\JavaFX\javafx-sdk-17.0.15\bin\api-ms-win-core-synch-l1-2-0.dll
0x0000025ec9e10000 - 0x0000025ec9e13000 	C:\Program Files\JavaFX\javafx-sdk-17.0.15\bin\api-ms-win-core-sysinfo-l1-1-0.dll
0x0000025ec9e20000 - 0x0000025ec9e23000 	C:\Program Files\JavaFX\javafx-sdk-17.0.15\bin\api-ms-win-core-timezone-l1-1-0.dll
0x0000025ec9e30000 - 0x0000025ec9e33000 	C:\Program Files\JavaFX\javafx-sdk-17.0.15\bin\api-ms-win-core-util-l1-1-0.dll
0x0000025ec9e40000 - 0x0000025ec9e43000 	C:\Program Files\JavaFX\javafx-sdk-17.0.15\bin\api-ms-win-crt-conio-l1-1-0.dll
0x0000025ec9e50000 - 0x0000025ec9e54000 	C:\Program Files\JavaFX\javafx-sdk-17.0.15\bin\api-ms-win-crt-convert-l1-1-0.dll
0x0000025ec9e60000 - 0x0000025ec9e63000 	C:\Program Files\JavaFX\javafx-sdk-17.0.15\bin\api-ms-win-crt-environment-l1-1-0.dll
0x0000025ec9e70000 - 0x0000025ec9e73000 	C:\Program Files\JavaFX\javafx-sdk-17.0.15\bin\api-ms-win-crt-filesystem-l1-1-0.dll
0x0000025ec9e80000 - 0x0000025ec9e83000 	C:\Program Files\JavaFX\javafx-sdk-17.0.15\bin\api-ms-win-crt-heap-l1-1-0.dll
0x0000025ec9ea0000 - 0x0000025ec9ea3000 	C:\Program Files\JavaFX\javafx-sdk-17.0.15\bin\api-ms-win-crt-locale-l1-1-0.dll
0x0000025ec9eb0000 - 0x0000025ec9eb5000 	C:\Program Files\JavaFX\javafx-sdk-17.0.15\bin\api-ms-win-crt-math-l1-1-0.dll
0x0000025ec9ff0000 - 0x0000025ec9ff5000 	C:\Program Files\JavaFX\javafx-sdk-17.0.15\bin\api-ms-win-crt-multibyte-l1-1-0.dll
0x0000025ec9ec0000 - 0x0000025ec9ed0000 	C:\Program Files\JavaFX\javafx-sdk-17.0.15\bin\api-ms-win-crt-private-l1-1-0.dll
0x0000025ec9ed0000 - 0x0000025ec9ed3000 	C:\Program Files\JavaFX\javafx-sdk-17.0.15\bin\api-ms-win-crt-process-l1-1-0.dll
0x0000025ec9ee0000 - 0x0000025ec9ee4000 	C:\Program Files\JavaFX\javafx-sdk-17.0.15\bin\api-ms-win-crt-runtime-l1-1-0.dll
0x0000025ec9ef0000 - 0x0000025ec9ef4000 	C:\Program Files\JavaFX\javafx-sdk-17.0.15\bin\api-ms-win-crt-stdio-l1-1-0.dll
0x0000025ec9f00000 - 0x0000025ec9f04000 	C:\Program Files\JavaFX\javafx-sdk-17.0.15\bin\api-ms-win-crt-string-l1-1-0.dll
0x0000025ec9f10000 - 0x0000025ec9f13000 	C:\Program Files\JavaFX\javafx-sdk-17.0.15\bin\api-ms-win-crt-time-l1-1-0.dll
0x0000025ec9f20000 - 0x0000025ec9f23000 	C:\Program Files\JavaFX\javafx-sdk-17.0.15\bin\api-ms-win-crt-utility-l1-1-0.dll
0x00007ffd941f0000 - 0x00007ffd942ec000 	C:\Program Files\JavaFX\javafx-sdk-17.0.15\bin\ucrtbase.dll
0x00007ffdb8c40000 - 0x00007ffdb8c5b000 	C:\Program Files\JavaFX\javafx-sdk-17.0.15\bin\vcruntime140.dll
0x00007ffdc3390000 - 0x00007ffdc339c000 	C:\Program Files\JavaFX\javafx-sdk-17.0.15\bin\vcruntime140_1.dll
0x00007ffd96080000 - 0x00007ffd9610e000 	C:\Program Files\JavaFX\javafx-sdk-17.0.15\bin\msvcp140.dll
0x00007ffdc2e30000 - 0x00007ffdc2e39000 	C:\Program Files\JavaFX\javafx-sdk-17.0.15\bin\msvcp140_1.dll
0x00007ffdaaac0000 - 0x00007ffdaab01000 	C:\Program Files\JavaFX\javafx-sdk-17.0.15\bin\msvcp140_2.dll
0x00007ffdac170000 - 0x00007ffdac19a000 	C:\Program Files\JavaFX\javafx-sdk-17.0.15\bin\prism_d3d.dll
0x00007ffda1c70000 - 0x00007ffda1e27000 	C:\WINDOWS\system32\d3d9.dll
0x00007ffddca30000 - 0x00007ffddca66000 	C:\WINDOWS\SYSTEM32\dwmapi.dll
0x00007ffddc9c0000 - 0x00007ffddca0d000 	C:\WINDOWS\SYSTEM32\dxcore.dll
0x00007ffddc6e0000 - 0x00007ffddc78f000 	C:\WINDOWS\system32\uxtheme.dll
0x00007ffd61920000 - 0x00007ffd61b58000 	C:\WINDOWS\System32\DriverStore\FileRepository\iigd_dch.inf_amd64_0fdf6ce291234272\igdumdim64.dll
0x00007ffde2100000 - 0x00007ffde229e000 	C:\WINDOWS\System32\ole32.dll
0x00007ffd29b30000 - 0x00007ffd2aea0000 	C:\WINDOWS\System32\DriverStore\FileRepository\iigd_dch.inf_amd64_0fdf6ce291234272\igd9dxva64.dll
0x00007ffde22e0000 - 0x00007ffde2766000 	C:\WINDOWS\System32\SETUPAPI.dll
0x00007ffddf660000 - 0x00007ffddf6b7000 	C:\WINDOWS\SYSTEM32\cfgmgr32.dll
0x00007ffd838e0000 - 0x00007ffd85601000 	C:\WINDOWS\System32\DriverStore\FileRepository\iigd_dch.inf_amd64_0fdf6ce291234272\media_bin_64.dll
0x00007ffdd3bb0000 - 0x00007ffdd3fe8000 	C:\WINDOWS\System32\DriverStore\FileRepository\iigd_dch.inf_amd64_0fdf6ce291234272\igdgmm64.dll
0x00007ffddc810000 - 0x00007ffddc871000 	C:\WINDOWS\SYSTEM32\directxdatabasehelper.dll
0x00007ffda8bd0000 - 0x00007ffda8c12000 	C:\Program Files\JavaFX\javafx-sdk-17.0.15\bin\glass.dll
0x00007ffde1710000 - 0x00007ffde1806000 	C:\WINDOWS\System32\COMDLG32.dll
0x00007ffde1e40000 - 0x00007ffde1fa0000 	C:\WINDOWS\System32\MSCTF.dll
0x00007ffd87fe0000 - 0x00007ffd88007000 	C:\WINDOWS\System32\DriverStore\FileRepository\iigd_dch.inf_amd64_0fdf6ce291234272\igdinfo64.dll
0x00007ffdcfd00000 - 0x00007ffdd3bad000 	C:\WINDOWS\System32\DriverStore\FileRepository\iigd_dch.inf_amd64_0fdf6ce291234272\igc64.dll
0x00007ffdab290000 - 0x00007ffdab2bd000 	C:\Program Files\JavaFX\javafx-sdk-17.0.15\bin\javafx_iio.dll
0x00007ffdb36d0000 - 0x00007ffdb36e5000 	C:\Program Files\JavaFX\javafx-sdk-17.0.15\bin\javafx_font.dll
0x00007ffddaf50000 - 0x00007ffddb1bb000 	C:\WINDOWS\SYSTEM32\dwrite.dll
0x00007ffde1860000 - 0x00007ffde1908000 	C:\WINDOWS\System32\clbcatq.dll
0x00007ffddacd0000 - 0x00007ffddaf09000 	C:\WINDOWS\SYSTEM32\WindowsCodecs.dll
0x00007ffdaa4f0000 - 0x00007ffdaa54a000 	C:\WINDOWS\system32\dataexchange.dll
0x00007ffdcdbe0000 - 0x00007ffdcde1a000 	C:\WINDOWS\system32\twinapi.appcore.dll
0x00007ffd8f100000 - 0x00007ffd8f12c000 	C:\Program Files\Common Files\Microsoft Shared\Ink\rtscom.dll
0x00007ffdc75b0000 - 0x00007ffdc7700000 	C:\WINDOWS\SYSTEM32\textinputframework.dll
0x00007ffddc1f0000 - 0x00007ffddc315000 	C:\WINDOWS\SYSTEM32\CoreMessaging.dll
0x00007ffdd71b0000 - 0x00007ffdd7493000 	C:\WINDOWS\SYSTEM32\CoreUIComponents.dll
0x00007ffddf0f0000 - 0x00007ffddf0fc000 	C:\WINDOWS\SYSTEM32\CRYPTBASE.DLL
0x00007ffdde370000 - 0x00007ffdde497000 	C:\WINDOWS\SYSTEM32\DNSAPI.dll
0x00007ffdde2d0000 - 0x00007ffdde303000 	C:\WINDOWS\SYSTEM32\IPHLPAPI.DLL

dbghelp: loaded successfully - version: 4.0.5 - missing functions: none
symbol engine: initialized successfully - sym options: 0x614 - pdb path: .;C:\Users\jccas\.jdks\temurin-17.0.15\bin;C:\WINDOWS\SYSTEM32;C:\WINDOWS\WinSxS\amd64_microsoft.windows.common-controls_6595b64144ccf1df_6.0.26100.4202_none_3e0698d4e335f517;C:\Users\jccas\.jdks\temurin-17.0.15\bin\server;C:\Program Files\JetBrains\IntelliJ IDEA 2024.2.0.2\bin;C:\Program Files\JavaFX\javafx-sdk-17.0.15\bin;C:\WINDOWS\System32\DriverStore\FileRepository\iigd_dch.inf_amd64_0fdf6ce291234272;C:\Program Files\Common Files\Microsoft Shared\Ink

VM Arguments:
jvm_args: --module-path=C:\Program Files\JavaFX\javafx-sdk-17.0.15\lib --add-modules=javafx.controls,javafx.fxml,javafx.graphics,javafx.base -javaagent:C:\Program Files\JetBrains\IntelliJ IDEA 2024.2.0.2\lib\idea_rt.jar=63024:C:\Program Files\JetBrains\IntelliJ IDEA 2024.2.0.2\bin -Dfile.encoding=UTF-8 
java_command: professionalpractice.ProfessionalPractices
java_class_path (initial): C:\TrabajosProgramacion\PC\ProyectoModificado\Professional-Practices-software\out\production\Professional-Practices-software;C:\TrabajosProgramacion\PC\ProyectoModificado\Professional-Practices-software\dependencies\jbcrypt-0.4.jar;C:\TrabajosProgramacion\PC\ProyectoModificado\Professional-Practices-software\dependencies\mysql-connector-java-8.0.20.jar;C:\Program Files\JavaFX\javafx-sdk-21.0.7\lib\javafx-swt.jar;C:\Program Files\JavaFX\javafx-sdk-21.0.7\lib\javafx.web.jar;C:\Program Files\JavaFX\javafx-sdk-21.0.7\lib\javafx.base.jar;C:\Program Files\JavaFX\javafx-sdk-21.0.7\lib\javafx.fxml.jar;C:\Program Files\JavaFX\javafx-sdk-21.0.7\lib\javafx.media.jar;C:\Program Files\JavaFX\javafx-sdk-21.0.7\lib\javafx.swing.jar;C:\Program Files\JavaFX\javafx-sdk-21.0.7\lib\javafx.controls.jar;C:\Program Files\JavaFX\javafx-sdk-21.0.7\lib\javafx.graphics.jar;C:\Program Files\JavaFX\javafx-sdk-17.0.15\lib\javafx-swt.jar;C:\Program Files\JavaFX\javafx-sdk-17.0.15\lib\javafx.web.jar;C:\Program Files\JavaFX\javafx-sdk-17.0.15\lib\javafx.base.jar;C:\Program Files\JavaFX\javafx-sdk-17.0.15\lib\javafx.fxml.jar;C:\Program Files\JavaFX\javafx-sdk-17.0.15\lib\javafx.media.jar;C:\Program Files\JavaFX\javafx-sdk-17.0.15\lib\javafx.swing.jar;C:\Program Files\JavaFX\javafx-sdk-17.0.15\lib\javafx.controls.jar;C:\Program Files\JavaFX\javafx-sdk-17.0.15\lib\javafx.graphics.jar
Launcher Type: SUN_STANDARD

[Global flags]
     intx CICompilerCount                          = 4                                         {product} {ergonomic}
     uint ConcGCThreads                            = 2                                         {product} {ergonomic}
     uint G1ConcRefinementThreads                  = 8                                         {product} {ergonomic}
   size_t G1HeapRegionSize                         = 1048576                                   {product} {ergonomic}
    uintx GCDrainStackTargetSize                   = 64                                        {product} {ergonomic}
   size_t InitialHeapSize                          = 132120576                                 {product} {ergonomic}
   size_t MarkStackSize                            = 4194304                                   {product} {ergonomic}
   size_t MaxHeapSize                              = 2086666240                                {product} {ergonomic}
   size_t MaxNewSize                               = 1251999744                                {product} {ergonomic}
   size_t MinHeapDeltaBytes                        = 1048576                                   {product} {ergonomic}
   size_t MinHeapSize                              = 8388608                                   {product} {ergonomic}
    uintx NonNMethodCodeHeapSize                   = 5839372                                {pd product} {ergonomic}
    uintx NonProfiledCodeHeapSize                  = 122909434                              {pd product} {ergonomic}
    uintx ProfiledCodeHeapSize                     = 122909434                              {pd product} {ergonomic}
    uintx ReservedCodeCacheSize                    = 251658240                              {pd product} {ergonomic}
     bool SegmentedCodeCache                       = true                                      {product} {ergonomic}
   size_t SoftMaxHeapSize                          = 2086666240                             {manageable} {ergonomic}
     bool UseCompressedClassPointers               = true                           {product lp64_product} {ergonomic}
     bool UseCompressedOops                        = true                           {product lp64_product} {ergonomic}
     bool UseG1GC                                  = true                                      {product} {ergonomic}
     bool UseLargePagesIndividualAllocation        = false                                  {pd product} {ergonomic}

Logging:
Log output configuration:
 #0: stdout all=off uptime,level,tags
 #1: stderr all=off uptime,level,tags

Environment Variables:
PATH=C:\Program Files\Eclipse Adoptium\jdk-21.0.7.6-hotspot\bin;C:\Program Files\MySQL\MySQL Server 8.0\bin;C:\Program Files (x86)\Common Files\Oracle\Java\java8path;C:\Program Files\Common Files\Oracle\Java\javapath;C:\Program Files (x86)\Common Files\Oracle\Java\javapath;C:\WINDOWS\system32;C:\WINDOWS;C:\WINDOWS\System32\Wbem;C:\WINDOWS\System32\WindowsPowerShell\v1.0\;C:\WINDOWS\System32\OpenSSH\;C:\Program Files (x86)\Common Files\i2 Shared\Geotrans\;C:\Program Files (x86)\Common Files\i2 Shared\i2 Online iLink 8\Components\;C:\Program Files\HP\HP One Agent;C:\Users\jccas\AppData\Local\Programs\Python\Python313;C:\WINDOWS\system32;C:\WINDOWS;C:\WINDOWS\System32\Wbem;C:\WINDOWS\System32\WindowsPowerShell\v1.0\;C:\WINDOWS\System32\OpenSSH\;C:\Program Files\dotnet\;C:\Program Files\Git\cmd;C:\Program Files\MySQL\MySQL Server 8.0\bin;C:\Users\jccas\AppData\Local\Programs\Python\Launcher\;C:\xampp\htdocs\UAI\vistas\index.ine_nacional.vista.php;C:\Users\jccas\AppData\Local\Microsoft\WindowsApps;C:\Users\jccas\AppData\Local\JetBrains\Toolbox\scripts;C:\Users\jccas\AppData\Local\Programs\Microsoft VS Code\bin;C:\Users\jccas\.dotnet\tools;
USERNAME=jccas
OS=Windows_NT
PROCESSOR_IDENTIFIER=Intel64 Family 6 Model 140 Stepping 1, GenuineIntel
TMP=C:\Users\jccas\AppData\Local\Temp
TEMP=C:\Users\jccas\AppData\Local\Temp



Periodic native trim disabled


---------------  S Y S T E M  ---------------

OS:
 Windows 11 , 64 bit Build 26100 (10.0.26100.4202)
OS uptime: 5 days 0:54 hours
Hyper-V role detected

CPU: total 8 (initial active 8) (4 cores per cpu, 2 threads per core) family 6 model 140 stepping 1 microcode 0x86, cx8, cmov, fxsr, ht, mmx, 3dnowpref, sse, sse2, sse3, ssse3, sse4.1, sse4.2, popcnt, lzcnt, tsc, tscinvbit, avx, avx2, aes, erms, clmul, bmi1, bmi2, adx, avx512f, avx512dq, avx512cd, avx512bw, avx512vl, sha, fma, vzeroupper, avx512_vpopcntdq, avx512_vpclmulqdq, avx512_vaes, avx512_vnni, clflush, clflushopt, clwb, avx512_vbmi2, avx512_vbmi, hv
Processor Information for all 8 processors :
  Max Mhz: 2419, Current Mhz: 2419, Mhz Limit: 2419

Memory: 4k page, system-wide physical 7957M (1203M free)
TotalPageFile size 16838M (AvailPageFile size 2318M)
current process WorkingSet (physical memory assigned to process): 33M, peak: 294M
current process commit charge ("private bytes"): 372M, peak: 393M

vm_info: OpenJDK 64-Bit Server VM (17.0.15+6) for windows-amd64 JRE (17.0.15+6), built on Apr 15 2025 21:25:47 by "admin" with MS VC++ 17.7 (VS2022)

END.
