#
# A fatal error has been detected by the Java Runtime Environment:
#
#  EXCEPTION_ACCESS_VIOLATION (0xc0000005) at pc=0x00007ffda8bf68a7, pid=6716, tid=22752
#
# JRE version: OpenJDK Runtime Environment Temurin-17.0.15+6 (17.0.15+6) (build 17.0.15+6)
# Java VM: OpenJDK 64-Bit Server VM Temurin-17.0.15+6 (17.0.15+6, mixed mode, sharing, tiered, compressed oops, compressed class ptrs, g1 gc, windows-amd64)
# Problematic frame:
# C  [glass.dll+0x268a7]
#
# No core dump will be written. Minidumps are not enabled by default on client versions of Windows
#
# If you would like to submit a bug report, please visit:
#   https://github.com/adoptium/adoptium-support/issues
#

---------------  S U M M A R Y ------------

Command Line: --module-path=C:\Program Files\JavaFX\javafx-sdk-17.0.15\lib --add-modules=javafx.controls,javafx.fxml,javafx.graphics,javafx.base -javaagent:C:\Program Files\JetBrains\IntelliJ IDEA 2024.2.0.2\lib\idea_rt.jar=63291:C:\Program Files\JetBrains\IntelliJ IDEA 2024.2.0.2\bin -Dfile.encoding=UTF-8 professionalpractice.ProfessionalPractices

Host: 11th Gen Intel(R) Core(TM) i5-1135G7 @ 2.40GHz, 8 cores, 7G,  Windows 11 , 64 bit Build 26100 (10.0.26100.4202)
Time: Thu Jun 19 14:55:54 2025 Hora estándar central (México) elapsed time: 218.259290 seconds (0d 0h 3m 38s)

---------------  T H R E A D  ---------------

Current thread (0x000001a228436730):  VMThread "VM Thread" [stack: 0x0000007f31800000,0x0000007f31900000] [id=22752]

Stack: [0x0000007f31800000,0x0000007f31900000],  sp=0x0000007f318fedf0,  free space=1019k
Native frames: (J=compiled Java code, j=interpreted, Vv=VM code, C=native code)
C  [glass.dll+0x268a7]


siginfo: EXCEPTION_ACCESS_VIOLATION (0xc0000005), reading address 0x0000000000000000


Registers:
RAX=0x0000000000000000, RBX=0x000001a22844a790, RCX=0x000001a228436730, RDX=0x0000007f318fedf0
RSP=0x0000007f318fedf0, RBP=0x00003824c9e77878, RSI=0x000001a26f173898, RDI=0x000001a26f173870
R8 =0x0000000000010002, R9 =0x00003824c9e77878, R10=0x000001a2084a0000, R11=0x0000007f318feca0
R12=0x00007ffda8bd0000, R13=0x000000007ffe0385, R14=0x0000007f318feef8, R15=0x000001a26f173870
RIP=0x00007ffda8bf68a7, EFLAGS=0x0000000000010206

XMM[0]=0x0000000000000000 0x0000000000000000
XMM[1]=0x0000000000000000 0x0000007f318fda50
XMM[2]=0x0000000000000000 0x0000000000000000
XMM[3]=0x0000000000000000 0x0000000000000000
XMM[4]=0x0000000000000000 0x0000000000000000
XMM[5]=0x0000000000000000 0x0000000000000000
XMM[6]=0x0000000000000000 0x404e000000000000
XMM[7]=0x0000000000000000 0x0000000000000000
XMM[8]=0x0000000000000000 0x0000000000000000
XMM[9]=0x0000000000000000 0x0000000000000000
XMM[10]=0x0000000000000000 0x0000000000000000
XMM[11]=0x0000000000000000 0x0000000000000000
XMM[12]=0x0000000000000000 0x0000000000000000
XMM[13]=0x0000000000000000 0x0000000000000000
XMM[14]=0x0000000000000000 0x0000000000000000
XMM[15]=0x0000000000000000 0x0000000000000000
  MXCSR=0x00001fa1


Register to memory mapping:

RIP=0x00007ffda8bf68a7 glass.dll
RAX=0x0 is NULL
RBX=0x000001a22844a790 is a global jni handle
RCX=0x000001a228436730 points into unknown readable memory: 0x00007ffd52de2bb8 | b8 2b de 52 fd 7f 00 00
RDX=0x0000007f318fedf0 points into unknown readable memory: 0x0000000000000000 | 00 00 00 00 00 00 00 00
RSP=0x0000007f318fedf0 points into unknown readable memory: 0x0000000000000000 | 00 00 00 00 00 00 00 00
RBP=0x00003824c9e77878 is an unknown value
RSI=0x000001a26f173898 points into unknown readable memory: 0x00003824c9e77878 | 78 78 e7 c9 24 38 00 00
RDI=0x000001a26f173870 points into unknown readable memory: 0x0800385b344fc745 | 45 c7 4f 34 5b 38 00 08
R8 =0x0000000000010002 is an unknown value
R9 =0x00003824c9e77878 is an unknown value
R10=0x000001a2084a0000 points into unknown readable memory: 0x0000000000000000 | 00 00 00 00 00 00 00 00
R11=0x0000007f318feca0 points into unknown readable memory: 0x0000000000000000 | 00 00 00 00 00 00 00 00
R12=0x00007ffda8bd0000 glass.dll
R13=0x000000007ffe0385 points into unknown readable memory: 00 00 00
R14=0x0000007f318feef8 points into unknown readable memory: 0x0000007f318feee0 | e0 ee 8f 31 7f 00 00 00
R15=0x000001a26f173870 points into unknown readable memory: 0x0800385b344fc745 | 45 c7 4f 34 5b 38 00 08


Top of Stack: (sp=0x0000007f318fedf0)
0x0000007f318fedf0:   0000000000000000 000001a200000000
0x0000007f318fee00:   000001a26ef68db0 00007ffda8bd0000
0x0000007f318fee10:   000001a26f173878 00007ffde00abc75
0x0000007f318fee20:   000001a26f173870 000001a200000000
0x0000007f318fee30:   000001a26f173890 00003824c9e77878
0x0000007f318fee40:   fffffffffffffffe 00007ffddfcc96ab
0x0000007f318fee50:   0000000000000000 00007ffda8bd0000
0x0000007f318fee60:   0000007f318feee8 00007ffde00ab897
0x0000007f318fee70:   0000007f318fee00 0000007f318feef8
0x0000007f318fee80:   0000007f318ff420 00007ffde01988c0
0x0000007f318fee90:   0000000000000001 00007ffde00ab84d
0x0000007f318feea0:   0000000000000000 0000000000000001
0x0000007f318feeb0:   0000000000000000 0000007f318feee8
0x0000007f318feec0:   fffffffffffffffe 0000007f318ff400
0x0000007f318feed0:   0000000000000000 00007ffda8bf407d
0x0000007f318feee0:   00007ffda8c0a008 00007ffd00000002
0x0000007f318feef0:   0000000000000002 0000007f318feee0
0x0000007f318fef00:   0000000000000000 00007ffdde2e908d
0x0000007f318fef10:   0000000000000000 00007ffda8bf41a2
0x0000007f318fef20:   0000000000000001 000000007ffe0384
0x0000007f318fef30:   0000000000000001 0000000000000001
0x0000007f318fef40:   000000007ffe0384 00007ffddf0f277e
0x0000007f318fef50:   0000000000000001 000000000000007a
0x0000007f318fef60:   00007ffda8bf41f0 0000000000000001
0x0000007f318fef70:   0000000000000001 00007ffde2a12983
0x0000007f318fef80:   00007ffda8bd0000 0000000000000000
0x0000007f318fef90:   0000000000000001 000000007ffe0384
0x0000007f318fefa0:   000000000000005e 0000000000000000
0x0000007f318fefb0:   0000000000000000 0000000000000000
0x0000007f318fefc0:   00007ffda8bd0000 ffff0d0400000000
0x0000007f318fefd0:   0000000000000078 0000000000000000
0x0000007f318fefe0:   0000000000000000 000001a228438bd0 

Instructions: (pc=0x00007ffda8bf68a7)
0x00007ffda8bf67a7:   8b 4d 58 e8 8d cf ff ff 48 8b 4d 60 e8 84 cf ff
0x00007ffda8bf67b7:   ff 48 8b 95 80 00 00 00 48 8b 8d 18 01 00 00 e8
0x00007ffda8bf67c7:   76 c4 ff ff 33 d2 33 c9 e8 cc e1 ff ff 90 48 89
0x00007ffda8bf67d7:   54 24 10 55 48 83 ec 20 48 8b ea 48 b8 00 00 00
0x00007ffda8bf67e7:   00 00 00 00 00 48 83 c4 20 5d c3 cc 40 55 48 8b
0x00007ffda8bf67f7:   ea 48 8b 01 33 c9 81 38 05 00 00 c0 0f 94 c1 8b
0x00007ffda8bf6807:   c1 5d c3 cc 40 55 48 83 ec 20 48 8b ea 8a 4d 40
0x00007ffda8bf6817:   48 83 c4 20 5d e9 73 d3 ff ff cc 40 55 48 83 ec
0x00007ffda8bf6827:   20 48 8b ea 8a 4d 20 e8 61 d3 ff ff 90 48 83 c4
0x00007ffda8bf6837:   20 5d c3 cc 40 55 48 83 ec 20 48 8b ea 48 83 c4
0x00007ffda8bf6847:   20 5d e9 c2 d1 ff ff cc 40 55 48 83 ec 30 48 8b
0x00007ffda8bf6857:   ea 48 8b 01 8b 10 48 89 4c 24 28 89 54 24 20 4c
0x00007ffda8bf6867:   8d 0d 63 d6 ff ff 4c 8b 45 70 8b 55 68 48 8b 4d
0x00007ffda8bf6877:   60 e8 03 d1 ff ff 90 48 83 c4 30 5d c3 cc cc cc
0x00007ffda8bf6887:   cc cc cc cc cc cc cc cc cc 40 53 48 83 ec 20 48
0x00007ffda8bf6897:   8b 1d 6b 31 01 00 48 85 db 74 16 e8 89 8b ff ff
0x00007ffda8bf68a7:   4c 8b 00 48 8b d3 48 8b c8 41 ff 90 b0 00 00 00
0x00007ffda8bf68b7:   90 48 83 c4 20 5b c3 cc cc 40 53 48 83 ec 20 48
0x00007ffda8bf68c7:   8b 1d db 32 01 00 48 85 db 74 57 b8 ff ff ff ff
0x00007ffda8bf68d7:   f0 0f c1 43 10 83 f8 01 75 3d 48 85 db 74 38 48
0x00007ffda8bf68e7:   8b 0b 48 85 c9 74 0d ff 15 b4 09 00 00 48 c7 03
0x00007ffda8bf68f7:   00 00 00 00 48 8b 4b 08 48 85 c9 74 0d e8 33 ce
0x00007ffda8bf6907:   ff ff 48 c7 43 08 00 00 00 00 ba 18 00 00 00 48
0x00007ffda8bf6917:   8b cb e8 1e ce ff ff 48 c7 05 7f 32 01 00 00 00
0x00007ffda8bf6927:   00 00 48 83 c4 20 5b c3 cc 40 53 48 83 ec 20 48
0x00007ffda8bf6937:   8b 1d 4b 32 01 00 48 85 db 74 57 b8 ff ff ff ff
0x00007ffda8bf6947:   f0 0f c1 43 10 83 f8 01 75 3d 48 85 db 74 38 48
0x00007ffda8bf6957:   8b 0b 48 85 c9 74 0d ff 15 44 09 00 00 48 c7 03
0x00007ffda8bf6967:   00 00 00 00 48 8b 4b 08 48 85 c9 74 0d e8 c3 cd
0x00007ffda8bf6977:   ff ff 48 c7 43 08 00 00 00 00 ba 18 00 00 00 48
0x00007ffda8bf6987:   8b cb e8 ae cd ff ff 48 c7 05 ef 31 01 00 00 00
0x00007ffda8bf6997:   00 00 48 83 c4 20 5b c3 cc 40 53 48 83 ec 20 48 


Stack slot to memory mapping:
stack at sp + 0 slots: 0x0 is NULL
stack at sp + 1 slots: 0x000001a200000000 is an unknown value
stack at sp + 2 slots: 0x000001a26ef68db0 points into unknown readable memory: 0x000001a26ef68930 | 30 89 f6 6e a2 01 00 00
stack at sp + 3 slots: 0x00007ffda8bd0000 glass.dll
stack at sp + 4 slots: 0x000001a26f173878 points into unknown readable memory: 0x00003824c9e77878 | 78 78 e7 c9 24 38 00 00
stack at sp + 5 slots: 0x00007ffde00abc75 ucrtbase.dll
stack at sp + 6 slots: 0x000001a26f173870 points into unknown readable memory: 0x0800385b344fc745 | 45 c7 4f 34 5b 38 00 08
stack at sp + 7 slots: 0x000001a200000000 is an unknown value

VM_Operation (0x0000007f30fff020): Exit, mode: safepoint, requested by thread 0x000001a26f31fee0


---------------  P R O C E S S  ---------------

Threads class SMR info:
_java_thread_list=0x000001a26f7641f0, length=22, elements={
0x000001a20a7c8190, 0x000001a22843c410, 0x000001a22843cfd0, 0x000001a2284525a0,
0x000001a228455470, 0x000001a2284565d0, 0x000001a228456f90, 0x000001a2284584d0,
0x000001a22845f3d0, 0x000001a228460570, 0x000001a228427d00, 0x000001a26eb94dc0,
0x000001a26ee00040, 0x000001a26edc35a0, 0x000001a26eafd060, 0x000001a26ef85190,
0x000001a26f3235c0, 0x000001a26f320e10, 0x000001a26f31e590, 0x000001a26f31f4c0,
0x000001a26f321320, 0x000001a26f31fee0
}

Java Threads: ( => current thread )
  0x000001a20a7c8190 JavaThread "main" [_thread_blocked, id=1736, stack(0x0000007f31200000,0x0000007f31300000)]
  0x000001a22843c410 JavaThread "Reference Handler" daemon [_thread_blocked, id=7196, stack(0x0000007f31900000,0x0000007f31a00000)]
  0x000001a22843cfd0 JavaThread "Finalizer" daemon [_thread_blocked, id=10504, stack(0x0000007f31a00000,0x0000007f31b00000)]
  0x000001a2284525a0 JavaThread "Signal Dispatcher" daemon [_thread_blocked, id=9256, stack(0x0000007f31b00000,0x0000007f31c00000)]
  0x000001a228455470 JavaThread "Attach Listener" daemon [_thread_blocked, id=11984, stack(0x0000007f31c00000,0x0000007f31d00000)]
  0x000001a2284565d0 JavaThread "Service Thread" daemon [_thread_blocked, id=20800, stack(0x0000007f31d00000,0x0000007f31e00000)]
  0x000001a228456f90 JavaThread "Monitor Deflation Thread" daemon [_thread_blocked, id=19900, stack(0x0000007f31e00000,0x0000007f31f00000)]
  0x000001a2284584d0 JavaThread "C2 CompilerThread0" daemon [_thread_blocked, id=14672, stack(0x0000007f31f00000,0x0000007f32000000)]
  0x000001a22845f3d0 JavaThread "C1 CompilerThread0" daemon [_thread_blocked, id=19628, stack(0x0000007f32000000,0x0000007f32100000)]
  0x000001a228460570 JavaThread "Sweeper thread" daemon [_thread_blocked, id=7844, stack(0x0000007f32100000,0x0000007f32200000)]
  0x000001a228427d00 JavaThread "Common-Cleaner" daemon [_thread_blocked, id=14868, stack(0x0000007f32200000,0x0000007f32300000)]
  0x000001a26eb94dc0 JavaThread "Monitor Ctrl-Break" daemon [_thread_in_native, id=13452, stack(0x0000007f32500000,0x0000007f32600000)]
  0x000001a26ee00040 JavaThread "Notification Thread" daemon [_thread_blocked, id=27180, stack(0x0000007f32600000,0x0000007f32700000)]
  0x000001a26edc35a0 JavaThread "QuantumRenderer-0" daemon [_thread_blocked, id=19592, stack(0x0000007f32800000,0x0000007f32900000)]
  0x000001a26eafd060 JavaThread "InvokeLaterDispatcher" daemon [_thread_blocked, id=16216, stack(0x0000007f32900000,0x0000007f32a00000)]
  0x000001a26ef85190 JavaThread "JavaFX Application Thread" [_thread_in_native, id=21832, stack(0x0000007f32a00000,0x0000007f32b00000)]
  0x000001a26f3235c0 JavaThread "JavaFX-Launcher" [_thread_blocked, id=23088, stack(0x0000007f32f00000,0x0000007f33000000)]
  0x000001a26f320e10 JavaThread "Thread-2" daemon [_thread_in_native, id=26416, stack(0x0000007f32e00000,0x0000007f32f00000)]
  0x000001a26f31e590 JavaThread "Prism Font Disposer" daemon [_thread_blocked, id=6836, stack(0x0000007f33800000,0x0000007f33900000)]
  0x000001a26f31f4c0 JavaThread "Cleaner-0" daemon [_thread_blocked, id=27024, stack(0x0000007f33900000,0x0000007f33a00000)]
  0x000001a26f321320 JavaThread "mysql-cj-abandoned-connection-cleanup" daemon [_thread_blocked, id=26520, stack(0x0000007f32300000,0x0000007f32400000)]
  0x000001a26f31fee0 JavaThread "SIGINT handler" daemon [_thread_blocked, id=18780, stack(0x0000007f30f00000,0x0000007f31000000)]

Other Threads:
=>0x000001a228436730 VMThread "VM Thread" [stack: 0x0000007f31800000,0x0000007f31900000] [id=22752]
  0x000001a20a823870 GCTaskThread "GC Thread#0" [stack: 0x0000007f31300000,0x0000007f31400000] [id=24512]
  0x000001a26f3943e0 GCTaskThread "GC Thread#1" [stack: 0x0000007f33000000,0x0000007f33100000] [id=21452]
  0x000001a26f2ecd10 GCTaskThread "GC Thread#2" [stack: 0x0000007f33100000,0x0000007f33200000] [id=18440]
  0x000001a26f2ecfd0 GCTaskThread "GC Thread#3" [stack: 0x0000007f33200000,0x0000007f33300000] [id=13420]
  0x000001a26f2ed6a0 GCTaskThread "GC Thread#4" [stack: 0x0000007f33300000,0x0000007f33400000] [id=11588]
  0x000001a26f2e3660 GCTaskThread "GC Thread#5" [stack: 0x0000007f33400000,0x0000007f33500000] [id=6332]
  0x000001a274ef1610 GCTaskThread "GC Thread#6" [stack: 0x0000007f33a00000,0x0000007f33b00000] [id=13900]
  0x000001a274ef0850 GCTaskThread "GC Thread#7" [stack: 0x0000007f33b00000,0x0000007f33c00000] [id=23528]
  0x000001a20a834d50 ConcurrentGCThread "G1 Main Marker" terminated
  0x000001a20a835f10 ConcurrentGCThread "G1 Conc#0" [stack: 0x0000007f31500000,0x0000007f31600000] [id=18024]
  0x000001a274ef0dd0 ConcurrentGCThread "G1 Conc#1" [stack: 0x0000007f32400000,0x0000007f32500000] [id=27136]
  0x000001a20a87dfe0 ConcurrentGCThread "G1 Refine#0" terminated
  0x000001a20a87e8b0 ConcurrentGCThread "G1 Service" terminated

Threads with active compile tasks:

VM state: at safepoint (shutting down)

VM Mutex/Monitor currently owned by a thread:  ([mutex/lock_event])
[0x000001a20a7c4020] Threads_lock - owner thread: 0x000001a228436730
[0x000001a20a7c3960] Heap_lock - owner thread: 0x000001a26f31fee0

Heap address: 0x0000000083a00000, size: 1990 MB, Compressed Oops mode: 32-bit

CDS archive(s) mapped at: [0x000001a229000000-0x000001a229bb0000-0x000001a229bb0000), size 12255232, SharedBaseAddress: 0x000001a229000000, ArchiveRelocationMode: 1.
Compressed class space mapped at: 0x000001a22a000000-0x000001a26a000000, reserved size: 1073741824
Narrow klass base: 0x000001a229000000, Narrow klass shift: 0, Narrow klass range: 0x100000000

GC Precious Log:
 CPUs: 8 total, 8 available
 Memory: 7957M
 Large Page Support: Disabled
 NUMA Support: Disabled
 Compressed Oops: Enabled (32-bit)
 Heap Region Size: 1M
 Heap Min Capacity: 8M
 Heap Initial Capacity: 126M
 Heap Max Capacity: 1990M
 Pre-touch: Disabled
 Parallel Workers: 8
 Concurrent Workers: 2
 Concurrent Refinement Workers: 8
 Periodic GC: Disabled

Heap:
 garbage-first heap   total 129024K, used 46744K [0x0000000083a00000, 0x0000000100000000)
  region size 1024K, 14 young (14336K), 8 survivors (8192K)
 Metaspace       used 21670K, committed 21952K, reserved 1114112K
  class space    used 3006K, committed 3136K, reserved 1048576K

Heap Regions: E=young(eden), S=young(survivor), O=old, HS=humongous(starts), HC=humongous(continues), CS=collection set, F=free, OA=open archive, CA=closed archive, TAMS=top-at-mark-start (previous, next)
|   0|0x0000000083a00000, 0x0000000083b00000, 0x0000000083b00000|100%| O|  |TAMS 0x0000000083b00000, 0x0000000083a00000| Complete 
|   1|0x0000000083b00000, 0x0000000083c00000, 0x0000000083c00000|100%|HS|  |TAMS 0x0000000083c00000, 0x0000000083b00000| Complete 
|   2|0x0000000083c00000, 0x0000000083d00000, 0x0000000083d00000|100%|HC|  |TAMS 0x0000000083d00000, 0x0000000083c00000| Complete 
|   3|0x0000000083d00000, 0x0000000083e00000, 0x0000000083e00000|100%|HC|  |TAMS 0x0000000083e00000, 0x0000000083d00000| Complete 
|   4|0x0000000083e00000, 0x0000000083f00000, 0x0000000083f00000|100%|HC|  |TAMS 0x0000000083f00000, 0x0000000083e00000| Complete 
|   5|0x0000000083f00000, 0x0000000084000000, 0x0000000084000000|100%|HC|  |TAMS 0x0000000084000000, 0x0000000083f00000| Complete 
|   6|0x0000000084000000, 0x0000000084100000, 0x0000000084100000|100%| O|  |TAMS 0x0000000084100000, 0x0000000084000000| Untracked 
|   7|0x0000000084100000, 0x0000000084200000, 0x0000000084200000|100%| O|  |TAMS 0x0000000084200000, 0x0000000084100000| Untracked 
|   8|0x0000000084200000, 0x0000000084230200, 0x0000000084300000| 18%| O|  |TAMS 0x0000000084230200, 0x0000000084200000| Untracked 
|   9|0x0000000084300000, 0x0000000084400000, 0x0000000084400000|100%|HS|  |TAMS 0x0000000084400000, 0x0000000084300000| Complete 
|  10|0x0000000084400000, 0x0000000084500000, 0x0000000084500000|100%|HC|  |TAMS 0x0000000084500000, 0x0000000084400000| Complete 
|  11|0x0000000084500000, 0x0000000084600000, 0x0000000084600000|100%|HS|  |TAMS 0x0000000084600000, 0x0000000084500000| Complete 
|  12|0x0000000084600000, 0x0000000084700000, 0x0000000084700000|100%|HC|  |TAMS 0x0000000084700000, 0x0000000084600000| Complete 
|  13|0x0000000084700000, 0x0000000084800000, 0x0000000084800000|100%|HC|  |TAMS 0x0000000084800000, 0x0000000084700000| Complete 
|  14|0x0000000084800000, 0x0000000084900000, 0x0000000084900000|100%|HC|  |TAMS 0x0000000084900000, 0x0000000084800000| Complete 
|  15|0x0000000084900000, 0x0000000084a00000, 0x0000000084a00000|100%|HC|  |TAMS 0x0000000084a00000, 0x0000000084900000| Complete 
|  16|0x0000000084a00000, 0x0000000084b00000, 0x0000000084b00000|100%|HC|  |TAMS 0x0000000084b00000, 0x0000000084a00000| Complete 
|  17|0x0000000084b00000, 0x0000000084c00000, 0x0000000084c00000|100%|HC|  |TAMS 0x0000000084c00000, 0x0000000084b00000| Complete 
|  18|0x0000000084c00000, 0x0000000084d00000, 0x0000000084d00000|100%|HC|  |TAMS 0x0000000084d00000, 0x0000000084c00000| Complete 
|  19|0x0000000084d00000, 0x0000000084e00000, 0x0000000084e00000|100%|HC|  |TAMS 0x0000000084e00000, 0x0000000084d00000| Complete 
|  20|0x0000000084e00000, 0x0000000084f00000, 0x0000000084f00000|100%|HC|  |TAMS 0x0000000084f00000, 0x0000000084e00000| Complete 
|  21|0x0000000084f00000, 0x0000000085000000, 0x0000000085000000|100%|HC|  |TAMS 0x0000000085000000, 0x0000000084f00000| Complete 
|  22|0x0000000085000000, 0x0000000085100000, 0x0000000085100000|100%|HC|  |TAMS 0x0000000085100000, 0x0000000085000000| Complete 
|  23|0x0000000085100000, 0x0000000085200000, 0x0000000085200000|100%|HC|  |TAMS 0x0000000085200000, 0x0000000085100000| Complete 
|  24|0x0000000085200000, 0x0000000085300000, 0x0000000085300000|100%|HS|  |TAMS 0x0000000085300000, 0x0000000085200000| Complete 
|  25|0x0000000085300000, 0x0000000085400000, 0x0000000085400000|100%|HC|  |TAMS 0x0000000085400000, 0x0000000085300000| Complete 
|  26|0x0000000085400000, 0x0000000085500000, 0x0000000085500000|100%|HS|  |TAMS 0x0000000085500000, 0x0000000085400000| Complete 
|  27|0x0000000085500000, 0x0000000085600000, 0x0000000085600000|100%|HC|  |TAMS 0x0000000085600000, 0x0000000085500000| Complete 
|  28|0x0000000085600000, 0x0000000085700000, 0x0000000085700000|100%|HS|  |TAMS 0x0000000085700000, 0x0000000085600000| Complete 
|  29|0x0000000085700000, 0x0000000085800000, 0x0000000085800000|100%|HC|  |TAMS 0x0000000085800000, 0x0000000085700000| Complete 
|  30|0x0000000085800000, 0x0000000085900000, 0x0000000085900000|100%|HS|  |TAMS 0x0000000085900000, 0x0000000085800000| Complete 
|  31|0x0000000085900000, 0x0000000085a00000, 0x0000000085a00000|100%|HC|  |TAMS 0x0000000085a00000, 0x0000000085900000| Complete 
|  32|0x0000000085a00000, 0x0000000085b00000, 0x0000000085b00000|100%|HS|  |TAMS 0x0000000085b00000, 0x0000000085a00000| Complete 
|  33|0x0000000085b00000, 0x0000000085c00000, 0x0000000085c00000|100%|HC|  |TAMS 0x0000000085c00000, 0x0000000085b00000| Complete 
|  34|0x0000000085c00000, 0x0000000085c00000, 0x0000000085d00000|  0%| F|  |TAMS 0x0000000085c00000, 0x0000000085c00000| Untracked 
|  35|0x0000000085d00000, 0x0000000085d00000, 0x0000000085e00000|  0%| F|  |TAMS 0x0000000085d00000, 0x0000000085d00000| Untracked 
|  36|0x0000000085e00000, 0x0000000085e00000, 0x0000000085f00000|  0%| F|  |TAMS 0x0000000085e00000, 0x0000000085e00000| Untracked 
|  37|0x0000000085f00000, 0x0000000085f00000, 0x0000000086000000|  0%| F|  |TAMS 0x0000000085f00000, 0x0000000085f00000| Untracked 
|  38|0x0000000086000000, 0x0000000086000000, 0x0000000086100000|  0%| F|  |TAMS 0x0000000086000000, 0x0000000086000000| Untracked 
|  39|0x0000000086100000, 0x0000000086100000, 0x0000000086200000|  0%| F|  |TAMS 0x0000000086100000, 0x0000000086100000| Untracked 
|  40|0x0000000086200000, 0x0000000086200000, 0x0000000086300000|  0%| F|  |TAMS 0x0000000086200000, 0x0000000086200000| Untracked 
|  41|0x0000000086300000, 0x0000000086300000, 0x0000000086400000|  0%| F|  |TAMS 0x0000000086300000, 0x0000000086300000| Untracked 
|  42|0x0000000086400000, 0x0000000086400000, 0x0000000086500000|  0%| F|  |TAMS 0x0000000086400000, 0x0000000086400000| Untracked 
|  43|0x0000000086500000, 0x0000000086500000, 0x0000000086600000|  0%| F|  |TAMS 0x0000000086500000, 0x0000000086500000| Untracked 
|  44|0x0000000086600000, 0x0000000086600000, 0x0000000086700000|  0%| F|  |TAMS 0x0000000086600000, 0x0000000086600000| Untracked 
|  45|0x0000000086700000, 0x0000000086700000, 0x0000000086800000|  0%| F|  |TAMS 0x0000000086700000, 0x0000000086700000| Untracked 
|  46|0x0000000086800000, 0x0000000086800000, 0x0000000086900000|  0%| F|  |TAMS 0x0000000086800000, 0x0000000086800000| Untracked 
|  47|0x0000000086900000, 0x0000000086900000, 0x0000000086a00000|  0%| F|  |TAMS 0x0000000086900000, 0x0000000086900000| Untracked 
|  48|0x0000000086a00000, 0x0000000086a00000, 0x0000000086b00000|  0%| F|  |TAMS 0x0000000086a00000, 0x0000000086a00000| Untracked 
|  49|0x0000000086b00000, 0x0000000086b00000, 0x0000000086c00000|  0%| F|  |TAMS 0x0000000086b00000, 0x0000000086b00000| Untracked 
|  50|0x0000000086c00000, 0x0000000086c00000, 0x0000000086d00000|  0%| F|  |TAMS 0x0000000086c00000, 0x0000000086c00000| Untracked 
|  51|0x0000000086d00000, 0x0000000086d00000, 0x0000000086e00000|  0%| F|  |TAMS 0x0000000086d00000, 0x0000000086d00000| Untracked 
|  52|0x0000000086e00000, 0x0000000086e00000, 0x0000000086f00000|  0%| F|  |TAMS 0x0000000086e00000, 0x0000000086e00000| Untracked 
|  53|0x0000000086f00000, 0x0000000086f00000, 0x0000000087000000|  0%| F|  |TAMS 0x0000000086f00000, 0x0000000086f00000| Untracked 
|  54|0x0000000087000000, 0x0000000087000000, 0x0000000087100000|  0%| F|  |TAMS 0x0000000087000000, 0x0000000087000000| Untracked 
|  55|0x0000000087100000, 0x0000000087100000, 0x0000000087200000|  0%| F|  |TAMS 0x0000000087100000, 0x0000000087100000| Untracked 
|  56|0x0000000087200000, 0x0000000087200000, 0x0000000087300000|  0%| F|  |TAMS 0x0000000087200000, 0x0000000087200000| Untracked 
|  57|0x0000000087300000, 0x0000000087300000, 0x0000000087400000|  0%| F|  |TAMS 0x0000000087300000, 0x0000000087300000| Untracked 
|  58|0x0000000087400000, 0x0000000087400000, 0x0000000087500000|  0%| F|  |TAMS 0x0000000087400000, 0x0000000087400000| Untracked 
|  59|0x0000000087500000, 0x0000000087500000, 0x0000000087600000|  0%| F|  |TAMS 0x0000000087500000, 0x0000000087500000| Untracked 
|  60|0x0000000087600000, 0x0000000087600000, 0x0000000087700000|  0%| F|  |TAMS 0x0000000087600000, 0x0000000087600000| Untracked 
|  61|0x0000000087700000, 0x0000000087700000, 0x0000000087800000|  0%| F|  |TAMS 0x0000000087700000, 0x0000000087700000| Untracked 
|  62|0x0000000087800000, 0x0000000087800000, 0x0000000087900000|  0%| F|  |TAMS 0x0000000087800000, 0x0000000087800000| Untracked 
|  63|0x0000000087900000, 0x0000000087900000, 0x0000000087a00000|  0%| F|  |TAMS 0x0000000087900000, 0x0000000087900000| Untracked 
|  64|0x0000000087a00000, 0x0000000087a00000, 0x0000000087b00000|  0%| F|  |TAMS 0x0000000087a00000, 0x0000000087a00000| Untracked 
|  65|0x0000000087b00000, 0x0000000087b00000, 0x0000000087c00000|  0%| F|  |TAMS 0x0000000087b00000, 0x0000000087b00000| Untracked 
|  66|0x0000000087c00000, 0x0000000087c00000, 0x0000000087d00000|  0%| F|  |TAMS 0x0000000087c00000, 0x0000000087c00000| Untracked 
|  67|0x0000000087d00000, 0x0000000087d00000, 0x0000000087e00000|  0%| F|  |TAMS 0x0000000087d00000, 0x0000000087d00000| Untracked 
|  68|0x0000000087e00000, 0x0000000087e00000, 0x0000000087f00000|  0%| F|  |TAMS 0x0000000087e00000, 0x0000000087e00000| Untracked 
|  69|0x0000000087f00000, 0x0000000087f00000, 0x0000000088000000|  0%| F|  |TAMS 0x0000000087f00000, 0x0000000087f00000| Untracked 
|  70|0x0000000088000000, 0x0000000088000000, 0x0000000088100000|  0%| F|  |TAMS 0x0000000088000000, 0x0000000088000000| Untracked 
|  71|0x0000000088100000, 0x0000000088100000, 0x0000000088200000|  0%| F|  |TAMS 0x0000000088100000, 0x0000000088100000| Untracked 
|  72|0x0000000088200000, 0x0000000088200000, 0x0000000088300000|  0%| F|  |TAMS 0x0000000088200000, 0x0000000088200000| Untracked 
|  73|0x0000000088300000, 0x0000000088300000, 0x0000000088400000|  0%| F|  |TAMS 0x0000000088300000, 0x0000000088300000| Untracked 
|  74|0x0000000088400000, 0x0000000088400000, 0x0000000088500000|  0%| F|  |TAMS 0x0000000088400000, 0x0000000088400000| Untracked 
|  75|0x0000000088500000, 0x0000000088500000, 0x0000000088600000|  0%| F|  |TAMS 0x0000000088500000, 0x0000000088500000| Untracked 
|  76|0x0000000088600000, 0x0000000088600000, 0x0000000088700000|  0%| F|  |TAMS 0x0000000088600000, 0x0000000088600000| Untracked 
|  77|0x0000000088700000, 0x0000000088700000, 0x0000000088800000|  0%| F|  |TAMS 0x0000000088700000, 0x0000000088700000| Untracked 
|  78|0x0000000088800000, 0x0000000088800000, 0x0000000088900000|  0%| F|  |TAMS 0x0000000088800000, 0x0000000088800000| Untracked 
|  79|0x0000000088900000, 0x0000000088900000, 0x0000000088a00000|  0%| F|  |TAMS 0x0000000088900000, 0x0000000088900000| Untracked 
|  80|0x0000000088a00000, 0x0000000088a00000, 0x0000000088b00000|  0%| F|  |TAMS 0x0000000088a00000, 0x0000000088a00000| Untracked 
|  81|0x0000000088b00000, 0x0000000088b00000, 0x0000000088c00000|  0%| F|  |TAMS 0x0000000088b00000, 0x0000000088b00000| Untracked 
|  82|0x0000000088c00000, 0x0000000088c00000, 0x0000000088d00000|  0%| F|  |TAMS 0x0000000088c00000, 0x0000000088c00000| Untracked 
|  83|0x0000000088d00000, 0x0000000088d00000, 0x0000000088e00000|  0%| F|  |TAMS 0x0000000088d00000, 0x0000000088d00000| Untracked 
|  84|0x0000000088e00000, 0x0000000088e00000, 0x0000000088f00000|  0%| F|  |TAMS 0x0000000088e00000, 0x0000000088e00000| Untracked 
|  85|0x0000000088f00000, 0x0000000088f75f80, 0x0000000089000000| 46%| S|CS|TAMS 0x0000000088f00000, 0x0000000088f00000| Complete 
|  86|0x0000000089000000, 0x0000000089100000, 0x0000000089100000|100%| S|CS|TAMS 0x0000000089000000, 0x0000000089000000| Complete 
|  87|0x0000000089100000, 0x0000000089100000, 0x0000000089200000|  0%| F|  |TAMS 0x0000000089100000, 0x0000000089100000| Untracked 
|  88|0x0000000089200000, 0x0000000089200000, 0x0000000089300000|  0%| F|  |TAMS 0x0000000089200000, 0x0000000089200000| Untracked 
|  89|0x0000000089300000, 0x0000000089300000, 0x0000000089400000|  0%| F|  |TAMS 0x0000000089300000, 0x0000000089300000| Untracked 
|  90|0x0000000089400000, 0x0000000089400000, 0x0000000089500000|  0%| F|  |TAMS 0x0000000089400000, 0x0000000089400000| Untracked 
|  91|0x0000000089500000, 0x0000000089600000, 0x0000000089600000|100%| S|CS|TAMS 0x0000000089500000, 0x0000000089500000| Complete 
|  92|0x0000000089600000, 0x0000000089700000, 0x0000000089700000|100%| S|CS|TAMS 0x0000000089600000, 0x0000000089600000| Complete 
|  93|0x0000000089700000, 0x0000000089800000, 0x0000000089800000|100%| S|CS|TAMS 0x0000000089700000, 0x0000000089700000| Complete 
|  94|0x0000000089800000, 0x0000000089900000, 0x0000000089900000|100%| S|CS|TAMS 0x0000000089800000, 0x0000000089800000| Complete 
|  95|0x0000000089900000, 0x0000000089a00000, 0x0000000089a00000|100%| S|CS|TAMS 0x0000000089900000, 0x0000000089900000| Complete 
|  96|0x0000000089a00000, 0x0000000089b00000, 0x0000000089b00000|100%| S|CS|TAMS 0x0000000089a00000, 0x0000000089a00000| Complete 
|  97|0x0000000089b00000, 0x0000000089b00000, 0x0000000089c00000|  0%| F|  |TAMS 0x0000000089b00000, 0x0000000089b00000| Untracked 
|  98|0x0000000089c00000, 0x0000000089c00000, 0x0000000089d00000|  0%| F|  |TAMS 0x0000000089c00000, 0x0000000089c00000| Untracked 
|  99|0x0000000089d00000, 0x0000000089d00000, 0x0000000089e00000|  0%| F|  |TAMS 0x0000000089d00000, 0x0000000089d00000| Untracked 
| 100|0x0000000089e00000, 0x0000000089e00000, 0x0000000089f00000|  0%| F|  |TAMS 0x0000000089e00000, 0x0000000089e00000| Untracked 
| 101|0x0000000089f00000, 0x0000000089f00000, 0x000000008a000000|  0%| F|  |TAMS 0x0000000089f00000, 0x0000000089f00000| Untracked 
| 102|0x000000008a000000, 0x000000008a000000, 0x000000008a100000|  0%| F|  |TAMS 0x000000008a000000, 0x000000008a000000| Untracked 
| 103|0x000000008a100000, 0x000000008a100000, 0x000000008a200000|  0%| F|  |TAMS 0x000000008a100000, 0x000000008a100000| Untracked 
| 104|0x000000008a200000, 0x000000008a200000, 0x000000008a300000|  0%| F|  |TAMS 0x000000008a200000, 0x000000008a200000| Untracked 
| 105|0x000000008a300000, 0x000000008a300000, 0x000000008a400000|  0%| F|  |TAMS 0x000000008a300000, 0x000000008a300000| Untracked 
| 106|0x000000008a400000, 0x000000008a400000, 0x000000008a500000|  0%| F|  |TAMS 0x000000008a400000, 0x000000008a400000| Untracked 
| 107|0x000000008a500000, 0x000000008a500000, 0x000000008a600000|  0%| F|  |TAMS 0x000000008a500000, 0x000000008a500000| Untracked 
| 108|0x000000008a600000, 0x000000008a600000, 0x000000008a700000|  0%| F|  |TAMS 0x000000008a600000, 0x000000008a600000| Untracked 
| 109|0x000000008a700000, 0x000000008a700000, 0x000000008a800000|  0%| F|  |TAMS 0x000000008a700000, 0x000000008a700000| Untracked 
| 110|0x000000008a800000, 0x000000008a800000, 0x000000008a900000|  0%| F|  |TAMS 0x000000008a800000, 0x000000008a800000| Untracked 
| 111|0x000000008a900000, 0x000000008a900000, 0x000000008aa00000|  0%| F|  |TAMS 0x000000008a900000, 0x000000008a900000| Untracked 
| 112|0x000000008aa00000, 0x000000008aa00000, 0x000000008ab00000|  0%| F|  |TAMS 0x000000008aa00000, 0x000000008aa00000| Untracked 
| 113|0x000000008ab00000, 0x000000008ab00000, 0x000000008ac00000|  0%| F|  |TAMS 0x000000008ab00000, 0x000000008ab00000| Untracked 
| 114|0x000000008ac00000, 0x000000008ac00000, 0x000000008ad00000|  0%| F|  |TAMS 0x000000008ac00000, 0x000000008ac00000| Untracked 
| 115|0x000000008ad00000, 0x000000008ad00000, 0x000000008ae00000|  0%| F|  |TAMS 0x000000008ad00000, 0x000000008ad00000| Untracked 
| 116|0x000000008ae00000, 0x000000008ae00000, 0x000000008af00000|  0%| F|  |TAMS 0x000000008ae00000, 0x000000008ae00000| Untracked 
| 117|0x000000008af00000, 0x000000008af00000, 0x000000008b000000|  0%| F|  |TAMS 0x000000008af00000, 0x000000008af00000| Untracked 
| 118|0x000000008b000000, 0x000000008b000000, 0x000000008b100000|  0%| F|  |TAMS 0x000000008b000000, 0x000000008b000000| Untracked 
| 119|0x000000008b100000, 0x000000008b100000, 0x000000008b200000|  0%| F|  |TAMS 0x000000008b100000, 0x000000008b100000| Untracked 
| 120|0x000000008b200000, 0x000000008b282950, 0x000000008b300000| 51%| E|  |TAMS 0x000000008b200000, 0x000000008b200000| Complete 
| 121|0x000000008b300000, 0x000000008b400000, 0x000000008b400000|100%| E|CS|TAMS 0x000000008b300000, 0x000000008b300000| Complete 
| 122|0x000000008b400000, 0x000000008b500000, 0x000000008b500000|100%| E|CS|TAMS 0x000000008b400000, 0x000000008b400000| Complete 
| 123|0x000000008b500000, 0x000000008b600000, 0x000000008b600000|100%| E|CS|TAMS 0x000000008b500000, 0x000000008b500000| Complete 
| 124|0x000000008b600000, 0x000000008b700000, 0x000000008b700000|100%| E|CS|TAMS 0x000000008b600000, 0x000000008b600000| Complete 
| 125|0x000000008b700000, 0x000000008b800000, 0x000000008b800000|100%| E|CS|TAMS 0x000000008b700000, 0x000000008b700000| Complete 

Card table byte_map: [0x000001a221a40000,0x000001a221e30000] _byte_map_base: 0x000001a221623000

Marking Bits (Prev, Next): (CMBitMap*) 0x000001a20a823ed0, (CMBitMap*) 0x000001a20a823e90
 Prev Bits: [0x000001a224140000, 0x000001a226058000)
 Next Bits: [0x000001a222220000, 0x000001a224138000)

Polling page: 0x000001a209f30000

Metaspace:

Usage:
  Non-class:     18.23 MB used.
      Class:      2.94 MB used.
       Both:     21.16 MB used.

Virtual space:
  Non-class space:       64.00 MB reserved,      18.38 MB ( 29%) committed,  1 nodes.
      Class space:        1.00 GB reserved,       3.06 MB ( <1%) committed,  1 nodes.
             Both:        1.06 GB reserved,      21.44 MB (  2%) committed. 

Chunk freelists:
   Non-Class:  13.45 MB
       Class:  12.97 MB
        Both:  26.42 MB

MaxMetaspaceSize: unlimited
CompressedClassSpaceSize: 1.00 GB
Initial GC threshold: 21.00 MB
Current GC threshold: 35.25 MB
CDS: on
MetaspaceReclaimPolicy: balanced
 - commit_granule_bytes: 65536.
 - commit_granule_words: 8192.
 - virtual_space_node_default_size: 8388608.
 - enlarge_chunks_in_place: 1.
 - new_chunks_are_fully_committed: 0.
 - uncommit_free_chunks: 1.
 - use_allocation_guard: 0.
 - handle_deallocations: 1.


Internal statistics:

num_allocs_failed_limit: 3.
num_arena_births: 224.
num_arena_deaths: 0.
num_vsnodes_births: 2.
num_vsnodes_deaths: 0.
num_space_committed: 343.
num_space_uncommitted: 0.
num_chunks_returned_to_freelist: 3.
num_chunks_taken_from_freelist: 968.
num_chunk_merges: 3.
num_chunk_splits: 667.
num_chunks_enlarged: 519.
num_inconsistent_stats: 0.

CodeHeap 'non-profiled nmethods': size=120000Kb used=1790Kb max_used=1790Kb free=118209Kb
 bounds [0x000001a219df0000, 0x000001a21a060000, 0x000001a221320000]
CodeHeap 'profiled nmethods': size=120000Kb used=8021Kb max_used=8021Kb free=111978Kb
 bounds [0x000001a212320000, 0x000001a212b00000, 0x000001a219850000]
CodeHeap 'non-nmethods': size=5760Kb used=1483Kb max_used=1521Kb free=4276Kb
 bounds [0x000001a219850000, 0x000001a219ac0000, 0x000001a219df0000]
 total_blobs=4861 nmethods=4015 adapters=756
 compilation: enabled
              stopped_count=0, restarted_count=0
 full_count=0

Compilation events (20 events):
Event: 17.315 Thread 0x000001a22845f3d0 4008       3       com.sun.javafx.event.BasicEventDispatcher::dispatchBubblingEvent (2 bytes)
Event: 17.315 Thread 0x000001a22845f3d0 nmethod 4008 0x000001a212af1510 code [0x000001a212af16a0, 0x000001a212af17b8]
Event: 18.162 Thread 0x000001a22845f3d0 4009       3       com.sun.javafx.scene.input.PickResultChooser::processOffer (146 bytes)
Event: 18.164 Thread 0x000001a22845f3d0 nmethod 4009 0x000001a212af1890 code [0x000001a212af1ae0, 0x000001a212af2788]
Event: 18.164 Thread 0x000001a22845f3d0 4010       3       com.sun.javafx.scene.KeyboardShortcutsHandler::dispatchBubblingEvent (60 bytes)
Event: 18.164 Thread 0x000001a22845f3d0 nmethod 4010 0x000001a212af2b90 code [0x000001a212af2d80, 0x000001a212af3488]
Event: 18.284 Thread 0x000001a22845f3d0 4011       3       javafx.beans.property.ReadOnlyDoubleWrapper$ReadOnlyPropertyImpl::get (8 bytes)
Event: 18.285 Thread 0x000001a22845f3d0 nmethod 4011 0x000001a212af3610 code [0x000001a212af37c0, 0x000001a212af3ae8]
Event: 18.458 Thread 0x000001a22845f3d0 4012       3       com.sun.javafx.geom.transform.AffineBase::deltaTransform (204 bytes)
Event: 18.459 Thread 0x000001a22845f3d0 nmethod 4012 0x000001a212af3c10 code [0x000001a212af3e00, 0x000001a212af4408]
Event: 18.459 Thread 0x000001a22845f3d0 4013       3       com.sun.javafx.geom.Vec3d::normalize (38 bytes)
Event: 18.459 Thread 0x000001a22845f3d0 nmethod 4013 0x000001a212af4690 code [0x000001a212af4860, 0x000001a212af49e8]
Event: 18.459 Thread 0x000001a22845f3d0 4014       3       com.sun.javafx.scene.input.PickResultChooser::toPickResult (41 bytes)
Event: 18.460 Thread 0x000001a22845f3d0 nmethod 4014 0x000001a212af4a90 code [0x000001a212af4c40, 0x000001a212af4e88]
Event: 18.460 Thread 0x000001a22845f3d0 4015       3       javafx.scene.input.PickResult::<init> (50 bytes)
Event: 18.460 Thread 0x000001a22845f3d0 nmethod 4015 0x000001a212af4f90 code [0x000001a212af5140, 0x000001a212af5438]
Event: 85.645 Thread 0x000001a2284584d0 4016       4       com.sun.javafx.tk.quantum.QuantumToolkit::postPulse (133 bytes)
Event: 85.654 Thread 0x000001a2284584d0 nmethod 4016 0x000001a219fae910 code [0x000001a219faeae0, 0x000001a219faeda8]
Event: 86.446 Thread 0x000001a2284584d0 4017       4       com.sun.javafx.tk.quantum.QuantumToolkit$$Lambda$92/0x000001a22a032cb0::run (8 bytes)
Event: 86.453 Thread 0x000001a2284584d0 nmethod 4017 0x000001a219faf190 code [0x000001a219faf360, 0x000001a219faf690]

GC Heap History (6 events):
Event: 0.535 GC heap before
{Heap before GC invocations=0 (full 0):
 garbage-first heap   total 129024K, used 22528K [0x0000000083a00000, 0x0000000100000000)
  region size 1024K, 23 young (23552K), 0 survivors (0K)
 Metaspace       used 6028K, committed 6272K, reserved 1114112K
  class space    used 708K, committed 832K, reserved 1048576K
}
Event: 0.537 GC heap after
{Heap after GC invocations=1 (full 0):
 garbage-first heap   total 129024K, used 3555K [0x0000000083a00000, 0x0000000100000000)
  region size 1024K, 3 young (3072K), 3 survivors (3072K)
 Metaspace       used 6028K, committed 6272K, reserved 1114112K
  class space    used 708K, committed 832K, reserved 1048576K
}
Event: 1.153 GC heap before
{Heap before GC invocations=1 (full 0):
 garbage-first heap   total 129024K, used 41443K [0x0000000083a00000, 0x0000000100000000)
  region size 1024K, 35 young (35840K), 3 survivors (3072K)
 Metaspace       used 14083K, committed 14336K, reserved 1114112K
  class space    used 2113K, committed 2240K, reserved 1048576K
}
Event: 1.157 GC heap after
{Heap after GC invocations=2 (full 0):
 garbage-first heap   total 129024K, used 12212K [0x0000000083a00000, 0x0000000100000000)
  region size 1024K, 4 young (4096K), 4 survivors (4096K)
 Metaspace       used 14083K, committed 14336K, reserved 1114112K
  class space    used 2113K, committed 2240K, reserved 1048576K
}
Event: 12.085 GC heap before
{Heap before GC invocations=2 (full 0):
 garbage-first heap   total 129024K, used 66484K [0x0000000083a00000, 0x0000000100000000)
  region size 1024K, 33 young (33792K), 4 survivors (4096K)
 Metaspace       used 21306K, committed 21504K, reserved 1114112K
  class space    used 2945K, committed 3072K, reserved 1048576K
}
Event: 12.090 GC heap after
{Heap after GC invocations=3 (full 0):
 garbage-first heap   total 129024K, used 41624K [0x0000000083a00000, 0x0000000100000000)
  region size 1024K, 8 young (8192K), 8 survivors (8192K)
 Metaspace       used 21306K, committed 21504K, reserved 1114112K
  class space    used 2945K, committed 3072K, reserved 1048576K
}

Dll operation events (20 events):
Event: 0.259 Loaded shared library C:\Program Files\JavaFX\javafx-sdk-17.0.15\bin\api-ms-win-crt-multibyte-l1-1-0.dll
Event: 0.260 Loaded shared library C:\Program Files\JavaFX\javafx-sdk-17.0.15\bin\api-ms-win-crt-private-l1-1-0.dll
Event: 0.261 Loaded shared library C:\Program Files\JavaFX\javafx-sdk-17.0.15\bin\api-ms-win-crt-process-l1-1-0.dll
Event: 0.262 Loaded shared library C:\Program Files\JavaFX\javafx-sdk-17.0.15\bin\api-ms-win-crt-runtime-l1-1-0.dll
Event: 0.264 Loaded shared library C:\Program Files\JavaFX\javafx-sdk-17.0.15\bin\api-ms-win-crt-stdio-l1-1-0.dll
Event: 0.265 Loaded shared library C:\Program Files\JavaFX\javafx-sdk-17.0.15\bin\api-ms-win-crt-string-l1-1-0.dll
Event: 0.267 Loaded shared library C:\Program Files\JavaFX\javafx-sdk-17.0.15\bin\api-ms-win-crt-time-l1-1-0.dll
Event: 0.268 Loaded shared library C:\Program Files\JavaFX\javafx-sdk-17.0.15\bin\api-ms-win-crt-utility-l1-1-0.dll
Event: 0.269 Loaded shared library C:\Program Files\JavaFX\javafx-sdk-17.0.15\bin\ucrtbase.dll
Event: 0.271 Loaded shared library C:\Program Files\JavaFX\javafx-sdk-17.0.15\bin\vcruntime140.dll
Event: 0.272 Loaded shared library C:\Program Files\JavaFX\javafx-sdk-17.0.15\bin\vcruntime140_1.dll
Event: 0.273 Loaded shared library C:\Program Files\JavaFX\javafx-sdk-17.0.15\bin\msvcp140.dll
Event: 0.274 Loaded shared library C:\Program Files\JavaFX\javafx-sdk-17.0.15\bin\msvcp140_1.dll
Event: 0.275 Loaded shared library C:\Program Files\JavaFX\javafx-sdk-17.0.15\bin\msvcp140_2.dll
Event: 0.320 Loaded shared library C:\Program Files\JavaFX\javafx-sdk-17.0.15\bin\prism_d3d.dll
Event: 0.368 Loaded shared library C:\Program Files\JavaFX\javafx-sdk-17.0.15\bin\glass.dll
Event: 0.451 Loaded shared library C:\Users\jccas\.jdks\temurin-17.0.15\bin\jimage.dll
Event: 0.551 Loaded shared library C:\Program Files\JavaFX\javafx-sdk-17.0.15\bin\javafx_iio.dll
Event: 0.600 Loaded shared library C:\Program Files\JavaFX\javafx-sdk-17.0.15\bin\javafx_font.dll
Event: 7.950 Loaded shared library C:\Users\jccas\.jdks\temurin-17.0.15\bin\verify.dll

Deoptimization events (20 events):
Event: 12.064 Thread 0x000001a26ef85190 Uncommon trap: trap_request=0xffffffd6 fr.pc=0x000001a219f79884 relative=0x0000000000001d84
Event: 12.064 Thread 0x000001a26ef85190 Uncommon trap: reason=array_check action=maybe_recompile pc=0x000001a219f79884 method=javafx.css.SimpleSelector.applies(Ljavafx/css/Styleable;[Ljava/util/Set;I)Z @ 37 c2
Event: 12.065 Thread 0x000001a26ef85190 DEOPT PACKING pc=0x000001a219f79884 sp=0x0000007f32af8f40
Event: 12.065 Thread 0x000001a26ef85190 DEOPT UNPACKING pc=0x000001a2198aa1a3 sp=0x0000007f32af8f38 mode 2
Event: 12.079 Thread 0x000001a26ef85190 Uncommon trap: trap_request=0xffffff45 fr.pc=0x000001a219f8960c relative=0x00000000000000cc
Event: 12.079 Thread 0x000001a26ef85190 Uncommon trap: reason=unstable_if action=reinterpret pc=0x000001a219f8960c method=java.lang.StrictMath.floorOrCeil(DDDD)D @ 24 c2
Event: 12.079 Thread 0x000001a26ef85190 DEOPT PACKING pc=0x000001a219f8960c sp=0x0000007f32af8eb0
Event: 12.079 Thread 0x000001a26ef85190 DEOPT UNPACKING pc=0x000001a2198aa1a3 sp=0x0000007f32af8d60 mode 2
Event: 12.083 Thread 0x000001a26ef85190 Uncommon trap: trap_request=0xffffffc6 fr.pc=0x000001a219ecb4c4 relative=0x0000000000000104
Event: 12.083 Thread 0x000001a26ef85190 Uncommon trap: reason=bimorphic_or_optimized_type_check action=maybe_recompile pc=0x000001a219ecb4c4 method=javafx.beans.property.BooleanPropertyBase.get()Z @ 23 c2
Event: 12.083 Thread 0x000001a26ef85190 DEOPT PACKING pc=0x000001a219ecb4c4 sp=0x0000007f32af8e50
Event: 12.083 Thread 0x000001a26ef85190 DEOPT UNPACKING pc=0x000001a2198aa1a3 sp=0x0000007f32af8df0 mode 2
Event: 12.083 Thread 0x000001a26ef85190 Uncommon trap: trap_request=0xffffffc6 fr.pc=0x000001a219ecb4c4 relative=0x0000000000000104
Event: 12.083 Thread 0x000001a26ef85190 Uncommon trap: reason=bimorphic_or_optimized_type_check action=maybe_recompile pc=0x000001a219ecb4c4 method=javafx.beans.property.BooleanPropertyBase.get()Z @ 23 c2
Event: 12.083 Thread 0x000001a26ef85190 DEOPT PACKING pc=0x000001a219ecb4c4 sp=0x0000007f32af8e50
Event: 12.083 Thread 0x000001a26ef85190 DEOPT UNPACKING pc=0x000001a2198aa1a3 sp=0x0000007f32af8df0 mode 2
Event: 12.083 Thread 0x000001a26ef85190 Uncommon trap: trap_request=0xffffffc6 fr.pc=0x000001a219ecb4c4 relative=0x0000000000000104
Event: 12.083 Thread 0x000001a26ef85190 Uncommon trap: reason=bimorphic_or_optimized_type_check action=maybe_recompile pc=0x000001a219ecb4c4 method=javafx.beans.property.BooleanPropertyBase.get()Z @ 23 c2
Event: 12.083 Thread 0x000001a26ef85190 DEOPT PACKING pc=0x000001a219ecb4c4 sp=0x0000007f32af8e80
Event: 12.083 Thread 0x000001a26ef85190 DEOPT UNPACKING pc=0x000001a2198aa1a3 sp=0x0000007f32af8e18 mode 2

Classes loaded (20 events):
Event: 8.334 Loading class jdk/internal/reflect/BootstrapConstructorAccessorImpl
Event: 8.334 Loading class jdk/internal/reflect/BootstrapConstructorAccessorImpl done
Event: 9.042 Loading class java/util/BitSet$1BitSetSpliterator
Event: 9.042 Loading class java/util/BitSet$1BitSetSpliterator done
Event: 9.042 Loading class java/util/stream/IntPipeline$1
Event: 9.042 Loading class java/util/stream/IntPipeline$1 done
Event: 9.042 Loading class java/util/stream/IntPipeline$1$1
Event: 9.042 Loading class java/util/stream/IntPipeline$1$1 done
Event: 12.049 Loading class sun/reflect/generics/tree/BottomSignature
Event: 12.049 Loading class sun/reflect/generics/tree/BottomSignature done
Event: 12.049 Loading class sun/reflect/generics/tree/Wildcard
Event: 12.049 Loading class sun/reflect/generics/tree/Wildcard done
Event: 12.049 Loading class sun/reflect/generics/reflectiveObjects/WildcardTypeImpl
Event: 12.049 Loading class java/lang/reflect/WildcardType
Event: 12.049 Loading class java/lang/reflect/WildcardType done
Event: 12.049 Loading class sun/reflect/generics/reflectiveObjects/WildcardTypeImpl done
Event: 12.074 Loading class sun/invoke/util/VerifyAccess$1
Event: 12.074 Loading class sun/invoke/util/VerifyAccess$1 done
Event: 217.711 Loading class jdk/internal/misc/Signal$1
Event: 217.711 Loading class jdk/internal/misc/Signal$1 done

Classes unloaded (0 events):
No events

Classes redefined (0 events):
No events

Internal exceptions (20 events):
Event: 0.660 Thread 0x000001a26ef85190 Exception <a 'java/lang/NoSuchMethodError'{0x000000008af17bf8}: 'void java.lang.invoke.DirectMethodHandle$Holder.invokeSpecial(java.lang.Object, java.lang.Object, java.lang.Object, java.lang.Object, java.lang.Object)'> (0x000000008af17bf8) 
thrown [s\src\hotspot\share\interpreter\linkResolver.cpp, line 759]
Event: 0.760 Thread 0x000001a26ef85190 Implicit null exception at 0x000001a219e1a158 to 0x000001a219e1a1ee
Event: 0.765 Thread 0x000001a26ef85190 Implicit null exception at 0x000001a219e4f90d to 0x000001a219e4fd0c
Event: 0.930 Thread 0x000001a26ef85190 Exception <a 'java/lang/NoSuchMethodError'{0x000000008a5bd498}: 'java.lang.Object java.lang.invoke.DirectMethodHandle$Holder.invokeInterface(java.lang.Object, java.lang.Object, java.lang.Object)'> (0x000000008a5bd498) 
thrown [s\src\hotspot\share\interpreter\linkResolver.cpp, line 759]
Event: 0.930 Thread 0x000001a26ef85190 Exception <a 'java/lang/IncompatibleClassChangeError'{0x000000008a5c0e20}: Found class java.lang.Object, but interface was expected> (0x000000008a5c0e20) 
thrown [s\src\hotspot\share\interpreter\linkResolver.cpp, line 826]
Event: 0.964 Thread 0x000001a26ef85190 Exception <a 'java/lang/ClassNotFoundException'{0x000000008a3b4be8}: com/sun/javafx/scene/control/skin/resources/controls> (0x000000008a3b4be8) 
thrown [s\src\hotspot\share\prims\jni.cpp, line 535]
Event: 0.964 Thread 0x000001a26ef85190 Exception <a 'java/lang/ClassNotFoundException'{0x000000008a3c2b88}: com/sun/javafx/scene/control/skin/resources/controls_es> (0x000000008a3c2b88) 
thrown [s\src\hotspot\share\prims\jni.cpp, line 535]
Event: 0.965 Thread 0x000001a26ef85190 Exception <a 'java/lang/ClassNotFoundException'{0x000000008a3d07e8}: com/sun/javafx/scene/control/skin/resources/controls_es_MX> (0x000000008a3d07e8) 
thrown [s\src\hotspot\share\prims\jni.cpp, line 535]
Event: 0.994 Thread 0x000001a26ef85190 Exception <a 'java/lang/NoSuchMethodError'{0x000000008a18b4a8}: 'void java.lang.invoke.DirectMethodHandle$Holder.invokeSpecial(java.lang.Object, java.lang.Object, java.lang.Object, java.lang.Object, java.lang.Object, java.lang.Object)'> (0x000000008a18b4a8) 
thrown [s\src\hotspot\share\interpreter\linkResolver.cpp, line 759]
Event: 1.061 Thread 0x000001a26ef85190 Exception <a 'java/lang/NoSuchMethodError'{0x0000000089abba68}: 'java.lang.Object java.lang.invoke.DirectMethodHandle$Holder.newInvokeSpecial(java.lang.Object, java.lang.Object, int)'> (0x0000000089abba68) 
thrown [s\src\hotspot\share\interpreter\linkResolver.cpp, line 759]
Event: 1.085 Thread 0x000001a26edc35a0 Exception <a 'java/lang/NoSuchMethodError'{0x0000000089886df8}: 'int java.lang.invoke.DirectMethodHandle$Holder.invokeStaticInit(java.lang.Object, java.lang.Object)'> (0x0000000089886df8) 
thrown [s\src\hotspot\share\interpreter\linkResolver.cpp, line 759]
Event: 1.089 Thread 0x000001a26ef85190 Exception <a 'java/lang/NoSuchMethodError'{0x00000000898e9bd8}: 'long java.lang.invoke.DirectMethodHandle$Holder.invokeStatic(java.lang.Object, java.lang.Object, java.lang.Object)'> (0x00000000898e9bd8) 
thrown [s\src\hotspot\share\interpreter\linkResolver.cpp, line 759]
Event: 1.089 Thread 0x000001a26ef85190 Exception <a 'java/lang/NoSuchMethodError'{0x00000000898ed380}: 'long java.lang.invoke.DirectMethodHandle$Holder.invokeStaticInit(java.lang.Object, java.lang.Object, java.lang.Object)'> (0x00000000898ed380) 
thrown [s\src\hotspot\share\interpreter\linkResolver.cpp, line 759]
Event: 1.091 Thread 0x000001a26ef85190 Exception <a 'java/lang/NoSuchMethodError'{0x0000000089760460}: 'java.lang.Object java.lang.invoke.DirectMethodHandle$Holder.newInvokeSpecial(java.lang.Object, java.lang.Object, long)'> (0x0000000089760460) 
thrown [s\src\hotspot\share\interpreter\linkResolver.cpp, line 759]
Event: 1.092 Thread 0x000001a26ef85190 Exception <a 'java/lang/NoSuchMethodError'{0x0000000089763fd0}: 'java.lang.Object java.lang.invoke.Invokers$Holder.linkToTargetMethod(java.lang.Object, long, java.lang.Object)'> (0x0000000089763fd0) 
thrown [s\src\hotspot\share\interpreter\linkResolver.cpp, line 759]
Event: 1.108 Thread 0x000001a26edc35a0 Exception <a 'java/lang/NoSuchMethodError'{0x00000000897e5fc0}: 'java.lang.Object java.lang.invoke.DirectMethodHandle$Holder.invokeStaticInit(java.lang.Object, int)'> (0x00000000897e5fc0) 
thrown [s\src\hotspot\share\interpreter\linkResolver.cpp, line 759]
Event: 7.771 Thread 0x000001a26ef85190 Exception <a 'java/lang/NoSuchMethodError'{0x000000008b3b6f60}: 'java.lang.Object java.lang.invoke.DirectMethodHandle$Holder.invokeInterface(java.lang.Object, java.lang.Object)'> (0x000000008b3b6f60) 
thrown [s\src\hotspot\share\interpreter\linkResolver.cpp, line 759]
Event: 7.789 Thread 0x000001a26ef85190 Exception <a 'java/lang/NoSuchMethodError'{0x000000008b230d68}: 'java.lang.Object java.lang.invoke.DirectMethodHandle$Holder.invokeVirtual(java.lang.Object, java.lang.Object, java.lang.Object)'> (0x000000008b230d68) 
thrown [s\src\hotspot\share\interpreter\linkResolver.cpp, line 759]
Event: 9.052 Thread 0x000001a26ef85190 Exception <a 'java/lang/NoSuchMethodError'{0x000000008a547660}: 'void java.lang.invoke.DirectMethodHandle$Holder.invokeSpecialIFC(java.lang.Object, java.lang.Object, java.lang.Object, java.lang.Object)'> (0x000000008a547660) 
thrown [s\src\hotspot\share\interpreter\linkResolver.cpp, line 759]
Event: 9.083 Thread 0x000001a26ef85190 Exception <a 'java/lang/NoSuchMethodError'{0x000000008a341380}: 'int java.lang.invoke.DirectMethodHandle$Holder.invokeSpecial(java.lang.Object, java.lang.Object, int)'> (0x000000008a341380) 
thrown [s\src\hotspot\share\interpreter\linkResolver.cpp, line 759]

VM Operations (20 events):
Event: 12.090 Executing VM operation: CollectForMetadataAllocation done
Event: 12.095 Executing VM operation: G1PauseRemark
Event: 12.098 Executing VM operation: G1PauseRemark done
Event: 12.099 Executing VM operation: G1PauseCleanup
Event: 12.099 Executing VM operation: G1PauseCleanup done
Event: 12.155 Executing VM operation: HandshakeAllThreads
Event: 12.155 Executing VM operation: HandshakeAllThreads done
Event: 13.155 Executing VM operation: Cleanup
Event: 13.155 Executing VM operation: Cleanup done
Event: 15.156 Executing VM operation: Cleanup
Event: 15.156 Executing VM operation: Cleanup done
Event: 18.157 Executing VM operation: Cleanup
Event: 18.157 Executing VM operation: Cleanup done
Event: 19.157 Executing VM operation: Cleanup
Event: 19.157 Executing VM operation: Cleanup done
Event: 28.160 Executing VM operation: Cleanup
Event: 28.160 Executing VM operation: Cleanup done
Event: 60.080 Executing VM operation: HandshakeAllThreads
Event: 60.080 Executing VM operation: HandshakeAllThreads done
Event: 217.713 Executing VM operation: Exit

Memory protections (0 events):
No events

Nmethod flushes (0 events):
No events

Events (20 events):
Event: 9.313 Thread 0x000001a274e3ef70 Thread exited: 0x000001a274e3ef70
Event: 9.314 Thread 0x000001a26f4b7920 Thread exited: 0x000001a26f4b7920
Event: 9.588 Thread 0x000001a22845f3d0 Thread added: 0x000001a274e3ef70
Event: 9.841 Thread 0x000001a274e3ef70 Thread exited: 0x000001a274e3ef70
Event: 10.099 Thread 0x000001a22845f3d0 Thread added: 0x000001a274e3ef70
Event: 10.120 Thread 0x000001a22845f3d0 Thread added: 0x000001a26f4b7920
Event: 10.281 Thread 0x000001a26f4b7920 Thread exited: 0x000001a26f4b7920
Event: 10.281 Thread 0x000001a274e3ef70 Thread exited: 0x000001a274e3ef70
Event: 12.064 Thread 0x000001a26ef85190 Thread added: 0x000001a26f31eaa0
Event: 12.065 Thread 0x000001a22845f3d0 Thread added: 0x000001a26f4b7920
Event: 12.075 Thread 0x000001a26f31eaa0 Thread exited: 0x000001a26f31eaa0
Event: 12.114 Thread 0x000001a22845f3d0 Thread added: 0x000001a26f8112e0
Event: 12.644 Thread 0x000001a26f8112e0 Thread exited: 0x000001a26f8112e0
Event: 12.644 Thread 0x000001a26f4b7920 Thread exited: 0x000001a26f4b7920
Event: 217.711 Thread 0x000001a2284525a0 Thread added: 0x000001a26f31fee0
Event: 217.712 Thread 0x000001a26f31fee0 Thread added: 0x000001a26f3203f0
Event: 217.712 Thread 0x000001a26f31fee0 Thread added: 0x000001a26f31f9d0
Event: 217.712 Thread 0x000001a26f31f9d0 Thread exited: 0x000001a26f31f9d0
Event: 217.713 Thread 0x000001a26f3203f0 Thread exited: 0x000001a26f3203f0
Event: 217.713 Thread 0x000001a26f31fee0 Before exit entered


Dynamic libraries:
0x00007ff64f1f0000 - 0x00007ff64f1fe000 	C:\Users\jccas\.jdks\temurin-17.0.15\bin\java.exe
0x00007ffde29a0000 - 0x00007ffde2c05000 	C:\WINDOWS\SYSTEM32\ntdll.dll
0x00007ffde1640000 - 0x00007ffde1709000 	C:\WINDOWS\System32\KERNEL32.DLL
0x00007ffddfbc0000 - 0x00007ffddffa8000 	C:\WINDOWS\System32\KERNELBASE.dll
0x00007ffde0060000 - 0x00007ffde01ab000 	C:\WINDOWS\System32\ucrtbase.dll
0x00007ffdc7450000 - 0x00007ffdc7467000 	C:\Users\jccas\.jdks\temurin-17.0.15\bin\jli.dll
0x00007ffdc3280000 - 0x00007ffdc329e000 	C:\Users\jccas\.jdks\temurin-17.0.15\bin\VCRUNTIME140.dll
0x00007ffde1300000 - 0x00007ffde14ca000 	C:\WINDOWS\System32\USER32.dll
0x00007ffdb95f0000 - 0x00007ffdb988a000 	C:\WINDOWS\WinSxS\amd64_microsoft.windows.common-controls_6595b64144ccf1df_6.0.26100.4202_none_3e0698d4e335f517\COMCTL32.dll
0x00007ffddfb90000 - 0x00007ffddfbb7000 	C:\WINDOWS\System32\win32u.dll
0x00007ffde1d00000 - 0x00007ffde1da9000 	C:\WINDOWS\System32\msvcrt.dll
0x00007ffde1fb0000 - 0x00007ffde1fdb000 	C:\WINDOWS\System32\GDI32.dll
0x00007ffde0600000 - 0x00007ffde0737000 	C:\WINDOWS\System32\gdi32full.dll
0x00007ffddffb0000 - 0x00007ffde0053000 	C:\WINDOWS\System32\msvcp_win.dll
0x00007ffde0ae0000 - 0x00007ffde0b10000 	C:\WINDOWS\System32\IMM32.DLL
0x00007ffdc73e0000 - 0x00007ffdc73ec000 	C:\Users\jccas\.jdks\temurin-17.0.15\bin\vcruntime140_1.dll
0x00007ffda4790000 - 0x00007ffda481d000 	C:\Users\jccas\.jdks\temurin-17.0.15\bin\msvcp140.dll
0x00007ffd523f0000 - 0x00007ffd5305b000 	C:\Users\jccas\.jdks\temurin-17.0.15\bin\server\jvm.dll
0x00007ffde14d0000 - 0x00007ffde1583000 	C:\WINDOWS\System32\ADVAPI32.dll
0x00007ffde1590000 - 0x00007ffde1636000 	C:\WINDOWS\System32\sechost.dll
0x00007ffde1fe0000 - 0x00007ffde20f5000 	C:\WINDOWS\System32\RPCRT4.dll
0x00007ffde27f0000 - 0x00007ffde2864000 	C:\WINDOWS\System32\WS2_32.dll
0x00007ffddf940000 - 0x00007ffddf99e000 	C:\WINDOWS\SYSTEM32\POWRPROF.dll
0x00007ffdcf770000 - 0x00007ffdcf77b000 	C:\WINDOWS\SYSTEM32\VERSION.dll
0x00007ffdd4980000 - 0x00007ffdd49b5000 	C:\WINDOWS\SYSTEM32\WINMM.dll
0x00007ffddf920000 - 0x00007ffddf934000 	C:\WINDOWS\SYSTEM32\UMPDC.dll
0x00007ffdde890000 - 0x00007ffdde8ab000 	C:\WINDOWS\SYSTEM32\kernel.appcore.dll
0x00007ffdc3930000 - 0x00007ffdc393a000 	C:\Users\jccas\.jdks\temurin-17.0.15\bin\jimage.dll
0x00007ffddd210000 - 0x00007ffddd451000 	C:\WINDOWS\SYSTEM32\DBGHELP.DLL
0x00007ffde0740000 - 0x00007ffde0ac5000 	C:\WINDOWS\System32\combase.dll
0x00007ffde2870000 - 0x00007ffde2951000 	C:\WINDOWS\System32\OLEAUT32.dll
0x00007ffdbb030000 - 0x00007ffdbb069000 	C:\WINDOWS\SYSTEM32\dbgcore.DLL
0x00007ffddfaf0000 - 0x00007ffddfb89000 	C:\WINDOWS\System32\bcryptPrimitives.dll
0x00007ffdc3610000 - 0x00007ffdc361e000 	C:\Users\jccas\.jdks\temurin-17.0.15\bin\instrument.dll
0x00007ffdb36f0000 - 0x00007ffdb3715000 	C:\Users\jccas\.jdks\temurin-17.0.15\bin\java.dll
0x00007ffd9d890000 - 0x00007ffd9d967000 	C:\Users\jccas\.jdks\temurin-17.0.15\bin\jsvml.dll
0x00007ffde0b40000 - 0x00007ffde1282000 	C:\WINDOWS\System32\SHELL32.dll
0x00007ffde0240000 - 0x00007ffde03b4000 	C:\WINDOWS\System32\wintypes.dll
0x00007ffddd720000 - 0x00007ffdddf78000 	C:\WINDOWS\SYSTEM32\windows.storage.dll
0x00007ffde1c00000 - 0x00007ffde1cf1000 	C:\WINDOWS\System32\SHCORE.dll
0x00007ffde1290000 - 0x00007ffde12fa000 	C:\WINDOWS\System32\shlwapi.dll
0x00007ffddfa00000 - 0x00007ffddfa2f000 	C:\WINDOWS\SYSTEM32\profapi.dll
0x00007ffdbe100000 - 0x00007ffdbe119000 	C:\Users\jccas\.jdks\temurin-17.0.15\bin\net.dll
0x00007ffdd47f0000 - 0x00007ffdd490e000 	C:\WINDOWS\SYSTEM32\WINHTTP.dll
0x00007ffddee20000 - 0x00007ffddee8a000 	C:\WINDOWS\system32\mswsock.dll
0x00007ffdbdec0000 - 0x00007ffdbded6000 	C:\Users\jccas\.jdks\temurin-17.0.15\bin\nio.dll
0x00007ffdba060000 - 0x00007ffdba078000 	C:\Users\jccas\.jdks\temurin-17.0.15\bin\zip.dll
0x00007ffdb8cb0000 - 0x00007ffdb8cca000 	C:\Program Files\JetBrains\IntelliJ IDEA 2024.2.0.2\bin\breakgen64.dll
0x00007ffdc33f0000 - 0x00007ffdc33f9000 	C:\Users\jccas\.jdks\temurin-17.0.15\bin\extnet.dll
0x000001a20a750000 - 0x000001a20a753000 	C:\Program Files\JavaFX\javafx-sdk-17.0.15\bin\api-ms-win-core-console-l1-1-0.dll
0x000001a20a760000 - 0x000001a20a763000 	C:\Program Files\JavaFX\javafx-sdk-17.0.15\bin\api-ms-win-core-console-l1-2-0.dll
0x000001a20a770000 - 0x000001a20a773000 	C:\Program Files\JavaFX\javafx-sdk-17.0.15\bin\api-ms-win-core-datetime-l1-1-0.dll
0x000001a228c10000 - 0x000001a228c13000 	C:\Program Files\JavaFX\javafx-sdk-17.0.15\bin\api-ms-win-core-debug-l1-1-0.dll
0x000001a228c20000 - 0x000001a228c23000 	C:\Program Files\JavaFX\javafx-sdk-17.0.15\bin\api-ms-win-core-errorhandling-l1-1-0.dll
0x000001a228c30000 - 0x000001a228c34000 	C:\Program Files\JavaFX\javafx-sdk-17.0.15\bin\api-ms-win-core-file-l1-1-0.dll
0x000001a228c40000 - 0x000001a228c43000 	C:\Program Files\JavaFX\javafx-sdk-17.0.15\bin\api-ms-win-core-file-l1-2-0.dll
0x000001a228d70000 - 0x000001a228d73000 	C:\Program Files\JavaFX\javafx-sdk-17.0.15\bin\api-ms-win-core-file-l2-1-0.dll
0x000001a228c50000 - 0x000001a228c53000 	C:\Program Files\JavaFX\javafx-sdk-17.0.15\bin\api-ms-win-core-handle-l1-1-0.dll
0x000001a228c60000 - 0x000001a228c63000 	C:\Program Files\JavaFX\javafx-sdk-17.0.15\bin\api-ms-win-core-heap-l1-1-0.dll
0x000001a228c70000 - 0x000001a228c73000 	C:\Program Files\JavaFX\javafx-sdk-17.0.15\bin\api-ms-win-core-interlocked-l1-1-0.dll
0x000001a228c80000 - 0x000001a228c83000 	C:\Program Files\JavaFX\javafx-sdk-17.0.15\bin\api-ms-win-core-libraryloader-l1-1-0.dll
0x000001a228c90000 - 0x000001a228c93000 	C:\Program Files\JavaFX\javafx-sdk-17.0.15\bin\api-ms-win-core-localization-l1-2-0.dll
0x000001a228ca0000 - 0x000001a228ca3000 	C:\Program Files\JavaFX\javafx-sdk-17.0.15\bin\api-ms-win-core-memory-l1-1-0.dll
0x000001a228cb0000 - 0x000001a228cb3000 	C:\Program Files\JavaFX\javafx-sdk-17.0.15\bin\api-ms-win-core-namedpipe-l1-1-0.dll
0x000001a228cc0000 - 0x000001a228cc3000 	C:\Program Files\JavaFX\javafx-sdk-17.0.15\bin\api-ms-win-core-processenvironment-l1-1-0.dll
0x000001a228cd0000 - 0x000001a228cd3000 	C:\Program Files\JavaFX\javafx-sdk-17.0.15\bin\api-ms-win-core-processthreads-l1-1-0.dll
0x000001a228ce0000 - 0x000001a228ce3000 	C:\Program Files\JavaFX\javafx-sdk-17.0.15\bin\api-ms-win-core-processthreads-l1-1-1.dll
0x000001a228cf0000 - 0x000001a228cf3000 	C:\Program Files\JavaFX\javafx-sdk-17.0.15\bin\api-ms-win-core-profile-l1-1-0.dll
0x000001a228d00000 - 0x000001a228d03000 	C:\Program Files\JavaFX\javafx-sdk-17.0.15\bin\api-ms-win-core-rtlsupport-l1-1-0.dll
0x000001a228d10000 - 0x000001a228d13000 	C:\Program Files\JavaFX\javafx-sdk-17.0.15\bin\api-ms-win-core-string-l1-1-0.dll
0x000001a228d20000 - 0x000001a228d23000 	C:\Program Files\JavaFX\javafx-sdk-17.0.15\bin\api-ms-win-core-synch-l1-1-0.dll
0x000001a228d30000 - 0x000001a228d33000 	C:\Program Files\JavaFX\javafx-sdk-17.0.15\bin\api-ms-win-core-synch-l1-2-0.dll
0x000001a228d40000 - 0x000001a228d43000 	C:\Program Files\JavaFX\javafx-sdk-17.0.15\bin\api-ms-win-core-sysinfo-l1-1-0.dll
0x000001a228d50000 - 0x000001a228d53000 	C:\Program Files\JavaFX\javafx-sdk-17.0.15\bin\api-ms-win-core-timezone-l1-1-0.dll
0x000001a228d60000 - 0x000001a228d63000 	C:\Program Files\JavaFX\javafx-sdk-17.0.15\bin\api-ms-win-core-util-l1-1-0.dll
0x000001a228d80000 - 0x000001a228d83000 	C:\Program Files\JavaFX\javafx-sdk-17.0.15\bin\api-ms-win-crt-conio-l1-1-0.dll
0x000001a228d90000 - 0x000001a228d94000 	C:\Program Files\JavaFX\javafx-sdk-17.0.15\bin\api-ms-win-crt-convert-l1-1-0.dll
0x000001a228da0000 - 0x000001a228da3000 	C:\Program Files\JavaFX\javafx-sdk-17.0.15\bin\api-ms-win-crt-environment-l1-1-0.dll
0x000001a228db0000 - 0x000001a228db3000 	C:\Program Files\JavaFX\javafx-sdk-17.0.15\bin\api-ms-win-crt-filesystem-l1-1-0.dll
0x000001a228ef0000 - 0x000001a228ef3000 	C:\Program Files\JavaFX\javafx-sdk-17.0.15\bin\api-ms-win-crt-heap-l1-1-0.dll
0x000001a228dc0000 - 0x000001a228dc3000 	C:\Program Files\JavaFX\javafx-sdk-17.0.15\bin\api-ms-win-crt-locale-l1-1-0.dll
0x000001a228dd0000 - 0x000001a228dd5000 	C:\Program Files\JavaFX\javafx-sdk-17.0.15\bin\api-ms-win-crt-math-l1-1-0.dll
0x000001a228de0000 - 0x000001a228de5000 	C:\Program Files\JavaFX\javafx-sdk-17.0.15\bin\api-ms-win-crt-multibyte-l1-1-0.dll
0x000001a228df0000 - 0x000001a228e00000 	C:\Program Files\JavaFX\javafx-sdk-17.0.15\bin\api-ms-win-crt-private-l1-1-0.dll
0x000001a228e00000 - 0x000001a228e03000 	C:\Program Files\JavaFX\javafx-sdk-17.0.15\bin\api-ms-win-crt-process-l1-1-0.dll
0x000001a228e10000 - 0x000001a228e14000 	C:\Program Files\JavaFX\javafx-sdk-17.0.15\bin\api-ms-win-crt-runtime-l1-1-0.dll
0x000001a228e20000 - 0x000001a228e24000 	C:\Program Files\JavaFX\javafx-sdk-17.0.15\bin\api-ms-win-crt-stdio-l1-1-0.dll
0x000001a228e30000 - 0x000001a228e34000 	C:\Program Files\JavaFX\javafx-sdk-17.0.15\bin\api-ms-win-crt-string-l1-1-0.dll
0x000001a228e40000 - 0x000001a228e43000 	C:\Program Files\JavaFX\javafx-sdk-17.0.15\bin\api-ms-win-crt-time-l1-1-0.dll
0x000001a228e50000 - 0x000001a228e53000 	C:\Program Files\JavaFX\javafx-sdk-17.0.15\bin\api-ms-win-crt-utility-l1-1-0.dll
0x00007ffd941f0000 - 0x00007ffd942ec000 	C:\Program Files\JavaFX\javafx-sdk-17.0.15\bin\ucrtbase.dll
0x00007ffdb8c40000 - 0x00007ffdb8c5b000 	C:\Program Files\JavaFX\javafx-sdk-17.0.15\bin\vcruntime140.dll
0x00007ffdc3390000 - 0x00007ffdc339c000 	C:\Program Files\JavaFX\javafx-sdk-17.0.15\bin\vcruntime140_1.dll
0x00007ffd96080000 - 0x00007ffd9610e000 	C:\Program Files\JavaFX\javafx-sdk-17.0.15\bin\msvcp140.dll
0x00007ffdc2e30000 - 0x00007ffdc2e39000 	C:\Program Files\JavaFX\javafx-sdk-17.0.15\bin\msvcp140_1.dll
0x00007ffdaaac0000 - 0x00007ffdaab01000 	C:\Program Files\JavaFX\javafx-sdk-17.0.15\bin\msvcp140_2.dll
0x00007ffdac170000 - 0x00007ffdac19a000 	C:\Program Files\JavaFX\javafx-sdk-17.0.15\bin\prism_d3d.dll
0x00007ffda1c70000 - 0x00007ffda1e27000 	C:\WINDOWS\system32\d3d9.dll
0x00007ffddca30000 - 0x00007ffddca66000 	C:\WINDOWS\SYSTEM32\dwmapi.dll
0x00007ffddc9c0000 - 0x00007ffddca0d000 	C:\WINDOWS\SYSTEM32\dxcore.dll
0x00007ffddc6e0000 - 0x00007ffddc78f000 	C:\WINDOWS\system32\uxtheme.dll
0x00007ffd61920000 - 0x00007ffd61b58000 	C:\WINDOWS\System32\DriverStore\FileRepository\iigd_dch.inf_amd64_0fdf6ce291234272\igdumdim64.dll
0x00007ffde2100000 - 0x00007ffde229e000 	C:\WINDOWS\System32\ole32.dll
0x00007ffd29b30000 - 0x00007ffd2aea0000 	C:\WINDOWS\System32\DriverStore\FileRepository\iigd_dch.inf_amd64_0fdf6ce291234272\igd9dxva64.dll
0x00007ffde22e0000 - 0x00007ffde2766000 	C:\WINDOWS\System32\SETUPAPI.dll
0x00007ffddf660000 - 0x00007ffddf6b7000 	C:\WINDOWS\SYSTEM32\cfgmgr32.dll
0x00007ffd838e0000 - 0x00007ffd85601000 	C:\WINDOWS\System32\DriverStore\FileRepository\iigd_dch.inf_amd64_0fdf6ce291234272\media_bin_64.dll
0x00007ffdd3bb0000 - 0x00007ffdd3fe8000 	C:\WINDOWS\System32\DriverStore\FileRepository\iigd_dch.inf_amd64_0fdf6ce291234272\igdgmm64.dll
0x00007ffddc810000 - 0x00007ffddc871000 	C:\WINDOWS\SYSTEM32\directxdatabasehelper.dll
0x00007ffda8bd0000 - 0x00007ffda8c12000 	C:\Program Files\JavaFX\javafx-sdk-17.0.15\bin\glass.dll
0x00007ffde1710000 - 0x00007ffde1806000 	C:\WINDOWS\System32\COMDLG32.dll
0x00007ffde1e40000 - 0x00007ffde1fa0000 	C:\WINDOWS\System32\MSCTF.dll
0x00007ffd87fe0000 - 0x00007ffd88007000 	C:\WINDOWS\System32\DriverStore\FileRepository\iigd_dch.inf_amd64_0fdf6ce291234272\igdinfo64.dll
0x00007ffdcfd00000 - 0x00007ffdd3bad000 	C:\WINDOWS\System32\DriverStore\FileRepository\iigd_dch.inf_amd64_0fdf6ce291234272\igc64.dll
0x00007ffdab290000 - 0x00007ffdab2bd000 	C:\Program Files\JavaFX\javafx-sdk-17.0.15\bin\javafx_iio.dll
0x00007ffdb36d0000 - 0x00007ffdb36e5000 	C:\Program Files\JavaFX\javafx-sdk-17.0.15\bin\javafx_font.dll
0x00007ffddaf50000 - 0x00007ffddb1bb000 	C:\WINDOWS\SYSTEM32\dwrite.dll
0x00007ffde1860000 - 0x00007ffde1908000 	C:\WINDOWS\System32\clbcatq.dll
0x00007ffddacd0000 - 0x00007ffddaf09000 	C:\WINDOWS\SYSTEM32\WindowsCodecs.dll
0x00007ffdaa4f0000 - 0x00007ffdaa54a000 	C:\WINDOWS\system32\dataexchange.dll
0x00007ffdcdbe0000 - 0x00007ffdcde1a000 	C:\WINDOWS\system32\twinapi.appcore.dll
0x00007ffd8f100000 - 0x00007ffd8f12c000 	C:\Program Files\Common Files\Microsoft Shared\Ink\rtscom.dll
0x00007ffdc75b0000 - 0x00007ffdc7700000 	C:\WINDOWS\SYSTEM32\textinputframework.dll
0x00007ffddc1f0000 - 0x00007ffddc315000 	C:\WINDOWS\SYSTEM32\CoreMessaging.dll
0x00007ffdd71b0000 - 0x00007ffdd7493000 	C:\WINDOWS\SYSTEM32\CoreUIComponents.dll
0x00007ffddf0f0000 - 0x00007ffddf0fc000 	C:\WINDOWS\SYSTEM32\CRYPTBASE.DLL
0x00007ffdde370000 - 0x00007ffdde497000 	C:\WINDOWS\SYSTEM32\DNSAPI.dll
0x00007ffdde2d0000 - 0x00007ffdde303000 	C:\WINDOWS\SYSTEM32\IPHLPAPI.DLL

dbghelp: loaded successfully - version: 4.0.5 - missing functions: none
symbol engine: initialized successfully - sym options: 0x614 - pdb path: .;C:\Users\jccas\.jdks\temurin-17.0.15\bin;C:\WINDOWS\SYSTEM32;C:\WINDOWS\WinSxS\amd64_microsoft.windows.common-controls_6595b64144ccf1df_6.0.26100.4202_none_3e0698d4e335f517;C:\Users\jccas\.jdks\temurin-17.0.15\bin\server;C:\Program Files\JetBrains\IntelliJ IDEA 2024.2.0.2\bin;C:\Program Files\JavaFX\javafx-sdk-17.0.15\bin;C:\WINDOWS\System32\DriverStore\FileRepository\iigd_dch.inf_amd64_0fdf6ce291234272;C:\Program Files\Common Files\Microsoft Shared\Ink

VM Arguments:
jvm_args: --module-path=C:\Program Files\JavaFX\javafx-sdk-17.0.15\lib --add-modules=javafx.controls,javafx.fxml,javafx.graphics,javafx.base -javaagent:C:\Program Files\JetBrains\IntelliJ IDEA 2024.2.0.2\lib\idea_rt.jar=63291:C:\Program Files\JetBrains\IntelliJ IDEA 2024.2.0.2\bin -Dfile.encoding=UTF-8 
java_command: professionalpractice.ProfessionalPractices
java_class_path (initial): C:\TrabajosProgramacion\PC\ProyectoModificado\Professional-Practices-software\out\production\Professional-Practices-software;C:\TrabajosProgramacion\PC\ProyectoModificado\Professional-Practices-software\dependencies\jbcrypt-0.4.jar;C:\TrabajosProgramacion\PC\ProyectoModificado\Professional-Practices-software\dependencies\mysql-connector-java-8.0.20.jar;C:\Program Files\JavaFX\javafx-sdk-17.0.15\lib\javafx-swt.jar;C:\Program Files\JavaFX\javafx-sdk-17.0.15\lib\javafx.web.jar;C:\Program Files\JavaFX\javafx-sdk-17.0.15\lib\javafx.base.jar;C:\Program Files\JavaFX\javafx-sdk-17.0.15\lib\javafx.fxml.jar;C:\Program Files\JavaFX\javafx-sdk-17.0.15\lib\javafx.media.jar;C:\Program Files\JavaFX\javafx-sdk-17.0.15\lib\javafx.swing.jar;C:\Program Files\JavaFX\javafx-sdk-17.0.15\lib\javafx.controls.jar;C:\Program Files\JavaFX\javafx-sdk-17.0.15\lib\javafx.graphics.jar
Launcher Type: SUN_STANDARD

[Global flags]
     intx CICompilerCount                          = 4                                         {product} {ergonomic}
     uint ConcGCThreads                            = 2                                         {product} {ergonomic}
     uint G1ConcRefinementThreads                  = 8                                         {product} {ergonomic}
   size_t G1HeapRegionSize                         = 1048576                                   {product} {ergonomic}
    uintx GCDrainStackTargetSize                   = 64                                        {product} {ergonomic}
   size_t InitialHeapSize                          = 132120576                                 {product} {ergonomic}
   size_t MarkStackSize                            = 4194304                                   {product} {ergonomic}
   size_t MaxHeapSize                              = 2086666240                                {product} {ergonomic}
   size_t MaxNewSize                               = 1251999744                                {product} {ergonomic}
   size_t MinHeapDeltaBytes                        = 1048576                                   {product} {ergonomic}
   size_t MinHeapSize                              = 8388608                                   {product} {ergonomic}
    uintx NonNMethodCodeHeapSize                   = 5839372                                {pd product} {ergonomic}
    uintx NonProfiledCodeHeapSize                  = 122909434                              {pd product} {ergonomic}
    uintx ProfiledCodeHeapSize                     = 122909434                              {pd product} {ergonomic}
    uintx ReservedCodeCacheSize                    = 251658240                              {pd product} {ergonomic}
     bool SegmentedCodeCache                       = true                                      {product} {ergonomic}
   size_t SoftMaxHeapSize                          = 2086666240                             {manageable} {ergonomic}
     bool UseCompressedClassPointers               = true                           {product lp64_product} {ergonomic}
     bool UseCompressedOops                        = true                           {product lp64_product} {ergonomic}
     bool UseG1GC                                  = true                                      {product} {ergonomic}
     bool UseLargePagesIndividualAllocation        = false                                  {pd product} {ergonomic}

Logging:
Log output configuration:
 #0: stdout all=off uptime,level,tags
 #1: stderr all=off uptime,level,tags

Environment Variables:
PATH=C:\Program Files\Eclipse Adoptium\jdk-21.0.7.6-hotspot\bin;C:\Program Files\MySQL\MySQL Server 8.0\bin;C:\Program Files (x86)\Common Files\Oracle\Java\java8path;C:\Program Files\Common Files\Oracle\Java\javapath;C:\Program Files (x86)\Common Files\Oracle\Java\javapath;C:\WINDOWS\system32;C:\WINDOWS;C:\WINDOWS\System32\Wbem;C:\WINDOWS\System32\WindowsPowerShell\v1.0\;C:\WINDOWS\System32\OpenSSH\;C:\Program Files (x86)\Common Files\i2 Shared\Geotrans\;C:\Program Files (x86)\Common Files\i2 Shared\i2 Online iLink 8\Components\;C:\Program Files\HP\HP One Agent;C:\Users\jccas\AppData\Local\Programs\Python\Python313;C:\WINDOWS\system32;C:\WINDOWS;C:\WINDOWS\System32\Wbem;C:\WINDOWS\System32\WindowsPowerShell\v1.0\;C:\WINDOWS\System32\OpenSSH\;C:\Program Files\dotnet\;C:\Program Files\Git\cmd;C:\Program Files\MySQL\MySQL Server 8.0\bin;C:\Users\jccas\AppData\Local\Programs\Python\Launcher\;C:\xampp\htdocs\UAI\vistas\index.ine_nacional.vista.php;C:\Users\jccas\AppData\Local\Microsoft\WindowsApps;C:\Users\jccas\AppData\Local\JetBrains\Toolbox\scripts;C:\Users\jccas\AppData\Local\Programs\Microsoft VS Code\bin;C:\Users\jccas\.dotnet\tools;
USERNAME=jccas
OS=Windows_NT
PROCESSOR_IDENTIFIER=Intel64 Family 6 Model 140 Stepping 1, GenuineIntel
TMP=C:\Users\jccas\AppData\Local\Temp
TEMP=C:\Users\jccas\AppData\Local\Temp



Periodic native trim disabled


---------------  S Y S T E M  ---------------

OS:
 Windows 11 , 64 bit Build 26100 (10.0.26100.4202)
OS uptime: 5 days 1:17 hours
Hyper-V role detected

CPU: total 8 (initial active 8) (4 cores per cpu, 2 threads per core) family 6 model 140 stepping 1 microcode 0x86, cx8, cmov, fxsr, ht, mmx, 3dnowpref, sse, sse2, sse3, ssse3, sse4.1, sse4.2, popcnt, lzcnt, tsc, tscinvbit, avx, avx2, aes, erms, clmul, bmi1, bmi2, adx, avx512f, avx512dq, avx512cd, avx512bw, avx512vl, sha, fma, vzeroupper, avx512_vpopcntdq, avx512_vpclmulqdq, avx512_vaes, avx512_vnni, clflush, clflushopt, clwb, avx512_vbmi2, avx512_vbmi, hv
Processor Information for all 8 processors :
  Max Mhz: 2419, Current Mhz: 2419, Mhz Limit: 2419

Memory: 4k page, system-wide physical 7957M (1010M free)
TotalPageFile size 16838M (AvailPageFile size 2007M)
current process WorkingSet (physical memory assigned to process): 282M, peak: 294M
current process commit charge ("private bytes"): 377M, peak: 395M

vm_info: OpenJDK 64-Bit Server VM (17.0.15+6) for windows-amd64 JRE (17.0.15+6), built on Apr 15 2025 21:25:47 by "admin" with MS VC++ 17.7 (VS2022)

END.
