#
# A fatal error has been detected by the Java Runtime Environment:
#
#  EXCEPTION_ACCESS_VIOLATION (0xc0000005) at pc=0x00007ffda8c268a7, pid=30704, tid=25960
#
# JRE version: OpenJDK Runtime Environment Temurin-17.0.15+6 (17.0.15+6) (build 17.0.15+6)
# Java VM: OpenJDK 64-Bit Server VM Temurin-17.0.15+6 (17.0.15+6, mixed mode, sharing, tiered, compressed oops, compressed class ptrs, g1 gc, windows-amd64)
# Problematic frame:
# C  [glass.dll+0x268a7]
#
# No core dump will be written. Minidumps are not enabled by default on client versions of Windows
#
# If you would like to submit a bug report, please visit:
#   https://github.com/adoptium/adoptium-support/issues
#

---------------  S U M M A R Y ------------

Command Line: --module-path=C:\Program Files\JavaFX\javafx-sdk-17.0.15\lib --add-modules=javafx.controls,javafx.fxml,javafx.graphics,javafx.base -javaagent:C:\Program Files\JetBrains\IntelliJ IDEA 2024.2.0.2\lib\idea_rt.jar=60589:C:\Program Files\JetBrains\IntelliJ IDEA 2024.2.0.2\bin -Dfile.encoding=UTF-8 professionalpractice.ProfessionalPractices

Host: 11th Gen Intel(R) Core(TM) i5-1135G7 @ 2.40GHz, 8 cores, 7G,  Windows 11 , 64 bit Build 26100 (10.0.26100.4202)
Time: Fri Jun 20 19:11:51 2025 Hora estándar central (México) elapsed time: 127.243587 seconds (0d 0h 2m 7s)

---------------  T H R E A D  ---------------

Current thread (0x000001717fe7fe90):  VMThread "VM Thread" [stack: 0x0000001de7900000,0x0000001de7a00000] [id=25960]

Stack: [0x0000001de7900000,0x0000001de7a00000],  sp=0x0000001de79fef00,  free space=1019k
Native frames: (J=compiled Java code, j=interpreted, Vv=VM code, C=native code)
C  [glass.dll+0x268a7]


siginfo: EXCEPTION_ACCESS_VIOLATION (0xc0000005), reading address 0x0000000000000000


Registers:
RAX=0x0000000000000000, RBX=0x000001717fe957d0, RCX=0x000001717fe7fe90, RDX=0x0000001de79fef00
RSP=0x0000001de79fef00, RBP=0x000040a1019d6fe7, RSI=0x0000017149d663c8, RDI=0x0000017149d663a0
R8 =0x0000000000010002, R9 =0x000040a1019d6fe7, R10=0x0000017163770000, R11=0x0000001de79fedb0
R12=0x00007ffda8c00000, R13=0x000000007ffe0385, R14=0x0000001de79ff008, R15=0x0000017149d663a0
RIP=0x00007ffda8c268a7, EFLAGS=0x0000000000010202

XMM[0]=0x0000000000000000 0x0000000000000000
XMM[1]=0x0000000000000000 0x0000001de79fdb60
XMM[2]=0x0000000000000000 0x0000000000000000
XMM[3]=0x0000000000000000 0x0000000000000000
XMM[4]=0x0000000000000000 0x0000000000000000
XMM[5]=0x0000000000000000 0x0000000000000000
XMM[6]=0x0000000000000000 0x404e000000000000
XMM[7]=0x0000000000000000 0x0000000000000000
XMM[8]=0x0000000000000000 0x0000000000000000
XMM[9]=0x0000000000000000 0x0000000000000000
XMM[10]=0x0000000000000000 0x0000000000000000
XMM[11]=0x0000000000000000 0x0000000000000000
XMM[12]=0x0000000000000000 0x0000000000000000
XMM[13]=0x0000000000000000 0x0000000000000000
XMM[14]=0x0000000000000000 0x0000000000000000
XMM[15]=0x0000000000000000 0x0000000000000000
  MXCSR=0x00001fa3


Register to memory mapping:

RIP=0x00007ffda8c268a7 glass.dll
RAX=0x0 is NULL
RBX=0x000001717fe957d0 is a global jni handle
RCX=0x000001717fe7fe90 points into unknown readable memory: 0x00007ffd60002bb8 | b8 2b 00 60 fd 7f 00 00
RDX=0x0000001de79fef00 points into unknown readable memory: 0x0000000000000000 | 00 00 00 00 00 00 00 00
RSP=0x0000001de79fef00 points into unknown readable memory: 0x0000000000000000 | 00 00 00 00 00 00 00 00
RBP=0x000040a1019d6fe7 is an unknown value
RSI=0x0000017149d663c8 points into unknown readable memory: 0x000040a1019d6fe7 | e7 6f 9d 01 a1 40 00 00
RDI=0x0000017149d663a0 points into unknown readable memory: 0x611ec4a101a29133 | 33 91 a2 01 a1 c4 1e 61
R8 =0x0000000000010002 is an unknown value
R9 =0x000040a1019d6fe7 is an unknown value
R10=0x0000017163770000 points into unknown readable memory: 0x0000000000000000 | 00 00 00 00 00 00 00 00
R11=0x0000001de79fedb0 points into unknown readable memory: 0x0000000000000000 | 00 00 00 00 00 00 00 00
R12=0x00007ffda8c00000 glass.dll
R13=0x000000007ffe0385 points into unknown readable memory: 00 00 00
R14=0x0000001de79ff008 points into unknown readable memory: 0x0000001de79feff0 | f0 ef 9f e7 1d 00 00 00
R15=0x0000017149d663a0 points into unknown readable memory: 0x611ec4a101a29133 | 33 91 a2 01 a1 c4 1e 61


Top of Stack: (sp=0x0000001de79fef00)
0x0000001de79fef00:   0000000000000000 0000017100000000
0x0000001de79fef10:   0000017149d5eae0 00007ffda8c00000
0x0000001de79fef20:   0000017149d663a8 00007ffde00abc75
0x0000001de79fef30:   0000017149d663a0 0000017100000000
0x0000001de79fef40:   0000017149d663c0 000040a1019d6fe7
0x0000001de79fef50:   fffffffffffffffe 00007ffddfcc96ab
0x0000001de79fef60:   0000000000000000 00007ffda8c00000
0x0000001de79fef70:   0000001de79feff8 00007ffde00ab897
0x0000001de79fef80:   0000001de79ff000 0000001de79ff008
0x0000001de79fef90:   0000001de79ff530 00007ffde01988c0
0x0000001de79fefa0:   0000000000000001 00007ffde00ab84d
0x0000001de79fefb0:   0000000000000000 0000000000000001
0x0000001de79fefc0:   0000000000000000 0000001de79feff8
0x0000001de79fefd0:   fffffffffffffffe 0000001de79ff500
0x0000001de79fefe0:   0000000000000000 00007ffda8c2407d
0x0000001de79feff0:   00007ffda8c3a008 00007ffd00000002
0x0000001de79ff000:   0000000000000002 0000001de79feff0
0x0000001de79ff010:   0000000000000000 00007ffdde2e908d
0x0000001de79ff020:   0000000000000000 00007ffda8c241a2
0x0000001de79ff030:   0000000000000001 000000007ffe0384
0x0000001de79ff040:   0000000000000001 0000000000000001
0x0000001de79ff050:   000000007ffe0384 00007ffddf0f277e
0x0000001de79ff060:   0000000000000001 000000000000008d
0x0000001de79ff070:   00007ffda8c241f0 0000000000000001
0x0000001de79ff080:   0000000000000001 00007ffde2a12983
0x0000001de79ff090:   00007ffda8c00000 0000000000000000
0x0000001de79ff0a0:   0000000000000001 000000007ffe0384
0x0000001de79ff0b0:   000000000000005e 0000000000000000
0x0000001de79ff0c0:   0000000000000000 0000000000000000
0x0000001de79ff0d0:   00007ffda8c00000 fffffb3a00000000
0x0000001de79ff0e0:   000000000000008b 0000000000000000
0x0000001de79ff0f0:   0000000000000000 0000017163b267b0 

Instructions: (pc=0x00007ffda8c268a7)
0x00007ffda8c267a7:   8b 4d 58 e8 8d cf ff ff 48 8b 4d 60 e8 84 cf ff
0x00007ffda8c267b7:   ff 48 8b 95 80 00 00 00 48 8b 8d 18 01 00 00 e8
0x00007ffda8c267c7:   76 c4 ff ff 33 d2 33 c9 e8 cc e1 ff ff 90 48 89
0x00007ffda8c267d7:   54 24 10 55 48 83 ec 20 48 8b ea 48 b8 00 00 00
0x00007ffda8c267e7:   00 00 00 00 00 48 83 c4 20 5d c3 cc 40 55 48 8b
0x00007ffda8c267f7:   ea 48 8b 01 33 c9 81 38 05 00 00 c0 0f 94 c1 8b
0x00007ffda8c26807:   c1 5d c3 cc 40 55 48 83 ec 20 48 8b ea 8a 4d 40
0x00007ffda8c26817:   48 83 c4 20 5d e9 73 d3 ff ff cc 40 55 48 83 ec
0x00007ffda8c26827:   20 48 8b ea 8a 4d 20 e8 61 d3 ff ff 90 48 83 c4
0x00007ffda8c26837:   20 5d c3 cc 40 55 48 83 ec 20 48 8b ea 48 83 c4
0x00007ffda8c26847:   20 5d e9 c2 d1 ff ff cc 40 55 48 83 ec 30 48 8b
0x00007ffda8c26857:   ea 48 8b 01 8b 10 48 89 4c 24 28 89 54 24 20 4c
0x00007ffda8c26867:   8d 0d 63 d6 ff ff 4c 8b 45 70 8b 55 68 48 8b 4d
0x00007ffda8c26877:   60 e8 03 d1 ff ff 90 48 83 c4 30 5d c3 cc cc cc
0x00007ffda8c26887:   cc cc cc cc cc cc cc cc cc 40 53 48 83 ec 20 48
0x00007ffda8c26897:   8b 1d 6b 31 01 00 48 85 db 74 16 e8 89 8b ff ff
0x00007ffda8c268a7:   4c 8b 00 48 8b d3 48 8b c8 41 ff 90 b0 00 00 00
0x00007ffda8c268b7:   90 48 83 c4 20 5b c3 cc cc 40 53 48 83 ec 20 48
0x00007ffda8c268c7:   8b 1d db 32 01 00 48 85 db 74 57 b8 ff ff ff ff
0x00007ffda8c268d7:   f0 0f c1 43 10 83 f8 01 75 3d 48 85 db 74 38 48
0x00007ffda8c268e7:   8b 0b 48 85 c9 74 0d ff 15 b4 09 00 00 48 c7 03
0x00007ffda8c268f7:   00 00 00 00 48 8b 4b 08 48 85 c9 74 0d e8 33 ce
0x00007ffda8c26907:   ff ff 48 c7 43 08 00 00 00 00 ba 18 00 00 00 48
0x00007ffda8c26917:   8b cb e8 1e ce ff ff 48 c7 05 7f 32 01 00 00 00
0x00007ffda8c26927:   00 00 48 83 c4 20 5b c3 cc 40 53 48 83 ec 20 48
0x00007ffda8c26937:   8b 1d 4b 32 01 00 48 85 db 74 57 b8 ff ff ff ff
0x00007ffda8c26947:   f0 0f c1 43 10 83 f8 01 75 3d 48 85 db 74 38 48
0x00007ffda8c26957:   8b 0b 48 85 c9 74 0d ff 15 44 09 00 00 48 c7 03
0x00007ffda8c26967:   00 00 00 00 48 8b 4b 08 48 85 c9 74 0d e8 c3 cd
0x00007ffda8c26977:   ff ff 48 c7 43 08 00 00 00 00 ba 18 00 00 00 48
0x00007ffda8c26987:   8b cb e8 ae cd ff ff 48 c7 05 ef 31 01 00 00 00
0x00007ffda8c26997:   00 00 48 83 c4 20 5b c3 cc 40 53 48 83 ec 20 48 


Stack slot to memory mapping:
stack at sp + 0 slots: 0x0 is NULL
stack at sp + 1 slots: 0x0000017100000000 points into unknown readable memory: 0x0200092492492481 | 81 24 49 92 24 09 00 02
stack at sp + 2 slots: 0x0000017149d5eae0 points into unknown readable memory: 0x0000017149d5e990 | 90 e9 d5 49 71 01 00 00
stack at sp + 3 slots: 0x00007ffda8c00000 glass.dll
stack at sp + 4 slots: 0x0000017149d663a8 points into unknown readable memory: 0x000040a1019d6fe7 | e7 6f 9d 01 a1 40 00 00
stack at sp + 5 slots: 0x00007ffde00abc75 ucrtbase.dll
stack at sp + 6 slots: 0x0000017149d663a0 points into unknown readable memory: 0x611ec4a101a29133 | 33 91 a2 01 a1 c4 1e 61
stack at sp + 7 slots: 0x0000017100000000 points into unknown readable memory: 0x0200092492492481 | 81 24 49 92 24 09 00 02

VM_Operation (0x0000001de70ff390): Exit, mode: safepoint, requested by thread 0x000001714a522870


---------------  P R O C E S S  ---------------

Threads class SMR info:
_java_thread_list=0x00000171509f79f0, length=22, elements={
0x0000017165318200, 0x000001717fe863e0, 0x000001717fe86fa0, 0x000001717fe995d0,
0x000001717fe9e5a0, 0x000001717fea1070, 0x000001717fea1a30, 0x000001717fea47e0,
0x000001717fec6f20, 0x000001717fec7830, 0x000001717fe70c50, 0x0000017149ca80e0,
0x0000017149ca85c0, 0x0000017149a44020, 0x0000017149d5d7a0, 0x0000017149d69760,
0x000001714a3172c0, 0x000001714a522360, 0x000001714a521430, 0x000001714a521940,
0x000001714a523290, 0x000001714a522870
}

Java Threads: ( => current thread )
  0x0000017165318200 JavaThread "main" [_thread_blocked, id=32324, stack(0x0000001de7300000,0x0000001de7400000)]
  0x000001717fe863e0 JavaThread "Reference Handler" daemon [_thread_blocked, id=19776, stack(0x0000001de7a00000,0x0000001de7b00000)]
  0x000001717fe86fa0 JavaThread "Finalizer" daemon [_thread_blocked, id=31844, stack(0x0000001de7b00000,0x0000001de7c00000)]
  0x000001717fe995d0 JavaThread "Signal Dispatcher" daemon [_thread_blocked, id=9180, stack(0x0000001de7c00000,0x0000001de7d00000)]
  0x000001717fe9e5a0 JavaThread "Attach Listener" daemon [_thread_blocked, id=31792, stack(0x0000001de7d00000,0x0000001de7e00000)]
  0x000001717fea1070 JavaThread "Service Thread" daemon [_thread_blocked, id=31468, stack(0x0000001de7e00000,0x0000001de7f00000)]
  0x000001717fea1a30 JavaThread "Monitor Deflation Thread" daemon [_thread_blocked, id=27804, stack(0x0000001de7f00000,0x0000001de8000000)]
  0x000001717fea47e0 JavaThread "C2 CompilerThread0" daemon [_thread_blocked, id=27180, stack(0x0000001de8000000,0x0000001de8100000)]
  0x000001717fec6f20 JavaThread "C1 CompilerThread0" daemon [_thread_blocked, id=20964, stack(0x0000001de8100000,0x0000001de8200000)]
  0x000001717fec7830 JavaThread "Sweeper thread" daemon [_thread_blocked, id=28032, stack(0x0000001de8200000,0x0000001de8300000)]
  0x000001717fe70c50 JavaThread "Common-Cleaner" daemon [_thread_blocked, id=32556, stack(0x0000001de8300000,0x0000001de8400000)]
  0x0000017149ca80e0 JavaThread "Monitor Ctrl-Break" daemon [_thread_in_native, id=23716, stack(0x0000001de8600000,0x0000001de8700000)]
  0x0000017149ca85c0 JavaThread "Notification Thread" daemon [_thread_blocked, id=19660, stack(0x0000001de8700000,0x0000001de8800000)]
  0x0000017149a44020 JavaThread "QuantumRenderer-0" daemon [_thread_blocked, id=6332, stack(0x0000001de8400000,0x0000001de8500000)]
  0x0000017149d5d7a0 JavaThread "InvokeLaterDispatcher" daemon [_thread_blocked, id=11408, stack(0x0000001de8500000,0x0000001de8600000)]
  0x0000017149d69760 JavaThread "JavaFX Application Thread" [_thread_in_native, id=28520, stack(0x0000001de8900000,0x0000001de8a00000)]
  0x000001714a3172c0 JavaThread "JavaFX-Launcher" [_thread_blocked, id=30540, stack(0x0000001de8e00000,0x0000001de8f00000)]
  0x000001714a522360 JavaThread "Thread-2" daemon [_thread_in_native, id=22496, stack(0x0000001de8d00000,0x0000001de8e00000)]
  0x000001714a521430 JavaThread "Prism Font Disposer" daemon [_thread_blocked, id=10772, stack(0x0000001de9800000,0x0000001de9900000)]
  0x000001714a521940 JavaThread "Cleaner-0" daemon [_thread_blocked, id=16652, stack(0x0000001de9900000,0x0000001de9a00000)]
  0x000001714a523290 JavaThread "mysql-cj-abandoned-connection-cleanup" daemon [_thread_blocked, id=32032, stack(0x0000001de9b00000,0x0000001de9c00000)]
  0x000001714a522870 JavaThread "SIGINT handler" daemon [_thread_blocked, id=20404, stack(0x0000001de7000000,0x0000001de7100000)]

Other Threads:
=>0x000001717fe7fe90 VMThread "VM Thread" [stack: 0x0000001de7900000,0x0000001de7a00000] [id=25960]
  0x0000017165375800 GCTaskThread "GC Thread#0" [stack: 0x0000001de7400000,0x0000001de7500000] [id=28896]
  0x000001714a1db830 GCTaskThread "GC Thread#1" [stack: 0x0000001de8f00000,0x0000001de9000000] [id=18408]
  0x000001714a3046e0 GCTaskThread "GC Thread#2" [stack: 0x0000001de9000000,0x0000001de9100000] [id=15940]
  0x000001714a31c4c0 GCTaskThread "GC Thread#3" [stack: 0x0000001de9100000,0x0000001de9200000] [id=23096]
  0x000001714a30e0c0 GCTaskThread "GC Thread#4" [stack: 0x0000001de9200000,0x0000001de9300000] [id=4836]
  0x000001714a30ccb0 GCTaskThread "GC Thread#5" [stack: 0x0000001de9300000,0x0000001de9400000] [id=9836]
  0x0000017150374680 GCTaskThread "GC Thread#6" [stack: 0x0000001de9400000,0x0000001de9500000] [id=18468]
  0x0000017150375180 GCTaskThread "GC Thread#7" [stack: 0x0000001de9a00000,0x0000001de9b00000] [id=24176]
  0x0000017165386ce0 ConcurrentGCThread "G1 Main Marker" terminated
  0x00000171653885c0 ConcurrentGCThread "G1 Conc#0" [stack: 0x0000001de7600000,0x0000001de7700000] [id=28184]
  0x0000017150374ec0 ConcurrentGCThread "G1 Conc#1" [stack: 0x0000001de9c00000,0x0000001de9d00000] [id=8632]
  0x00000171653ce3c0 ConcurrentGCThread "G1 Refine#0" terminated
  0x00000171653cec90 ConcurrentGCThread "G1 Service" terminated

Threads with active compile tasks:

VM state: at safepoint (shutting down)

VM Mutex/Monitor currently owned by a thread:  ([mutex/lock_event])
[0x00000171653131f0] Threads_lock - owner thread: 0x000001717fe7fe90
[0x00000171653147e0] Heap_lock - owner thread: 0x000001714a522870

Heap address: 0x0000000083a00000, size: 1990 MB, Compressed Oops mode: 32-bit

CDS archive(s) mapped at: [0x0000017104000000-0x0000017104bb0000-0x0000017104bb0000), size 12255232, SharedBaseAddress: 0x0000017104000000, ArchiveRelocationMode: 1.
Compressed class space mapped at: 0x0000017105000000-0x0000017145000000, reserved size: 1073741824
Narrow klass base: 0x0000017104000000, Narrow klass shift: 0, Narrow klass range: 0x100000000

GC Precious Log:
 CPUs: 8 total, 8 available
 Memory: 7957M
 Large Page Support: Disabled
 NUMA Support: Disabled
 Compressed Oops: Enabled (32-bit)
 Heap Region Size: 1M
 Heap Min Capacity: 8M
 Heap Initial Capacity: 126M
 Heap Max Capacity: 1990M
 Pre-touch: Disabled
 Parallel Workers: 8
 Concurrent Workers: 2
 Concurrent Refinement Workers: 8
 Periodic GC: Disabled

Heap:
 garbage-first heap   total 129024K, used 72414K [0x0000000083a00000, 0x0000000100000000)
  region size 1024K, 39 young (39936K), 8 survivors (8192K)
 Metaspace       used 22577K, committed 22848K, reserved 1114112K
  class space    used 3052K, committed 3200K, reserved 1048576K

Heap Regions: E=young(eden), S=young(survivor), O=old, HS=humongous(starts), HC=humongous(continues), CS=collection set, F=free, OA=open archive, CA=closed archive, TAMS=top-at-mark-start (previous, next)
|   0|0x0000000083a00000, 0x0000000083b00000, 0x0000000083b00000|100%| O|  |TAMS 0x0000000083b00000, 0x0000000083a00000| Untracked 
|   1|0x0000000083b00000, 0x0000000083c00000, 0x0000000083c00000|100%|HS|  |TAMS 0x0000000083c00000, 0x0000000083b00000| Complete 
|   2|0x0000000083c00000, 0x0000000083d00000, 0x0000000083d00000|100%|HC|  |TAMS 0x0000000083d00000, 0x0000000083c00000| Complete 
|   3|0x0000000083d00000, 0x0000000083e00000, 0x0000000083e00000|100%|HC|  |TAMS 0x0000000083e00000, 0x0000000083d00000| Complete 
|   4|0x0000000083e00000, 0x0000000083f00000, 0x0000000083f00000|100%|HC|  |TAMS 0x0000000083f00000, 0x0000000083e00000| Complete 
|   5|0x0000000083f00000, 0x0000000084000000, 0x0000000084000000|100%|HC|  |TAMS 0x0000000084000000, 0x0000000083f00000| Complete 
|   6|0x0000000084000000, 0x0000000084100000, 0x0000000084100000|100%|HS|  |TAMS 0x0000000084100000, 0x0000000084000000| Complete 
|   7|0x0000000084100000, 0x0000000084200000, 0x0000000084200000|100%|HC|  |TAMS 0x0000000084200000, 0x0000000084100000| Complete 
|   8|0x0000000084200000, 0x0000000084300000, 0x0000000084300000|100%| O|  |TAMS 0x0000000084300000, 0x0000000084200000| Complete 
|   9|0x0000000084300000, 0x0000000084400000, 0x0000000084400000|100%| O|  |TAMS 0x0000000084400000, 0x0000000084300000| Untracked 
|  10|0x0000000084400000, 0x000000008441ae00, 0x0000000084500000| 10%| O|  |TAMS 0x000000008441ae00, 0x0000000084400000| Untracked 
|  11|0x0000000084500000, 0x0000000084600000, 0x0000000084600000|100%|HS|  |TAMS 0x0000000084600000, 0x0000000084500000| Complete 
|  12|0x0000000084600000, 0x0000000084700000, 0x0000000084700000|100%|HC|  |TAMS 0x0000000084700000, 0x0000000084600000| Complete 
|  13|0x0000000084700000, 0x0000000084800000, 0x0000000084800000|100%|HC|  |TAMS 0x0000000084800000, 0x0000000084700000| Complete 
|  14|0x0000000084800000, 0x0000000084900000, 0x0000000084900000|100%|HC|  |TAMS 0x0000000084900000, 0x0000000084800000| Complete 
|  15|0x0000000084900000, 0x0000000084a00000, 0x0000000084a00000|100%|HC|  |TAMS 0x0000000084a00000, 0x0000000084900000| Complete 
|  16|0x0000000084a00000, 0x0000000084b00000, 0x0000000084b00000|100%|HC|  |TAMS 0x0000000084b00000, 0x0000000084a00000| Complete 
|  17|0x0000000084b00000, 0x0000000084c00000, 0x0000000084c00000|100%|HC|  |TAMS 0x0000000084c00000, 0x0000000084b00000| Complete 
|  18|0x0000000084c00000, 0x0000000084d00000, 0x0000000084d00000|100%|HC|  |TAMS 0x0000000084d00000, 0x0000000084c00000| Complete 
|  19|0x0000000084d00000, 0x0000000084e00000, 0x0000000084e00000|100%|HC|  |TAMS 0x0000000084e00000, 0x0000000084d00000| Complete 
|  20|0x0000000084e00000, 0x0000000084f00000, 0x0000000084f00000|100%|HC|  |TAMS 0x0000000084f00000, 0x0000000084e00000| Complete 
|  21|0x0000000084f00000, 0x0000000085000000, 0x0000000085000000|100%|HC|  |TAMS 0x0000000085000000, 0x0000000084f00000| Complete 
|  22|0x0000000085000000, 0x0000000085100000, 0x0000000085100000|100%|HC|  |TAMS 0x0000000085100000, 0x0000000085000000| Complete 
|  23|0x0000000085100000, 0x0000000085200000, 0x0000000085200000|100%|HC|  |TAMS 0x0000000085200000, 0x0000000085100000| Complete 
|  24|0x0000000085200000, 0x0000000085300000, 0x0000000085300000|100%|HS|  |TAMS 0x0000000085300000, 0x0000000085200000| Complete 
|  25|0x0000000085300000, 0x0000000085400000, 0x0000000085400000|100%|HC|  |TAMS 0x0000000085400000, 0x0000000085300000| Complete 
|  26|0x0000000085400000, 0x0000000085500000, 0x0000000085500000|100%|HS|  |TAMS 0x0000000085500000, 0x0000000085400000| Complete 
|  27|0x0000000085500000, 0x0000000085600000, 0x0000000085600000|100%|HC|  |TAMS 0x0000000085600000, 0x0000000085500000| Complete 
|  28|0x0000000085600000, 0x0000000085700000, 0x0000000085700000|100%|HS|  |TAMS 0x0000000085700000, 0x0000000085600000| Complete 
|  29|0x0000000085700000, 0x0000000085800000, 0x0000000085800000|100%|HC|  |TAMS 0x0000000085800000, 0x0000000085700000| Complete 
|  30|0x0000000085800000, 0x0000000085900000, 0x0000000085900000|100%|HS|  |TAMS 0x0000000085900000, 0x0000000085800000| Complete 
|  31|0x0000000085900000, 0x0000000085a00000, 0x0000000085a00000|100%|HC|  |TAMS 0x0000000085a00000, 0x0000000085900000| Complete 
|  32|0x0000000085a00000, 0x0000000085b00000, 0x0000000085b00000|100%|HS|  |TAMS 0x0000000085b00000, 0x0000000085a00000| Complete 
|  33|0x0000000085b00000, 0x0000000085c00000, 0x0000000085c00000|100%|HC|  |TAMS 0x0000000085c00000, 0x0000000085b00000| Complete 
|  34|0x0000000085c00000, 0x0000000085c00000, 0x0000000085d00000|  0%| F|  |TAMS 0x0000000085c00000, 0x0000000085c00000| Untracked 
|  35|0x0000000085d00000, 0x0000000085d00000, 0x0000000085e00000|  0%| F|  |TAMS 0x0000000085d00000, 0x0000000085d00000| Untracked 
|  36|0x0000000085e00000, 0x0000000085e00000, 0x0000000085f00000|  0%| F|  |TAMS 0x0000000085e00000, 0x0000000085e00000| Untracked 
|  37|0x0000000085f00000, 0x0000000085f00000, 0x0000000086000000|  0%| F|  |TAMS 0x0000000085f00000, 0x0000000085f00000| Untracked 
|  38|0x0000000086000000, 0x0000000086000000, 0x0000000086100000|  0%| F|  |TAMS 0x0000000086000000, 0x0000000086000000| Untracked 
|  39|0x0000000086100000, 0x0000000086100000, 0x0000000086200000|  0%| F|  |TAMS 0x0000000086100000, 0x0000000086100000| Untracked 
|  40|0x0000000086200000, 0x0000000086200000, 0x0000000086300000|  0%| F|  |TAMS 0x0000000086200000, 0x0000000086200000| Untracked 
|  41|0x0000000086300000, 0x0000000086300000, 0x0000000086400000|  0%| F|  |TAMS 0x0000000086300000, 0x0000000086300000| Untracked 
|  42|0x0000000086400000, 0x0000000086400000, 0x0000000086500000|  0%| F|  |TAMS 0x0000000086400000, 0x0000000086400000| Untracked 
|  43|0x0000000086500000, 0x0000000086500000, 0x0000000086600000|  0%| F|  |TAMS 0x0000000086500000, 0x0000000086500000| Untracked 
|  44|0x0000000086600000, 0x0000000086600000, 0x0000000086700000|  0%| F|  |TAMS 0x0000000086600000, 0x0000000086600000| Untracked 
|  45|0x0000000086700000, 0x0000000086700000, 0x0000000086800000|  0%| F|  |TAMS 0x0000000086700000, 0x0000000086700000| Untracked 
|  46|0x0000000086800000, 0x0000000086800000, 0x0000000086900000|  0%| F|  |TAMS 0x0000000086800000, 0x0000000086800000| Untracked 
|  47|0x0000000086900000, 0x0000000086900000, 0x0000000086a00000|  0%| F|  |TAMS 0x0000000086900000, 0x0000000086900000| Untracked 
|  48|0x0000000086a00000, 0x0000000086a00000, 0x0000000086b00000|  0%| F|  |TAMS 0x0000000086a00000, 0x0000000086a00000| Untracked 
|  49|0x0000000086b00000, 0x0000000086b00000, 0x0000000086c00000|  0%| F|  |TAMS 0x0000000086b00000, 0x0000000086b00000| Untracked 
|  50|0x0000000086c00000, 0x0000000086c00000, 0x0000000086d00000|  0%| F|  |TAMS 0x0000000086c00000, 0x0000000086c00000| Untracked 
|  51|0x0000000086d00000, 0x0000000086d00000, 0x0000000086e00000|  0%| F|  |TAMS 0x0000000086d00000, 0x0000000086d00000| Untracked 
|  52|0x0000000086e00000, 0x0000000086e00000, 0x0000000086f00000|  0%| F|  |TAMS 0x0000000086e00000, 0x0000000086e00000| Untracked 
|  53|0x0000000086f00000, 0x0000000086f00000, 0x0000000087000000|  0%| F|  |TAMS 0x0000000086f00000, 0x0000000086f00000| Untracked 
|  54|0x0000000087000000, 0x0000000087000000, 0x0000000087100000|  0%| F|  |TAMS 0x0000000087000000, 0x0000000087000000| Untracked 
|  55|0x0000000087100000, 0x0000000087100000, 0x0000000087200000|  0%| F|  |TAMS 0x0000000087100000, 0x0000000087100000| Untracked 
|  56|0x0000000087200000, 0x0000000087200000, 0x0000000087300000|  0%| F|  |TAMS 0x0000000087200000, 0x0000000087200000| Untracked 
|  57|0x0000000087300000, 0x0000000087300000, 0x0000000087400000|  0%| F|  |TAMS 0x0000000087300000, 0x0000000087300000| Untracked 
|  58|0x0000000087400000, 0x0000000087400000, 0x0000000087500000|  0%| F|  |TAMS 0x0000000087400000, 0x0000000087400000| Untracked 
|  59|0x0000000087500000, 0x0000000087500000, 0x0000000087600000|  0%| F|  |TAMS 0x0000000087500000, 0x0000000087500000| Untracked 
|  60|0x0000000087600000, 0x0000000087600000, 0x0000000087700000|  0%| F|  |TAMS 0x0000000087600000, 0x0000000087600000| Untracked 
|  61|0x0000000087700000, 0x0000000087700000, 0x0000000087800000|  0%| F|  |TAMS 0x0000000087700000, 0x0000000087700000| Untracked 
|  62|0x0000000087800000, 0x0000000087800000, 0x0000000087900000|  0%| F|  |TAMS 0x0000000087800000, 0x0000000087800000| Untracked 
|  63|0x0000000087900000, 0x0000000087900000, 0x0000000087a00000|  0%| F|  |TAMS 0x0000000087900000, 0x0000000087900000| Untracked 
|  64|0x0000000087a00000, 0x0000000087a00000, 0x0000000087b00000|  0%| F|  |TAMS 0x0000000087a00000, 0x0000000087a00000| Untracked 
|  65|0x0000000087b00000, 0x0000000087b00000, 0x0000000087c00000|  0%| F|  |TAMS 0x0000000087b00000, 0x0000000087b00000| Untracked 
|  66|0x0000000087c00000, 0x0000000087c00000, 0x0000000087d00000|  0%| F|  |TAMS 0x0000000087c00000, 0x0000000087c00000| Untracked 
|  67|0x0000000087d00000, 0x0000000087d00000, 0x0000000087e00000|  0%| F|  |TAMS 0x0000000087d00000, 0x0000000087d00000| Untracked 
|  68|0x0000000087e00000, 0x0000000087e00000, 0x0000000087f00000|  0%| F|  |TAMS 0x0000000087e00000, 0x0000000087e00000| Untracked 
|  69|0x0000000087f00000, 0x0000000087f00000, 0x0000000088000000|  0%| F|  |TAMS 0x0000000087f00000, 0x0000000087f00000| Untracked 
|  70|0x0000000088000000, 0x0000000088000000, 0x0000000088100000|  0%| F|  |TAMS 0x0000000088000000, 0x0000000088000000| Untracked 
|  71|0x0000000088100000, 0x0000000088100000, 0x0000000088200000|  0%| F|  |TAMS 0x0000000088100000, 0x0000000088100000| Untracked 
|  72|0x0000000088200000, 0x0000000088200000, 0x0000000088300000|  0%| F|  |TAMS 0x0000000088200000, 0x0000000088200000| Untracked 
|  73|0x0000000088300000, 0x0000000088300000, 0x0000000088400000|  0%| F|  |TAMS 0x0000000088300000, 0x0000000088300000| Untracked 
|  74|0x0000000088400000, 0x0000000088400000, 0x0000000088500000|  0%| F|  |TAMS 0x0000000088400000, 0x0000000088400000| Untracked 
|  75|0x0000000088500000, 0x0000000088500000, 0x0000000088600000|  0%| F|  |TAMS 0x0000000088500000, 0x0000000088500000| Untracked 
|  76|0x0000000088600000, 0x0000000088600000, 0x0000000088700000|  0%| F|  |TAMS 0x0000000088600000, 0x0000000088600000| Untracked 
|  77|0x0000000088700000, 0x0000000088700000, 0x0000000088800000|  0%| F|  |TAMS 0x0000000088700000, 0x0000000088700000| Untracked 
|  78|0x0000000088800000, 0x0000000088800000, 0x0000000088900000|  0%| F|  |TAMS 0x0000000088800000, 0x0000000088800000| Untracked 
|  79|0x0000000088900000, 0x0000000088900000, 0x0000000088a00000|  0%| F|  |TAMS 0x0000000088900000, 0x0000000088900000| Untracked 
|  80|0x0000000088a00000, 0x0000000088a00000, 0x0000000088b00000|  0%| F|  |TAMS 0x0000000088a00000, 0x0000000088a00000| Untracked 
|  81|0x0000000088b00000, 0x0000000088b00000, 0x0000000088c00000|  0%| F|  |TAMS 0x0000000088b00000, 0x0000000088b00000| Untracked 
|  82|0x0000000088c00000, 0x0000000088c00000, 0x0000000088d00000|  0%| F|  |TAMS 0x0000000088c00000, 0x0000000088c00000| Untracked 
|  83|0x0000000088d00000, 0x0000000088d00000, 0x0000000088e00000|  0%| F|  |TAMS 0x0000000088d00000, 0x0000000088d00000| Untracked 
|  84|0x0000000088e00000, 0x0000000088e00000, 0x0000000088f00000|  0%| F|  |TAMS 0x0000000088e00000, 0x0000000088e00000| Untracked 
|  85|0x0000000088f00000, 0x0000000088f9cdb0, 0x0000000089000000| 61%| S|CS|TAMS 0x0000000088f00000, 0x0000000088f00000| Complete 
|  86|0x0000000089000000, 0x0000000089000000, 0x0000000089100000|  0%| F|  |TAMS 0x0000000089000000, 0x0000000089000000| Untracked 
|  87|0x0000000089100000, 0x0000000089100000, 0x0000000089200000|  0%| F|  |TAMS 0x0000000089100000, 0x0000000089100000| Untracked 
|  88|0x0000000089200000, 0x000000008927d760, 0x0000000089300000| 49%| E|  |TAMS 0x0000000089200000, 0x0000000089200000| Complete 
|  89|0x0000000089300000, 0x0000000089400000, 0x0000000089400000|100%| E|CS|TAMS 0x0000000089300000, 0x0000000089300000| Complete 
|  90|0x0000000089400000, 0x0000000089500000, 0x0000000089500000|100%| S|CS|TAMS 0x0000000089400000, 0x0000000089400000| Complete 
|  91|0x0000000089500000, 0x0000000089600000, 0x0000000089600000|100%| S|CS|TAMS 0x0000000089500000, 0x0000000089500000| Complete 
|  92|0x0000000089600000, 0x0000000089700000, 0x0000000089700000|100%| S|CS|TAMS 0x0000000089600000, 0x0000000089600000| Complete 
|  93|0x0000000089700000, 0x0000000089800000, 0x0000000089800000|100%| S|CS|TAMS 0x0000000089700000, 0x0000000089700000| Complete 
|  94|0x0000000089800000, 0x0000000089900000, 0x0000000089900000|100%| S|CS|TAMS 0x0000000089800000, 0x0000000089800000| Complete 
|  95|0x0000000089900000, 0x0000000089a00000, 0x0000000089a00000|100%| S|CS|TAMS 0x0000000089900000, 0x0000000089900000| Complete 
|  96|0x0000000089a00000, 0x0000000089b00000, 0x0000000089b00000|100%| S|CS|TAMS 0x0000000089a00000, 0x0000000089a00000| Complete 
|  97|0x0000000089b00000, 0x0000000089c00000, 0x0000000089c00000|100%| E|CS|TAMS 0x0000000089b00000, 0x0000000089b00000| Complete 
|  98|0x0000000089c00000, 0x0000000089d00000, 0x0000000089d00000|100%| E|CS|TAMS 0x0000000089c00000, 0x0000000089c00000| Complete 
|  99|0x0000000089d00000, 0x0000000089e00000, 0x0000000089e00000|100%| E|CS|TAMS 0x0000000089d00000, 0x0000000089d00000| Complete 
| 100|0x0000000089e00000, 0x0000000089f00000, 0x0000000089f00000|100%| E|CS|TAMS 0x0000000089e00000, 0x0000000089e00000| Complete 
| 101|0x0000000089f00000, 0x000000008a000000, 0x000000008a000000|100%| E|CS|TAMS 0x0000000089f00000, 0x0000000089f00000| Complete 
| 102|0x000000008a000000, 0x000000008a100000, 0x000000008a100000|100%| E|CS|TAMS 0x000000008a000000, 0x000000008a000000| Complete 
| 103|0x000000008a100000, 0x000000008a200000, 0x000000008a200000|100%| E|CS|TAMS 0x000000008a100000, 0x000000008a100000| Complete 
| 104|0x000000008a200000, 0x000000008a300000, 0x000000008a300000|100%| E|CS|TAMS 0x000000008a200000, 0x000000008a200000| Complete 
| 105|0x000000008a300000, 0x000000008a400000, 0x000000008a400000|100%| E|CS|TAMS 0x000000008a300000, 0x000000008a300000| Complete 
| 106|0x000000008a400000, 0x000000008a500000, 0x000000008a500000|100%| E|CS|TAMS 0x000000008a400000, 0x000000008a400000| Complete 
| 107|0x000000008a500000, 0x000000008a600000, 0x000000008a600000|100%| E|CS|TAMS 0x000000008a500000, 0x000000008a500000| Complete 
| 108|0x000000008a600000, 0x000000008a700000, 0x000000008a700000|100%| E|CS|TAMS 0x000000008a600000, 0x000000008a600000| Complete 
| 109|0x000000008a700000, 0x000000008a800000, 0x000000008a800000|100%| E|CS|TAMS 0x000000008a700000, 0x000000008a700000| Complete 
| 110|0x000000008a800000, 0x000000008a900000, 0x000000008a900000|100%| E|CS|TAMS 0x000000008a800000, 0x000000008a800000| Complete 
| 111|0x000000008a900000, 0x000000008aa00000, 0x000000008aa00000|100%| E|CS|TAMS 0x000000008a900000, 0x000000008a900000| Complete 
| 112|0x000000008aa00000, 0x000000008ab00000, 0x000000008ab00000|100%| E|CS|TAMS 0x000000008aa00000, 0x000000008aa00000| Complete 
| 113|0x000000008ab00000, 0x000000008ac00000, 0x000000008ac00000|100%| E|CS|TAMS 0x000000008ab00000, 0x000000008ab00000| Complete 
| 114|0x000000008ac00000, 0x000000008ad00000, 0x000000008ad00000|100%| E|CS|TAMS 0x000000008ac00000, 0x000000008ac00000| Complete 
| 115|0x000000008ad00000, 0x000000008ae00000, 0x000000008ae00000|100%| E|CS|TAMS 0x000000008ad00000, 0x000000008ad00000| Complete 
| 116|0x000000008ae00000, 0x000000008af00000, 0x000000008af00000|100%| E|CS|TAMS 0x000000008ae00000, 0x000000008ae00000| Complete 
| 117|0x000000008af00000, 0x000000008b000000, 0x000000008b000000|100%| E|CS|TAMS 0x000000008af00000, 0x000000008af00000| Complete 
| 118|0x000000008b000000, 0x000000008b100000, 0x000000008b100000|100%| E|CS|TAMS 0x000000008b000000, 0x000000008b000000| Complete 
| 119|0x000000008b100000, 0x000000008b200000, 0x000000008b200000|100%| E|CS|TAMS 0x000000008b100000, 0x000000008b100000| Complete 
| 120|0x000000008b200000, 0x000000008b300000, 0x000000008b300000|100%| E|CS|TAMS 0x000000008b200000, 0x000000008b200000| Complete 
| 121|0x000000008b300000, 0x000000008b400000, 0x000000008b400000|100%| E|CS|TAMS 0x000000008b300000, 0x000000008b300000| Complete 
| 122|0x000000008b400000, 0x000000008b500000, 0x000000008b500000|100%| E|CS|TAMS 0x000000008b400000, 0x000000008b400000| Complete 
| 123|0x000000008b500000, 0x000000008b600000, 0x000000008b600000|100%| E|CS|TAMS 0x000000008b500000, 0x000000008b500000| Complete 
| 124|0x000000008b600000, 0x000000008b700000, 0x000000008b700000|100%| E|CS|TAMS 0x000000008b600000, 0x000000008b600000| Complete 
| 125|0x000000008b700000, 0x000000008b800000, 0x000000008b800000|100%| E|CS|TAMS 0x000000008b700000, 0x000000008b700000| Complete 

Card table byte_map: [0x000001717cd70000,0x000001717d160000] _byte_map_base: 0x000001717c953000

Marking Bits (Prev, Next): (CMBitMap*) 0x0000017165375e60, (CMBitMap*) 0x0000017165375e20
 Prev Bits: [0x0000017100000000, 0x0000017101f18000)
 Next Bits: [0x000001717d550000, 0x000001717f468000)

Polling page: 0x0000017163a50000

Metaspace:

Usage:
  Non-class:     19.07 MB used.
      Class:      2.98 MB used.
       Both:     22.05 MB used.

Virtual space:
  Non-class space:       64.00 MB reserved,      19.19 MB ( 30%) committed,  1 nodes.
      Class space:        1.00 GB reserved,       3.12 MB ( <1%) committed,  1 nodes.
             Both:        1.06 GB reserved,      22.31 MB (  2%) committed. 

Chunk freelists:
   Non-Class:  12.78 MB
       Class:  12.94 MB
        Both:  25.72 MB

MaxMetaspaceSize: unlimited
CompressedClassSpaceSize: 1.00 GB
Initial GC threshold: 21.00 MB
Current GC threshold: 35.12 MB
CDS: on
MetaspaceReclaimPolicy: balanced
 - commit_granule_bytes: 65536.
 - commit_granule_words: 8192.
 - virtual_space_node_default_size: 8388608.
 - enlarge_chunks_in_place: 1.
 - new_chunks_are_fully_committed: 0.
 - uncommit_free_chunks: 1.
 - use_allocation_guard: 0.
 - handle_deallocations: 1.


Internal statistics:

num_allocs_failed_limit: 3.
num_arena_births: 242.
num_arena_deaths: 0.
num_vsnodes_births: 2.
num_vsnodes_deaths: 0.
num_space_committed: 357.
num_space_uncommitted: 0.
num_chunks_returned_to_freelist: 3.
num_chunks_taken_from_freelist: 1000.
num_chunk_merges: 3.
num_chunk_splits: 704.
num_chunks_enlarged: 553.
num_inconsistent_stats: 0.

CodeHeap 'non-profiled nmethods': size=120000Kb used=2756Kb max_used=2756Kb free=117243Kb
 bounds [0x00000171749f0000, 0x0000017174cb0000, 0x000001717bf20000]
CodeHeap 'profiled nmethods': size=120000Kb used=10880Kb max_used=10880Kb free=109119Kb
 bounds [0x000001716cf20000, 0x000001716d9d0000, 0x0000017174450000]
CodeHeap 'non-nmethods': size=5760Kb used=1481Kb max_used=1565Kb free=4278Kb
 bounds [0x0000017174450000, 0x00000171746c0000, 0x00000171749f0000]
 total_blobs=6048 nmethods=5204 adapters=756
 compilation: enabled
              stopped_count=0, restarted_count=0
 full_count=0

Compilation events (20 events):
Event: 39.851 Thread 0x000001717fec6f20 nmethod 5198 0x000001716d9be610 code [0x000001716d9be880, 0x000001716d9bf138]
Event: 39.851 Thread 0x000001717fec6f20 5199       3       com.sun.javafx.sg.prism.NGNode::setParent (11 bytes)
Event: 39.851 Thread 0x000001717fec6f20 nmethod 5199 0x000001716d9bf390 code [0x000001716d9bf520, 0x000001716d9bf678]
Event: 39.851 Thread 0x000001717fec6f20 5194       3       javafx.scene.layout.Region::snapSize (14 bytes)
Event: 39.852 Thread 0x000001717fec6f20 nmethod 5194 0x000001716d9bf710 code [0x000001716d9bf8e0, 0x000001716d9bfb28]
Event: 39.855 Thread 0x000001717fec6f20 5201       3       com.sun.prism.impl.BaseGraphics::drawTexture (22 bytes)
Event: 39.855 Thread 0x000001717fec6f20 nmethod 5201 0x000001716d9bfc90 code [0x000001716d9bfe60, 0x000001716d9c0048]
Event: 39.982 Thread 0x000001717fea47e0 nmethod 5171 0x0000017174c92490 code [0x0000017174c92ac0, 0x0000017174c99a58]
Event: 39.982 Thread 0x000001717fea47e0 5174       4       javafx.collections.ListChangeBuilder::commit (516 bytes)
Event: 39.989 Thread 0x000001717fea47e0 nmethod 5174 0x0000017174c9d290 code [0x0000017174c9d460, 0x0000017174c9de18]
Event: 39.989 Thread 0x000001717fea47e0 5200       4       com.sun.prism.impl.BaseTexture::isSurfaceLost (16 bytes)
Event: 39.990 Thread 0x000001717fea47e0 nmethod 5200 0x0000017174c9e390 code [0x0000017174c9e520, 0x0000017174c9e618]
Event: 64.782 Thread 0x000001717fea47e0 5202       4       com.sun.javafx.tk.quantum.GlassViewEventHandler::mouseEventButton (60 bytes)
Event: 64.784 Thread 0x000001717fea47e0 nmethod 5202 0x0000017174c9e790 code [0x0000017174c9e900, 0x0000017174c9e998]
Event: 84.435 Thread 0x000001717fea47e0 5203       4       com.sun.javafx.tk.quantum.QuantumToolkit::postPulse (133 bytes)
Event: 84.501 Thread 0x000001717fea47e0 nmethod 5203 0x0000017174c9ea90 code [0x0000017174c9ecc0, 0x0000017174ca0070]
Event: 86.677 Thread 0x000001717fea47e0 5204       4       com.sun.javafx.tk.quantum.QuantumToolkit$$Lambda$92/0x00000171050330a8::run (8 bytes)
Event: 86.678 Thread 0x000001717fea47e0 nmethod 5204 0x0000017174ca0a10 code [0x0000017174ca0ba0, 0x0000017174ca0c98]
Event: 126.688 Thread 0x000001717fea47e0 5205       4       java.util.concurrent.ConcurrentHashMap$BaseIterator::hasNext (13 bytes)
Event: 126.688 Thread 0x000001717fea47e0 nmethod 5205 0x0000017174ca0d90 code [0x0000017174ca0f00, 0x0000017174ca0f98]

GC Heap History (6 events):
Event: 0.799 GC heap before
{Heap before GC invocations=0 (full 0):
 garbage-first heap   total 129024K, used 22528K [0x0000000083a00000, 0x0000000100000000)
  region size 1024K, 23 young (23552K), 0 survivors (0K)
 Metaspace       used 5958K, committed 6144K, reserved 1114112K
  class space    used 702K, committed 832K, reserved 1048576K
}
Event: 0.801 GC heap after
{Heap after GC invocations=1 (full 0):
 garbage-first heap   total 129024K, used 3104K [0x0000000083a00000, 0x0000000100000000)
  region size 1024K, 3 young (3072K), 3 survivors (3072K)
 Metaspace       used 5958K, committed 6144K, reserved 1114112K
  class space    used 702K, committed 832K, reserved 1048576K
}
Event: 3.108 GC heap before
{Heap before GC invocations=1 (full 0):
 garbage-first heap   total 129024K, used 43040K [0x0000000083a00000, 0x0000000100000000)
  region size 1024K, 36 young (36864K), 3 survivors (3072K)
 Metaspace       used 14469K, committed 14720K, reserved 1114112K
  class space    used 2142K, committed 2240K, reserved 1048576K
}
Event: 3.113 GC heap after
{Heap after GC invocations=2 (full 0):
 garbage-first heap   total 129024K, used 14443K [0x0000000083a00000, 0x0000000100000000)
  region size 1024K, 4 young (4096K), 4 survivors (4096K)
 Metaspace       used 14469K, committed 14720K, reserved 1114112K
  class space    used 2142K, committed 2240K, reserved 1048576K
}
Event: 16.486 GC heap before
{Heap before GC invocations=2 (full 0):
 garbage-first heap   total 129024K, used 65643K [0x0000000083a00000, 0x0000000100000000)
  region size 1024K, 33 young (33792K), 4 survivors (4096K)
 Metaspace       used 21288K, committed 21504K, reserved 1114112K
  class space    used 2935K, committed 3072K, reserved 1048576K
}
Event: 16.491 GC heap after
{Heap after GC invocations=3 (full 0):
 garbage-first heap   total 129024K, used 41694K [0x0000000083a00000, 0x0000000100000000)
  region size 1024K, 8 young (8192K), 8 survivors (8192K)
 Metaspace       used 21288K, committed 21504K, reserved 1114112K
  class space    used 2935K, committed 3072K, reserved 1048576K
}

Dll operation events (20 events):
Event: 0.433 Loaded shared library C:\Program Files\JavaFX\javafx-sdk-17.0.15\bin\api-ms-win-crt-multibyte-l1-1-0.dll
Event: 0.438 Loaded shared library C:\Program Files\JavaFX\javafx-sdk-17.0.15\bin\api-ms-win-crt-private-l1-1-0.dll
Event: 0.442 Loaded shared library C:\Program Files\JavaFX\javafx-sdk-17.0.15\bin\api-ms-win-crt-process-l1-1-0.dll
Event: 0.446 Loaded shared library C:\Program Files\JavaFX\javafx-sdk-17.0.15\bin\api-ms-win-crt-runtime-l1-1-0.dll
Event: 0.452 Loaded shared library C:\Program Files\JavaFX\javafx-sdk-17.0.15\bin\api-ms-win-crt-stdio-l1-1-0.dll
Event: 0.456 Loaded shared library C:\Program Files\JavaFX\javafx-sdk-17.0.15\bin\api-ms-win-crt-string-l1-1-0.dll
Event: 0.463 Loaded shared library C:\Program Files\JavaFX\javafx-sdk-17.0.15\bin\api-ms-win-crt-time-l1-1-0.dll
Event: 0.469 Loaded shared library C:\Program Files\JavaFX\javafx-sdk-17.0.15\bin\api-ms-win-crt-utility-l1-1-0.dll
Event: 0.478 Loaded shared library C:\Program Files\JavaFX\javafx-sdk-17.0.15\bin\ucrtbase.dll
Event: 0.483 Loaded shared library C:\Program Files\JavaFX\javafx-sdk-17.0.15\bin\vcruntime140.dll
Event: 0.488 Loaded shared library C:\Program Files\JavaFX\javafx-sdk-17.0.15\bin\vcruntime140_1.dll
Event: 0.495 Loaded shared library C:\Program Files\JavaFX\javafx-sdk-17.0.15\bin\msvcp140.dll
Event: 0.500 Loaded shared library C:\Program Files\JavaFX\javafx-sdk-17.0.15\bin\msvcp140_1.dll
Event: 0.505 Loaded shared library C:\Program Files\JavaFX\javafx-sdk-17.0.15\bin\msvcp140_2.dll
Event: 0.545 Loaded shared library C:\Program Files\JavaFX\javafx-sdk-17.0.15\bin\prism_d3d.dll
Event: 0.589 Loaded shared library C:\Program Files\JavaFX\javafx-sdk-17.0.15\bin\glass.dll
Event: 0.669 Loaded shared library C:\Users\jccas\.jdks\temurin-17.0.15\bin\jimage.dll
Event: 0.821 Loaded shared library C:\Program Files\JavaFX\javafx-sdk-17.0.15\bin\javafx_iio.dll
Event: 0.869 Loaded shared library C:\Program Files\JavaFX\javafx-sdk-17.0.15\bin\javafx_font.dll
Event: 12.314 Loaded shared library C:\Users\jccas\.jdks\temurin-17.0.15\bin\verify.dll

Deoptimization events (20 events):
Event: 33.720 Thread 0x0000017149d69760 Uncommon trap: trap_request=0xffffffbe fr.pc=0x0000017174c37328 relative=0x00000000000057e8
Event: 33.720 Thread 0x0000017149d69760 Uncommon trap: reason=profile_predicate action=maybe_recompile pc=0x0000017174c37328 method=javafx.scene.CssStyleHelper.transitionToState(Ljavafx/scene/Node;)V @ 291 c2
Event: 33.720 Thread 0x0000017149d69760 DEOPT PACKING pc=0x0000017174c37328 sp=0x0000001de89fb130
Event: 33.721 Thread 0x0000017149d69760 DEOPT UNPACKING pc=0x00000171744aa1a3 sp=0x0000001de89fb098 mode 2
Event: 33.721 Thread 0x0000017149d69760 Uncommon trap: trap_request=0xffffffbe fr.pc=0x0000017174c37328 relative=0x00000000000057e8
Event: 33.721 Thread 0x0000017149d69760 Uncommon trap: reason=profile_predicate action=maybe_recompile pc=0x0000017174c37328 method=javafx.scene.CssStyleHelper.transitionToState(Ljavafx/scene/Node;)V @ 291 c2
Event: 33.721 Thread 0x0000017149d69760 DEOPT PACKING pc=0x0000017174c37328 sp=0x0000001de89fb040
Event: 33.721 Thread 0x0000017149d69760 DEOPT UNPACKING pc=0x00000171744aa1a3 sp=0x0000001de89fafa8 mode 2
Event: 33.721 Thread 0x0000017149d69760 Uncommon trap: trap_request=0xffffffbe fr.pc=0x0000017174c37328 relative=0x00000000000057e8
Event: 33.721 Thread 0x0000017149d69760 Uncommon trap: reason=profile_predicate action=maybe_recompile pc=0x0000017174c37328 method=javafx.scene.CssStyleHelper.transitionToState(Ljavafx/scene/Node;)V @ 291 c2
Event: 33.721 Thread 0x0000017149d69760 DEOPT PACKING pc=0x0000017174c37328 sp=0x0000001de89fabe0
Event: 33.721 Thread 0x0000017149d69760 DEOPT UNPACKING pc=0x00000171744aa1a3 sp=0x0000001de89fab48 mode 2
Event: 33.721 Thread 0x0000017149d69760 Uncommon trap: trap_request=0xffffffbe fr.pc=0x0000017174c37328 relative=0x00000000000057e8
Event: 33.721 Thread 0x0000017149d69760 Uncommon trap: reason=profile_predicate action=maybe_recompile pc=0x0000017174c37328 method=javafx.scene.CssStyleHelper.transitionToState(Ljavafx/scene/Node;)V @ 291 c2
Event: 33.721 Thread 0x0000017149d69760 DEOPT PACKING pc=0x0000017174c37328 sp=0x0000001de89fac20
Event: 33.721 Thread 0x0000017149d69760 DEOPT UNPACKING pc=0x00000171744aa1a3 sp=0x0000001de89fab88 mode 2
Event: 38.974 Thread 0x0000017149a44020 Uncommon trap: trap_request=0xffffff6e fr.pc=0x0000017174c76334 relative=0x00000000000005b4
Event: 38.974 Thread 0x0000017149a44020 Uncommon trap: reason=loop_limit_check action=maybe_recompile pc=0x0000017174c76334 method=com.sun.javafx.image.impl.BaseByteToByteConverter$ByteAnyToSameConverter.doConvert([BII[BIIII)V @ 5 c2
Event: 38.974 Thread 0x0000017149a44020 DEOPT PACKING pc=0x0000017174c76334 sp=0x0000001de84fe180
Event: 38.974 Thread 0x0000017149a44020 DEOPT UNPACKING pc=0x00000171744aa1a3 sp=0x0000001de84fe118 mode 2

Classes loaded (20 events):
Event: 22.419 Loading class java/util/stream/ReferencePipeline$4
Event: 22.419 Loading class java/util/stream/ReferencePipeline$4 done
Event: 22.420 Loading class java/util/stream/ReferencePipeline$15
Event: 22.420 Loading class java/util/stream/ReferencePipeline$15 done
Event: 22.420 Loading class java/util/stream/ReferencePipeline$15$1
Event: 22.420 Loading class java/util/stream/ReferencePipeline$15$1 done
Event: 22.420 Loading class java/util/stream/ReferencePipeline$4$1
Event: 22.420 Loading class java/util/stream/ReferencePipeline$4$1 done
Event: 22.420 Loading class java/util/stream/IntPipeline$11
Event: 22.420 Loading class java/util/stream/IntPipeline$11 done
Event: 22.420 Loading class java/util/stream/ReduceOps$9
Event: 22.420 Loading class java/util/stream/ReduceOps$9 done
Event: 22.420 Loading class java/util/stream/ReduceOps$CountingSink$OfInt
Event: 22.420 Loading class java/util/stream/ReduceOps$CountingSink
Event: 22.420 Loading class java/util/stream/ReduceOps$CountingSink done
Event: 22.420 Loading class java/util/stream/ReduceOps$CountingSink$OfInt done
Event: 22.420 Loading class java/util/stream/IntPipeline$11$1
Event: 22.420 Loading class java/util/stream/IntPipeline$11$1 done
Event: 126.685 Loading class jdk/internal/misc/Signal$1
Event: 126.685 Loading class jdk/internal/misc/Signal$1 done

Classes unloaded (0 events):
No events

Classes redefined (0 events):
No events

Internal exceptions (20 events):
Event: 1.298 Thread 0x0000017149d69760 Exception <a 'java/lang/ClassNotFoundException'{0x000000008a1175c0}: com/sun/javafx/scene/control/skin/resources/controls> (0x000000008a1175c0) 
thrown [s\src\hotspot\share\prims\jni.cpp, line 535]
Event: 1.299 Thread 0x0000017149d69760 Exception <a 'java/lang/ClassNotFoundException'{0x000000008a125560}: com/sun/javafx/scene/control/skin/resources/controls_es> (0x000000008a125560) 
thrown [s\src\hotspot\share\prims\jni.cpp, line 535]
Event: 1.300 Thread 0x0000017149d69760 Exception <a 'java/lang/ClassNotFoundException'{0x000000008a1331c0}: com/sun/javafx/scene/control/skin/resources/controls_es_MX> (0x000000008a1331c0) 
thrown [s\src\hotspot\share\prims\jni.cpp, line 535]
Event: 1.324 Thread 0x0000017149d69760 Exception <a 'java/lang/NoSuchMethodError'{0x0000000089dece40}: 'void java.lang.invoke.DirectMethodHandle$Holder.invokeSpecial(java.lang.Object, java.lang.Object, java.lang.Object, java.lang.Object, java.lang.Object, java.lang.Object)'> (0x0000000089dece40) 
thrown [s\src\hotspot\share\interpreter\linkResolver.cpp, line 759]
Event: 1.382 Thread 0x0000017149d69760 Exception <a 'java/lang/NoSuchMethodError'{0x000000008999d590}: 'java.lang.Object java.lang.invoke.DirectMethodHandle$Holder.newInvokeSpecial(java.lang.Object, java.lang.Object, int)'> (0x000000008999d590) 
thrown [s\src\hotspot\share\interpreter\linkResolver.cpp, line 759]
Event: 1.405 Thread 0x0000017149a44020 Exception <a 'java/lang/NoSuchMethodError'{0x00000000898dd620}: 'int java.lang.invoke.DirectMethodHandle$Holder.invokeStaticInit(java.lang.Object, java.lang.Object)'> (0x00000000898dd620) 
thrown [s\src\hotspot\share\interpreter\linkResolver.cpp, line 759]
Event: 1.418 Thread 0x0000017149d69760 Exception <a 'java/lang/NoSuchMethodError'{0x00000000897255b8}: 'long java.lang.invoke.DirectMethodHandle$Holder.invokeStatic(java.lang.Object, java.lang.Object, java.lang.Object)'> (0x00000000897255b8) 
thrown [s\src\hotspot\share\interpreter\linkResolver.cpp, line 759]
Event: 1.418 Thread 0x0000017149d69760 Exception <a 'java/lang/NoSuchMethodError'{0x0000000089728d60}: 'long java.lang.invoke.DirectMethodHandle$Holder.invokeStaticInit(java.lang.Object, java.lang.Object, java.lang.Object)'> (0x0000000089728d60) 
thrown [s\src\hotspot\share\interpreter\linkResolver.cpp, line 759]
Event: 1.420 Thread 0x0000017149d69760 Exception <a 'java/lang/NoSuchMethodError'{0x00000000897408e8}: 'java.lang.Object java.lang.invoke.DirectMethodHandle$Holder.newInvokeSpecial(java.lang.Object, java.lang.Object, long)'> (0x00000000897408e8) 
thrown [s\src\hotspot\share\interpreter\linkResolver.cpp, line 759]
Event: 1.420 Thread 0x0000017149d69760 Exception <a 'java/lang/NoSuchMethodError'{0x0000000089744458}: 'java.lang.Object java.lang.invoke.Invokers$Holder.linkToTargetMethod(java.lang.Object, long, java.lang.Object)'> (0x0000000089744458) 
thrown [s\src\hotspot\share\interpreter\linkResolver.cpp, line 759]
Event: 1.428 Thread 0x0000017149a44020 Exception <a 'java/lang/NoSuchMethodError'{0x00000000897ff810}: 'java.lang.Object java.lang.invoke.DirectMethodHandle$Holder.invokeStaticInit(java.lang.Object, int)'> (0x00000000897ff810) 
thrown [s\src\hotspot\share\interpreter\linkResolver.cpp, line 759]
Event: 12.118 Thread 0x0000017149d69760 Exception <a 'java/lang/NoSuchMethodError'{0x000000008b3192d0}: 'java.lang.Object java.lang.invoke.DirectMethodHandle$Holder.invokeInterface(java.lang.Object, java.lang.Object)'> (0x000000008b3192d0) 
thrown [s\src\hotspot\share\interpreter\linkResolver.cpp, line 759]
Event: 12.131 Thread 0x0000017149d69760 Exception <a 'java/lang/NoSuchMethodError'{0x000000008b393070}: 'java.lang.Object java.lang.invoke.DirectMethodHandle$Holder.invokeVirtual(java.lang.Object, java.lang.Object, java.lang.Object)'> (0x000000008b393070) 
thrown [s\src\hotspot\share\interpreter\linkResolver.cpp, line 759]
Event: 12.790 Thread 0x0000017149d69760 Implicit null exception at 0x0000017174ae29d0 to 0x0000017174ae2a34
Event: 13.989 Thread 0x0000017149d69760 Exception <a 'java/lang/NoSuchMethodError'{0x000000008a6ab588}: 'void java.lang.invoke.DirectMethodHandle$Holder.invokeSpecialIFC(java.lang.Object, java.lang.Object, java.lang.Object, java.lang.Object)'> (0x000000008a6ab588) 
thrown [s\src\hotspot\share\interpreter\linkResolver.cpp, line 759]
Event: 14.016 Thread 0x0000017149d69760 Exception <a 'java/lang/NoSuchMethodError'{0x000000008a4e98b0}: 'int java.lang.invoke.DirectMethodHandle$Holder.invokeSpecial(java.lang.Object, java.lang.Object, int)'> (0x000000008a4e98b0) 
thrown [s\src\hotspot\share\interpreter\linkResolver.cpp, line 759]
Event: 15.126 Thread 0x0000017149d69760 Implicit null exception at 0x0000017174b4a669 to 0x0000017174b4a7a0
Event: 22.419 Thread 0x0000017149d69760 Exception <a 'java/lang/NoSuchMethodError'{0x000000008b2217c8}: 'int java.lang.invoke.DirectMethodHandle$Holder.invokeVirtual(java.lang.Object, java.lang.Object)'> (0x000000008b2217c8) 
thrown [s\src\hotspot\share\interpreter\linkResolver.cpp, line 759]
Event: 22.419 Thread 0x0000017149d69760 Exception <a 'java/lang/NoSuchMethodError'{0x000000008b229d50}: 'void java.lang.invoke.DirectMethodHandle$Holder.invokeVirtual(java.lang.Object, java.lang.Object, int)'> (0x000000008b229d50) 
thrown [s\src\hotspot\share\interpreter\linkResolver.cpp, line 759]
Event: 33.577 Thread 0x0000017149d69760 Implicit null exception at 0x0000017174bcc791 to 0x0000017174bce2cc

VM Operations (20 events):
Event: 31.250 Executing VM operation: Cleanup done
Event: 32.250 Executing VM operation: Cleanup
Event: 32.250 Executing VM operation: Cleanup done
Event: 33.251 Executing VM operation: Cleanup
Event: 33.251 Executing VM operation: Cleanup done
Event: 34.251 Executing VM operation: Cleanup
Event: 34.251 Executing VM operation: Cleanup done
Event: 35.251 Executing VM operation: Cleanup
Event: 35.252 Executing VM operation: Cleanup done
Event: 36.252 Executing VM operation: Cleanup
Event: 36.252 Executing VM operation: Cleanup done
Event: 37.252 Executing VM operation: Cleanup
Event: 37.252 Executing VM operation: Cleanup done
Event: 38.253 Executing VM operation: Cleanup
Event: 38.253 Executing VM operation: Cleanup done
Event: 40.253 Executing VM operation: Cleanup
Event: 40.253 Executing VM operation: Cleanup done
Event: 60.185 Executing VM operation: HandshakeAllThreads
Event: 60.185 Executing VM operation: HandshakeAllThreads done
Event: 126.689 Executing VM operation: Exit

Memory protections (0 events):
No events

Nmethod flushes (0 events):
No events

Events (20 events):
Event: 24.478 Thread 0x000001717fec6f20 Thread added: 0x00000171493e5bb0
Event: 25.112 Thread 0x00000171493e5bb0 Thread exited: 0x00000171493e5bb0
Event: 29.337 Thread 0x000001717fec6f20 Thread added: 0x000001715080f2e0
Event: 29.480 Thread 0x000001715080f2e0 Thread exited: 0x000001715080f2e0
Event: 30.076 Thread 0x000001717fec6f20 Thread added: 0x000001714abe6680
Event: 30.441 Thread 0x000001714abe6680 Thread exited: 0x000001714abe6680
Event: 31.036 Thread 0x000001717fec6f20 Thread added: 0x0000017149308010
Event: 31.287 Thread 0x0000017149308010 Thread exited: 0x0000017149308010
Event: 33.243 Thread 0x000001717fec6f20 Thread added: 0x0000017149308010
Event: 33.824 Thread 0x0000017149308010 Thread exited: 0x0000017149308010
Event: 34.274 Thread 0x000001717fec6f20 Thread added: 0x0000017149308010
Event: 34.537 Thread 0x0000017149308010 Thread exited: 0x0000017149308010
Event: 37.192 Thread 0x000001717fec6f20 Thread added: 0x0000017149308010
Event: 37.417 Thread 0x0000017149308010 Thread exited: 0x0000017149308010
Event: 126.686 Thread 0x000001717fe995d0 Thread added: 0x000001714a522870
Event: 126.686 Thread 0x000001714a522870 Thread added: 0x000001714a5241c0
Event: 126.687 Thread 0x000001714a522870 Thread added: 0x000001714a5246d0
Event: 126.687 Thread 0x000001714a5241c0 Thread exited: 0x000001714a5241c0
Event: 126.688 Thread 0x000001714a5246d0 Thread exited: 0x000001714a5246d0
Event: 126.688 Thread 0x000001714a522870 Before exit entered


Dynamic libraries:
0x00007ff64f1f0000 - 0x00007ff64f1fe000 	C:\Users\jccas\.jdks\temurin-17.0.15\bin\java.exe
0x00007ffde29a0000 - 0x00007ffde2c05000 	C:\WINDOWS\SYSTEM32\ntdll.dll
0x00007ffde1640000 - 0x00007ffde1709000 	C:\WINDOWS\System32\KERNEL32.DLL
0x00007ffddfbc0000 - 0x00007ffddffa8000 	C:\WINDOWS\System32\KERNELBASE.dll
0x00007ffde0060000 - 0x00007ffde01ab000 	C:\WINDOWS\System32\ucrtbase.dll
0x00007ffdc3280000 - 0x00007ffdc329e000 	C:\Users\jccas\.jdks\temurin-17.0.15\bin\VCRUNTIME140.dll
0x00007ffdc7450000 - 0x00007ffdc7467000 	C:\Users\jccas\.jdks\temurin-17.0.15\bin\jli.dll
0x00007ffde1300000 - 0x00007ffde14ca000 	C:\WINDOWS\System32\USER32.dll
0x00007ffddfb90000 - 0x00007ffddfbb7000 	C:\WINDOWS\System32\win32u.dll
0x00007ffde1fb0000 - 0x00007ffde1fdb000 	C:\WINDOWS\System32\GDI32.dll
0x00007ffdb95f0000 - 0x00007ffdb988a000 	C:\WINDOWS\WinSxS\amd64_microsoft.windows.common-controls_6595b64144ccf1df_6.0.26100.4202_none_3e0698d4e335f517\COMCTL32.dll
0x00007ffde0600000 - 0x00007ffde0737000 	C:\WINDOWS\System32\gdi32full.dll
0x00007ffde1d00000 - 0x00007ffde1da9000 	C:\WINDOWS\System32\msvcrt.dll
0x00007ffddffb0000 - 0x00007ffde0053000 	C:\WINDOWS\System32\msvcp_win.dll
0x00007ffde0ae0000 - 0x00007ffde0b10000 	C:\WINDOWS\System32\IMM32.DLL
0x00007ffdcf2f0000 - 0x00007ffdcf2fc000 	C:\Users\jccas\.jdks\temurin-17.0.15\bin\vcruntime140_1.dll
0x00007ffdac110000 - 0x00007ffdac19d000 	C:\Users\jccas\.jdks\temurin-17.0.15\bin\msvcp140.dll
0x00007ffd5f610000 - 0x00007ffd6027b000 	C:\Users\jccas\.jdks\temurin-17.0.15\bin\server\jvm.dll
0x00007ffde14d0000 - 0x00007ffde1583000 	C:\WINDOWS\System32\ADVAPI32.dll
0x00007ffde1590000 - 0x00007ffde1636000 	C:\WINDOWS\System32\sechost.dll
0x00007ffde1fe0000 - 0x00007ffde20f5000 	C:\WINDOWS\System32\RPCRT4.dll
0x00007ffde27f0000 - 0x00007ffde2864000 	C:\WINDOWS\System32\WS2_32.dll
0x00007ffdd4980000 - 0x00007ffdd49b5000 	C:\WINDOWS\SYSTEM32\WINMM.dll
0x00007ffddf940000 - 0x00007ffddf99e000 	C:\WINDOWS\SYSTEM32\POWRPROF.dll
0x00007ffdcf770000 - 0x00007ffdcf77b000 	C:\WINDOWS\SYSTEM32\VERSION.dll
0x00007ffddf920000 - 0x00007ffddf934000 	C:\WINDOWS\SYSTEM32\UMPDC.dll
0x00007ffdde890000 - 0x00007ffdde8ab000 	C:\WINDOWS\SYSTEM32\kernel.appcore.dll
0x00007ffdc97b0000 - 0x00007ffdc97ba000 	C:\Users\jccas\.jdks\temurin-17.0.15\bin\jimage.dll
0x00007ffddd210000 - 0x00007ffddd451000 	C:\WINDOWS\SYSTEM32\DBGHELP.DLL
0x00007ffde0740000 - 0x00007ffde0ac5000 	C:\WINDOWS\System32\combase.dll
0x00007ffde2870000 - 0x00007ffde2951000 	C:\WINDOWS\System32\OLEAUT32.dll
0x00007ffdbb030000 - 0x00007ffdbb069000 	C:\WINDOWS\SYSTEM32\dbgcore.DLL
0x00007ffddfaf0000 - 0x00007ffddfb89000 	C:\WINDOWS\System32\bcryptPrimitives.dll
0x00007ffdc3930000 - 0x00007ffdc393e000 	C:\Users\jccas\.jdks\temurin-17.0.15\bin\instrument.dll
0x00007ffdc2e60000 - 0x00007ffdc2e85000 	C:\Users\jccas\.jdks\temurin-17.0.15\bin\java.dll
0x00007ffd9d960000 - 0x00007ffd9da37000 	C:\Users\jccas\.jdks\temurin-17.0.15\bin\jsvml.dll
0x00007ffde0b40000 - 0x00007ffde1282000 	C:\WINDOWS\System32\SHELL32.dll
0x00007ffde0240000 - 0x00007ffde03b4000 	C:\WINDOWS\System32\wintypes.dll
0x00007ffddd720000 - 0x00007ffdddf78000 	C:\WINDOWS\SYSTEM32\windows.storage.dll
0x00007ffde1c00000 - 0x00007ffde1cf1000 	C:\WINDOWS\System32\SHCORE.dll
0x00007ffde1290000 - 0x00007ffde12fa000 	C:\WINDOWS\System32\shlwapi.dll
0x00007ffddfa00000 - 0x00007ffddfa2f000 	C:\WINDOWS\SYSTEM32\profapi.dll
0x00007ffdc2e40000 - 0x00007ffdc2e59000 	C:\Users\jccas\.jdks\temurin-17.0.15\bin\net.dll
0x00007ffdd47f0000 - 0x00007ffdd490e000 	C:\WINDOWS\SYSTEM32\WINHTTP.dll
0x00007ffddee20000 - 0x00007ffddee8a000 	C:\WINDOWS\system32\mswsock.dll
0x00007ffdbfe80000 - 0x00007ffdbfe96000 	C:\Users\jccas\.jdks\temurin-17.0.15\bin\nio.dll
0x00007ffdbfd20000 - 0x00007ffdbfd38000 	C:\Users\jccas\.jdks\temurin-17.0.15\bin\zip.dll
0x00007ffdbdec0000 - 0x00007ffdbdeda000 	C:\Program Files\JetBrains\IntelliJ IDEA 2024.2.0.2\bin\breakgen64.dll
0x00007ffdc33f0000 - 0x00007ffdc33f9000 	C:\Users\jccas\.jdks\temurin-17.0.15\bin\extnet.dll
0x0000017103f40000 - 0x0000017103f43000 	C:\Program Files\JavaFX\javafx-sdk-17.0.15\bin\api-ms-win-core-console-l1-1-0.dll
0x0000017103f50000 - 0x0000017103f53000 	C:\Program Files\JavaFX\javafx-sdk-17.0.15\bin\api-ms-win-core-console-l1-2-0.dll
0x0000017103f60000 - 0x0000017103f63000 	C:\Program Files\JavaFX\javafx-sdk-17.0.15\bin\api-ms-win-core-datetime-l1-1-0.dll
0x0000017103f70000 - 0x0000017103f73000 	C:\Program Files\JavaFX\javafx-sdk-17.0.15\bin\api-ms-win-core-debug-l1-1-0.dll
0x0000017103f80000 - 0x0000017103f83000 	C:\Program Files\JavaFX\javafx-sdk-17.0.15\bin\api-ms-win-core-errorhandling-l1-1-0.dll
0x0000017103f90000 - 0x0000017103f94000 	C:\Program Files\JavaFX\javafx-sdk-17.0.15\bin\api-ms-win-core-file-l1-1-0.dll
0x0000017103fa0000 - 0x0000017103fa3000 	C:\Program Files\JavaFX\javafx-sdk-17.0.15\bin\api-ms-win-core-file-l1-2-0.dll
0x0000017103fb0000 - 0x0000017103fb3000 	C:\Program Files\JavaFX\javafx-sdk-17.0.15\bin\api-ms-win-core-file-l2-1-0.dll
0x0000017103fc0000 - 0x0000017103fc3000 	C:\Program Files\JavaFX\javafx-sdk-17.0.15\bin\api-ms-win-core-handle-l1-1-0.dll
0x0000017103fd0000 - 0x0000017103fd3000 	C:\Program Files\JavaFX\javafx-sdk-17.0.15\bin\api-ms-win-core-heap-l1-1-0.dll
0x0000017103fe0000 - 0x0000017103fe3000 	C:\Program Files\JavaFX\javafx-sdk-17.0.15\bin\api-ms-win-core-interlocked-l1-1-0.dll
0x0000017103ff0000 - 0x0000017103ff3000 	C:\Program Files\JavaFX\javafx-sdk-17.0.15\bin\api-ms-win-core-libraryloader-l1-1-0.dll
0x000001714ad00000 - 0x000001714ad03000 	C:\Program Files\JavaFX\javafx-sdk-17.0.15\bin\api-ms-win-core-localization-l1-2-0.dll
0x000001714ad10000 - 0x000001714ad13000 	C:\Program Files\JavaFX\javafx-sdk-17.0.15\bin\api-ms-win-core-memory-l1-1-0.dll
0x000001714ad20000 - 0x000001714ad23000 	C:\Program Files\JavaFX\javafx-sdk-17.0.15\bin\api-ms-win-core-namedpipe-l1-1-0.dll
0x000001714ad30000 - 0x000001714ad33000 	C:\Program Files\JavaFX\javafx-sdk-17.0.15\bin\api-ms-win-core-processenvironment-l1-1-0.dll
0x000001714ad40000 - 0x000001714ad43000 	C:\Program Files\JavaFX\javafx-sdk-17.0.15\bin\api-ms-win-core-processthreads-l1-1-0.dll
0x000001714ae60000 - 0x000001714ae63000 	C:\Program Files\JavaFX\javafx-sdk-17.0.15\bin\api-ms-win-core-processthreads-l1-1-1.dll
0x000001714ae70000 - 0x000001714ae73000 	C:\Program Files\JavaFX\javafx-sdk-17.0.15\bin\api-ms-win-core-profile-l1-1-0.dll
0x000001714ad50000 - 0x000001714ad53000 	C:\Program Files\JavaFX\javafx-sdk-17.0.15\bin\api-ms-win-core-rtlsupport-l1-1-0.dll
0x000001714ad60000 - 0x000001714ad63000 	C:\Program Files\JavaFX\javafx-sdk-17.0.15\bin\api-ms-win-core-string-l1-1-0.dll
0x000001714ad70000 - 0x000001714ad73000 	C:\Program Files\JavaFX\javafx-sdk-17.0.15\bin\api-ms-win-core-synch-l1-1-0.dll
0x000001714ad80000 - 0x000001714ad83000 	C:\Program Files\JavaFX\javafx-sdk-17.0.15\bin\api-ms-win-core-synch-l1-2-0.dll
0x000001714ad90000 - 0x000001714ad93000 	C:\Program Files\JavaFX\javafx-sdk-17.0.15\bin\api-ms-win-core-sysinfo-l1-1-0.dll
0x000001714ada0000 - 0x000001714ada3000 	C:\Program Files\JavaFX\javafx-sdk-17.0.15\bin\api-ms-win-core-timezone-l1-1-0.dll
0x000001714adb0000 - 0x000001714adb3000 	C:\Program Files\JavaFX\javafx-sdk-17.0.15\bin\api-ms-win-core-util-l1-1-0.dll
0x000001714adc0000 - 0x000001714adc3000 	C:\Program Files\JavaFX\javafx-sdk-17.0.15\bin\api-ms-win-crt-conio-l1-1-0.dll
0x000001714add0000 - 0x000001714add4000 	C:\Program Files\JavaFX\javafx-sdk-17.0.15\bin\api-ms-win-crt-convert-l1-1-0.dll
0x000001714ade0000 - 0x000001714ade3000 	C:\Program Files\JavaFX\javafx-sdk-17.0.15\bin\api-ms-win-crt-environment-l1-1-0.dll
0x000001714adf0000 - 0x000001714adf3000 	C:\Program Files\JavaFX\javafx-sdk-17.0.15\bin\api-ms-win-crt-filesystem-l1-1-0.dll
0x000001714ae00000 - 0x000001714ae03000 	C:\Program Files\JavaFX\javafx-sdk-17.0.15\bin\api-ms-win-crt-heap-l1-1-0.dll
0x000001714ae10000 - 0x000001714ae13000 	C:\Program Files\JavaFX\javafx-sdk-17.0.15\bin\api-ms-win-crt-locale-l1-1-0.dll
0x000001714ae20000 - 0x000001714ae25000 	C:\Program Files\JavaFX\javafx-sdk-17.0.15\bin\api-ms-win-crt-math-l1-1-0.dll
0x000001714ae30000 - 0x000001714ae35000 	C:\Program Files\JavaFX\javafx-sdk-17.0.15\bin\api-ms-win-crt-multibyte-l1-1-0.dll
0x000001714ae40000 - 0x000001714ae50000 	C:\Program Files\JavaFX\javafx-sdk-17.0.15\bin\api-ms-win-crt-private-l1-1-0.dll
0x000001714ae50000 - 0x000001714ae53000 	C:\Program Files\JavaFX\javafx-sdk-17.0.15\bin\api-ms-win-crt-process-l1-1-0.dll
0x000001714ae80000 - 0x000001714ae84000 	C:\Program Files\JavaFX\javafx-sdk-17.0.15\bin\api-ms-win-crt-runtime-l1-1-0.dll
0x000001714ae90000 - 0x000001714ae94000 	C:\Program Files\JavaFX\javafx-sdk-17.0.15\bin\api-ms-win-crt-stdio-l1-1-0.dll
0x000001714aea0000 - 0x000001714aea4000 	C:\Program Files\JavaFX\javafx-sdk-17.0.15\bin\api-ms-win-crt-string-l1-1-0.dll
0x000001714aeb0000 - 0x000001714aeb3000 	C:\Program Files\JavaFX\javafx-sdk-17.0.15\bin\api-ms-win-crt-time-l1-1-0.dll
0x000001714aec0000 - 0x000001714aec3000 	C:\Program Files\JavaFX\javafx-sdk-17.0.15\bin\api-ms-win-crt-utility-l1-1-0.dll
0x00007ffd96080000 - 0x00007ffd9617c000 	C:\Program Files\JavaFX\javafx-sdk-17.0.15\bin\ucrtbase.dll
0x00007ffdbaab0000 - 0x00007ffdbaacb000 	C:\Program Files\JavaFX\javafx-sdk-17.0.15\bin\vcruntime140.dll
0x00007ffdc3390000 - 0x00007ffdc339c000 	C:\Program Files\JavaFX\javafx-sdk-17.0.15\bin\vcruntime140_1.dll
0x00007ffdac080000 - 0x00007ffdac10e000 	C:\Program Files\JavaFX\javafx-sdk-17.0.15\bin\msvcp140.dll
0x00007ffdc2e30000 - 0x00007ffdc2e39000 	C:\Program Files\JavaFX\javafx-sdk-17.0.15\bin\msvcp140_1.dll
0x00007ffdaaac0000 - 0x00007ffdaab01000 	C:\Program Files\JavaFX\javafx-sdk-17.0.15\bin\msvcp140_2.dll
0x00007ffdab290000 - 0x00007ffdab2ba000 	C:\Program Files\JavaFX\javafx-sdk-17.0.15\bin\prism_d3d.dll
0x00007ffda1c70000 - 0x00007ffda1e27000 	C:\WINDOWS\system32\d3d9.dll
0x00007ffddca30000 - 0x00007ffddca66000 	C:\WINDOWS\SYSTEM32\dwmapi.dll
0x00007ffddc9c0000 - 0x00007ffddca0d000 	C:\WINDOWS\SYSTEM32\dxcore.dll
0x00007ffddc6e0000 - 0x00007ffddc78f000 	C:\WINDOWS\system32\uxtheme.dll
0x00007ffd61920000 - 0x00007ffd61b58000 	C:\WINDOWS\System32\DriverStore\FileRepository\iigd_dch.inf_amd64_0fdf6ce291234272\igdumdim64.dll
0x00007ffde2100000 - 0x00007ffde229e000 	C:\WINDOWS\System32\ole32.dll
0x00007ffd29b30000 - 0x00007ffd2aea0000 	C:\WINDOWS\System32\DriverStore\FileRepository\iigd_dch.inf_amd64_0fdf6ce291234272\igd9dxva64.dll
0x00007ffde22e0000 - 0x00007ffde2766000 	C:\WINDOWS\System32\SETUPAPI.dll
0x00007ffddf660000 - 0x00007ffddf6b7000 	C:\WINDOWS\SYSTEM32\cfgmgr32.dll
0x00007ffd838e0000 - 0x00007ffd85601000 	C:\WINDOWS\System32\DriverStore\FileRepository\iigd_dch.inf_amd64_0fdf6ce291234272\media_bin_64.dll
0x00007ffdd3bb0000 - 0x00007ffdd3fe8000 	C:\WINDOWS\System32\DriverStore\FileRepository\iigd_dch.inf_amd64_0fdf6ce291234272\igdgmm64.dll
0x00007ffddc810000 - 0x00007ffddc871000 	C:\WINDOWS\SYSTEM32\directxdatabasehelper.dll
0x00007ffda8c00000 - 0x00007ffda8c42000 	C:\Program Files\JavaFX\javafx-sdk-17.0.15\bin\glass.dll
0x00007ffde1710000 - 0x00007ffde1806000 	C:\WINDOWS\System32\COMDLG32.dll
0x00007ffde1e40000 - 0x00007ffde1fa0000 	C:\WINDOWS\System32\MSCTF.dll
0x00007ffd87fe0000 - 0x00007ffd88007000 	C:\WINDOWS\System32\DriverStore\FileRepository\iigd_dch.inf_amd64_0fdf6ce291234272\igdinfo64.dll
0x00007ffdcfd00000 - 0x00007ffdd3bad000 	C:\WINDOWS\System32\DriverStore\FileRepository\iigd_dch.inf_amd64_0fdf6ce291234272\igc64.dll
0x00007ffdaa470000 - 0x00007ffdaa49d000 	C:\Program Files\JavaFX\javafx-sdk-17.0.15\bin\javafx_iio.dll
0x00007ffdba060000 - 0x00007ffdba075000 	C:\Program Files\JavaFX\javafx-sdk-17.0.15\bin\javafx_font.dll
0x00007ffddaf50000 - 0x00007ffddb1bb000 	C:\WINDOWS\SYSTEM32\dwrite.dll
0x00007ffde1860000 - 0x00007ffde1908000 	C:\WINDOWS\System32\clbcatq.dll
0x00007ffddacd0000 - 0x00007ffddaf09000 	C:\WINDOWS\SYSTEM32\WindowsCodecs.dll
0x00007ffdaa4f0000 - 0x00007ffdaa54a000 	C:\WINDOWS\system32\dataexchange.dll
0x00007ffdcdbe0000 - 0x00007ffdcde1a000 	C:\WINDOWS\system32\twinapi.appcore.dll
0x00007ffd8f100000 - 0x00007ffd8f12c000 	C:\Program Files\Common Files\Microsoft Shared\Ink\rtscom.dll
0x00007ffdc75b0000 - 0x00007ffdc7700000 	C:\WINDOWS\SYSTEM32\textinputframework.dll
0x00007ffddc1f0000 - 0x00007ffddc315000 	C:\WINDOWS\SYSTEM32\CoreMessaging.dll
0x00007ffdd71b0000 - 0x00007ffdd7493000 	C:\WINDOWS\SYSTEM32\CoreUIComponents.dll
0x00007ffddf0f0000 - 0x00007ffddf0fc000 	C:\WINDOWS\SYSTEM32\CRYPTBASE.DLL
0x00007ffdde370000 - 0x00007ffdde497000 	C:\WINDOWS\SYSTEM32\DNSAPI.dll
0x00007ffdde2d0000 - 0x00007ffdde303000 	C:\WINDOWS\SYSTEM32\IPHLPAPI.DLL

dbghelp: loaded successfully - version: 4.0.5 - missing functions: none
symbol engine: initialized successfully - sym options: 0x614 - pdb path: .;C:\Users\jccas\.jdks\temurin-17.0.15\bin;C:\WINDOWS\SYSTEM32;C:\WINDOWS\WinSxS\amd64_microsoft.windows.common-controls_6595b64144ccf1df_6.0.26100.4202_none_3e0698d4e335f517;C:\Users\jccas\.jdks\temurin-17.0.15\bin\server;C:\Program Files\JetBrains\IntelliJ IDEA 2024.2.0.2\bin;C:\Program Files\JavaFX\javafx-sdk-17.0.15\bin;C:\WINDOWS\System32\DriverStore\FileRepository\iigd_dch.inf_amd64_0fdf6ce291234272;C:\Program Files\Common Files\Microsoft Shared\Ink

VM Arguments:
jvm_args: --module-path=C:\Program Files\JavaFX\javafx-sdk-17.0.15\lib --add-modules=javafx.controls,javafx.fxml,javafx.graphics,javafx.base -javaagent:C:\Program Files\JetBrains\IntelliJ IDEA 2024.2.0.2\lib\idea_rt.jar=60589:C:\Program Files\JetBrains\IntelliJ IDEA 2024.2.0.2\bin -Dfile.encoding=UTF-8 
java_command: professionalpractice.ProfessionalPractices
java_class_path (initial): C:\TrabajosProgramacion\PC\ProyectoModificado\Professional-Practices-software\out\production\Professional-Practices-software;C:\TrabajosProgramacion\PC\ProyectoModificado\Professional-Practices-software\dependencies\jbcrypt-0.4.jar;C:\TrabajosProgramacion\PC\ProyectoModificado\Professional-Practices-software\dependencies\mysql-connector-java-8.0.20.jar;C:\Program Files\JavaFX\javafx-sdk-17.0.15\lib\javafx-swt.jar;C:\Program Files\JavaFX\javafx-sdk-17.0.15\lib\javafx.web.jar;C:\Program Files\JavaFX\javafx-sdk-17.0.15\lib\javafx.base.jar;C:\Program Files\JavaFX\javafx-sdk-17.0.15\lib\javafx.fxml.jar;C:\Program Files\JavaFX\javafx-sdk-17.0.15\lib\javafx.media.jar;C:\Program Files\JavaFX\javafx-sdk-17.0.15\lib\javafx.swing.jar;C:\Program Files\JavaFX\javafx-sdk-17.0.15\lib\javafx.controls.jar;C:\Program Files\JavaFX\javafx-sdk-17.0.15\lib\javafx.graphics.jar
Launcher Type: SUN_STANDARD

[Global flags]
     intx CICompilerCount                          = 4                                         {product} {ergonomic}
     uint ConcGCThreads                            = 2                                         {product} {ergonomic}
     uint G1ConcRefinementThreads                  = 8                                         {product} {ergonomic}
   size_t G1HeapRegionSize                         = 1048576                                   {product} {ergonomic}
    uintx GCDrainStackTargetSize                   = 64                                        {product} {ergonomic}
   size_t InitialHeapSize                          = 132120576                                 {product} {ergonomic}
   size_t MarkStackSize                            = 4194304                                   {product} {ergonomic}
   size_t MaxHeapSize                              = 2086666240                                {product} {ergonomic}
   size_t MaxNewSize                               = 1251999744                                {product} {ergonomic}
   size_t MinHeapDeltaBytes                        = 1048576                                   {product} {ergonomic}
   size_t MinHeapSize                              = 8388608                                   {product} {ergonomic}
    uintx NonNMethodCodeHeapSize                   = 5839372                                {pd product} {ergonomic}
    uintx NonProfiledCodeHeapSize                  = 122909434                              {pd product} {ergonomic}
    uintx ProfiledCodeHeapSize                     = 122909434                              {pd product} {ergonomic}
    uintx ReservedCodeCacheSize                    = 251658240                              {pd product} {ergonomic}
     bool SegmentedCodeCache                       = true                                      {product} {ergonomic}
   size_t SoftMaxHeapSize                          = 2086666240                             {manageable} {ergonomic}
     bool UseCompressedClassPointers               = true                           {product lp64_product} {ergonomic}
     bool UseCompressedOops                        = true                           {product lp64_product} {ergonomic}
     bool UseG1GC                                  = true                                      {product} {ergonomic}
     bool UseLargePagesIndividualAllocation        = false                                  {pd product} {ergonomic}

Logging:
Log output configuration:
 #0: stdout all=off uptime,level,tags
 #1: stderr all=off uptime,level,tags

Environment Variables:
PATH=C:\Program Files\Eclipse Adoptium\jdk-21.0.7.6-hotspot\bin;C:\Program Files\MySQL\MySQL Server 8.0\bin;C:\Program Files (x86)\Common Files\Oracle\Java\java8path;C:\Program Files\Common Files\Oracle\Java\javapath;C:\Program Files (x86)\Common Files\Oracle\Java\javapath;C:\WINDOWS\system32;C:\WINDOWS;C:\WINDOWS\System32\Wbem;C:\WINDOWS\System32\WindowsPowerShell\v1.0\;C:\WINDOWS\System32\OpenSSH\;C:\Program Files (x86)\Common Files\i2 Shared\Geotrans\;C:\Program Files (x86)\Common Files\i2 Shared\i2 Online iLink 8\Components\;C:\Program Files\HP\HP One Agent;C:\Users\jccas\AppData\Local\Programs\Python\Python313;C:\WINDOWS\system32;C:\WINDOWS;C:\WINDOWS\System32\Wbem;C:\WINDOWS\System32\WindowsPowerShell\v1.0\;C:\WINDOWS\System32\OpenSSH\;C:\Program Files\dotnet\;C:\Program Files\Git\cmd;C:\Program Files\MySQL\MySQL Server 8.0\bin;C:\Users\jccas\AppData\Local\Programs\Python\Launcher\;C:\xampp\htdocs\UAI\vistas\index.ine_nacional.vista.php;C:\Users\jccas\AppData\Local\Microsoft\WindowsApps;C:\Users\jccas\AppData\Local\JetBrains\Toolbox\scripts;C:\Users\jccas\AppData\Local\Programs\Microsoft VS Code\bin;C:\Users\jccas\.dotnet\tools;
USERNAME=jccas
OS=Windows_NT
PROCESSOR_IDENTIFIER=Intel64 Family 6 Model 140 Stepping 1, GenuineIntel
TMP=C:\Users\jccas\AppData\Local\Temp
TEMP=C:\Users\jccas\AppData\Local\Temp



Periodic native trim disabled


---------------  S Y S T E M  ---------------

OS:
 Windows 11 , 64 bit Build 26100 (10.0.26100.4202)
OS uptime: 6 days 5:33 hours
Hyper-V role detected

CPU: total 8 (initial active 8) (4 cores per cpu, 2 threads per core) family 6 model 140 stepping 1 microcode 0x86, cx8, cmov, fxsr, ht, mmx, 3dnowpref, sse, sse2, sse3, ssse3, sse4.1, sse4.2, popcnt, lzcnt, tsc, tscinvbit, avx, avx2, aes, erms, clmul, bmi1, bmi2, adx, avx512f, avx512dq, avx512cd, avx512bw, avx512vl, sha, fma, vzeroupper, avx512_vpopcntdq, avx512_vpclmulqdq, avx512_vaes, avx512_vnni, clflush, clflushopt, clwb, avx512_vbmi2, avx512_vbmi, hv
Processor Information for all 8 processors :
  Max Mhz: 2419, Current Mhz: 2419, Mhz Limit: 2419

Memory: 4k page, system-wide physical 7957M (598M free)
TotalPageFile size 17867M (AvailPageFile size 1451M)
current process WorkingSet (physical memory assigned to process): 287M, peak: 325M
current process commit charge ("private bytes"): 379M, peak: 418M

vm_info: OpenJDK 64-Bit Server VM (17.0.15+6) for windows-amd64 JRE (17.0.15+6), built on Apr 15 2025 21:25:47 by "admin" with MS VC++ 17.7 (VS2022)

END.
